<?xml version="1.0" encoding="UTF-8"?>
<testsuite xmlns:xsi="http://www.w3.org/2001/XMLSchema-instance" xsi:noNamespaceSchemaLocation="https://maven.apache.org/surefire/maven-surefire-plugin/xsd/surefire-test-report-3.0.xsd" version="3.0" name="spoon.test.position.PositionTest" time="1.614" tests="44" errors="0" skipped="0" failures="0">
  <properties>
    <property name="awt.toolkit" value="sun.awt.X11.XToolkit"/>
    <property name="file.encoding.pkg" value="sun.io"/>
    <property name="java.specification.version" value="1.8"/>
    <property name="sun.cpu.isalist" value=""/>
    <property name="sun.jnu.encoding" value="UTF-8"/>
    <property name="java.class.path" value="/home/travis/.m2/repository/org/apache/maven/surefire/surefire-booter/3.0.0-M5/surefire-booter-3.0.0-M5.jar:/home/travis/.m2/repository/org/apache/maven/surefire/surefire-api/3.0.0-M5/surefire-api-3.0.0-M5.jar:/home/travis/.m2/repository/org/apache/maven/surefire/surefire-logger-api/3.0.0-M5/surefire-logger-api-3.0.0-M5.jar:/home/travis/.m2/repository/org/apache/maven/surefire/surefire-shared-utils/3.0.0-M4/surefire-shared-utils-3.0.0-M4.jar:/home/travis/.m2/repository/org/apache/maven/surefire/surefire-extensions-spi/3.0.0-M5/surefire-extensions-spi-3.0.0-M5.jar:/home/travis/build/SpoonLabs/spoon-ci-external/spoon/target/test-classes:/home/travis/build/SpoonLabs/spoon-ci-external/spoon/target/classes:/home/travis/.m2/repository/org/eclipse/jdt/org.eclipse.jdt.core/3.20.0/org.eclipse.jdt.core-3.20.0.jar:/home/travis/.m2/repository/com/martiansoftware/jsap/2.1/jsap-2.1.jar:/home/travis/.m2/repository/org/apache/logging/log4j/log4j-api/2.13.3/log4j-api-2.13.3.jar:/home/travis/.m2/repository/org/apache/logging/log4j/log4j-to-slf4j/2.13.3/log4j-to-slf4j-2.13.3.jar:/home/travis/.m2/repository/org/slf4j/slf4j-api/1.7.25/slf4j-api-1.7.25.jar:/home/travis/.m2/repository/commons-io/commons-io/2.7/commons-io-2.7.jar:/home/travis/.m2/repository/org/apache/maven/maven-model/3.6.3/maven-model-3.6.3.jar:/home/travis/.m2/repository/org/codehaus/plexus/plexus-utils/3.2.1/plexus-utils-3.2.1.jar:/home/travis/.m2/repository/org/apache/commons/commons-lang3/3.11/commons-lang3-3.11.jar:/home/travis/.m2/repository/org/tukaani/xz/1.8/xz-1.8.jar:/home/travis/.m2/repository/com/fasterxml/jackson/core/jackson-databind/2.11.2/jackson-databind-2.11.2.jar:/home/travis/.m2/repository/com/fasterxml/jackson/core/jackson-annotations/2.11.2/jackson-annotations-2.11.2.jar:/home/travis/.m2/repository/com/fasterxml/jackson/core/jackson-core/2.11.2/jackson-core-2.11.2.jar:/home/travis/.m2/repository/org/apache/commons/commons-compress/1.20/commons-compress-1.20.jar:/home/travis/.m2/repository/com/google/guava/guava/29.0-jre/guava-29.0-jre.jar:/home/travis/.m2/repository/com/google/guava/failureaccess/1.0.1/failureaccess-1.0.1.jar:/home/travis/.m2/repository/com/google/guava/listenablefuture/9999.0-empty-to-avoid-conflict-with-guava/listenablefuture-9999.0-empty-to-avoid-conflict-with-guava.jar:/home/travis/.m2/repository/com/google/code/findbugs/jsr305/3.0.2/jsr305-3.0.2.jar:/home/travis/.m2/repository/org/checkerframework/checker-qual/2.11.1/checker-qual-2.11.1.jar:/home/travis/.m2/repository/com/google/errorprone/error_prone_annotations/2.3.4/error_prone_annotations-2.3.4.jar:/home/travis/.m2/repository/com/google/j2objc/j2objc-annotations/1.3/j2objc-annotations-1.3.jar:/home/travis/.m2/repository/ch/qos/logback/logback-classic/1.2.3/logback-classic-1.2.3.jar:/home/travis/.m2/repository/ch/qos/logback/logback-core/1.2.3/logback-core-1.2.3.jar:/home/travis/.m2/repository/com/mysema/querydsl/querydsl-core/3.6.9/querydsl-core-3.6.9.jar:/home/travis/.m2/repository/org/apache/maven/shared/maven-invoker/3.0.1/maven-invoker-3.0.1.jar:/home/travis/.m2/repository/org/apache/maven/shared/maven-shared-utils/3.2.1/maven-shared-utils-3.2.1.jar:/home/travis/.m2/repository/org/codehaus/plexus/plexus-component-annotations/1.7.1/plexus-component-annotations-1.7.1.jar:/home/travis/.m2/repository/javax/validation/validation-api/2.0.1.Final/validation-api-2.0.1.Final.jar:/home/travis/.m2/repository/com/google/code/gson/gson/2.8.6/gson-2.8.6.jar:/home/travis/.m2/repository/org/junit/vintage/junit-vintage-engine/5.6.2/junit-vintage-engine-5.6.2.jar:/home/travis/.m2/repository/org/apiguardian/apiguardian-api/1.1.0/apiguardian-api-1.1.0.jar:/home/travis/.m2/repository/org/junit/platform/junit-platform-engine/1.6.2/junit-platform-engine-1.6.2.jar:/home/travis/.m2/repository/org/opentest4j/opentest4j/1.2.0/opentest4j-1.2.0.jar:/home/travis/.m2/repository/org/junit/platform/junit-platform-commons/1.6.2/junit-platform-commons-1.6.2.jar:/home/travis/.m2/repository/junit/junit/4.13/junit-4.13.jar:/home/travis/.m2/repository/org/hamcrest/hamcrest-core/1.3/hamcrest-core-1.3.jar:/home/travis/.m2/repository/org/mockito/mockito-core/3.5.10/mockito-core-3.5.10.jar:/home/travis/.m2/repository/net/bytebuddy/byte-buddy/1.10.13/byte-buddy-1.10.13.jar:/home/travis/.m2/repository/net/bytebuddy/byte-buddy-agent/1.10.13/byte-buddy-agent-1.10.13.jar:/home/travis/.m2/repository/org/objenesis/objenesis/3.1/objenesis-3.1.jar:/home/travis/.m2/repository/org/junit/jupiter/junit-jupiter-engine/5.6.2/junit-jupiter-engine-5.6.2.jar:/home/travis/.m2/repository/org/junit/jupiter/junit-jupiter-api/5.6.2/junit-jupiter-api-5.6.2.jar:/home/travis/.m2/repository/com/github/stefanbirkner/system-rules/1.19.0/system-rules-1.19.0.jar:/home/travis/.m2/repository/org/apache/maven/surefire/surefire-junit-platform/3.0.0-M5/surefire-junit-platform-3.0.0-M5.jar:/home/travis/.m2/repository/org/apache/maven/surefire/common-java5/3.0.0-M5/common-java5-3.0.0-M5.jar:/home/travis/.m2/repository/org/junit/platform/junit-platform-launcher/1.6.2/junit-platform-launcher-1.6.2.jar"/>
    <property name="java.vm.vendor" value="Private Build"/>
    <property name="jdt.compiler.useSingleThread" value="true"/>
    <property name="sun.arch.data.model" value="64"/>
    <property name="sun.font.fontmanager" value="sun.awt.X11FontManager"/>
    <property name="java.vendor.url" value="http://java.oracle.com/"/>
    <property name="user.timezone" value="UTC"/>
    <property name="java.vm.specification.version" value="1.8"/>
    <property name="os.name" value="Linux"/>
    <property name="spoon.log.path" value="${java.io.tmpdir}/spoon-log.log"/>
    <property name="user.country" value="US"/>
    <property name="sun.java.launcher" value="SUN_STANDARD"/>
    <property name="sun.boot.library.path" value="/usr/lib/jvm/java-8-openjdk-amd64/jre/lib/amd64"/>
    <property name="sun.java.command" value="org.apache.maven.surefire.booter.ForkedBooter /home/travis/build/SpoonLabs/spoon-ci-external/spoon/target/surefire 2020-09-09T18-37-33_786-jvmRun1 surefire96224236331760168tmp surefire_09125821673009192232tmp"/>
    <property name="surefire.test.class.path" value="/home/travis/build/SpoonLabs/spoon-ci-external/spoon/target/test-classes:/home/travis/build/SpoonLabs/spoon-ci-external/spoon/target/classes:/home/travis/.m2/repository/org/eclipse/jdt/org.eclipse.jdt.core/3.20.0/org.eclipse.jdt.core-3.20.0.jar:/home/travis/.m2/repository/com/martiansoftware/jsap/2.1/jsap-2.1.jar:/home/travis/.m2/repository/org/apache/logging/log4j/log4j-api/2.13.3/log4j-api-2.13.3.jar:/home/travis/.m2/repository/org/apache/logging/log4j/log4j-to-slf4j/2.13.3/log4j-to-slf4j-2.13.3.jar:/home/travis/.m2/repository/org/slf4j/slf4j-api/1.7.25/slf4j-api-1.7.25.jar:/home/travis/.m2/repository/commons-io/commons-io/2.7/commons-io-2.7.jar:/home/travis/.m2/repository/org/apache/maven/maven-model/3.6.3/maven-model-3.6.3.jar:/home/travis/.m2/repository/org/codehaus/plexus/plexus-utils/3.2.1/plexus-utils-3.2.1.jar:/home/travis/.m2/repository/org/apache/commons/commons-lang3/3.11/commons-lang3-3.11.jar:/home/travis/.m2/repository/org/tukaani/xz/1.8/xz-1.8.jar:/home/travis/.m2/repository/com/fasterxml/jackson/core/jackson-databind/2.11.2/jackson-databind-2.11.2.jar:/home/travis/.m2/repository/com/fasterxml/jackson/core/jackson-annotations/2.11.2/jackson-annotations-2.11.2.jar:/home/travis/.m2/repository/com/fasterxml/jackson/core/jackson-core/2.11.2/jackson-core-2.11.2.jar:/home/travis/.m2/repository/org/apache/commons/commons-compress/1.20/commons-compress-1.20.jar:/home/travis/.m2/repository/com/google/guava/guava/29.0-jre/guava-29.0-jre.jar:/home/travis/.m2/repository/com/google/guava/failureaccess/1.0.1/failureaccess-1.0.1.jar:/home/travis/.m2/repository/com/google/guava/listenablefuture/9999.0-empty-to-avoid-conflict-with-guava/listenablefuture-9999.0-empty-to-avoid-conflict-with-guava.jar:/home/travis/.m2/repository/com/google/code/findbugs/jsr305/3.0.2/jsr305-3.0.2.jar:/home/travis/.m2/repository/org/checkerframework/checker-qual/2.11.1/checker-qual-2.11.1.jar:/home/travis/.m2/repository/com/google/errorprone/error_prone_annotations/2.3.4/error_prone_annotations-2.3.4.jar:/home/travis/.m2/repository/com/google/j2objc/j2objc-annotations/1.3/j2objc-annotations-1.3.jar:/home/travis/.m2/repository/ch/qos/logback/logback-classic/1.2.3/logback-classic-1.2.3.jar:/home/travis/.m2/repository/ch/qos/logback/logback-core/1.2.3/logback-core-1.2.3.jar:/home/travis/.m2/repository/com/mysema/querydsl/querydsl-core/3.6.9/querydsl-core-3.6.9.jar:/home/travis/.m2/repository/org/apache/maven/shared/maven-invoker/3.0.1/maven-invoker-3.0.1.jar:/home/travis/.m2/repository/org/apache/maven/shared/maven-shared-utils/3.2.1/maven-shared-utils-3.2.1.jar:/home/travis/.m2/repository/org/codehaus/plexus/plexus-component-annotations/1.7.1/plexus-component-annotations-1.7.1.jar:/home/travis/.m2/repository/javax/validation/validation-api/2.0.1.Final/validation-api-2.0.1.Final.jar:/home/travis/.m2/repository/com/google/code/gson/gson/2.8.6/gson-2.8.6.jar:/home/travis/.m2/repository/org/junit/vintage/junit-vintage-engine/5.6.2/junit-vintage-engine-5.6.2.jar:/home/travis/.m2/repository/org/apiguardian/apiguardian-api/1.1.0/apiguardian-api-1.1.0.jar:/home/travis/.m2/repository/org/junit/platform/junit-platform-engine/1.6.2/junit-platform-engine-1.6.2.jar:/home/travis/.m2/repository/org/opentest4j/opentest4j/1.2.0/opentest4j-1.2.0.jar:/home/travis/.m2/repository/org/junit/platform/junit-platform-commons/1.6.2/junit-platform-commons-1.6.2.jar:/home/travis/.m2/repository/junit/junit/4.13/junit-4.13.jar:/home/travis/.m2/repository/org/hamcrest/hamcrest-core/1.3/hamcrest-core-1.3.jar:/home/travis/.m2/repository/org/mockito/mockito-core/3.5.10/mockito-core-3.5.10.jar:/home/travis/.m2/repository/net/bytebuddy/byte-buddy/1.10.13/byte-buddy-1.10.13.jar:/home/travis/.m2/repository/net/bytebuddy/byte-buddy-agent/1.10.13/byte-buddy-agent-1.10.13.jar:/home/travis/.m2/repository/org/objenesis/objenesis/3.1/objenesis-3.1.jar:/home/travis/.m2/repository/org/junit/jupiter/junit-jupiter-engine/5.6.2/junit-jupiter-engine-5.6.2.jar:/home/travis/.m2/repository/org/junit/jupiter/junit-jupiter-api/5.6.2/junit-jupiter-api-5.6.2.jar:/home/travis/.m2/repository/com/github/stefanbirkner/system-rules/1.19.0/system-rules-1.19.0.jar:"/>
    <property name="sun.cpu.endian" value="little"/>
    <property name="user.home" value="/home/travis"/>
    <property name="user.language" value="en"/>
    <property name="java.specification.vendor" value="Oracle Corporation"/>
    <property name="java.home" value="/usr/lib/jvm/java-8-openjdk-amd64/jre"/>
    <property name="basedir" value="/home/travis/build/SpoonLabs/spoon-ci-external/spoon"/>
    <property name="file.separator" value="/"/>
    <property name="line.separator" value="&#10;"/>
    <property name="java.vm.specification.vendor" value="Oracle Corporation"/>
    <property name="java.specification.name" value="Java Platform API Specification"/>
    <property name="java.awt.graphicsenv" value="sun.awt.X11GraphicsEnvironment"/>
    <property name="sun.boot.class.path" value="/usr/lib/jvm/java-8-openjdk-amd64/jre/lib/resources.jar:/usr/lib/jvm/java-8-openjdk-amd64/jre/lib/rt.jar:/usr/lib/jvm/java-8-openjdk-amd64/jre/lib/sunrsasign.jar:/usr/lib/jvm/java-8-openjdk-amd64/jre/lib/jsse.jar:/usr/lib/jvm/java-8-openjdk-amd64/jre/lib/jce.jar:/usr/lib/jvm/java-8-openjdk-amd64/jre/lib/charsets.jar:/usr/lib/jvm/java-8-openjdk-amd64/jre/lib/jfr.jar:/usr/lib/jvm/java-8-openjdk-amd64/jre/classes"/>
    <property name="sun.management.compiler" value="HotSpot 64-Bit Tiered Compilers"/>
    <property name="java.runtime.version" value="1.8.0_252-8u252-b09-1~16.04-b09"/>
    <property name="user.name" value="travis"/>
    <property name="path.separator" value=":"/>
    <property name="os.version" value="4.15.0-1077-gcp"/>
    <property name="java.endorsed.dirs" value="/usr/lib/jvm/java-8-openjdk-amd64/jre/lib/endorsed"/>
    <property name="java.runtime.name" value="OpenJDK Runtime Environment"/>
    <property name="file.encoding" value="UTF-8"/>
    <property name="java.vm.name" value="OpenJDK 64-Bit Server VM"/>
    <property name="spoon.metamodel.MetamodelProperty-noRoleHandler" value="false"/>
    <property name="localRepository" value="/home/travis/.m2/repository"/>
    <property name="java.vendor.url.bug" value="http://bugreport.sun.com/bugreport/"/>
    <property name="java.io.tmpdir" value="/tmp"/>
    <property name="java.version" value="1.8.0_252"/>
    <property name="user.dir" value="/home/travis/build/SpoonLabs/spoon-ci-external/spoon"/>
    <property name="os.arch" value="amd64"/>
    <property name="java.vm.specification.name" value="Java Virtual Machine Specification"/>
    <property name="java.awt.printerjob" value="sun.print.PSPrinterJob"/>
    <property name="sun.os.patch.level" value="unknown"/>
    <property name="java.library.path" value="/usr/java/packages/lib/amd64:/usr/lib/x86_64-linux-gnu/jni:/lib/x86_64-linux-gnu:/usr/lib/x86_64-linux-gnu:/usr/lib/jni:/lib:/usr/lib"/>
    <property name="java.vm.info" value="mixed mode"/>
    <property name="java.vendor" value="Private Build"/>
    <property name="java.vm.version" value="25.252-b09"/>
    <property name="java.ext.dirs" value="/usr/lib/jvm/java-8-openjdk-amd64/jre/lib/ext:/usr/java/packages/lib/ext"/>
    <property name="sun.io.unicode.encoding" value="UnicodeLittle"/>
    <property name="java.class.version" value="52.0"/>
  </properties>
  <testcase name="testPositionAbstractMethod" classname="spoon.test.position.PositionTest" time="0.03">
    <system-out><![CDATA[18:43:23.982 [main] INFO spoon.Launcher - Running in NOCLASSPATH mode (doc: http://spoon.gforge.inria.fr/launcher.html).
]]></system-out>
  </testcase>
  <testcase name="testLambdaParameterPosition1" classname="spoon.test.position.PositionTest" time="0.03">
    <system-out><![CDATA[18:43:24.012 [main] INFO spoon.Launcher - Running in NOCLASSPATH mode (doc: http://spoon.gforge.inria.fr/launcher.html).
]]></system-out>
  </testcase>
  <testcase name="testSourcePosition" classname="spoon.test.position.PositionTest" time="0.002">
    <system-out><![CDATA[18:43:24.042 [main] INFO spoon.Launcher - Running in NOCLASSPATH mode (doc: http://spoon.gforge.inria.fr/launcher.html).
]]></system-out>
  </testcase>
  <testcase name="testPositionOfAnnonymousTypeByNewInterface" classname="spoon.test.position.PositionTest" time="0.03">
    <system-out><![CDATA[18:43:24.044 [main] INFO spoon.Launcher - Running in NOCLASSPATH mode (doc: http://spoon.gforge.inria.fr/launcher.html).
]]></system-out>
  </testcase>
  <testcase name="getPositionOfImplicitBlock" classname="spoon.test.position.PositionTest" time="0.027">
    <system-out><![CDATA[18:43:24.074 [main] INFO spoon.Launcher - Running in NOCLASSPATH mode (doc: http://spoon.gforge.inria.fr/launcher.html).
]]></system-out>
  </testcase>
  <testcase name="testEmptyModifiersOfMethod" classname="spoon.test.position.PositionTest" time="0.027">
    <system-out><![CDATA[18:43:24.101 [main] INFO spoon.Launcher - Running in NOCLASSPATH mode (doc: http://spoon.gforge.inria.fr/launcher.html).
]]></system-out>
  </testcase>
  <testcase name="testPositionClass" classname="spoon.test.position.PositionTest" time="0.077">
    <system-out><![CDATA[18:43:24.128 [main] INFO spoon.Launcher - Running in NOCLASSPATH mode (doc: http://spoon.gforge.inria.fr/launcher.html).
18:43:24.202 [main] ERROR spoon.support.compiler.jdt.JDTCommentBuilder - "/* c2 */" cannot be added into the AST, with parent class spoon.support.reflect.code.CtLiteralImpl at (/home/travis/build/SpoonLabs/spoon-ci-external/spoon/src/test/java/spoon/test/position/testclasses/Expressions.java:18), please report the bug by posting on https://github.com/INRIA/spoon/issues/2482
18:43:24.202 [main] ERROR spoon.support.compiler.jdt.JDTCommentBuilder - "// c5" cannot be added into the AST, with parent class spoon.support.reflect.code.CtLiteralImpl at (/home/travis/build/SpoonLabs/spoon-ci-external/spoon/src/test/java/spoon/test/position/testclasses/Expressions.java:18), please report the bug by posting on https://github.com/INRIA/spoon/issues/2482
18:43:24.202 [main] ERROR spoon.support.compiler.jdt.JDTCommentBuilder - "/* c6 */" cannot be added into the AST, with parent class spoon.support.reflect.code.CtLiteralImpl at (/home/travis/build/SpoonLabs/spoon-ci-external/spoon/src/test/java/spoon/test/position/testclasses/Expressions.java:18), please report the bug by posting on https://github.com/INRIA/spoon/issues/2482
18:43:24.202 [main] ERROR spoon.support.compiler.jdt.JDTCommentBuilder - "// c7" cannot be added into the AST, with parent class spoon.support.reflect.code.CtLiteralImpl at (/home/travis/build/SpoonLabs/spoon-ci-external/spoon/src/test/java/spoon/test/position/testclasses/Expressions.java:18), please report the bug by posting on https://github.com/INRIA/spoon/issues/2482
]]></system-out>
  </testcase>
  <testcase name="testPositionField" classname="spoon.test.position.PositionTest" time="0.041">
    <system-out><![CDATA[18:43:24.205 [main] INFO spoon.Launcher - Running in NOCLASSPATH mode (doc: http://spoon.gforge.inria.fr/launcher.html).
]]></system-out>
  </testcase>
  <testcase name="testPositionBuilderFailureIsCaugth" classname="spoon.test.position.PositionTest" time="0.038">
    <system-out><![CDATA[18:43:24.246 [main] INFO spoon.Launcher - Running in NOCLASSPATH mode (doc: http://spoon.gforge.inria.fr/launcher.html).
]]></system-out>
  </testcase>
  <testcase name="testLabel" classname="spoon.test.position.PositionTest" time="0.042">
    <system-out><![CDATA[18:43:24.285 [main] INFO spoon.Launcher - Running in NOCLASSPATH mode (doc: http://spoon.gforge.inria.fr/launcher.html).
]]></system-out>
  </testcase>
  <testcase name="testFooForEach" classname="spoon.test.position.PositionTest" time="0.029">
    <system-out><![CDATA[18:43:24.327 [main] INFO spoon.Launcher - Running in NOCLASSPATH mode (doc: http://spoon.gforge.inria.fr/launcher.html).
]]></system-out>
  </testcase>
  <testcase name="testSwitchCase" classname="spoon.test.position.PositionTest" time="0.031">
    <system-out><![CDATA[18:43:24.356 [main] INFO spoon.Launcher - Running in NOCLASSPATH mode (doc: http://spoon.gforge.inria.fr/launcher.html).
]]></system-out>
  </testcase>
  <testcase name="testPositionMethodTypeParameter" classname="spoon.test.position.PositionTest" time="0.03">
    <system-out><![CDATA[18:43:24.386 [main] INFO spoon.Launcher - Running in NOCLASSPATH mode (doc: http://spoon.gforge.inria.fr/launcher.html).
]]></system-out>
  </testcase>
  <testcase name="testSourcePositionOfFieldReference" classname="spoon.test.position.PositionTest" time="0.029">
    <system-out><![CDATA[18:43:24.417 [main] INFO spoon.Launcher - Running in NOCLASSPATH mode (doc: http://spoon.gforge.inria.fr/launcher.html).
]]></system-out>
  </testcase>
  <testcase name="testFirstLineColumn" classname="spoon.test.position.PositionTest" time="0.028">
    <system-out><![CDATA[18:43:24.446 [main] INFO spoon.Launcher - Running in NOCLASSPATH mode (doc: http://spoon.gforge.inria.fr/launcher.html).
]]></system-out>
  </testcase>
  <testcase name="testExpressions" classname="spoon.test.position.PositionTest" time="0.035">
    <system-out><![CDATA[18:43:24.475 [main] INFO spoon.Launcher - Running in NOCLASSPATH mode (doc: http://spoon.gforge.inria.fr/launcher.html).
]]></system-out>
  </testcase>
  <testcase name="testPositionInterface" classname="spoon.test.position.PositionTest" time="0.067">
    <system-out><![CDATA[18:43:24.509 [main] INFO spoon.Launcher - Running in NOCLASSPATH mode (doc: http://spoon.gforge.inria.fr/launcher.html).
18:43:24.574 [main] ERROR spoon.support.compiler.jdt.JDTCommentBuilder - "/* c2 */" cannot be added into the AST, with parent class spoon.support.reflect.code.CtLiteralImpl at (/home/travis/build/SpoonLabs/spoon-ci-external/spoon/src/test/java/spoon/test/position/testclasses/Expressions.java:18), please report the bug by posting on https://github.com/INRIA/spoon/issues/2482
18:43:24.574 [main] ERROR spoon.support.compiler.jdt.JDTCommentBuilder - "// c5" cannot be added into the AST, with parent class spoon.support.reflect.code.CtLiteralImpl at (/home/travis/build/SpoonLabs/spoon-ci-external/spoon/src/test/java/spoon/test/position/testclasses/Expressions.java:18), please report the bug by posting on https://github.com/INRIA/spoon/issues/2482
18:43:24.574 [main] ERROR spoon.support.compiler.jdt.JDTCommentBuilder - "/* c6 */" cannot be added into the AST, with parent class spoon.support.reflect.code.CtLiteralImpl at (/home/travis/build/SpoonLabs/spoon-ci-external/spoon/src/test/java/spoon/test/position/testclasses/Expressions.java:18), please report the bug by posting on https://github.com/INRIA/spoon/issues/2482
18:43:24.574 [main] ERROR spoon.support.compiler.jdt.JDTCommentBuilder - "// c7" cannot be added into the AST, with parent class spoon.support.reflect.code.CtLiteralImpl at (/home/travis/build/SpoonLabs/spoon-ci-external/spoon/src/test/java/spoon/test/position/testclasses/Expressions.java:18), please report the bug by posting on https://github.com/INRIA/spoon/issues/2482
]]></system-out>
  </testcase>
  <testcase name="testEnumConstructorCallComment" classname="spoon.test.position.PositionTest" time="0.046">
    <system-out><![CDATA[18:43:24.576 [main] INFO spoon.Launcher - Running in NOCLASSPATH mode (doc: http://spoon.gforge.inria.fr/launcher.html).
]]></system-out>
  </testcase>
  <testcase name="testCatchPosition" classname="spoon.test.position.PositionTest" time="0.03">
    <system-out><![CDATA[18:43:24.623 [main] INFO spoon.Launcher - Running in NOCLASSPATH mode (doc: http://spoon.gforge.inria.fr/launcher.html).
]]></system-out>
  </testcase>
  <testcase name="defaultConstructorPositionTest" classname="spoon.test.position.PositionTest" time="0.028">
    <system-out><![CDATA[18:43:24.652 [main] INFO spoon.Launcher - Running in NOCLASSPATH mode (doc: http://spoon.gforge.inria.fr/launcher.html).
]]></system-out>
  </testcase>
  <testcase name="testImportPosition" classname="spoon.test.position.PositionTest" time="0.044">
    <system-out><![CDATA[18:43:24.681 [main] INFO spoon.Launcher - Running in NOCLASSPATH mode (doc: http://spoon.gforge.inria.fr/launcher.html).
]]></system-out>
  </testcase>
  <testcase name="testLinePositionOkWithOneLineClassCode" classname="spoon.test.position.PositionTest" time="0.028">
    <system-out><![CDATA[18:43:24.724 [main] INFO spoon.Launcher - Running in NOCLASSPATH mode (doc: http://spoon.gforge.inria.fr/launcher.html).
]]></system-out>
  </testcase>
  <testcase name="testLambdaParameterPosition" classname="spoon.test.position.PositionTest" time="0.029">
    <system-out><![CDATA[18:43:24.752 [main] INFO spoon.Launcher - Running in NOCLASSPATH mode (doc: http://spoon.gforge.inria.fr/launcher.html).
]]></system-out>
  </testcase>
  <testcase name="testNoClasspathVariableAccessInInnerClass1" classname="spoon.test.position.PositionTest" time="0.028">
    <system-out><![CDATA[18:43:24.781 [main] INFO spoon.Launcher - Running in NOCLASSPATH mode (doc: http://spoon.gforge.inria.fr/launcher.html).
]]></system-out>
  </testcase>
  <testcase name="testNoClasspathVariableAccessInInnerClass2" classname="spoon.test.position.PositionTest" time="0.028">
    <system-out><![CDATA[18:43:24.809 [main] INFO spoon.Launcher - Running in NOCLASSPATH mode (doc: http://spoon.gforge.inria.fr/launcher.html).
]]></system-out>
  </testcase>
  <testcase name="testCommentedOutClass" classname="spoon.test.position.PositionTest" time="0.027">
    <system-out><![CDATA[18:43:24.837 [main] INFO spoon.Launcher - Running in NOCLASSPATH mode (doc: http://spoon.gforge.inria.fr/launcher.html).
]]></system-out>
  </testcase>
  <testcase name="testSingleLineClassColumn" classname="spoon.test.position.PositionTest" time="0.026">
    <system-out><![CDATA[18:43:24.864 [main] INFO spoon.Launcher - Running in NOCLASSPATH mode (doc: http://spoon.gforge.inria.fr/launcher.html).
]]></system-out>
  </testcase>
  <testcase name="testNoClasspathVariableAccessInInnerInterface" classname="spoon.test.position.PositionTest" time="0.028">
    <system-out><![CDATA[18:43:24.890 [main] INFO spoon.Launcher - Running in NOCLASSPATH mode (doc: http://spoon.gforge.inria.fr/launcher.html).
]]></system-out>
  </testcase>
  <testcase name="testPositionClassWithComments" classname="spoon.test.position.PositionTest" time="0.083">
    <system-out><![CDATA[18:43:24.918 [main] INFO spoon.Launcher - Running in NOCLASSPATH mode (doc: http://spoon.gforge.inria.fr/launcher.html).
18:43:25.000 [main] ERROR spoon.support.compiler.jdt.JDTCommentBuilder - "/* c2 */" cannot be added into the AST, with parent class spoon.support.reflect.code.CtLiteralImpl at (/home/travis/build/SpoonLabs/spoon-ci-external/spoon/src/test/java/spoon/test/position/testclasses/Expressions.java:18), please report the bug by posting on https://github.com/INRIA/spoon/issues/2482
18:43:25.000 [main] ERROR spoon.support.compiler.jdt.JDTCommentBuilder - "// c5" cannot be added into the AST, with parent class spoon.support.reflect.code.CtLiteralImpl at (/home/travis/build/SpoonLabs/spoon-ci-external/spoon/src/test/java/spoon/test/position/testclasses/Expressions.java:18), please report the bug by posting on https://github.com/INRIA/spoon/issues/2482
18:43:25.000 [main] ERROR spoon.support.compiler.jdt.JDTCommentBuilder - "/* c6 */" cannot be added into the AST, with parent class spoon.support.reflect.code.CtLiteralImpl at (/home/travis/build/SpoonLabs/spoon-ci-external/spoon/src/test/java/spoon/test/position/testclasses/Expressions.java:18), please report the bug by posting on https://github.com/INRIA/spoon/issues/2482
18:43:25.000 [main] ERROR spoon.support.compiler.jdt.JDTCommentBuilder - "// c7" cannot be added into the AST, with parent class spoon.support.reflect.code.CtLiteralImpl at (/home/travis/build/SpoonLabs/spoon-ci-external/spoon/src/test/java/spoon/test/position/testclasses/Expressions.java:18), please report the bug by posting on https://github.com/INRIA/spoon/issues/2482
]]></system-out>
  </testcase>
  <testcase name="testPackageDeclarationPosition" classname="spoon.test.position.PositionTest" time="0.042">
    <system-out><![CDATA[18:43:25.002 [main] INFO spoon.Launcher - Running in NOCLASSPATH mode (doc: http://spoon.gforge.inria.fr/launcher.html).
]]></system-out>
  </testcase>
  <testcase name="testPositionMethod" classname="spoon.test.position.PositionTest" time="0.047">
    <system-out><![CDATA[18:43:25.045 [main] INFO spoon.Launcher - Running in NOCLASSPATH mode (doc: http://spoon.gforge.inria.fr/launcher.html).
]]></system-out>
  </testcase>
  <testcase name="testArrayArgParameter" classname="spoon.test.position.PositionTest" time="0.029">
    <system-out><![CDATA[18:43:25.093 [main] INFO spoon.Launcher - Running in NOCLASSPATH mode (doc: http://spoon.gforge.inria.fr/launcher.html).
]]></system-out>
  </testcase>
  <testcase name="testPositionStatement" classname="spoon.test.position.PositionTest" time="0.03">
    <system-out><![CDATA[18:43:25.122 [main] INFO spoon.Launcher - Running in NOCLASSPATH mode (doc: http://spoon.gforge.inria.fr/launcher.html).
]]></system-out>
  </testcase>
  <testcase name="testPositionOfAnnonymousType" classname="spoon.test.position.PositionTest" time="0.03">
    <system-out><![CDATA[18:43:25.152 [main] INFO spoon.Launcher - Running in NOCLASSPATH mode (doc: http://spoon.gforge.inria.fr/launcher.html).
]]></system-out>
  </testcase>
  <testcase name="testPositionParameterTypeReference" classname="spoon.test.position.PositionTest" time="0.028">
    <system-out><![CDATA[18:43:25.182 [main] INFO spoon.Launcher - Running in NOCLASSPATH mode (doc: http://spoon.gforge.inria.fr/launcher.html).
]]></system-out>
  </testcase>
  <testcase name="testPositionTryCatch" classname="spoon.test.position.PositionTest" time="0.092">
    <system-out><![CDATA[18:43:25.211 [main] INFO spoon.Launcher - Running in NOCLASSPATH mode (doc: http://spoon.gforge.inria.fr/launcher.html).
18:43:25.238 [main] INFO spoon.Launcher - Running in NOCLASSPATH mode (doc: http://spoon.gforge.inria.fr/launcher.html).
18:43:25.264 [main] INFO spoon.Launcher - Running in NOCLASSPATH mode (doc: http://spoon.gforge.inria.fr/launcher.html).
]]></system-out>
  </testcase>
  <testcase name="testPositionAnnotation" classname="spoon.test.position.PositionTest" time="0.072">
    <system-out><![CDATA[18:43:25.302 [main] INFO spoon.Launcher - Running in NOCLASSPATH mode (doc: http://spoon.gforge.inria.fr/launcher.html).
18:43:25.373 [main] ERROR spoon.support.compiler.jdt.JDTCommentBuilder - "/* c2 */" cannot be added into the AST, with parent class spoon.support.reflect.code.CtLiteralImpl at (/home/travis/build/SpoonLabs/spoon-ci-external/spoon/src/test/java/spoon/test/position/testclasses/Expressions.java:18), please report the bug by posting on https://github.com/INRIA/spoon/issues/2482
18:43:25.373 [main] ERROR spoon.support.compiler.jdt.JDTCommentBuilder - "// c5" cannot be added into the AST, with parent class spoon.support.reflect.code.CtLiteralImpl at (/home/travis/build/SpoonLabs/spoon-ci-external/spoon/src/test/java/spoon/test/position/testclasses/Expressions.java:18), please report the bug by posting on https://github.com/INRIA/spoon/issues/2482
18:43:25.373 [main] ERROR spoon.support.compiler.jdt.JDTCommentBuilder - "/* c6 */" cannot be added into the AST, with parent class spoon.support.reflect.code.CtLiteralImpl at (/home/travis/build/SpoonLabs/spoon-ci-external/spoon/src/test/java/spoon/test/position/testclasses/Expressions.java:18), please report the bug by posting on https://github.com/INRIA/spoon/issues/2482
18:43:25.373 [main] ERROR spoon.support.compiler.jdt.JDTCommentBuilder - "// c7" cannot be added into the AST, with parent class spoon.support.reflect.code.CtLiteralImpl at (/home/travis/build/SpoonLabs/spoon-ci-external/spoon/src/test/java/spoon/test/position/testclasses/Expressions.java:18), please report the bug by posting on https://github.com/INRIA/spoon/issues/2482
]]></system-out>
  </testcase>
  <testcase name="testTypeModifiersPositionAfterComment" classname="spoon.test.position.PositionTest" time="0.042">
    <system-out><![CDATA[18:43:25.375 [main] INFO spoon.Launcher - Running in NOCLASSPATH mode (doc: http://spoon.gforge.inria.fr/launcher.html).
]]></system-out>
  </testcase>
  <testcase name="testPositionOfCtImport" classname="spoon.test.position.PositionTest" time="0.033">
    <system-out><![CDATA[18:43:25.418 [main] INFO spoon.Launcher - Running in NOCLASSPATH mode (doc: http://spoon.gforge.inria.fr/launcher.html).
]]></system-out>
  </testcase>
  <testcase name="testNestedLabels" classname="spoon.test.position.PositionTest" time="0.03">
    <system-out><![CDATA[18:43:25.450 [main] INFO spoon.Launcher - Running in NOCLASSPATH mode (doc: http://spoon.gforge.inria.fr/launcher.html).
]]></system-out>
  </testcase>
  <testcase name="testPackageDeclarationWithCommentPosition" classname="spoon.test.position.PositionTest" time="0.029">
    <system-out><![CDATA[18:43:25.480 [main] INFO spoon.Launcher - Running in NOCLASSPATH mode (doc: http://spoon.gforge.inria.fr/launcher.html).
]]></system-out>
  </testcase>
  <testcase name="testEndColumn" classname="spoon.test.position.PositionTest" time="0.032">
    <system-out><![CDATA[18:43:25.509 [main] INFO spoon.Launcher - Running in NOCLASSPATH mode (doc: http://spoon.gforge.inria.fr/launcher.html).
]]></system-out>
  </testcase>
  <testcase name="testPackageDeclaration" classname="spoon.test.position.PositionTest" time="0.027">
    <system-out><![CDATA[18:43:25.541 [main] INFO spoon.Launcher - Running in NOCLASSPATH mode (doc: http://spoon.gforge.inria.fr/launcher.html).
]]></system-out>
  </testcase>
  <testcase name="testPositionGeneric" classname="spoon.test.position.PositionTest" time="0.027">
    <system-out><![CDATA[18:43:25.569 [main] INFO spoon.Launcher - Running in NOCLASSPATH mode (doc: http://spoon.gforge.inria.fr/launcher.html).
]]></system-out>
  </testcase>
</testsuite>