<?xml version="1.0" encoding="UTF-8"?>
<testsuite xmlns:xsi="http://www.w3.org/2001/XMLSchema-instance" xsi:noNamespaceSchemaLocation="https://maven.apache.org/surefire/maven-surefire-plugin/xsd/surefire-test-report-3.0.xsd" version="3.0" name="spoon.MavenLauncherTest" time="38.311" tests="12" errors="0" skipped="1" failures="0">
  <properties>
    <property name="awt.toolkit" value="sun.awt.X11.XToolkit"/>
    <property name="file.encoding.pkg" value="sun.io"/>
    <property name="java.specification.version" value="1.8"/>
    <property name="sun.cpu.isalist" value=""/>
    <property name="sun.jnu.encoding" value="UTF-8"/>
    <property name="java.class.path" value="/home/travis/.m2/repository/org/apache/maven/surefire/surefire-booter/3.0.0-M5/surefire-booter-3.0.0-M5.jar:/home/travis/.m2/repository/org/apache/maven/surefire/surefire-api/3.0.0-M5/surefire-api-3.0.0-M5.jar:/home/travis/.m2/repository/org/apache/maven/surefire/surefire-logger-api/3.0.0-M5/surefire-logger-api-3.0.0-M5.jar:/home/travis/.m2/repository/org/apache/maven/surefire/surefire-shared-utils/3.0.0-M4/surefire-shared-utils-3.0.0-M4.jar:/home/travis/.m2/repository/org/apache/maven/surefire/surefire-extensions-spi/3.0.0-M5/surefire-extensions-spi-3.0.0-M5.jar:/home/travis/build/SpoonLabs/spoon-ci-external/spoon/target/test-classes:/home/travis/build/SpoonLabs/spoon-ci-external/spoon/target/classes:/home/travis/.m2/repository/org/eclipse/jdt/org.eclipse.jdt.core/3.20.0/org.eclipse.jdt.core-3.20.0.jar:/home/travis/.m2/repository/com/martiansoftware/jsap/2.1/jsap-2.1.jar:/home/travis/.m2/repository/org/apache/logging/log4j/log4j-api/2.13.3/log4j-api-2.13.3.jar:/home/travis/.m2/repository/org/apache/logging/log4j/log4j-to-slf4j/2.13.3/log4j-to-slf4j-2.13.3.jar:/home/travis/.m2/repository/org/slf4j/slf4j-api/1.7.25/slf4j-api-1.7.25.jar:/home/travis/.m2/repository/commons-io/commons-io/2.8.0/commons-io-2.8.0.jar:/home/travis/.m2/repository/org/apache/maven/maven-model/3.6.3/maven-model-3.6.3.jar:/home/travis/.m2/repository/org/codehaus/plexus/plexus-utils/3.2.1/plexus-utils-3.2.1.jar:/home/travis/.m2/repository/org/apache/commons/commons-lang3/3.11/commons-lang3-3.11.jar:/home/travis/.m2/repository/org/tukaani/xz/1.8/xz-1.8.jar:/home/travis/.m2/repository/com/fasterxml/jackson/core/jackson-databind/2.11.2/jackson-databind-2.11.2.jar:/home/travis/.m2/repository/com/fasterxml/jackson/core/jackson-annotations/2.11.2/jackson-annotations-2.11.2.jar:/home/travis/.m2/repository/com/fasterxml/jackson/core/jackson-core/2.11.2/jackson-core-2.11.2.jar:/home/travis/.m2/repository/org/apache/commons/commons-compress/1.20/commons-compress-1.20.jar:/home/travis/.m2/repository/com/google/guava/guava/29.0-jre/guava-29.0-jre.jar:/home/travis/.m2/repository/com/google/guava/failureaccess/1.0.1/failureaccess-1.0.1.jar:/home/travis/.m2/repository/com/google/guava/listenablefuture/9999.0-empty-to-avoid-conflict-with-guava/listenablefuture-9999.0-empty-to-avoid-conflict-with-guava.jar:/home/travis/.m2/repository/com/google/code/findbugs/jsr305/3.0.2/jsr305-3.0.2.jar:/home/travis/.m2/repository/org/checkerframework/checker-qual/2.11.1/checker-qual-2.11.1.jar:/home/travis/.m2/repository/com/google/errorprone/error_prone_annotations/2.3.4/error_prone_annotations-2.3.4.jar:/home/travis/.m2/repository/com/google/j2objc/j2objc-annotations/1.3/j2objc-annotations-1.3.jar:/home/travis/.m2/repository/ch/qos/logback/logback-classic/1.2.3/logback-classic-1.2.3.jar:/home/travis/.m2/repository/ch/qos/logback/logback-core/1.2.3/logback-core-1.2.3.jar:/home/travis/.m2/repository/com/mysema/querydsl/querydsl-core/3.6.9/querydsl-core-3.6.9.jar:/home/travis/.m2/repository/org/apache/maven/shared/maven-invoker/3.0.1/maven-invoker-3.0.1.jar:/home/travis/.m2/repository/org/apache/maven/shared/maven-shared-utils/3.2.1/maven-shared-utils-3.2.1.jar:/home/travis/.m2/repository/org/codehaus/plexus/plexus-component-annotations/1.7.1/plexus-component-annotations-1.7.1.jar:/home/travis/.m2/repository/javax/validation/validation-api/2.0.1.Final/validation-api-2.0.1.Final.jar:/home/travis/.m2/repository/com/google/code/gson/gson/2.8.6/gson-2.8.6.jar:/home/travis/.m2/repository/org/junit/vintage/junit-vintage-engine/5.7.0/junit-vintage-engine-5.7.0.jar:/home/travis/.m2/repository/org/apiguardian/apiguardian-api/1.1.0/apiguardian-api-1.1.0.jar:/home/travis/.m2/repository/org/junit/platform/junit-platform-engine/1.7.0/junit-platform-engine-1.7.0.jar:/home/travis/.m2/repository/org/opentest4j/opentest4j/1.2.0/opentest4j-1.2.0.jar:/home/travis/.m2/repository/org/junit/platform/junit-platform-commons/1.7.0/junit-platform-commons-1.7.0.jar:/home/travis/.m2/repository/junit/junit/4.13/junit-4.13.jar:/home/travis/.m2/repository/org/hamcrest/hamcrest-core/1.3/hamcrest-core-1.3.jar:/home/travis/.m2/repository/org/mockito/mockito-core/3.5.10/mockito-core-3.5.10.jar:/home/travis/.m2/repository/net/bytebuddy/byte-buddy/1.10.13/byte-buddy-1.10.13.jar:/home/travis/.m2/repository/net/bytebuddy/byte-buddy-agent/1.10.13/byte-buddy-agent-1.10.13.jar:/home/travis/.m2/repository/org/objenesis/objenesis/3.1/objenesis-3.1.jar:/home/travis/.m2/repository/org/junit/jupiter/junit-jupiter-engine/5.7.0/junit-jupiter-engine-5.7.0.jar:/home/travis/.m2/repository/org/junit/jupiter/junit-jupiter-api/5.7.0/junit-jupiter-api-5.7.0.jar:/home/travis/.m2/repository/com/github/stefanbirkner/system-rules/1.19.0/system-rules-1.19.0.jar:/home/travis/.m2/repository/org/apache/maven/surefire/surefire-junit-platform/3.0.0-M5/surefire-junit-platform-3.0.0-M5.jar:/home/travis/.m2/repository/org/apache/maven/surefire/common-java5/3.0.0-M5/common-java5-3.0.0-M5.jar:/home/travis/.m2/repository/org/junit/platform/junit-platform-launcher/1.7.0/junit-platform-launcher-1.7.0.jar:/home/travis/.m2/repository/org/jacoco/org.jacoco.agent/0.8.5/org.jacoco.agent-0.8.5-runtime.jar"/>
    <property name="java.vm.vendor" value="Private Build"/>
    <property name="sun.arch.data.model" value="64"/>
    <property name="java.vendor.url" value="http://java.oracle.com/"/>
    <property name="user.timezone" value="UTC"/>
    <property name="java.vm.specification.version" value="1.8"/>
    <property name="os.name" value="Linux"/>
    <property name="spoon.log.path" value="${java.io.tmpdir}/spoon-log.log"/>
    <property name="user.country" value="US"/>
    <property name="sun.java.launcher" value="SUN_STANDARD"/>
    <property name="sun.boot.library.path" value="/usr/lib/jvm/java-8-openjdk-amd64/jre/lib/amd64"/>
    <property name="sun.java.command" value="org.apache.maven.surefire.booter.ForkedBooter /home/travis/build/SpoonLabs/spoon-ci-external/spoon/target/surefire 2020-09-17T18-25-42_964-jvmRun1 surefire2088929918545481784tmp surefire_06517445263499593308tmp"/>
    <property name="surefire.test.class.path" value="/home/travis/build/SpoonLabs/spoon-ci-external/spoon/target/test-classes:/home/travis/build/SpoonLabs/spoon-ci-external/spoon/target/classes:/home/travis/.m2/repository/org/eclipse/jdt/org.eclipse.jdt.core/3.20.0/org.eclipse.jdt.core-3.20.0.jar:/home/travis/.m2/repository/com/martiansoftware/jsap/2.1/jsap-2.1.jar:/home/travis/.m2/repository/org/apache/logging/log4j/log4j-api/2.13.3/log4j-api-2.13.3.jar:/home/travis/.m2/repository/org/apache/logging/log4j/log4j-to-slf4j/2.13.3/log4j-to-slf4j-2.13.3.jar:/home/travis/.m2/repository/org/slf4j/slf4j-api/1.7.25/slf4j-api-1.7.25.jar:/home/travis/.m2/repository/commons-io/commons-io/2.8.0/commons-io-2.8.0.jar:/home/travis/.m2/repository/org/apache/maven/maven-model/3.6.3/maven-model-3.6.3.jar:/home/travis/.m2/repository/org/codehaus/plexus/plexus-utils/3.2.1/plexus-utils-3.2.1.jar:/home/travis/.m2/repository/org/apache/commons/commons-lang3/3.11/commons-lang3-3.11.jar:/home/travis/.m2/repository/org/tukaani/xz/1.8/xz-1.8.jar:/home/travis/.m2/repository/com/fasterxml/jackson/core/jackson-databind/2.11.2/jackson-databind-2.11.2.jar:/home/travis/.m2/repository/com/fasterxml/jackson/core/jackson-annotations/2.11.2/jackson-annotations-2.11.2.jar:/home/travis/.m2/repository/com/fasterxml/jackson/core/jackson-core/2.11.2/jackson-core-2.11.2.jar:/home/travis/.m2/repository/org/apache/commons/commons-compress/1.20/commons-compress-1.20.jar:/home/travis/.m2/repository/com/google/guava/guava/29.0-jre/guava-29.0-jre.jar:/home/travis/.m2/repository/com/google/guava/failureaccess/1.0.1/failureaccess-1.0.1.jar:/home/travis/.m2/repository/com/google/guava/listenablefuture/9999.0-empty-to-avoid-conflict-with-guava/listenablefuture-9999.0-empty-to-avoid-conflict-with-guava.jar:/home/travis/.m2/repository/com/google/code/findbugs/jsr305/3.0.2/jsr305-3.0.2.jar:/home/travis/.m2/repository/org/checkerframework/checker-qual/2.11.1/checker-qual-2.11.1.jar:/home/travis/.m2/repository/com/google/errorprone/error_prone_annotations/2.3.4/error_prone_annotations-2.3.4.jar:/home/travis/.m2/repository/com/google/j2objc/j2objc-annotations/1.3/j2objc-annotations-1.3.jar:/home/travis/.m2/repository/ch/qos/logback/logback-classic/1.2.3/logback-classic-1.2.3.jar:/home/travis/.m2/repository/ch/qos/logback/logback-core/1.2.3/logback-core-1.2.3.jar:/home/travis/.m2/repository/com/mysema/querydsl/querydsl-core/3.6.9/querydsl-core-3.6.9.jar:/home/travis/.m2/repository/org/apache/maven/shared/maven-invoker/3.0.1/maven-invoker-3.0.1.jar:/home/travis/.m2/repository/org/apache/maven/shared/maven-shared-utils/3.2.1/maven-shared-utils-3.2.1.jar:/home/travis/.m2/repository/org/codehaus/plexus/plexus-component-annotations/1.7.1/plexus-component-annotations-1.7.1.jar:/home/travis/.m2/repository/javax/validation/validation-api/2.0.1.Final/validation-api-2.0.1.Final.jar:/home/travis/.m2/repository/com/google/code/gson/gson/2.8.6/gson-2.8.6.jar:/home/travis/.m2/repository/org/junit/vintage/junit-vintage-engine/5.7.0/junit-vintage-engine-5.7.0.jar:/home/travis/.m2/repository/org/apiguardian/apiguardian-api/1.1.0/apiguardian-api-1.1.0.jar:/home/travis/.m2/repository/org/junit/platform/junit-platform-engine/1.7.0/junit-platform-engine-1.7.0.jar:/home/travis/.m2/repository/org/opentest4j/opentest4j/1.2.0/opentest4j-1.2.0.jar:/home/travis/.m2/repository/org/junit/platform/junit-platform-commons/1.7.0/junit-platform-commons-1.7.0.jar:/home/travis/.m2/repository/junit/junit/4.13/junit-4.13.jar:/home/travis/.m2/repository/org/hamcrest/hamcrest-core/1.3/hamcrest-core-1.3.jar:/home/travis/.m2/repository/org/mockito/mockito-core/3.5.10/mockito-core-3.5.10.jar:/home/travis/.m2/repository/net/bytebuddy/byte-buddy/1.10.13/byte-buddy-1.10.13.jar:/home/travis/.m2/repository/net/bytebuddy/byte-buddy-agent/1.10.13/byte-buddy-agent-1.10.13.jar:/home/travis/.m2/repository/org/objenesis/objenesis/3.1/objenesis-3.1.jar:/home/travis/.m2/repository/org/junit/jupiter/junit-jupiter-engine/5.7.0/junit-jupiter-engine-5.7.0.jar:/home/travis/.m2/repository/org/junit/jupiter/junit-jupiter-api/5.7.0/junit-jupiter-api-5.7.0.jar:/home/travis/.m2/repository/com/github/stefanbirkner/system-rules/1.19.0/system-rules-1.19.0.jar:"/>
    <property name="sun.cpu.endian" value="little"/>
    <property name="user.home" value="/home/travis"/>
    <property name="user.language" value="en"/>
    <property name="java.specification.vendor" value="Oracle Corporation"/>
    <property name="java.home" value="/usr/lib/jvm/java-8-openjdk-amd64/jre"/>
    <property name="basedir" value="/home/travis/build/SpoonLabs/spoon-ci-external/spoon"/>
    <property name="file.separator" value="/"/>
    <property name="line.separator" value="&#10;"/>
    <property name="java.vm.specification.vendor" value="Oracle Corporation"/>
    <property name="java.specification.name" value="Java Platform API Specification"/>
    <property name="java.awt.graphicsenv" value="sun.awt.X11GraphicsEnvironment"/>
    <property name="sun.boot.class.path" value="/usr/lib/jvm/java-8-openjdk-amd64/jre/lib/resources.jar:/usr/lib/jvm/java-8-openjdk-amd64/jre/lib/rt.jar:/usr/lib/jvm/java-8-openjdk-amd64/jre/lib/sunrsasign.jar:/usr/lib/jvm/java-8-openjdk-amd64/jre/lib/jsse.jar:/usr/lib/jvm/java-8-openjdk-amd64/jre/lib/jce.jar:/usr/lib/jvm/java-8-openjdk-amd64/jre/lib/charsets.jar:/usr/lib/jvm/java-8-openjdk-amd64/jre/lib/jfr.jar:/usr/lib/jvm/java-8-openjdk-amd64/jre/classes"/>
    <property name="sun.management.compiler" value="HotSpot 64-Bit Tiered Compilers"/>
    <property name="java.runtime.version" value="1.8.0_252-8u252-b09-1~16.04-b09"/>
    <property name="user.name" value="travis"/>
    <property name="path.separator" value=":"/>
    <property name="os.version" value="4.15.0-1077-gcp"/>
    <property name="java.endorsed.dirs" value="/usr/lib/jvm/java-8-openjdk-amd64/jre/lib/endorsed"/>
    <property name="java.runtime.name" value="OpenJDK Runtime Environment"/>
    <property name="file.encoding" value="UTF-8"/>
    <property name="java.vm.name" value="OpenJDK 64-Bit Server VM"/>
    <property name="localRepository" value="/home/travis/.m2/repository"/>
    <property name="java.vendor.url.bug" value="http://bugreport.sun.com/bugreport/"/>
    <property name="java.io.tmpdir" value="/tmp"/>
    <property name="java.version" value="1.8.0_252"/>
    <property name="user.dir" value="/home/travis/build/SpoonLabs/spoon-ci-external/spoon"/>
    <property name="os.arch" value="amd64"/>
    <property name="java.vm.specification.name" value="Java Virtual Machine Specification"/>
    <property name="java.awt.printerjob" value="sun.print.PSPrinterJob"/>
    <property name="sun.os.patch.level" value="unknown"/>
    <property name="java.library.path" value="/usr/java/packages/lib/amd64:/usr/lib/x86_64-linux-gnu/jni:/lib/x86_64-linux-gnu:/usr/lib/x86_64-linux-gnu:/usr/lib/jni:/lib:/usr/lib"/>
    <property name="java.vm.info" value="mixed mode"/>
    <property name="java.vendor" value="Private Build"/>
    <property name="java.vm.version" value="25.252-b09"/>
    <property name="java.ext.dirs" value="/usr/lib/jvm/java-8-openjdk-amd64/jre/lib/ext:/usr/java/packages/lib/ext"/>
    <property name="sun.io.unicode.encoding" value="UnicodeLittle"/>
    <property name="java.class.version" value="52.0"/>
  </properties>
  <testcase name="testForceRefresh" classname="spoon.MavenLauncherTest" time="3.177">
    <system-out><![CDATA[18:25:58.607 [main] INFO spoon.Launcher - Running in NOCLASSPATH mode (doc: http://spoon.gforge.inria.fr/launcher.html).
18:25:58.883 [main] INFO spoon.Launcher - Running in NOCLASSPATH mode (doc: http://spoon.gforge.inria.fr/launcher.html).
18:26:00.337 [Thread-4] DEBUG spoon.Launcher - [INFO] Scanning for projects...
18:26:00.418 [Thread-4] DEBUG spoon.Launcher - [WARNING] 
18:26:00.422 [Thread-4] DEBUG spoon.Launcher - [WARNING] Some problems were encountered while building the effective model for org.foo.bar:foobar:jar:1.0.0-SNAPSHOT
18:26:00.431 [Thread-4] DEBUG spoon.Launcher - [WARNING] 'dependencies.dependency.systemPath' for com.infradna.tool:bridge-method-annotation:jar should not point at files within the project directory, ${basedir}/lib/bridge-method-annotation-1.13.jar will be unresolvable by dependent projects @ line 18, column 25
18:26:00.431 [Thread-4] DEBUG spoon.Launcher - [WARNING] 
18:26:00.431 [Thread-4] DEBUG spoon.Launcher - [WARNING] It is highly recommended to fix these problems because they threaten the stability of your build.
18:26:00.431 [Thread-4] DEBUG spoon.Launcher - [WARNING] 
18:26:00.436 [Thread-4] DEBUG spoon.Launcher - [WARNING] For this reason, future Maven versions might no longer support building such malformed projects.
18:26:00.437 [Thread-4] DEBUG spoon.Launcher - [WARNING] 
18:26:00.811 [Thread-4] DEBUG spoon.Launcher - [INFO] 
18:26:00.812 [Thread-4] DEBUG spoon.Launcher - [INFO] -------------------------< org.foo.bar:foobar >-------------------------
18:26:00.813 [Thread-4] DEBUG spoon.Launcher - [INFO] Building foobar 1.0.0-SNAPSHOT
18:26:00.813 [Thread-4] DEBUG spoon.Launcher - [INFO] --------------------------------[ jar ]---------------------------------
18:26:00.834 [Thread-4] DEBUG spoon.Launcher - [INFO] 
18:26:00.835 [Thread-4] DEBUG spoon.Launcher - [INFO] --- maven-dependency-plugin:2.8:build-classpath (default-cli) @ foobar ---
18:26:01.748 [Thread-4] DEBUG spoon.Launcher - [INFO] Wrote classpath file '/home/travis/build/SpoonLabs/spoon-ci-external/spoon/src/test/resources/maven-launcher/system-dependency/spoon.classpath.tmp'.
18:26:01.749 [Thread-4] DEBUG spoon.Launcher - [INFO] ------------------------------------------------------------------------
18:26:01.749 [Thread-4] DEBUG spoon.Launcher - [INFO] BUILD SUCCESS
18:26:01.749 [Thread-4] DEBUG spoon.Launcher - [INFO] ------------------------------------------------------------------------
18:26:01.751 [Thread-4] DEBUG spoon.Launcher - [INFO] Total time:  1.442 s
18:26:01.751 [Thread-4] DEBUG spoon.Launcher - [INFO] Finished at: 2020-09-17T18:26:01Z
18:26:01.751 [Thread-4] DEBUG spoon.Launcher - [INFO] ------------------------------------------------------------------------
]]></system-out>
  </testcase>
  <testcase name="mavenLauncherTestMultiModulesAndVariables" classname="spoon.MavenLauncherTest" time="5.239">
    <system-out><![CDATA[18:26:01.764 [main] INFO spoon.Launcher - Running in NOCLASSPATH mode (doc: http://spoon.gforge.inria.fr/launcher.html).
18:26:03.255 [Thread-7] DEBUG spoon.Launcher - [INFO] Scanning for projects...
18:26:04.597 [Thread-7] DEBUG spoon.Launcher - [INFO] 
18:26:04.603 [Thread-7] DEBUG spoon.Launcher - [INFO] -----------------------< org.pac4j:pac4j-config >-----------------------
18:26:04.604 [Thread-7] DEBUG spoon.Launcher - [INFO] Building pac4j configuration 3.0.0
18:26:04.606 [Thread-7] DEBUG spoon.Launcher - [INFO] --------------------------------[ jar ]---------------------------------
18:26:05.046 [Thread-7] DEBUG spoon.Launcher - [INFO] Downloading from sonatype: https://oss.sonatype.org/content/repositories/releases/net/minidev/json-smart/maven-metadata.xml
18:26:05.049 [Thread-7] DEBUG spoon.Launcher - [INFO] Downloading from sonatype-apache: https://repository.apache.org/content/repositories/releases/net/minidev/json-smart/maven-metadata.xml
18:26:05.050 [Thread-7] DEBUG spoon.Launcher - [INFO] Downloading from apache-snapshots: https://repository.apache.org/snapshots/net/minidev/json-smart/maven-metadata.xml
18:26:05.846 [Thread-7] DEBUG spoon.Launcher - [INFO] Downloaded from sonatype: https://oss.sonatype.org/content/repositories/releases/net/minidev/json-smart/maven-metadata.xml (849 B at 1.0 kB/s)
18:26:05.921 [Thread-7] DEBUG spoon.Launcher - [INFO] Downloading from sonatype: https://oss.sonatype.org/content/repositories/releases/com/nimbusds/lang-tag/maven-metadata.xml
18:26:05.926 [Thread-7] DEBUG spoon.Launcher - [INFO] Downloading from sonatype-apache: https://repository.apache.org/content/repositories/releases/com/nimbusds/lang-tag/maven-metadata.xml
18:26:05.939 [Thread-7] DEBUG spoon.Launcher - [INFO] Downloading from apache-snapshots: https://repository.apache.org/snapshots/com/nimbusds/lang-tag/maven-metadata.xml
18:26:06.062 [Thread-7] DEBUG spoon.Launcher - [INFO] Downloaded from sonatype: https://oss.sonatype.org/content/repositories/releases/com/nimbusds/lang-tag/maven-metadata.xml (563 B at 4.2 kB/s)
18:26:06.379 [Thread-7] DEBUG spoon.Launcher - [INFO] 
18:26:06.380 [Thread-7] DEBUG spoon.Launcher - [INFO] --- maven-dependency-plugin:2.8:build-classpath (default-cli) @ pac4j-config ---
18:26:06.935 [Thread-7] DEBUG spoon.Launcher - [INFO] Wrote classpath file '/home/travis/build/SpoonLabs/spoon-ci-external/spoon/src/test/resources/maven-launcher/pac4j/pac4j-config/spoon.classpath.tmp'.
18:26:06.939 [Thread-7] DEBUG spoon.Launcher - [INFO] ------------------------------------------------------------------------
18:26:06.944 [Thread-7] DEBUG spoon.Launcher - [INFO] BUILD SUCCESS
18:26:06.946 [Thread-7] DEBUG spoon.Launcher - [INFO] ------------------------------------------------------------------------
18:26:06.949 [Thread-7] DEBUG spoon.Launcher - [INFO] Total time:  3.717 s
18:26:06.951 [Thread-7] DEBUG spoon.Launcher - [INFO] Finished at: 2020-09-17T18:26:06Z
18:26:06.953 [Thread-7] DEBUG spoon.Launcher - [INFO] ------------------------------------------------------------------------
]]></system-out>
  </testcase>
  <testcase name="testSystemDependency" classname="spoon.MavenLauncherTest" time="0.219">
    <system-out><![CDATA[18:26:07.013 [main] INFO spoon.Launcher - Running in NOCLASSPATH mode (doc: http://spoon.gforge.inria.fr/launcher.html).
]]></system-out>
  </testcase>
  <testcase name="testRebuildClasspath" classname="spoon.MavenLauncherTest" time="3.105">
    <system-out><![CDATA[18:26:07.232 [main] INFO spoon.Launcher - Running in NOCLASSPATH mode (doc: http://spoon.gforge.inria.fr/launcher.html).
18:26:08.858 [Thread-10] DEBUG spoon.Launcher - [INFO] Scanning for projects...
18:26:08.932 [Thread-10] DEBUG spoon.Launcher - [WARNING] 
18:26:08.936 [Thread-10] DEBUG spoon.Launcher - [WARNING] Some problems were encountered while building the effective model for org.foo.bar:foobar:jar:1.0.0-SNAPSHOT
18:26:08.946 [Thread-10] DEBUG spoon.Launcher - [WARNING] 'dependencies.dependency.systemPath' for com.infradna.tool:bridge-method-annotation:jar should not point at files within the project directory, ${basedir}/lib/bridge-method-annotation-1.13.jar will be unresolvable by dependent projects @ line 18, column 25
18:26:08.947 [Thread-10] DEBUG spoon.Launcher - [WARNING] 
18:26:08.952 [Thread-10] DEBUG spoon.Launcher - [WARNING] It is highly recommended to fix these problems because they threaten the stability of your build.
18:26:08.952 [Thread-10] DEBUG spoon.Launcher - [WARNING] 
18:26:08.952 [Thread-10] DEBUG spoon.Launcher - [WARNING] For this reason, future Maven versions might no longer support building such malformed projects.
18:26:08.952 [Thread-10] DEBUG spoon.Launcher - [WARNING] 
18:26:09.271 [Thread-10] DEBUG spoon.Launcher - [INFO] 
18:26:09.271 [Thread-10] DEBUG spoon.Launcher - [INFO] -------------------------< org.foo.bar:foobar >-------------------------
18:26:09.273 [Thread-10] DEBUG spoon.Launcher - [INFO] Building foobar 1.0.0-SNAPSHOT
18:26:09.273 [Thread-10] DEBUG spoon.Launcher - [INFO] --------------------------------[ jar ]---------------------------------
18:26:09.298 [Thread-10] DEBUG spoon.Launcher - [INFO] 
18:26:09.298 [Thread-10] DEBUG spoon.Launcher - [INFO] --- maven-dependency-plugin:2.8:build-classpath (default-cli) @ foobar ---
18:26:10.322 [Thread-10] DEBUG spoon.Launcher - [INFO] Wrote classpath file '/home/travis/build/SpoonLabs/spoon-ci-external/spoon/src/test/resources/maven-launcher/system-dependency/spoon.classpath.tmp'.
18:26:10.322 [Thread-10] DEBUG spoon.Launcher - [INFO] ------------------------------------------------------------------------
18:26:10.322 [Thread-10] DEBUG spoon.Launcher - [INFO] BUILD SUCCESS
18:26:10.322 [Thread-10] DEBUG spoon.Launcher - [INFO] ------------------------------------------------------------------------
18:26:10.324 [Thread-10] DEBUG spoon.Launcher - [INFO] Total time:  1.491 s
18:26:10.325 [Thread-10] DEBUG spoon.Launcher - [INFO] Finished at: 2020-09-17T18:26:10Z
18:26:10.325 [Thread-10] DEBUG spoon.Launcher - [INFO] ------------------------------------------------------------------------
]]></system-out>
  </testcase>
  <testcase name="testTypeResolution" classname="spoon.MavenLauncherTest" time="0">
    <skipped/>
  </testcase>
  <testcase name="multiModulesProjectTest" classname="spoon.MavenLauncherTest" time="6.671">
    <system-out><![CDATA[18:26:10.350 [main] INFO spoon.Launcher - Running in NOCLASSPATH mode (doc: http://spoon.gforge.inria.fr/launcher.html).
18:26:11.961 [Thread-13] DEBUG spoon.Launcher - [INFO] Scanning for projects...
18:26:13.078 [Thread-13] DEBUG spoon.Launcher - [INFO] ------------------------------------------------------------------------
18:26:13.079 [Thread-13] DEBUG spoon.Launcher - [INFO] Reactor Build Order:
18:26:13.087 [Thread-13] DEBUG spoon.Launcher - [INFO] 
18:26:13.102 [Thread-13] DEBUG spoon.Launcher - [INFO] pac4j                                                              [pom]
18:26:13.110 [Thread-13] DEBUG spoon.Launcher - [INFO] pac4j core                                                         [jar]
18:26:13.111 [Thread-13] DEBUG spoon.Launcher - [INFO] pac4j for CAS protocol                                             [jar]
18:26:13.112 [Thread-13] DEBUG spoon.Launcher - [INFO] pac4j for SAML protocol                                            [jar]
18:26:13.113 [Thread-13] DEBUG spoon.Launcher - [INFO] pac4j for OAuth protocol                                           [jar]
18:26:13.113 [Thread-13] DEBUG spoon.Launcher - [INFO] pac4j for OpenID Connect protocol                                  [jar]
18:26:13.113 [Thread-13] DEBUG spoon.Launcher - [INFO] pac4j for LDAP                                                     [jar]
18:26:13.114 [Thread-13] DEBUG spoon.Launcher - [INFO] pac4j for HTTP protocol                                            [jar]
18:26:13.115 [Thread-13] DEBUG spoon.Launcher - [INFO] pac4j for relational DB                                            [jar]
18:26:13.115 [Thread-13] DEBUG spoon.Launcher - [INFO] pac4j configuration                                                [jar]
18:26:13.116 [Thread-13] DEBUG spoon.Launcher - [INFO] pac4j for OpenId protocol                                          [jar]
18:26:13.117 [Thread-13] DEBUG spoon.Launcher - [INFO] pac4j for GAE UserService mechanism                                [jar]
18:26:13.117 [Thread-13] DEBUG spoon.Launcher - [INFO] pac4j for JWT                                                      [jar]
18:26:13.118 [Thread-13] DEBUG spoon.Launcher - [INFO] pac4j for MongoDB                                                  [jar]
18:26:13.118 [Thread-13] DEBUG spoon.Launcher - [INFO] pac4j for CouchDB                                                  [jar]
18:26:13.118 [Thread-13] DEBUG spoon.Launcher - [INFO] pac4j for Kerberos                                                 [jar]
18:26:13.355 [Thread-13] DEBUG spoon.Launcher - [INFO] 
18:26:13.356 [Thread-13] DEBUG spoon.Launcher - [INFO] --------------------------< org.pac4j:pac4j >---------------------------
18:26:13.357 [Thread-13] DEBUG spoon.Launcher - [INFO] Building pac4j 3.0.0                                              [1/16]
18:26:13.358 [Thread-13] DEBUG spoon.Launcher - [INFO] --------------------------------[ pom ]---------------------------------
18:26:13.372 [Thread-13] DEBUG spoon.Launcher - [INFO] 
18:26:13.374 [Thread-13] DEBUG spoon.Launcher - [INFO] --- maven-dependency-plugin:2.8:build-classpath (default-cli) @ pac4j ---
18:26:13.956 [Thread-13] DEBUG spoon.Launcher - [INFO] No dependencies found.
18:26:13.957 [Thread-13] DEBUG spoon.Launcher - [INFO] Wrote classpath file '/home/travis/build/SpoonLabs/spoon-ci-external/spoon/src/test/resources/maven-launcher/pac4j/spoon.classpath.tmp'.
18:26:13.959 [Thread-13] DEBUG spoon.Launcher - [INFO] 
18:26:13.959 [Thread-13] DEBUG spoon.Launcher - [INFO] ------------------------< org.pac4j:pac4j-core >------------------------
18:26:13.960 [Thread-13] DEBUG spoon.Launcher - [INFO] Building pac4j core 3.0.0                                         [2/16]
18:26:13.960 [Thread-13] DEBUG spoon.Launcher - [INFO] --------------------------------[ jar ]---------------------------------
18:26:14.044 [Thread-13] DEBUG spoon.Launcher - [INFO] 
18:26:14.044 [Thread-13] DEBUG spoon.Launcher - [INFO] --- maven-dependency-plugin:2.8:build-classpath (default-cli) @ pac4j-core ---
18:26:14.576 [Thread-13] DEBUG spoon.Launcher - [INFO] Wrote classpath file '/home/travis/build/SpoonLabs/spoon-ci-external/spoon/src/test/resources/maven-launcher/pac4j/pac4j-core/spoon.classpath.tmp'.
18:26:14.578 [Thread-13] DEBUG spoon.Launcher - [INFO] 
18:26:14.578 [Thread-13] DEBUG spoon.Launcher - [INFO] ------------------------< org.pac4j:pac4j-cas >-------------------------
18:26:14.578 [Thread-13] DEBUG spoon.Launcher - [INFO] Building pac4j for CAS protocol 3.0.0                             [3/16]
18:26:14.578 [Thread-13] DEBUG spoon.Launcher - [INFO] --------------------------------[ jar ]---------------------------------
18:26:14.594 [Thread-13] DEBUG spoon.Launcher - [INFO] 
18:26:14.594 [Thread-13] DEBUG spoon.Launcher - [INFO] --- maven-dependency-plugin:2.8:build-classpath (default-cli) @ pac4j-cas ---
18:26:14.600 [Thread-13] DEBUG spoon.Launcher - [INFO] Wrote classpath file '/home/travis/build/SpoonLabs/spoon-ci-external/spoon/src/test/resources/maven-launcher/pac4j/pac4j-cas/spoon.classpath.tmp'.
18:26:14.600 [Thread-13] DEBUG spoon.Launcher - [INFO] 
18:26:14.600 [Thread-13] DEBUG spoon.Launcher - [INFO] ------------------------< org.pac4j:pac4j-saml >------------------------
18:26:14.600 [Thread-13] DEBUG spoon.Launcher - [INFO] Building pac4j for SAML protocol 3.0.0                            [4/16]
18:26:14.601 [Thread-13] DEBUG spoon.Launcher - [INFO] --------------------------------[ jar ]---------------------------------
18:26:14.765 [Thread-13] DEBUG spoon.Launcher - [INFO] 
18:26:14.766 [Thread-13] DEBUG spoon.Launcher - [INFO] --- maven-dependency-plugin:2.8:build-classpath (default-cli) @ pac4j-saml ---
18:26:14.776 [Thread-13] DEBUG spoon.Launcher - [INFO] Wrote classpath file '/home/travis/build/SpoonLabs/spoon-ci-external/spoon/src/test/resources/maven-launcher/pac4j/pac4j-saml/spoon.classpath.tmp'.
18:26:14.776 [Thread-13] DEBUG spoon.Launcher - [INFO] 
18:26:14.777 [Thread-13] DEBUG spoon.Launcher - [INFO] -----------------------< org.pac4j:pac4j-oauth >------------------------
18:26:14.777 [Thread-13] DEBUG spoon.Launcher - [INFO] Building pac4j for OAuth protocol 3.0.0                           [5/16]
18:26:14.777 [Thread-13] DEBUG spoon.Launcher - [INFO] --------------------------------[ jar ]---------------------------------
18:26:14.795 [Thread-13] DEBUG spoon.Launcher - [INFO] 
18:26:14.796 [Thread-13] DEBUG spoon.Launcher - [INFO] --- maven-dependency-plugin:2.8:build-classpath (default-cli) @ pac4j-oauth ---
18:26:14.806 [Thread-13] DEBUG spoon.Launcher - [INFO] Wrote classpath file '/home/travis/build/SpoonLabs/spoon-ci-external/spoon/src/test/resources/maven-launcher/pac4j/pac4j-oauth/spoon.classpath.tmp'.
18:26:14.807 [Thread-13] DEBUG spoon.Launcher - [INFO] 
18:26:14.807 [Thread-13] DEBUG spoon.Launcher - [INFO] ------------------------< org.pac4j:pac4j-oidc >------------------------
18:26:14.807 [Thread-13] DEBUG spoon.Launcher - [INFO] Building pac4j for OpenID Connect protocol 3.0.0                  [6/16]
18:26:14.807 [Thread-13] DEBUG spoon.Launcher - [INFO] --------------------------------[ jar ]---------------------------------
18:26:15.163 [Thread-13] DEBUG spoon.Launcher - [INFO] Downloading from sonatype: https://oss.sonatype.org/content/repositories/releases/com/nimbusds/lang-tag/maven-metadata.xml
18:26:15.164 [Thread-13] DEBUG spoon.Launcher - [INFO] Downloading from apache-snapshots: https://repository.apache.org/snapshots/com/nimbusds/lang-tag/maven-metadata.xml
18:26:15.164 [Thread-13] DEBUG spoon.Launcher - [INFO] Downloading from sonatype-apache: https://repository.apache.org/content/repositories/releases/com/nimbusds/lang-tag/maven-metadata.xml
18:26:16.064 [Thread-13] DEBUG spoon.Launcher - [INFO] Downloaded from sonatype: https://oss.sonatype.org/content/repositories/releases/com/nimbusds/lang-tag/maven-metadata.xml (563 B at 621 B/s)
18:26:16.093 [Thread-13] DEBUG spoon.Launcher - [INFO] Downloading from sonatype: https://oss.sonatype.org/content/repositories/releases/net/minidev/json-smart/maven-metadata.xml
18:26:16.102 [Thread-13] DEBUG spoon.Launcher - [INFO] Downloading from sonatype-apache: https://repository.apache.org/content/repositories/releases/net/minidev/json-smart/maven-metadata.xml
18:26:16.109 [Thread-13] DEBUG spoon.Launcher - [INFO] Downloading from apache-snapshots: https://repository.apache.org/snapshots/net/minidev/json-smart/maven-metadata.xml
18:26:16.223 [Thread-13] DEBUG spoon.Launcher - [INFO] Downloaded from sonatype: https://oss.sonatype.org/content/repositories/releases/net/minidev/json-smart/maven-metadata.xml (849 B at 6.5 kB/s)
18:26:16.505 [Thread-13] DEBUG spoon.Launcher - [INFO] 
18:26:16.505 [Thread-13] DEBUG spoon.Launcher - [INFO] --- maven-dependency-plugin:2.8:build-classpath (default-cli) @ pac4j-oidc ---
18:26:16.507 [Thread-13] DEBUG spoon.Launcher - [INFO] Wrote classpath file '/home/travis/build/SpoonLabs/spoon-ci-external/spoon/src/test/resources/maven-launcher/pac4j/pac4j-oidc/spoon.classpath.tmp'.
18:26:16.507 [Thread-13] DEBUG spoon.Launcher - [INFO] 
18:26:16.507 [Thread-13] DEBUG spoon.Launcher - [INFO] ------------------------< org.pac4j:pac4j-ldap >------------------------
18:26:16.508 [Thread-13] DEBUG spoon.Launcher - [INFO] Building pac4j for LDAP 3.0.0                                     [7/16]
18:26:16.508 [Thread-13] DEBUG spoon.Launcher - [INFO] --------------------------------[ jar ]---------------------------------
18:26:16.524 [Thread-13] DEBUG spoon.Launcher - [INFO] 
18:26:16.527 [Thread-13] DEBUG spoon.Launcher - [INFO] --- maven-dependency-plugin:2.8:build-classpath (default-cli) @ pac4j-ldap ---
18:26:16.543 [Thread-13] DEBUG spoon.Launcher - [INFO] Wrote classpath file '/home/travis/build/SpoonLabs/spoon-ci-external/spoon/src/test/resources/maven-launcher/pac4j/pac4j-ldap/spoon.classpath.tmp'.
18:26:16.544 [Thread-13] DEBUG spoon.Launcher - [INFO] 
18:26:16.545 [Thread-13] DEBUG spoon.Launcher - [INFO] ------------------------< org.pac4j:pac4j-http >------------------------
18:26:16.546 [Thread-13] DEBUG spoon.Launcher - [INFO] Building pac4j for HTTP protocol 3.0.0                            [8/16]
18:26:16.547 [Thread-13] DEBUG spoon.Launcher - [INFO] --------------------------------[ jar ]---------------------------------
18:26:16.558 [Thread-13] DEBUG spoon.Launcher - [INFO] 
18:26:16.560 [Thread-13] DEBUG spoon.Launcher - [INFO] --- maven-dependency-plugin:2.8:build-classpath (default-cli) @ pac4j-http ---
18:26:16.564 [Thread-13] DEBUG spoon.Launcher - [INFO] Wrote classpath file '/home/travis/build/SpoonLabs/spoon-ci-external/spoon/src/test/resources/maven-launcher/pac4j/pac4j-http/spoon.classpath.tmp'.
18:26:16.565 [Thread-13] DEBUG spoon.Launcher - [INFO] 
18:26:16.566 [Thread-13] DEBUG spoon.Launcher - [INFO] ------------------------< org.pac4j:pac4j-sql >-------------------------
18:26:16.578 [Thread-13] DEBUG spoon.Launcher - [INFO] Building pac4j for relational DB 3.0.0                            [9/16]
18:26:16.579 [Thread-13] DEBUG spoon.Launcher - [INFO] --------------------------------[ jar ]---------------------------------
18:26:16.590 [Thread-13] DEBUG spoon.Launcher - [INFO] 
18:26:16.591 [Thread-13] DEBUG spoon.Launcher - [INFO] --- maven-dependency-plugin:2.8:build-classpath (default-cli) @ pac4j-sql ---
18:26:16.604 [Thread-13] DEBUG spoon.Launcher - [INFO] Wrote classpath file '/home/travis/build/SpoonLabs/spoon-ci-external/spoon/src/test/resources/maven-launcher/pac4j/pac4j-sql/spoon.classpath.tmp'.
18:26:16.604 [Thread-13] DEBUG spoon.Launcher - [INFO] 
18:26:16.605 [Thread-13] DEBUG spoon.Launcher - [INFO] -----------------------< org.pac4j:pac4j-config >-----------------------
18:26:16.607 [Thread-13] DEBUG spoon.Launcher - [INFO] Building pac4j configuration 3.0.0                               [10/16]
18:26:16.608 [Thread-13] DEBUG spoon.Launcher - [INFO] --------------------------------[ jar ]---------------------------------
18:26:16.645 [Thread-13] DEBUG spoon.Launcher - [INFO] 
18:26:16.646 [Thread-13] DEBUG spoon.Launcher - [INFO] --- maven-dependency-plugin:2.8:build-classpath (default-cli) @ pac4j-config ---
18:26:16.651 [Thread-13] DEBUG spoon.Launcher - [INFO] Wrote classpath file '/home/travis/build/SpoonLabs/spoon-ci-external/spoon/src/test/resources/maven-launcher/pac4j/pac4j-config/spoon.classpath.tmp'.
18:26:16.652 [Thread-13] DEBUG spoon.Launcher - [INFO] 
18:26:16.653 [Thread-13] DEBUG spoon.Launcher - [INFO] -----------------------< org.pac4j:pac4j-openid >-----------------------
18:26:16.654 [Thread-13] DEBUG spoon.Launcher - [INFO] Building pac4j for OpenId protocol 3.0.0                         [11/16]
18:26:16.655 [Thread-13] DEBUG spoon.Launcher - [INFO] --------------------------------[ jar ]---------------------------------
18:26:16.675 [Thread-13] DEBUG spoon.Launcher - [WARNING] The artifact xml-apis:xml-apis:jar:2.0.2 has been relocated to xml-apis:xml-apis:jar:1.0.b2
18:26:16.677 [Thread-13] DEBUG spoon.Launcher - [INFO] 
18:26:16.678 [Thread-13] DEBUG spoon.Launcher - [INFO] --- maven-dependency-plugin:2.8:build-classpath (default-cli) @ pac4j-openid ---
18:26:16.687 [Thread-13] DEBUG spoon.Launcher - [INFO] Wrote classpath file '/home/travis/build/SpoonLabs/spoon-ci-external/spoon/src/test/resources/maven-launcher/pac4j/pac4j-openid/spoon.classpath.tmp'.
18:26:16.688 [Thread-13] DEBUG spoon.Launcher - [INFO] 
18:26:16.688 [Thread-13] DEBUG spoon.Launcher - [INFO] ------------------------< org.pac4j:pac4j-gae >-------------------------
18:26:16.688 [Thread-13] DEBUG spoon.Launcher - [INFO] Building pac4j for GAE UserService mechanism 3.0.0               [12/16]
18:26:16.688 [Thread-13] DEBUG spoon.Launcher - [INFO] --------------------------------[ jar ]---------------------------------
18:26:16.701 [Thread-13] DEBUG spoon.Launcher - [INFO] 
18:26:16.701 [Thread-13] DEBUG spoon.Launcher - [INFO] --- maven-dependency-plugin:2.8:build-classpath (default-cli) @ pac4j-gae ---
18:26:16.706 [Thread-13] DEBUG spoon.Launcher - [INFO] Wrote classpath file '/home/travis/build/SpoonLabs/spoon-ci-external/spoon/src/test/resources/maven-launcher/pac4j/pac4j-gae/spoon.classpath.tmp'.
18:26:16.706 [Thread-13] DEBUG spoon.Launcher - [INFO] 
18:26:16.706 [Thread-13] DEBUG spoon.Launcher - [INFO] ------------------------< org.pac4j:pac4j-jwt >-------------------------
18:26:16.707 [Thread-13] DEBUG spoon.Launcher - [INFO] Building pac4j for JWT 3.0.0                                     [13/16]
18:26:16.707 [Thread-13] DEBUG spoon.Launcher - [INFO] --------------------------------[ jar ]---------------------------------
18:26:16.718 [Thread-13] DEBUG spoon.Launcher - [INFO] 
18:26:16.718 [Thread-13] DEBUG spoon.Launcher - [INFO] --- maven-dependency-plugin:2.8:build-classpath (default-cli) @ pac4j-jwt ---
18:26:16.721 [Thread-13] DEBUG spoon.Launcher - [INFO] Wrote classpath file '/home/travis/build/SpoonLabs/spoon-ci-external/spoon/src/test/resources/maven-launcher/pac4j/pac4j-jwt/spoon.classpath.tmp'.
18:26:16.721 [Thread-13] DEBUG spoon.Launcher - [INFO] 
18:26:16.722 [Thread-13] DEBUG spoon.Launcher - [INFO] -----------------------< org.pac4j:pac4j-mongo >------------------------
18:26:16.722 [Thread-13] DEBUG spoon.Launcher - [INFO] Building pac4j for MongoDB 3.0.0                                 [14/16]
18:26:16.722 [Thread-13] DEBUG spoon.Launcher - [INFO] --------------------------------[ jar ]---------------------------------
18:26:16.741 [Thread-13] DEBUG spoon.Launcher - [INFO] 
18:26:16.742 [Thread-13] DEBUG spoon.Launcher - [INFO] --- maven-dependency-plugin:2.8:build-classpath (default-cli) @ pac4j-mongo ---
18:26:16.747 [Thread-13] DEBUG spoon.Launcher - [INFO] Wrote classpath file '/home/travis/build/SpoonLabs/spoon-ci-external/spoon/src/test/resources/maven-launcher/pac4j/pac4j-mongo/spoon.classpath.tmp'.
18:26:16.748 [Thread-13] DEBUG spoon.Launcher - [INFO] 
18:26:16.749 [Thread-13] DEBUG spoon.Launcher - [INFO] -----------------------< org.pac4j:pac4j-couch >------------------------
18:26:16.750 [Thread-13] DEBUG spoon.Launcher - [INFO] Building pac4j for CouchDB 3.0.0                                 [15/16]
18:26:16.751 [Thread-13] DEBUG spoon.Launcher - [INFO] --------------------------------[ jar ]---------------------------------
18:26:16.812 [Thread-13] DEBUG spoon.Launcher - [INFO] 
18:26:16.813 [Thread-13] DEBUG spoon.Launcher - [INFO] --- maven-dependency-plugin:2.8:build-classpath (default-cli) @ pac4j-couch ---
18:26:16.818 [Thread-13] DEBUG spoon.Launcher - [INFO] Wrote classpath file '/home/travis/build/SpoonLabs/spoon-ci-external/spoon/src/test/resources/maven-launcher/pac4j/pac4j-couch/spoon.classpath.tmp'.
18:26:16.818 [Thread-13] DEBUG spoon.Launcher - [INFO] 
18:26:16.819 [Thread-13] DEBUG spoon.Launcher - [INFO] ----------------------< org.pac4j:pac4j-kerberos >----------------------
18:26:16.820 [Thread-13] DEBUG spoon.Launcher - [INFO] Building pac4j for Kerberos 3.0.0                                [16/16]
18:26:16.821 [Thread-13] DEBUG spoon.Launcher - [INFO] --------------------------------[ jar ]---------------------------------
18:26:16.940 [Thread-13] DEBUG spoon.Launcher - [INFO] 
18:26:16.941 [Thread-13] DEBUG spoon.Launcher - [INFO] --- maven-dependency-plugin:2.8:build-classpath (default-cli) @ pac4j-kerberos ---
18:26:16.951 [Thread-13] DEBUG spoon.Launcher - [INFO] Wrote classpath file '/home/travis/build/SpoonLabs/spoon-ci-external/spoon/src/test/resources/maven-launcher/pac4j/pac4j-kerberos/spoon.classpath.tmp'.
18:26:16.953 [Thread-13] DEBUG spoon.Launcher - [INFO] ------------------------------------------------------------------------
18:26:16.953 [Thread-13] DEBUG spoon.Launcher - [INFO] Reactor Summary for pac4j 3.0.0:
18:26:16.953 [Thread-13] DEBUG spoon.Launcher - [INFO] 
18:26:16.955 [Thread-13] DEBUG spoon.Launcher - [INFO] pac4j .............................................. SUCCESS [  0.603 s]
18:26:16.955 [Thread-13] DEBUG spoon.Launcher - [INFO] pac4j core ......................................... SUCCESS [  0.618 s]
18:26:16.956 [Thread-13] DEBUG spoon.Launcher - [INFO] pac4j for CAS protocol ............................. SUCCESS [  0.023 s]
18:26:16.957 [Thread-13] DEBUG spoon.Launcher - [INFO] pac4j for SAML protocol ............................ SUCCESS [  0.176 s]
18:26:16.958 [Thread-13] DEBUG spoon.Launcher - [INFO] pac4j for OAuth protocol ........................... SUCCESS [  0.031 s]
18:26:16.962 [Thread-13] DEBUG spoon.Launcher - [INFO] pac4j for OpenID Connect protocol .................. SUCCESS [  1.700 s]
18:26:16.963 [Thread-13] DEBUG spoon.Launcher - [INFO] pac4j for LDAP ..................................... SUCCESS [  0.037 s]
18:26:16.964 [Thread-13] DEBUG spoon.Launcher - [INFO] pac4j for HTTP protocol ............................ SUCCESS [  0.021 s]
18:26:16.964 [Thread-13] DEBUG spoon.Launcher - [INFO] pac4j for relational DB ............................ SUCCESS [  0.039 s]
18:26:16.965 [Thread-13] DEBUG spoon.Launcher - [INFO] pac4j configuration ................................ SUCCESS [  0.047 s]
18:26:16.966 [Thread-13] DEBUG spoon.Launcher - [INFO] pac4j for OpenId protocol .......................... SUCCESS [  0.036 s]
18:26:16.967 [Thread-13] DEBUG spoon.Launcher - [INFO] pac4j for GAE UserService mechanism ................ SUCCESS [  0.019 s]
18:26:16.968 [Thread-13] DEBUG spoon.Launcher - [INFO] pac4j for JWT ...................................... SUCCESS [  0.015 s]
18:26:16.969 [Thread-13] DEBUG spoon.Launcher - [INFO] pac4j for MongoDB .................................. SUCCESS [  0.027 s]
18:26:16.970 [Thread-13] DEBUG spoon.Launcher - [INFO] pac4j for CouchDB .................................. SUCCESS [  0.070 s]
18:26:16.970 [Thread-13] DEBUG spoon.Launcher - [INFO] pac4j for Kerberos ................................. SUCCESS [  0.134 s]
18:26:16.971 [Thread-13] DEBUG spoon.Launcher - [INFO] ------------------------------------------------------------------------
18:26:16.971 [Thread-13] DEBUG spoon.Launcher - [INFO] BUILD SUCCESS
18:26:16.972 [Thread-13] DEBUG spoon.Launcher - [INFO] ------------------------------------------------------------------------
18:26:16.973 [Thread-13] DEBUG spoon.Launcher - [INFO] Total time:  5.035 s
18:26:16.973 [Thread-13] DEBUG spoon.Launcher - [INFO] Finished at: 2020-09-17T18:26:16Z
18:26:16.974 [Thread-13] DEBUG spoon.Launcher - [INFO] ------------------------------------------------------------------------
]]></system-out>
  </testcase>
  <testcase name="mavenLauncherOnANotExistingFileTest" classname="spoon.MavenLauncherTest" time="0.002">
    <system-out><![CDATA[18:26:17.020 [main] INFO spoon.Launcher - Running in NOCLASSPATH mode (doc: http://spoon.gforge.inria.fr/launcher.html).
]]></system-out>
  </testcase>
  <testcase name="spoonMavenLauncherTest" classname="spoon.MavenLauncherTest" time="14.006">
    <system-out><![CDATA[18:26:17.021 [main] INFO spoon.Launcher - Running in NOCLASSPATH mode (doc: http://spoon.gforge.inria.fr/launcher.html).
18:26:19.136 [Thread-16] DEBUG spoon.Launcher - [INFO] Scanning for projects...
18:26:20.208 [Thread-16] DEBUG spoon.Launcher - [INFO] Inspecting build with total of 1 modules...
18:26:20.209 [Thread-16] DEBUG spoon.Launcher - [INFO] Installing Nexus Staging features:
18:26:20.211 [Thread-16] DEBUG spoon.Launcher - [INFO]   ... total of 1 executions of maven-deploy-plugin replaced with nexus-staging-maven-plugin
18:26:20.289 [Thread-16] DEBUG spoon.Launcher - [INFO] 
18:26:20.290 [Thread-16] DEBUG spoon.Launcher - [INFO] ------------------< fr.inria.gforge.spoon:spoon-core >------------------
18:26:20.291 [Thread-16] DEBUG spoon.Launcher - [INFO] Building Spoon Core 8.3.0-SNAPSHOT
18:26:20.292 [Thread-16] DEBUG spoon.Launcher - [INFO] --------------------------------[ jar ]---------------------------------
18:26:20.763 [Thread-16] DEBUG spoon.Launcher - [INFO] Downloading from sonatype: https://oss.sonatype.org/content/repositories/releases/junit/junit-dep/maven-metadata.xml
18:26:20.765 [Thread-16] DEBUG spoon.Launcher - [INFO] Downloading from maven.inria.fr-snapshot: https://maven.irisa.fr/artifactory/spoon-public-snapshot/junit/junit-dep/maven-metadata.xml
18:26:20.772 [Thread-16] DEBUG spoon.Launcher - [INFO] Downloading from apache-snapshots: https://repository.apache.org/snapshots/junit/junit-dep/maven-metadata.xml
18:26:20.776 [Thread-16] DEBUG spoon.Launcher - [INFO] Downloading from sonatype-apache: https://repository.apache.org/content/repositories/releases/junit/junit-dep/maven-metadata.xml
18:26:21.602 [Thread-16] DEBUG spoon.Launcher - [INFO] Downloaded from sonatype: https://oss.sonatype.org/content/repositories/releases/junit/junit-dep/maven-metadata.xml (563 B at 669 B/s)
18:26:21.604 [Thread-16] DEBUG spoon.Launcher - [WARNING] Could not transfer metadata junit:junit-dep/maven-metadata.xml from/to maven.inria.fr-snapshot (https://maven.irisa.fr/artifactory/spoon-public-snapshot): Transfer failed for https://maven.irisa.fr/artifactory/spoon-public-snapshot/junit/junit-dep/maven-metadata.xml
18:26:21.629 [Thread-16] DEBUG spoon.Launcher - [INFO] 
18:26:21.629 [Thread-16] DEBUG spoon.Launcher - [INFO] --- maven-dependency-plugin:3.1.2:build-classpath (default-cli) @ spoon-core ---
18:26:22.342 [Thread-16] DEBUG spoon.Launcher - [INFO] Wrote classpath file '/home/travis/build/SpoonLabs/spoon-ci-external/spoon/spoon.classpath-app.tmp'.
18:26:22.344 [Thread-16] DEBUG spoon.Launcher - [INFO] ------------------------------------------------------------------------
18:26:22.344 [Thread-16] DEBUG spoon.Launcher - [INFO] BUILD SUCCESS
18:26:22.345 [Thread-16] DEBUG spoon.Launcher - [INFO] ------------------------------------------------------------------------
18:26:22.347 [Thread-16] DEBUG spoon.Launcher - [INFO] Total time:  3.235 s
18:26:22.348 [Thread-16] DEBUG spoon.Launcher - [INFO] Finished at: 2020-09-17T18:26:22Z
18:26:22.349 [Thread-16] DEBUG spoon.Launcher - [INFO] ------------------------------------------------------------------------
18:26:22.451 [main] INFO spoon.Launcher - Running in NOCLASSPATH mode (doc: http://spoon.gforge.inria.fr/launcher.html).
18:26:23.939 [Thread-19] DEBUG spoon.Launcher - [INFO] Scanning for projects...
18:26:25.071 [Thread-19] DEBUG spoon.Launcher - [INFO] Inspecting build with total of 1 modules...
18:26:25.073 [Thread-19] DEBUG spoon.Launcher - [INFO] Installing Nexus Staging features:
18:26:25.075 [Thread-19] DEBUG spoon.Launcher - [INFO]   ... total of 1 executions of maven-deploy-plugin replaced with nexus-staging-maven-plugin
18:26:25.149 [Thread-19] DEBUG spoon.Launcher - [INFO] 
18:26:25.150 [Thread-19] DEBUG spoon.Launcher - [INFO] ------------------< fr.inria.gforge.spoon:spoon-core >------------------
18:26:25.151 [Thread-19] DEBUG spoon.Launcher - [INFO] Building Spoon Core 8.3.0-SNAPSHOT
18:26:25.152 [Thread-19] DEBUG spoon.Launcher - [INFO] --------------------------------[ jar ]---------------------------------
18:26:25.665 [Thread-19] DEBUG spoon.Launcher - [INFO] Downloading from maven.inria.fr-snapshot: https://maven.irisa.fr/artifactory/spoon-public-snapshot/junit/junit-dep/maven-metadata.xml
18:26:25.668 [Thread-19] DEBUG spoon.Launcher - [INFO] Downloading from apache-snapshots: https://repository.apache.org/snapshots/junit/junit-dep/maven-metadata.xml
18:26:25.816 [Thread-19] DEBUG spoon.Launcher - [INFO] Downloading from sonatype: https://oss.sonatype.org/content/repositories/releases/junit/junit-dep/maven-metadata.xml
18:26:25.819 [Thread-19] DEBUG spoon.Launcher - [INFO] Downloading from sonatype-apache: https://repository.apache.org/content/repositories/releases/junit/junit-dep/maven-metadata.xml
18:26:26.823 [Thread-19] DEBUG spoon.Launcher - [INFO] Downloaded from sonatype: https://oss.sonatype.org/content/repositories/releases/junit/junit-dep/maven-metadata.xml (563 B at 487 B/s)
18:26:26.825 [Thread-19] DEBUG spoon.Launcher - [WARNING] Could not transfer metadata junit:junit-dep/maven-metadata.xml from/to maven.inria.fr-snapshot (https://maven.irisa.fr/artifactory/spoon-public-snapshot): Transfer failed for https://maven.irisa.fr/artifactory/spoon-public-snapshot/junit/junit-dep/maven-metadata.xml
18:26:26.866 [Thread-19] DEBUG spoon.Launcher - [INFO] 
18:26:26.871 [Thread-19] DEBUG spoon.Launcher - [INFO] --- maven-dependency-plugin:3.1.2:build-classpath (default-cli) @ spoon-core ---
18:26:27.692 [Thread-19] DEBUG spoon.Launcher - [INFO] Wrote classpath file '/home/travis/build/SpoonLabs/spoon-ci-external/spoon/spoon.classpath.tmp'.
18:26:27.692 [Thread-19] DEBUG spoon.Launcher - [INFO] ------------------------------------------------------------------------
18:26:27.692 [Thread-19] DEBUG spoon.Launcher - [INFO] BUILD SUCCESS
18:26:27.693 [Thread-19] DEBUG spoon.Launcher - [INFO] ------------------------------------------------------------------------
18:26:27.694 [Thread-19] DEBUG spoon.Launcher - [INFO] Total time:  3.778 s
18:26:27.695 [Thread-19] DEBUG spoon.Launcher - [INFO] Finished at: 2020-09-17T18:26:27Z
18:26:27.695 [Thread-19] DEBUG spoon.Launcher - [INFO] ------------------------------------------------------------------------
18:26:27.810 [main] INFO spoon.Launcher - Running in NOCLASSPATH mode (doc: http://spoon.gforge.inria.fr/launcher.html).
18:26:28.022 [main] INFO spoon.Launcher - Running in NOCLASSPATH mode (doc: http://spoon.gforge.inria.fr/launcher.html).
18:26:29.492 [Thread-22] DEBUG spoon.Launcher - [INFO] Scanning for projects...
18:26:29.896 [Thread-22] DEBUG spoon.Launcher - [INFO] 
18:26:29.897 [Thread-22] DEBUG spoon.Launcher - [INFO] -------------------------< org.foo.bar:foobar >-------------------------
18:26:29.897 [Thread-22] DEBUG spoon.Launcher - [INFO] Building foobar 1.0.0-SNAPSHOT
18:26:29.899 [Thread-22] DEBUG spoon.Launcher - [INFO] --------------------------------[ jar ]---------------------------------
18:26:29.916 [Thread-22] DEBUG spoon.Launcher - [INFO] 
18:26:29.918 [Thread-22] DEBUG spoon.Launcher - [INFO] --- maven-dependency-plugin:2.8:build-classpath (default-cli) @ foobar ---
18:26:30.953 [Thread-22] DEBUG spoon.Launcher - [INFO] No dependencies found.
18:26:30.955 [Thread-22] DEBUG spoon.Launcher - [INFO] Wrote classpath file '/home/travis/build/SpoonLabs/spoon-ci-external/spoon/src/test/resources/maven-launcher/java-11/spoon.classpath-app.tmp'.
18:26:30.958 [Thread-22] DEBUG spoon.Launcher - [INFO] ------------------------------------------------------------------------
18:26:30.959 [Thread-22] DEBUG spoon.Launcher - [INFO] BUILD SUCCESS
18:26:30.960 [Thread-22] DEBUG spoon.Launcher - [INFO] ------------------------------------------------------------------------
18:26:30.962 [Thread-22] DEBUG spoon.Launcher - [INFO] Total time:  1.490 s
18:26:30.962 [Thread-22] DEBUG spoon.Launcher - [INFO] Finished at: 2020-09-17T18:26:30Z
18:26:30.963 [Thread-22] DEBUG spoon.Launcher - [INFO] ------------------------------------------------------------------------
18:26:30.989 [main] INFO spoon.Launcher - Running in NOCLASSPATH mode (doc: http://spoon.gforge.inria.fr/launcher.html).
]]></system-out>
  </testcase>
  <testcase name="mavenLauncherTestWithVerySimpleProject" classname="spoon.MavenLauncherTest" time="2.802">
    <system-out><![CDATA[18:26:31.043 [main] INFO spoon.Launcher - Running in NOCLASSPATH mode (doc: http://spoon.gforge.inria.fr/launcher.html).
18:26:32.552 [Thread-25] DEBUG spoon.Launcher - [INFO] Scanning for projects...
18:26:32.927 [Thread-25] DEBUG spoon.Launcher - [INFO] 
18:26:32.928 [Thread-25] DEBUG spoon.Launcher - [INFO] -------------------------< org.foo.bar:foobar >-------------------------
18:26:32.934 [Thread-25] DEBUG spoon.Launcher - [INFO] Building foobar 1.0.0-SNAPSHOT
18:26:32.934 [Thread-25] DEBUG spoon.Launcher - [INFO] --------------------------------[ jar ]---------------------------------
18:26:32.950 [Thread-25] DEBUG spoon.Launcher - [INFO] 
18:26:32.955 [Thread-25] DEBUG spoon.Launcher - [INFO] --- maven-dependency-plugin:2.8:build-classpath (default-cli) @ foobar ---
18:26:33.825 [Thread-25] DEBUG spoon.Launcher - [INFO] No dependencies found.
18:26:33.830 [Thread-25] DEBUG spoon.Launcher - [INFO] Wrote classpath file '/home/travis/build/SpoonLabs/spoon-ci-external/spoon/src/test/resources/maven-launcher/very-simple/spoon.classpath.tmp'.
18:26:33.830 [Thread-25] DEBUG spoon.Launcher - [INFO] ------------------------------------------------------------------------
18:26:33.830 [Thread-25] DEBUG spoon.Launcher - [INFO] BUILD SUCCESS
18:26:33.830 [Thread-25] DEBUG spoon.Launcher - [INFO] ------------------------------------------------------------------------
18:26:33.830 [Thread-25] DEBUG spoon.Launcher - [INFO] Total time:  1.300 s
18:26:33.831 [Thread-25] DEBUG spoon.Launcher - [INFO] Finished at: 2020-09-17T18:26:33Z
18:26:33.831 [Thread-25] DEBUG spoon.Launcher - [INFO] ------------------------------------------------------------------------
]]></system-out>
  </testcase>
  <testcase name="testGuessMavenHome" classname="spoon.MavenLauncherTest" time="0.159"/>
  <testcase name="testPomSourceDirectory" classname="spoon.MavenLauncherTest" time="2.891">
    <system-out><![CDATA[18:26:34.003 [main] INFO spoon.Launcher - Running in NOCLASSPATH mode (doc: http://spoon.gforge.inria.fr/launcher.html).
18:26:35.564 [Thread-28] DEBUG spoon.Launcher - [INFO] Scanning for projects...
18:26:35.943 [Thread-28] DEBUG spoon.Launcher - [INFO] 
18:26:35.945 [Thread-28] DEBUG spoon.Launcher - [INFO] -------------------------< org.foo.bar:foobar >-------------------------
18:26:35.948 [Thread-28] DEBUG spoon.Launcher - [INFO] Building foobar 1.0.0-SNAPSHOT
18:26:35.951 [Thread-28] DEBUG spoon.Launcher - [INFO] --------------------------------[ jar ]---------------------------------
18:26:35.972 [Thread-28] DEBUG spoon.Launcher - [INFO] 
18:26:35.980 [Thread-28] DEBUG spoon.Launcher - [INFO] --- maven-dependency-plugin:2.8:build-classpath (default-cli) @ foobar ---
18:26:36.867 [Thread-28] DEBUG spoon.Launcher - [INFO] No dependencies found.
18:26:36.869 [Thread-28] DEBUG spoon.Launcher - [INFO] Wrote classpath file '/home/travis/build/SpoonLabs/spoon-ci-external/spoon/src/test/resources/maven-launcher/source-directory/spoon.classpath.tmp'.
18:26:36.872 [Thread-28] DEBUG spoon.Launcher - [INFO] ------------------------------------------------------------------------
18:26:36.872 [Thread-28] DEBUG spoon.Launcher - [INFO] BUILD SUCCESS
18:26:36.877 [Thread-28] DEBUG spoon.Launcher - [INFO] ------------------------------------------------------------------------
18:26:36.880 [Thread-28] DEBUG spoon.Launcher - [INFO] Total time:  1.342 s
18:26:36.881 [Thread-28] DEBUG spoon.Launcher - [INFO] Finished at: 2020-09-17T18:26:36Z
18:26:36.881 [Thread-28] DEBUG spoon.Launcher - [INFO] ------------------------------------------------------------------------
]]></system-out>
  </testcase>
  <testcase name="mavenLauncherOnDirectoryWithoutPomTest" classname="spoon.MavenLauncherTest" time="0.002">
    <system-out><![CDATA[18:26:36.895 [main] INFO spoon.Launcher - Running in NOCLASSPATH mode (doc: http://spoon.gforge.inria.fr/launcher.html).
]]></system-out>
  </testcase>
</testsuite>