<?xml version="1.0" encoding="UTF-8"?>
<testsuite xmlns:xsi="http://www.w3.org/2001/XMLSchema-instance" xsi:noNamespaceSchemaLocation="https://maven.apache.org/surefire/maven-surefire-plugin/xsd/surefire-test-report-3.0.xsd" version="3.0" name="spoon.test.filters.FilterTest" time="5.174" tests="46" errors="0" skipped="0" failures="0">
  <properties>
    <property name="awt.toolkit" value="sun.awt.X11.XToolkit"/>
    <property name="file.encoding.pkg" value="sun.io"/>
    <property name="java.specification.version" value="1.8"/>
    <property name="sun.cpu.isalist" value=""/>
    <property name="sun.jnu.encoding" value="UTF-8"/>
    <property name="java.class.path" value="/home/travis/.m2/repository/org/apache/maven/surefire/surefire-booter/3.0.0-M5/surefire-booter-3.0.0-M5.jar:/home/travis/.m2/repository/org/apache/maven/surefire/surefire-api/3.0.0-M5/surefire-api-3.0.0-M5.jar:/home/travis/.m2/repository/org/apache/maven/surefire/surefire-logger-api/3.0.0-M5/surefire-logger-api-3.0.0-M5.jar:/home/travis/.m2/repository/org/apache/maven/surefire/surefire-shared-utils/3.0.0-M4/surefire-shared-utils-3.0.0-M4.jar:/home/travis/.m2/repository/org/apache/maven/surefire/surefire-extensions-spi/3.0.0-M5/surefire-extensions-spi-3.0.0-M5.jar:/home/travis/build/SpoonLabs/spoon-ci-external/spoon/target/test-classes:/home/travis/build/SpoonLabs/spoon-ci-external/spoon/target/classes:/home/travis/.m2/repository/org/eclipse/jdt/org.eclipse.jdt.core/3.23.0/org.eclipse.jdt.core-3.23.0.jar:/home/travis/.m2/repository/com/martiansoftware/jsap/2.1/jsap-2.1.jar:/home/travis/.m2/repository/org/apache/logging/log4j/log4j-api/2.13.3/log4j-api-2.13.3.jar:/home/travis/.m2/repository/org/apache/logging/log4j/log4j-to-slf4j/2.13.3/log4j-to-slf4j-2.13.3.jar:/home/travis/.m2/repository/org/slf4j/slf4j-api/1.7.25/slf4j-api-1.7.25.jar:/home/travis/.m2/repository/commons-io/commons-io/2.8.0/commons-io-2.8.0.jar:/home/travis/.m2/repository/org/apache/maven/maven-model/3.6.3/maven-model-3.6.3.jar:/home/travis/.m2/repository/org/codehaus/plexus/plexus-utils/3.2.1/plexus-utils-3.2.1.jar:/home/travis/.m2/repository/org/apache/commons/commons-lang3/3.11/commons-lang3-3.11.jar:/home/travis/.m2/repository/org/tukaani/xz/1.8/xz-1.8.jar:/home/travis/.m2/repository/com/fasterxml/jackson/core/jackson-databind/2.11.3/jackson-databind-2.11.3.jar:/home/travis/.m2/repository/com/fasterxml/jackson/core/jackson-annotations/2.11.3/jackson-annotations-2.11.3.jar:/home/travis/.m2/repository/com/fasterxml/jackson/core/jackson-core/2.11.3/jackson-core-2.11.3.jar:/home/travis/.m2/repository/org/apache/commons/commons-compress/1.20/commons-compress-1.20.jar:/home/travis/.m2/repository/com/google/guava/guava/29.0-jre/guava-29.0-jre.jar:/home/travis/.m2/repository/com/google/guava/failureaccess/1.0.1/failureaccess-1.0.1.jar:/home/travis/.m2/repository/com/google/guava/listenablefuture/9999.0-empty-to-avoid-conflict-with-guava/listenablefuture-9999.0-empty-to-avoid-conflict-with-guava.jar:/home/travis/.m2/repository/com/google/code/findbugs/jsr305/3.0.2/jsr305-3.0.2.jar:/home/travis/.m2/repository/org/checkerframework/checker-qual/2.11.1/checker-qual-2.11.1.jar:/home/travis/.m2/repository/com/google/errorprone/error_prone_annotations/2.3.4/error_prone_annotations-2.3.4.jar:/home/travis/.m2/repository/com/google/j2objc/j2objc-annotations/1.3/j2objc-annotations-1.3.jar:/home/travis/.m2/repository/ch/qos/logback/logback-classic/1.2.3/logback-classic-1.2.3.jar:/home/travis/.m2/repository/ch/qos/logback/logback-core/1.2.3/logback-core-1.2.3.jar:/home/travis/.m2/repository/com/mysema/querydsl/querydsl-core/3.6.9/querydsl-core-3.6.9.jar:/home/travis/.m2/repository/org/apache/maven/shared/maven-invoker/3.0.1/maven-invoker-3.0.1.jar:/home/travis/.m2/repository/org/apache/maven/shared/maven-shared-utils/3.2.1/maven-shared-utils-3.2.1.jar:/home/travis/.m2/repository/org/codehaus/plexus/plexus-component-annotations/1.7.1/plexus-component-annotations-1.7.1.jar:/home/travis/.m2/repository/javax/validation/validation-api/2.0.1.Final/validation-api-2.0.1.Final.jar:/home/travis/.m2/repository/com/google/code/gson/gson/2.8.6/gson-2.8.6.jar:/home/travis/.m2/repository/org/junit/vintage/junit-vintage-engine/5.7.0/junit-vintage-engine-5.7.0.jar:/home/travis/.m2/repository/org/apiguardian/apiguardian-api/1.1.0/apiguardian-api-1.1.0.jar:/home/travis/.m2/repository/org/junit/platform/junit-platform-engine/1.7.0/junit-platform-engine-1.7.0.jar:/home/travis/.m2/repository/org/opentest4j/opentest4j/1.2.0/opentest4j-1.2.0.jar:/home/travis/.m2/repository/org/junit/platform/junit-platform-commons/1.7.0/junit-platform-commons-1.7.0.jar:/home/travis/.m2/repository/junit/junit/4.13/junit-4.13.jar:/home/travis/.m2/repository/org/hamcrest/hamcrest-core/1.3/hamcrest-core-1.3.jar:/home/travis/.m2/repository/org/mockito/mockito-core/3.5.13/mockito-core-3.5.13.jar:/home/travis/.m2/repository/net/bytebuddy/byte-buddy/1.10.15/byte-buddy-1.10.15.jar:/home/travis/.m2/repository/net/bytebuddy/byte-buddy-agent/1.10.15/byte-buddy-agent-1.10.15.jar:/home/travis/.m2/repository/org/objenesis/objenesis/3.1/objenesis-3.1.jar:/home/travis/.m2/repository/org/junit/jupiter/junit-jupiter-engine/5.7.0/junit-jupiter-engine-5.7.0.jar:/home/travis/.m2/repository/org/junit/jupiter/junit-jupiter-api/5.7.0/junit-jupiter-api-5.7.0.jar:/home/travis/.m2/repository/com/github/stefanbirkner/system-rules/1.19.0/system-rules-1.19.0.jar:/home/travis/.m2/repository/org/apache/maven/surefire/surefire-junit-platform/3.0.0-M5/surefire-junit-platform-3.0.0-M5.jar:/home/travis/.m2/repository/org/apache/maven/surefire/common-java5/3.0.0-M5/common-java5-3.0.0-M5.jar:/home/travis/.m2/repository/org/junit/platform/junit-platform-launcher/1.7.0/junit-platform-launcher-1.7.0.jar:/home/travis/.m2/repository/org/jacoco/org.jacoco.agent/0.8.6/org.jacoco.agent-0.8.6-runtime.jar"/>
    <property name="java.vm.vendor" value="Private Build"/>
    <property name="jdt.compiler.useSingleThread" value="true"/>
    <property name="sun.arch.data.model" value="64"/>
    <property name="sun.font.fontmanager" value="sun.awt.X11FontManager"/>
    <property name="java.vendor.url" value="http://java.oracle.com/"/>
    <property name="user.timezone" value="UTC"/>
    <property name="java.vm.specification.version" value="1.8"/>
    <property name="os.name" value="Linux"/>
    <property name="spoon.log.path" value="${java.io.tmpdir}/spoon-log.log"/>
    <property name="user.country" value="US"/>
    <property name="sun.java.launcher" value="SUN_STANDARD"/>
    <property name="sun.boot.library.path" value="/usr/lib/jvm/java-8-openjdk-amd64/jre/lib/amd64"/>
    <property name="sun.java.command" value="org.apache.maven.surefire.booter.ForkedBooter /home/travis/build/SpoonLabs/spoon-ci-external/spoon/target/surefire 2020-10-12T18-47-10_212-jvmRun1 surefire272239394162713794tmp surefire_0259586323995133670tmp"/>
    <property name="surefire.test.class.path" value="/home/travis/build/SpoonLabs/spoon-ci-external/spoon/target/test-classes:/home/travis/build/SpoonLabs/spoon-ci-external/spoon/target/classes:/home/travis/.m2/repository/org/eclipse/jdt/org.eclipse.jdt.core/3.23.0/org.eclipse.jdt.core-3.23.0.jar:/home/travis/.m2/repository/com/martiansoftware/jsap/2.1/jsap-2.1.jar:/home/travis/.m2/repository/org/apache/logging/log4j/log4j-api/2.13.3/log4j-api-2.13.3.jar:/home/travis/.m2/repository/org/apache/logging/log4j/log4j-to-slf4j/2.13.3/log4j-to-slf4j-2.13.3.jar:/home/travis/.m2/repository/org/slf4j/slf4j-api/1.7.25/slf4j-api-1.7.25.jar:/home/travis/.m2/repository/commons-io/commons-io/2.8.0/commons-io-2.8.0.jar:/home/travis/.m2/repository/org/apache/maven/maven-model/3.6.3/maven-model-3.6.3.jar:/home/travis/.m2/repository/org/codehaus/plexus/plexus-utils/3.2.1/plexus-utils-3.2.1.jar:/home/travis/.m2/repository/org/apache/commons/commons-lang3/3.11/commons-lang3-3.11.jar:/home/travis/.m2/repository/org/tukaani/xz/1.8/xz-1.8.jar:/home/travis/.m2/repository/com/fasterxml/jackson/core/jackson-databind/2.11.3/jackson-databind-2.11.3.jar:/home/travis/.m2/repository/com/fasterxml/jackson/core/jackson-annotations/2.11.3/jackson-annotations-2.11.3.jar:/home/travis/.m2/repository/com/fasterxml/jackson/core/jackson-core/2.11.3/jackson-core-2.11.3.jar:/home/travis/.m2/repository/org/apache/commons/commons-compress/1.20/commons-compress-1.20.jar:/home/travis/.m2/repository/com/google/guava/guava/29.0-jre/guava-29.0-jre.jar:/home/travis/.m2/repository/com/google/guava/failureaccess/1.0.1/failureaccess-1.0.1.jar:/home/travis/.m2/repository/com/google/guava/listenablefuture/9999.0-empty-to-avoid-conflict-with-guava/listenablefuture-9999.0-empty-to-avoid-conflict-with-guava.jar:/home/travis/.m2/repository/com/google/code/findbugs/jsr305/3.0.2/jsr305-3.0.2.jar:/home/travis/.m2/repository/org/checkerframework/checker-qual/2.11.1/checker-qual-2.11.1.jar:/home/travis/.m2/repository/com/google/errorprone/error_prone_annotations/2.3.4/error_prone_annotations-2.3.4.jar:/home/travis/.m2/repository/com/google/j2objc/j2objc-annotations/1.3/j2objc-annotations-1.3.jar:/home/travis/.m2/repository/ch/qos/logback/logback-classic/1.2.3/logback-classic-1.2.3.jar:/home/travis/.m2/repository/ch/qos/logback/logback-core/1.2.3/logback-core-1.2.3.jar:/home/travis/.m2/repository/com/mysema/querydsl/querydsl-core/3.6.9/querydsl-core-3.6.9.jar:/home/travis/.m2/repository/org/apache/maven/shared/maven-invoker/3.0.1/maven-invoker-3.0.1.jar:/home/travis/.m2/repository/org/apache/maven/shared/maven-shared-utils/3.2.1/maven-shared-utils-3.2.1.jar:/home/travis/.m2/repository/org/codehaus/plexus/plexus-component-annotations/1.7.1/plexus-component-annotations-1.7.1.jar:/home/travis/.m2/repository/javax/validation/validation-api/2.0.1.Final/validation-api-2.0.1.Final.jar:/home/travis/.m2/repository/com/google/code/gson/gson/2.8.6/gson-2.8.6.jar:/home/travis/.m2/repository/org/junit/vintage/junit-vintage-engine/5.7.0/junit-vintage-engine-5.7.0.jar:/home/travis/.m2/repository/org/apiguardian/apiguardian-api/1.1.0/apiguardian-api-1.1.0.jar:/home/travis/.m2/repository/org/junit/platform/junit-platform-engine/1.7.0/junit-platform-engine-1.7.0.jar:/home/travis/.m2/repository/org/opentest4j/opentest4j/1.2.0/opentest4j-1.2.0.jar:/home/travis/.m2/repository/org/junit/platform/junit-platform-commons/1.7.0/junit-platform-commons-1.7.0.jar:/home/travis/.m2/repository/junit/junit/4.13/junit-4.13.jar:/home/travis/.m2/repository/org/hamcrest/hamcrest-core/1.3/hamcrest-core-1.3.jar:/home/travis/.m2/repository/org/mockito/mockito-core/3.5.13/mockito-core-3.5.13.jar:/home/travis/.m2/repository/net/bytebuddy/byte-buddy/1.10.15/byte-buddy-1.10.15.jar:/home/travis/.m2/repository/net/bytebuddy/byte-buddy-agent/1.10.15/byte-buddy-agent-1.10.15.jar:/home/travis/.m2/repository/org/objenesis/objenesis/3.1/objenesis-3.1.jar:/home/travis/.m2/repository/org/junit/jupiter/junit-jupiter-engine/5.7.0/junit-jupiter-engine-5.7.0.jar:/home/travis/.m2/repository/org/junit/jupiter/junit-jupiter-api/5.7.0/junit-jupiter-api-5.7.0.jar:/home/travis/.m2/repository/com/github/stefanbirkner/system-rules/1.19.0/system-rules-1.19.0.jar:"/>
    <property name="sun.cpu.endian" value="little"/>
    <property name="user.home" value="/home/travis"/>
    <property name="user.language" value="en"/>
    <property name="java.specification.vendor" value="Oracle Corporation"/>
    <property name="java.home" value="/usr/lib/jvm/java-8-openjdk-amd64/jre"/>
    <property name="basedir" value="/home/travis/build/SpoonLabs/spoon-ci-external/spoon"/>
    <property name="file.separator" value="/"/>
    <property name="line.separator" value="&#10;"/>
    <property name="java.vm.specification.vendor" value="Oracle Corporation"/>
    <property name="java.specification.name" value="Java Platform API Specification"/>
    <property name="java.awt.graphicsenv" value="sun.awt.X11GraphicsEnvironment"/>
    <property name="sun.boot.class.path" value="/usr/lib/jvm/java-8-openjdk-amd64/jre/lib/resources.jar:/usr/lib/jvm/java-8-openjdk-amd64/jre/lib/rt.jar:/usr/lib/jvm/java-8-openjdk-amd64/jre/lib/sunrsasign.jar:/usr/lib/jvm/java-8-openjdk-amd64/jre/lib/jsse.jar:/usr/lib/jvm/java-8-openjdk-amd64/jre/lib/jce.jar:/usr/lib/jvm/java-8-openjdk-amd64/jre/lib/charsets.jar:/usr/lib/jvm/java-8-openjdk-amd64/jre/lib/jfr.jar:/usr/lib/jvm/java-8-openjdk-amd64/jre/classes"/>
    <property name="sun.management.compiler" value="HotSpot 64-Bit Tiered Compilers"/>
    <property name="java.runtime.version" value="1.8.0_252-8u252-b09-1~16.04-b09"/>
    <property name="user.name" value="travis"/>
    <property name="path.separator" value=":"/>
    <property name="os.version" value="4.15.0-1077-gcp"/>
    <property name="java.endorsed.dirs" value="/usr/lib/jvm/java-8-openjdk-amd64/jre/lib/endorsed"/>
    <property name="java.runtime.name" value="OpenJDK Runtime Environment"/>
    <property name="file.encoding" value="UTF-8"/>
    <property name="java.vm.name" value="OpenJDK 64-Bit Server VM"/>
    <property name="spoon.metamodel.MetamodelProperty-noRoleHandler" value="false"/>
    <property name="localRepository" value="/home/travis/.m2/repository"/>
    <property name="java.vendor.url.bug" value="http://bugreport.sun.com/bugreport/"/>
    <property name="java.io.tmpdir" value="/tmp"/>
    <property name="java.version" value="1.8.0_252"/>
    <property name="user.dir" value="/home/travis/build/SpoonLabs/spoon-ci-external/spoon"/>
    <property name="os.arch" value="amd64"/>
    <property name="java.vm.specification.name" value="Java Virtual Machine Specification"/>
    <property name="java.awt.printerjob" value="sun.print.PSPrinterJob"/>
    <property name="sun.os.patch.level" value="unknown"/>
    <property name="java.library.path" value="/usr/java/packages/lib/amd64:/usr/lib/x86_64-linux-gnu/jni:/lib/x86_64-linux-gnu:/usr/lib/x86_64-linux-gnu:/usr/lib/jni:/lib:/usr/lib"/>
    <property name="java.vm.info" value="mixed mode"/>
    <property name="java.vendor" value="Private Build"/>
    <property name="java.vm.version" value="25.252-b09"/>
    <property name="java.ext.dirs" value="/usr/lib/jvm/java-8-openjdk-amd64/jre/lib/ext:/usr/java/packages/lib/ext"/>
    <property name="sun.io.unicode.encoding" value="UnicodeLittle"/>
    <property name="java.class.version" value="52.0"/>
  </properties>
  <testcase name="testBoundQuery" classname="spoon.test.filters.FilterTest" time="0.121">
    <system-out><![CDATA[18:49:32.883 [main] INFO spoon.Launcher - Running in NOCLASSPATH mode (doc: http://spoon.gforge.inria.fr/launcher.html).
18:49:32.997 [main] INFO spoon.Launcher - Running in NOCLASSPATH mode (doc: http://spoon.gforge.inria.fr/launcher.html).
]]></system-out>
  </testcase>
  <testcase name="testFilterContains" classname="spoon.test.filters.FilterTest" time="0.151">
    <system-out><![CDATA[18:49:32.999 [main] INFO spoon.Launcher - Running in NOCLASSPATH mode (doc: http://spoon.gforge.inria.fr/launcher.html).
18:49:33.056 [main] INFO spoon.Launcher - Running in NOCLASSPATH mode (doc: http://spoon.gforge.inria.fr/launcher.html).
]]></system-out>
  </testcase>
  <testcase name="testParentFunction" classname="spoon.test.filters.FilterTest" time="0.148">
    <system-out><![CDATA[18:49:33.151 [main] INFO spoon.Launcher - Running in NOCLASSPATH mode (doc: http://spoon.gforge.inria.fr/launcher.html).
18:49:33.203 [main] INFO spoon.Launcher - Running in NOCLASSPATH mode (doc: http://spoon.gforge.inria.fr/launcher.html).
18:49:33.205 [main] INFO spoon.Launcher - Running in NOCLASSPATH mode (doc: http://spoon.gforge.inria.fr/launcher.html).
]]></system-out>
  </testcase>
  <testcase name="testNameFilter" classname="spoon.test.filters.FilterTest" time="0.051">
    <system-out><![CDATA[18:49:33.300 [main] INFO spoon.Launcher - Running in NOCLASSPATH mode (doc: http://spoon.gforge.inria.fr/launcher.html).
]]></system-out>
  </testcase>
  <testcase name="testOverridingMethodFromSubClassOfInterface" classname="spoon.test.filters.FilterTest" time="0.134">
    <system-out><![CDATA[18:49:33.351 [main] INFO spoon.Launcher - Running in NOCLASSPATH mode (doc: http://spoon.gforge.inria.fr/launcher.html).
18:49:33.396 [main] INFO spoon.Launcher - Running in NOCLASSPATH mode (doc: http://spoon.gforge.inria.fr/launcher.html).
18:49:33.397 [main] INFO spoon.Launcher - Running in NOCLASSPATH mode (doc: http://spoon.gforge.inria.fr/launcher.html).
]]></system-out>
  </testcase>
  <testcase name="testEmptyQuery" classname="spoon.test.filters.FilterTest" time="0.059">
    <system-out><![CDATA[18:49:33.486 [main] INFO spoon.Launcher - Running in NOCLASSPATH mode (doc: http://spoon.gforge.inria.fr/launcher.html).
18:49:33.539 [main] INFO spoon.Launcher - Running in NOCLASSPATH mode (doc: http://spoon.gforge.inria.fr/launcher.html).
]]></system-out>
  </testcase>
  <testcase name="testFilterChildrenWithoutFilterQueryStep" classname="spoon.test.filters.FilterTest" time="0.14">
    <system-out><![CDATA[18:49:33.543 [main] INFO spoon.Launcher - Running in NOCLASSPATH mode (doc: http://spoon.gforge.inria.fr/launcher.html).
18:49:33.590 [main] INFO spoon.Launcher - Running in NOCLASSPATH mode (doc: http://spoon.gforge.inria.fr/launcher.html).
18:49:33.592 [main] INFO spoon.Launcher - Running in NOCLASSPATH mode (doc: http://spoon.gforge.inria.fr/launcher.html).
]]></system-out>
  </testcase>
  <testcase name="testQueryBuilderWithFilterChain" classname="spoon.test.filters.FilterTest" time="0.173">
    <system-out><![CDATA[18:49:33.684 [main] INFO spoon.Launcher - Running in NOCLASSPATH mode (doc: http://spoon.gforge.inria.fr/launcher.html).
18:49:33.735 [main] INFO spoon.Launcher - Running in NOCLASSPATH mode (doc: http://spoon.gforge.inria.fr/launcher.html).
18:49:33.738 [main] INFO spoon.Launcher - Running in NOCLASSPATH mode (doc: http://spoon.gforge.inria.fr/launcher.html).
]]></system-out>
  </testcase>
  <testcase name="testReuseOfQuery" classname="spoon.test.filters.FilterTest" time="0.11">
    <system-out><![CDATA[18:49:33.858 [main] INFO spoon.Launcher - Running in NOCLASSPATH mode (doc: http://spoon.gforge.inria.fr/launcher.html).
18:49:33.904 [main] INFO spoon.Launcher - Running in NOCLASSPATH mode (doc: http://spoon.gforge.inria.fr/launcher.html).
18:49:33.904 [main] INFO spoon.Launcher - Running in NOCLASSPATH mode (doc: http://spoon.gforge.inria.fr/launcher.html).
]]></system-out>
  </testcase>
  <testcase name="testgetTopDefinitions" classname="spoon.test.filters.FilterTest" time="0.126">
    <system-out><![CDATA[18:49:33.967 [main] INFO spoon.Launcher - Running in NOCLASSPATH mode (doc: http://spoon.gforge.inria.fr/launcher.html).
18:49:34.018 [main] INFO spoon.Launcher - Running in NOCLASSPATH mode (doc: http://spoon.gforge.inria.fr/launcher.html).
18:49:34.024 [main] INFO spoon.Launcher - Running in NOCLASSPATH mode (doc: http://spoon.gforge.inria.fr/launcher.html).
]]></system-out>
  </testcase>
  <testcase name="testLineFilter" classname="spoon.test.filters.FilterTest" time="0.1">
    <system-out><![CDATA[18:49:34.096 [main] INFO spoon.Launcher - Running in NOCLASSPATH mode (doc: http://spoon.gforge.inria.fr/launcher.html).
18:49:34.143 [main] INFO spoon.Launcher - Running in NOCLASSPATH mode (doc: http://spoon.gforge.inria.fr/launcher.html).
]]></system-out>
  </testcase>
  <testcase name="testFilters" classname="spoon.test.filters.FilterTest" time="0.101">
    <system-out><![CDATA[18:49:34.193 [main] INFO spoon.Launcher - Running in NOCLASSPATH mode (doc: http://spoon.gforge.inria.fr/launcher.html).
]]></system-out>
  </testcase>
  <testcase name="testElementMapFunctionNull" classname="spoon.test.filters.FilterTest" time="0.054">
    <system-out><![CDATA[18:49:34.295 [main] INFO spoon.Launcher - Running in NOCLASSPATH mode (doc: http://spoon.gforge.inria.fr/launcher.html).
18:49:34.348 [main] INFO spoon.Launcher - Running in NOCLASSPATH mode (doc: http://spoon.gforge.inria.fr/launcher.html).
]]></system-out>
  </testcase>
  <testcase name="testClassCastExceptionOnForEach" classname="spoon.test.filters.FilterTest" time="0.12">
    <system-out><![CDATA[18:49:34.349 [main] INFO spoon.Launcher - Running in NOCLASSPATH mode (doc: http://spoon.gforge.inria.fr/launcher.html).
18:49:34.396 [main] INFO spoon.Launcher - Running in NOCLASSPATH mode (doc: http://spoon.gforge.inria.fr/launcher.html).
18:49:34.396 [main] INFO spoon.Launcher - Running in NOCLASSPATH mode (doc: http://spoon.gforge.inria.fr/launcher.html).
]]></system-out>
  </testcase>
  <testcase name="testReturnOrThrowFilter" classname="spoon.test.filters.FilterTest" time="0.047">
    <system-out><![CDATA[18:49:34.473 [main] INFO spoon.Launcher - Running in NOCLASSPATH mode (doc: http://spoon.gforge.inria.fr/launcher.html).
]]></system-out>
  </testcase>
  <testcase name="testCtScannerListener" classname="spoon.test.filters.FilterTest" time="0.107">
    <system-out><![CDATA[18:49:34.521 [main] INFO spoon.Launcher - Running in NOCLASSPATH mode (doc: http://spoon.gforge.inria.fr/launcher.html).
18:49:34.562 [main] INFO spoon.Launcher - Running in NOCLASSPATH mode (doc: http://spoon.gforge.inria.fr/launcher.html).
18:49:34.563 [main] INFO spoon.Launcher - Running in NOCLASSPATH mode (doc: http://spoon.gforge.inria.fr/launcher.html).
]]></system-out>
  </testcase>
  <testcase name="testInvocationFilterWithExecutableInLibrary" classname="spoon.test.filters.FilterTest" time="0.109">
    <system-out><![CDATA[18:49:34.632 [main] INFO spoon.Launcher - Running in NOCLASSPATH mode (doc: http://spoon.gforge.inria.fr/launcher.html).
18:49:34.673 [main] INFO spoon.Launcher - Running in NOCLASSPATH mode (doc: http://spoon.gforge.inria.fr/launcher.html).
18:49:34.674 [main] INFO spoon.Launcher - Running in NOCLASSPATH mode (doc: http://spoon.gforge.inria.fr/launcher.html).
]]></system-out>
  </testcase>
  <testcase name="testReflectionBasedTypeFilter" classname="spoon.test.filters.FilterTest" time="0.106">
    <system-out><![CDATA[18:49:34.744 [main] INFO spoon.Launcher - Running in NOCLASSPATH mode (doc: http://spoon.gforge.inria.fr/launcher.html).
18:49:34.784 [main] INFO spoon.Launcher - Running in NOCLASSPATH mode (doc: http://spoon.gforge.inria.fr/launcher.html).
18:49:34.785 [main] INFO spoon.Launcher - Running in NOCLASSPATH mode (doc: http://spoon.gforge.inria.fr/launcher.html).
]]></system-out>
  </testcase>
  <testcase name="testOverridingMethodFromAbstractClass" classname="spoon.test.filters.FilterTest" time="0.124">
    <system-out><![CDATA[18:49:34.853 [main] INFO spoon.Launcher - Running in NOCLASSPATH mode (doc: http://spoon.gforge.inria.fr/launcher.html).
18:49:34.894 [main] INFO spoon.Launcher - Running in NOCLASSPATH mode (doc: http://spoon.gforge.inria.fr/launcher.html).
18:49:34.897 [main] INFO spoon.Launcher - Running in NOCLASSPATH mode (doc: http://spoon.gforge.inria.fr/launcher.html).
]]></system-out>
  </testcase>
  <testcase name="testOverridingMethodFromSubClassOfAbstractClass" classname="spoon.test.filters.FilterTest" time="0.116">
    <system-out><![CDATA[18:49:34.979 [main] INFO spoon.Launcher - Running in NOCLASSPATH mode (doc: http://spoon.gforge.inria.fr/launcher.html).
18:49:35.022 [main] INFO spoon.Launcher - Running in NOCLASSPATH mode (doc: http://spoon.gforge.inria.fr/launcher.html).
18:49:35.023 [main] INFO spoon.Launcher - Running in NOCLASSPATH mode (doc: http://spoon.gforge.inria.fr/launcher.html).
]]></system-out>
  </testcase>
  <testcase name="testEarlyTerminatingQuery" classname="spoon.test.filters.FilterTest" time="0.119">
    <system-out><![CDATA[18:49:35.100 [main] INFO spoon.Launcher - Running in NOCLASSPATH mode (doc: http://spoon.gforge.inria.fr/launcher.html).
18:49:35.151 [main] INFO spoon.Launcher - Running in NOCLASSPATH mode (doc: http://spoon.gforge.inria.fr/launcher.html).
18:49:35.152 [main] INFO spoon.Launcher - Running in NOCLASSPATH mode (doc: http://spoon.gforge.inria.fr/launcher.html).
]]></system-out>
  </testcase>
  <testcase name="testSubInheritanceHierarchyResolver" classname="spoon.test.filters.FilterTest" time="0.159">
    <system-out><![CDATA[18:49:35.221 [main] INFO spoon.Launcher - Running in NOCLASSPATH mode (doc: http://spoon.gforge.inria.fr/launcher.html).
18:49:35.274 [main] INFO spoon.Launcher - Running in NOCLASSPATH mode (doc: http://spoon.gforge.inria.fr/launcher.html).
18:49:35.275 [main] INFO spoon.Launcher - Running in NOCLASSPATH mode (doc: http://spoon.gforge.inria.fr/launcher.html).
]]></system-out>
  </testcase>
  <testcase name="intersectionOfTwoFilters" classname="spoon.test.filters.FilterTest" time="0.105">
    <system-out><![CDATA[18:49:35.384 [main] INFO spoon.Launcher - Running in NOCLASSPATH mode (doc: http://spoon.gforge.inria.fr/launcher.html).
18:49:35.432 [main] INFO spoon.Launcher - Running in NOCLASSPATH mode (doc: http://spoon.gforge.inria.fr/launcher.html).
]]></system-out>
  </testcase>
  <testcase name="testAnnotationFilter" classname="spoon.test.filters.FilterTest" time="0.049">
    <system-out><![CDATA[18:49:35.491 [main] INFO spoon.Launcher - Running in NOCLASSPATH mode (doc: http://spoon.gforge.inria.fr/launcher.html).
]]></system-out>
  </testcase>
  <testcase name="testQueryInQuery" classname="spoon.test.filters.FilterTest" time="0.118">
    <system-out><![CDATA[18:49:35.541 [main] INFO spoon.Launcher - Running in NOCLASSPATH mode (doc: http://spoon.gforge.inria.fr/launcher.html).
18:49:35.585 [main] INFO spoon.Launcher - Running in NOCLASSPATH mode (doc: http://spoon.gforge.inria.fr/launcher.html).
18:49:35.586 [main] INFO spoon.Launcher - Running in NOCLASSPATH mode (doc: http://spoon.gforge.inria.fr/launcher.html).
]]></system-out>
  </testcase>
  <testcase name="filteredElementsAreOfTheCorrectType" classname="spoon.test.filters.FilterTest" time="0.097">
    <system-out><![CDATA[18:49:35.659 [main] INFO spoon.Launcher - Running in NOCLASSPATH mode (doc: http://spoon.gforge.inria.fr/launcher.html).
18:49:35.707 [main] INFO spoon.Launcher - Running in NOCLASSPATH mode (doc: http://spoon.gforge.inria.fr/launcher.html).
]]></system-out>
  </testcase>
  <testcase name="testOverriddenMethodFromAbstractClass" classname="spoon.test.filters.FilterTest" time="0.11">
    <system-out><![CDATA[18:49:35.757 [main] INFO spoon.Launcher - Running in NOCLASSPATH mode (doc: http://spoon.gforge.inria.fr/launcher.html).
18:49:35.801 [main] INFO spoon.Launcher - Running in NOCLASSPATH mode (doc: http://spoon.gforge.inria.fr/launcher.html).
18:49:35.802 [main] INFO spoon.Launcher - Running in NOCLASSPATH mode (doc: http://spoon.gforge.inria.fr/launcher.html).
]]></system-out>
  </testcase>
  <testcase name="testInvalidQueryStepFailurePolicyIgnore" classname="spoon.test.filters.FilterTest" time="0.116">
    <system-out><![CDATA[18:49:35.867 [main] INFO spoon.Launcher - Running in NOCLASSPATH mode (doc: http://spoon.gforge.inria.fr/launcher.html).
18:49:35.912 [main] INFO spoon.Launcher - Running in NOCLASSPATH mode (doc: http://spoon.gforge.inria.fr/launcher.html).
18:49:35.912 [main] INFO spoon.Launcher - Running in NOCLASSPATH mode (doc: http://spoon.gforge.inria.fr/launcher.html).
]]></system-out>
  </testcase>
  <testcase name="testElementMapFunction" classname="spoon.test.filters.FilterTest" time="0.111">
    <system-out><![CDATA[18:49:35.984 [main] INFO spoon.Launcher - Running in NOCLASSPATH mode (doc: http://spoon.gforge.inria.fr/launcher.html).
18:49:36.028 [main] INFO spoon.Launcher - Running in NOCLASSPATH mode (doc: http://spoon.gforge.inria.fr/launcher.html).
18:49:36.030 [main] INFO spoon.Launcher - Running in NOCLASSPATH mode (doc: http://spoon.gforge.inria.fr/launcher.html).
]]></system-out>
  </testcase>
  <testcase name="unionOfTwoFilters" classname="spoon.test.filters.FilterTest" time="0.09">
    <system-out><![CDATA[18:49:36.095 [main] INFO spoon.Launcher - Running in NOCLASSPATH mode (doc: http://spoon.gforge.inria.fr/launcher.html).
18:49:36.140 [main] INFO spoon.Launcher - Running in NOCLASSPATH mode (doc: http://spoon.gforge.inria.fr/launcher.html).
]]></system-out>
  </testcase>
  <testcase name="testFilterQueryStep" classname="spoon.test.filters.FilterTest" time="0.114">
    <system-out><![CDATA[18:49:36.186 [main] INFO spoon.Launcher - Running in NOCLASSPATH mode (doc: http://spoon.gforge.inria.fr/launcher.html).
18:49:36.230 [main] INFO spoon.Launcher - Running in NOCLASSPATH mode (doc: http://spoon.gforge.inria.fr/launcher.html).
18:49:36.231 [main] INFO spoon.Launcher - Running in NOCLASSPATH mode (doc: http://spoon.gforge.inria.fr/launcher.html).
]]></system-out>
  </testcase>
  <testcase name="classCastExceptionIsNotThrown" classname="spoon.test.filters.FilterTest" time="0.101">
    <system-out><![CDATA[18:49:36.301 [main] INFO spoon.Launcher - Running in NOCLASSPATH mode (doc: http://spoon.gforge.inria.fr/launcher.html).
18:49:36.348 [main] INFO spoon.Launcher - Running in NOCLASSPATH mode (doc: http://spoon.gforge.inria.fr/launcher.html).
]]></system-out>
  </testcase>
  <testcase name="testSubTypeFilter" classname="spoon.test.filters.FilterTest" time="0.132">
    <system-out><![CDATA[18:49:36.402 [main] INFO spoon.Launcher - Running in NOCLASSPATH mode (doc: http://spoon.gforge.inria.fr/launcher.html).
18:49:36.447 [main] INFO spoon.Launcher - Running in NOCLASSPATH mode (doc: http://spoon.gforge.inria.fr/launcher.html).
]]></system-out>
  </testcase>
  <testcase name="testInvalidQueryStep" classname="spoon.test.filters.FilterTest" time="0.104">
    <system-out><![CDATA[18:49:36.545 [main] INFO spoon.Launcher - Running in NOCLASSPATH mode (doc: http://spoon.gforge.inria.fr/launcher.html).
18:49:36.588 [main] INFO spoon.Launcher - Running in NOCLASSPATH mode (doc: http://spoon.gforge.inria.fr/launcher.html).
18:49:36.589 [main] INFO spoon.Launcher - Running in NOCLASSPATH mode (doc: http://spoon.gforge.inria.fr/launcher.html).
]]></system-out>
  </testcase>
  <testcase name="testElementMapConsumableFunction" classname="spoon.test.filters.FilterTest" time="0.109">
    <system-out><![CDATA[18:49:36.667 [main] INFO spoon.Launcher - Running in NOCLASSPATH mode (doc: http://spoon.gforge.inria.fr/launcher.html).
18:49:36.712 [main] INFO spoon.Launcher - Running in NOCLASSPATH mode (doc: http://spoon.gforge.inria.fr/launcher.html).
18:49:36.712 [main] INFO spoon.Launcher - Running in NOCLASSPATH mode (doc: http://spoon.gforge.inria.fr/launcher.html).
]]></system-out>
  </testcase>
  <testcase name="testOverriddenMethodFromSubClassOfInterface" classname="spoon.test.filters.FilterTest" time="0.114">
    <system-out><![CDATA[18:49:36.794 [main] INFO spoon.Launcher - Running in NOCLASSPATH mode (doc: http://spoon.gforge.inria.fr/launcher.html).
18:49:36.841 [main] INFO spoon.Launcher - Running in NOCLASSPATH mode (doc: http://spoon.gforge.inria.fr/launcher.html).
18:49:36.842 [main] INFO spoon.Launcher - Running in NOCLASSPATH mode (doc: http://spoon.gforge.inria.fr/launcher.html).
]]></system-out>
  </testcase>
  <testcase name="testOverridingMethodFromInterface" classname="spoon.test.filters.FilterTest" time="0.123">
    <system-out><![CDATA[18:49:36.927 [main] INFO spoon.Launcher - Running in NOCLASSPATH mode (doc: http://spoon.gforge.inria.fr/launcher.html).
18:49:36.972 [main] INFO spoon.Launcher - Running in NOCLASSPATH mode (doc: http://spoon.gforge.inria.fr/launcher.html).
18:49:36.973 [main] INFO spoon.Launcher - Running in NOCLASSPATH mode (doc: http://spoon.gforge.inria.fr/launcher.html).
]]></system-out>
  </testcase>
  <testcase name="testElementMapFunctionOtherContracts" classname="spoon.test.filters.FilterTest" time="0.047">
    <system-out><![CDATA[18:49:37.066 [main] INFO spoon.Launcher - Running in NOCLASSPATH mode (doc: http://spoon.gforge.inria.fr/launcher.html).
18:49:37.112 [main] INFO spoon.Launcher - Running in NOCLASSPATH mode (doc: http://spoon.gforge.inria.fr/launcher.html).
]]></system-out>
  </testcase>
  <testcase name="testNameFilterWithGenericType" classname="spoon.test.filters.FilterTest" time="0.088">
    <system-out><![CDATA[18:49:37.127 [main] INFO spoon.Launcher - Running in NOCLASSPATH mode (doc: http://spoon.gforge.inria.fr/launcher.html).
18:49:37.171 [main] INFO spoon.Launcher - Running in NOCLASSPATH mode (doc: http://spoon.gforge.inria.fr/launcher.html).
]]></system-out>
  </testcase>
  <testcase name="testReuseOfBaseQuery" classname="spoon.test.filters.FilterTest" time="0.113">
    <system-out><![CDATA[18:49:37.215 [main] INFO spoon.Launcher - Running in NOCLASSPATH mode (doc: http://spoon.gforge.inria.fr/launcher.html).
18:49:37.261 [main] INFO spoon.Launcher - Running in NOCLASSPATH mode (doc: http://spoon.gforge.inria.fr/launcher.html).
18:49:37.261 [main] INFO spoon.Launcher - Running in NOCLASSPATH mode (doc: http://spoon.gforge.inria.fr/launcher.html).
]]></system-out>
  </testcase>
  <testcase name="testQueryWithOptionalNumberOfInputs" classname="spoon.test.filters.FilterTest" time="0.12">
    <system-out><![CDATA[18:49:37.328 [main] INFO spoon.Launcher - Running in NOCLASSPATH mode (doc: http://spoon.gforge.inria.fr/launcher.html).
18:49:37.375 [main] INFO spoon.Launcher - Running in NOCLASSPATH mode (doc: http://spoon.gforge.inria.fr/launcher.html).
18:49:37.375 [main] INFO spoon.Launcher - Running in NOCLASSPATH mode (doc: http://spoon.gforge.inria.fr/launcher.html).
]]></system-out>
  </testcase>
  <testcase name="testQueryStepScannWithConsumer" classname="spoon.test.filters.FilterTest" time="0.115">
    <system-out><![CDATA[18:49:37.452 [main] INFO spoon.Launcher - Running in NOCLASSPATH mode (doc: http://spoon.gforge.inria.fr/launcher.html).
18:49:37.499 [main] INFO spoon.Launcher - Running in NOCLASSPATH mode (doc: http://spoon.gforge.inria.fr/launcher.html).
18:49:37.500 [main] INFO spoon.Launcher - Running in NOCLASSPATH mode (doc: http://spoon.gforge.inria.fr/launcher.html).
]]></system-out>
  </testcase>
  <testcase name="testFieldAccessFilter" classname="spoon.test.filters.FilterTest" time="0.112">
    <system-out><![CDATA[18:49:37.584 [main] INFO spoon.Launcher - Running in NOCLASSPATH mode (doc: http://spoon.gforge.inria.fr/launcher.html).
18:49:37.632 [main] INFO spoon.Launcher - Running in NOCLASSPATH mode (doc: http://spoon.gforge.inria.fr/launcher.html).
]]></system-out>
  </testcase>
  <testcase name="testOverriddenMethodsFromSubClassOfAbstractClass" classname="spoon.test.filters.FilterTest" time="0.114">
    <system-out><![CDATA[18:49:37.708 [main] INFO spoon.Launcher - Running in NOCLASSPATH mode (doc: http://spoon.gforge.inria.fr/launcher.html).
18:49:37.754 [main] INFO spoon.Launcher - Running in NOCLASSPATH mode (doc: http://spoon.gforge.inria.fr/launcher.html).
18:49:37.754 [main] INFO spoon.Launcher - Running in NOCLASSPATH mode (doc: http://spoon.gforge.inria.fr/launcher.html).
]]></system-out>
  </testcase>
  <testcase name="testFunctionQueryStep" classname="spoon.test.filters.FilterTest" time="0.085">
    <system-out><![CDATA[18:49:37.841 [main] INFO spoon.Launcher - Running in NOCLASSPATH mode (doc: http://spoon.gforge.inria.fr/launcher.html).
18:49:37.872 [main] INFO spoon.Launcher - Running in NOCLASSPATH mode (doc: http://spoon.gforge.inria.fr/launcher.html).
18:49:37.872 [main] INFO spoon.Launcher - Running in NOCLASSPATH mode (doc: http://spoon.gforge.inria.fr/launcher.html).
]]></system-out>
  </testcase>
  <testcase name="testOverriddenMethodFromInterface" classname="spoon.test.filters.FilterTest" time="0.111">
    <system-out><![CDATA[18:49:37.928 [main] INFO spoon.Launcher - Running in NOCLASSPATH mode (doc: http://spoon.gforge.inria.fr/launcher.html).
18:49:37.970 [main] INFO spoon.Launcher - Running in NOCLASSPATH mode (doc: http://spoon.gforge.inria.fr/launcher.html).
18:49:37.971 [main] INFO spoon.Launcher - Running in NOCLASSPATH mode (doc: http://spoon.gforge.inria.fr/launcher.html).
]]></system-out>
  </testcase>
</testsuite>