<?xml version="1.0" encoding="UTF-8"?>
<testsuite xmlns:xsi="http://www.w3.org/2001/XMLSchema-instance" xsi:noNamespaceSchemaLocation="https://maven.apache.org/surefire/maven-surefire-plugin/xsd/surefire-test-report.xsd" name="spoon.test.staticFieldAccess2.ImplicitStaticFieldReferenceTest" time="1.677" tests="16" errors="0" skipped="0" failures="0">
  <properties>
    <property name="awt.toolkit" value="sun.awt.X11.XToolkit"/>
    <property name="file.encoding.pkg" value="sun.io"/>
    <property name="java.specification.version" value="1.8"/>
    <property name="sun.cpu.isalist" value=""/>
    <property name="sun.jnu.encoding" value="UTF-8"/>
    <property name="java.class.path" value="/home/travis/.m2/repository/org/apache/maven/surefire/surefire-booter/2.21.0/surefire-booter-2.21.0.jar:/home/travis/.m2/repository/org/apache/maven/surefire/surefire-api/2.21.0/surefire-api-2.21.0.jar:/home/travis/.m2/repository/org/apache/maven/surefire/surefire-logger-api/2.21.0/surefire-logger-api-2.21.0.jar:/home/travis/build/SpoonLabs/spoon-ci-external/spoon/target/test-classes:/home/travis/build/SpoonLabs/spoon-ci-external/spoon/target/classes:/home/travis/.m2/repository/org/eclipse/jdt/org.eclipse.jdt.core/3.15.0/org.eclipse.jdt.core-3.15.0.jar:/home/travis/.m2/repository/org/eclipse/platform/org.eclipse.core.resources/3.13.300/org.eclipse.core.resources-3.13.300.jar:/home/travis/.m2/repository/org/eclipse/platform/org.eclipse.core.expressions/3.6.300/org.eclipse.core.expressions-3.6.300.jar:/home/travis/.m2/repository/org/eclipse/platform/org.eclipse.core.runtime/3.15.200/org.eclipse.core.runtime-3.15.200.jar:/home/travis/.m2/repository/org/eclipse/platform/org.eclipse.osgi/3.13.300/org.eclipse.osgi-3.13.300.jar:/home/travis/.m2/repository/org/eclipse/platform/org.eclipse.equinox.common/3.10.300/org.eclipse.equinox.common-3.10.300.jar:/home/travis/.m2/repository/org/eclipse/platform/org.eclipse.core.jobs/3.10.300/org.eclipse.core.jobs-3.10.300.jar:/home/travis/.m2/repository/org/eclipse/platform/org.eclipse.equinox.registry/3.8.300/org.eclipse.equinox.registry-3.8.300.jar:/home/travis/.m2/repository/org/eclipse/platform/org.eclipse.equinox.preferences/3.7.300/org.eclipse.equinox.preferences-3.7.300.jar:/home/travis/.m2/repository/org/eclipse/platform/org.eclipse.core.contenttype/3.7.300/org.eclipse.core.contenttype-3.7.300.jar:/home/travis/.m2/repository/org/eclipse/platform/org.eclipse.equinox.app/1.4.100/org.eclipse.equinox.app-1.4.100.jar:/home/travis/.m2/repository/org/eclipse/platform/org.eclipse.core.filesystem/1.7.300/org.eclipse.core.filesystem-1.7.300.jar:/home/travis/.m2/repository/org/eclipse/platform/org.eclipse.text/3.8.100/org.eclipse.text-3.8.100.jar:/home/travis/.m2/repository/org/eclipse/platform/org.eclipse.core.commands/3.9.300/org.eclipse.core.commands-3.9.300.jar:/home/travis/.m2/repository/com/github/stefanbirkner/system-rules/1.9.0/system-rules-1.9.0.jar:/home/travis/.m2/repository/junit/junit/4.11-beta-1/junit-4.11-beta-1.jar:/home/travis/.m2/repository/org/hamcrest/hamcrest-core/1.3/hamcrest-core-1.3.jar:/home/travis/.m2/repository/org/mockito/mockito-core/2.23.4/mockito-core-2.23.4.jar:/home/travis/.m2/repository/net/bytebuddy/byte-buddy/1.9.3/byte-buddy-1.9.3.jar:/home/travis/.m2/repository/net/bytebuddy/byte-buddy-agent/1.9.3/byte-buddy-agent-1.9.3.jar:/home/travis/.m2/repository/org/objenesis/objenesis/2.6/objenesis-2.6.jar:/home/travis/.m2/repository/com/martiansoftware/jsap/2.1/jsap-2.1.jar:/home/travis/.m2/repository/log4j/log4j/1.2.17/log4j-1.2.17.jar:/home/travis/.m2/repository/commons-io/commons-io/2.6/commons-io-2.6.jar:/home/travis/.m2/repository/org/apache/maven/maven-model/3.5.0/maven-model-3.5.0.jar:/home/travis/.m2/repository/org/codehaus/plexus/plexus-utils/3.0.24/plexus-utils-3.0.24.jar:/home/travis/.m2/repository/org/apache/commons/commons-lang3/3.8.1/commons-lang3-3.8.1.jar:/home/travis/.m2/repository/org/tukaani/xz/1.8/xz-1.8.jar:/home/travis/.m2/repository/com/fasterxml/jackson/core/jackson-databind/2.9.8/jackson-databind-2.9.8.jar:/home/travis/.m2/repository/com/fasterxml/jackson/core/jackson-annotations/2.9.0/jackson-annotations-2.9.0.jar:/home/travis/.m2/repository/com/fasterxml/jackson/core/jackson-core/2.9.8/jackson-core-2.9.8.jar:/home/travis/.m2/repository/org/apache/commons/commons-compress/1.18/commons-compress-1.18.jar:/home/travis/.m2/repository/com/google/guava/guava/18.0/guava-18.0.jar:/home/travis/.m2/repository/com/mysema/querydsl/querydsl-core/3.6.9/querydsl-core-3.6.9.jar:/home/travis/.m2/repository/com/infradna/tool/bridge-method-annotation/1.13/bridge-method-annotation-1.13.jar:/home/travis/.m2/repository/org/apache/maven/shared/maven-invoker/3.0.1/maven-invoker-3.0.1.jar:/home/travis/.m2/repository/org/apache/maven/shared/maven-shared-utils/3.2.1/maven-shared-utils-3.2.1.jar:/home/travis/.m2/repository/org/codehaus/plexus/plexus-component-annotations/1.7.1/plexus-component-annotations-1.7.1.jar:/home/travis/.m2/repository/org/junit/vintage/junit-vintage-engine/5.4.2/junit-vintage-engine-5.4.2.jar:/home/travis/.m2/repository/org/apiguardian/apiguardian-api/1.0.0/apiguardian-api-1.0.0.jar:/home/travis/.m2/repository/org/junit/platform/junit-platform-engine/1.4.2/junit-platform-engine-1.4.2.jar:/home/travis/.m2/repository/org/opentest4j/opentest4j/1.1.1/opentest4j-1.1.1.jar:/home/travis/.m2/repository/org/junit/platform/junit-platform-commons/1.4.2/junit-platform-commons-1.4.2.jar:/home/travis/.m2/repository/org/junit/jupiter/junit-jupiter-engine/5.4.2/junit-jupiter-engine-5.4.2.jar:/home/travis/.m2/repository/org/junit/jupiter/junit-jupiter-api/5.4.2/junit-jupiter-api-5.4.2.jar:/home/travis/.m2/repository/org/apache/maven/surefire/surefire-junit4/2.21.0/surefire-junit4-2.21.0.jar"/>
    <property name="java.vm.vendor" value="Oracle Corporation"/>
    <property name="sun.arch.data.model" value="64"/>
    <property name="java.vendor.url" value="http://java.oracle.com/"/>
    <property name="user.timezone" value=""/>
    <property name="java.vm.specification.version" value="1.8"/>
    <property name="os.name" value="Linux"/>
    <property name="user.country" value="US"/>
    <property name="sun.java.launcher" value="SUN_STANDARD"/>
    <property name="sun.boot.library.path" value="/usr/lib/jvm/java-8-oracle/jre/lib/amd64"/>
    <property name="sun.java.command" value="org.apache.maven.surefire.booter.ForkedBooter /home/travis/build/SpoonLabs/spoon-ci-external/spoon/target/surefire 2019-05-04T13-52-29_386-jvmRun1 surefire1129465574139317907tmp surefire_07436068992265505225tmp"/>
    <property name="surefire.test.class.path" value="/home/travis/build/SpoonLabs/spoon-ci-external/spoon/target/test-classes:/home/travis/build/SpoonLabs/spoon-ci-external/spoon/target/classes:/home/travis/.m2/repository/org/eclipse/jdt/org.eclipse.jdt.core/3.15.0/org.eclipse.jdt.core-3.15.0.jar:/home/travis/.m2/repository/org/eclipse/platform/org.eclipse.core.resources/3.13.300/org.eclipse.core.resources-3.13.300.jar:/home/travis/.m2/repository/org/eclipse/platform/org.eclipse.core.expressions/3.6.300/org.eclipse.core.expressions-3.6.300.jar:/home/travis/.m2/repository/org/eclipse/platform/org.eclipse.core.runtime/3.15.200/org.eclipse.core.runtime-3.15.200.jar:/home/travis/.m2/repository/org/eclipse/platform/org.eclipse.osgi/3.13.300/org.eclipse.osgi-3.13.300.jar:/home/travis/.m2/repository/org/eclipse/platform/org.eclipse.equinox.common/3.10.300/org.eclipse.equinox.common-3.10.300.jar:/home/travis/.m2/repository/org/eclipse/platform/org.eclipse.core.jobs/3.10.300/org.eclipse.core.jobs-3.10.300.jar:/home/travis/.m2/repository/org/eclipse/platform/org.eclipse.equinox.registry/3.8.300/org.eclipse.equinox.registry-3.8.300.jar:/home/travis/.m2/repository/org/eclipse/platform/org.eclipse.equinox.preferences/3.7.300/org.eclipse.equinox.preferences-3.7.300.jar:/home/travis/.m2/repository/org/eclipse/platform/org.eclipse.core.contenttype/3.7.300/org.eclipse.core.contenttype-3.7.300.jar:/home/travis/.m2/repository/org/eclipse/platform/org.eclipse.equinox.app/1.4.100/org.eclipse.equinox.app-1.4.100.jar:/home/travis/.m2/repository/org/eclipse/platform/org.eclipse.core.filesystem/1.7.300/org.eclipse.core.filesystem-1.7.300.jar:/home/travis/.m2/repository/org/eclipse/platform/org.eclipse.text/3.8.100/org.eclipse.text-3.8.100.jar:/home/travis/.m2/repository/org/eclipse/platform/org.eclipse.core.commands/3.9.300/org.eclipse.core.commands-3.9.300.jar:/home/travis/.m2/repository/com/github/stefanbirkner/system-rules/1.9.0/system-rules-1.9.0.jar:/home/travis/.m2/repository/junit/junit/4.11-beta-1/junit-4.11-beta-1.jar:/home/travis/.m2/repository/org/hamcrest/hamcrest-core/1.3/hamcrest-core-1.3.jar:/home/travis/.m2/repository/org/mockito/mockito-core/2.23.4/mockito-core-2.23.4.jar:/home/travis/.m2/repository/net/bytebuddy/byte-buddy/1.9.3/byte-buddy-1.9.3.jar:/home/travis/.m2/repository/net/bytebuddy/byte-buddy-agent/1.9.3/byte-buddy-agent-1.9.3.jar:/home/travis/.m2/repository/org/objenesis/objenesis/2.6/objenesis-2.6.jar:/home/travis/.m2/repository/com/martiansoftware/jsap/2.1/jsap-2.1.jar:/home/travis/.m2/repository/log4j/log4j/1.2.17/log4j-1.2.17.jar:/home/travis/.m2/repository/commons-io/commons-io/2.6/commons-io-2.6.jar:/home/travis/.m2/repository/org/apache/maven/maven-model/3.5.0/maven-model-3.5.0.jar:/home/travis/.m2/repository/org/codehaus/plexus/plexus-utils/3.0.24/plexus-utils-3.0.24.jar:/home/travis/.m2/repository/org/apache/commons/commons-lang3/3.8.1/commons-lang3-3.8.1.jar:/home/travis/.m2/repository/org/tukaani/xz/1.8/xz-1.8.jar:/home/travis/.m2/repository/com/fasterxml/jackson/core/jackson-databind/2.9.8/jackson-databind-2.9.8.jar:/home/travis/.m2/repository/com/fasterxml/jackson/core/jackson-annotations/2.9.0/jackson-annotations-2.9.0.jar:/home/travis/.m2/repository/com/fasterxml/jackson/core/jackson-core/2.9.8/jackson-core-2.9.8.jar:/home/travis/.m2/repository/org/apache/commons/commons-compress/1.18/commons-compress-1.18.jar:/home/travis/.m2/repository/com/google/guava/guava/18.0/guava-18.0.jar:/home/travis/.m2/repository/com/mysema/querydsl/querydsl-core/3.6.9/querydsl-core-3.6.9.jar:/home/travis/.m2/repository/com/infradna/tool/bridge-method-annotation/1.13/bridge-method-annotation-1.13.jar:/home/travis/.m2/repository/org/apache/maven/shared/maven-invoker/3.0.1/maven-invoker-3.0.1.jar:/home/travis/.m2/repository/org/apache/maven/shared/maven-shared-utils/3.2.1/maven-shared-utils-3.2.1.jar:/home/travis/.m2/repository/org/codehaus/plexus/plexus-component-annotations/1.7.1/plexus-component-annotations-1.7.1.jar:/home/travis/.m2/repository/org/junit/vintage/junit-vintage-engine/5.4.2/junit-vintage-engine-5.4.2.jar:/home/travis/.m2/repository/org/apiguardian/apiguardian-api/1.0.0/apiguardian-api-1.0.0.jar:/home/travis/.m2/repository/org/junit/platform/junit-platform-engine/1.4.2/junit-platform-engine-1.4.2.jar:/home/travis/.m2/repository/org/opentest4j/opentest4j/1.1.1/opentest4j-1.1.1.jar:/home/travis/.m2/repository/org/junit/platform/junit-platform-commons/1.4.2/junit-platform-commons-1.4.2.jar:/home/travis/.m2/repository/org/junit/jupiter/junit-jupiter-engine/5.4.2/junit-jupiter-engine-5.4.2.jar:/home/travis/.m2/repository/org/junit/jupiter/junit-jupiter-api/5.4.2/junit-jupiter-api-5.4.2.jar:"/>
    <property name="sun.cpu.endian" value="little"/>
    <property name="user.home" value="/home/travis"/>
    <property name="user.language" value="en"/>
    <property name="java.specification.vendor" value="Oracle Corporation"/>
    <property name="java.home" value="/usr/lib/jvm/java-8-oracle/jre"/>
    <property name="basedir" value="/home/travis/build/SpoonLabs/spoon-ci-external/spoon"/>
    <property name="file.separator" value="/"/>
    <property name="line.separator" value="&#10;"/>
    <property name="java.vm.specification.vendor" value="Oracle Corporation"/>
    <property name="java.specification.name" value="Java Platform API Specification"/>
    <property name="java.awt.graphicsenv" value="sun.awt.X11GraphicsEnvironment"/>
    <property name="sun.boot.class.path" value="/usr/lib/jvm/java-8-oracle/jre/lib/resources.jar:/usr/lib/jvm/java-8-oracle/jre/lib/rt.jar:/usr/lib/jvm/java-8-oracle/jre/lib/sunrsasign.jar:/usr/lib/jvm/java-8-oracle/jre/lib/jsse.jar:/usr/lib/jvm/java-8-oracle/jre/lib/jce.jar:/usr/lib/jvm/java-8-oracle/jre/lib/charsets.jar:/usr/lib/jvm/java-8-oracle/jre/lib/jfr.jar:/usr/lib/jvm/java-8-oracle/jre/classes"/>
    <property name="sun.management.compiler" value="HotSpot 64-Bit Tiered Compilers"/>
    <property name="java.runtime.version" value="1.8.0_151-b12"/>
    <property name="user.name" value="travis"/>
    <property name="path.separator" value=":"/>
    <property name="os.version" value="4.4.0-101-generic"/>
    <property name="java.endorsed.dirs" value="/usr/lib/jvm/java-8-oracle/jre/lib/endorsed"/>
    <property name="java.runtime.name" value="Java(TM) SE Runtime Environment"/>
    <property name="file.encoding" value="UTF-8"/>
    <property name="java.vm.name" value="Java HotSpot(TM) 64-Bit Server VM"/>
    <property name="localRepository" value="/home/travis/.m2/repository"/>
    <property name="java.vendor.url.bug" value="http://bugreport.sun.com/bugreport/"/>
    <property name="java.io.tmpdir" value="/tmp"/>
    <property name="java.version" value="1.8.0_151"/>
    <property name="user.dir" value="/home/travis/build/SpoonLabs/spoon-ci-external/spoon"/>
    <property name="os.arch" value="amd64"/>
    <property name="java.vm.specification.name" value="Java Virtual Machine Specification"/>
    <property name="java.awt.printerjob" value="sun.print.PSPrinterJob"/>
    <property name="sun.os.patch.level" value="unknown"/>
    <property name="java.library.path" value="/usr/java/packages/lib/amd64:/usr/lib64:/lib64:/lib:/usr/lib"/>
    <property name="java.vm.info" value="mixed mode"/>
    <property name="java.vendor" value="Oracle Corporation"/>
    <property name="java.vm.version" value="25.151-b12"/>
    <property name="java.ext.dirs" value="/usr/lib/jvm/java-8-oracle/jre/lib/ext:/usr/java/packages/lib/ext"/>
    <property name="sun.io.unicode.encoding" value="UnicodeLittle"/>
    <property name="java.class.version" value="52.0"/>
  </properties>
  <testcase name="testGenericsWithAmbiguousStaticFieldAutoImport" classname="spoon.test.staticFieldAccess2.ImplicitStaticFieldReferenceTest" time="0.125"/>
  <testcase name="testAmbiguousImplicitFieldReferenceAutoImport" classname="spoon.test.staticFieldAccess2.ImplicitStaticFieldReferenceTest" time="0.091"/>
  <testcase name="testAnnotationInChildWithConstantsAutoImport" classname="spoon.test.staticFieldAccess2.ImplicitStaticFieldReferenceTest" time="0.129"/>
  <testcase name="testChildOfGenericsWithAmbiguousStaticFieldAutoImport" classname="spoon.test.staticFieldAccess2.ImplicitStaticFieldReferenceTest" time="0.092"/>
  <testcase name="testImplicitFieldReference" classname="spoon.test.staticFieldAccess2.ImplicitStaticFieldReferenceTest" time="0.087"/>
  <testcase name="testGenericsWithAmbiguousStaticField" classname="spoon.test.staticFieldAccess2.ImplicitStaticFieldReferenceTest" time="0.088"/>
  <testcase name="testAmbiguousImplicitFieldReference" classname="spoon.test.staticFieldAccess2.ImplicitStaticFieldReferenceTest" time="0.105"/>
  <testcase name="testImplicitStaticFieldReferenceAutoImport" classname="spoon.test.staticFieldAccess2.ImplicitStaticFieldReferenceTest" time="0.095"/>
  <testcase name="testGenericsWithAmbiguousMemberField" classname="spoon.test.staticFieldAccess2.ImplicitStaticFieldReferenceTest" time="0.088"/>
  <testcase name="testChildOfGenericsWithAmbiguousStaticField" classname="spoon.test.staticFieldAccess2.ImplicitStaticFieldReferenceTest" time="0.087"/>
  <testcase name="testAnnotationInChildWithConstants" classname="spoon.test.staticFieldAccess2.ImplicitStaticFieldReferenceTest" time="0.13"/>
  <testcase name="testImplicitFieldReferenceAutoImport" classname="spoon.test.staticFieldAccess2.ImplicitStaticFieldReferenceTest" time="0.093"/>
  <testcase name="testImplicitStaticFieldReference" classname="spoon.test.staticFieldAccess2.ImplicitStaticFieldReferenceTest" time="0.087"/>
  <testcase name="testImplicitStaticClassAccess" classname="spoon.test.staticFieldAccess2.ImplicitStaticFieldReferenceTest" time="0.091"/>
  <testcase name="testGenericsWithAmbiguousMemberFieldAutoImport" classname="spoon.test.staticFieldAccess2.ImplicitStaticFieldReferenceTest" time="0.133"/>
  <testcase name="testImplicitStaticClassAccessAutoImport" classname="spoon.test.staticFieldAccess2.ImplicitStaticFieldReferenceTest" time="0.152"/>
</testsuite>