<?xml version="1.0" encoding="UTF-8"?>
<testsuite xmlns:xsi="http://www.w3.org/2001/XMLSchema-instance" xsi:noNamespaceSchemaLocation="https://maven.apache.org/surefire/maven-surefire-plugin/xsd/surefire-test-report-3.0.xsd" version="3.0" name="spoon.MavenLauncherTest" time="106.537" tests="12" errors="0" skipped="1" failures="0">
  <properties>
    <property name="awt.toolkit" value="sun.awt.X11.XToolkit"/>
    <property name="file.encoding.pkg" value="sun.io"/>
    <property name="java.specification.version" value="1.8"/>
    <property name="sun.cpu.isalist" value=""/>
    <property name="sun.jnu.encoding" value="UTF-8"/>
    <property name="java.class.path" value="/home/travis/.m2/repository/org/apache/maven/surefire/surefire-booter/3.0.0-M5/surefire-booter-3.0.0-M5.jar:/home/travis/.m2/repository/org/apache/maven/surefire/surefire-api/3.0.0-M5/surefire-api-3.0.0-M5.jar:/home/travis/.m2/repository/org/apache/maven/surefire/surefire-logger-api/3.0.0-M5/surefire-logger-api-3.0.0-M5.jar:/home/travis/.m2/repository/org/apache/maven/surefire/surefire-shared-utils/3.0.0-M4/surefire-shared-utils-3.0.0-M4.jar:/home/travis/.m2/repository/org/apache/maven/surefire/surefire-extensions-spi/3.0.0-M5/surefire-extensions-spi-3.0.0-M5.jar:/home/travis/build/SpoonLabs/spoon-ci-external/spoon/target/test-classes:/home/travis/build/SpoonLabs/spoon-ci-external/spoon/target/classes:/home/travis/.m2/repository/org/eclipse/jdt/org.eclipse.jdt.core/3.20.0/org.eclipse.jdt.core-3.20.0.jar:/home/travis/.m2/repository/com/martiansoftware/jsap/2.1/jsap-2.1.jar:/home/travis/.m2/repository/org/apache/logging/log4j/log4j-api/2.13.3/log4j-api-2.13.3.jar:/home/travis/.m2/repository/org/apache/logging/log4j/log4j-to-slf4j/2.13.3/log4j-to-slf4j-2.13.3.jar:/home/travis/.m2/repository/org/slf4j/slf4j-api/1.7.25/slf4j-api-1.7.25.jar:/home/travis/.m2/repository/commons-io/commons-io/2.7/commons-io-2.7.jar:/home/travis/.m2/repository/org/apache/maven/maven-model/3.6.3/maven-model-3.6.3.jar:/home/travis/.m2/repository/org/codehaus/plexus/plexus-utils/3.2.1/plexus-utils-3.2.1.jar:/home/travis/.m2/repository/org/apache/commons/commons-lang3/3.11/commons-lang3-3.11.jar:/home/travis/.m2/repository/org/tukaani/xz/1.8/xz-1.8.jar:/home/travis/.m2/repository/com/fasterxml/jackson/core/jackson-databind/2.11.1/jackson-databind-2.11.1.jar:/home/travis/.m2/repository/com/fasterxml/jackson/core/jackson-annotations/2.11.1/jackson-annotations-2.11.1.jar:/home/travis/.m2/repository/com/fasterxml/jackson/core/jackson-core/2.11.1/jackson-core-2.11.1.jar:/home/travis/.m2/repository/org/apache/commons/commons-compress/1.20/commons-compress-1.20.jar:/home/travis/.m2/repository/com/google/guava/guava/29.0-jre/guava-29.0-jre.jar:/home/travis/.m2/repository/com/google/guava/failureaccess/1.0.1/failureaccess-1.0.1.jar:/home/travis/.m2/repository/com/google/guava/listenablefuture/9999.0-empty-to-avoid-conflict-with-guava/listenablefuture-9999.0-empty-to-avoid-conflict-with-guava.jar:/home/travis/.m2/repository/com/google/code/findbugs/jsr305/3.0.2/jsr305-3.0.2.jar:/home/travis/.m2/repository/org/checkerframework/checker-qual/2.11.1/checker-qual-2.11.1.jar:/home/travis/.m2/repository/com/google/errorprone/error_prone_annotations/2.3.4/error_prone_annotations-2.3.4.jar:/home/travis/.m2/repository/com/google/j2objc/j2objc-annotations/1.3/j2objc-annotations-1.3.jar:/home/travis/.m2/repository/ch/qos/logback/logback-classic/1.2.3/logback-classic-1.2.3.jar:/home/travis/.m2/repository/ch/qos/logback/logback-core/1.2.3/logback-core-1.2.3.jar:/home/travis/.m2/repository/com/mysema/querydsl/querydsl-core/3.6.9/querydsl-core-3.6.9.jar:/home/travis/.m2/repository/org/apache/maven/shared/maven-invoker/3.0.1/maven-invoker-3.0.1.jar:/home/travis/.m2/repository/org/apache/maven/shared/maven-shared-utils/3.2.1/maven-shared-utils-3.2.1.jar:/home/travis/.m2/repository/org/codehaus/plexus/plexus-component-annotations/1.7.1/plexus-component-annotations-1.7.1.jar:/home/travis/.m2/repository/javax/validation/validation-api/2.0.1.Final/validation-api-2.0.1.Final.jar:/home/travis/.m2/repository/com/google/code/gson/gson/2.8.6/gson-2.8.6.jar:/home/travis/.m2/repository/org/junit/vintage/junit-vintage-engine/5.6.2/junit-vintage-engine-5.6.2.jar:/home/travis/.m2/repository/org/apiguardian/apiguardian-api/1.1.0/apiguardian-api-1.1.0.jar:/home/travis/.m2/repository/org/junit/platform/junit-platform-engine/1.6.2/junit-platform-engine-1.6.2.jar:/home/travis/.m2/repository/org/opentest4j/opentest4j/1.2.0/opentest4j-1.2.0.jar:/home/travis/.m2/repository/org/junit/platform/junit-platform-commons/1.6.2/junit-platform-commons-1.6.2.jar:/home/travis/.m2/repository/junit/junit/4.13/junit-4.13.jar:/home/travis/.m2/repository/org/hamcrest/hamcrest-core/1.3/hamcrest-core-1.3.jar:/home/travis/.m2/repository/org/mockito/mockito-core/3.4.4/mockito-core-3.4.4.jar:/home/travis/.m2/repository/net/bytebuddy/byte-buddy/1.10.13/byte-buddy-1.10.13.jar:/home/travis/.m2/repository/net/bytebuddy/byte-buddy-agent/1.10.13/byte-buddy-agent-1.10.13.jar:/home/travis/.m2/repository/org/objenesis/objenesis/2.6/objenesis-2.6.jar:/home/travis/.m2/repository/org/junit/jupiter/junit-jupiter-engine/5.6.2/junit-jupiter-engine-5.6.2.jar:/home/travis/.m2/repository/org/junit/jupiter/junit-jupiter-api/5.6.2/junit-jupiter-api-5.6.2.jar:/home/travis/.m2/repository/com/github/stefanbirkner/system-rules/1.19.0/system-rules-1.19.0.jar:/home/travis/.m2/repository/org/apache/maven/surefire/surefire-junit-platform/3.0.0-M5/surefire-junit-platform-3.0.0-M5.jar:/home/travis/.m2/repository/org/apache/maven/surefire/common-java5/3.0.0-M5/common-java5-3.0.0-M5.jar:/home/travis/.m2/repository/org/junit/platform/junit-platform-launcher/1.6.2/junit-platform-launcher-1.6.2.jar"/>
    <property name="java.vm.vendor" value="Private Build"/>
    <property name="sun.arch.data.model" value="64"/>
    <property name="java.vendor.url" value="http://java.oracle.com/"/>
    <property name="user.timezone" value="UTC"/>
    <property name="java.vm.specification.version" value="1.8"/>
    <property name="os.name" value="Linux"/>
    <property name="spoon.log.path" value="${java.io.tmpdir}/spoon-log.log"/>
    <property name="user.country" value="US"/>
    <property name="sun.java.launcher" value="SUN_STANDARD"/>
    <property name="sun.boot.library.path" value="/usr/lib/jvm/java-8-openjdk-amd64/jre/lib/amd64"/>
    <property name="sun.java.command" value="org.apache.maven.surefire.booter.ForkedBooter /home/travis/build/SpoonLabs/spoon-ci-external/spoon/target/surefire 2020-07-29T17-48-50_671-jvmRun1 surefire3649466152935340551tmp surefire_03638910864464127040tmp"/>
    <property name="surefire.test.class.path" value="/home/travis/build/SpoonLabs/spoon-ci-external/spoon/target/test-classes:/home/travis/build/SpoonLabs/spoon-ci-external/spoon/target/classes:/home/travis/.m2/repository/org/eclipse/jdt/org.eclipse.jdt.core/3.20.0/org.eclipse.jdt.core-3.20.0.jar:/home/travis/.m2/repository/com/martiansoftware/jsap/2.1/jsap-2.1.jar:/home/travis/.m2/repository/org/apache/logging/log4j/log4j-api/2.13.3/log4j-api-2.13.3.jar:/home/travis/.m2/repository/org/apache/logging/log4j/log4j-to-slf4j/2.13.3/log4j-to-slf4j-2.13.3.jar:/home/travis/.m2/repository/org/slf4j/slf4j-api/1.7.25/slf4j-api-1.7.25.jar:/home/travis/.m2/repository/commons-io/commons-io/2.7/commons-io-2.7.jar:/home/travis/.m2/repository/org/apache/maven/maven-model/3.6.3/maven-model-3.6.3.jar:/home/travis/.m2/repository/org/codehaus/plexus/plexus-utils/3.2.1/plexus-utils-3.2.1.jar:/home/travis/.m2/repository/org/apache/commons/commons-lang3/3.11/commons-lang3-3.11.jar:/home/travis/.m2/repository/org/tukaani/xz/1.8/xz-1.8.jar:/home/travis/.m2/repository/com/fasterxml/jackson/core/jackson-databind/2.11.1/jackson-databind-2.11.1.jar:/home/travis/.m2/repository/com/fasterxml/jackson/core/jackson-annotations/2.11.1/jackson-annotations-2.11.1.jar:/home/travis/.m2/repository/com/fasterxml/jackson/core/jackson-core/2.11.1/jackson-core-2.11.1.jar:/home/travis/.m2/repository/org/apache/commons/commons-compress/1.20/commons-compress-1.20.jar:/home/travis/.m2/repository/com/google/guava/guava/29.0-jre/guava-29.0-jre.jar:/home/travis/.m2/repository/com/google/guava/failureaccess/1.0.1/failureaccess-1.0.1.jar:/home/travis/.m2/repository/com/google/guava/listenablefuture/9999.0-empty-to-avoid-conflict-with-guava/listenablefuture-9999.0-empty-to-avoid-conflict-with-guava.jar:/home/travis/.m2/repository/com/google/code/findbugs/jsr305/3.0.2/jsr305-3.0.2.jar:/home/travis/.m2/repository/org/checkerframework/checker-qual/2.11.1/checker-qual-2.11.1.jar:/home/travis/.m2/repository/com/google/errorprone/error_prone_annotations/2.3.4/error_prone_annotations-2.3.4.jar:/home/travis/.m2/repository/com/google/j2objc/j2objc-annotations/1.3/j2objc-annotations-1.3.jar:/home/travis/.m2/repository/ch/qos/logback/logback-classic/1.2.3/logback-classic-1.2.3.jar:/home/travis/.m2/repository/ch/qos/logback/logback-core/1.2.3/logback-core-1.2.3.jar:/home/travis/.m2/repository/com/mysema/querydsl/querydsl-core/3.6.9/querydsl-core-3.6.9.jar:/home/travis/.m2/repository/org/apache/maven/shared/maven-invoker/3.0.1/maven-invoker-3.0.1.jar:/home/travis/.m2/repository/org/apache/maven/shared/maven-shared-utils/3.2.1/maven-shared-utils-3.2.1.jar:/home/travis/.m2/repository/org/codehaus/plexus/plexus-component-annotations/1.7.1/plexus-component-annotations-1.7.1.jar:/home/travis/.m2/repository/javax/validation/validation-api/2.0.1.Final/validation-api-2.0.1.Final.jar:/home/travis/.m2/repository/com/google/code/gson/gson/2.8.6/gson-2.8.6.jar:/home/travis/.m2/repository/org/junit/vintage/junit-vintage-engine/5.6.2/junit-vintage-engine-5.6.2.jar:/home/travis/.m2/repository/org/apiguardian/apiguardian-api/1.1.0/apiguardian-api-1.1.0.jar:/home/travis/.m2/repository/org/junit/platform/junit-platform-engine/1.6.2/junit-platform-engine-1.6.2.jar:/home/travis/.m2/repository/org/opentest4j/opentest4j/1.2.0/opentest4j-1.2.0.jar:/home/travis/.m2/repository/org/junit/platform/junit-platform-commons/1.6.2/junit-platform-commons-1.6.2.jar:/home/travis/.m2/repository/junit/junit/4.13/junit-4.13.jar:/home/travis/.m2/repository/org/hamcrest/hamcrest-core/1.3/hamcrest-core-1.3.jar:/home/travis/.m2/repository/org/mockito/mockito-core/3.4.4/mockito-core-3.4.4.jar:/home/travis/.m2/repository/net/bytebuddy/byte-buddy/1.10.13/byte-buddy-1.10.13.jar:/home/travis/.m2/repository/net/bytebuddy/byte-buddy-agent/1.10.13/byte-buddy-agent-1.10.13.jar:/home/travis/.m2/repository/org/objenesis/objenesis/2.6/objenesis-2.6.jar:/home/travis/.m2/repository/org/junit/jupiter/junit-jupiter-engine/5.6.2/junit-jupiter-engine-5.6.2.jar:/home/travis/.m2/repository/org/junit/jupiter/junit-jupiter-api/5.6.2/junit-jupiter-api-5.6.2.jar:/home/travis/.m2/repository/com/github/stefanbirkner/system-rules/1.19.0/system-rules-1.19.0.jar:"/>
    <property name="sun.cpu.endian" value="little"/>
    <property name="user.home" value="/home/travis"/>
    <property name="user.language" value="en"/>
    <property name="java.specification.vendor" value="Oracle Corporation"/>
    <property name="java.home" value="/usr/lib/jvm/java-8-openjdk-amd64/jre"/>
    <property name="basedir" value="/home/travis/build/SpoonLabs/spoon-ci-external/spoon"/>
    <property name="file.separator" value="/"/>
    <property name="line.separator" value="&#10;"/>
    <property name="java.vm.specification.vendor" value="Oracle Corporation"/>
    <property name="java.specification.name" value="Java Platform API Specification"/>
    <property name="java.awt.graphicsenv" value="sun.awt.X11GraphicsEnvironment"/>
    <property name="sun.boot.class.path" value="/usr/lib/jvm/java-8-openjdk-amd64/jre/lib/resources.jar:/usr/lib/jvm/java-8-openjdk-amd64/jre/lib/rt.jar:/usr/lib/jvm/java-8-openjdk-amd64/jre/lib/sunrsasign.jar:/usr/lib/jvm/java-8-openjdk-amd64/jre/lib/jsse.jar:/usr/lib/jvm/java-8-openjdk-amd64/jre/lib/jce.jar:/usr/lib/jvm/java-8-openjdk-amd64/jre/lib/charsets.jar:/usr/lib/jvm/java-8-openjdk-amd64/jre/lib/jfr.jar:/usr/lib/jvm/java-8-openjdk-amd64/jre/classes"/>
    <property name="sun.management.compiler" value="HotSpot 64-Bit Tiered Compilers"/>
    <property name="java.runtime.version" value="1.8.0_252-8u252-b09-1~16.04-b09"/>
    <property name="user.name" value="travis"/>
    <property name="path.separator" value=":"/>
    <property name="os.version" value="4.15.0-1077-gcp"/>
    <property name="java.endorsed.dirs" value="/usr/lib/jvm/java-8-openjdk-amd64/jre/lib/endorsed"/>
    <property name="java.runtime.name" value="OpenJDK Runtime Environment"/>
    <property name="file.encoding" value="UTF-8"/>
    <property name="java.vm.name" value="OpenJDK 64-Bit Server VM"/>
    <property name="localRepository" value="/home/travis/.m2/repository"/>
    <property name="java.vendor.url.bug" value="http://bugreport.sun.com/bugreport/"/>
    <property name="java.io.tmpdir" value="/tmp"/>
    <property name="java.version" value="1.8.0_252"/>
    <property name="user.dir" value="/home/travis/build/SpoonLabs/spoon-ci-external/spoon"/>
    <property name="os.arch" value="amd64"/>
    <property name="java.vm.specification.name" value="Java Virtual Machine Specification"/>
    <property name="java.awt.printerjob" value="sun.print.PSPrinterJob"/>
    <property name="sun.os.patch.level" value="unknown"/>
    <property name="java.library.path" value="/usr/java/packages/lib/amd64:/usr/lib/x86_64-linux-gnu/jni:/lib/x86_64-linux-gnu:/usr/lib/x86_64-linux-gnu:/usr/lib/jni:/lib:/usr/lib"/>
    <property name="java.vm.info" value="mixed mode"/>
    <property name="java.vendor" value="Private Build"/>
    <property name="java.vm.version" value="25.252-b09"/>
    <property name="java.ext.dirs" value="/usr/lib/jvm/java-8-openjdk-amd64/jre/lib/ext:/usr/java/packages/lib/ext"/>
    <property name="sun.io.unicode.encoding" value="UnicodeLittle"/>
    <property name="java.class.version" value="52.0"/>
  </properties>
  <testcase name="testForceRefresh" classname="spoon.MavenLauncherTest" time="9.376">
    <system-out><![CDATA[17:49:04.943 [main] INFO spoon.Launcher - Running in NOCLASSPATH mode (doc: http://spoon.gforge.inria.fr/launcher.html).
17:49:05.237 [main] INFO spoon.Launcher - Running in NOCLASSPATH mode (doc: http://spoon.gforge.inria.fr/launcher.html).
17:49:06.718 [Thread-3] DEBUG spoon.Launcher - [INFO] Scanning for projects...
17:49:06.773 [Thread-3] DEBUG spoon.Launcher - [WARNING] 
17:49:06.775 [Thread-3] DEBUG spoon.Launcher - [WARNING] Some problems were encountered while building the effective model for org.foo.bar:foobar:jar:1.0.0-SNAPSHOT
17:49:06.778 [Thread-3] DEBUG spoon.Launcher - [WARNING] 'dependencies.dependency.systemPath' for com.infradna.tool:bridge-method-annotation:jar should not point at files within the project directory, ${basedir}/lib/bridge-method-annotation-1.13.jar will be unresolvable by dependent projects @ line 18, column 25
17:49:06.779 [Thread-3] DEBUG spoon.Launcher - [WARNING] 
17:49:06.779 [Thread-3] DEBUG spoon.Launcher - [WARNING] It is highly recommended to fix these problems because they threaten the stability of your build.
17:49:06.779 [Thread-3] DEBUG spoon.Launcher - [WARNING] 
17:49:06.783 [Thread-3] DEBUG spoon.Launcher - [WARNING] For this reason, future Maven versions might no longer support building such malformed projects.
17:49:06.783 [Thread-3] DEBUG spoon.Launcher - [WARNING] 
17:49:07.150 [Thread-3] DEBUG spoon.Launcher - [INFO] Downloading from google-maven-central: https://maven-central.storage-download.googleapis.com/maven2/org/apache/maven/plugins/maven-clean-plugin/2.5/maven-clean-plugin-2.5.pom
17:49:07.541 [Thread-3] DEBUG spoon.Launcher - [INFO] Downloaded from google-maven-central: https://maven-central.storage-download.googleapis.com/maven2/org/apache/maven/plugins/maven-clean-plugin/2.5/maven-clean-plugin-2.5.pom (3.9 kB at 9.8 kB/s)
17:49:07.697 [Thread-3] DEBUG spoon.Launcher - [INFO] Downloading from google-maven-central: https://maven-central.storage-download.googleapis.com/maven2/org/apache/maven/plugins/maven-clean-plugin/2.5/maven-clean-plugin-2.5.jar
17:49:07.726 [Thread-3] DEBUG spoon.Launcher - [INFO] Downloaded from google-maven-central: https://maven-central.storage-download.googleapis.com/maven2/org/apache/maven/plugins/maven-clean-plugin/2.5/maven-clean-plugin-2.5.jar (25 kB at 821 kB/s)
17:49:07.804 [Thread-3] DEBUG spoon.Launcher - [INFO] Downloading from google-maven-central: https://maven-central.storage-download.googleapis.com/maven2/org/apache/maven/plugins/maven-compiler-plugin/3.1/maven-compiler-plugin-3.1.pom
17:49:07.825 [Thread-3] DEBUG spoon.Launcher - [INFO] Downloaded from google-maven-central: https://maven-central.storage-download.googleapis.com/maven2/org/apache/maven/plugins/maven-compiler-plugin/3.1/maven-compiler-plugin-3.1.pom (10 kB at 444 kB/s)
17:49:07.832 [Thread-3] DEBUG spoon.Launcher - [INFO] Downloading from google-maven-central: https://maven-central.storage-download.googleapis.com/maven2/org/apache/maven/plugins/maven-plugins/24/maven-plugins-24.pom
17:49:07.851 [Thread-3] DEBUG spoon.Launcher - [INFO] Downloaded from google-maven-central: https://maven-central.storage-download.googleapis.com/maven2/org/apache/maven/plugins/maven-plugins/24/maven-plugins-24.pom (11 kB at 569 kB/s)
17:49:07.879 [Thread-3] DEBUG spoon.Launcher - [INFO] Downloading from google-maven-central: https://maven-central.storage-download.googleapis.com/maven2/org/apache/maven/plugins/maven-compiler-plugin/3.1/maven-compiler-plugin-3.1.jar
17:49:07.900 [Thread-3] DEBUG spoon.Launcher - [INFO] Downloaded from google-maven-central: https://maven-central.storage-download.googleapis.com/maven2/org/apache/maven/plugins/maven-compiler-plugin/3.1/maven-compiler-plugin-3.1.jar (43 kB at 2.0 MB/s)
17:49:07.912 [Thread-3] DEBUG spoon.Launcher - [INFO] Downloading from google-maven-central: https://maven-central.storage-download.googleapis.com/maven2/org/apache/maven/plugins/maven-surefire-plugin/2.12.4/maven-surefire-plugin-2.12.4.pom
17:49:07.929 [Thread-3] DEBUG spoon.Launcher - [INFO] Downloaded from google-maven-central: https://maven-central.storage-download.googleapis.com/maven2/org/apache/maven/plugins/maven-surefire-plugin/2.12.4/maven-surefire-plugin-2.12.4.pom (10 kB at 655 kB/s)
17:49:07.937 [Thread-3] DEBUG spoon.Launcher - [INFO] Downloading from google-maven-central: https://maven-central.storage-download.googleapis.com/maven2/org/apache/maven/surefire/surefire/2.12.4/surefire-2.12.4.pom
17:49:07.952 [Thread-3] DEBUG spoon.Launcher - [INFO] Downloaded from google-maven-central: https://maven-central.storage-download.googleapis.com/maven2/org/apache/maven/surefire/surefire/2.12.4/surefire-2.12.4.pom (14 kB at 862 kB/s)
17:49:07.969 [Thread-3] DEBUG spoon.Launcher - [INFO] Downloading from google-maven-central: https://maven-central.storage-download.googleapis.com/maven2/org/apache/maven/plugins/maven-surefire-plugin/2.12.4/maven-surefire-plugin-2.12.4.jar
17:49:07.994 [Thread-3] DEBUG spoon.Launcher - [INFO] Downloaded from google-maven-central: https://maven-central.storage-download.googleapis.com/maven2/org/apache/maven/plugins/maven-surefire-plugin/2.12.4/maven-surefire-plugin-2.12.4.jar (30 kB at 1.3 MB/s)
17:49:08.003 [Thread-3] DEBUG spoon.Launcher - [INFO] Downloading from google-maven-central: https://maven-central.storage-download.googleapis.com/maven2/org/apache/maven/plugins/maven-install-plugin/2.4/maven-install-plugin-2.4.pom
17:49:08.021 [Thread-3] DEBUG spoon.Launcher - [INFO] Downloaded from google-maven-central: https://maven-central.storage-download.googleapis.com/maven2/org/apache/maven/plugins/maven-install-plugin/2.4/maven-install-plugin-2.4.pom (6.4 kB at 425 kB/s)
17:49:08.036 [Thread-3] DEBUG spoon.Launcher - [INFO] Downloading from google-maven-central: https://maven-central.storage-download.googleapis.com/maven2/org/apache/maven/plugins/maven-install-plugin/2.4/maven-install-plugin-2.4.jar
17:49:08.049 [Thread-3] DEBUG spoon.Launcher - [INFO] Downloaded from google-maven-central: https://maven-central.storage-download.googleapis.com/maven2/org/apache/maven/plugins/maven-install-plugin/2.4/maven-install-plugin-2.4.jar (27 kB at 2.1 MB/s)
17:49:08.055 [Thread-3] DEBUG spoon.Launcher - [INFO] Downloading from google-maven-central: https://maven-central.storage-download.googleapis.com/maven2/org/apache/maven/plugins/maven-deploy-plugin/2.7/maven-deploy-plugin-2.7.pom
17:49:08.068 [Thread-3] DEBUG spoon.Launcher - [INFO] Downloaded from google-maven-central: https://maven-central.storage-download.googleapis.com/maven2/org/apache/maven/plugins/maven-deploy-plugin/2.7/maven-deploy-plugin-2.7.pom (5.6 kB at 401 kB/s)
17:49:08.076 [Thread-3] DEBUG spoon.Launcher - [INFO] Downloading from google-maven-central: https://maven-central.storage-download.googleapis.com/maven2/org/apache/maven/plugins/maven-deploy-plugin/2.7/maven-deploy-plugin-2.7.jar
17:49:08.085 [Thread-3] DEBUG spoon.Launcher - [INFO] Downloaded from google-maven-central: https://maven-central.storage-download.googleapis.com/maven2/org/apache/maven/plugins/maven-deploy-plugin/2.7/maven-deploy-plugin-2.7.jar (27 kB at 3.0 MB/s)
17:49:08.090 [Thread-3] DEBUG spoon.Launcher - [INFO] Downloading from google-maven-central: https://maven-central.storage-download.googleapis.com/maven2/org/apache/maven/plugins/maven-site-plugin/3.3/maven-site-plugin-3.3.pom
17:49:08.184 [Thread-3] DEBUG spoon.Launcher - [INFO] Downloaded from google-maven-central: https://maven-central.storage-download.googleapis.com/maven2/org/apache/maven/plugins/maven-site-plugin/3.3/maven-site-plugin-3.3.pom (21 kB at 221 kB/s)
17:49:08.191 [Thread-3] DEBUG spoon.Launcher - [INFO] Downloading from google-maven-central: https://maven-central.storage-download.googleapis.com/maven2/org/apache/maven/plugins/maven-site-plugin/3.3/maven-site-plugin-3.3.jar
17:49:08.302 [Thread-3] DEBUG spoon.Launcher - [INFO] Downloaded from google-maven-central: https://maven-central.storage-download.googleapis.com/maven2/org/apache/maven/plugins/maven-site-plugin/3.3/maven-site-plugin-3.3.jar (124 kB at 1.1 MB/s)
17:49:08.315 [Thread-3] DEBUG spoon.Launcher - [INFO] Downloading from google-maven-central: https://maven-central.storage-download.googleapis.com/maven2/org/apache/maven/plugins/maven-antrun-plugin/1.3/maven-antrun-plugin-1.3.pom
17:49:08.326 [Thread-3] DEBUG spoon.Launcher - [INFO] Downloaded from google-maven-central: https://maven-central.storage-download.googleapis.com/maven2/org/apache/maven/plugins/maven-antrun-plugin/1.3/maven-antrun-plugin-1.3.pom (4.7 kB at 473 kB/s)
17:49:08.327 [Thread-3] DEBUG spoon.Launcher - [INFO] Downloading from google-maven-central: https://maven-central.storage-download.googleapis.com/maven2/org/apache/maven/plugins/maven-plugins/12/maven-plugins-12.pom
17:49:08.337 [Thread-3] DEBUG spoon.Launcher - [INFO] Downloaded from google-maven-central: https://maven-central.storage-download.googleapis.com/maven2/org/apache/maven/plugins/maven-plugins/12/maven-plugins-12.pom (12 kB at 1.2 MB/s)
17:49:08.341 [Thread-3] DEBUG spoon.Launcher - [INFO] Downloading from google-maven-central: https://maven-central.storage-download.googleapis.com/maven2/org/apache/maven/maven-parent/9/maven-parent-9.pom
17:49:08.356 [Thread-3] DEBUG spoon.Launcher - [INFO] Downloaded from google-maven-central: https://maven-central.storage-download.googleapis.com/maven2/org/apache/maven/maven-parent/9/maven-parent-9.pom (33 kB at 2.1 MB/s)
17:49:08.363 [Thread-3] DEBUG spoon.Launcher - [INFO] Downloading from google-maven-central: https://maven-central.storage-download.googleapis.com/maven2/org/apache/maven/plugins/maven-antrun-plugin/1.3/maven-antrun-plugin-1.3.jar
17:49:08.371 [Thread-3] DEBUG spoon.Launcher - [INFO] Downloaded from google-maven-central: https://maven-central.storage-download.googleapis.com/maven2/org/apache/maven/plugins/maven-antrun-plugin/1.3/maven-antrun-plugin-1.3.jar (24 kB at 2.6 MB/s)
17:49:08.376 [Thread-3] DEBUG spoon.Launcher - [INFO] Downloading from google-maven-central: https://maven-central.storage-download.googleapis.com/maven2/org/apache/maven/plugins/maven-assembly-plugin/2.2-beta-5/maven-assembly-plugin-2.2-beta-5.pom
17:49:08.388 [Thread-3] DEBUG spoon.Launcher - [INFO] Downloaded from google-maven-central: https://maven-central.storage-download.googleapis.com/maven2/org/apache/maven/plugins/maven-assembly-plugin/2.2-beta-5/maven-assembly-plugin-2.2-beta-5.pom (15 kB at 1.2 MB/s)
17:49:08.392 [Thread-3] DEBUG spoon.Launcher - [INFO] Downloading from google-maven-central: https://maven-central.storage-download.googleapis.com/maven2/org/apache/maven/plugins/maven-plugins/16/maven-plugins-16.pom
17:49:08.409 [Thread-3] DEBUG spoon.Launcher - [INFO] Downloaded from google-maven-central: https://maven-central.storage-download.googleapis.com/maven2/org/apache/maven/plugins/maven-plugins/16/maven-plugins-16.pom (13 kB at 762 kB/s)
17:49:08.421 [Thread-3] DEBUG spoon.Launcher - [INFO] Downloading from google-maven-central: https://maven-central.storage-download.googleapis.com/maven2/org/apache/maven/plugins/maven-assembly-plugin/2.2-beta-5/maven-assembly-plugin-2.2-beta-5.jar
17:49:08.444 [Thread-3] DEBUG spoon.Launcher - [INFO] Downloaded from google-maven-central: https://maven-central.storage-download.googleapis.com/maven2/org/apache/maven/plugins/maven-assembly-plugin/2.2-beta-5/maven-assembly-plugin-2.2-beta-5.jar (209 kB at 9.1 MB/s)
17:49:08.460 [Thread-3] DEBUG spoon.Launcher - [INFO] Downloading from google-maven-central: https://maven-central.storage-download.googleapis.com/maven2/org/apache/maven/plugins/maven-dependency-plugin/2.8/maven-dependency-plugin-2.8.pom
17:49:08.474 [Thread-3] DEBUG spoon.Launcher - [INFO] Downloaded from google-maven-central: https://maven-central.storage-download.googleapis.com/maven2/org/apache/maven/plugins/maven-dependency-plugin/2.8/maven-dependency-plugin-2.8.pom (11 kB at 881 kB/s)
17:49:08.494 [Thread-3] DEBUG spoon.Launcher - [INFO] Downloading from google-maven-central: https://maven-central.storage-download.googleapis.com/maven2/org/apache/maven/plugins/maven-dependency-plugin/2.8/maven-dependency-plugin-2.8.jar
17:49:08.523 [Thread-3] DEBUG spoon.Launcher - [INFO] Downloaded from google-maven-central: https://maven-central.storage-download.googleapis.com/maven2/org/apache/maven/plugins/maven-dependency-plugin/2.8/maven-dependency-plugin-2.8.jar (153 kB at 4.4 MB/s)
17:49:08.548 [Thread-3] DEBUG spoon.Launcher - [INFO] 
17:49:08.549 [Thread-3] DEBUG spoon.Launcher - [INFO] -------------------------< org.foo.bar:foobar >-------------------------
17:49:08.550 [Thread-3] DEBUG spoon.Launcher - [INFO] Building foobar 1.0.0-SNAPSHOT
17:49:08.551 [Thread-3] DEBUG spoon.Launcher - [INFO] --------------------------------[ jar ]---------------------------------
17:49:08.576 [Thread-3] DEBUG spoon.Launcher - [INFO] 
17:49:08.577 [Thread-3] DEBUG spoon.Launcher - [INFO] --- maven-dependency-plugin:2.8:build-classpath (default-cli) @ foobar ---
17:49:08.599 [Thread-3] DEBUG spoon.Launcher - [INFO] Downloading from google-maven-central: https://maven-central.storage-download.googleapis.com/maven2/org/apache/maven/maven-artifact/2.0.9/maven-artifact-2.0.9.pom
17:49:08.619 [Thread-3] DEBUG spoon.Launcher - [INFO] Downloaded from google-maven-central: https://maven-central.storage-download.googleapis.com/maven2/org/apache/maven/maven-artifact/2.0.9/maven-artifact-2.0.9.pom (1.6 kB at 67 kB/s)
17:49:08.623 [Thread-3] DEBUG spoon.Launcher - [INFO] Downloading from google-maven-central: https://maven-central.storage-download.googleapis.com/maven2/org/apache/maven/maven/2.0.9/maven-2.0.9.pom
17:49:08.639 [Thread-3] DEBUG spoon.Launcher - [INFO] Downloaded from google-maven-central: https://maven-central.storage-download.googleapis.com/maven2/org/apache/maven/maven/2.0.9/maven-2.0.9.pom (19 kB at 1.4 MB/s)
17:49:08.646 [Thread-3] DEBUG spoon.Launcher - [INFO] Downloading from google-maven-central: https://maven-central.storage-download.googleapis.com/maven2/org/apache/maven/maven-parent/8/maven-parent-8.pom
17:49:08.660 [Thread-3] DEBUG spoon.Launcher - [INFO] Downloaded from google-maven-central: https://maven-central.storage-download.googleapis.com/maven2/org/apache/maven/maven-parent/8/maven-parent-8.pom (24 kB at 1.3 MB/s)
17:49:08.674 [Thread-3] DEBUG spoon.Launcher - [INFO] Downloading from google-maven-central: https://maven-central.storage-download.googleapis.com/maven2/org/codehaus/plexus/plexus-utils/1.5.1/plexus-utils-1.5.1.pom
17:49:08.683 [Thread-3] DEBUG spoon.Launcher - [INFO] Downloaded from google-maven-central: https://maven-central.storage-download.googleapis.com/maven2/org/codehaus/plexus/plexus-utils/1.5.1/plexus-utils-1.5.1.pom (2.3 kB at 191 kB/s)
17:49:08.692 [Thread-3] DEBUG spoon.Launcher - [INFO] Downloading from google-maven-central: https://maven-central.storage-download.googleapis.com/maven2/org/apache/maven/maven-plugin-api/2.0.9/maven-plugin-api-2.0.9.pom
17:49:08.704 [Thread-3] DEBUG spoon.Launcher - [INFO] Downloaded from google-maven-central: https://maven-central.storage-download.googleapis.com/maven2/org/apache/maven/maven-plugin-api/2.0.9/maven-plugin-api-2.0.9.pom (1.5 kB at 149 kB/s)
17:49:08.721 [Thread-3] DEBUG spoon.Launcher - [INFO] Downloading from google-maven-central: https://maven-central.storage-download.googleapis.com/maven2/org/apache/maven/maven-project/2.0.9/maven-project-2.0.9.pom
17:49:08.728 [Thread-3] DEBUG spoon.Launcher - [INFO] Downloaded from google-maven-central: https://maven-central.storage-download.googleapis.com/maven2/org/apache/maven/maven-project/2.0.9/maven-project-2.0.9.pom (2.7 kB at 151 kB/s)
17:49:08.733 [Thread-3] DEBUG spoon.Launcher - [INFO] Downloading from google-maven-central: https://maven-central.storage-download.googleapis.com/maven2/org/apache/maven/maven-settings/2.0.9/maven-settings-2.0.9.pom
17:49:08.739 [Thread-3] DEBUG spoon.Launcher - [INFO] Downloaded from google-maven-central: https://maven-central.storage-download.googleapis.com/maven2/org/apache/maven/maven-settings/2.0.9/maven-settings-2.0.9.pom (2.1 kB at 343 kB/s)
17:49:08.744 [Thread-3] DEBUG spoon.Launcher - [INFO] Downloading from google-maven-central: https://maven-central.storage-download.googleapis.com/maven2/org/apache/maven/maven-model/2.0.9/maven-model-2.0.9.pom
17:49:08.753 [Thread-3] DEBUG spoon.Launcher - [INFO] Downloaded from google-maven-central: https://maven-central.storage-download.googleapis.com/maven2/org/apache/maven/maven-model/2.0.9/maven-model-2.0.9.pom (3.1 kB at 392 kB/s)
17:49:08.765 [Thread-3] DEBUG spoon.Launcher - [INFO] Downloading from google-maven-central: https://maven-central.storage-download.googleapis.com/maven2/org/apache/maven/maven-profile/2.0.9/maven-profile-2.0.9.pom
17:49:08.774 [Thread-3] DEBUG spoon.Launcher - [INFO] Downloaded from google-maven-central: https://maven-central.storage-download.googleapis.com/maven2/org/apache/maven/maven-profile/2.0.9/maven-profile-2.0.9.pom (2.0 kB at 256 kB/s)
17:49:08.782 [Thread-3] DEBUG spoon.Launcher - [INFO] Downloading from google-maven-central: https://maven-central.storage-download.googleapis.com/maven2/org/apache/maven/maven-artifact-manager/2.0.9/maven-artifact-manager-2.0.9.pom
17:49:08.790 [Thread-3] DEBUG spoon.Launcher - [INFO] Downloaded from google-maven-central: https://maven-central.storage-download.googleapis.com/maven2/org/apache/maven/maven-artifact-manager/2.0.9/maven-artifact-manager-2.0.9.pom (2.7 kB at 338 kB/s)
17:49:08.795 [Thread-3] DEBUG spoon.Launcher - [INFO] Downloading from google-maven-central: https://maven-central.storage-download.googleapis.com/maven2/org/apache/maven/maven-repository-metadata/2.0.9/maven-repository-metadata-2.0.9.pom
17:49:08.803 [Thread-3] DEBUG spoon.Launcher - [INFO] Downloaded from google-maven-central: https://maven-central.storage-download.googleapis.com/maven2/org/apache/maven/maven-repository-metadata/2.0.9/maven-repository-metadata-2.0.9.pom (1.9 kB at 238 kB/s)
17:49:08.813 [Thread-3] DEBUG spoon.Launcher - [INFO] Downloading from google-maven-central: https://maven-central.storage-download.googleapis.com/maven2/org/apache/maven/maven-plugin-registry/2.0.9/maven-plugin-registry-2.0.9.pom
17:49:08.825 [Thread-3] DEBUG spoon.Launcher - [INFO] Downloaded from google-maven-central: https://maven-central.storage-download.googleapis.com/maven2/org/apache/maven/maven-plugin-registry/2.0.9/maven-plugin-registry-2.0.9.pom (2.0 kB at 179 kB/s)
17:49:08.835 [Thread-3] DEBUG spoon.Launcher - [INFO] Downloading from google-maven-central: https://maven-central.storage-download.googleapis.com/maven2/org/apache/maven/maven-core/2.0.9/maven-core-2.0.9.pom
17:49:08.843 [Thread-3] DEBUG spoon.Launcher - [INFO] Downloaded from google-maven-central: https://maven-central.storage-download.googleapis.com/maven2/org/apache/maven/maven-core/2.0.9/maven-core-2.0.9.pom (7.8 kB at 865 kB/s)
17:49:08.857 [Thread-3] DEBUG spoon.Launcher - [INFO] Downloading from google-maven-central: https://maven-central.storage-download.googleapis.com/maven2/org/apache/maven/maven-plugin-parameter-documenter/2.0.9/maven-plugin-parameter-documenter-2.0.9.pom
17:49:08.863 [Thread-3] DEBUG spoon.Launcher - [INFO] Downloaded from google-maven-central: https://maven-central.storage-download.googleapis.com/maven2/org/apache/maven/maven-plugin-parameter-documenter/2.0.9/maven-plugin-parameter-documenter-2.0.9.pom (2.0 kB at 281 kB/s)
17:49:08.868 [Thread-3] DEBUG spoon.Launcher - [INFO] Downloading from google-maven-central: https://maven-central.storage-download.googleapis.com/maven2/org/apache/maven/reporting/maven-reporting-api/2.0.9/maven-reporting-api-2.0.9.pom
17:49:08.876 [Thread-3] DEBUG spoon.Launcher - [INFO] Downloaded from google-maven-central: https://maven-central.storage-download.googleapis.com/maven2/org/apache/maven/reporting/maven-reporting-api/2.0.9/maven-reporting-api-2.0.9.pom (1.8 kB at 225 kB/s)
17:49:08.881 [Thread-3] DEBUG spoon.Launcher - [INFO] Downloading from google-maven-central: https://maven-central.storage-download.googleapis.com/maven2/org/apache/maven/reporting/maven-reporting/2.0.9/maven-reporting-2.0.9.pom
17:49:08.891 [Thread-3] DEBUG spoon.Launcher - [INFO] Downloaded from google-maven-central: https://maven-central.storage-download.googleapis.com/maven2/org/apache/maven/reporting/maven-reporting/2.0.9/maven-reporting-2.0.9.pom (1.5 kB at 123 kB/s)
17:49:08.900 [Thread-3] DEBUG spoon.Launcher - [INFO] Downloading from google-maven-central: https://maven-central.storage-download.googleapis.com/maven2/org/apache/maven/doxia/doxia-sink-api/1.0-alpha-10/doxia-sink-api-1.0-alpha-10.pom
17:49:08.909 [Thread-3] DEBUG spoon.Launcher - [INFO] Downloaded from google-maven-central: https://maven-central.storage-download.googleapis.com/maven2/org/apache/maven/doxia/doxia-sink-api/1.0-alpha-10/doxia-sink-api-1.0-alpha-10.pom (1.3 kB at 135 kB/s)
17:49:08.913 [Thread-3] DEBUG spoon.Launcher - [INFO] Downloading from google-maven-central: https://maven-central.storage-download.googleapis.com/maven2/org/apache/maven/doxia/doxia/1.0-alpha-10/doxia-1.0-alpha-10.pom
17:49:08.921 [Thread-3] DEBUG spoon.Launcher - [INFO] Downloaded from google-maven-central: https://maven-central.storage-download.googleapis.com/maven2/org/apache/maven/doxia/doxia/1.0-alpha-10/doxia-1.0-alpha-10.pom (9.2 kB at 1.3 MB/s)
17:49:08.925 [Thread-3] DEBUG spoon.Launcher - [INFO] Downloading from google-maven-central: https://maven-central.storage-download.googleapis.com/maven2/org/apache/maven/maven-parent/6/maven-parent-6.pom
17:49:08.935 [Thread-3] DEBUG spoon.Launcher - [INFO] Downloaded from google-maven-central: https://maven-central.storage-download.googleapis.com/maven2/org/apache/maven/maven-parent/6/maven-parent-6.pom (20 kB at 1.8 MB/s)
17:49:08.940 [Thread-3] DEBUG spoon.Launcher - [INFO] Downloading from google-maven-central: https://maven-central.storage-download.googleapis.com/maven2/org/apache/maven/maven-error-diagnostics/2.0.9/maven-error-diagnostics-2.0.9.pom
17:49:08.956 [Thread-3] DEBUG spoon.Launcher - [INFO] Downloaded from google-maven-central: https://maven-central.storage-download.googleapis.com/maven2/org/apache/maven/maven-error-diagnostics/2.0.9/maven-error-diagnostics-2.0.9.pom (1.7 kB at 116 kB/s)
17:49:08.963 [Thread-3] DEBUG spoon.Launcher - [INFO] Downloading from google-maven-central: https://maven-central.storage-download.googleapis.com/maven2/org/apache/maven/maven-plugin-descriptor/2.0.9/maven-plugin-descriptor-2.0.9.pom
17:49:08.971 [Thread-3] DEBUG spoon.Launcher - [INFO] Downloaded from google-maven-central: https://maven-central.storage-download.googleapis.com/maven2/org/apache/maven/maven-plugin-descriptor/2.0.9/maven-plugin-descriptor-2.0.9.pom (2.1 kB at 259 kB/s)
17:49:08.979 [Thread-3] DEBUG spoon.Launcher - [INFO] Downloading from google-maven-central: https://maven-central.storage-download.googleapis.com/maven2/org/apache/maven/maven-monitor/2.0.9/maven-monitor-2.0.9.pom
17:49:08.987 [Thread-3] DEBUG spoon.Launcher - [INFO] Downloaded from google-maven-central: https://maven-central.storage-download.googleapis.com/maven2/org/apache/maven/maven-monitor/2.0.9/maven-monitor-2.0.9.pom (1.3 kB at 161 kB/s)
17:49:08.995 [Thread-3] DEBUG spoon.Launcher - [INFO] Downloading from google-maven-central: https://maven-central.storage-download.googleapis.com/maven2/org/apache/maven/reporting/maven-reporting-api/3.0/maven-reporting-api-3.0.pom
17:49:09.010 [Thread-3] DEBUG spoon.Launcher - [INFO] Downloaded from google-maven-central: https://maven-central.storage-download.googleapis.com/maven2/org/apache/maven/reporting/maven-reporting-api/3.0/maven-reporting-api-3.0.pom (2.4 kB at 170 kB/s)
17:49:09.011 [Thread-3] DEBUG spoon.Launcher - [INFO] Downloading from google-maven-central: https://maven-central.storage-download.googleapis.com/maven2/org/apache/maven/shared/maven-shared-components/15/maven-shared-components-15.pom
17:49:09.022 [Thread-3] DEBUG spoon.Launcher - [INFO] Downloaded from google-maven-central: https://maven-central.storage-download.googleapis.com/maven2/org/apache/maven/shared/maven-shared-components/15/maven-shared-components-15.pom (9.3 kB at 849 kB/s)
17:49:09.030 [Thread-3] DEBUG spoon.Launcher - [INFO] Downloading from google-maven-central: https://maven-central.storage-download.googleapis.com/maven2/org/apache/maven/maven-parent/16/maven-parent-16.pom
17:49:09.044 [Thread-3] DEBUG spoon.Launcher - [INFO] Downloaded from google-maven-central: https://maven-central.storage-download.googleapis.com/maven2/org/apache/maven/maven-parent/16/maven-parent-16.pom (23 kB at 1.5 MB/s)
17:49:09.051 [Thread-3] DEBUG spoon.Launcher - [INFO] Downloading from google-maven-central: https://maven-central.storage-download.googleapis.com/maven2/org/apache/maven/doxia/doxia-sink-api/1.0/doxia-sink-api-1.0.pom
17:49:09.060 [Thread-3] DEBUG spoon.Launcher - [INFO] Downloaded from google-maven-central: https://maven-central.storage-download.googleapis.com/maven2/org/apache/maven/doxia/doxia-sink-api/1.0/doxia-sink-api-1.0.pom (1.4 kB at 154 kB/s)
17:49:09.062 [Thread-3] DEBUG spoon.Launcher - [INFO] Downloading from google-maven-central: https://maven-central.storage-download.googleapis.com/maven2/org/apache/maven/doxia/doxia/1.0/doxia-1.0.pom
17:49:09.069 [Thread-3] DEBUG spoon.Launcher - [INFO] Downloaded from google-maven-central: https://maven-central.storage-download.googleapis.com/maven2/org/apache/maven/doxia/doxia/1.0/doxia-1.0.pom (9.6 kB at 1.4 MB/s)
17:49:09.076 [Thread-3] DEBUG spoon.Launcher - [INFO] Downloading from google-maven-central: https://maven-central.storage-download.googleapis.com/maven2/org/apache/maven/reporting/maven-reporting-impl/2.0.5/maven-reporting-impl-2.0.5.pom
17:49:09.199 [Thread-3] DEBUG spoon.Launcher - [INFO] Downloaded from google-maven-central: https://maven-central.storage-download.googleapis.com/maven2/org/apache/maven/reporting/maven-reporting-impl/2.0.5/maven-reporting-impl-2.0.5.pom (4.2 kB at 34 kB/s)
17:49:09.225 [Thread-3] DEBUG spoon.Launcher - [INFO] Downloading from google-maven-central: https://maven-central.storage-download.googleapis.com/maven2/org/apache/maven/doxia/doxia-core/1.0/doxia-core-1.0.pom
17:49:09.235 [Thread-3] DEBUG spoon.Launcher - [INFO] Downloaded from google-maven-central: https://maven-central.storage-download.googleapis.com/maven2/org/apache/maven/doxia/doxia-core/1.0/doxia-core-1.0.pom (2.4 kB at 240 kB/s)
17:49:09.241 [Thread-3] DEBUG spoon.Launcher - [INFO] Downloading from google-maven-central: https://maven-central.storage-download.googleapis.com/maven2/org/codehaus/plexus/plexus-utils/1.5.7/plexus-utils-1.5.7.pom
17:49:09.366 [Thread-3] DEBUG spoon.Launcher - [INFO] Downloaded from google-maven-central: https://maven-central.storage-download.googleapis.com/maven2/org/codehaus/plexus/plexus-utils/1.5.7/plexus-utils-1.5.7.pom (8.1 kB at 64 kB/s)
17:49:09.374 [Thread-3] DEBUG spoon.Launcher - [INFO] Downloading from google-maven-central: https://maven-central.storage-download.googleapis.com/maven2/org/codehaus/plexus/plexus-container-default/1.0-alpha-30/plexus-container-default-1.0-alpha-30.pom
17:49:09.383 [Thread-3] DEBUG spoon.Launcher - [INFO] Downloaded from google-maven-central: https://maven-central.storage-download.googleapis.com/maven2/org/codehaus/plexus/plexus-container-default/1.0-alpha-30/plexus-container-default-1.0-alpha-30.pom (3.5 kB at 386 kB/s)
17:49:09.386 [Thread-3] DEBUG spoon.Launcher - [INFO] Downloading from google-maven-central: https://maven-central.storage-download.googleapis.com/maven2/org/codehaus/plexus/plexus-containers/1.0-alpha-30/plexus-containers-1.0-alpha-30.pom
17:49:09.395 [Thread-3] DEBUG spoon.Launcher - [INFO] Downloaded from google-maven-central: https://maven-central.storage-download.googleapis.com/maven2/org/codehaus/plexus/plexus-containers/1.0-alpha-30/plexus-containers-1.0-alpha-30.pom (1.9 kB at 210 kB/s)
17:49:09.402 [Thread-3] DEBUG spoon.Launcher - [INFO] Downloading from google-maven-central: https://maven-central.storage-download.googleapis.com/maven2/org/codehaus/plexus/plexus-utils/1.4.5/plexus-utils-1.4.5.pom
17:49:09.409 [Thread-3] DEBUG spoon.Launcher - [INFO] Downloaded from google-maven-central: https://maven-central.storage-download.googleapis.com/maven2/org/codehaus/plexus/plexus-utils/1.4.5/plexus-utils-1.4.5.pom (2.3 kB at 283 kB/s)
17:49:09.414 [Thread-3] DEBUG spoon.Launcher - [INFO] Downloading from google-maven-central: https://maven-central.storage-download.googleapis.com/maven2/org/codehaus/plexus/plexus-classworlds/1.2-alpha-9/plexus-classworlds-1.2-alpha-9.pom
17:49:09.419 [Thread-3] DEBUG spoon.Launcher - [INFO] Downloaded from google-maven-central: https://maven-central.storage-download.googleapis.com/maven2/org/codehaus/plexus/plexus-classworlds/1.2-alpha-9/plexus-classworlds-1.2-alpha-9.pom (3.2 kB at 537 kB/s)
17:49:09.422 [Thread-3] DEBUG spoon.Launcher - [INFO] Downloading from google-maven-central: https://maven-central.storage-download.googleapis.com/maven2/org/codehaus/plexus/plexus/1.0.10/plexus-1.0.10.pom
17:49:09.429 [Thread-3] DEBUG spoon.Launcher - [INFO] Downloaded from google-maven-central: https://maven-central.storage-download.googleapis.com/maven2/org/codehaus/plexus/plexus/1.0.10/plexus-1.0.10.pom (8.2 kB at 1.2 MB/s)
17:49:09.440 [Thread-3] DEBUG spoon.Launcher - [INFO] Downloading from google-maven-central: https://maven-central.storage-download.googleapis.com/maven2/org/apache/maven/doxia/doxia-site-renderer/1.0/doxia-site-renderer-1.0.pom
17:49:09.447 [Thread-3] DEBUG spoon.Launcher - [INFO] Downloaded from google-maven-central: https://maven-central.storage-download.googleapis.com/maven2/org/apache/maven/doxia/doxia-site-renderer/1.0/doxia-site-renderer-1.0.pom (4.4 kB at 632 kB/s)
17:49:09.450 [Thread-3] DEBUG spoon.Launcher - [INFO] Downloading from google-maven-central: https://maven-central.storage-download.googleapis.com/maven2/org/apache/maven/doxia/doxia-sitetools/1.0/doxia-sitetools-1.0.pom
17:49:09.466 [Thread-3] DEBUG spoon.Launcher - [INFO] Downloaded from google-maven-central: https://maven-central.storage-download.googleapis.com/maven2/org/apache/maven/doxia/doxia-sitetools/1.0/doxia-sitetools-1.0.pom (9.6 kB at 599 kB/s)
17:49:09.473 [Thread-3] DEBUG spoon.Launcher - [INFO] Downloading from google-maven-central: https://maven-central.storage-download.googleapis.com/maven2/org/codehaus/plexus/plexus-i18n/1.0-beta-7/plexus-i18n-1.0-beta-7.pom
17:49:09.480 [Thread-3] DEBUG spoon.Launcher - [INFO] Downloaded from google-maven-central: https://maven-central.storage-download.googleapis.com/maven2/org/codehaus/plexus/plexus-i18n/1.0-beta-7/plexus-i18n-1.0-beta-7.pom (1.1 kB at 176 kB/s)
17:49:09.483 [Thread-3] DEBUG spoon.Launcher - [INFO] Downloading from google-maven-central: https://maven-central.storage-download.googleapis.com/maven2/org/codehaus/plexus/plexus-components/1.1.12/plexus-components-1.1.12.pom
17:49:09.489 [Thread-3] DEBUG spoon.Launcher - [INFO] Downloaded from google-maven-central: https://maven-central.storage-download.googleapis.com/maven2/org/codehaus/plexus/plexus-components/1.1.12/plexus-components-1.1.12.pom (3.0 kB at 601 kB/s)
17:49:09.493 [Thread-3] DEBUG spoon.Launcher - [INFO] Downloading from google-maven-central: https://maven-central.storage-download.googleapis.com/maven2/org/codehaus/plexus/plexus-velocity/1.1.7/plexus-velocity-1.1.7.pom
17:49:09.511 [Thread-3] DEBUG spoon.Launcher - [INFO] Downloaded from google-maven-central: https://maven-central.storage-download.googleapis.com/maven2/org/codehaus/plexus/plexus-velocity/1.1.7/plexus-velocity-1.1.7.pom (2.0 kB at 109 kB/s)
17:49:09.516 [Thread-3] DEBUG spoon.Launcher - [INFO] Downloading from google-maven-central: https://maven-central.storage-download.googleapis.com/maven2/org/codehaus/plexus/plexus-container-default/1.0-alpha-20/plexus-container-default-1.0-alpha-20.pom
17:49:09.523 [Thread-3] DEBUG spoon.Launcher - [INFO] Downloaded from google-maven-central: https://maven-central.storage-download.googleapis.com/maven2/org/codehaus/plexus/plexus-container-default/1.0-alpha-20/plexus-container-default-1.0-alpha-20.pom (3.0 kB at 427 kB/s)
17:49:09.526 [Thread-3] DEBUG spoon.Launcher - [INFO] Downloading from google-maven-central: https://maven-central.storage-download.googleapis.com/maven2/org/codehaus/plexus/plexus-containers/1.0-alpha-20/plexus-containers-1.0-alpha-20.pom
17:49:09.531 [Thread-3] DEBUG spoon.Launcher - [INFO] Downloaded from google-maven-central: https://maven-central.storage-download.googleapis.com/maven2/org/codehaus/plexus/plexus-containers/1.0-alpha-20/plexus-containers-1.0-alpha-20.pom (1.9 kB at 377 kB/s)
17:49:09.534 [Thread-3] DEBUG spoon.Launcher - [INFO] Downloading from google-maven-central: https://maven-central.storage-download.googleapis.com/maven2/org/codehaus/plexus/plexus-utils/1.3/plexus-utils-1.3.pom
17:49:09.541 [Thread-3] DEBUG spoon.Launcher - [INFO] Downloaded from google-maven-central: https://maven-central.storage-download.googleapis.com/maven2/org/codehaus/plexus/plexus-utils/1.3/plexus-utils-1.3.pom (1.0 kB at 148 kB/s)
17:49:09.544 [Thread-3] DEBUG spoon.Launcher - [INFO] Downloading from google-maven-central: https://maven-central.storage-download.googleapis.com/maven2/org/codehaus/plexus/plexus/1.0.8/plexus-1.0.8.pom
17:49:09.550 [Thread-3] DEBUG spoon.Launcher - [INFO] Downloaded from google-maven-central: https://maven-central.storage-download.googleapis.com/maven2/org/codehaus/plexus/plexus/1.0.8/plexus-1.0.8.pom (7.2 kB at 1.0 MB/s)
17:49:09.556 [Thread-3] DEBUG spoon.Launcher - [INFO] Downloading from google-maven-central: https://maven-central.storage-download.googleapis.com/maven2/org/codehaus/plexus/plexus-classworlds/1.2-alpha-7/plexus-classworlds-1.2-alpha-7.pom
17:49:09.563 [Thread-3] DEBUG spoon.Launcher - [INFO] Downloaded from google-maven-central: https://maven-central.storage-download.googleapis.com/maven2/org/codehaus/plexus/plexus-classworlds/1.2-alpha-7/plexus-classworlds-1.2-alpha-7.pom (2.4 kB at 296 kB/s)
17:49:09.569 [Thread-3] DEBUG spoon.Launcher - [INFO] Downloading from google-maven-central: https://maven-central.storage-download.googleapis.com/maven2/org/codehaus/plexus/plexus/1.0.9/plexus-1.0.9.pom
17:49:09.576 [Thread-3] DEBUG spoon.Launcher - [INFO] Downloaded from google-maven-central: https://maven-central.storage-download.googleapis.com/maven2/org/codehaus/plexus/plexus/1.0.9/plexus-1.0.9.pom (7.7 kB at 960 kB/s)
17:49:09.582 [Thread-3] DEBUG spoon.Launcher - [INFO] Downloading from google-maven-central: https://maven-central.storage-download.googleapis.com/maven2/org/apache/velocity/velocity/1.5/velocity-1.5.pom
17:49:09.590 [Thread-3] DEBUG spoon.Launcher - [INFO] Downloaded from google-maven-central: https://maven-central.storage-download.googleapis.com/maven2/org/apache/velocity/velocity/1.5/velocity-1.5.pom (7.8 kB at 971 kB/s)
17:49:09.597 [Thread-3] DEBUG spoon.Launcher - [INFO] Downloading from google-maven-central: https://maven-central.storage-download.googleapis.com/maven2/commons-collections/commons-collections/3.1/commons-collections-3.1.pom
17:49:09.606 [Thread-3] DEBUG spoon.Launcher - [INFO] Downloaded from google-maven-central: https://maven-central.storage-download.googleapis.com/maven2/commons-collections/commons-collections/3.1/commons-collections-3.1.pom (6.1 kB at 608 kB/s)
17:49:09.612 [Thread-3] DEBUG spoon.Launcher - [INFO] Downloading from google-maven-central: https://maven-central.storage-download.googleapis.com/maven2/commons-lang/commons-lang/2.1/commons-lang-2.1.pom
17:49:09.619 [Thread-3] DEBUG spoon.Launcher - [INFO] Downloaded from google-maven-central: https://maven-central.storage-download.googleapis.com/maven2/commons-lang/commons-lang/2.1/commons-lang-2.1.pom (9.9 kB at 1.4 MB/s)
17:49:09.629 [Thread-3] DEBUG spoon.Launcher - [INFO] Downloading from google-maven-central: https://maven-central.storage-download.googleapis.com/maven2/oro/oro/2.0.8/oro-2.0.8.pom
17:49:09.638 [Thread-3] DEBUG spoon.Launcher - [INFO] Downloaded from google-maven-central: https://maven-central.storage-download.googleapis.com/maven2/oro/oro/2.0.8/oro-2.0.8.pom (140 B at 16 kB/s)
17:49:09.644 [Thread-3] DEBUG spoon.Launcher - [INFO] Downloading from google-maven-central: https://maven-central.storage-download.googleapis.com/maven2/org/apache/maven/doxia/doxia-decoration-model/1.0/doxia-decoration-model-1.0.pom
17:49:09.652 [Thread-3] DEBUG spoon.Launcher - [INFO] Downloaded from google-maven-central: https://maven-central.storage-download.googleapis.com/maven2/org/apache/maven/doxia/doxia-decoration-model/1.0/doxia-decoration-model-1.0.pom (3.2 kB at 394 kB/s)
17:49:09.664 [Thread-3] DEBUG spoon.Launcher - [INFO] Downloading from google-maven-central: https://maven-central.storage-download.googleapis.com/maven2/commons-collections/commons-collections/3.2/commons-collections-3.2.pom
17:49:09.674 [Thread-3] DEBUG spoon.Launcher - [INFO] Downloaded from google-maven-central: https://maven-central.storage-download.googleapis.com/maven2/commons-collections/commons-collections/3.2/commons-collections-3.2.pom (11 kB at 1.1 MB/s)
17:49:09.679 [Thread-3] DEBUG spoon.Launcher - [INFO] Downloading from google-maven-central: https://maven-central.storage-download.googleapis.com/maven2/org/apache/maven/doxia/doxia-module-apt/1.0/doxia-module-apt-1.0.pom
17:49:09.687 [Thread-3] DEBUG spoon.Launcher - [INFO] Downloaded from google-maven-central: https://maven-central.storage-download.googleapis.com/maven2/org/apache/maven/doxia/doxia-module-apt/1.0/doxia-module-apt-1.0.pom (2.3 kB at 250 kB/s)
17:49:09.691 [Thread-3] DEBUG spoon.Launcher - [INFO] Downloading from google-maven-central: https://maven-central.storage-download.googleapis.com/maven2/org/apache/maven/doxia/doxia-modules/1.0/doxia-modules-1.0.pom
17:49:09.699 [Thread-3] DEBUG spoon.Launcher - [INFO] Downloaded from google-maven-central: https://maven-central.storage-download.googleapis.com/maven2/org/apache/maven/doxia/doxia-modules/1.0/doxia-modules-1.0.pom (2.4 kB at 299 kB/s)
17:49:09.705 [Thread-3] DEBUG spoon.Launcher - [INFO] Downloading from google-maven-central: https://maven-central.storage-download.googleapis.com/maven2/org/apache/maven/doxia/doxia-module-fml/1.0/doxia-module-fml-1.0.pom
17:49:09.711 [Thread-3] DEBUG spoon.Launcher - [INFO] Downloaded from google-maven-central: https://maven-central.storage-download.googleapis.com/maven2/org/apache/maven/doxia/doxia-module-fml/1.0/doxia-module-fml-1.0.pom (2.7 kB at 385 kB/s)
17:49:09.715 [Thread-3] DEBUG spoon.Launcher - [INFO] Downloading from google-maven-central: https://maven-central.storage-download.googleapis.com/maven2/org/apache/maven/doxia/doxia-module-xdoc/1.0/doxia-module-xdoc-1.0.pom
17:49:09.722 [Thread-3] DEBUG spoon.Launcher - [INFO] Downloaded from google-maven-central: https://maven-central.storage-download.googleapis.com/maven2/org/apache/maven/doxia/doxia-module-xdoc/1.0/doxia-module-xdoc-1.0.pom (2.2 kB at 448 kB/s)
17:49:09.725 [Thread-3] DEBUG spoon.Launcher - [INFO] Downloading from google-maven-central: https://maven-central.storage-download.googleapis.com/maven2/org/apache/maven/doxia/doxia-module-xhtml/1.0/doxia-module-xhtml-1.0.pom
17:49:09.731 [Thread-3] DEBUG spoon.Launcher - [INFO] Downloaded from google-maven-central: https://maven-central.storage-download.googleapis.com/maven2/org/apache/maven/doxia/doxia-module-xhtml/1.0/doxia-module-xhtml-1.0.pom (1.6 kB at 320 kB/s)
17:49:09.739 [Thread-3] DEBUG spoon.Launcher - [INFO] Downloading from google-maven-central: https://maven-central.storage-download.googleapis.com/maven2/org/apache/maven/shared/maven-doxia-tools/1.0.2/maven-doxia-tools-1.0.2.pom
17:49:09.816 [Thread-3] DEBUG spoon.Launcher - [INFO] Downloaded from google-maven-central: https://maven-central.storage-download.googleapis.com/maven2/org/apache/maven/shared/maven-doxia-tools/1.0.2/maven-doxia-tools-1.0.2.pom (5.9 kB at 75 kB/s)
17:49:09.820 [Thread-3] DEBUG spoon.Launcher - [INFO] Downloading from google-maven-central: https://maven-central.storage-download.googleapis.com/maven2/org/apache/maven/shared/maven-shared-components/11/maven-shared-components-11.pom
17:49:09.825 [Thread-3] DEBUG spoon.Launcher - [INFO] Downloaded from google-maven-central: https://maven-central.storage-download.googleapis.com/maven2/org/apache/maven/shared/maven-shared-components/11/maven-shared-components-11.pom (8.3 kB at 1.4 MB/s)
17:49:09.833 [Thread-3] DEBUG spoon.Launcher - [INFO] Downloading from google-maven-central: https://maven-central.storage-download.googleapis.com/maven2/commons-io/commons-io/1.4/commons-io-1.4.pom
17:49:09.842 [Thread-3] DEBUG spoon.Launcher - [INFO] Downloaded from google-maven-central: https://maven-central.storage-download.googleapis.com/maven2/commons-io/commons-io/1.4/commons-io-1.4.pom (13 kB at 1.5 MB/s)
17:49:09.850 [Thread-3] DEBUG spoon.Launcher - [INFO] Downloading from google-maven-central: https://maven-central.storage-download.googleapis.com/maven2/org/apache/commons/commons-parent/7/commons-parent-7.pom
17:49:09.861 [Thread-3] DEBUG spoon.Launcher - [INFO] Downloaded from google-maven-central: https://maven-central.storage-download.googleapis.com/maven2/org/apache/commons/commons-parent/7/commons-parent-7.pom (17 kB at 1.7 MB/s)
17:49:10.028 [Thread-3] DEBUG spoon.Launcher - [INFO] Downloading from google-maven-central: https://maven-central.storage-download.googleapis.com/maven2/org/codehaus/plexus/plexus-container-default/1.0-alpha-9/plexus-container-default-1.0-alpha-9.pom
17:49:10.060 [Thread-3] DEBUG spoon.Launcher - [INFO] Downloaded from google-maven-central: https://maven-central.storage-download.googleapis.com/maven2/org/codehaus/plexus/plexus-container-default/1.0-alpha-9/plexus-container-default-1.0-alpha-9.pom (1.2 kB at 27 kB/s)
17:49:10.069 [Thread-3] DEBUG spoon.Launcher - [INFO] Downloading from google-maven-central: https://maven-central.storage-download.googleapis.com/maven2/commons-validator/commons-validator/1.2.0/commons-validator-1.2.0.pom
17:49:10.134 [Thread-3] DEBUG spoon.Launcher - [INFO] Downloaded from google-maven-central: https://maven-central.storage-download.googleapis.com/maven2/commons-validator/commons-validator/1.2.0/commons-validator-1.2.0.pom (9.1 kB at 165 kB/s)
17:49:10.203 [Thread-3] DEBUG spoon.Launcher - [INFO] Downloading from google-maven-central: https://maven-central.storage-download.googleapis.com/maven2/commons-beanutils/commons-beanutils/1.7.0/commons-beanutils-1.7.0.pom
17:49:10.248 [Thread-3] DEBUG spoon.Launcher - [INFO] Downloaded from google-maven-central: https://maven-central.storage-download.googleapis.com/maven2/commons-beanutils/commons-beanutils/1.7.0/commons-beanutils-1.7.0.pom (357 B at 7.4 kB/s)
17:49:10.272 [Thread-3] DEBUG spoon.Launcher - [INFO] Downloading from google-maven-central: https://maven-central.storage-download.googleapis.com/maven2/commons-logging/commons-logging/1.0.3/commons-logging-1.0.3.pom
17:49:10.300 [Thread-3] DEBUG spoon.Launcher - [INFO] Downloaded from google-maven-central: https://maven-central.storage-download.googleapis.com/maven2/commons-logging/commons-logging/1.0.3/commons-logging-1.0.3.pom (866 B at 43 kB/s)
17:49:10.314 [Thread-3] DEBUG spoon.Launcher - [INFO] Downloading from google-maven-central: https://maven-central.storage-download.googleapis.com/maven2/commons-digester/commons-digester/1.6/commons-digester-1.6.pom
17:49:10.341 [Thread-3] DEBUG spoon.Launcher - [INFO] Downloaded from google-maven-central: https://maven-central.storage-download.googleapis.com/maven2/commons-digester/commons-digester/1.6/commons-digester-1.6.pom (974 B at 49 kB/s)
17:49:10.369 [Thread-3] DEBUG spoon.Launcher - [INFO] Downloading from google-maven-central: https://maven-central.storage-download.googleapis.com/maven2/commons-beanutils/commons-beanutils/1.6/commons-beanutils-1.6.pom
17:49:10.399 [Thread-3] DEBUG spoon.Launcher - [INFO] Downloaded from google-maven-central: https://maven-central.storage-download.googleapis.com/maven2/commons-beanutils/commons-beanutils/1.6/commons-beanutils-1.6.pom (2.3 kB at 80 kB/s)
17:49:10.408 [Thread-3] DEBUG spoon.Launcher - [INFO] Downloading from google-maven-central: https://maven-central.storage-download.googleapis.com/maven2/commons-logging/commons-logging/1.0/commons-logging-1.0.pom
17:49:10.450 [Thread-3] DEBUG spoon.Launcher - [INFO] Downloaded from google-maven-central: https://maven-central.storage-download.googleapis.com/maven2/commons-logging/commons-logging/1.0/commons-logging-1.0.pom (163 B at 4.8 kB/s)
17:49:10.457 [Thread-3] DEBUG spoon.Launcher - [INFO] Downloading from google-maven-central: https://maven-central.storage-download.googleapis.com/maven2/commons-collections/commons-collections/2.0/commons-collections-2.0.pom
17:49:10.480 [Thread-3] DEBUG spoon.Launcher - [INFO] Downloaded from google-maven-central: https://maven-central.storage-download.googleapis.com/maven2/commons-collections/commons-collections/2.0/commons-collections-2.0.pom (171 B at 9.0 kB/s)
17:49:10.485 [Thread-3] DEBUG spoon.Launcher - [INFO] Downloading from google-maven-central: https://maven-central.storage-download.googleapis.com/maven2/commons-collections/commons-collections/2.1/commons-collections-2.1.pom
17:49:10.507 [Thread-3] DEBUG spoon.Launcher - [INFO] Downloaded from google-maven-central: https://maven-central.storage-download.googleapis.com/maven2/commons-collections/commons-collections/2.1/commons-collections-2.1.pom (3.3 kB at 257 kB/s)
17:49:10.519 [Thread-3] DEBUG spoon.Launcher - [INFO] Downloading from google-maven-central: https://maven-central.storage-download.googleapis.com/maven2/xml-apis/xml-apis/1.0.b2/xml-apis-1.0.b2.pom
17:49:10.533 [Thread-3] DEBUG spoon.Launcher - [INFO] Downloaded from google-maven-central: https://maven-central.storage-download.googleapis.com/maven2/xml-apis/xml-apis/1.0.b2/xml-apis-1.0.b2.pom (2.2 kB at 141 kB/s)
17:49:10.537 [Thread-3] DEBUG spoon.Launcher - [INFO] Downloading from google-maven-central: https://maven-central.storage-download.googleapis.com/maven2/commons-logging/commons-logging/1.0.4/commons-logging-1.0.4.pom
17:49:10.556 [Thread-3] DEBUG spoon.Launcher - [INFO] Downloaded from google-maven-central: https://maven-central.storage-download.googleapis.com/maven2/commons-logging/commons-logging/1.0.4/commons-logging-1.0.4.pom (5.3 kB at 263 kB/s)
17:49:10.570 [Thread-3] DEBUG spoon.Launcher - [INFO] Downloading from google-maven-central: https://maven-central.storage-download.googleapis.com/maven2/xml-apis/xml-apis/2.0.2/xml-apis-2.0.2.pom
17:49:10.577 [Thread-3] DEBUG spoon.Launcher - [INFO] Downloaded from google-maven-central: https://maven-central.storage-download.googleapis.com/maven2/xml-apis/xml-apis/2.0.2/xml-apis-2.0.2.pom (346 B at 58 kB/s)
17:49:10.585 [Thread-3] DEBUG spoon.Launcher - [INFO] Downloading from google-maven-central: https://maven-central.storage-download.googleapis.com/maven2/org/codehaus/plexus/plexus-archiver/2.3/plexus-archiver-2.3.pom
17:49:10.651 [Thread-3] DEBUG spoon.Launcher - [INFO] Downloaded from google-maven-central: https://maven-central.storage-download.googleapis.com/maven2/org/codehaus/plexus/plexus-archiver/2.3/plexus-archiver-2.3.pom (3.4 kB at 50 kB/s)
17:49:10.654 [Thread-3] DEBUG spoon.Launcher - [INFO] Downloading from google-maven-central: https://maven-central.storage-download.googleapis.com/maven2/org/codehaus/plexus/plexus-components/1.3/plexus-components-1.3.pom
17:49:10.663 [Thread-3] DEBUG spoon.Launcher - [INFO] Downloaded from google-maven-central: https://maven-central.storage-download.googleapis.com/maven2/org/codehaus/plexus/plexus-components/1.3/plexus-components-1.3.pom (3.1 kB at 382 kB/s)
17:49:10.665 [Thread-3] DEBUG spoon.Launcher - [INFO] Downloading from google-maven-central: https://maven-central.storage-download.googleapis.com/maven2/org/codehaus/plexus/plexus/3.3/plexus-3.3.pom
17:49:10.680 [Thread-3] DEBUG spoon.Launcher - [INFO] Downloaded from google-maven-central: https://maven-central.storage-download.googleapis.com/maven2/org/codehaus/plexus/plexus/3.3/plexus-3.3.pom (20 kB at 1.4 MB/s)
17:49:10.686 [Thread-3] DEBUG spoon.Launcher - [INFO] Downloading from google-maven-central: https://maven-central.storage-download.googleapis.com/maven2/org/codehaus/plexus/plexus-utils/3.0.10/plexus-utils-3.0.10.pom
17:49:10.727 [Thread-3] DEBUG spoon.Launcher - [INFO] Downloaded from google-maven-central: https://maven-central.storage-download.googleapis.com/maven2/org/codehaus/plexus/plexus-utils/3.0.10/plexus-utils-3.0.10.pom (3.1 kB at 81 kB/s)
17:49:10.730 [Thread-3] DEBUG spoon.Launcher - [INFO] Downloading from google-maven-central: https://maven-central.storage-download.googleapis.com/maven2/org/codehaus/plexus/plexus-io/2.0.6/plexus-io-2.0.6.pom
17:49:10.846 [Thread-3] DEBUG spoon.Launcher - [INFO] Downloaded from google-maven-central: https://maven-central.storage-download.googleapis.com/maven2/org/codehaus/plexus/plexus-io/2.0.6/plexus-io-2.0.6.pom (2.2 kB at 19 kB/s)
17:49:10.858 [Thread-3] DEBUG spoon.Launcher - [INFO] Downloading from google-maven-central: https://maven-central.storage-download.googleapis.com/maven2/org/codehaus/plexus/plexus-components/1.2/plexus-components-1.2.pom
17:49:10.878 [Thread-3] DEBUG spoon.Launcher - [INFO] Downloaded from google-maven-central: https://maven-central.storage-download.googleapis.com/maven2/org/codehaus/plexus/plexus-components/1.2/plexus-components-1.2.pom (3.1 kB at 170 kB/s)
17:49:10.889 [Thread-3] DEBUG spoon.Launcher - [INFO] Downloading from google-maven-central: https://maven-central.storage-download.googleapis.com/maven2/org/codehaus/plexus/plexus-utils/3.0.9/plexus-utils-3.0.9.pom
17:49:10.976 [Thread-3] DEBUG spoon.Launcher - [INFO] Downloaded from google-maven-central: https://maven-central.storage-download.googleapis.com/maven2/org/codehaus/plexus/plexus-utils/3.0.9/plexus-utils-3.0.9.pom (3.1 kB at 36 kB/s)
17:49:10.981 [Thread-3] DEBUG spoon.Launcher - [INFO] Downloading from google-maven-central: https://maven-central.storage-download.googleapis.com/maven2/org/apache/maven/shared/file-management/1.2.1/file-management-1.2.1.pom
17:49:10.987 [Thread-3] DEBUG spoon.Launcher - [INFO] Downloaded from google-maven-central: https://maven-central.storage-download.googleapis.com/maven2/org/apache/maven/shared/file-management/1.2.1/file-management-1.2.1.pom (3.9 kB at 647 kB/s)
17:49:10.990 [Thread-3] DEBUG spoon.Launcher - [INFO] Downloading from google-maven-central: https://maven-central.storage-download.googleapis.com/maven2/org/apache/maven/shared/maven-shared-components/10/maven-shared-components-10.pom
17:49:10.995 [Thread-3] DEBUG spoon.Launcher - [INFO] Downloaded from google-maven-central: https://maven-central.storage-download.googleapis.com/maven2/org/apache/maven/shared/maven-shared-components/10/maven-shared-components-10.pom (8.4 kB at 1.7 MB/s)
17:49:10.999 [Thread-3] DEBUG spoon.Launcher - [INFO] Downloading from google-maven-central: https://maven-central.storage-download.googleapis.com/maven2/org/apache/maven/shared/maven-shared-io/1.1/maven-shared-io-1.1.pom
17:49:11.005 [Thread-3] DEBUG spoon.Launcher - [INFO] Downloaded from google-maven-central: https://maven-central.storage-download.googleapis.com/maven2/org/apache/maven/shared/maven-shared-io/1.1/maven-shared-io-1.1.pom (4.1 kB at 677 kB/s)
17:49:11.007 [Thread-3] DEBUG spoon.Launcher - [INFO] Downloading from google-maven-central: https://maven-central.storage-download.googleapis.com/maven2/org/apache/maven/shared/maven-shared-components/8/maven-shared-components-8.pom
17:49:11.014 [Thread-3] DEBUG spoon.Launcher - [INFO] Downloaded from google-maven-central: https://maven-central.storage-download.googleapis.com/maven2/org/apache/maven/shared/maven-shared-components/8/maven-shared-components-8.pom (2.7 kB at 446 kB/s)
17:49:11.017 [Thread-3] DEBUG spoon.Launcher - [INFO] Downloading from google-maven-central: https://maven-central.storage-download.googleapis.com/maven2/org/apache/maven/maven-parent/7/maven-parent-7.pom
17:49:11.022 [Thread-3] DEBUG spoon.Launcher - [INFO] Downloaded from google-maven-central: https://maven-central.storage-download.googleapis.com/maven2/org/apache/maven/maven-parent/7/maven-parent-7.pom (21 kB at 3.5 MB/s)
17:49:11.026 [Thread-3] DEBUG spoon.Launcher - [INFO] Downloading from google-maven-central: https://maven-central.storage-download.googleapis.com/maven2/org/apache/maven/maven-artifact/2.0.2/maven-artifact-2.0.2.pom
17:49:11.031 [Thread-3] DEBUG spoon.Launcher - [INFO] Downloaded from google-maven-central: https://maven-central.storage-download.googleapis.com/maven2/org/apache/maven/maven-artifact/2.0.2/maven-artifact-2.0.2.pom (765 B at 191 kB/s)
17:49:11.033 [Thread-3] DEBUG spoon.Launcher - [INFO] Downloading from google-maven-central: https://maven-central.storage-download.googleapis.com/maven2/org/apache/maven/maven/2.0.2/maven-2.0.2.pom
17:49:11.038 [Thread-3] DEBUG spoon.Launcher - [INFO] Downloaded from google-maven-central: https://maven-central.storage-download.googleapis.com/maven2/org/apache/maven/maven/2.0.2/maven-2.0.2.pom (13 kB at 2.2 MB/s)
17:49:11.042 [Thread-3] DEBUG spoon.Launcher - [INFO] Downloading from google-maven-central: https://maven-central.storage-download.googleapis.com/maven2/org/codehaus/plexus/plexus-utils/1.1/plexus-utils-1.1.pom
17:49:11.049 [Thread-3] DEBUG spoon.Launcher - [INFO] Downloaded from google-maven-central: https://maven-central.storage-download.googleapis.com/maven2/org/codehaus/plexus/plexus-utils/1.1/plexus-utils-1.1.pom (767 B at 128 kB/s)
17:49:11.051 [Thread-3] DEBUG spoon.Launcher - [INFO] Downloading from google-maven-central: https://maven-central.storage-download.googleapis.com/maven2/org/apache/maven/maven-artifact-manager/2.0.2/maven-artifact-manager-2.0.2.pom
17:49:11.056 [Thread-3] DEBUG spoon.Launcher - [INFO] Downloaded from google-maven-central: https://maven-central.storage-download.googleapis.com/maven2/org/apache/maven/maven-artifact-manager/2.0.2/maven-artifact-manager-2.0.2.pom (1.4 kB at 279 kB/s)
17:49:11.059 [Thread-3] DEBUG spoon.Launcher - [INFO] Downloading from google-maven-central: https://maven-central.storage-download.googleapis.com/maven2/org/apache/maven/maven-repository-metadata/2.0.2/maven-repository-metadata-2.0.2.pom
17:49:11.066 [Thread-3] DEBUG spoon.Launcher - [INFO] Downloaded from google-maven-central: https://maven-central.storage-download.googleapis.com/maven2/org/apache/maven/maven-repository-metadata/2.0.2/maven-repository-metadata-2.0.2.pom (1.3 kB at 218 kB/s)
17:49:11.070 [Thread-3] DEBUG spoon.Launcher - [INFO] Downloading from google-maven-central: https://maven-central.storage-download.googleapis.com/maven2/org/apache/maven/wagon/wagon-provider-api/1.0-alpha-6/wagon-provider-api-1.0-alpha-6.pom
17:49:11.075 [Thread-3] DEBUG spoon.Launcher - [INFO] Downloaded from google-maven-central: https://maven-central.storage-download.googleapis.com/maven2/org/apache/maven/wagon/wagon-provider-api/1.0-alpha-6/wagon-provider-api-1.0-alpha-6.pom (588 B at 118 kB/s)
17:49:11.077 [Thread-3] DEBUG spoon.Launcher - [INFO] Downloading from google-maven-central: https://maven-central.storage-download.googleapis.com/maven2/org/apache/maven/wagon/wagon/1.0-alpha-6/wagon-1.0-alpha-6.pom
17:49:11.082 [Thread-3] DEBUG spoon.Launcher - [INFO] Downloaded from google-maven-central: https://maven-central.storage-download.googleapis.com/maven2/org/apache/maven/wagon/wagon/1.0-alpha-6/wagon-1.0-alpha-6.pom (6.4 kB at 1.3 MB/s)
17:49:11.084 [Thread-3] DEBUG spoon.Launcher - [INFO] Downloading from google-maven-central: https://maven-central.storage-download.googleapis.com/maven2/org/codehaus/plexus/plexus-utils/1.4.6/plexus-utils-1.4.6.pom
17:49:11.093 [Thread-3] DEBUG spoon.Launcher - [INFO] Downloaded from google-maven-central: https://maven-central.storage-download.googleapis.com/maven2/org/codehaus/plexus/plexus-utils/1.4.6/plexus-utils-1.4.6.pom (2.3 kB at 453 kB/s)
17:49:11.094 [Thread-3] DEBUG spoon.Launcher - [INFO] Downloading from google-maven-central: https://maven-central.storage-download.googleapis.com/maven2/org/codehaus/plexus/plexus-utils/1.5.6/plexus-utils-1.5.6.pom
17:49:11.102 [Thread-3] DEBUG spoon.Launcher - [INFO] Downloaded from google-maven-central: https://maven-central.storage-download.googleapis.com/maven2/org/codehaus/plexus/plexus-utils/1.5.6/plexus-utils-1.5.6.pom (5.3 kB at 589 kB/s)
17:49:11.107 [Thread-3] DEBUG spoon.Launcher - [INFO] Downloading from google-maven-central: https://maven-central.storage-download.googleapis.com/maven2/org/codehaus/plexus/plexus/1.0.12/plexus-1.0.12.pom
17:49:11.115 [Thread-3] DEBUG spoon.Launcher - [INFO] Downloaded from google-maven-central: https://maven-central.storage-download.googleapis.com/maven2/org/codehaus/plexus/plexus/1.0.12/plexus-1.0.12.pom (9.8 kB at 1.4 MB/s)
17:49:11.121 [Thread-3] DEBUG spoon.Launcher - [INFO] Downloading from google-maven-central: https://maven-central.storage-download.googleapis.com/maven2/org/apache/maven/shared/maven-dependency-analyzer/1.4/maven-dependency-analyzer-1.4.pom
17:49:11.238 [Thread-3] DEBUG spoon.Launcher - [INFO] Downloaded from google-maven-central: https://maven-central.storage-download.googleapis.com/maven2/org/apache/maven/shared/maven-dependency-analyzer/1.4/maven-dependency-analyzer-1.4.pom (5.2 kB at 44 kB/s)
17:49:11.243 [Thread-3] DEBUG spoon.Launcher - [INFO] Downloading from google-maven-central: https://maven-central.storage-download.googleapis.com/maven2/asm/asm/3.3.1/asm-3.3.1.pom
17:49:11.251 [Thread-3] DEBUG spoon.Launcher - [INFO] Downloaded from google-maven-central: https://maven-central.storage-download.googleapis.com/maven2/asm/asm/3.3.1/asm-3.3.1.pom (266 B at 30 kB/s)
17:49:11.255 [Thread-3] DEBUG spoon.Launcher - [INFO] Downloading from google-maven-central: https://maven-central.storage-download.googleapis.com/maven2/asm/asm-parent/3.3.1/asm-parent-3.3.1.pom
17:49:11.261 [Thread-3] DEBUG spoon.Launcher - [INFO] Downloaded from google-maven-central: https://maven-central.storage-download.googleapis.com/maven2/asm/asm-parent/3.3.1/asm-parent-3.3.1.pom (4.3 kB at 542 kB/s)
17:49:11.264 [Thread-3] DEBUG spoon.Launcher - [INFO] Downloading from google-maven-central: https://maven-central.storage-download.googleapis.com/maven2/org/codehaus/plexus/plexus-component-annotations/1.5.5/plexus-component-annotations-1.5.5.pom
17:49:11.269 [Thread-3] DEBUG spoon.Launcher - [INFO] Downloaded from google-maven-central: https://maven-central.storage-download.googleapis.com/maven2/org/codehaus/plexus/plexus-component-annotations/1.5.5/plexus-component-annotations-1.5.5.pom (815 B at 163 kB/s)
17:49:11.271 [Thread-3] DEBUG spoon.Launcher - [INFO] Downloading from google-maven-central: https://maven-central.storage-download.googleapis.com/maven2/org/codehaus/plexus/plexus-containers/1.5.5/plexus-containers-1.5.5.pom
17:49:11.276 [Thread-3] DEBUG spoon.Launcher - [INFO] Downloaded from google-maven-central: https://maven-central.storage-download.googleapis.com/maven2/org/codehaus/plexus/plexus-containers/1.5.5/plexus-containers-1.5.5.pom (4.2 kB at 848 kB/s)
17:49:11.280 [Thread-3] DEBUG spoon.Launcher - [INFO] Downloading from google-maven-central: https://maven-central.storage-download.googleapis.com/maven2/org/apache/maven/maven-project/2.0.5/maven-project-2.0.5.pom
17:49:11.386 [Thread-3] DEBUG spoon.Launcher - [INFO] Downloaded from google-maven-central: https://maven-central.storage-download.googleapis.com/maven2/org/apache/maven/maven-project/2.0.5/maven-project-2.0.5.pom (1.8 kB at 18 kB/s)
17:49:11.388 [Thread-3] DEBUG spoon.Launcher - [INFO] Downloading from google-maven-central: https://maven-central.storage-download.googleapis.com/maven2/org/apache/maven/maven/2.0.5/maven-2.0.5.pom
17:49:11.394 [Thread-3] DEBUG spoon.Launcher - [INFO] Downloaded from google-maven-central: https://maven-central.storage-download.googleapis.com/maven2/org/apache/maven/maven/2.0.5/maven-2.0.5.pom (5.7 kB at 951 kB/s)
17:49:11.398 [Thread-3] DEBUG spoon.Launcher - [INFO] Downloading from google-maven-central: https://maven-central.storage-download.googleapis.com/maven2/org/apache/maven/maven-settings/2.0.5/maven-settings-2.0.5.pom
17:49:11.601 [Thread-3] DEBUG spoon.Launcher - [INFO] Downloaded from google-maven-central: https://maven-central.storage-download.googleapis.com/maven2/org/apache/maven/maven-settings/2.0.5/maven-settings-2.0.5.pom (1.7 kB at 8.3 kB/s)
17:49:11.605 [Thread-3] DEBUG spoon.Launcher - [INFO] Downloading from google-maven-central: https://maven-central.storage-download.googleapis.com/maven2/org/apache/maven/maven-model/2.0.5/maven-model-2.0.5.pom
17:49:11.614 [Thread-3] DEBUG spoon.Launcher - [INFO] Downloaded from google-maven-central: https://maven-central.storage-download.googleapis.com/maven2/org/apache/maven/maven-model/2.0.5/maven-model-2.0.5.pom (2.7 kB at 454 kB/s)
17:49:11.616 [Thread-3] DEBUG spoon.Launcher - [INFO] Downloading from google-maven-central: https://maven-central.storage-download.googleapis.com/maven2/org/apache/maven/maven-profile/2.0.5/maven-profile-2.0.5.pom
17:49:11.743 [Thread-3] DEBUG spoon.Launcher - [INFO] Downloaded from google-maven-central: https://maven-central.storage-download.googleapis.com/maven2/org/apache/maven/maven-profile/2.0.5/maven-profile-2.0.5.pom (1.7 kB at 13 kB/s)
17:49:11.748 [Thread-3] DEBUG spoon.Launcher - [INFO] Downloading from google-maven-central: https://maven-central.storage-download.googleapis.com/maven2/org/apache/maven/maven-artifact-manager/2.0.5/maven-artifact-manager-2.0.5.pom
17:49:11.830 [Thread-3] DEBUG spoon.Launcher - [INFO] Downloaded from google-maven-central: https://maven-central.storage-download.googleapis.com/maven2/org/apache/maven/maven-artifact-manager/2.0.5/maven-artifact-manager-2.0.5.pom (1.8 kB at 23 kB/s)
17:49:11.832 [Thread-3] DEBUG spoon.Launcher - [INFO] Downloading from google-maven-central: https://maven-central.storage-download.googleapis.com/maven2/org/apache/maven/maven-repository-metadata/2.0.5/maven-repository-metadata-2.0.5.pom
17:49:11.946 [Thread-3] DEBUG spoon.Launcher - [INFO] Downloaded from google-maven-central: https://maven-central.storage-download.googleapis.com/maven2/org/apache/maven/maven-repository-metadata/2.0.5/maven-repository-metadata-2.0.5.pom (1.5 kB at 13 kB/s)
17:49:11.949 [Thread-3] DEBUG spoon.Launcher - [INFO] Downloading from google-maven-central: https://maven-central.storage-download.googleapis.com/maven2/org/apache/maven/maven-artifact/2.0.5/maven-artifact-2.0.5.pom
17:49:11.954 [Thread-3] DEBUG spoon.Launcher - [INFO] Downloaded from google-maven-central: https://maven-central.storage-download.googleapis.com/maven2/org/apache/maven/maven-artifact/2.0.5/maven-artifact-2.0.5.pom (727 B at 182 kB/s)
17:49:11.957 [Thread-3] DEBUG spoon.Launcher - [INFO] Downloading from google-maven-central: https://maven-central.storage-download.googleapis.com/maven2/org/apache/maven/shared/maven-dependency-tree/2.1/maven-dependency-tree-2.1.pom
17:49:11.961 [Thread-3] DEBUG spoon.Launcher - [INFO] Downloaded from google-maven-central: https://maven-central.storage-download.googleapis.com/maven2/org/apache/maven/shared/maven-dependency-tree/2.1/maven-dependency-tree-2.1.pom (6.8 kB at 1.4 MB/s)
17:49:11.965 [Thread-3] DEBUG spoon.Launcher - [INFO] Downloading from google-maven-central: https://maven-central.storage-download.googleapis.com/maven2/org/apache/maven/maven-project/2.2.0/maven-project-2.2.0.pom
17:49:11.970 [Thread-3] DEBUG spoon.Launcher - [INFO] Downloaded from google-maven-central: https://maven-central.storage-download.googleapis.com/maven2/org/apache/maven/maven-project/2.2.0/maven-project-2.2.0.pom (2.8 kB at 555 kB/s)
17:49:11.972 [Thread-3] DEBUG spoon.Launcher - [INFO] Downloading from google-maven-central: https://maven-central.storage-download.googleapis.com/maven2/org/apache/maven/maven/2.2.0/maven-2.2.0.pom
17:49:11.977 [Thread-3] DEBUG spoon.Launcher - [INFO] Downloaded from google-maven-central: https://maven-central.storage-download.googleapis.com/maven2/org/apache/maven/maven/2.2.0/maven-2.2.0.pom (22 kB at 4.5 MB/s)
17:49:11.983 [Thread-3] DEBUG spoon.Launcher - [INFO] Downloading from google-maven-central: https://maven-central.storage-download.googleapis.com/maven2/org/apache/maven/maven-settings/2.2.0/maven-settings-2.2.0.pom
17:49:11.994 [Thread-3] DEBUG spoon.Launcher - [INFO] Downloaded from google-maven-central: https://maven-central.storage-download.googleapis.com/maven2/org/apache/maven/maven-settings/2.2.0/maven-settings-2.2.0.pom (2.2 kB at 436 kB/s)
17:49:11.995 [Thread-3] DEBUG spoon.Launcher - [INFO] Downloading from google-maven-central: https://maven-central.storage-download.googleapis.com/maven2/org/apache/maven/maven-model/2.2.0/maven-model-2.2.0.pom
17:49:12.000 [Thread-3] DEBUG spoon.Launcher - [INFO] Downloaded from google-maven-central: https://maven-central.storage-download.googleapis.com/maven2/org/apache/maven/maven-model/2.2.0/maven-model-2.2.0.pom (3.2 kB at 463 kB/s)
17:49:12.016 [Thread-3] DEBUG spoon.Launcher - [INFO] Downloading from google-maven-central: https://maven-central.storage-download.googleapis.com/maven2/org/apache/maven/maven-profile/2.2.0/maven-profile-2.2.0.pom
17:49:12.023 [Thread-3] DEBUG spoon.Launcher - [INFO] Downloaded from google-maven-central: https://maven-central.storage-download.googleapis.com/maven2/org/apache/maven/maven-profile/2.2.0/maven-profile-2.2.0.pom (2.2 kB at 167 kB/s)
17:49:12.032 [Thread-3] DEBUG spoon.Launcher - [INFO] Downloading from google-maven-central: https://maven-central.storage-download.googleapis.com/maven2/org/apache/maven/maven-artifact-manager/2.2.0/maven-artifact-manager-2.2.0.pom
17:49:12.039 [Thread-3] DEBUG spoon.Launcher - [INFO] Downloaded from google-maven-central: https://maven-central.storage-download.googleapis.com/maven2/org/apache/maven/maven-artifact-manager/2.2.0/maven-artifact-manager-2.2.0.pom (3.1 kB at 443 kB/s)
17:49:12.045 [Thread-3] DEBUG spoon.Launcher - [INFO] Downloading from google-maven-central: https://maven-central.storage-download.googleapis.com/maven2/org/apache/maven/maven-repository-metadata/2.2.0/maven-repository-metadata-2.2.0.pom
17:49:12.051 [Thread-3] DEBUG spoon.Launcher - [INFO] Downloaded from google-maven-central: https://maven-central.storage-download.googleapis.com/maven2/org/apache/maven/maven-repository-metadata/2.2.0/maven-repository-metadata-2.2.0.pom (1.9 kB at 267 kB/s)
17:49:12.055 [Thread-3] DEBUG spoon.Launcher - [INFO] Downloading from google-maven-central: https://maven-central.storage-download.googleapis.com/maven2/org/apache/maven/maven-artifact/2.2.0/maven-artifact-2.2.0.pom
17:49:12.061 [Thread-3] DEBUG spoon.Launcher - [INFO] Downloaded from google-maven-central: https://maven-central.storage-download.googleapis.com/maven2/org/apache/maven/maven-artifact/2.2.0/maven-artifact-2.2.0.pom (1.6 kB at 316 kB/s)
17:49:12.066 [Thread-3] DEBUG spoon.Launcher - [INFO] Downloading from google-maven-central: https://maven-central.storage-download.googleapis.com/maven2/org/apache/maven/maven-plugin-registry/2.2.0/maven-plugin-registry-2.2.0.pom
17:49:12.074 [Thread-3] DEBUG spoon.Launcher - [INFO] Downloaded from google-maven-central: https://maven-central.storage-download.googleapis.com/maven2/org/apache/maven/maven-plugin-registry/2.2.0/maven-plugin-registry-2.2.0.pom (1.9 kB at 241 kB/s)
17:49:12.078 [Thread-3] DEBUG spoon.Launcher - [INFO] Downloading from google-maven-central: https://maven-central.storage-download.googleapis.com/maven2/org/eclipse/aether/aether-util/0.9.0.M2/aether-util-0.9.0.M2.pom
17:49:12.084 [Thread-3] DEBUG spoon.Launcher - [INFO] Downloaded from google-maven-central: https://maven-central.storage-download.googleapis.com/maven2/org/eclipse/aether/aether-util/0.9.0.M2/aether-util-0.9.0.M2.pom (2.0 kB at 407 kB/s)
17:49:12.086 [Thread-3] DEBUG spoon.Launcher - [INFO] Downloading from google-maven-central: https://maven-central.storage-download.googleapis.com/maven2/org/eclipse/aether/aether/0.9.0.M2/aether-0.9.0.M2.pom
17:49:12.093 [Thread-3] DEBUG spoon.Launcher - [INFO] Downloaded from google-maven-central: https://maven-central.storage-download.googleapis.com/maven2/org/eclipse/aether/aether/0.9.0.M2/aether-0.9.0.M2.pom (28 kB at 4.6 MB/s)
17:49:12.096 [Thread-3] DEBUG spoon.Launcher - [INFO] Downloading from google-maven-central: https://maven-central.storage-download.googleapis.com/maven2/org/apache/maven/shared/maven-common-artifact-filters/1.4/maven-common-artifact-filters-1.4.pom
17:49:12.102 [Thread-3] DEBUG spoon.Launcher - [INFO] Downloaded from google-maven-central: https://maven-central.storage-download.googleapis.com/maven2/org/apache/maven/shared/maven-common-artifact-filters/1.4/maven-common-artifact-filters-1.4.pom (3.8 kB at 627 kB/s)
17:49:12.107 [Thread-3] DEBUG spoon.Launcher - [INFO] Downloading from google-maven-central: https://maven-central.storage-download.googleapis.com/maven2/org/apache/maven/maven-artifact/2.0.8/maven-artifact-2.0.8.pom
17:49:12.112 [Thread-3] DEBUG spoon.Launcher - [INFO] Downloaded from google-maven-central: https://maven-central.storage-download.googleapis.com/maven2/org/apache/maven/maven-artifact/2.0.8/maven-artifact-2.0.8.pom (1.6 kB at 270 kB/s)
17:49:12.115 [Thread-3] DEBUG spoon.Launcher - [INFO] Downloading from google-maven-central: https://maven-central.storage-download.googleapis.com/maven2/org/apache/maven/maven/2.0.8/maven-2.0.8.pom
17:49:12.122 [Thread-3] DEBUG spoon.Launcher - [INFO] Downloaded from google-maven-central: https://maven-central.storage-download.googleapis.com/maven2/org/apache/maven/maven/2.0.8/maven-2.0.8.pom (12 kB at 2.0 MB/s)
17:49:12.136 [Thread-3] DEBUG spoon.Launcher - [INFO] Downloading from google-maven-central: https://maven-central.storage-download.googleapis.com/maven2/org/apache/maven/maven-model/2.0.8/maven-model-2.0.8.pom
17:49:12.148 [Thread-3] DEBUG spoon.Launcher - [INFO] Downloaded from google-maven-central: https://maven-central.storage-download.googleapis.com/maven2/org/apache/maven/maven-model/2.0.8/maven-model-2.0.8.pom (3.1 kB at 285 kB/s)
17:49:12.164 [Thread-3] DEBUG spoon.Launcher - [INFO] Downloading from google-maven-central: https://maven-central.storage-download.googleapis.com/maven2/org/apache/maven/maven-project/2.0.8/maven-project-2.0.8.pom
17:49:12.171 [Thread-3] DEBUG spoon.Launcher - [INFO] Downloaded from google-maven-central: https://maven-central.storage-download.googleapis.com/maven2/org/apache/maven/maven-project/2.0.8/maven-project-2.0.8.pom (2.7 kB at 387 kB/s)
17:49:12.180 [Thread-3] DEBUG spoon.Launcher - [INFO] Downloading from google-maven-central: https://maven-central.storage-download.googleapis.com/maven2/org/apache/maven/maven-settings/2.0.8/maven-settings-2.0.8.pom
17:49:12.190 [Thread-3] DEBUG spoon.Launcher - [INFO] Downloaded from google-maven-central: https://maven-central.storage-download.googleapis.com/maven2/org/apache/maven/maven-settings/2.0.8/maven-settings-2.0.8.pom (2.1 kB at 187 kB/s)
17:49:12.196 [Thread-3] DEBUG spoon.Launcher - [INFO] Downloading from google-maven-central: https://maven-central.storage-download.googleapis.com/maven2/org/apache/maven/maven-profile/2.0.8/maven-profile-2.0.8.pom
17:49:12.203 [Thread-3] DEBUG spoon.Launcher - [INFO] Downloaded from google-maven-central: https://maven-central.storage-download.googleapis.com/maven2/org/apache/maven/maven-profile/2.0.8/maven-profile-2.0.8.pom (2.0 kB at 291 kB/s)
17:49:12.213 [Thread-3] DEBUG spoon.Launcher - [INFO] Downloading from google-maven-central: https://maven-central.storage-download.googleapis.com/maven2/org/apache/maven/maven-artifact-manager/2.0.8/maven-artifact-manager-2.0.8.pom
17:49:12.222 [Thread-3] DEBUG spoon.Launcher - [INFO] Downloaded from google-maven-central: https://maven-central.storage-download.googleapis.com/maven2/org/apache/maven/maven-artifact-manager/2.0.8/maven-artifact-manager-2.0.8.pom (2.7 kB at 338 kB/s)
17:49:12.229 [Thread-3] DEBUG spoon.Launcher - [INFO] Downloading from google-maven-central: https://maven-central.storage-download.googleapis.com/maven2/org/apache/maven/maven-repository-metadata/2.0.8/maven-repository-metadata-2.0.8.pom
17:49:12.237 [Thread-3] DEBUG spoon.Launcher - [INFO] Downloaded from google-maven-central: https://maven-central.storage-download.googleapis.com/maven2/org/apache/maven/maven-repository-metadata/2.0.8/maven-repository-metadata-2.0.8.pom (1.9 kB at 211 kB/s)
17:49:12.246 [Thread-3] DEBUG spoon.Launcher - [INFO] Downloading from google-maven-central: https://maven-central.storage-download.googleapis.com/maven2/org/apache/maven/maven-plugin-registry/2.0.8/maven-plugin-registry-2.0.8.pom
17:49:12.254 [Thread-3] DEBUG spoon.Launcher - [INFO] Downloaded from google-maven-central: https://maven-central.storage-download.googleapis.com/maven2/org/apache/maven/maven-plugin-registry/2.0.8/maven-plugin-registry-2.0.8.pom (2.0 kB at 286 kB/s)
17:49:12.258 [Thread-3] DEBUG spoon.Launcher - [INFO] Downloading from google-maven-central: https://maven-central.storage-download.googleapis.com/maven2/org/apache/maven/maven-plugin-api/2.0.8/maven-plugin-api-2.0.8.pom
17:49:12.264 [Thread-3] DEBUG spoon.Launcher - [INFO] Downloaded from google-maven-central: https://maven-central.storage-download.googleapis.com/maven2/org/apache/maven/maven-plugin-api/2.0.8/maven-plugin-api-2.0.8.pom (1.5 kB at 249 kB/s)
17:49:12.267 [Thread-3] DEBUG spoon.Launcher - [INFO] Downloading from google-maven-central: https://maven-central.storage-download.googleapis.com/maven2/org/codehaus/plexus/plexus-container-default/1.5.5/plexus-container-default-1.5.5.pom
17:49:12.272 [Thread-3] DEBUG spoon.Launcher - [INFO] Downloaded from google-maven-central: https://maven-central.storage-download.googleapis.com/maven2/org/codehaus/plexus/plexus-container-default/1.5.5/plexus-container-default-1.5.5.pom (2.8 kB at 551 kB/s)
17:49:12.276 [Thread-3] DEBUG spoon.Launcher - [INFO] Downloading from google-maven-central: https://maven-central.storage-download.googleapis.com/maven2/org/codehaus/plexus/plexus-classworlds/2.2.2/plexus-classworlds-2.2.2.pom
17:49:12.282 [Thread-3] DEBUG spoon.Launcher - [INFO] Downloaded from google-maven-central: https://maven-central.storage-download.googleapis.com/maven2/org/codehaus/plexus/plexus-classworlds/2.2.2/plexus-classworlds-2.2.2.pom (4.0 kB at 672 kB/s)
17:49:12.286 [Thread-3] DEBUG spoon.Launcher - [INFO] Downloading from google-maven-central: https://maven-central.storage-download.googleapis.com/maven2/org/apache/xbean/xbean-reflect/3.4/xbean-reflect-3.4.pom
17:49:12.292 [Thread-3] DEBUG spoon.Launcher - [INFO] Downloaded from google-maven-central: https://maven-central.storage-download.googleapis.com/maven2/org/apache/xbean/xbean-reflect/3.4/xbean-reflect-3.4.pom (2.8 kB at 468 kB/s)
17:49:12.294 [Thread-3] DEBUG spoon.Launcher - [INFO] Downloading from google-maven-central: https://maven-central.storage-download.googleapis.com/maven2/org/apache/xbean/xbean/3.4/xbean-3.4.pom
17:49:12.299 [Thread-3] DEBUG spoon.Launcher - [INFO] Downloaded from google-maven-central: https://maven-central.storage-download.googleapis.com/maven2/org/apache/xbean/xbean/3.4/xbean-3.4.pom (19 kB at 3.7 MB/s)
17:49:12.305 [Thread-3] DEBUG spoon.Launcher - [INFO] Downloading from google-maven-central: https://maven-central.storage-download.googleapis.com/maven2/log4j/log4j/1.2.12/log4j-1.2.12.pom
17:49:12.312 [Thread-3] DEBUG spoon.Launcher - [INFO] Downloaded from google-maven-central: https://maven-central.storage-download.googleapis.com/maven2/log4j/log4j/1.2.12/log4j-1.2.12.pom (145 B at 18 kB/s)
17:49:12.315 [Thread-3] DEBUG spoon.Launcher - [INFO] Downloading from google-maven-central: https://maven-central.storage-download.googleapis.com/maven2/commons-logging/commons-logging-api/1.1/commons-logging-api-1.1.pom
17:49:12.321 [Thread-3] DEBUG spoon.Launcher - [INFO] Downloaded from google-maven-central: https://maven-central.storage-download.googleapis.com/maven2/commons-logging/commons-logging-api/1.1/commons-logging-api-1.1.pom (5.3 kB at 891 kB/s)
17:49:12.324 [Thread-3] DEBUG spoon.Launcher - [INFO] Downloading from google-maven-central: https://maven-central.storage-download.googleapis.com/maven2/com/google/collections/google-collections/1.0/google-collections-1.0.pom
17:49:12.334 [Thread-3] DEBUG spoon.Launcher - [INFO] Downloaded from google-maven-central: https://maven-central.storage-download.googleapis.com/maven2/com/google/collections/google-collections/1.0/google-collections-1.0.pom (2.5 kB at 310 kB/s)
17:49:12.337 [Thread-3] DEBUG spoon.Launcher - [INFO] Downloading from google-maven-central: https://maven-central.storage-download.googleapis.com/maven2/com/google/google/1/google-1.pom
17:49:12.342 [Thread-3] DEBUG spoon.Launcher - [INFO] Downloaded from google-maven-central: https://maven-central.storage-download.googleapis.com/maven2/com/google/google/1/google-1.pom (1.6 kB at 311 kB/s)
17:49:12.344 [Thread-3] DEBUG spoon.Launcher - [INFO] Downloading from google-maven-central: https://maven-central.storage-download.googleapis.com/maven2/junit/junit/3.8.2/junit-3.8.2.pom
17:49:12.349 [Thread-3] DEBUG spoon.Launcher - [INFO] Downloaded from google-maven-central: https://maven-central.storage-download.googleapis.com/maven2/junit/junit/3.8.2/junit-3.8.2.pom (747 B at 149 kB/s)
17:49:12.351 [Thread-3] DEBUG spoon.Launcher - [INFO] Downloading from google-maven-central: https://maven-central.storage-download.googleapis.com/maven2/org/codehaus/plexus/plexus-utils/2.1/plexus-utils-2.1.pom
17:49:12.356 [Thread-3] DEBUG spoon.Launcher - [INFO] Downloaded from google-maven-central: https://maven-central.storage-download.googleapis.com/maven2/org/codehaus/plexus/plexus-utils/2.1/plexus-utils-2.1.pom (4.0 kB at 807 kB/s)
17:49:12.359 [Thread-3] DEBUG spoon.Launcher - [INFO] Downloading from google-maven-central: https://maven-central.storage-download.googleapis.com/maven2/org/sonatype/spice/spice-parent/16/spice-parent-16.pom
17:49:12.363 [Thread-3] DEBUG spoon.Launcher - [INFO] Downloaded from google-maven-central: https://maven-central.storage-download.googleapis.com/maven2/org/sonatype/spice/spice-parent/16/spice-parent-16.pom (8.4 kB at 2.1 MB/s)
17:49:12.367 [Thread-3] DEBUG spoon.Launcher - [INFO] Downloading from google-maven-central: https://maven-central.storage-download.googleapis.com/maven2/org/apache/maven/shared/maven-invoker/2.0.11/maven-invoker-2.0.11.pom
17:49:12.434 [Thread-3] DEBUG spoon.Launcher - [INFO] Downloaded from google-maven-central: https://maven-central.storage-download.googleapis.com/maven2/org/apache/maven/shared/maven-invoker/2.0.11/maven-invoker-2.0.11.pom (5.1 kB at 76 kB/s)
17:49:12.436 [Thread-3] DEBUG spoon.Launcher - [INFO] Downloading from google-maven-central: https://maven-central.storage-download.googleapis.com/maven2/org/apache/maven/shared/maven-shared-components/12/maven-shared-components-12.pom
17:49:12.441 [Thread-3] DEBUG spoon.Launcher - [INFO] Downloaded from google-maven-central: https://maven-central.storage-download.googleapis.com/maven2/org/apache/maven/shared/maven-shared-components/12/maven-shared-components-12.pom (9.3 kB at 2.3 MB/s)
17:49:12.443 [Thread-3] DEBUG spoon.Launcher - [INFO] Downloading from google-maven-central: https://maven-central.storage-download.googleapis.com/maven2/org/apache/maven/maven-parent/13/maven-parent-13.pom
17:49:12.449 [Thread-3] DEBUG spoon.Launcher - [INFO] Downloaded from google-maven-central: https://maven-central.storage-download.googleapis.com/maven2/org/apache/maven/maven-parent/13/maven-parent-13.pom (23 kB at 3.8 MB/s)
17:49:12.458 [Thread-3] DEBUG spoon.Launcher - [INFO] Downloading from google-maven-central: https://maven-central.storage-download.googleapis.com/maven2/commons-collections/commons-collections/3.2.1/commons-collections-3.2.1.pom
17:49:12.464 [Thread-3] DEBUG spoon.Launcher - [INFO] Downloaded from google-maven-central: https://maven-central.storage-download.googleapis.com/maven2/commons-collections/commons-collections/3.2.1/commons-collections-3.2.1.pom (13 kB at 2.5 MB/s)
17:49:12.469 [Thread-3] DEBUG spoon.Launcher - [INFO] Downloading from google-maven-central: https://maven-central.storage-download.googleapis.com/maven2/org/apache/commons/commons-parent/9/commons-parent-9.pom
17:49:12.472 [Thread-3] DEBUG spoon.Launcher - [INFO] Downloaded from google-maven-central: https://maven-central.storage-download.googleapis.com/maven2/org/apache/commons/commons-parent/9/commons-parent-9.pom (22 kB at 3.7 MB/s)
17:49:12.498 [Thread-3] DEBUG spoon.Launcher - [INFO] Downloading from google-maven-central: https://maven-central.storage-download.googleapis.com/maven2/org/apache/maven/maven-artifact/2.0.9/maven-artifact-2.0.9.jar
17:49:12.505 [Thread-3] DEBUG spoon.Launcher - [INFO] Downloading from google-maven-central: https://maven-central.storage-download.googleapis.com/maven2/org/apache/maven/maven-settings/2.0.9/maven-settings-2.0.9.jar
17:49:12.506 [Thread-3] DEBUG spoon.Launcher - [INFO] Downloading from google-maven-central: https://maven-central.storage-download.googleapis.com/maven2/org/apache/maven/maven-project/2.0.9/maven-project-2.0.9.jar
17:49:12.507 [Thread-3] DEBUG spoon.Launcher - [INFO] Downloading from google-maven-central: https://maven-central.storage-download.googleapis.com/maven2/org/apache/maven/maven-plugin-api/2.0.9/maven-plugin-api-2.0.9.jar
17:49:12.519 [Thread-3] DEBUG spoon.Launcher - [INFO] Downloading from google-maven-central: https://maven-central.storage-download.googleapis.com/maven2/org/apache/maven/maven-profile/2.0.9/maven-profile-2.0.9.jar
17:49:12.524 [Thread-3] DEBUG spoon.Launcher - [INFO] Downloaded from google-maven-central: https://maven-central.storage-download.googleapis.com/maven2/org/apache/maven/maven-artifact/2.0.9/maven-artifact-2.0.9.jar (89 kB at 3.3 MB/s)
17:49:12.524 [Thread-3] DEBUG spoon.Launcher - [INFO] Downloading from google-maven-central: https://maven-central.storage-download.googleapis.com/maven2/org/apache/maven/maven-plugin-registry/2.0.9/maven-plugin-registry-2.0.9.jar
17:49:12.536 [Thread-3] DEBUG spoon.Launcher - [INFO] Downloaded from google-maven-central: https://maven-central.storage-download.googleapis.com/maven2/org/apache/maven/maven-plugin-registry/2.0.9/maven-plugin-registry-2.0.9.jar (29 kB at 969 kB/s)
17:49:12.537 [Thread-3] DEBUG spoon.Launcher - [INFO] Downloading from google-maven-central: https://maven-central.storage-download.googleapis.com/maven2/org/apache/maven/maven-model/2.0.9/maven-model-2.0.9.jar
17:49:12.600 [Thread-3] DEBUG spoon.Launcher - [INFO] Downloaded from google-maven-central: https://maven-central.storage-download.googleapis.com/maven2/org/apache/maven/maven-model/2.0.9/maven-model-2.0.9.jar (87 kB at 929 kB/s)
17:49:12.611 [Thread-3] DEBUG spoon.Launcher - [INFO] Downloading from google-maven-central: https://maven-central.storage-download.googleapis.com/maven2/org/apache/maven/maven-core/2.0.9/maven-core-2.0.9.jar
17:49:12.662 [Thread-3] DEBUG spoon.Launcher - [INFO] Downloaded from google-maven-central: https://maven-central.storage-download.googleapis.com/maven2/org/apache/maven/maven-profile/2.0.9/maven-profile-2.0.9.jar (35 kB at 220 kB/s)
17:49:12.662 [Thread-3] DEBUG spoon.Launcher - [INFO] Downloading from google-maven-central: https://maven-central.storage-download.googleapis.com/maven2/org/apache/maven/maven-plugin-parameter-documenter/2.0.9/maven-plugin-parameter-documenter-2.0.9.jar
17:49:12.667 [Thread-3] DEBUG spoon.Launcher - [INFO] Downloaded from google-maven-central: https://maven-central.storage-download.googleapis.com/maven2/org/apache/maven/maven-plugin-api/2.0.9/maven-plugin-api-2.0.9.jar (13 kB at 76 kB/s)
17:49:12.670 [Thread-3] DEBUG spoon.Launcher - [INFO] Downloading from google-maven-central: https://maven-central.storage-download.googleapis.com/maven2/org/apache/maven/maven-error-diagnostics/2.0.9/maven-error-diagnostics-2.0.9.jar
17:49:12.689 [Thread-3] DEBUG spoon.Launcher - [INFO] Downloaded from google-maven-central: https://maven-central.storage-download.googleapis.com/maven2/org/apache/maven/maven-plugin-parameter-documenter/2.0.9/maven-plugin-parameter-documenter-2.0.9.jar (21 kB at 114 kB/s)
17:49:12.691 [Thread-3] DEBUG spoon.Launcher - [INFO] Downloaded from google-maven-central: https://maven-central.storage-download.googleapis.com/maven2/org/apache/maven/maven-core/2.0.9/maven-core-2.0.9.jar (160 kB at 872 kB/s)
17:49:12.693 [Thread-3] DEBUG spoon.Launcher - [INFO] Downloading from google-maven-central: https://maven-central.storage-download.googleapis.com/maven2/org/apache/maven/maven-plugin-descriptor/2.0.9/maven-plugin-descriptor-2.0.9.jar
17:49:12.693 [Thread-3] DEBUG spoon.Launcher - [INFO] Downloading from google-maven-central: https://maven-central.storage-download.googleapis.com/maven2/org/apache/maven/maven-monitor/2.0.9/maven-monitor-2.0.9.jar
17:49:12.719 [Thread-3] DEBUG spoon.Launcher - [INFO] Downloaded from google-maven-central: https://maven-central.storage-download.googleapis.com/maven2/org/apache/maven/maven-error-diagnostics/2.0.9/maven-error-diagnostics-2.0.9.jar (14 kB at 69 kB/s)
17:49:12.731 [Thread-3] DEBUG spoon.Launcher - [INFO] Downloading from google-maven-central: https://maven-central.storage-download.googleapis.com/maven2/org/apache/maven/maven-artifact-manager/2.0.9/maven-artifact-manager-2.0.9.jar
17:49:12.735 [Thread-3] DEBUG spoon.Launcher - [INFO] Downloaded from google-maven-central: https://maven-central.storage-download.googleapis.com/maven2/org/apache/maven/maven-monitor/2.0.9/maven-monitor-2.0.9.jar (10 kB at 52 kB/s)
17:49:12.735 [Thread-3] DEBUG spoon.Launcher - [INFO] Downloaded from google-maven-central: https://maven-central.storage-download.googleapis.com/maven2/org/apache/maven/maven-settings/2.0.9/maven-settings-2.0.9.jar (49 kB at 238 kB/s)
17:49:12.735 [Thread-3] DEBUG spoon.Launcher - [INFO] Downloading from google-maven-central: https://maven-central.storage-download.googleapis.com/maven2/org/apache/maven/reporting/maven-reporting-api/3.0/maven-reporting-api-3.0.jar
17:49:12.736 [Thread-3] DEBUG spoon.Launcher - [INFO] Downloading from google-maven-central: https://maven-central.storage-download.googleapis.com/maven2/org/apache/maven/maven-repository-metadata/2.0.9/maven-repository-metadata-2.0.9.jar
17:49:12.741 [Thread-3] DEBUG spoon.Launcher - [INFO] Downloaded from google-maven-central: https://maven-central.storage-download.googleapis.com/maven2/org/apache/maven/maven-project/2.0.9/maven-project-2.0.9.jar (122 kB at 529 kB/s)
17:49:12.741 [Thread-3] DEBUG spoon.Launcher - [INFO] Downloading from google-maven-central: https://maven-central.storage-download.googleapis.com/maven2/org/apache/maven/reporting/maven-reporting-impl/2.0.5/maven-reporting-impl-2.0.5.jar
17:49:12.759 [Thread-3] DEBUG spoon.Launcher - [INFO] Downloaded from google-maven-central: https://maven-central.storage-download.googleapis.com/maven2/org/apache/maven/maven-plugin-descriptor/2.0.9/maven-plugin-descriptor-2.0.9.jar (37 kB at 153 kB/s)
17:49:12.761 [Thread-3] DEBUG spoon.Launcher - [INFO] Downloaded from google-maven-central: https://maven-central.storage-download.googleapis.com/maven2/org/apache/maven/reporting/maven-reporting-api/3.0/maven-reporting-api-3.0.jar (11 kB at 45 kB/s)
17:49:12.762 [Thread-3] DEBUG spoon.Launcher - [INFO] Downloading from google-maven-central: https://maven-central.storage-download.googleapis.com/maven2/org/apache/maven/doxia/doxia-core/1.0/doxia-core-1.0.jar
17:49:12.765 [Thread-3] DEBUG spoon.Launcher - [INFO] Downloading from google-maven-central: https://maven-central.storage-download.googleapis.com/maven2/org/apache/maven/shared/maven-doxia-tools/1.0.2/maven-doxia-tools-1.0.2.jar
17:49:12.768 [Thread-3] DEBUG spoon.Launcher - [INFO] Downloaded from google-maven-central: https://maven-central.storage-download.googleapis.com/maven2/org/apache/maven/reporting/maven-reporting-impl/2.0.5/maven-reporting-impl-2.0.5.jar (21 kB at 80 kB/s)
17:49:12.775 [Thread-3] DEBUG spoon.Launcher - [INFO] Downloaded from google-maven-central: https://maven-central.storage-download.googleapis.com/maven2/org/apache/maven/maven-repository-metadata/2.0.9/maven-repository-metadata-2.0.9.jar (25 kB at 94 kB/s)
17:49:12.781 [Thread-3] DEBUG spoon.Launcher - [INFO] Downloading from google-maven-central: https://maven-central.storage-download.googleapis.com/maven2/commons-validator/commons-validator/1.2.0/commons-validator-1.2.0.jar
17:49:12.781 [Thread-3] DEBUG spoon.Launcher - [INFO] Downloading from google-maven-central: https://maven-central.storage-download.googleapis.com/maven2/commons-io/commons-io/1.4/commons-io-1.4.jar
17:49:12.788 [Thread-3] DEBUG spoon.Launcher - [INFO] Downloaded from google-maven-central: https://maven-central.storage-download.googleapis.com/maven2/org/apache/maven/maven-artifact-manager/2.0.9/maven-artifact-manager-2.0.9.jar (58 kB at 207 kB/s)
17:49:12.796 [Thread-3] DEBUG spoon.Launcher - [INFO] Downloading from google-maven-central: https://maven-central.storage-download.googleapis.com/maven2/commons-beanutils/commons-beanutils/1.7.0/commons-beanutils-1.7.0.jar
17:49:12.825 [Thread-3] DEBUG spoon.Launcher - [INFO] Downloaded from google-maven-central: https://maven-central.storage-download.googleapis.com/maven2/commons-io/commons-io/1.4/commons-io-1.4.jar (109 kB at 375 kB/s)
17:49:12.825 [Thread-3] DEBUG spoon.Launcher - [INFO] Downloading from google-maven-central: https://maven-central.storage-download.googleapis.com/maven2/commons-digester/commons-digester/1.6/commons-digester-1.6.jar
17:49:12.827 [Thread-3] DEBUG spoon.Launcher - [INFO] Downloaded from google-maven-central: https://maven-central.storage-download.googleapis.com/maven2/commons-validator/commons-validator/1.2.0/commons-validator-1.2.0.jar (91 kB at 287 kB/s)
17:49:12.832 [Thread-3] DEBUG spoon.Launcher - [INFO] Downloading from google-maven-central: https://maven-central.storage-download.googleapis.com/maven2/commons-logging/commons-logging/1.0.4/commons-logging-1.0.4.jar
17:49:12.860 [Thread-3] DEBUG spoon.Launcher - [INFO] Downloaded from google-maven-central: https://maven-central.storage-download.googleapis.com/maven2/commons-beanutils/commons-beanutils/1.7.0/commons-beanutils-1.7.0.jar (189 kB at 539 kB/s)
17:49:12.860 [Thread-3] DEBUG spoon.Launcher - [INFO] Downloaded from google-maven-central: https://maven-central.storage-download.googleapis.com/maven2/org/apache/maven/doxia/doxia-core/1.0/doxia-core-1.0.jar (55 kB at 157 kB/s)
17:49:12.861 [Thread-3] DEBUG spoon.Launcher - [INFO] Downloaded from google-maven-central: https://maven-central.storage-download.googleapis.com/maven2/commons-logging/commons-logging/1.0.4/commons-logging-1.0.4.jar (38 kB at 108 kB/s)
17:49:12.869 [Thread-3] DEBUG spoon.Launcher - [INFO] Downloading from google-maven-central: https://maven-central.storage-download.googleapis.com/maven2/oro/oro/2.0.8/oro-2.0.8.jar
17:49:12.869 [Thread-3] DEBUG spoon.Launcher - [INFO] Downloading from google-maven-central: https://maven-central.storage-download.googleapis.com/maven2/org/apache/maven/doxia/doxia-sink-api/1.0/doxia-sink-api-1.0.jar
17:49:12.869 [Thread-3] DEBUG spoon.Launcher - [INFO] Downloading from google-maven-central: https://maven-central.storage-download.googleapis.com/maven2/xml-apis/xml-apis/1.0.b2/xml-apis-1.0.b2.jar
17:49:12.879 [Thread-3] DEBUG spoon.Launcher - [INFO] Downloaded from google-maven-central: https://maven-central.storage-download.googleapis.com/maven2/commons-digester/commons-digester/1.6/commons-digester-1.6.jar (168 kB at 464 kB/s)
17:49:12.881 [Thread-3] DEBUG spoon.Launcher - [INFO] Downloaded from google-maven-central: https://maven-central.storage-download.googleapis.com/maven2/oro/oro/2.0.8/oro-2.0.8.jar (65 kB at 179 kB/s)
17:49:12.883 [Thread-3] DEBUG spoon.Launcher - [INFO] Downloading from google-maven-central: https://maven-central.storage-download.googleapis.com/maven2/org/apache/maven/doxia/doxia-site-renderer/1.0/doxia-site-renderer-1.0.jar
17:49:12.890 [Thread-3] DEBUG spoon.Launcher - [INFO] Downloading from google-maven-central: https://maven-central.storage-download.googleapis.com/maven2/org/codehaus/plexus/plexus-i18n/1.0-beta-7/plexus-i18n-1.0-beta-7.jar
17:49:12.891 [Thread-3] DEBUG spoon.Launcher - [INFO] Downloaded from google-maven-central: https://maven-central.storage-download.googleapis.com/maven2/org/apache/maven/doxia/doxia-sink-api/1.0/doxia-sink-api-1.0.jar (10 kB at 27 kB/s)
17:49:12.893 [Thread-3] DEBUG spoon.Launcher - [INFO] Downloading from google-maven-central: https://maven-central.storage-download.googleapis.com/maven2/org/codehaus/plexus/plexus-velocity/1.1.7/plexus-velocity-1.1.7.jar
17:49:12.908 [Thread-3] DEBUG spoon.Launcher - [INFO] Downloaded from google-maven-central: https://maven-central.storage-download.googleapis.com/maven2/xml-apis/xml-apis/1.0.b2/xml-apis-1.0.b2.jar (109 kB at 279 kB/s)
17:49:12.908 [Thread-3] DEBUG spoon.Launcher - [INFO] Downloaded from google-maven-central: https://maven-central.storage-download.googleapis.com/maven2/org/apache/maven/doxia/doxia-site-renderer/1.0/doxia-site-renderer-1.0.jar (47 kB at 118 kB/s)
17:49:12.914 [Thread-3] DEBUG spoon.Launcher - [INFO] Downloaded from google-maven-central: https://maven-central.storage-download.googleapis.com/maven2/org/codehaus/plexus/plexus-i18n/1.0-beta-7/plexus-i18n-1.0-beta-7.jar (11 kB at 26 kB/s)
17:49:12.917 [Thread-3] DEBUG spoon.Launcher - [INFO] Downloading from google-maven-central: https://maven-central.storage-download.googleapis.com/maven2/org/apache/maven/doxia/doxia-module-apt/1.0/doxia-module-apt-1.0.jar
17:49:12.918 [Thread-3] DEBUG spoon.Launcher - [INFO] Downloading from google-maven-central: https://maven-central.storage-download.googleapis.com/maven2/org/apache/maven/doxia/doxia-decoration-model/1.0/doxia-decoration-model-1.0.jar
17:49:12.919 [Thread-3] DEBUG spoon.Launcher - [INFO] Downloading from google-maven-central: https://maven-central.storage-download.googleapis.com/maven2/org/apache/velocity/velocity/1.5/velocity-1.5.jar
17:49:12.920 [Thread-3] DEBUG spoon.Launcher - [INFO] Downloaded from google-maven-central: https://maven-central.storage-download.googleapis.com/maven2/org/codehaus/plexus/plexus-velocity/1.1.7/plexus-velocity-1.1.7.jar (7.7 kB at 19 kB/s)
17:49:12.920 [Thread-3] DEBUG spoon.Launcher - [INFO] Downloading from google-maven-central: https://maven-central.storage-download.googleapis.com/maven2/org/apache/maven/doxia/doxia-module-fml/1.0/doxia-module-fml-1.0.jar
17:49:12.947 [Thread-3] DEBUG spoon.Launcher - [INFO] Downloaded from google-maven-central: https://maven-central.storage-download.googleapis.com/maven2/org/apache/maven/shared/maven-doxia-tools/1.0.2/maven-doxia-tools-1.0.2.jar (41 kB at 94 kB/s)
17:49:12.948 [Thread-3] DEBUG spoon.Launcher - [INFO] Downloading from google-maven-central: https://maven-central.storage-download.googleapis.com/maven2/org/apache/maven/doxia/doxia-module-xdoc/1.0/doxia-module-xdoc-1.0.jar
17:49:12.958 [Thread-3] DEBUG spoon.Launcher - [INFO] Downloaded from google-maven-central: https://maven-central.storage-download.googleapis.com/maven2/org/apache/maven/doxia/doxia-module-apt/1.0/doxia-module-apt-1.0.jar (47 kB at 106 kB/s)
17:49:12.959 [Thread-3] DEBUG spoon.Launcher - [INFO] Downloaded from google-maven-central: https://maven-central.storage-download.googleapis.com/maven2/org/apache/maven/doxia/doxia-module-xdoc/1.0/doxia-module-xdoc-1.0.jar (28 kB at 62 kB/s)
17:49:12.959 [Thread-3] DEBUG spoon.Launcher - [INFO] Downloading from google-maven-central: https://maven-central.storage-download.googleapis.com/maven2/org/apache/maven/doxia/doxia-module-xhtml/1.0/doxia-module-xhtml-1.0.jar
17:49:12.959 [Thread-3] DEBUG spoon.Launcher - [INFO] Downloading from google-maven-central: https://maven-central.storage-download.googleapis.com/maven2/org/codehaus/plexus/plexus-archiver/2.3/plexus-archiver-2.3.jar
17:49:12.970 [Thread-3] DEBUG spoon.Launcher - [INFO] Downloaded from google-maven-central: https://maven-central.storage-download.googleapis.com/maven2/org/apache/maven/doxia/doxia-module-fml/1.0/doxia-module-fml-1.0.jar (19 kB at 41 kB/s)
17:49:12.977 [Thread-3] DEBUG spoon.Launcher - [INFO] Downloading from google-maven-central: https://maven-central.storage-download.googleapis.com/maven2/org/codehaus/plexus/plexus-utils/3.0.9/plexus-utils-3.0.9.jar
17:49:13.045 [Thread-3] DEBUG spoon.Launcher - [INFO] Downloaded from google-maven-central: https://maven-central.storage-download.googleapis.com/maven2/org/apache/maven/doxia/doxia-decoration-model/1.0/doxia-decoration-model-1.0.jar (49 kB at 92 kB/s)
17:49:13.045 [Thread-3] DEBUG spoon.Launcher - [INFO] Downloading from google-maven-central: https://maven-central.storage-download.googleapis.com/maven2/org/apache/maven/shared/file-management/1.2.1/file-management-1.2.1.jar
17:49:13.046 [Thread-3] DEBUG spoon.Launcher - [INFO] Downloaded from google-maven-central: https://maven-central.storage-download.googleapis.com/maven2/org/apache/velocity/velocity/1.5/velocity-1.5.jar (392 kB at 733 kB/s)
17:49:13.046 [Thread-3] DEBUG spoon.Launcher - [INFO] Downloading from google-maven-central: https://maven-central.storage-download.googleapis.com/maven2/org/apache/maven/shared/maven-shared-io/1.1/maven-shared-io-1.1.jar
17:49:13.051 [Thread-3] DEBUG spoon.Launcher - [INFO] Downloaded from google-maven-central: https://maven-central.storage-download.googleapis.com/maven2/org/codehaus/plexus/plexus-archiver/2.3/plexus-archiver-2.3.jar (186 kB at 345 kB/s)
17:49:13.051 [Thread-3] DEBUG spoon.Launcher - [INFO] Downloading from google-maven-central: https://maven-central.storage-download.googleapis.com/maven2/org/apache/maven/wagon/wagon-provider-api/1.0-alpha-6/wagon-provider-api-1.0-alpha-6.jar
17:49:13.054 [Thread-3] DEBUG spoon.Launcher - [INFO] Downloaded from google-maven-central: https://maven-central.storage-download.googleapis.com/maven2/org/apache/maven/shared/file-management/1.2.1/file-management-1.2.1.jar (38 kB at 69 kB/s)
17:49:13.054 [Thread-3] DEBUG spoon.Launcher - [INFO] Downloading from google-maven-central: https://maven-central.storage-download.googleapis.com/maven2/org/codehaus/plexus/plexus-io/2.0.6/plexus-io-2.0.6.jar
17:49:13.055 [Thread-3] DEBUG spoon.Launcher - [INFO] Downloaded from google-maven-central: https://maven-central.storage-download.googleapis.com/maven2/org/apache/maven/shared/maven-shared-io/1.1/maven-shared-io-1.1.jar (39 kB at 72 kB/s)
17:49:13.056 [Thread-3] DEBUG spoon.Launcher - [INFO] Downloading from google-maven-central: https://maven-central.storage-download.googleapis.com/maven2/org/apache/maven/shared/maven-dependency-analyzer/1.4/maven-dependency-analyzer-1.4.jar
17:49:13.064 [Thread-3] DEBUG spoon.Launcher - [INFO] Downloaded from google-maven-central: https://maven-central.storage-download.googleapis.com/maven2/org/codehaus/plexus/plexus-io/2.0.6/plexus-io-2.0.6.jar (58 kB at 104 kB/s)
17:49:13.069 [Thread-3] DEBUG spoon.Launcher - [INFO] Downloading from google-maven-central: https://maven-central.storage-download.googleapis.com/maven2/asm/asm/3.3.1/asm-3.3.1.jar
17:49:13.087 [Thread-3] DEBUG spoon.Launcher - [INFO] Downloaded from google-maven-central: https://maven-central.storage-download.googleapis.com/maven2/asm/asm/3.3.1/asm-3.3.1.jar (44 kB at 76 kB/s)
17:49:13.097 [Thread-3] DEBUG spoon.Launcher - [INFO] Downloading from google-maven-central: https://maven-central.storage-download.googleapis.com/maven2/org/codehaus/plexus/plexus-component-annotations/1.5.5/plexus-component-annotations-1.5.5.jar
17:49:13.106 [Thread-3] DEBUG spoon.Launcher - [INFO] Downloaded from google-maven-central: https://maven-central.storage-download.googleapis.com/maven2/org/codehaus/plexus/plexus-utils/3.0.9/plexus-utils-3.0.9.jar (232 kB at 390 kB/s)
17:49:13.106 [Thread-3] DEBUG spoon.Launcher - [INFO] Downloading from google-maven-central: https://maven-central.storage-download.googleapis.com/maven2/org/apache/maven/shared/maven-dependency-tree/2.1/maven-dependency-tree-2.1.jar
17:49:13.112 [Thread-3] DEBUG spoon.Launcher - [INFO] Downloaded from google-maven-central: https://maven-central.storage-download.googleapis.com/maven2/org/codehaus/plexus/plexus-component-annotations/1.5.5/plexus-component-annotations-1.5.5.jar (4.2 kB at 7.0 kB/s)
17:49:13.115 [Thread-3] DEBUG spoon.Launcher - [INFO] Downloaded from google-maven-central: https://maven-central.storage-download.googleapis.com/maven2/org/apache/maven/shared/maven-dependency-tree/2.1/maven-dependency-tree-2.1.jar (60 kB at 99 kB/s)
17:49:13.118 [Thread-3] DEBUG spoon.Launcher - [INFO] Downloading from google-maven-central: https://maven-central.storage-download.googleapis.com/maven2/org/eclipse/aether/aether-util/0.9.0.M2/aether-util-0.9.0.M2.jar
17:49:13.120 [Thread-3] DEBUG spoon.Launcher - [INFO] Downloading from google-maven-central: https://maven-central.storage-download.googleapis.com/maven2/org/apache/maven/shared/maven-common-artifact-filters/1.4/maven-common-artifact-filters-1.4.jar
17:49:13.132 [Thread-3] DEBUG spoon.Launcher - [INFO] Downloaded from google-maven-central: https://maven-central.storage-download.googleapis.com/maven2/org/apache/maven/shared/maven-common-artifact-filters/1.4/maven-common-artifact-filters-1.4.jar (32 kB at 51 kB/s)
17:49:13.140 [Thread-3] DEBUG spoon.Launcher - [INFO] Downloading from google-maven-central: https://maven-central.storage-download.googleapis.com/maven2/org/apache/maven/shared/maven-invoker/2.0.11/maven-invoker-2.0.11.jar
17:49:13.140 [Thread-3] DEBUG spoon.Launcher - [INFO] Downloaded from google-maven-central: https://maven-central.storage-download.googleapis.com/maven2/org/apache/maven/doxia/doxia-module-xhtml/1.0/doxia-module-xhtml-1.0.jar (22 kB at 35 kB/s)
17:49:13.141 [Thread-3] DEBUG spoon.Launcher - [INFO] Downloading from google-maven-central: https://maven-central.storage-download.googleapis.com/maven2/commons-collections/commons-collections/3.2.1/commons-collections-3.2.1.jar
17:49:13.146 [Thread-3] DEBUG spoon.Launcher - [INFO] Downloaded from google-maven-central: https://maven-central.storage-download.googleapis.com/maven2/org/apache/maven/wagon/wagon-provider-api/1.0-alpha-6/wagon-provider-api-1.0-alpha-6.jar (43 kB at 67 kB/s)
17:49:13.175 [Thread-3] DEBUG spoon.Launcher - [INFO] Downloaded from google-maven-central: https://maven-central.storage-download.googleapis.com/maven2/org/apache/maven/shared/maven-invoker/2.0.11/maven-invoker-2.0.11.jar (29 kB at 45 kB/s)
17:49:13.180 [Thread-3] DEBUG spoon.Launcher - [INFO] Downloaded from google-maven-central: https://maven-central.storage-download.googleapis.com/maven2/org/apache/maven/shared/maven-dependency-analyzer/1.4/maven-dependency-analyzer-1.4.jar (27 kB at 41 kB/s)
17:49:13.180 [Thread-3] DEBUG spoon.Launcher - [INFO] Downloaded from google-maven-central: https://maven-central.storage-download.googleapis.com/maven2/org/eclipse/aether/aether-util/0.9.0.M2/aether-util-0.9.0.M2.jar (134 kB at 201 kB/s)
17:49:13.223 [Thread-3] DEBUG spoon.Launcher - [INFO] Downloaded from google-maven-central: https://maven-central.storage-download.googleapis.com/maven2/commons-collections/commons-collections/3.2.1/commons-collections-3.2.1.jar (575 kB at 812 kB/s)
17:49:14.268 [Thread-3] DEBUG spoon.Launcher - [INFO] Wrote classpath file '/home/travis/build/SpoonLabs/spoon-ci-external/spoon/src/test/resources/maven-launcher/system-dependency/spoon.classpath.tmp'.
17:49:14.269 [Thread-3] DEBUG spoon.Launcher - [INFO] ------------------------------------------------------------------------
17:49:14.269 [Thread-3] DEBUG spoon.Launcher - [INFO] BUILD SUCCESS
17:49:14.269 [Thread-3] DEBUG spoon.Launcher - [INFO] ------------------------------------------------------------------------
17:49:14.271 [Thread-3] DEBUG spoon.Launcher - [INFO] Total time:  7.576 s
17:49:14.272 [Thread-3] DEBUG spoon.Launcher - [INFO] Finished at: 2020-07-29T17:49:14Z
17:49:14.272 [Thread-3] DEBUG spoon.Launcher - [INFO] ------------------------------------------------------------------------
]]></system-out>
  </testcase>
  <testcase name="mavenLauncherTestMultiModulesAndVariables" classname="spoon.MavenLauncherTest" time="31.789">
    <system-out><![CDATA[17:49:14.295 [main] INFO spoon.Launcher - Running in NOCLASSPATH mode (doc: http://spoon.gforge.inria.fr/launcher.html).
17:49:15.973 [Thread-6] DEBUG spoon.Launcher - [INFO] Scanning for projects...
17:49:16.313 [Thread-6] DEBUG spoon.Launcher - [INFO] Downloading from google-maven-central: https://maven-central.storage-download.googleapis.com/maven2/org/apache/felix/maven-bundle-plugin/3.0.1/maven-bundle-plugin-3.0.1.pom
17:49:16.716 [Thread-6] DEBUG spoon.Launcher - [INFO] Downloaded from google-maven-central: https://maven-central.storage-download.googleapis.com/maven2/org/apache/felix/maven-bundle-plugin/3.0.1/maven-bundle-plugin-3.0.1.pom (8.4 kB at 21 kB/s)
17:49:16.814 [Thread-6] DEBUG spoon.Launcher - [INFO] Downloading from google-maven-central: https://maven-central.storage-download.googleapis.com/maven2/org/apache/felix/felix-parent/3/felix-parent-3.pom
17:49:16.947 [Thread-6] DEBUG spoon.Launcher - [INFO] Downloaded from google-maven-central: https://maven-central.storage-download.googleapis.com/maven2/org/apache/felix/felix-parent/3/felix-parent-3.pom (17 kB at 128 kB/s)
17:49:16.953 [Thread-6] DEBUG spoon.Launcher - [INFO] Downloading from google-maven-central: https://maven-central.storage-download.googleapis.com/maven2/org/apache/apache/17/apache-17.pom
17:49:16.971 [Thread-6] DEBUG spoon.Launcher - [INFO] Downloaded from google-maven-central: https://maven-central.storage-download.googleapis.com/maven2/org/apache/apache/17/apache-17.pom (16 kB at 892 kB/s)
17:49:16.984 [Thread-6] DEBUG spoon.Launcher - [INFO] Downloading from google-maven-central: https://maven-central.storage-download.googleapis.com/maven2/org/osgi/org.osgi.core/4.3.1/org.osgi.core-4.3.1.pom
17:49:17.094 [Thread-6] DEBUG spoon.Launcher - [INFO] Downloaded from google-maven-central: https://maven-central.storage-download.googleapis.com/maven2/org/osgi/org.osgi.core/4.3.1/org.osgi.core-4.3.1.pom (1.4 kB at 13 kB/s)
17:49:17.100 [Thread-6] DEBUG spoon.Launcher - [INFO] Downloading from google-maven-central: https://maven-central.storage-download.googleapis.com/maven2/biz/aQute/bnd/biz.aQute.bndlib/3.0.0/biz.aQute.bndlib-3.0.0.pom
17:49:17.221 [Thread-6] DEBUG spoon.Launcher - [INFO] Downloaded from google-maven-central: https://maven-central.storage-download.googleapis.com/maven2/biz/aQute/bnd/biz.aQute.bndlib/3.0.0/biz.aQute.bndlib-3.0.0.pom (1.3 kB at 11 kB/s)
17:49:17.226 [Thread-6] DEBUG spoon.Launcher - [INFO] Downloading from google-maven-central: https://maven-central.storage-download.googleapis.com/maven2/org/apache/felix/org.apache.felix.bundlerepository/1.6.6/org.apache.felix.bundlerepository-1.6.6.pom
17:49:17.291 [Thread-6] DEBUG spoon.Launcher - [INFO] Downloaded from google-maven-central: https://maven-central.storage-download.googleapis.com/maven2/org/apache/felix/org.apache.felix.bundlerepository/1.6.6/org.apache.felix.bundlerepository-1.6.6.pom (5.9 kB at 91 kB/s)
17:49:17.294 [Thread-6] DEBUG spoon.Launcher - [INFO] Downloading from google-maven-central: https://maven-central.storage-download.googleapis.com/maven2/org/apache/felix/felix-parent/2.1/felix-parent-2.1.pom
17:49:17.432 [Thread-6] DEBUG spoon.Launcher - [INFO] Downloaded from google-maven-central: https://maven-central.storage-download.googleapis.com/maven2/org/apache/felix/felix-parent/2.1/felix-parent-2.1.pom (9.7 kB at 69 kB/s)
17:49:17.444 [Thread-6] DEBUG spoon.Launcher - [INFO] Downloading from google-maven-central: https://maven-central.storage-download.googleapis.com/maven2/org/osgi/org.osgi.core/4.1.0/org.osgi.core-4.1.0.pom
17:49:17.548 [Thread-6] DEBUG spoon.Launcher - [INFO] Downloaded from google-maven-central: https://maven-central.storage-download.googleapis.com/maven2/org/osgi/org.osgi.core/4.1.0/org.osgi.core-4.1.0.pom (193 B at 1.8 kB/s)
17:49:17.553 [Thread-6] DEBUG spoon.Launcher - [INFO] Downloading from google-maven-central: https://maven-central.storage-download.googleapis.com/maven2/org/easymock/easymock/2.5.2/easymock-2.5.2.pom
17:49:17.657 [Thread-6] DEBUG spoon.Launcher - [INFO] Downloaded from google-maven-central: https://maven-central.storage-download.googleapis.com/maven2/org/easymock/easymock/2.5.2/easymock-2.5.2.pom (12 kB at 114 kB/s)
17:49:17.664 [Thread-6] DEBUG spoon.Launcher - [INFO] Downloading from google-maven-central: https://maven-central.storage-download.googleapis.com/maven2/org/apache/felix/org.apache.felix.utils/1.6.0/org.apache.felix.utils-1.6.0.pom
17:49:17.805 [Thread-6] DEBUG spoon.Launcher - [INFO] Downloaded from google-maven-central: https://maven-central.storage-download.googleapis.com/maven2/org/apache/felix/org.apache.felix.utils/1.6.0/org.apache.felix.utils-1.6.0.pom (3.3 kB at 23 kB/s)
17:49:17.811 [Thread-6] DEBUG spoon.Launcher - [INFO] Downloading from google-maven-central: https://maven-central.storage-download.googleapis.com/maven2/org/osgi/org.osgi.compendium/4.2.0/org.osgi.compendium-4.2.0.pom
17:49:17.912 [Thread-6] DEBUG spoon.Launcher - [INFO] Downloaded from google-maven-central: https://maven-central.storage-download.googleapis.com/maven2/org/osgi/org.osgi.compendium/4.2.0/org.osgi.compendium-4.2.0.pom (463 B at 4.5 kB/s)
17:49:17.917 [Thread-6] DEBUG spoon.Launcher - [INFO] Downloading from google-maven-central: https://maven-central.storage-download.googleapis.com/maven2/org/apache/maven/maven-core/2.2.0/maven-core-2.2.0.pom
17:49:18.031 [Thread-6] DEBUG spoon.Launcher - [INFO] Downloaded from google-maven-central: https://maven-central.storage-download.googleapis.com/maven2/org/apache/maven/maven-core/2.2.0/maven-core-2.2.0.pom (11 kB at 98 kB/s)
17:49:18.072 [Thread-6] DEBUG spoon.Launcher - [INFO] Downloading from google-maven-central: https://maven-central.storage-download.googleapis.com/maven2/org/apache/maven/maven-plugin-parameter-documenter/2.2.0/maven-plugin-parameter-documenter-2.2.0.pom
17:49:18.171 [Thread-6] DEBUG spoon.Launcher - [INFO] Downloaded from google-maven-central: https://maven-central.storage-download.googleapis.com/maven2/org/apache/maven/maven-plugin-parameter-documenter/2.2.0/maven-plugin-parameter-documenter-2.2.0.pom (2.0 kB at 20 kB/s)
17:49:18.187 [Thread-6] DEBUG spoon.Launcher - [INFO] Downloading from google-maven-central: https://maven-central.storage-download.googleapis.com/maven2/org/apache/maven/reporting/maven-reporting-api/2.2.0/maven-reporting-api-2.2.0.pom
17:49:18.364 [Thread-6] DEBUG spoon.Launcher - [INFO] Downloaded from google-maven-central: https://maven-central.storage-download.googleapis.com/maven2/org/apache/maven/reporting/maven-reporting-api/2.2.0/maven-reporting-api-2.2.0.pom (1.9 kB at 10 kB/s)
17:49:18.367 [Thread-6] DEBUG spoon.Launcher - [INFO] Downloading from google-maven-central: https://maven-central.storage-download.googleapis.com/maven2/org/apache/maven/reporting/maven-reporting/2.2.0/maven-reporting-2.2.0.pom
17:49:18.565 [Thread-6] DEBUG spoon.Launcher - [INFO] Downloaded from google-maven-central: https://maven-central.storage-download.googleapis.com/maven2/org/apache/maven/reporting/maven-reporting/2.2.0/maven-reporting-2.2.0.pom (1.4 kB at 7.4 kB/s)
17:49:18.573 [Thread-6] DEBUG spoon.Launcher - [INFO] Downloading from google-maven-central: https://maven-central.storage-download.googleapis.com/maven2/org/apache/maven/doxia/doxia-sink-api/1.1/doxia-sink-api-1.1.pom
17:49:18.582 [Thread-6] DEBUG spoon.Launcher - [INFO] Downloaded from google-maven-central: https://maven-central.storage-download.googleapis.com/maven2/org/apache/maven/doxia/doxia-sink-api/1.1/doxia-sink-api-1.1.pom (2.0 kB at 227 kB/s)
17:49:18.587 [Thread-6] DEBUG spoon.Launcher - [INFO] Downloading from google-maven-central: https://maven-central.storage-download.googleapis.com/maven2/org/apache/maven/doxia/doxia/1.1/doxia-1.1.pom
17:49:18.597 [Thread-6] DEBUG spoon.Launcher - [INFO] Downloaded from google-maven-central: https://maven-central.storage-download.googleapis.com/maven2/org/apache/maven/doxia/doxia/1.1/doxia-1.1.pom (15 kB at 1.4 MB/s)
17:49:18.616 [Thread-6] DEBUG spoon.Launcher - [INFO] Downloading from google-maven-central: https://maven-central.storage-download.googleapis.com/maven2/org/apache/maven/doxia/doxia-logging-api/1.1/doxia-logging-api-1.1.pom
17:49:18.626 [Thread-6] DEBUG spoon.Launcher - [INFO] Downloaded from google-maven-central: https://maven-central.storage-download.googleapis.com/maven2/org/apache/maven/doxia/doxia-logging-api/1.1/doxia-logging-api-1.1.pom (1.6 kB at 105 kB/s)
17:49:18.656 [Thread-6] DEBUG spoon.Launcher - [INFO] Downloading from google-maven-central: https://maven-central.storage-download.googleapis.com/maven2/org/apache/maven/maven-error-diagnostics/2.2.0/maven-error-diagnostics-2.2.0.pom
17:49:18.730 [Thread-6] DEBUG spoon.Launcher - [INFO] Downloaded from google-maven-central: https://maven-central.storage-download.googleapis.com/maven2/org/apache/maven/maven-error-diagnostics/2.2.0/maven-error-diagnostics-2.2.0.pom (1.7 kB at 22 kB/s)
17:49:18.750 [Thread-6] DEBUG spoon.Launcher - [INFO] Downloading from google-maven-central: https://maven-central.storage-download.googleapis.com/maven2/commons-cli/commons-cli/1.2/commons-cli-1.2.pom
17:49:18.866 [Thread-6] DEBUG spoon.Launcher - [INFO] Downloaded from google-maven-central: https://maven-central.storage-download.googleapis.com/maven2/commons-cli/commons-cli/1.2/commons-cli-1.2.pom (8.0 kB at 69 kB/s)
17:49:18.869 [Thread-6] DEBUG spoon.Launcher - [INFO] Downloading from google-maven-central: https://maven-central.storage-download.googleapis.com/maven2/org/apache/commons/commons-parent/11/commons-parent-11.pom
17:49:18.951 [Thread-6] DEBUG spoon.Launcher - [INFO] Downloaded from google-maven-central: https://maven-central.storage-download.googleapis.com/maven2/org/apache/commons/commons-parent/11/commons-parent-11.pom (25 kB at 301 kB/s)
17:49:18.959 [Thread-6] DEBUG spoon.Launcher - [INFO] Downloading from google-maven-central: https://maven-central.storage-download.googleapis.com/maven2/org/apache/maven/maven-plugin-api/2.2.0/maven-plugin-api-2.2.0.pom
17:49:19.060 [Thread-6] DEBUG spoon.Launcher - [INFO] Downloaded from google-maven-central: https://maven-central.storage-download.googleapis.com/maven2/org/apache/maven/maven-plugin-api/2.2.0/maven-plugin-api-2.2.0.pom (1.5 kB at 15 kB/s)
17:49:19.065 [Thread-6] DEBUG spoon.Launcher - [INFO] Downloading from google-maven-central: https://maven-central.storage-download.googleapis.com/maven2/org/apache/maven/maven-plugin-descriptor/2.2.0/maven-plugin-descriptor-2.2.0.pom
17:49:19.212 [Thread-6] DEBUG spoon.Launcher - [INFO] Downloaded from google-maven-central: https://maven-central.storage-download.googleapis.com/maven2/org/apache/maven/maven-plugin-descriptor/2.2.0/maven-plugin-descriptor-2.2.0.pom (2.1 kB at 14 kB/s)
17:49:19.219 [Thread-6] DEBUG spoon.Launcher - [INFO] Downloading from google-maven-central: https://maven-central.storage-download.googleapis.com/maven2/org/apache/maven/maven-monitor/2.2.0/maven-monitor-2.2.0.pom
17:49:19.277 [Thread-6] DEBUG spoon.Launcher - [INFO] Downloaded from google-maven-central: https://maven-central.storage-download.googleapis.com/maven2/org/apache/maven/maven-monitor/2.2.0/maven-monitor-2.2.0.pom (1.3 kB at 22 kB/s)
17:49:19.291 [Thread-6] DEBUG spoon.Launcher - [INFO] Downloading from google-maven-central: https://maven-central.storage-download.googleapis.com/maven2/org/apache/maven/maven-archiver/2.5/maven-archiver-2.5.pom
17:49:19.406 [Thread-6] DEBUG spoon.Launcher - [INFO] Downloaded from google-maven-central: https://maven-central.storage-download.googleapis.com/maven2/org/apache/maven/maven-archiver/2.5/maven-archiver-2.5.pom (4.5 kB at 39 kB/s)
17:49:19.490 [Thread-6] DEBUG spoon.Launcher - [INFO] Downloading from google-maven-central: https://maven-central.storage-download.googleapis.com/maven2/org/codehaus/plexus/plexus-archiver/2.1/plexus-archiver-2.1.pom
17:49:19.563 [Thread-6] DEBUG spoon.Launcher - [INFO] Downloaded from google-maven-central: https://maven-central.storage-download.googleapis.com/maven2/org/codehaus/plexus/plexus-archiver/2.1/plexus-archiver-2.1.pom (2.8 kB at 37 kB/s)
17:49:19.569 [Thread-6] DEBUG spoon.Launcher - [INFO] Downloading from google-maven-central: https://maven-central.storage-download.googleapis.com/maven2/org/codehaus/plexus/plexus-utils/3.0/plexus-utils-3.0.pom
17:49:19.580 [Thread-6] DEBUG spoon.Launcher - [INFO] Downloaded from google-maven-central: https://maven-central.storage-download.googleapis.com/maven2/org/codehaus/plexus/plexus-utils/3.0/plexus-utils-3.0.pom (4.1 kB at 370 kB/s)
17:49:19.585 [Thread-6] DEBUG spoon.Launcher - [INFO] Downloading from google-maven-central: https://maven-central.storage-download.googleapis.com/maven2/org/codehaus/plexus/plexus-io/2.0.2/plexus-io-2.0.2.pom
17:49:19.654 [Thread-6] DEBUG spoon.Launcher - [INFO] Downloaded from google-maven-central: https://maven-central.storage-download.googleapis.com/maven2/org/codehaus/plexus/plexus-io/2.0.2/plexus-io-2.0.2.pom (1.7 kB at 25 kB/s)
17:49:19.656 [Thread-6] DEBUG spoon.Launcher - [INFO] Downloading from google-maven-central: https://maven-central.storage-download.googleapis.com/maven2/org/codehaus/plexus/plexus-components/1.1.19/plexus-components-1.1.19.pom
17:49:19.823 [Thread-6] DEBUG spoon.Launcher - [INFO] Downloaded from google-maven-central: https://maven-central.storage-download.googleapis.com/maven2/org/codehaus/plexus/plexus-components/1.1.19/plexus-components-1.1.19.pom (2.7 kB at 16 kB/s)
17:49:19.846 [Thread-6] DEBUG spoon.Launcher - [INFO] Downloading from google-maven-central: https://maven-central.storage-download.googleapis.com/maven2/org/sonatype/plexus/plexus-build-api/0.0.7/plexus-build-api-0.0.7.pom
17:49:19.858 [Thread-6] DEBUG spoon.Launcher - [INFO] Downloaded from google-maven-central: https://maven-central.storage-download.googleapis.com/maven2/org/sonatype/plexus/plexus-build-api/0.0.7/plexus-build-api-0.0.7.pom (3.2 kB at 320 kB/s)
17:49:19.918 [Thread-6] DEBUG spoon.Launcher - [INFO] Downloading from google-maven-central: https://maven-central.storage-download.googleapis.com/maven2/org/jdom/jdom/1.1/jdom-1.1.pom
17:49:19.927 [Thread-6] DEBUG spoon.Launcher - [INFO] Downloaded from google-maven-central: https://maven-central.storage-download.googleapis.com/maven2/org/jdom/jdom/1.1/jdom-1.1.pom (2.2 kB at 274 kB/s)
17:49:19.958 [Thread-6] DEBUG spoon.Launcher - [INFO] Downloading from google-maven-central: https://maven-central.storage-download.googleapis.com/maven2/org/apache/felix/maven-bundle-plugin/3.0.1/maven-bundle-plugin-3.0.1.jar
17:49:19.964 [Thread-6] DEBUG spoon.Launcher - [INFO] Downloading from google-maven-central: https://maven-central.storage-download.googleapis.com/maven2/org/osgi/org.osgi.core/4.3.1/org.osgi.core-4.3.1.jar
17:49:19.965 [Thread-6] DEBUG spoon.Launcher - [INFO] Downloading from google-maven-central: https://maven-central.storage-download.googleapis.com/maven2/biz/aQute/bnd/biz.aQute.bndlib/3.0.0/biz.aQute.bndlib-3.0.0.jar
17:49:19.981 [Thread-6] DEBUG spoon.Launcher - [INFO] Downloading from google-maven-central: https://maven-central.storage-download.googleapis.com/maven2/org/apache/felix/org.apache.felix.bundlerepository/1.6.6/org.apache.felix.bundlerepository-1.6.6.jar
17:49:19.987 [Thread-6] DEBUG spoon.Launcher - [INFO] Downloading from google-maven-central: https://maven-central.storage-download.googleapis.com/maven2/org/easymock/easymock/2.5.2/easymock-2.5.2.jar
17:49:20.045 [Thread-6] DEBUG spoon.Launcher - [INFO] Downloaded from google-maven-central: https://maven-central.storage-download.googleapis.com/maven2/org/osgi/org.osgi.core/4.3.1/org.osgi.core-4.3.1.jar (350 kB at 4.0 MB/s)
17:49:20.047 [Thread-6] DEBUG spoon.Launcher - [INFO] Downloading from google-maven-central: https://maven-central.storage-download.googleapis.com/maven2/org/apache/felix/org.apache.felix.utils/1.6.0/org.apache.felix.utils-1.6.0.jar
17:49:20.075 [Thread-6] DEBUG spoon.Launcher - [INFO] Downloaded from google-maven-central: https://maven-central.storage-download.googleapis.com/maven2/org/apache/felix/org.apache.felix.bundlerepository/1.6.6/org.apache.felix.bundlerepository-1.6.6.jar (168 kB at 1.8 MB/s)
17:49:20.075 [Thread-6] DEBUG spoon.Launcher - [INFO] Downloading from google-maven-central: https://maven-central.storage-download.googleapis.com/maven2/org/osgi/org.osgi.compendium/4.2.0/org.osgi.compendium-4.2.0.jar
17:49:20.135 [Thread-6] DEBUG spoon.Launcher - [INFO] Downloaded from google-maven-central: https://maven-central.storage-download.googleapis.com/maven2/org/easymock/easymock/2.5.2/easymock-2.5.2.jar (95 kB at 566 kB/s)
17:49:20.135 [Thread-6] DEBUG spoon.Launcher - [INFO] Downloading from google-maven-central: https://maven-central.storage-download.googleapis.com/maven2/org/apache/maven/maven-core/2.2.0/maven-core-2.2.0.jar
17:49:20.140 [Thread-6] DEBUG spoon.Launcher - [INFO] Downloaded from google-maven-central: https://maven-central.storage-download.googleapis.com/maven2/org/apache/felix/org.apache.felix.utils/1.6.0/org.apache.felix.utils-1.6.0.jar (68 kB at 395 kB/s)
17:49:20.161 [Thread-6] DEBUG spoon.Launcher - [INFO] Downloading from google-maven-central: https://maven-central.storage-download.googleapis.com/maven2/org/apache/maven/maven-settings/2.2.0/maven-settings-2.2.0.jar
17:49:20.181 [Thread-6] DEBUG spoon.Launcher - [INFO] Downloaded from google-maven-central: https://maven-central.storage-download.googleapis.com/maven2/org/apache/felix/maven-bundle-plugin/3.0.1/maven-bundle-plugin-3.0.1.jar (210 kB at 936 kB/s)
17:49:20.182 [Thread-6] DEBUG spoon.Launcher - [INFO] Downloading from google-maven-central: https://maven-central.storage-download.googleapis.com/maven2/org/apache/maven/maven-plugin-parameter-documenter/2.2.0/maven-plugin-parameter-documenter-2.2.0.jar
17:49:20.250 [Thread-6] DEBUG spoon.Launcher - [INFO] Downloaded from google-maven-central: https://maven-central.storage-download.googleapis.com/maven2/org/apache/maven/maven-settings/2.2.0/maven-settings-2.2.0.jar (49 kB at 176 kB/s)
17:49:20.250 [Thread-6] DEBUG spoon.Launcher - [INFO] Downloading from google-maven-central: https://maven-central.storage-download.googleapis.com/maven2/org/slf4j/slf4j-jdk14/1.5.6/slf4j-jdk14-1.5.6.jar
17:49:20.255 [Thread-6] DEBUG spoon.Launcher - [INFO] Downloaded from google-maven-central: https://maven-central.storage-download.googleapis.com/maven2/org/apache/maven/maven-plugin-parameter-documenter/2.2.0/maven-plugin-parameter-documenter-2.2.0.jar (22 kB at 78 kB/s)
17:49:20.255 [Thread-6] DEBUG spoon.Launcher - [INFO] Downloading from google-maven-central: https://maven-central.storage-download.googleapis.com/maven2/org/slf4j/slf4j-api/1.5.6/slf4j-api-1.5.6.jar
17:49:20.255 [Thread-6] DEBUG spoon.Launcher - [INFO] Downloaded from google-maven-central: https://maven-central.storage-download.googleapis.com/maven2/org/osgi/org.osgi.compendium/4.2.0/org.osgi.compendium-4.2.0.jar (614 kB at 2.2 MB/s)
17:49:20.255 [Thread-6] DEBUG spoon.Launcher - [INFO] Downloading from google-maven-central: https://maven-central.storage-download.googleapis.com/maven2/org/slf4j/jcl-over-slf4j/1.5.6/jcl-over-slf4j-1.5.6.jar
17:49:20.265 [Thread-6] DEBUG spoon.Launcher - [INFO] Downloaded from google-maven-central: https://maven-central.storage-download.googleapis.com/maven2/org/slf4j/jcl-over-slf4j/1.5.6/jcl-over-slf4j-1.5.6.jar (17 kB at 57 kB/s)
17:49:20.269 [Thread-6] DEBUG spoon.Launcher - [INFO] Downloading from google-maven-central: https://maven-central.storage-download.googleapis.com/maven2/org/apache/maven/reporting/maven-reporting-api/2.2.0/maven-reporting-api-2.2.0.jar
17:49:20.271 [Thread-6] DEBUG spoon.Launcher - [INFO] Downloaded from google-maven-central: https://maven-central.storage-download.googleapis.com/maven2/org/slf4j/slf4j-api/1.5.6/slf4j-api-1.5.6.jar (22 kB at 76 kB/s)
17:49:20.272 [Thread-6] DEBUG spoon.Launcher - [INFO] Downloaded from google-maven-central: https://maven-central.storage-download.googleapis.com/maven2/org/slf4j/slf4j-jdk14/1.5.6/slf4j-jdk14-1.5.6.jar (8.8 kB at 30 kB/s)
17:49:20.273 [Thread-6] DEBUG spoon.Launcher - [INFO] Downloading from google-maven-central: https://maven-central.storage-download.googleapis.com/maven2/org/apache/maven/doxia/doxia-logging-api/1.1/doxia-logging-api-1.1.jar
17:49:20.276 [Thread-6] DEBUG spoon.Launcher - [INFO] Downloading from google-maven-central: https://maven-central.storage-download.googleapis.com/maven2/org/apache/maven/maven-profile/2.2.0/maven-profile-2.2.0.jar
17:49:20.285 [Thread-6] DEBUG spoon.Launcher - [INFO] Downloaded from google-maven-central: https://maven-central.storage-download.googleapis.com/maven2/org/apache/maven/doxia/doxia-logging-api/1.1/doxia-logging-api-1.1.jar (11 kB at 36 kB/s)
17:49:20.286 [Thread-6] DEBUG spoon.Launcher - [INFO] Downloading from google-maven-central: https://maven-central.storage-download.googleapis.com/maven2/org/apache/maven/maven-model/2.2.0/maven-model-2.2.0.jar
17:49:20.335 [Thread-6] DEBUG spoon.Launcher - [INFO] Downloaded from google-maven-central: https://maven-central.storage-download.googleapis.com/maven2/org/apache/maven/maven-core/2.2.0/maven-core-2.2.0.jar (175 kB at 480 kB/s)
17:49:20.335 [Thread-6] DEBUG spoon.Launcher - [INFO] Downloading from google-maven-central: https://maven-central.storage-download.googleapis.com/maven2/org/apache/maven/maven-artifact/2.2.0/maven-artifact-2.2.0.jar
17:49:20.339 [Thread-6] DEBUG spoon.Launcher - [INFO] Downloaded from google-maven-central: https://maven-central.storage-download.googleapis.com/maven2/biz/aQute/bnd/biz.aQute.bndlib/3.0.0/biz.aQute.bndlib-3.0.0.jar (2.2 MB at 5.8 MB/s)
17:49:20.339 [Thread-6] DEBUG spoon.Launcher - [INFO] Downloading from google-maven-central: https://maven-central.storage-download.googleapis.com/maven2/junit/junit/4.11/junit-4.11.jar
17:49:20.350 [Thread-6] DEBUG spoon.Launcher - [INFO] Downloaded from google-maven-central: https://maven-central.storage-download.googleapis.com/maven2/junit/junit/4.11/junit-4.11.jar (245 kB at 647 kB/s)
17:49:20.350 [Thread-6] DEBUG spoon.Launcher - [INFO] Downloading from google-maven-central: https://maven-central.storage-download.googleapis.com/maven2/org/apache/maven/maven-repository-metadata/2.2.0/maven-repository-metadata-2.2.0.jar
17:49:20.366 [Thread-6] DEBUG spoon.Launcher - [INFO] Downloaded from google-maven-central: https://maven-central.storage-download.googleapis.com/maven2/org/apache/maven/reporting/maven-reporting-api/2.2.0/maven-reporting-api-2.2.0.jar (9.8 kB at 25 kB/s)
17:49:20.366 [Thread-6] DEBUG spoon.Launcher - [INFO] Downloading from google-maven-central: https://maven-central.storage-download.googleapis.com/maven2/org/apache/maven/maven-error-diagnostics/2.2.0/maven-error-diagnostics-2.2.0.jar
17:49:20.375 [Thread-6] DEBUG spoon.Launcher - [INFO] Downloaded from google-maven-central: https://maven-central.storage-download.googleapis.com/maven2/org/apache/maven/maven-model/2.2.0/maven-model-2.2.0.jar (87 kB at 217 kB/s)
17:49:20.376 [Thread-6] DEBUG spoon.Launcher - [INFO] Downloading from google-maven-central: https://maven-central.storage-download.googleapis.com/maven2/org/apache/maven/maven-project/2.2.0/maven-project-2.2.0.jar
17:49:20.425 [Thread-6] DEBUG spoon.Launcher - [INFO] Downloaded from google-maven-central: https://maven-central.storage-download.googleapis.com/maven2/org/apache/maven/maven-repository-metadata/2.2.0/maven-repository-metadata-2.2.0.jar (26 kB at 56 kB/s)
17:49:20.426 [Thread-6] DEBUG spoon.Launcher - [INFO] Downloading from google-maven-central: https://maven-central.storage-download.googleapis.com/maven2/org/apache/maven/maven-plugin-registry/2.2.0/maven-plugin-registry-2.2.0.jar
17:49:20.432 [Thread-6] DEBUG spoon.Launcher - [INFO] Downloaded from google-maven-central: https://maven-central.storage-download.googleapis.com/maven2/org/apache/maven/maven-plugin-registry/2.2.0/maven-plugin-registry-2.2.0.jar (30 kB at 64 kB/s)
17:49:20.432 [Thread-6] DEBUG spoon.Launcher - [INFO] Downloading from google-maven-central: https://maven-central.storage-download.googleapis.com/maven2/commons-cli/commons-cli/1.2/commons-cli-1.2.jar
17:49:20.440 [Thread-6] DEBUG spoon.Launcher - [INFO] Downloaded from google-maven-central: https://maven-central.storage-download.googleapis.com/maven2/commons-cli/commons-cli/1.2/commons-cli-1.2.jar (41 kB at 88 kB/s)
17:49:20.441 [Thread-6] DEBUG spoon.Launcher - [INFO] Downloading from google-maven-central: https://maven-central.storage-download.googleapis.com/maven2/org/apache/maven/maven-plugin-api/2.2.0/maven-plugin-api-2.2.0.jar
17:49:20.458 [Thread-6] DEBUG spoon.Launcher - [INFO] Downloaded from google-maven-central: https://maven-central.storage-download.googleapis.com/maven2/org/apache/maven/maven-profile/2.2.0/maven-profile-2.2.0.jar (35 kB at 73 kB/s)
17:49:20.459 [Thread-6] DEBUG spoon.Launcher - [INFO] Downloading from google-maven-central: https://maven-central.storage-download.googleapis.com/maven2/org/apache/maven/maven-plugin-descriptor/2.2.0/maven-plugin-descriptor-2.2.0.jar
17:49:20.497 [Thread-6] DEBUG spoon.Launcher - [INFO] Downloaded from google-maven-central: https://maven-central.storage-download.googleapis.com/maven2/org/apache/maven/maven-error-diagnostics/2.2.0/maven-error-diagnostics-2.2.0.jar (13 kB at 25 kB/s)
17:49:20.497 [Thread-6] DEBUG spoon.Launcher - [INFO] Downloading from google-maven-central: https://maven-central.storage-download.googleapis.com/maven2/org/apache/maven/maven-artifact-manager/2.2.0/maven-artifact-manager-2.2.0.jar
17:49:20.499 [Thread-6] DEBUG spoon.Launcher - [INFO] Downloaded from google-maven-central: https://maven-central.storage-download.googleapis.com/maven2/org/apache/maven/maven-project/2.2.0/maven-project-2.2.0.jar (156 kB at 296 kB/s)
17:49:20.500 [Thread-6] DEBUG spoon.Launcher - [INFO] Downloading from google-maven-central: https://maven-central.storage-download.googleapis.com/maven2/backport-util-concurrent/backport-util-concurrent/3.1/backport-util-concurrent-3.1.jar
17:49:20.505 [Thread-6] DEBUG spoon.Launcher - [INFO] Downloaded from google-maven-central: https://maven-central.storage-download.googleapis.com/maven2/org/apache/maven/maven-artifact/2.2.0/maven-artifact-2.2.0.jar (80 kB at 150 kB/s)
17:49:20.507 [Thread-6] DEBUG spoon.Launcher - [INFO] Downloading from google-maven-central: https://maven-central.storage-download.googleapis.com/maven2/org/apache/maven/maven-monitor/2.2.0/maven-monitor-2.2.0.jar
17:49:20.515 [Thread-6] DEBUG spoon.Launcher - [INFO] Downloaded from google-maven-central: https://maven-central.storage-download.googleapis.com/maven2/backport-util-concurrent/backport-util-concurrent/3.1/backport-util-concurrent-3.1.jar (332 kB at 611 kB/s)
17:49:20.520 [Thread-6] DEBUG spoon.Launcher - [INFO] Downloading from google-maven-central: https://maven-central.storage-download.googleapis.com/maven2/org/apache/maven/maven-archiver/2.5/maven-archiver-2.5.jar
17:49:20.523 [Thread-6] DEBUG spoon.Launcher - [INFO] Downloaded from google-maven-central: https://maven-central.storage-download.googleapis.com/maven2/org/apache/maven/maven-artifact-manager/2.2.0/maven-artifact-manager-2.2.0.jar (65 kB at 119 kB/s)
17:49:20.527 [Thread-6] DEBUG spoon.Launcher - [INFO] Downloading from google-maven-central: https://maven-central.storage-download.googleapis.com/maven2/org/codehaus/plexus/plexus-archiver/2.1/plexus-archiver-2.1.jar
17:49:20.536 [Thread-6] DEBUG spoon.Launcher - [INFO] Downloaded from google-maven-central: https://maven-central.storage-download.googleapis.com/maven2/org/apache/maven/maven-plugin-api/2.2.0/maven-plugin-api-2.2.0.jar (12 kB at 22 kB/s)
17:49:20.536 [Thread-6] DEBUG spoon.Launcher - [INFO] Downloading from google-maven-central: https://maven-central.storage-download.googleapis.com/maven2/org/codehaus/plexus/plexus-io/2.0.2/plexus-io-2.0.2.jar
17:49:20.557 [Thread-6] DEBUG spoon.Launcher - [INFO] Downloaded from google-maven-central: https://maven-central.storage-download.googleapis.com/maven2/org/apache/maven/maven-archiver/2.5/maven-archiver-2.5.jar (22 kB at 38 kB/s)
17:49:20.560 [Thread-6] DEBUG spoon.Launcher - [INFO] Downloading from google-maven-central: https://maven-central.storage-download.googleapis.com/maven2/org/codehaus/plexus/plexus-utils/3.0.10/plexus-utils-3.0.10.jar
17:49:20.563 [Thread-6] DEBUG spoon.Launcher - [INFO] Downloaded from google-maven-central: https://maven-central.storage-download.googleapis.com/maven2/org/codehaus/plexus/plexus-io/2.0.2/plexus-io-2.0.2.jar (58 kB at 102 kB/s)
17:49:20.563 [Thread-6] DEBUG spoon.Launcher - [INFO] Downloading from google-maven-central: https://maven-central.storage-download.googleapis.com/maven2/org/sonatype/plexus/plexus-build-api/0.0.7/plexus-build-api-0.0.7.jar
17:49:20.572 [Thread-6] DEBUG spoon.Launcher - [INFO] Downloaded from google-maven-central: https://maven-central.storage-download.googleapis.com/maven2/org/codehaus/plexus/plexus-archiver/2.1/plexus-archiver-2.1.jar (184 kB at 313 kB/s)
17:49:20.575 [Thread-6] DEBUG spoon.Launcher - [INFO] Downloading from google-maven-central: https://maven-central.storage-download.googleapis.com/maven2/commons-lang/commons-lang/2.1/commons-lang-2.1.jar
17:49:20.591 [Thread-6] DEBUG spoon.Launcher - [INFO] Downloaded from google-maven-central: https://maven-central.storage-download.googleapis.com/maven2/org/sonatype/plexus/plexus-build-api/0.0.7/plexus-build-api-0.0.7.jar (8.5 kB at 14 kB/s)
17:49:20.593 [Thread-6] DEBUG spoon.Launcher - [INFO] Downloading from google-maven-central: https://maven-central.storage-download.googleapis.com/maven2/commons-collections/commons-collections/3.2/commons-collections-3.2.jar
17:49:20.600 [Thread-6] DEBUG spoon.Launcher - [INFO] Downloaded from google-maven-central: https://maven-central.storage-download.googleapis.com/maven2/org/codehaus/plexus/plexus-utils/3.0.10/plexus-utils-3.0.10.jar (231 kB at 370 kB/s)
17:49:20.600 [Thread-6] DEBUG spoon.Launcher - [INFO] Downloading from google-maven-central: https://maven-central.storage-download.googleapis.com/maven2/org/jdom/jdom/1.1/jdom-1.1.jar
17:49:20.610 [Thread-6] DEBUG spoon.Launcher - [INFO] Downloaded from google-maven-central: https://maven-central.storage-download.googleapis.com/maven2/commons-lang/commons-lang/2.1/commons-lang-2.1.jar (208 kB at 331 kB/s)
17:49:20.623 [Thread-6] DEBUG spoon.Launcher - [INFO] Downloaded from google-maven-central: https://maven-central.storage-download.googleapis.com/maven2/commons-collections/commons-collections/3.2/commons-collections-3.2.jar (571 kB at 884 kB/s)
17:49:20.625 [Thread-6] DEBUG spoon.Launcher - [INFO] Downloaded from google-maven-central: https://maven-central.storage-download.googleapis.com/maven2/org/jdom/jdom/1.1/jdom-1.1.jar (153 kB at 237 kB/s)
17:49:20.640 [Thread-6] DEBUG spoon.Launcher - [INFO] Downloaded from google-maven-central: https://maven-central.storage-download.googleapis.com/maven2/org/apache/maven/maven-monitor/2.2.0/maven-monitor-2.2.0.jar (10 kB at 16 kB/s)
17:49:20.645 [Thread-6] DEBUG spoon.Launcher - [INFO] Downloaded from google-maven-central: https://maven-central.storage-download.googleapis.com/maven2/org/apache/maven/maven-plugin-descriptor/2.2.0/maven-plugin-descriptor-2.2.0.jar (39 kB at 58 kB/s)
17:49:20.964 [Thread-6] DEBUG spoon.Launcher - [INFO] Downloading from google-maven-central: https://maven-central.storage-download.googleapis.com/maven2/org/apache/maven/plugins/maven-enforcer-plugin/1.2/maven-enforcer-plugin-1.2.pom
17:49:21.057 [Thread-6] DEBUG spoon.Launcher - [INFO] Downloaded from google-maven-central: https://maven-central.storage-download.googleapis.com/maven2/org/apache/maven/plugins/maven-enforcer-plugin/1.2/maven-enforcer-plugin-1.2.pom (5.8 kB at 63 kB/s)
17:49:21.060 [Thread-6] DEBUG spoon.Launcher - [INFO] Downloading from google-maven-central: https://maven-central.storage-download.googleapis.com/maven2/org/apache/maven/enforcer/enforcer/1.2/enforcer-1.2.pom
17:49:21.208 [Thread-6] DEBUG spoon.Launcher - [INFO] Downloaded from google-maven-central: https://maven-central.storage-download.googleapis.com/maven2/org/apache/maven/enforcer/enforcer/1.2/enforcer-1.2.pom (11 kB at 74 kB/s)
17:49:21.215 [Thread-6] DEBUG spoon.Launcher - [INFO] Downloading from google-maven-central: https://maven-central.storage-download.googleapis.com/maven2/org/apache/maven/plugins/maven-enforcer-plugin/1.2/maven-enforcer-plugin-1.2.jar
17:49:21.331 [Thread-6] DEBUG spoon.Launcher - [INFO] Downloaded from google-maven-central: https://maven-central.storage-download.googleapis.com/maven2/org/apache/maven/plugins/maven-enforcer-plugin/1.2/maven-enforcer-plugin-1.2.jar (25 kB at 217 kB/s)
17:49:21.335 [Thread-6] DEBUG spoon.Launcher - [INFO] Downloading from google-maven-central: https://maven-central.storage-download.googleapis.com/maven2/org/apache/maven/plugins/maven-shade-plugin/2.3/maven-shade-plugin-2.3.pom
17:49:21.340 [Thread-6] DEBUG spoon.Launcher - [INFO] Downloaded from google-maven-central: https://maven-central.storage-download.googleapis.com/maven2/org/apache/maven/plugins/maven-shade-plugin/2.3/maven-shade-plugin-2.3.pom (7.3 kB at 1.2 MB/s)
17:49:21.343 [Thread-6] DEBUG spoon.Launcher - [INFO] Downloading from google-maven-central: https://maven-central.storage-download.googleapis.com/maven2/org/apache/maven/plugins/maven-plugins/25/maven-plugins-25.pom
17:49:21.348 [Thread-6] DEBUG spoon.Launcher - [INFO] Downloaded from google-maven-central: https://maven-central.storage-download.googleapis.com/maven2/org/apache/maven/plugins/maven-plugins/25/maven-plugins-25.pom (9.6 kB at 1.6 MB/s)
17:49:21.351 [Thread-6] DEBUG spoon.Launcher - [INFO] Downloading from google-maven-central: https://maven-central.storage-download.googleapis.com/maven2/org/apache/maven/maven-parent/24/maven-parent-24.pom
17:49:21.358 [Thread-6] DEBUG spoon.Launcher - [INFO] Downloaded from google-maven-central: https://maven-central.storage-download.googleapis.com/maven2/org/apache/maven/maven-parent/24/maven-parent-24.pom (37 kB at 6.1 MB/s)
17:49:21.361 [Thread-6] DEBUG spoon.Launcher - [INFO] Downloading from google-maven-central: https://maven-central.storage-download.googleapis.com/maven2/org/apache/apache/14/apache-14.pom
17:49:21.366 [Thread-6] DEBUG spoon.Launcher - [INFO] Downloaded from google-maven-central: https://maven-central.storage-download.googleapis.com/maven2/org/apache/apache/14/apache-14.pom (15 kB at 2.4 MB/s)
17:49:21.371 [Thread-6] DEBUG spoon.Launcher - [INFO] Downloading from google-maven-central: https://maven-central.storage-download.googleapis.com/maven2/org/apache/maven/plugins/maven-shade-plugin/2.3/maven-shade-plugin-2.3.jar
17:49:21.383 [Thread-6] DEBUG spoon.Launcher - [INFO] Downloaded from google-maven-central: https://maven-central.storage-download.googleapis.com/maven2/org/apache/maven/plugins/maven-shade-plugin/2.3/maven-shade-plugin-2.3.jar (101 kB at 8.4 MB/s)
17:49:21.389 [Thread-6] DEBUG spoon.Launcher - [INFO] Downloading from google-maven-central: https://maven-central.storage-download.googleapis.com/maven2/org/apache/maven/plugins/maven-surefire-plugin/2.19.1/maven-surefire-plugin-2.19.1.pom
17:49:21.490 [Thread-6] DEBUG spoon.Launcher - [INFO] Downloaded from google-maven-central: https://maven-central.storage-download.googleapis.com/maven2/org/apache/maven/plugins/maven-surefire-plugin/2.19.1/maven-surefire-plugin-2.19.1.pom (5.6 kB at 56 kB/s)
17:49:21.493 [Thread-6] DEBUG spoon.Launcher - [INFO] Downloading from google-maven-central: https://maven-central.storage-download.googleapis.com/maven2/org/apache/maven/surefire/surefire/2.19.1/surefire-2.19.1.pom
17:49:21.560 [Thread-6] DEBUG spoon.Launcher - [INFO] Downloaded from google-maven-central: https://maven-central.storage-download.googleapis.com/maven2/org/apache/maven/surefire/surefire/2.19.1/surefire-2.19.1.pom (18 kB at 275 kB/s)
17:49:21.568 [Thread-6] DEBUG spoon.Launcher - [INFO] Downloading from google-maven-central: https://maven-central.storage-download.googleapis.com/maven2/org/apache/maven/plugins/maven-surefire-plugin/2.19.1/maven-surefire-plugin-2.19.1.jar
17:49:21.680 [Thread-6] DEBUG spoon.Launcher - [INFO] Downloaded from google-maven-central: https://maven-central.storage-download.googleapis.com/maven2/org/apache/maven/plugins/maven-surefire-plugin/2.19.1/maven-surefire-plugin-2.19.1.jar (38 kB at 343 kB/s)
17:49:21.685 [Thread-6] DEBUG spoon.Launcher - [INFO] Downloading from google-maven-central: https://maven-central.storage-download.googleapis.com/maven2/org/apache/maven/plugins/maven-checkstyle-plugin/2.17/maven-checkstyle-plugin-2.17.pom
17:49:21.693 [Thread-6] DEBUG spoon.Launcher - [INFO] Downloaded from google-maven-central: https://maven-central.storage-download.googleapis.com/maven2/org/apache/maven/plugins/maven-checkstyle-plugin/2.17/maven-checkstyle-plugin-2.17.pom (13 kB at 1.7 MB/s)
17:49:21.697 [Thread-6] DEBUG spoon.Launcher - [INFO] Downloading from google-maven-central: https://maven-central.storage-download.googleapis.com/maven2/org/apache/maven/plugins/maven-plugins/28/maven-plugins-28.pom
17:49:21.709 [Thread-6] DEBUG spoon.Launcher - [INFO] Downloaded from google-maven-central: https://maven-central.storage-download.googleapis.com/maven2/org/apache/maven/plugins/maven-plugins/28/maven-plugins-28.pom (12 kB at 1.0 MB/s)
17:49:21.714 [Thread-6] DEBUG spoon.Launcher - [INFO] Downloading from google-maven-central: https://maven-central.storage-download.googleapis.com/maven2/org/apache/maven/maven-parent/27/maven-parent-27.pom
17:49:21.724 [Thread-6] DEBUG spoon.Launcher - [INFO] Downloaded from google-maven-central: https://maven-central.storage-download.googleapis.com/maven2/org/apache/maven/maven-parent/27/maven-parent-27.pom (41 kB at 4.5 MB/s)
17:49:21.735 [Thread-6] DEBUG spoon.Launcher - [INFO] Downloading from google-maven-central: https://maven-central.storage-download.googleapis.com/maven2/org/apache/maven/plugins/maven-checkstyle-plugin/2.17/maven-checkstyle-plugin-2.17.jar
17:49:21.744 [Thread-6] DEBUG spoon.Launcher - [INFO] Downloaded from google-maven-central: https://maven-central.storage-download.googleapis.com/maven2/org/apache/maven/plugins/maven-checkstyle-plugin/2.17/maven-checkstyle-plugin-2.17.jar (109 kB at 11 MB/s)
17:49:21.757 [Thread-6] DEBUG spoon.Launcher - [INFO] Downloading from google-maven-central: https://maven-central.storage-download.googleapis.com/maven2/org/apache/maven/plugins/maven-failsafe-plugin/2.6/maven-failsafe-plugin-2.6.pom
17:49:22.007 [Thread-6] DEBUG spoon.Launcher - [INFO] Downloaded from google-maven-central: https://maven-central.storage-download.googleapis.com/maven2/org/apache/maven/plugins/maven-failsafe-plugin/2.6/maven-failsafe-plugin-2.6.pom (12 kB at 47 kB/s)
17:49:22.016 [Thread-6] DEBUG spoon.Launcher - [INFO] Downloading from google-maven-central: https://maven-central.storage-download.googleapis.com/maven2/org/apache/maven/surefire/surefire/2.6/surefire-2.6.pom
17:49:22.211 [Thread-6] DEBUG spoon.Launcher - [INFO] Downloaded from google-maven-central: https://maven-central.storage-download.googleapis.com/maven2/org/apache/maven/surefire/surefire/2.6/surefire-2.6.pom (8.8 kB at 45 kB/s)
17:49:22.217 [Thread-6] DEBUG spoon.Launcher - [INFO] Downloading from google-maven-central: https://maven-central.storage-download.googleapis.com/maven2/org/apache/maven/plugins/maven-failsafe-plugin/2.6/maven-failsafe-plugin-2.6.jar
17:49:22.390 [Thread-6] DEBUG spoon.Launcher - [INFO] Downloaded from google-maven-central: https://maven-central.storage-download.googleapis.com/maven2/org/apache/maven/plugins/maven-failsafe-plugin/2.6/maven-failsafe-plugin-2.6.jar (44 kB at 257 kB/s)
17:49:22.394 [Thread-6] DEBUG spoon.Launcher - [INFO] Downloading from google-maven-central: https://maven-central.storage-download.googleapis.com/maven2/org/apache/maven/plugins/maven-compiler-plugin/3.5/maven-compiler-plugin-3.5.pom
17:49:22.511 [Thread-6] DEBUG spoon.Launcher - [INFO] Downloaded from google-maven-central: https://maven-central.storage-download.googleapis.com/maven2/org/apache/maven/plugins/maven-compiler-plugin/3.5/maven-compiler-plugin-3.5.pom (10 kB at 87 kB/s)
17:49:22.518 [Thread-6] DEBUG spoon.Launcher - [INFO] Downloading from google-maven-central: https://maven-central.storage-download.googleapis.com/maven2/org/apache/maven/plugins/maven-compiler-plugin/3.5/maven-compiler-plugin-3.5.jar
17:49:22.633 [Thread-6] DEBUG spoon.Launcher - [INFO] Downloaded from google-maven-central: https://maven-central.storage-download.googleapis.com/maven2/org/apache/maven/plugins/maven-compiler-plugin/3.5/maven-compiler-plugin-3.5.jar (50 kB at 436 kB/s)
17:49:22.640 [Thread-6] DEBUG spoon.Launcher - [INFO] Downloading from google-maven-central: https://maven-central.storage-download.googleapis.com/maven2/org/codehaus/mojo/build-helper-maven-plugin/1.7/build-helper-maven-plugin-1.7.pom
17:49:22.749 [Thread-6] DEBUG spoon.Launcher - [INFO] Downloaded from google-maven-central: https://maven-central.storage-download.googleapis.com/maven2/org/codehaus/mojo/build-helper-maven-plugin/1.7/build-helper-maven-plugin-1.7.pom (5.4 kB at 50 kB/s)
17:49:22.753 [Thread-6] DEBUG spoon.Launcher - [INFO] Downloading from google-maven-central: https://maven-central.storage-download.googleapis.com/maven2/org/codehaus/mojo/mojo-parent/28/mojo-parent-28.pom
17:49:22.998 [Thread-6] DEBUG spoon.Launcher - [INFO] Downloaded from google-maven-central: https://maven-central.storage-download.googleapis.com/maven2/org/codehaus/mojo/mojo-parent/28/mojo-parent-28.pom (26 kB at 108 kB/s)
17:49:23.047 [Thread-6] DEBUG spoon.Launcher - [INFO] Downloading from google-maven-central: https://maven-central.storage-download.googleapis.com/maven2/org/codehaus/mojo/build-helper-maven-plugin/1.7/build-helper-maven-plugin-1.7.jar
17:49:23.182 [Thread-6] DEBUG spoon.Launcher - [INFO] Downloaded from google-maven-central: https://maven-central.storage-download.googleapis.com/maven2/org/codehaus/mojo/build-helper-maven-plugin/1.7/build-helper-maven-plugin-1.7.jar (33 kB at 234 kB/s)
17:49:23.201 [Thread-6] DEBUG spoon.Launcher - [INFO] Downloading from google-maven-central: https://maven-central.storage-download.googleapis.com/maven2/org/apache/maven/plugins/maven-source-plugin/2.4/maven-source-plugin-2.4.pom
17:49:23.305 [Thread-6] DEBUG spoon.Launcher - [INFO] Downloaded from google-maven-central: https://maven-central.storage-download.googleapis.com/maven2/org/apache/maven/plugins/maven-source-plugin/2.4/maven-source-plugin-2.4.pom (6.6 kB at 62 kB/s)
17:49:23.312 [Thread-6] DEBUG spoon.Launcher - [INFO] Downloading from google-maven-central: https://maven-central.storage-download.googleapis.com/maven2/org/apache/maven/plugins/maven-source-plugin/2.4/maven-source-plugin-2.4.jar
17:49:23.454 [Thread-6] DEBUG spoon.Launcher - [INFO] Downloaded from google-maven-central: https://maven-central.storage-download.googleapis.com/maven2/org/apache/maven/plugins/maven-source-plugin/2.4/maven-source-plugin-2.4.jar (31 kB at 223 kB/s)
17:49:23.463 [Thread-6] DEBUG spoon.Launcher - [INFO] Downloading from google-maven-central: https://maven-central.storage-download.googleapis.com/maven2/org/apache/maven/plugins/maven-javadoc-plugin/2.10.3/maven-javadoc-plugin-2.10.3.pom
17:49:23.604 [Thread-6] DEBUG spoon.Launcher - [INFO] Downloaded from google-maven-central: https://maven-central.storage-download.googleapis.com/maven2/org/apache/maven/plugins/maven-javadoc-plugin/2.10.3/maven-javadoc-plugin-2.10.3.pom (16 kB at 112 kB/s)
17:49:23.610 [Thread-6] DEBUG spoon.Launcher - [INFO] Downloading from google-maven-central: https://maven-central.storage-download.googleapis.com/maven2/org/apache/maven/plugins/maven-javadoc-plugin/2.10.3/maven-javadoc-plugin-2.10.3.jar
17:49:23.782 [Thread-6] DEBUG spoon.Launcher - [INFO] Downloaded from google-maven-central: https://maven-central.storage-download.googleapis.com/maven2/org/apache/maven/plugins/maven-javadoc-plugin/2.10.3/maven-javadoc-plugin-2.10.3.jar (405 kB at 2.3 MB/s)
17:49:23.855 [Thread-6] DEBUG spoon.Launcher - [INFO] Downloading from google-maven-central: https://maven-central.storage-download.googleapis.com/maven2/org/codehaus/mojo/findbugs-maven-plugin/3.0.3/findbugs-maven-plugin-3.0.3.pom
17:49:24.053 [Thread-6] DEBUG spoon.Launcher - [INFO] Downloaded from google-maven-central: https://maven-central.storage-download.googleapis.com/maven2/org/codehaus/mojo/findbugs-maven-plugin/3.0.3/findbugs-maven-plugin-3.0.3.pom (22 kB at 107 kB/s)
17:49:24.059 [Thread-6] DEBUG spoon.Launcher - [INFO] Downloading from google-maven-central: https://maven-central.storage-download.googleapis.com/maven2/org/codehaus/mojo/mojo-parent/35/mojo-parent-35.pom
17:49:24.208 [Thread-6] DEBUG spoon.Launcher - [INFO] Downloaded from google-maven-central: https://maven-central.storage-download.googleapis.com/maven2/org/codehaus/mojo/mojo-parent/35/mojo-parent-35.pom (25 kB at 166 kB/s)
17:49:24.211 [Thread-6] DEBUG spoon.Launcher - [INFO] Downloading from google-maven-central: https://maven-central.storage-download.googleapis.com/maven2/org/codehaus/codehaus-parent/4/codehaus-parent-4.pom
17:49:24.215 [Thread-6] DEBUG spoon.Launcher - [INFO] Downloaded from google-maven-central: https://maven-central.storage-download.googleapis.com/maven2/org/codehaus/codehaus-parent/4/codehaus-parent-4.pom (4.8 kB at 964 kB/s)
17:49:24.219 [Thread-6] DEBUG spoon.Launcher - [INFO] Downloading from google-maven-central: https://maven-central.storage-download.googleapis.com/maven2/org/codehaus/mojo/findbugs-maven-plugin/3.0.3/findbugs-maven-plugin-3.0.3.jar
17:49:24.454 [Thread-6] DEBUG spoon.Launcher - [INFO] Downloaded from google-maven-central: https://maven-central.storage-download.googleapis.com/maven2/org/codehaus/mojo/findbugs-maven-plugin/3.0.3/findbugs-maven-plugin-3.0.3.jar (145 kB at 617 kB/s)
17:49:24.458 [Thread-6] DEBUG spoon.Launcher - [INFO] Downloading from google-maven-central: https://maven-central.storage-download.googleapis.com/maven2/org/apache/maven/plugins/maven-pmd-plugin/3.6/maven-pmd-plugin-3.6.pom
17:49:24.605 [Thread-6] DEBUG spoon.Launcher - [INFO] Downloaded from google-maven-central: https://maven-central.storage-download.googleapis.com/maven2/org/apache/maven/plugins/maven-pmd-plugin/3.6/maven-pmd-plugin-3.6.pom (12 kB at 84 kB/s)
17:49:24.609 [Thread-6] DEBUG spoon.Launcher - [INFO] Downloading from google-maven-central: https://maven-central.storage-download.googleapis.com/maven2/org/apache/maven/plugins/maven-pmd-plugin/3.6/maven-pmd-plugin-3.6.jar
17:49:24.860 [Thread-6] DEBUG spoon.Launcher - [INFO] Downloaded from google-maven-central: https://maven-central.storage-download.googleapis.com/maven2/org/apache/maven/plugins/maven-pmd-plugin/3.6/maven-pmd-plugin-3.6.jar (98 kB at 392 kB/s)
17:49:24.881 [Thread-6] DEBUG spoon.Launcher - [INFO] Downloading from google-maven-central: https://maven-central.storage-download.googleapis.com/maven2/org/apache/maven/plugins/maven-jar-plugin/2.6/maven-jar-plugin-2.6.pom
17:49:24.887 [Thread-6] DEBUG spoon.Launcher - [INFO] Downloaded from google-maven-central: https://maven-central.storage-download.googleapis.com/maven2/org/apache/maven/plugins/maven-jar-plugin/2.6/maven-jar-plugin-2.6.pom (5.9 kB at 982 kB/s)
17:49:24.894 [Thread-6] DEBUG spoon.Launcher - [INFO] Downloading from google-maven-central: https://maven-central.storage-download.googleapis.com/maven2/org/apache/maven/plugins/maven-jar-plugin/2.6/maven-jar-plugin-2.6.jar
17:49:24.903 [Thread-6] DEBUG spoon.Launcher - [INFO] Downloaded from google-maven-central: https://maven-central.storage-download.googleapis.com/maven2/org/apache/maven/plugins/maven-jar-plugin/2.6/maven-jar-plugin-2.6.jar (26 kB at 2.8 MB/s)
17:49:24.982 [Thread-6] DEBUG spoon.Launcher - [INFO] 
17:49:24.983 [Thread-6] DEBUG spoon.Launcher - [INFO] -----------------------< org.pac4j:pac4j-config >-----------------------
17:49:24.983 [Thread-6] DEBUG spoon.Launcher - [INFO] Building pac4j configuration 3.0.0
17:49:24.984 [Thread-6] DEBUG spoon.Launcher - [INFO] --------------------------------[ jar ]---------------------------------
17:49:25.001 [Thread-6] DEBUG spoon.Launcher - [INFO] Downloading from google-maven-central: https://maven-central.storage-download.googleapis.com/maven2/org/pac4j/pac4j-core/3.0.0/pac4j-core-3.0.0.pom
17:49:25.209 [Thread-6] DEBUG spoon.Launcher - [INFO] Downloaded from google-maven-central: https://maven-central.storage-download.googleapis.com/maven2/org/pac4j/pac4j-core/3.0.0/pac4j-core-3.0.0.pom (4.3 kB at 21 kB/s)
17:49:25.213 [Thread-6] DEBUG spoon.Launcher - [INFO] Downloading from google-maven-central: https://maven-central.storage-download.googleapis.com/maven2/org/pac4j/pac4j/3.0.0/pac4j-3.0.0.pom
17:49:25.585 [Thread-6] DEBUG spoon.Launcher - [INFO] Downloaded from google-maven-central: https://maven-central.storage-download.googleapis.com/maven2/org/pac4j/pac4j/3.0.0/pac4j-3.0.0.pom (16 kB at 43 kB/s)
17:49:25.594 [Thread-6] DEBUG spoon.Launcher - [INFO] Downloading from google-maven-central: https://maven-central.storage-download.googleapis.com/maven2/org/pac4j/pac4j-cas/3.0.0/pac4j-cas-3.0.0.pom
17:49:25.840 [Thread-6] DEBUG spoon.Launcher - [INFO] Downloaded from google-maven-central: https://maven-central.storage-download.googleapis.com/maven2/org/pac4j/pac4j-cas/3.0.0/pac4j-cas-3.0.0.pom (2.7 kB at 11 kB/s)
17:49:25.844 [Thread-6] DEBUG spoon.Launcher - [INFO] Downloading from google-maven-central: https://maven-central.storage-download.googleapis.com/maven2/org/jasig/cas/client/cas-client-core/3.5.0/cas-client-core-3.5.0.pom
17:49:26.096 [Thread-6] DEBUG spoon.Launcher - [INFO] Downloaded from google-maven-central: https://maven-central.storage-download.googleapis.com/maven2/org/jasig/cas/client/cas-client-core/3.5.0/cas-client-core-3.5.0.pom (3.0 kB at 12 kB/s)
17:49:26.098 [Thread-6] DEBUG spoon.Launcher - [INFO] Downloading from google-maven-central: https://maven-central.storage-download.googleapis.com/maven2/org/jasig/cas/client/cas-client/3.5.0/cas-client-3.5.0.pom
17:49:26.254 [Thread-6] DEBUG spoon.Launcher - [INFO] Downloaded from google-maven-central: https://maven-central.storage-download.googleapis.com/maven2/org/jasig/cas/client/cas-client/3.5.0/cas-client-3.5.0.pom (11 kB at 70 kB/s)
17:49:26.256 [Thread-6] DEBUG spoon.Launcher - [INFO] Downloading from google-maven-central: https://maven-central.storage-download.googleapis.com/maven2/org/jasig/parent/jasig-parent/39/jasig-parent-39.pom
17:49:26.441 [Thread-6] DEBUG spoon.Launcher - [INFO] Downloaded from google-maven-central: https://maven-central.storage-download.googleapis.com/maven2/org/jasig/parent/jasig-parent/39/jasig-parent-39.pom (17 kB at 94 kB/s)
17:49:26.448 [Thread-6] DEBUG spoon.Launcher - [INFO] Downloading from google-maven-central: https://maven-central.storage-download.googleapis.com/maven2/com/fasterxml/jackson/core/jackson-databind/2.8.7/jackson-databind-2.8.7.pom
17:49:26.559 [Thread-6] DEBUG spoon.Launcher - [INFO] Downloaded from google-maven-central: https://maven-central.storage-download.googleapis.com/maven2/com/fasterxml/jackson/core/jackson-databind/2.8.7/jackson-databind-2.8.7.pom (5.4 kB at 49 kB/s)
17:49:26.563 [Thread-6] DEBUG spoon.Launcher - [INFO] Downloading from google-maven-central: https://maven-central.storage-download.googleapis.com/maven2/com/fasterxml/jackson/jackson-parent/2.8/jackson-parent-2.8.pom
17:49:26.632 [Thread-6] DEBUG spoon.Launcher - [INFO] Downloaded from google-maven-central: https://maven-central.storage-download.googleapis.com/maven2/com/fasterxml/jackson/jackson-parent/2.8/jackson-parent-2.8.pom (8.0 kB at 119 kB/s)
17:49:26.639 [Thread-6] DEBUG spoon.Launcher - [INFO] Downloading from google-maven-central: https://maven-central.storage-download.googleapis.com/maven2/com/fasterxml/oss-parent/27/oss-parent-27.pom
17:49:26.696 [Thread-6] DEBUG spoon.Launcher - [INFO] Downloaded from google-maven-central: https://maven-central.storage-download.googleapis.com/maven2/com/fasterxml/oss-parent/27/oss-parent-27.pom (20 kB at 351 kB/s)
17:49:26.715 [Thread-6] DEBUG spoon.Launcher - [INFO] Downloading from google-maven-central: https://maven-central.storage-download.googleapis.com/maven2/com/fasterxml/jackson/core/jackson-annotations/2.8.0/jackson-annotations-2.8.0.pom
17:49:26.722 [Thread-6] DEBUG spoon.Launcher - [INFO] Downloaded from google-maven-central: https://maven-central.storage-download.googleapis.com/maven2/com/fasterxml/jackson/core/jackson-annotations/2.8.0/jackson-annotations-2.8.0.pom (1.8 kB at 154 kB/s)
17:49:26.733 [Thread-6] DEBUG spoon.Launcher - [INFO] Downloading from google-maven-central: https://maven-central.storage-download.googleapis.com/maven2/com/fasterxml/jackson/core/jackson-core/2.8.7/jackson-core-2.8.7.pom
17:49:26.855 [Thread-6] DEBUG spoon.Launcher - [INFO] Downloaded from google-maven-central: https://maven-central.storage-download.googleapis.com/maven2/com/fasterxml/jackson/core/jackson-core/2.8.7/jackson-core-2.8.7.pom (5.4 kB at 45 kB/s)
17:49:26.874 [Thread-6] DEBUG spoon.Launcher - [INFO] Downloading from google-maven-central: https://maven-central.storage-download.googleapis.com/maven2/org/jasig/cas/client/cas-client-support-saml/3.5.0/cas-client-support-saml-3.5.0.pom
17:49:27.079 [Thread-6] DEBUG spoon.Launcher - [INFO] Downloaded from google-maven-central: https://maven-central.storage-download.googleapis.com/maven2/org/jasig/cas/client/cas-client-support-saml/3.5.0/cas-client-support-saml-3.5.0.pom (1.6 kB at 7.8 kB/s)
17:49:27.082 [Thread-6] DEBUG spoon.Launcher - [INFO] Downloading from google-maven-central: https://maven-central.storage-download.googleapis.com/maven2/joda-time/joda-time/2.7/joda-time-2.7.pom
17:49:27.088 [Thread-6] DEBUG spoon.Launcher - [INFO] Downloaded from google-maven-central: https://maven-central.storage-download.googleapis.com/maven2/joda-time/joda-time/2.7/joda-time-2.7.pom (29 kB at 4.8 MB/s)
17:49:27.091 [Thread-6] DEBUG spoon.Launcher - [INFO] Downloading from google-maven-central: https://maven-central.storage-download.googleapis.com/maven2/com/google/guava/guava/21.0/guava-21.0.pom
17:49:27.191 [Thread-6] DEBUG spoon.Launcher - [INFO] Downloaded from google-maven-central: https://maven-central.storage-download.googleapis.com/maven2/com/google/guava/guava/21.0/guava-21.0.pom (7.0 kB at 70 kB/s)
17:49:27.195 [Thread-6] DEBUG spoon.Launcher - [INFO] Downloading from google-maven-central: https://maven-central.storage-download.googleapis.com/maven2/com/google/guava/guava-parent/21.0/guava-parent-21.0.pom
17:49:27.258 [Thread-6] DEBUG spoon.Launcher - [INFO] Downloaded from google-maven-central: https://maven-central.storage-download.googleapis.com/maven2/com/google/guava/guava-parent/21.0/guava-parent-21.0.pom (9.7 kB at 153 kB/s)
17:49:27.263 [Thread-6] DEBUG spoon.Launcher - [INFO] Downloading from google-maven-central: https://maven-central.storage-download.googleapis.com/maven2/org/pac4j/pac4j-saml/3.0.0/pac4j-saml-3.0.0.pom
17:49:27.500 [Thread-6] DEBUG spoon.Launcher - [INFO] Downloaded from google-maven-central: https://maven-central.storage-download.googleapis.com/maven2/org/pac4j/pac4j-saml/3.0.0/pac4j-saml-3.0.0.pom (8.0 kB at 34 kB/s)
17:49:27.505 [Thread-6] DEBUG spoon.Launcher - [INFO] Downloading from google-maven-central: https://maven-central.storage-download.googleapis.com/maven2/org/opensaml/opensaml-core/3.3.1/opensaml-core-3.3.1.pom
17:49:27.902 [Thread-6] DEBUG spoon.Launcher - [INFO] Downloaded from google-maven-central: https://maven-central.storage-download.googleapis.com/maven2/org/opensaml/opensaml-core/3.3.1/opensaml-core-3.3.1.pom (2.4 kB at 6.2 kB/s)
17:49:27.904 [Thread-6] DEBUG spoon.Launcher - [INFO] Downloading from google-maven-central: https://maven-central.storage-download.googleapis.com/maven2/org/opensaml/opensaml-parent/3.3.1/opensaml-parent-3.3.1.pom
17:49:28.242 [Thread-6] DEBUG spoon.Launcher - [INFO] Downloaded from google-maven-central: https://maven-central.storage-download.googleapis.com/maven2/org/opensaml/opensaml-parent/3.3.1/opensaml-parent-3.3.1.pom (5.7 kB at 17 kB/s)
17:49:28.244 [Thread-6] DEBUG spoon.Launcher - [INFO] Downloading from google-maven-central: https://maven-central.storage-download.googleapis.com/maven2/net/shibboleth/parent-v3/10/parent-v3-10.pom
17:49:28.536 [Thread-6] DEBUG spoon.Launcher - [INFO] Downloaded from google-maven-central: https://maven-central.storage-download.googleapis.com/maven2/net/shibboleth/parent-v3/10/parent-v3-10.pom (46 kB at 159 kB/s)
17:49:28.542 [Thread-6] DEBUG spoon.Launcher - [INFO] Downloading from google-maven-central: https://maven-central.storage-download.googleapis.com/maven2/joda-time/joda-time/2.9/joda-time-2.9.pom
17:49:28.548 [Thread-6] DEBUG spoon.Launcher - [INFO] Downloaded from google-maven-central: https://maven-central.storage-download.googleapis.com/maven2/joda-time/joda-time/2.9/joda-time-2.9.pom (29 kB at 4.9 MB/s)
17:49:28.554 [Thread-6] DEBUG spoon.Launcher - [INFO] Downloading from google-maven-central: https://maven-central.storage-download.googleapis.com/maven2/io/dropwizard/metrics/metrics-core/3.1.2/metrics-core-3.1.2.pom
17:49:28.618 [Thread-6] DEBUG spoon.Launcher - [INFO] Downloaded from google-maven-central: https://maven-central.storage-download.googleapis.com/maven2/io/dropwizard/metrics/metrics-core/3.1.2/metrics-core-3.1.2.pom (846 B at 13 kB/s)
17:49:28.620 [Thread-6] DEBUG spoon.Launcher - [INFO] Downloading from google-maven-central: https://maven-central.storage-download.googleapis.com/maven2/io/dropwizard/metrics/metrics-parent/3.1.2/metrics-parent-3.1.2.pom
17:49:28.692 [Thread-6] DEBUG spoon.Launcher - [INFO] Downloaded from google-maven-central: https://maven-central.storage-download.googleapis.com/maven2/io/dropwizard/metrics/metrics-parent/3.1.2/metrics-parent-3.1.2.pom (12 kB at 167 kB/s)
17:49:28.696 [Thread-6] DEBUG spoon.Launcher - [INFO] Downloading from google-maven-central: https://maven-central.storage-download.googleapis.com/maven2/net/shibboleth/utilities/java-support/7.3.0/java-support-7.3.0.pom
17:49:28.904 [Thread-6] DEBUG spoon.Launcher - [INFO] Downloaded from google-maven-central: https://maven-central.storage-download.googleapis.com/maven2/net/shibboleth/utilities/java-support/7.3.0/java-support-7.3.0.pom (4.8 kB at 23 kB/s)
17:49:28.913 [Thread-6] DEBUG spoon.Launcher - [INFO] Downloading from google-maven-central: https://maven-central.storage-download.googleapis.com/maven2/commons-codec/commons-codec/1.10/commons-codec-1.10.pom
17:49:28.918 [Thread-6] DEBUG spoon.Launcher - [INFO] Downloaded from google-maven-central: https://maven-central.storage-download.googleapis.com/maven2/commons-codec/commons-codec/1.10/commons-codec-1.10.pom (12 kB at 2.3 MB/s)
17:49:28.921 [Thread-6] DEBUG spoon.Launcher - [INFO] Downloading from google-maven-central: https://maven-central.storage-download.googleapis.com/maven2/org/apache/commons/commons-parent/35/commons-parent-35.pom
17:49:28.928 [Thread-6] DEBUG spoon.Launcher - [INFO] Downloaded from google-maven-central: https://maven-central.storage-download.googleapis.com/maven2/org/apache/commons/commons-parent/35/commons-parent-35.pom (58 kB at 8.3 MB/s)
17:49:28.934 [Thread-6] DEBUG spoon.Launcher - [INFO] Downloading from google-maven-central: https://maven-central.storage-download.googleapis.com/maven2/org/apache/apache/15/apache-15.pom
17:49:28.939 [Thread-6] DEBUG spoon.Launcher - [INFO] Downloaded from google-maven-central: https://maven-central.storage-download.googleapis.com/maven2/org/apache/apache/15/apache-15.pom (15 kB at 3.0 MB/s)
17:49:28.943 [Thread-6] DEBUG spoon.Launcher - [INFO] Downloading from google-maven-central: https://maven-central.storage-download.googleapis.com/maven2/com/google/code/findbugs/jsr305/3.0.1/jsr305-3.0.1.pom
17:49:29.102 [Thread-6] DEBUG spoon.Launcher - [INFO] Downloaded from google-maven-central: https://maven-central.storage-download.googleapis.com/maven2/com/google/code/findbugs/jsr305/3.0.1/jsr305-3.0.1.pom (4.3 kB at 27 kB/s)
17:49:29.107 [Thread-6] DEBUG spoon.Launcher - [INFO] Downloading from google-maven-central: https://maven-central.storage-download.googleapis.com/maven2/org/opensaml/opensaml-saml-api/3.3.1/opensaml-saml-api-3.3.1.pom
17:49:29.400 [Thread-6] DEBUG spoon.Launcher - [INFO] Downloaded from google-maven-central: https://maven-central.storage-download.googleapis.com/maven2/org/opensaml/opensaml-saml-api/3.3.1/opensaml-saml-api-3.3.1.pom (2.5 kB at 8.5 kB/s)
17:49:29.403 [Thread-6] DEBUG spoon.Launcher - [INFO] Downloading from google-maven-central: https://maven-central.storage-download.googleapis.com/maven2/org/opensaml/opensaml-xmlsec-api/3.3.1/opensaml-xmlsec-api-3.3.1.pom
17:49:29.671 [Thread-6] DEBUG spoon.Launcher - [INFO] Downloaded from google-maven-central: https://maven-central.storage-download.googleapis.com/maven2/org/opensaml/opensaml-xmlsec-api/3.3.1/opensaml-xmlsec-api-3.3.1.pom (2.0 kB at 7.4 kB/s)
17:49:29.675 [Thread-6] DEBUG spoon.Launcher - [INFO] Downloading from google-maven-central: https://maven-central.storage-download.googleapis.com/maven2/org/opensaml/opensaml-security-api/3.3.1/opensaml-security-api-3.3.1.pom
17:49:29.973 [Thread-6] DEBUG spoon.Launcher - [INFO] Downloaded from google-maven-central: https://maven-central.storage-download.googleapis.com/maven2/org/opensaml/opensaml-security-api/3.3.1/opensaml-security-api-3.3.1.pom (2.4 kB at 8.0 kB/s)
17:49:29.977 [Thread-6] DEBUG spoon.Launcher - [INFO] Downloading from google-maven-central: https://maven-central.storage-download.googleapis.com/maven2/org/opensaml/opensaml-messaging-api/3.3.1/opensaml-messaging-api-3.3.1.pom
17:49:30.233 [Thread-6] DEBUG spoon.Launcher - [INFO] Downloaded from google-maven-central: https://maven-central.storage-download.googleapis.com/maven2/org/opensaml/opensaml-messaging-api/3.3.1/opensaml-messaging-api-3.3.1.pom (1.7 kB at 6.5 kB/s)
17:49:30.238 [Thread-6] DEBUG spoon.Launcher - [INFO] Downloading from google-maven-central: https://maven-central.storage-download.googleapis.com/maven2/org/apache/httpcomponents/httpclient/4.3.6/httpclient-4.3.6.pom
17:49:30.316 [Thread-6] DEBUG spoon.Launcher - [INFO] Downloaded from google-maven-central: https://maven-central.storage-download.googleapis.com/maven2/org/apache/httpcomponents/httpclient/4.3.6/httpclient-4.3.6.pom (5.2 kB at 66 kB/s)
17:49:30.319 [Thread-6] DEBUG spoon.Launcher - [INFO] Downloading from google-maven-central: https://maven-central.storage-download.googleapis.com/maven2/org/apache/httpcomponents/httpcomponents-client/4.3.6/httpcomponents-client-4.3.6.pom
17:49:30.441 [Thread-6] DEBUG spoon.Launcher - [INFO] Downloaded from google-maven-central: https://maven-central.storage-download.googleapis.com/maven2/org/apache/httpcomponents/httpcomponents-client/4.3.6/httpcomponents-client-4.3.6.pom (16 kB at 131 kB/s)
17:49:30.447 [Thread-6] DEBUG spoon.Launcher - [INFO] Downloading from google-maven-central: https://maven-central.storage-download.googleapis.com/maven2/org/apache/httpcomponents/httpcore/4.3.3/httpcore-4.3.3.pom
17:49:30.523 [Thread-6] DEBUG spoon.Launcher - [INFO] Downloaded from google-maven-central: https://maven-central.storage-download.googleapis.com/maven2/org/apache/httpcomponents/httpcore/4.3.3/httpcore-4.3.3.pom (4.6 kB at 61 kB/s)
17:49:30.525 [Thread-6] DEBUG spoon.Launcher - [INFO] Downloading from google-maven-central: https://maven-central.storage-download.googleapis.com/maven2/org/apache/httpcomponents/httpcomponents-core/4.3.3/httpcomponents-core-4.3.3.pom
17:49:30.662 [Thread-6] DEBUG spoon.Launcher - [INFO] Downloaded from google-maven-central: https://maven-central.storage-download.googleapis.com/maven2/org/apache/httpcomponents/httpcomponents-core/4.3.3/httpcomponents-core-4.3.3.pom (13 kB at 97 kB/s)
17:49:30.666 [Thread-6] DEBUG spoon.Launcher - [INFO] Downloading from google-maven-central: https://maven-central.storage-download.googleapis.com/maven2/org/apache/santuario/xmlsec/2.0.5/xmlsec-2.0.5.pom
17:49:30.853 [Thread-6] DEBUG spoon.Launcher - [INFO] Downloaded from google-maven-central: https://maven-central.storage-download.googleapis.com/maven2/org/apache/santuario/xmlsec/2.0.5/xmlsec-2.0.5.pom (24 kB at 127 kB/s)
17:49:30.857 [Thread-6] DEBUG spoon.Launcher - [INFO] Downloading from google-maven-central: https://maven-central.storage-download.googleapis.com/maven2/org/codehaus/woodstox/woodstox-core-asl/4.4.1/woodstox-core-asl-4.4.1.pom
17:49:30.862 [Thread-6] DEBUG spoon.Launcher - [INFO] Downloaded from google-maven-central: https://maven-central.storage-download.googleapis.com/maven2/org/codehaus/woodstox/woodstox-core-asl/4.4.1/woodstox-core-asl-4.4.1.pom (1.8 kB at 361 kB/s)
17:49:30.864 [Thread-6] DEBUG spoon.Launcher - [INFO] Downloading from google-maven-central: https://maven-central.storage-download.googleapis.com/maven2/javax/xml/stream/stax-api/1.0-2/stax-api-1.0-2.pom
17:49:30.868 [Thread-6] DEBUG spoon.Launcher - [INFO] Downloaded from google-maven-central: https://maven-central.storage-download.googleapis.com/maven2/javax/xml/stream/stax-api/1.0-2/stax-api-1.0-2.pom (962 B at 240 kB/s)
17:49:30.870 [Thread-6] DEBUG spoon.Launcher - [INFO] Downloading from google-maven-central: https://maven-central.storage-download.googleapis.com/maven2/org/codehaus/woodstox/stax2-api/3.1.4/stax2-api-3.1.4.pom
17:49:30.875 [Thread-6] DEBUG spoon.Launcher - [INFO] Downloaded from google-maven-central: https://maven-central.storage-download.googleapis.com/maven2/org/codehaus/woodstox/stax2-api/3.1.4/stax2-api-3.1.4.pom (5.5 kB at 1.4 MB/s)
17:49:30.877 [Thread-6] DEBUG spoon.Launcher - [INFO] Downloading from google-maven-central: https://maven-central.storage-download.googleapis.com/maven2/org/cryptacular/cryptacular/1.1.1/cryptacular-1.1.1.pom
17:49:31.101 [Thread-6] DEBUG spoon.Launcher - [INFO] Downloaded from google-maven-central: https://maven-central.storage-download.googleapis.com/maven2/org/cryptacular/cryptacular/1.1.1/cryptacular-1.1.1.pom (12 kB at 52 kB/s)
17:49:31.104 [Thread-6] DEBUG spoon.Launcher - [INFO] Downloading from google-maven-central: https://maven-central.storage-download.googleapis.com/maven2/org/bouncycastle/bcprov-jdk15on/1.54/bcprov-jdk15on-1.54.pom
17:49:31.386 [Thread-6] DEBUG spoon.Launcher - [INFO] Downloaded from google-maven-central: https://maven-central.storage-download.googleapis.com/maven2/org/bouncycastle/bcprov-jdk15on/1.54/bcprov-jdk15on-1.54.pom (1.2 kB at 4.1 kB/s)
17:49:31.389 [Thread-6] DEBUG spoon.Launcher - [INFO] Downloading from google-maven-central: https://maven-central.storage-download.googleapis.com/maven2/org/opensaml/opensaml-soap-api/3.3.1/opensaml-soap-api-3.3.1.pom
17:49:31.702 [Thread-6] DEBUG spoon.Launcher - [INFO] Downloaded from google-maven-central: https://maven-central.storage-download.googleapis.com/maven2/org/opensaml/opensaml-soap-api/3.3.1/opensaml-soap-api-3.3.1.pom (1.6 kB at 5.1 kB/s)
17:49:31.708 [Thread-6] DEBUG spoon.Launcher - [INFO] Downloading from google-maven-central: https://maven-central.storage-download.googleapis.com/maven2/org/opensaml/opensaml-profile-api/3.3.1/opensaml-profile-api-3.3.1.pom
17:49:31.921 [Thread-6] DEBUG spoon.Launcher - [INFO] Downloaded from google-maven-central: https://maven-central.storage-download.googleapis.com/maven2/org/opensaml/opensaml-profile-api/3.3.1/opensaml-profile-api-3.3.1.pom (2.4 kB at 11 kB/s)
17:49:31.926 [Thread-6] DEBUG spoon.Launcher - [INFO] Downloading from google-maven-central: https://maven-central.storage-download.googleapis.com/maven2/org/opensaml/opensaml-storage-api/3.3.1/opensaml-storage-api-3.3.1.pom
17:49:32.210 [Thread-6] DEBUG spoon.Launcher - [INFO] Downloaded from google-maven-central: https://maven-central.storage-download.googleapis.com/maven2/org/opensaml/opensaml-storage-api/3.3.1/opensaml-storage-api-3.3.1.pom (1.2 kB at 4.3 kB/s)
17:49:32.215 [Thread-6] DEBUG spoon.Launcher - [INFO] Downloading from google-maven-central: https://maven-central.storage-download.googleapis.com/maven2/org/opensaml/opensaml-saml-impl/3.3.1/opensaml-saml-impl-3.3.1.pom
17:49:32.407 [Thread-6] DEBUG spoon.Launcher - [INFO] Downloaded from google-maven-central: https://maven-central.storage-download.googleapis.com/maven2/org/opensaml/opensaml-saml-impl/3.3.1/opensaml-saml-impl-3.3.1.pom (5.5 kB at 29 kB/s)
17:49:32.412 [Thread-6] DEBUG spoon.Launcher - [INFO] Downloading from google-maven-central: https://maven-central.storage-download.googleapis.com/maven2/org/opensaml/opensaml-security-impl/3.3.1/opensaml-security-impl-3.3.1.pom
17:49:32.752 [Thread-6] DEBUG spoon.Launcher - [INFO] Downloaded from google-maven-central: https://maven-central.storage-download.googleapis.com/maven2/org/opensaml/opensaml-security-impl/3.3.1/opensaml-security-impl-3.3.1.pom (2.1 kB at 6.2 kB/s)
17:49:32.752 [Thread-6] DEBUG spoon.Launcher - [INFO] Downloading from google-maven-central: https://maven-central.storage-download.googleapis.com/maven2/org/opensaml/opensaml-xmlsec-impl/3.3.1/opensaml-xmlsec-impl-3.3.1.pom
17:49:32.997 [Thread-6] DEBUG spoon.Launcher - [INFO] Downloaded from google-maven-central: https://maven-central.storage-download.googleapis.com/maven2/org/opensaml/opensaml-xmlsec-impl/3.3.1/opensaml-xmlsec-impl-3.3.1.pom (2.1 kB at 8.6 kB/s)
17:49:33.001 [Thread-6] DEBUG spoon.Launcher - [INFO] Downloading from google-maven-central: https://maven-central.storage-download.googleapis.com/maven2/org/opensaml/opensaml-soap-impl/3.3.1/opensaml-soap-impl-3.3.1.pom
17:49:33.197 [Thread-6] DEBUG spoon.Launcher - [INFO] Downloaded from google-maven-central: https://maven-central.storage-download.googleapis.com/maven2/org/opensaml/opensaml-soap-impl/3.3.1/opensaml-soap-impl-3.3.1.pom (2.7 kB at 14 kB/s)
17:49:33.204 [Thread-6] DEBUG spoon.Launcher - [INFO] Downloading from google-maven-central: https://maven-central.storage-download.googleapis.com/maven2/org/apache/velocity/velocity/1.7/velocity-1.7.pom
17:49:33.208 [Thread-6] DEBUG spoon.Launcher - [INFO] Downloaded from google-maven-central: https://maven-central.storage-download.googleapis.com/maven2/org/apache/velocity/velocity/1.7/velocity-1.7.pom (11 kB at 1.8 MB/s)
17:49:33.215 [Thread-6] DEBUG spoon.Launcher - [INFO] Downloading from google-maven-central: https://maven-central.storage-download.googleapis.com/maven2/commons-lang/commons-lang/2.4/commons-lang-2.4.pom
17:49:33.241 [Thread-6] DEBUG spoon.Launcher - [INFO] Downloaded from google-maven-central: https://maven-central.storage-download.googleapis.com/maven2/commons-lang/commons-lang/2.4/commons-lang-2.4.pom (14 kB at 518 kB/s)
17:49:33.246 [Thread-6] DEBUG spoon.Launcher - [INFO] Downloading from google-maven-central: https://maven-central.storage-download.googleapis.com/maven2/org/opensaml/opensaml-profile-impl/3.3.1/opensaml-profile-impl-3.3.1.pom
17:49:33.448 [Thread-6] DEBUG spoon.Launcher - [INFO] Downloaded from google-maven-central: https://maven-central.storage-download.googleapis.com/maven2/org/opensaml/opensaml-profile-impl/3.3.1/opensaml-profile-impl-3.3.1.pom (3.3 kB at 16 kB/s)
17:49:33.453 [Thread-6] DEBUG spoon.Launcher - [INFO] Downloading from google-maven-central: https://maven-central.storage-download.googleapis.com/maven2/org/opensaml/opensaml-messaging-impl/3.3.1/opensaml-messaging-impl-3.3.1.pom
17:49:33.685 [Thread-6] DEBUG spoon.Launcher - [INFO] Downloaded from google-maven-central: https://maven-central.storage-download.googleapis.com/maven2/org/opensaml/opensaml-messaging-impl/3.3.1/opensaml-messaging-impl-3.3.1.pom (2.1 kB at 9.0 kB/s)
17:49:33.695 [Thread-6] DEBUG spoon.Launcher - [INFO] Downloading from google-maven-central: https://maven-central.storage-download.googleapis.com/maven2/org/cryptacular/cryptacular/1.2.1/cryptacular-1.2.1.pom
17:49:33.959 [Thread-6] DEBUG spoon.Launcher - [INFO] Downloaded from google-maven-central: https://maven-central.storage-download.googleapis.com/maven2/org/cryptacular/cryptacular/1.2.1/cryptacular-1.2.1.pom (12 kB at 44 kB/s)
17:49:33.963 [Thread-6] DEBUG spoon.Launcher - [INFO] Downloading from google-maven-central: https://maven-central.storage-download.googleapis.com/maven2/joda-time/joda-time/2.9.9/joda-time-2.9.9.pom
17:49:33.969 [Thread-6] DEBUG spoon.Launcher - [INFO] Downloaded from google-maven-central: https://maven-central.storage-download.googleapis.com/maven2/joda-time/joda-time/2.9.9/joda-time-2.9.9.pom (35 kB at 5.8 MB/s)
17:49:33.972 [Thread-6] DEBUG spoon.Launcher - [INFO] Downloading from google-maven-central: https://maven-central.storage-download.googleapis.com/maven2/xalan/xalan/2.7.2/xalan-2.7.2.pom
17:49:34.087 [Thread-6] DEBUG spoon.Launcher - [INFO] Downloaded from google-maven-central: https://maven-central.storage-download.googleapis.com/maven2/xalan/xalan/2.7.2/xalan-2.7.2.pom (1.3 kB at 11 kB/s)
17:49:34.090 [Thread-6] DEBUG spoon.Launcher - [INFO] Downloading from google-maven-central: https://maven-central.storage-download.googleapis.com/maven2/xalan/serializer/2.7.2/serializer-2.7.2.pom
17:49:34.184 [Thread-6] DEBUG spoon.Launcher - [INFO] Downloaded from google-maven-central: https://maven-central.storage-download.googleapis.com/maven2/xalan/serializer/2.7.2/serializer-2.7.2.pom (1.1 kB at 12 kB/s)
17:49:34.187 [Thread-6] DEBUG spoon.Launcher - [INFO] Downloading from google-maven-central: https://maven-central.storage-download.googleapis.com/maven2/xml-apis/xml-apis/1.3.04/xml-apis-1.3.04.pom
17:49:34.192 [Thread-6] DEBUG spoon.Launcher - [INFO] Downloaded from google-maven-central: https://maven-central.storage-download.googleapis.com/maven2/xml-apis/xml-apis/1.3.04/xml-apis-1.3.04.pom (1.8 kB at 364 kB/s)
17:49:34.195 [Thread-6] DEBUG spoon.Launcher - [INFO] Downloading from google-maven-central: https://maven-central.storage-download.googleapis.com/maven2/commons-collections/commons-collections/3.2.2/commons-collections-3.2.2.pom
17:49:34.201 [Thread-6] DEBUG spoon.Launcher - [INFO] Downloaded from google-maven-central: https://maven-central.storage-download.googleapis.com/maven2/commons-collections/commons-collections/3.2.2/commons-collections-3.2.2.pom (12 kB at 2.5 MB/s)
17:49:34.210 [Thread-6] DEBUG spoon.Launcher - [INFO] Downloading from google-maven-central: https://maven-central.storage-download.googleapis.com/maven2/org/slf4j/jcl-over-slf4j/1.7.25/jcl-over-slf4j-1.7.25.pom
17:49:34.305 [Thread-6] DEBUG spoon.Launcher - [INFO] Downloaded from google-maven-central: https://maven-central.storage-download.googleapis.com/maven2/org/slf4j/jcl-over-slf4j/1.7.25/jcl-over-slf4j-1.7.25.pom (959 B at 10.0 kB/s)
17:49:34.308 [Thread-6] DEBUG spoon.Launcher - [INFO] Downloading from google-maven-central: https://maven-central.storage-download.googleapis.com/maven2/org/springframework/spring-core/5.0.2.RELEASE/spring-core-5.0.2.RELEASE.pom
17:49:34.589 [Thread-6] DEBUG spoon.Launcher - [INFO] Downloaded from google-maven-central: https://maven-central.storage-download.googleapis.com/maven2/org/springframework/spring-core/5.0.2.RELEASE/spring-core-5.0.2.RELEASE.pom (4.0 kB at 14 kB/s)
17:49:34.592 [Thread-6] DEBUG spoon.Launcher - [INFO] Downloading from google-maven-central: https://maven-central.storage-download.googleapis.com/maven2/io/projectreactor/reactor-bom/Bismuth-SR4/reactor-bom-Bismuth-SR4.pom
17:49:34.731 [Thread-6] DEBUG spoon.Launcher - [INFO] Downloaded from google-maven-central: https://maven-central.storage-download.googleapis.com/maven2/io/projectreactor/reactor-bom/Bismuth-SR4/reactor-bom-Bismuth-SR4.pom (3.6 kB at 26 kB/s)
17:49:34.734 [Thread-6] DEBUG spoon.Launcher - [INFO] Downloading from google-maven-central: https://maven-central.storage-download.googleapis.com/maven2/io/netty/netty-bom/4.1.17.Final/netty-bom-4.1.17.Final.pom
17:49:34.892 [Thread-6] DEBUG spoon.Launcher - [INFO] Downloaded from google-maven-central: https://maven-central.storage-download.googleapis.com/maven2/io/netty/netty-bom/4.1.17.Final/netty-bom-4.1.17.Final.pom (7.9 kB at 50 kB/s)
17:49:34.896 [Thread-6] DEBUG spoon.Launcher - [INFO] Downloading from google-maven-central: https://maven-central.storage-download.googleapis.com/maven2/org/springframework/spring-jcl/5.0.2.RELEASE/spring-jcl-5.0.2.RELEASE.pom
17:49:35.075 [Thread-6] DEBUG spoon.Launcher - [INFO] Downloaded from google-maven-central: https://maven-central.storage-download.googleapis.com/maven2/org/springframework/spring-jcl/5.0.2.RELEASE/spring-jcl-5.0.2.RELEASE.pom (1.9 kB at 11 kB/s)
17:49:35.078 [Thread-6] DEBUG spoon.Launcher - [INFO] Downloading from google-maven-central: https://maven-central.storage-download.googleapis.com/maven2/org/pac4j/pac4j-oauth/3.0.0/pac4j-oauth-3.0.0.pom
17:49:35.310 [Thread-6] DEBUG spoon.Launcher - [INFO] Downloaded from google-maven-central: https://maven-central.storage-download.googleapis.com/maven2/org/pac4j/pac4j-oauth/3.0.0/pac4j-oauth-3.0.0.pom (2.7 kB at 11 kB/s)
17:49:35.313 [Thread-6] DEBUG spoon.Launcher - [INFO] Downloading from google-maven-central: https://maven-central.storage-download.googleapis.com/maven2/com/github/scribejava/scribejava-apis/5.3.0/scribejava-apis-5.3.0.pom
17:49:35.487 [Thread-6] DEBUG spoon.Launcher - [INFO] Downloaded from google-maven-central: https://maven-central.storage-download.googleapis.com/maven2/com/github/scribejava/scribejava-apis/5.3.0/scribejava-apis-5.3.0.pom (2.2 kB at 13 kB/s)
17:49:35.489 [Thread-6] DEBUG spoon.Launcher - [INFO] Downloading from google-maven-central: https://maven-central.storage-download.googleapis.com/maven2/com/github/scribejava/scribejava/5.3.0/scribejava-5.3.0.pom
17:49:35.699 [Thread-6] DEBUG spoon.Launcher - [INFO] Downloaded from google-maven-central: https://maven-central.storage-download.googleapis.com/maven2/com/github/scribejava/scribejava/5.3.0/scribejava-5.3.0.pom (10 kB at 48 kB/s)
17:49:35.702 [Thread-6] DEBUG spoon.Launcher - [INFO] Downloading from google-maven-central: https://maven-central.storage-download.googleapis.com/maven2/com/github/scribejava/scribejava-core/5.3.0/scribejava-core-5.3.0.pom
17:49:35.860 [Thread-6] DEBUG spoon.Launcher - [INFO] Downloaded from google-maven-central: https://maven-central.storage-download.googleapis.com/maven2/com/github/scribejava/scribejava-core/5.3.0/scribejava-core-5.3.0.pom (1.3 kB at 8.1 kB/s)
17:49:35.863 [Thread-6] DEBUG spoon.Launcher - [INFO] Downloading from google-maven-central: https://maven-central.storage-download.googleapis.com/maven2/org/pac4j/pac4j-oidc/3.0.0/pac4j-oidc-3.0.0.pom
17:49:36.185 [Thread-6] DEBUG spoon.Launcher - [INFO] Downloaded from google-maven-central: https://maven-central.storage-download.googleapis.com/maven2/org/pac4j/pac4j-oidc/3.0.0/pac4j-oidc-3.0.0.pom (2.9 kB at 9.0 kB/s)
17:49:36.189 [Thread-6] DEBUG spoon.Launcher - [INFO] Downloading from google-maven-central: https://maven-central.storage-download.googleapis.com/maven2/com/nimbusds/oauth2-oidc-sdk/5.45/oauth2-oidc-sdk-5.45.pom
17:49:36.323 [Thread-6] DEBUG spoon.Launcher - [INFO] Downloaded from google-maven-central: https://maven-central.storage-download.googleapis.com/maven2/com/nimbusds/oauth2-oidc-sdk/5.45/oauth2-oidc-sdk-5.45.pom (11 kB at 81 kB/s)
17:49:36.326 [Thread-6] DEBUG spoon.Launcher - [INFO] Downloading from google-maven-central: https://maven-central.storage-download.googleapis.com/maven2/javax/mail/mail/1.4.7/mail-1.4.7.pom
17:49:36.379 [Thread-6] DEBUG spoon.Launcher - [INFO] Downloaded from google-maven-central: https://maven-central.storage-download.googleapis.com/maven2/javax/mail/mail/1.4.7/mail-1.4.7.pom (5.3 kB at 100 kB/s)
17:49:36.383 [Thread-6] DEBUG spoon.Launcher - [INFO] Downloading from google-maven-central: https://maven-central.storage-download.googleapis.com/maven2/com/sun/mail/all/1.4.7/all-1.4.7.pom
17:49:36.442 [Thread-6] DEBUG spoon.Launcher - [INFO] Downloaded from google-maven-central: https://maven-central.storage-download.googleapis.com/maven2/com/sun/mail/all/1.4.7/all-1.4.7.pom (20 kB at 335 kB/s)
17:49:36.449 [Thread-6] DEBUG spoon.Launcher - [INFO] Downloading from google-maven-central: https://maven-central.storage-download.googleapis.com/maven2/javax/activation/activation/1.1/activation-1.1.pom
17:49:36.458 [Thread-6] DEBUG spoon.Launcher - [INFO] Downloaded from google-maven-central: https://maven-central.storage-download.googleapis.com/maven2/javax/activation/activation/1.1/activation-1.1.pom (1.1 kB at 176 kB/s)
17:49:36.458 [Thread-6] DEBUG spoon.Launcher - [INFO] Downloading from google-maven-central: https://maven-central.storage-download.googleapis.com/maven2/com/github/stephenc/jcip/jcip-annotations/1.0-1/jcip-annotations-1.0-1.pom
17:49:36.467 [Thread-6] DEBUG spoon.Launcher - [INFO] Downloaded from google-maven-central: https://maven-central.storage-download.googleapis.com/maven2/com/github/stephenc/jcip/jcip-annotations/1.0-1/jcip-annotations-1.0-1.pom (5.4 kB at 678 kB/s)
17:49:36.472 [Thread-6] DEBUG spoon.Launcher - [INFO] Downloading from google-maven-central: https://maven-central.storage-download.googleapis.com/maven2/org/apache/commons/commons-lang3/3.7/commons-lang3-3.7.pom
17:49:36.480 [Thread-6] DEBUG spoon.Launcher - [INFO] Downloaded from google-maven-central: https://maven-central.storage-download.googleapis.com/maven2/org/apache/commons/commons-lang3/3.7/commons-lang3-3.7.pom (28 kB at 3.1 MB/s)
17:49:36.501 [Thread-6] DEBUG spoon.Launcher - [INFO] Downloading from google-maven-central: https://maven-central.storage-download.googleapis.com/maven2/org/apache/commons/commons-collections4/4.1/commons-collections4-4.1.pom
17:49:36.509 [Thread-6] DEBUG spoon.Launcher - [INFO] Downloaded from google-maven-central: https://maven-central.storage-download.googleapis.com/maven2/org/apache/commons/commons-collections4/4.1/commons-collections4-4.1.pom (21 kB at 2.7 MB/s)
17:49:36.517 [Thread-6] DEBUG spoon.Launcher - [INFO] Downloading from google-maven-central: https://maven-central.storage-download.googleapis.com/maven2/org/apache/commons/commons-parent/38/commons-parent-38.pom
17:49:36.525 [Thread-6] DEBUG spoon.Launcher - [INFO] Downloaded from google-maven-central: https://maven-central.storage-download.googleapis.com/maven2/org/apache/commons/commons-parent/38/commons-parent-38.pom (62 kB at 8.9 MB/s)
17:49:36.551 [Thread-6] DEBUG spoon.Launcher - [INFO] Downloading from google-maven-central: https://maven-central.storage-download.googleapis.com/maven2/net/minidev/json-smart/maven-metadata.xml
17:49:36.555 [Thread-6] DEBUG spoon.Launcher - [INFO] Downloading from sonatype: https://oss.sonatype.org/content/repositories/releases/net/minidev/json-smart/maven-metadata.xml
17:49:36.558 [Thread-6] DEBUG spoon.Launcher - [INFO] Downloaded from google-maven-central: https://maven-central.storage-download.googleapis.com/maven2/net/minidev/json-smart/maven-metadata.xml (849 B at 121 kB/s)
17:49:36.580 [Thread-6] DEBUG spoon.Launcher - [INFO] Downloading from sonatype-snapshots: https://oss.sonatype.org/content/repositories/snapshots/net/minidev/json-smart/maven-metadata.xml
17:49:36.582 [Thread-6] DEBUG spoon.Launcher - [INFO] Downloading from apache-snapshots: https://repository.apache.org/snapshots/net/minidev/json-smart/maven-metadata.xml
17:49:36.584 [Thread-6] DEBUG spoon.Launcher - [INFO] Downloading from sonatype-apache: https://repository.apache.org/content/repositories/releases/net/minidev/json-smart/maven-metadata.xml
17:49:36.784 [Thread-6] DEBUG spoon.Launcher - [INFO] Downloading from sonatype-nexus-snapshots: https://oss.sonatype.org/content/repositories/snapshots/net/minidev/json-smart/maven-metadata.xml
17:49:37.011 [Thread-6] DEBUG spoon.Launcher - [INFO] Downloaded from sonatype: https://oss.sonatype.org/content/repositories/releases/net/minidev/json-smart/maven-metadata.xml (849 B at 1.9 kB/s)
17:49:37.180 [Thread-6] DEBUG spoon.Launcher - [INFO] Downloading from google-maven-central: https://maven-central.storage-download.googleapis.com/maven2/net/minidev/json-smart/1.3.1/json-smart-1.3.1.pom
17:49:37.204 [Thread-6] DEBUG spoon.Launcher - [INFO] Downloaded from google-maven-central: https://maven-central.storage-download.googleapis.com/maven2/net/minidev/json-smart/1.3.1/json-smart-1.3.1.pom (2.0 kB at 92 kB/s)
17:49:37.224 [Thread-6] DEBUG spoon.Launcher - [INFO] Downloading from google-maven-central: https://maven-central.storage-download.googleapis.com/maven2/net/minidev/parent/1.3.1/parent-1.3.1.pom
17:49:37.229 [Thread-6] DEBUG spoon.Launcher - [INFO] Downloaded from google-maven-central: https://maven-central.storage-download.googleapis.com/maven2/net/minidev/parent/1.3.1/parent-1.3.1.pom (8.5 kB at 1.1 MB/s)
17:49:37.231 [Thread-6] DEBUG spoon.Launcher - [INFO] Downloading from google-maven-central: https://maven-central.storage-download.googleapis.com/maven2/net/minidev/json-smart/2.0-RC1/json-smart-2.0-RC1.pom
17:49:37.285 [Thread-6] DEBUG spoon.Launcher - [INFO] Downloaded from google-maven-central: https://maven-central.storage-download.googleapis.com/maven2/net/minidev/json-smart/2.0-RC1/json-smart-2.0-RC1.pom (1.4 kB at 27 kB/s)
17:49:37.287 [Thread-6] DEBUG spoon.Launcher - [INFO] Downloading from google-maven-central: https://maven-central.storage-download.googleapis.com/maven2/net/minidev/parent/2.0-RC1/parent-2.0-RC1.pom
17:49:37.297 [Thread-6] DEBUG spoon.Launcher - [INFO] Downloaded from google-maven-central: https://maven-central.storage-download.googleapis.com/maven2/net/minidev/parent/2.0-RC1/parent-2.0-RC1.pom (11 kB at 1.8 MB/s)
17:49:37.297 [Thread-6] DEBUG spoon.Launcher - [INFO] Downloading from google-maven-central: https://maven-central.storage-download.googleapis.com/maven2/net/minidev/asm/1.0-RC1/asm-1.0-RC1.pom
17:49:37.302 [Thread-6] DEBUG spoon.Launcher - [INFO] Downloaded from google-maven-central: https://maven-central.storage-download.googleapis.com/maven2/net/minidev/asm/1.0-RC1/asm-1.0-RC1.pom (1.6 kB at 313 kB/s)
17:49:37.306 [Thread-6] DEBUG spoon.Launcher - [INFO] Downloading from google-maven-central: https://maven-central.storage-download.googleapis.com/maven2/net/minidev/json-smart/2.0-RC2/json-smart-2.0-RC2.pom
17:49:37.310 [Thread-6] DEBUG spoon.Launcher - [INFO] Downloaded from google-maven-central: https://maven-central.storage-download.googleapis.com/maven2/net/minidev/json-smart/2.0-RC2/json-smart-2.0-RC2.pom (1.4 kB at 284 kB/s)
17:49:37.313 [Thread-6] DEBUG spoon.Launcher - [INFO] Downloading from google-maven-central: https://maven-central.storage-download.googleapis.com/maven2/net/minidev/parent/2.0-RC2/parent-2.0-RC2.pom
17:49:37.318 [Thread-6] DEBUG spoon.Launcher - [INFO] Downloaded from google-maven-central: https://maven-central.storage-download.googleapis.com/maven2/net/minidev/parent/2.0-RC2/parent-2.0-RC2.pom (11 kB at 1.8 MB/s)
17:49:37.327 [Thread-6] DEBUG spoon.Launcher - [INFO] Downloading from google-maven-central: https://maven-central.storage-download.googleapis.com/maven2/net/minidev/json-smart/2.0-RC3/json-smart-2.0-RC3.pom
17:49:37.370 [Thread-6] DEBUG spoon.Launcher - [INFO] Downloaded from google-maven-central: https://maven-central.storage-download.googleapis.com/maven2/net/minidev/json-smart/2.0-RC3/json-smart-2.0-RC3.pom (1.4 kB at 33 kB/s)
17:49:37.372 [Thread-6] DEBUG spoon.Launcher - [INFO] Downloading from google-maven-central: https://maven-central.storage-download.googleapis.com/maven2/net/minidev/parent/2.0-RC3/parent-2.0-RC3.pom
17:49:37.384 [Thread-6] DEBUG spoon.Launcher - [INFO] Downloaded from google-maven-central: https://maven-central.storage-download.googleapis.com/maven2/net/minidev/parent/2.0-RC3/parent-2.0-RC3.pom (8.4 kB at 763 kB/s)
17:49:37.388 [Thread-6] DEBUG spoon.Launcher - [INFO] Downloading from google-maven-central: https://maven-central.storage-download.googleapis.com/maven2/net/minidev/asm/1.0-RC3/asm-1.0-RC3.pom
17:49:37.435 [Thread-6] DEBUG spoon.Launcher - [INFO] Downloaded from google-maven-central: https://maven-central.storage-download.googleapis.com/maven2/net/minidev/asm/1.0-RC3/asm-1.0-RC3.pom (1.6 kB at 33 kB/s)
17:49:37.443 [Thread-6] DEBUG spoon.Launcher - [INFO] Downloading from google-maven-central: https://maven-central.storage-download.googleapis.com/maven2/net/minidev/json-smart/2.0/json-smart-2.0.pom
17:49:37.455 [Thread-6] DEBUG spoon.Launcher - [INFO] Downloaded from google-maven-central: https://maven-central.storage-download.googleapis.com/maven2/net/minidev/json-smart/2.0/json-smart-2.0.pom (1.4 kB at 142 kB/s)
17:49:37.459 [Thread-6] DEBUG spoon.Launcher - [INFO] Downloading from google-maven-central: https://maven-central.storage-download.googleapis.com/maven2/net/minidev/parent/2.0/parent-2.0.pom
17:49:37.468 [Thread-6] DEBUG spoon.Launcher - [INFO] Downloaded from google-maven-central: https://maven-central.storage-download.googleapis.com/maven2/net/minidev/parent/2.0/parent-2.0.pom (8.6 kB at 954 kB/s)
17:49:37.476 [Thread-6] DEBUG spoon.Launcher - [INFO] Downloading from google-maven-central: https://maven-central.storage-download.googleapis.com/maven2/net/minidev/asm/1.0/asm-1.0.pom
17:49:37.491 [Thread-6] DEBUG spoon.Launcher - [INFO] Downloaded from google-maven-central: https://maven-central.storage-download.googleapis.com/maven2/net/minidev/asm/1.0/asm-1.0.pom (1.6 kB at 229 kB/s)
17:49:37.497 [Thread-6] DEBUG spoon.Launcher - [INFO] Downloading from google-maven-central: https://maven-central.storage-download.googleapis.com/maven2/net/minidev/json-smart/2.1.0/json-smart-2.1.0.pom
17:49:37.502 [Thread-6] DEBUG spoon.Launcher - [INFO] Downloaded from google-maven-central: https://maven-central.storage-download.googleapis.com/maven2/net/minidev/json-smart/2.1.0/json-smart-2.1.0.pom (2.2 kB at 432 kB/s)
17:49:37.504 [Thread-6] DEBUG spoon.Launcher - [INFO] Downloading from google-maven-central: https://maven-central.storage-download.googleapis.com/maven2/net/minidev/parent/2.1.0/parent-2.1.0.pom
17:49:37.508 [Thread-6] DEBUG spoon.Launcher - [INFO] Downloaded from google-maven-central: https://maven-central.storage-download.googleapis.com/maven2/net/minidev/parent/2.1.0/parent-2.1.0.pom (8.6 kB at 2.2 MB/s)
17:49:37.512 [Thread-6] DEBUG spoon.Launcher - [INFO] Downloading from google-maven-central: https://maven-central.storage-download.googleapis.com/maven2/net/minidev/asm/1.0.2/asm-1.0.2.pom
17:49:37.517 [Thread-6] DEBUG spoon.Launcher - [INFO] Downloaded from google-maven-central: https://maven-central.storage-download.googleapis.com/maven2/net/minidev/asm/1.0.2/asm-1.0.2.pom (1.8 kB at 447 kB/s)
17:49:37.520 [Thread-6] DEBUG spoon.Launcher - [INFO] Downloading from google-maven-central: https://maven-central.storage-download.googleapis.com/maven2/net/minidev/json-smart/2.1.1/json-smart-2.1.1.pom
17:49:37.524 [Thread-6] DEBUG spoon.Launcher - [INFO] Downloaded from google-maven-central: https://maven-central.storage-download.googleapis.com/maven2/net/minidev/json-smart/2.1.1/json-smart-2.1.1.pom (2.2 kB at 441 kB/s)
17:49:37.528 [Thread-6] DEBUG spoon.Launcher - [INFO] Downloading from google-maven-central: https://maven-central.storage-download.googleapis.com/maven2/net/minidev/json-smart/2.2/json-smart-2.2.pom
17:49:37.532 [Thread-6] DEBUG spoon.Launcher - [INFO] Downloaded from google-maven-central: https://maven-central.storage-download.googleapis.com/maven2/net/minidev/json-smart/2.2/json-smart-2.2.pom (2.3 kB at 579 kB/s)
17:49:37.534 [Thread-6] DEBUG spoon.Launcher - [INFO] Downloading from google-maven-central: https://maven-central.storage-download.googleapis.com/maven2/net/minidev/minidev-parent/2.2/minidev-parent-2.2.pom
17:49:37.541 [Thread-6] DEBUG spoon.Launcher - [INFO] Downloaded from google-maven-central: https://maven-central.storage-download.googleapis.com/maven2/net/minidev/minidev-parent/2.2/minidev-parent-2.2.pom (9.1 kB at 1.5 MB/s)
17:49:37.544 [Thread-6] DEBUG spoon.Launcher - [INFO] Downloading from google-maven-central: https://maven-central.storage-download.googleapis.com/maven2/net/minidev/accessors-smart/1.1/accessors-smart-1.1.pom
17:49:37.549 [Thread-6] DEBUG spoon.Launcher - [INFO] Downloaded from google-maven-central: https://maven-central.storage-download.googleapis.com/maven2/net/minidev/accessors-smart/1.1/accessors-smart-1.1.pom (2.1 kB at 418 kB/s)
17:49:37.552 [Thread-6] DEBUG spoon.Launcher - [INFO] Downloading from google-maven-central: https://maven-central.storage-download.googleapis.com/maven2/org/ow2/asm/asm/5.0.3/asm-5.0.3.pom
17:49:37.556 [Thread-6] DEBUG spoon.Launcher - [INFO] Downloaded from google-maven-central: https://maven-central.storage-download.googleapis.com/maven2/org/ow2/asm/asm/5.0.3/asm-5.0.3.pom (1.9 kB at 387 kB/s)
17:49:37.559 [Thread-6] DEBUG spoon.Launcher - [INFO] Downloading from google-maven-central: https://maven-central.storage-download.googleapis.com/maven2/org/ow2/asm/asm-parent/5.0.3/asm-parent-5.0.3.pom
17:49:37.563 [Thread-6] DEBUG spoon.Launcher - [INFO] Downloaded from google-maven-central: https://maven-central.storage-download.googleapis.com/maven2/org/ow2/asm/asm-parent/5.0.3/asm-parent-5.0.3.pom (5.5 kB at 1.1 MB/s)
17:49:37.566 [Thread-6] DEBUG spoon.Launcher - [INFO] Downloading from google-maven-central: https://maven-central.storage-download.googleapis.com/maven2/org/ow2/ow2/1.3/ow2-1.3.pom
17:49:37.572 [Thread-6] DEBUG spoon.Launcher - [INFO] Downloaded from google-maven-central: https://maven-central.storage-download.googleapis.com/maven2/org/ow2/ow2/1.3/ow2-1.3.pom (9.5 kB at 1.6 MB/s)
17:49:37.575 [Thread-6] DEBUG spoon.Launcher - [INFO] Downloading from google-maven-central: https://maven-central.storage-download.googleapis.com/maven2/net/minidev/json-smart/2.2.1/json-smart-2.2.1.pom
17:49:37.581 [Thread-6] DEBUG spoon.Launcher - [INFO] Downloaded from google-maven-central: https://maven-central.storage-download.googleapis.com/maven2/net/minidev/json-smart/2.2.1/json-smart-2.2.1.pom (12 kB at 2.4 MB/s)
17:49:37.583 [Thread-6] DEBUG spoon.Launcher - [INFO] Downloading from google-maven-central: https://maven-central.storage-download.googleapis.com/maven2/net/minidev/json-smart/2.3/json-smart-2.3.pom
17:49:37.588 [Thread-6] DEBUG spoon.Launcher - [INFO] Downloaded from google-maven-central: https://maven-central.storage-download.googleapis.com/maven2/net/minidev/json-smart/2.3/json-smart-2.3.pom (9.0 kB at 2.3 MB/s)
17:49:37.590 [Thread-6] DEBUG spoon.Launcher - [INFO] Downloading from google-maven-central: https://maven-central.storage-download.googleapis.com/maven2/net/minidev/minidev-parent/2.3/minidev-parent-2.3.pom
17:49:37.601 [Thread-6] DEBUG spoon.Launcher - [INFO] Downloaded from google-maven-central: https://maven-central.storage-download.googleapis.com/maven2/net/minidev/minidev-parent/2.3/minidev-parent-2.3.pom (8.5 kB at 942 kB/s)
17:49:37.605 [Thread-6] DEBUG spoon.Launcher - [INFO] Downloading from google-maven-central: https://maven-central.storage-download.googleapis.com/maven2/net/minidev/accessors-smart/1.2/accessors-smart-1.2.pom
17:49:37.610 [Thread-6] DEBUG spoon.Launcher - [INFO] Downloaded from google-maven-central: https://maven-central.storage-download.googleapis.com/maven2/net/minidev/accessors-smart/1.2/accessors-smart-1.2.pom (12 kB at 2.3 MB/s)
17:49:37.612 [Thread-6] DEBUG spoon.Launcher - [INFO] Downloading from google-maven-central: https://maven-central.storage-download.googleapis.com/maven2/org/ow2/asm/asm/5.0.4/asm-5.0.4.pom
17:49:37.616 [Thread-6] DEBUG spoon.Launcher - [INFO] Downloaded from google-maven-central: https://maven-central.storage-download.googleapis.com/maven2/org/ow2/asm/asm/5.0.4/asm-5.0.4.pom (1.9 kB at 484 kB/s)
17:49:37.618 [Thread-6] DEBUG spoon.Launcher - [INFO] Downloading from google-maven-central: https://maven-central.storage-download.googleapis.com/maven2/org/ow2/asm/asm-parent/5.0.4/asm-parent-5.0.4.pom
17:49:37.621 [Thread-6] DEBUG spoon.Launcher - [INFO] Downloaded from google-maven-central: https://maven-central.storage-download.googleapis.com/maven2/org/ow2/asm/asm-parent/5.0.4/asm-parent-5.0.4.pom (5.5 kB at 1.4 MB/s)
17:49:37.625 [Thread-6] DEBUG spoon.Launcher - [INFO] Downloading from sonatype: https://oss.sonatype.org/content/repositories/releases/com/nimbusds/lang-tag/maven-metadata.xml
17:49:37.626 [Thread-6] DEBUG spoon.Launcher - [INFO] Downloading from sonatype-snapshots: https://oss.sonatype.org/content/repositories/snapshots/com/nimbusds/lang-tag/maven-metadata.xml
17:49:37.627 [Thread-6] DEBUG spoon.Launcher - [INFO] Downloading from google-maven-central: https://maven-central.storage-download.googleapis.com/maven2/com/nimbusds/lang-tag/maven-metadata.xml
17:49:37.631 [Thread-6] DEBUG spoon.Launcher - [INFO] Downloading from sonatype-apache: https://repository.apache.org/content/repositories/releases/com/nimbusds/lang-tag/maven-metadata.xml
17:49:37.672 [Thread-6] DEBUG spoon.Launcher - [INFO] Downloading from apache-snapshots: https://repository.apache.org/snapshots/com/nimbusds/lang-tag/maven-metadata.xml
17:49:37.689 [Thread-6] DEBUG spoon.Launcher - [INFO] Downloaded from google-maven-central: https://maven-central.storage-download.googleapis.com/maven2/com/nimbusds/lang-tag/maven-metadata.xml (563 B at 8.7 kB/s)
17:49:37.690 [Thread-6] DEBUG spoon.Launcher - [INFO] Downloading from sonatype-nexus-snapshots: https://oss.sonatype.org/content/repositories/snapshots/com/nimbusds/lang-tag/maven-metadata.xml
17:49:37.752 [Thread-6] DEBUG spoon.Launcher - [INFO] Downloaded from sonatype: https://oss.sonatype.org/content/repositories/releases/com/nimbusds/lang-tag/maven-metadata.xml (563 B at 4.4 kB/s)
17:49:38.033 [Thread-6] DEBUG spoon.Launcher - [INFO] Downloading from google-maven-central: https://maven-central.storage-download.googleapis.com/maven2/com/nimbusds/lang-tag/1.4.3/lang-tag-1.4.3.pom
17:49:38.356 [Thread-6] DEBUG spoon.Launcher - [INFO] Downloaded from google-maven-central: https://maven-central.storage-download.googleapis.com/maven2/com/nimbusds/lang-tag/1.4.3/lang-tag-1.4.3.pom (7.5 kB at 23 kB/s)
17:49:38.360 [Thread-6] DEBUG spoon.Launcher - [INFO] Downloading from google-maven-central: https://maven-central.storage-download.googleapis.com/maven2/com/nimbusds/lang-tag/1.4.4/lang-tag-1.4.4.pom
17:49:38.364 [Thread-6] DEBUG spoon.Launcher - [INFO] Downloaded from google-maven-central: https://maven-central.storage-download.googleapis.com/maven2/com/nimbusds/lang-tag/1.4.4/lang-tag-1.4.4.pom (9.5 kB at 1.9 MB/s)
17:49:38.368 [Thread-6] DEBUG spoon.Launcher - [INFO] Downloading from google-maven-central: https://maven-central.storage-download.googleapis.com/maven2/com/nimbusds/lang-tag/1.5/lang-tag-1.5.pom
17:49:38.544 [Thread-6] DEBUG spoon.Launcher - [INFO] Downloaded from google-maven-central: https://maven-central.storage-download.googleapis.com/maven2/com/nimbusds/lang-tag/1.5/lang-tag-1.5.pom (9.2 kB at 52 kB/s)
17:49:38.547 [Thread-6] DEBUG spoon.Launcher - [INFO] Downloading from google-maven-central: https://maven-central.storage-download.googleapis.com/maven2/com/nimbusds/nimbus-jose-jwt/4.35/nimbus-jose-jwt-4.35.pom
17:49:38.802 [Thread-6] DEBUG spoon.Launcher - [INFO] Downloaded from google-maven-central: https://maven-central.storage-download.googleapis.com/maven2/com/nimbusds/nimbus-jose-jwt/4.35/nimbus-jose-jwt-4.35.pom (13 kB at 51 kB/s)
17:49:38.812 [Thread-6] DEBUG spoon.Launcher - [INFO] Downloading from google-maven-central: https://maven-central.storage-download.googleapis.com/maven2/org/bouncycastle/bcpkix-jdk15on/1.55/bcpkix-jdk15on-1.55.pom
17:49:38.936 [Thread-6] DEBUG spoon.Launcher - [INFO] Downloaded from google-maven-central: https://maven-central.storage-download.googleapis.com/maven2/org/bouncycastle/bcpkix-jdk15on/1.55/bcpkix-jdk15on-1.55.pom (1.5 kB at 12 kB/s)
17:49:38.939 [Thread-6] DEBUG spoon.Launcher - [INFO] Downloading from google-maven-central: https://maven-central.storage-download.googleapis.com/maven2/org/bouncycastle/bcprov-jdk15on/1.55/bcprov-jdk15on-1.55.pom
17:49:39.139 [Thread-6] DEBUG spoon.Launcher - [INFO] Downloaded from google-maven-central: https://maven-central.storage-download.googleapis.com/maven2/org/bouncycastle/bcprov-jdk15on/1.55/bcprov-jdk15on-1.55.pom (1.2 kB at 5.8 kB/s)
17:49:39.143 [Thread-6] DEBUG spoon.Launcher - [INFO] Downloading from google-maven-central: https://maven-central.storage-download.googleapis.com/maven2/org/pac4j/pac4j-ldap/3.0.0/pac4j-ldap-3.0.0.pom
17:49:39.344 [Thread-6] DEBUG spoon.Launcher - [INFO] Downloaded from google-maven-central: https://maven-central.storage-download.googleapis.com/maven2/org/pac4j/pac4j-ldap/3.0.0/pac4j-ldap-3.0.0.pom (3.7 kB at 18 kB/s)
17:49:39.349 [Thread-6] DEBUG spoon.Launcher - [INFO] Downloading from google-maven-central: https://maven-central.storage-download.googleapis.com/maven2/org/ldaptive/ldaptive/1.2.3/ldaptive-1.2.3.pom
17:49:39.564 [Thread-6] DEBUG spoon.Launcher - [INFO] Downloaded from google-maven-central: https://maven-central.storage-download.googleapis.com/maven2/org/ldaptive/ldaptive/1.2.3/ldaptive-1.2.3.pom (1.1 kB at 5.0 kB/s)
17:49:39.568 [Thread-6] DEBUG spoon.Launcher - [INFO] Downloading from google-maven-central: https://maven-central.storage-download.googleapis.com/maven2/org/ldaptive/ldaptive-parent/1.2.3/ldaptive-parent-1.2.3.pom
17:49:39.777 [Thread-6] DEBUG spoon.Launcher - [INFO] Downloaded from google-maven-central: https://maven-central.storage-download.googleapis.com/maven2/org/ldaptive/ldaptive-parent/1.2.3/ldaptive-parent-1.2.3.pom (20 kB at 94 kB/s)
17:49:39.784 [Thread-6] DEBUG spoon.Launcher - [INFO] Downloading from google-maven-central: https://maven-central.storage-download.googleapis.com/maven2/commons-cli/commons-cli/1.4/commons-cli-1.4.pom
17:49:39.789 [Thread-6] DEBUG spoon.Launcher - [INFO] Downloaded from google-maven-central: https://maven-central.storage-download.googleapis.com/maven2/commons-cli/commons-cli/1.4/commons-cli-1.4.pom (11 kB at 2.1 MB/s)
17:49:39.793 [Thread-6] DEBUG spoon.Launcher - [INFO] Downloading from google-maven-central: https://maven-central.storage-download.googleapis.com/maven2/org/pac4j/pac4j-http/3.0.0/pac4j-http-3.0.0.pom
17:49:40.191 [Thread-6] DEBUG spoon.Launcher - [INFO] Downloaded from google-maven-central: https://maven-central.storage-download.googleapis.com/maven2/org/pac4j/pac4j-http/3.0.0/pac4j-http-3.0.0.pom (4.3 kB at 11 kB/s)
17:49:40.196 [Thread-6] DEBUG spoon.Launcher - [INFO] Downloading from google-maven-central: https://maven-central.storage-download.googleapis.com/maven2/com/zaxxer/HikariCP/2.6.1/HikariCP-2.6.1.pom
17:49:40.295 [Thread-6] DEBUG spoon.Launcher - [INFO] Downloaded from google-maven-central: https://maven-central.storage-download.googleapis.com/maven2/com/zaxxer/HikariCP/2.6.1/HikariCP-2.6.1.pom (18 kB at 183 kB/s)
17:49:40.300 [Thread-6] DEBUG spoon.Launcher - [INFO] Downloading from google-maven-central: https://maven-central.storage-download.googleapis.com/maven2/org/pac4j/pac4j-sql/3.0.0/pac4j-sql-3.0.0.pom
17:49:40.550 [Thread-6] DEBUG spoon.Launcher - [INFO] Downloaded from google-maven-central: https://maven-central.storage-download.googleapis.com/maven2/org/pac4j/pac4j-sql/3.0.0/pac4j-sql-3.0.0.pom (3.8 kB at 15 kB/s)
17:49:40.553 [Thread-6] DEBUG spoon.Launcher - [INFO] Downloading from google-maven-central: https://maven-central.storage-download.googleapis.com/maven2/org/jdbi/jdbi/2.78/jdbi-2.78.pom
17:49:40.744 [Thread-6] DEBUG spoon.Launcher - [INFO] Downloaded from google-maven-central: https://maven-central.storage-download.googleapis.com/maven2/org/jdbi/jdbi/2.78/jdbi-2.78.pom (11 kB at 58 kB/s)
17:49:40.747 [Thread-6] DEBUG spoon.Launcher - [INFO] Downloading from google-maven-central: https://maven-central.storage-download.googleapis.com/maven2/org/basepom/basepom-oss/19/basepom-oss-19.pom
17:49:40.829 [Thread-6] DEBUG spoon.Launcher - [INFO] Downloaded from google-maven-central: https://maven-central.storage-download.googleapis.com/maven2/org/basepom/basepom-oss/19/basepom-oss-19.pom (9.6 kB at 118 kB/s)
17:49:40.831 [Thread-6] DEBUG spoon.Launcher - [INFO] Downloading from google-maven-central: https://maven-central.storage-download.googleapis.com/maven2/org/basepom/basepom-minimal/19/basepom-minimal-19.pom
17:49:40.913 [Thread-6] DEBUG spoon.Launcher - [INFO] Downloaded from google-maven-central: https://maven-central.storage-download.googleapis.com/maven2/org/basepom/basepom-minimal/19/basepom-minimal-19.pom (12 kB at 141 kB/s)
17:49:40.915 [Thread-6] DEBUG spoon.Launcher - [INFO] Downloading from google-maven-central: https://maven-central.storage-download.googleapis.com/maven2/org/basepom/basepom-foundation/19/basepom-foundation-19.pom
17:49:41.054 [Thread-6] DEBUG spoon.Launcher - [INFO] Downloaded from google-maven-central: https://maven-central.storage-download.googleapis.com/maven2/org/basepom/basepom-foundation/19/basepom-foundation-19.pom (47 kB at 340 kB/s)
17:49:41.059 [Thread-6] DEBUG spoon.Launcher - [INFO] Downloading from google-maven-central: https://maven-central.storage-download.googleapis.com/maven2/org/springframework/security/spring-security-crypto/4.2.2.RELEASE/spring-security-crypto-4.2.2.RELEASE.pom
17:49:41.235 [Thread-6] DEBUG spoon.Launcher - [INFO] Downloaded from google-maven-central: https://maven-central.storage-download.googleapis.com/maven2/org/springframework/security/spring-security-crypto/4.2.2.RELEASE/spring-security-crypto-4.2.2.RELEASE.pom (3.4 kB at 19 kB/s)
17:49:41.239 [Thread-6] DEBUG spoon.Launcher - [INFO] Downloading from google-maven-central: https://maven-central.storage-download.googleapis.com/maven2/org/springframework/spring-framework-bom/4.3.5.RELEASE/spring-framework-bom-4.3.5.RELEASE.pom
17:49:41.359 [Thread-6] DEBUG spoon.Launcher - [INFO] Downloaded from google-maven-central: https://maven-central.storage-download.googleapis.com/maven2/org/springframework/spring-framework-bom/4.3.5.RELEASE/spring-framework-bom-4.3.5.RELEASE.pom (5.1 kB at 42 kB/s)
17:49:41.362 [Thread-6] DEBUG spoon.Launcher - [INFO] Downloading from google-maven-central: https://maven-central.storage-download.googleapis.com/maven2/org/apache/shiro/shiro-core/1.3.2/shiro-core-1.3.2.pom
17:49:41.592 [Thread-6] DEBUG spoon.Launcher - [INFO] Downloaded from google-maven-central: https://maven-central.storage-download.googleapis.com/maven2/org/apache/shiro/shiro-core/1.3.2/shiro-core-1.3.2.pom (4.2 kB at 18 kB/s)
17:49:41.595 [Thread-6] DEBUG spoon.Launcher - [INFO] Downloading from google-maven-central: https://maven-central.storage-download.googleapis.com/maven2/org/apache/shiro/shiro-root/1.3.2/shiro-root-1.3.2.pom
17:49:41.777 [Thread-6] DEBUG spoon.Launcher - [INFO] Downloaded from google-maven-central: https://maven-central.storage-download.googleapis.com/maven2/org/apache/shiro/shiro-root/1.3.2/shiro-root-1.3.2.pom (46 kB at 253 kB/s)
17:49:41.782 [Thread-6] DEBUG spoon.Launcher - [INFO] Downloading from google-maven-central: https://maven-central.storage-download.googleapis.com/maven2/commons-beanutils/commons-beanutils/1.8.3/commons-beanutils-1.8.3.pom
17:49:41.787 [Thread-6] DEBUG spoon.Launcher - [INFO] Downloaded from google-maven-central: https://maven-central.storage-download.googleapis.com/maven2/commons-beanutils/commons-beanutils/1.8.3/commons-beanutils-1.8.3.pom (11 kB at 1.9 MB/s)
17:49:41.790 [Thread-6] DEBUG spoon.Launcher - [INFO] Downloading from google-maven-central: https://maven-central.storage-download.googleapis.com/maven2/org/apache/commons/commons-parent/14/commons-parent-14.pom
17:49:41.796 [Thread-6] DEBUG spoon.Launcher - [INFO] Downloaded from google-maven-central: https://maven-central.storage-download.googleapis.com/maven2/org/apache/commons/commons-parent/14/commons-parent-14.pom (31 kB at 4.5 MB/s)
17:49:41.802 [Thread-6] DEBUG spoon.Launcher - [INFO] Downloading from google-maven-central: https://maven-central.storage-download.googleapis.com/maven2/junit/junit/4.12/junit-4.12.pom
17:49:41.807 [Thread-6] DEBUG spoon.Launcher - [INFO] Downloaded from google-maven-central: https://maven-central.storage-download.googleapis.com/maven2/junit/junit/4.12/junit-4.12.pom (24 kB at 4.7 MB/s)
17:49:41.811 [Thread-6] DEBUG spoon.Launcher - [INFO] Downloading from google-maven-central: https://maven-central.storage-download.googleapis.com/maven2/ch/qos/logback/logback-classic/1.2.2/logback-classic-1.2.2.pom
17:49:42.055 [Thread-6] DEBUG spoon.Launcher - [INFO] Downloaded from google-maven-central: https://maven-central.storage-download.googleapis.com/maven2/ch/qos/logback/logback-classic/1.2.2/logback-classic-1.2.2.pom (13 kB at 53 kB/s)
17:49:42.058 [Thread-6] DEBUG spoon.Launcher - [INFO] Downloading from google-maven-central: https://maven-central.storage-download.googleapis.com/maven2/ch/qos/logback/logback-parent/1.2.2/logback-parent-1.2.2.pom
17:49:42.274 [Thread-6] DEBUG spoon.Launcher - [INFO] Downloaded from google-maven-central: https://maven-central.storage-download.googleapis.com/maven2/ch/qos/logback/logback-parent/1.2.2/logback-parent-1.2.2.pom (18 kB at 84 kB/s)
17:49:42.277 [Thread-6] DEBUG spoon.Launcher - [INFO] Downloading from google-maven-central: https://maven-central.storage-download.googleapis.com/maven2/ch/qos/logback/logback-core/1.2.2/logback-core-1.2.2.pom
17:49:42.451 [Thread-6] DEBUG spoon.Launcher - [INFO] Downloaded from google-maven-central: https://maven-central.storage-download.googleapis.com/maven2/ch/qos/logback/logback-core/1.2.2/logback-core-1.2.2.pom (4.2 kB at 24 kB/s)
17:49:42.455 [Thread-6] DEBUG spoon.Launcher - [INFO] Downloading from google-maven-central: https://maven-central.storage-download.googleapis.com/maven2/com/unboundid/unboundid-ldapsdk/3.2.1/unboundid-ldapsdk-3.2.1.pom
17:49:42.846 [Thread-6] DEBUG spoon.Launcher - [INFO] Downloaded from google-maven-central: https://maven-central.storage-download.googleapis.com/maven2/com/unboundid/unboundid-ldapsdk/3.2.1/unboundid-ldapsdk-3.2.1.pom (3.1 kB at 7.9 kB/s)
17:49:42.867 [Thread-6] DEBUG spoon.Launcher - [INFO] Downloading from google-maven-central: https://maven-central.storage-download.googleapis.com/maven2/org/pac4j/pac4j-core/3.0.0/pac4j-core-3.0.0.jar
17:49:42.868 [Thread-6] DEBUG spoon.Launcher - [INFO] Downloading from google-maven-central: https://maven-central.storage-download.googleapis.com/maven2/org/pac4j/pac4j-cas/3.0.0/pac4j-cas-3.0.0.jar
17:49:42.872 [Thread-6] DEBUG spoon.Launcher - [INFO] Downloading from google-maven-central: https://maven-central.storage-download.googleapis.com/maven2/org/jasig/cas/client/cas-client-support-saml/3.5.0/cas-client-support-saml-3.5.0.jar
17:49:42.879 [Thread-6] DEBUG spoon.Launcher - [INFO] Downloading from google-maven-central: https://maven-central.storage-download.googleapis.com/maven2/com/google/guava/guava/21.0/guava-21.0.jar
17:49:42.880 [Thread-6] DEBUG spoon.Launcher - [INFO] Downloading from google-maven-central: https://maven-central.storage-download.googleapis.com/maven2/org/jasig/cas/client/cas-client-core/3.5.0/cas-client-core-3.5.0.jar
17:49:43.003 [Thread-6] DEBUG spoon.Launcher - [INFO] Downloaded from google-maven-central: https://maven-central.storage-download.googleapis.com/maven2/org/jasig/cas/client/cas-client-core/3.5.0/cas-client-core-3.5.0.jar (150 kB at 1.1 MB/s)
17:49:43.003 [Thread-6] DEBUG spoon.Launcher - [INFO] Downloading from google-maven-central: https://maven-central.storage-download.googleapis.com/maven2/org/pac4j/pac4j-saml/3.0.0/pac4j-saml-3.0.0.jar
17:49:43.042 [Thread-6] DEBUG spoon.Launcher - [INFO] Downloaded from google-maven-central: https://maven-central.storage-download.googleapis.com/maven2/org/jasig/cas/client/cas-client-support-saml/3.5.0/cas-client-support-saml-3.5.0.jar (12 kB at 73 kB/s)
17:49:43.043 [Thread-6] DEBUG spoon.Launcher - [INFO] Downloading from google-maven-central: https://maven-central.storage-download.googleapis.com/maven2/org/opensaml/opensaml-core/3.3.1/opensaml-core-3.3.1.jar
17:49:43.061 [Thread-6] DEBUG spoon.Launcher - [INFO] Downloaded from google-maven-central: https://maven-central.storage-download.googleapis.com/maven2/com/google/guava/guava/21.0/guava-21.0.jar (2.5 MB at 13 MB/s)
17:49:43.062 [Thread-6] DEBUG spoon.Launcher - [INFO] Downloading from google-maven-central: https://maven-central.storage-download.googleapis.com/maven2/io/dropwizard/metrics/metrics-core/3.1.2/metrics-core-3.1.2.jar
17:49:43.084 [Thread-6] DEBUG spoon.Launcher - [INFO] Downloaded from google-maven-central: https://maven-central.storage-download.googleapis.com/maven2/org/pac4j/pac4j-cas/3.0.0/pac4j-cas-3.0.0.jar (43 kB at 197 kB/s)
17:49:43.085 [Thread-6] DEBUG spoon.Launcher - [INFO] Downloading from google-maven-central: https://maven-central.storage-download.googleapis.com/maven2/net/shibboleth/utilities/java-support/7.3.0/java-support-7.3.0.jar
17:49:43.213 [Thread-6] DEBUG spoon.Launcher - [INFO] Downloaded from google-maven-central: https://maven-central.storage-download.googleapis.com/maven2/org/pac4j/pac4j-core/3.0.0/pac4j-core-3.0.0.jar (198 kB at 571 kB/s)
17:49:43.213 [Thread-6] DEBUG spoon.Launcher - [INFO] Downloading from google-maven-central: https://maven-central.storage-download.googleapis.com/maven2/com/google/code/findbugs/jsr305/3.0.1/jsr305-3.0.1.jar
17:49:43.247 [Thread-6] DEBUG spoon.Launcher - [INFO] Downloaded from google-maven-central: https://maven-central.storage-download.googleapis.com/maven2/org/pac4j/pac4j-saml/3.0.0/pac4j-saml-3.0.0.jar (126 kB at 336 kB/s)
17:49:43.247 [Thread-6] DEBUG spoon.Launcher - [INFO] Downloading from google-maven-central: https://maven-central.storage-download.googleapis.com/maven2/org/opensaml/opensaml-saml-api/3.3.1/opensaml-saml-api-3.3.1.jar
17:49:43.256 [Thread-6] DEBUG spoon.Launcher - [INFO] Downloaded from google-maven-central: https://maven-central.storage-download.googleapis.com/maven2/io/dropwizard/metrics/metrics-core/3.1.2/metrics-core-3.1.2.jar (113 kB at 294 kB/s)
17:49:43.256 [Thread-6] DEBUG spoon.Launcher - [INFO] Downloading from google-maven-central: https://maven-central.storage-download.googleapis.com/maven2/org/opensaml/opensaml-storage-api/3.3.1/opensaml-storage-api-3.3.1.jar
17:49:43.262 [Thread-6] DEBUG spoon.Launcher - [INFO] Downloaded from google-maven-central: https://maven-central.storage-download.googleapis.com/maven2/net/shibboleth/utilities/java-support/7.3.0/java-support-7.3.0.jar (233 kB at 598 kB/s)
17:49:43.263 [Thread-6] DEBUG spoon.Launcher - [INFO] Downloading from google-maven-central: https://maven-central.storage-download.googleapis.com/maven2/org/opensaml/opensaml-saml-impl/3.3.1/opensaml-saml-impl-3.3.1.jar
17:49:43.274 [Thread-6] DEBUG spoon.Launcher - [INFO] Downloaded from google-maven-central: https://maven-central.storage-download.googleapis.com/maven2/org/opensaml/opensaml-core/3.3.1/opensaml-core-3.3.1.jar (178 kB at 444 kB/s)
17:49:43.274 [Thread-6] DEBUG spoon.Launcher - [INFO] Downloading from google-maven-central: https://maven-central.storage-download.googleapis.com/maven2/org/opensaml/opensaml-soap-impl/3.3.1/opensaml-soap-impl-3.3.1.jar
17:49:43.312 [Thread-6] DEBUG spoon.Launcher - [INFO] Downloaded from google-maven-central: https://maven-central.storage-download.googleapis.com/maven2/com/google/code/findbugs/jsr305/3.0.1/jsr305-3.0.1.jar (20 kB at 45 kB/s)
17:49:43.312 [Thread-6] DEBUG spoon.Launcher - [INFO] Downloading from google-maven-central: https://maven-central.storage-download.googleapis.com/maven2/org/apache/httpcomponents/httpclient/4.3.6/httpclient-4.3.6.jar
17:49:43.397 [Thread-6] DEBUG spoon.Launcher - [INFO] Downloaded from google-maven-central: https://maven-central.storage-download.googleapis.com/maven2/org/apache/httpcomponents/httpclient/4.3.6/httpclient-4.3.6.jar (592 kB at 1.1 MB/s)
17:49:43.398 [Thread-6] DEBUG spoon.Launcher - [INFO] Downloading from google-maven-central: https://maven-central.storage-download.googleapis.com/maven2/org/apache/httpcomponents/httpcore/4.3.3/httpcore-4.3.3.jar
17:49:43.399 [Thread-6] DEBUG spoon.Launcher - [INFO] Downloaded from google-maven-central: https://maven-central.storage-download.googleapis.com/maven2/org/opensaml/opensaml-storage-api/3.3.1/opensaml-storage-api-3.3.1.jar (24 kB at 45 kB/s)
17:49:43.400 [Thread-6] DEBUG spoon.Launcher - [INFO] Downloading from google-maven-central: https://maven-central.storage-download.googleapis.com/maven2/org/opensaml/opensaml-soap-api/3.3.1/opensaml-soap-api-3.3.1.jar
17:49:43.439 [Thread-6] DEBUG spoon.Launcher - [INFO] Downloaded from google-maven-central: https://maven-central.storage-download.googleapis.com/maven2/org/opensaml/opensaml-soap-impl/3.3.1/opensaml-soap-impl-3.3.1.jar (401 kB at 707 kB/s)
17:49:43.439 [Thread-6] DEBUG spoon.Launcher - [INFO] Downloading from google-maven-central: https://maven-central.storage-download.googleapis.com/maven2/org/opensaml/opensaml-xmlsec-api/3.3.1/opensaml-xmlsec-api-3.3.1.jar
17:49:43.458 [Thread-6] DEBUG spoon.Launcher - [INFO] Downloaded from google-maven-central: https://maven-central.storage-download.googleapis.com/maven2/org/apache/httpcomponents/httpcore/4.3.3/httpcore-4.3.3.jar (283 kB at 483 kB/s)
17:49:43.458 [Thread-6] DEBUG spoon.Launcher - [INFO] Downloading from google-maven-central: https://maven-central.storage-download.googleapis.com/maven2/org/opensaml/opensaml-security-api/3.3.1/opensaml-security-api-3.3.1.jar
17:49:43.498 [Thread-6] DEBUG spoon.Launcher - [INFO] Downloaded from google-maven-central: https://maven-central.storage-download.googleapis.com/maven2/org/opensaml/opensaml-saml-impl/3.3.1/opensaml-saml-impl-3.3.1.jar (1.1 MB at 1.8 MB/s)
17:49:43.498 [Thread-6] DEBUG spoon.Launcher - [INFO] Downloading from google-maven-central: https://maven-central.storage-download.googleapis.com/maven2/org/apache/santuario/xmlsec/2.0.5/xmlsec-2.0.5.jar
17:49:43.538 [Thread-6] DEBUG spoon.Launcher - [INFO] Downloaded from google-maven-central: https://maven-central.storage-download.googleapis.com/maven2/org/opensaml/opensaml-saml-api/3.3.1/opensaml-saml-api-3.3.1.jar (400 kB at 601 kB/s)
17:49:43.539 [Thread-6] DEBUG spoon.Launcher - [INFO] Downloading from google-maven-central: https://maven-central.storage-download.googleapis.com/maven2/org/codehaus/woodstox/woodstox-core-asl/4.4.1/woodstox-core-asl-4.4.1.jar
17:49:43.562 [Thread-6] DEBUG spoon.Launcher - [INFO] Downloaded from google-maven-central: https://maven-central.storage-download.googleapis.com/maven2/org/codehaus/woodstox/woodstox-core-asl/4.4.1/woodstox-core-asl-4.4.1.jar (486 kB at 705 kB/s)
17:49:43.562 [Thread-6] DEBUG spoon.Launcher - [INFO] Downloading from google-maven-central: https://maven-central.storage-download.googleapis.com/maven2/javax/xml/stream/stax-api/1.0-2/stax-api-1.0-2.jar
17:49:43.569 [Thread-6] DEBUG spoon.Launcher - [INFO] Downloaded from google-maven-central: https://maven-central.storage-download.googleapis.com/maven2/javax/xml/stream/stax-api/1.0-2/stax-api-1.0-2.jar (23 kB at 34 kB/s)
17:49:43.570 [Thread-6] DEBUG spoon.Launcher - [INFO] Downloading from google-maven-central: https://maven-central.storage-download.googleapis.com/maven2/org/codehaus/woodstox/stax2-api/3.1.4/stax2-api-3.1.4.jar
17:49:43.580 [Thread-6] DEBUG spoon.Launcher - [INFO] Downloaded from google-maven-central: https://maven-central.storage-download.googleapis.com/maven2/org/opensaml/opensaml-soap-api/3.3.1/opensaml-soap-api-3.3.1.jar (162 kB at 229 kB/s)
17:49:43.581 [Thread-6] DEBUG spoon.Launcher - [INFO] Downloading from google-maven-central: https://maven-central.storage-download.googleapis.com/maven2/org/bouncycastle/bcprov-jdk15on/1.54/bcprov-jdk15on-1.54.jar
17:49:43.614 [Thread-6] DEBUG spoon.Launcher - [INFO] Downloaded from google-maven-central: https://maven-central.storage-download.googleapis.com/maven2/org/codehaus/woodstox/stax2-api/3.1.4/stax2-api-3.1.4.jar (162 kB at 219 kB/s)
17:49:43.615 [Thread-6] DEBUG spoon.Launcher - [INFO] Downloading from google-maven-central: https://maven-central.storage-download.googleapis.com/maven2/org/opensaml/opensaml-security-impl/3.3.1/opensaml-security-impl-3.3.1.jar
17:49:43.693 [Thread-6] DEBUG spoon.Launcher - [INFO] Downloaded from google-maven-central: https://maven-central.storage-download.googleapis.com/maven2/org/opensaml/opensaml-xmlsec-api/3.3.1/opensaml-xmlsec-api-3.3.1.jar (210 kB at 256 kB/s)
17:49:43.693 [Thread-6] DEBUG spoon.Launcher - [INFO] Downloading from google-maven-central: https://maven-central.storage-download.googleapis.com/maven2/org/opensaml/opensaml-profile-api/3.3.1/opensaml-profile-api-3.3.1.jar
17:49:43.731 [Thread-6] DEBUG spoon.Launcher - [INFO] Downloaded from google-maven-central: https://maven-central.storage-download.googleapis.com/maven2/org/apache/santuario/xmlsec/2.0.5/xmlsec-2.0.5.jar (1.1 MB at 1.3 MB/s)
17:49:43.731 [Thread-6] DEBUG spoon.Launcher - [INFO] Downloading from google-maven-central: https://maven-central.storage-download.googleapis.com/maven2/org/opensaml/opensaml-profile-impl/3.3.1/opensaml-profile-impl-3.3.1.jar
17:49:43.776 [Thread-6] DEBUG spoon.Launcher - [INFO] Downloaded from google-maven-central: https://maven-central.storage-download.googleapis.com/maven2/org/opensaml/opensaml-security-api/3.3.1/opensaml-security-api-3.3.1.jar (61 kB at 67 kB/s)
17:49:43.776 [Thread-6] DEBUG spoon.Launcher - [INFO] Downloading from google-maven-central: https://maven-central.storage-download.googleapis.com/maven2/org/opensaml/opensaml-messaging-api/3.3.1/opensaml-messaging-api-3.3.1.jar
17:49:43.800 [Thread-6] DEBUG spoon.Launcher - [INFO] Downloaded from google-maven-central: https://maven-central.storage-download.googleapis.com/maven2/org/bouncycastle/bcprov-jdk15on/1.54/bcprov-jdk15on-1.54.jar (3.3 MB at 3.5 MB/s)
17:49:43.800 [Thread-6] DEBUG spoon.Launcher - [INFO] Downloading from google-maven-central: https://maven-central.storage-download.googleapis.com/maven2/org/opensaml/opensaml-messaging-impl/3.3.1/opensaml-messaging-impl-3.3.1.jar
17:49:43.844 [Thread-6] DEBUG spoon.Launcher - [INFO] Downloaded from google-maven-central: https://maven-central.storage-download.googleapis.com/maven2/org/opensaml/opensaml-security-impl/3.3.1/opensaml-security-impl-3.3.1.jar (98 kB at 100 kB/s)
17:49:43.844 [Thread-6] DEBUG spoon.Launcher - [INFO] Downloading from google-maven-central: https://maven-central.storage-download.googleapis.com/maven2/org/opensaml/opensaml-xmlsec-impl/3.3.1/opensaml-xmlsec-impl-3.3.1.jar
17:49:43.846 [Thread-6] DEBUG spoon.Launcher - [INFO] Downloaded from google-maven-central: https://maven-central.storage-download.googleapis.com/maven2/org/opensaml/opensaml-profile-api/3.3.1/opensaml-profile-api-3.3.1.jar (27 kB at 28 kB/s)
17:49:43.847 [Thread-6] DEBUG spoon.Launcher - [INFO] Downloading from google-maven-central: https://maven-central.storage-download.googleapis.com/maven2/org/cryptacular/cryptacular/1.2.1/cryptacular-1.2.1.jar
17:49:43.901 [Thread-6] DEBUG spoon.Launcher - [INFO] Downloaded from google-maven-central: https://maven-central.storage-download.googleapis.com/maven2/org/opensaml/opensaml-profile-impl/3.3.1/opensaml-profile-impl-3.3.1.jar (28 kB at 27 kB/s)
17:49:43.902 [Thread-6] DEBUG spoon.Launcher - [INFO] Downloading from google-maven-central: https://maven-central.storage-download.googleapis.com/maven2/joda-time/joda-time/2.9.9/joda-time-2.9.9.jar
17:49:44.000 [Thread-6] DEBUG spoon.Launcher - [INFO] Downloaded from google-maven-central: https://maven-central.storage-download.googleapis.com/maven2/joda-time/joda-time/2.9.9/joda-time-2.9.9.jar (634 kB at 563 kB/s)
17:49:44.000 [Thread-6] DEBUG spoon.Launcher - [INFO] Downloading from google-maven-central: https://maven-central.storage-download.googleapis.com/maven2/xalan/xalan/2.7.2/xalan-2.7.2.jar
17:49:44.039 [Thread-6] DEBUG spoon.Launcher - [INFO] Downloaded from google-maven-central: https://maven-central.storage-download.googleapis.com/maven2/org/opensaml/opensaml-messaging-impl/3.3.1/opensaml-messaging-impl-3.3.1.jar (13 kB at 11 kB/s)
17:49:44.051 [Thread-6] DEBUG spoon.Launcher - [INFO] Downloading from google-maven-central: https://maven-central.storage-download.googleapis.com/maven2/xalan/serializer/2.7.2/serializer-2.7.2.jar
17:49:44.103 [Thread-6] DEBUG spoon.Launcher - [INFO] Downloaded from google-maven-central: https://maven-central.storage-download.googleapis.com/maven2/org/opensaml/opensaml-xmlsec-impl/3.3.1/opensaml-xmlsec-impl-3.3.1.jar (293 kB at 238 kB/s)
17:49:44.103 [Thread-6] DEBUG spoon.Launcher - [INFO] Downloading from google-maven-central: https://maven-central.storage-download.googleapis.com/maven2/xml-apis/xml-apis/1.3.04/xml-apis-1.3.04.jar
17:49:44.115 [Thread-6] DEBUG spoon.Launcher - [INFO] Downloaded from google-maven-central: https://maven-central.storage-download.googleapis.com/maven2/xml-apis/xml-apis/1.3.04/xml-apis-1.3.04.jar (194 kB at 157 kB/s)
17:49:44.127 [Thread-6] DEBUG spoon.Launcher - [INFO] Downloading from google-maven-central: https://maven-central.storage-download.googleapis.com/maven2/org/apache/velocity/velocity/1.7/velocity-1.7.jar
17:49:44.128 [Thread-6] DEBUG spoon.Launcher - [INFO] Downloaded from google-maven-central: https://maven-central.storage-download.googleapis.com/maven2/org/opensaml/opensaml-messaging-api/3.3.1/opensaml-messaging-api-3.3.1.jar (53 kB at 43 kB/s)
17:49:44.128 [Thread-6] DEBUG spoon.Launcher - [INFO] Downloading from google-maven-central: https://maven-central.storage-download.googleapis.com/maven2/commons-lang/commons-lang/2.4/commons-lang-2.4.jar
17:49:44.160 [Thread-6] DEBUG spoon.Launcher - [INFO] Downloaded from google-maven-central: https://maven-central.storage-download.googleapis.com/maven2/commons-lang/commons-lang/2.4/commons-lang-2.4.jar (262 kB at 204 kB/s)
17:49:44.160 [Thread-6] DEBUG spoon.Launcher - [INFO] Downloading from google-maven-central: https://maven-central.storage-download.googleapis.com/maven2/commons-collections/commons-collections/3.2.2/commons-collections-3.2.2.jar
17:49:44.170 [Thread-6] DEBUG spoon.Launcher - [INFO] Downloaded from google-maven-central: https://maven-central.storage-download.googleapis.com/maven2/xalan/serializer/2.7.2/serializer-2.7.2.jar (276 kB at 214 kB/s)
17:49:44.171 [Thread-6] DEBUG spoon.Launcher - [INFO] Downloading from google-maven-central: https://maven-central.storage-download.googleapis.com/maven2/org/slf4j/jcl-over-slf4j/1.7.25/jcl-over-slf4j-1.7.25.jar
17:49:44.175 [Thread-6] DEBUG spoon.Launcher - [INFO] Downloaded from google-maven-central: https://maven-central.storage-download.googleapis.com/maven2/org/cryptacular/cryptacular/1.2.1/cryptacular-1.2.1.jar (150 kB at 115 kB/s)
17:49:44.175 [Thread-6] DEBUG spoon.Launcher - [INFO] Downloading from google-maven-central: https://maven-central.storage-download.googleapis.com/maven2/org/springframework/spring-core/5.0.2.RELEASE/spring-core-5.0.2.RELEASE.jar
17:49:44.225 [Thread-6] DEBUG spoon.Launcher - [INFO] Downloaded from google-maven-central: https://maven-central.storage-download.googleapis.com/maven2/org/apache/velocity/velocity/1.7/velocity-1.7.jar (450 kB at 333 kB/s)
17:49:44.225 [Thread-6] DEBUG spoon.Launcher - [INFO] Downloading from google-maven-central: https://maven-central.storage-download.googleapis.com/maven2/org/springframework/spring-jcl/5.0.2.RELEASE/spring-jcl-5.0.2.RELEASE.jar
17:49:44.226 [Thread-6] DEBUG spoon.Launcher - [INFO] Downloaded from google-maven-central: https://maven-central.storage-download.googleapis.com/maven2/commons-collections/commons-collections/3.2.2/commons-collections-3.2.2.jar (588 kB at 435 kB/s)
17:49:44.226 [Thread-6] DEBUG spoon.Launcher - [INFO] Downloading from google-maven-central: https://maven-central.storage-download.googleapis.com/maven2/org/pac4j/pac4j-oauth/3.0.0/pac4j-oauth-3.0.0.jar
17:49:44.320 [Thread-6] DEBUG spoon.Launcher - [INFO] Downloaded from google-maven-central: https://maven-central.storage-download.googleapis.com/maven2/xalan/xalan/2.7.2/xalan-2.7.2.jar (3.2 MB at 2.2 MB/s)
17:49:44.320 [Thread-6] DEBUG spoon.Launcher - [INFO] Downloading from google-maven-central: https://maven-central.storage-download.googleapis.com/maven2/commons-codec/commons-codec/1.10/commons-codec-1.10.jar
17:49:44.322 [Thread-6] DEBUG spoon.Launcher - [INFO] Downloaded from google-maven-central: https://maven-central.storage-download.googleapis.com/maven2/org/slf4j/jcl-over-slf4j/1.7.25/jcl-over-slf4j-1.7.25.jar (17 kB at 11 kB/s)
17:49:44.322 [Thread-6] DEBUG spoon.Launcher - [INFO] Downloading from google-maven-central: https://maven-central.storage-download.googleapis.com/maven2/com/github/scribejava/scribejava-apis/5.3.0/scribejava-apis-5.3.0.jar
17:49:44.364 [Thread-6] DEBUG spoon.Launcher - [INFO] Downloaded from google-maven-central: https://maven-central.storage-download.googleapis.com/maven2/commons-codec/commons-codec/1.10/commons-codec-1.10.jar (284 kB at 191 kB/s)
17:49:44.366 [Thread-6] DEBUG spoon.Launcher - [INFO] Downloading from google-maven-central: https://maven-central.storage-download.googleapis.com/maven2/com/github/scribejava/scribejava-core/5.3.0/scribejava-core-5.3.0.jar
17:49:44.412 [Thread-6] DEBUG spoon.Launcher - [INFO] Downloaded from google-maven-central: https://maven-central.storage-download.googleapis.com/maven2/org/springframework/spring-jcl/5.0.2.RELEASE/spring-jcl-5.0.2.RELEASE.jar (16 kB at 10 kB/s)
17:49:44.412 [Thread-6] DEBUG spoon.Launcher - [INFO] Downloading from google-maven-central: https://maven-central.storage-download.googleapis.com/maven2/com/fasterxml/jackson/core/jackson-databind/2.8.7/jackson-databind-2.8.7.jar
17:49:44.429 [Thread-6] DEBUG spoon.Launcher - [INFO] Downloaded from google-maven-central: https://maven-central.storage-download.googleapis.com/maven2/org/pac4j/pac4j-oauth/3.0.0/pac4j-oauth-3.0.0.jar (205 kB at 132 kB/s)
17:49:44.430 [Thread-6] DEBUG spoon.Launcher - [INFO] Downloading from google-maven-central: https://maven-central.storage-download.googleapis.com/maven2/com/fasterxml/jackson/core/jackson-annotations/2.8.0/jackson-annotations-2.8.0.jar
17:49:44.497 [Thread-6] DEBUG spoon.Launcher - [INFO] Downloaded from google-maven-central: https://maven-central.storage-download.googleapis.com/maven2/com/github/scribejava/scribejava-apis/5.3.0/scribejava-apis-5.3.0.jar (95 kB at 58 kB/s)
17:49:44.497 [Thread-6] DEBUG spoon.Launcher - [INFO] Downloading from google-maven-central: https://maven-central.storage-download.googleapis.com/maven2/com/fasterxml/jackson/core/jackson-core/2.8.7/jackson-core-2.8.7.jar
17:49:44.543 [Thread-6] DEBUG spoon.Launcher - [INFO] Downloaded from google-maven-central: https://maven-central.storage-download.googleapis.com/maven2/com/fasterxml/jackson/core/jackson-annotations/2.8.0/jackson-annotations-2.8.0.jar (56 kB at 33 kB/s)
17:49:44.543 [Thread-6] DEBUG spoon.Launcher - [INFO] Downloading from google-maven-central: https://maven-central.storage-download.googleapis.com/maven2/org/pac4j/pac4j-oidc/3.0.0/pac4j-oidc-3.0.0.jar
17:49:44.548 [Thread-6] DEBUG spoon.Launcher - [INFO] Downloaded from google-maven-central: https://maven-central.storage-download.googleapis.com/maven2/org/springframework/spring-core/5.0.2.RELEASE/spring-core-5.0.2.RELEASE.jar (1.2 MB at 724 kB/s)
17:49:44.548 [Thread-6] DEBUG spoon.Launcher - [INFO] Downloading from google-maven-central: https://maven-central.storage-download.googleapis.com/maven2/com/nimbusds/oauth2-oidc-sdk/5.45/oauth2-oidc-sdk-5.45.jar
17:49:44.619 [Thread-6] DEBUG spoon.Launcher - [INFO] Downloaded from google-maven-central: https://maven-central.storage-download.googleapis.com/maven2/com/github/scribejava/scribejava-core/5.3.0/scribejava-core-5.3.0.jar (114 kB at 65 kB/s)
17:49:44.619 [Thread-6] DEBUG spoon.Launcher - [INFO] Downloading from google-maven-central: https://maven-central.storage-download.googleapis.com/maven2/javax/mail/mail/1.4.7/mail-1.4.7.jar
17:49:44.684 [Thread-6] DEBUG spoon.Launcher - [INFO] Downloaded from google-maven-central: https://maven-central.storage-download.googleapis.com/maven2/com/fasterxml/jackson/core/jackson-core/2.8.7/jackson-core-2.8.7.jar (282 kB at 156 kB/s)
17:49:44.684 [Thread-6] DEBUG spoon.Launcher - [INFO] Downloading from google-maven-central: https://maven-central.storage-download.googleapis.com/maven2/javax/activation/activation/1.1/activation-1.1.jar
17:49:44.694 [Thread-6] DEBUG spoon.Launcher - [INFO] Downloaded from google-maven-central: https://maven-central.storage-download.googleapis.com/maven2/javax/activation/activation/1.1/activation-1.1.jar (63 kB at 35 kB/s)
17:49:44.695 [Thread-6] DEBUG spoon.Launcher - [INFO] Downloading from google-maven-central: https://maven-central.storage-download.googleapis.com/maven2/com/github/stephenc/jcip/jcip-annotations/1.0-1/jcip-annotations-1.0-1.jar
17:49:44.720 [Thread-6] DEBUG spoon.Launcher - [INFO] Downloaded from google-maven-central: https://maven-central.storage-download.googleapis.com/maven2/com/github/stephenc/jcip/jcip-annotations/1.0-1/jcip-annotations-1.0-1.jar (4.7 kB at 2.6 kB/s)
17:49:44.728 [Thread-6] DEBUG spoon.Launcher - [INFO] Downloading from google-maven-central: https://maven-central.storage-download.googleapis.com/maven2/org/apache/commons/commons-lang3/3.7/commons-lang3-3.7.jar
17:49:44.730 [Thread-6] DEBUG spoon.Launcher - [INFO] Downloaded from google-maven-central: https://maven-central.storage-download.googleapis.com/maven2/org/pac4j/pac4j-oidc/3.0.0/pac4j-oidc-3.0.0.jar (48 kB at 26 kB/s)
17:49:44.730 [Thread-6] DEBUG spoon.Launcher - [INFO] Downloading from google-maven-central: https://maven-central.storage-download.googleapis.com/maven2/org/apache/commons/commons-collections4/4.1/commons-collections4-4.1.jar
17:49:44.731 [Thread-6] DEBUG spoon.Launcher - [INFO] Downloaded from google-maven-central: https://maven-central.storage-download.googleapis.com/maven2/com/fasterxml/jackson/core/jackson-databind/2.8.7/jackson-databind-2.8.7.jar (1.2 MB at 667 kB/s)
17:49:44.744 [Thread-6] DEBUG spoon.Launcher - [INFO] Downloading from google-maven-central: https://maven-central.storage-download.googleapis.com/maven2/net/minidev/json-smart/2.3/json-smart-2.3.jar
17:49:44.774 [Thread-6] DEBUG spoon.Launcher - [INFO] Downloaded from google-maven-central: https://maven-central.storage-download.googleapis.com/maven2/net/minidev/json-smart/2.3/json-smart-2.3.jar (120 kB at 63 kB/s)
17:49:44.777 [Thread-6] DEBUG spoon.Launcher - [INFO] Downloading from google-maven-central: https://maven-central.storage-download.googleapis.com/maven2/net/minidev/accessors-smart/1.2/accessors-smart-1.2.jar
17:49:44.835 [Thread-6] DEBUG spoon.Launcher - [INFO] Downloaded from google-maven-central: https://maven-central.storage-download.googleapis.com/maven2/net/minidev/accessors-smart/1.2/accessors-smart-1.2.jar (30 kB at 15 kB/s)
17:49:44.837 [Thread-6] DEBUG spoon.Launcher - [INFO] Downloading from google-maven-central: https://maven-central.storage-download.googleapis.com/maven2/org/ow2/asm/asm/5.0.4/asm-5.0.4.jar
17:49:44.842 [Thread-6] DEBUG spoon.Launcher - [INFO] Downloaded from google-maven-central: https://maven-central.storage-download.googleapis.com/maven2/org/apache/commons/commons-collections4/4.1/commons-collections4-4.1.jar (751 kB at 382 kB/s)
17:49:44.842 [Thread-6] DEBUG spoon.Launcher - [INFO] Downloading from google-maven-central: https://maven-central.storage-download.googleapis.com/maven2/com/nimbusds/lang-tag/1.5/lang-tag-1.5.jar
17:49:44.844 [Thread-6] DEBUG spoon.Launcher - [INFO] Downloaded from google-maven-central: https://maven-central.storage-download.googleapis.com/maven2/com/nimbusds/oauth2-oidc-sdk/5.45/oauth2-oidc-sdk-5.45.jar (404 kB at 205 kB/s)
17:49:44.844 [Thread-6] DEBUG spoon.Launcher - [INFO] Downloading from google-maven-central: https://maven-central.storage-download.googleapis.com/maven2/com/nimbusds/nimbus-jose-jwt/4.35/nimbus-jose-jwt-4.35.jar
17:49:44.850 [Thread-6] DEBUG spoon.Launcher - [INFO] Downloaded from google-maven-central: https://maven-central.storage-download.googleapis.com/maven2/org/ow2/asm/asm/5.0.4/asm-5.0.4.jar (53 kB at 27 kB/s)
17:49:44.851 [Thread-6] DEBUG spoon.Launcher - [INFO] Downloading from google-maven-central: https://maven-central.storage-download.googleapis.com/maven2/org/bouncycastle/bcpkix-jdk15on/1.55/bcpkix-jdk15on-1.55.jar
17:49:44.900 [Thread-6] DEBUG spoon.Launcher - [INFO] Downloaded from google-maven-central: https://maven-central.storage-download.googleapis.com/maven2/javax/mail/mail/1.4.7/mail-1.4.7.jar (521 kB at 257 kB/s)
17:49:44.900 [Thread-6] DEBUG spoon.Launcher - [INFO] Downloading from google-maven-central: https://maven-central.storage-download.googleapis.com/maven2/org/pac4j/pac4j-ldap/3.0.0/pac4j-ldap-3.0.0.jar
17:49:44.944 [Thread-6] DEBUG spoon.Launcher - [INFO] Downloaded from google-maven-central: https://maven-central.storage-download.googleapis.com/maven2/org/apache/commons/commons-lang3/3.7/commons-lang3-3.7.jar (500 kB at 241 kB/s)
17:49:44.944 [Thread-6] DEBUG spoon.Launcher - [INFO] Downloading from google-maven-central: https://maven-central.storage-download.googleapis.com/maven2/org/ldaptive/ldaptive/1.2.3/ldaptive-1.2.3.jar
17:49:45.005 [Thread-6] DEBUG spoon.Launcher - [INFO] Downloaded from google-maven-central: https://maven-central.storage-download.googleapis.com/maven2/com/nimbusds/lang-tag/1.5/lang-tag-1.5.jar (11 kB at 5.1 kB/s)
17:49:45.005 [Thread-6] DEBUG spoon.Launcher - [INFO] Downloading from google-maven-central: https://maven-central.storage-download.googleapis.com/maven2/commons-cli/commons-cli/1.4/commons-cli-1.4.jar
17:49:45.011 [Thread-6] DEBUG spoon.Launcher - [INFO] Downloaded from google-maven-central: https://maven-central.storage-download.googleapis.com/maven2/commons-cli/commons-cli/1.4/commons-cli-1.4.jar (54 kB at 25 kB/s)
17:49:45.012 [Thread-6] DEBUG spoon.Launcher - [INFO] Downloading from google-maven-central: https://maven-central.storage-download.googleapis.com/maven2/org/pac4j/pac4j-http/3.0.0/pac4j-http-3.0.0.jar
17:49:45.032 [Thread-6] DEBUG spoon.Launcher - [INFO] Downloaded from google-maven-central: https://maven-central.storage-download.googleapis.com/maven2/org/bouncycastle/bcpkix-jdk15on/1.55/bcpkix-jdk15on-1.55.jar (682 kB at 316 kB/s)
17:49:45.033 [Thread-6] DEBUG spoon.Launcher - [INFO] Downloading from google-maven-central: https://maven-central.storage-download.googleapis.com/maven2/com/zaxxer/HikariCP/2.6.1/HikariCP-2.6.1.jar
17:49:45.106 [Thread-6] DEBUG spoon.Launcher - [INFO] Downloaded from google-maven-central: https://maven-central.storage-download.googleapis.com/maven2/org/pac4j/pac4j-ldap/3.0.0/pac4j-ldap-3.0.0.jar (9.1 kB at 4.1 kB/s)
17:49:45.106 [Thread-6] DEBUG spoon.Launcher - [INFO] Downloading from google-maven-central: https://maven-central.storage-download.googleapis.com/maven2/org/pac4j/pac4j-sql/3.0.0/pac4j-sql-3.0.0.jar
17:49:45.110 [Thread-6] DEBUG spoon.Launcher - [INFO] Downloaded from google-maven-central: https://maven-central.storage-download.googleapis.com/maven2/com/nimbusds/nimbus-jose-jwt/4.35/nimbus-jose-jwt-4.35.jar (295 kB at 132 kB/s)
17:49:45.110 [Thread-6] DEBUG spoon.Launcher - [INFO] Downloading from google-maven-central: https://maven-central.storage-download.googleapis.com/maven2/org/jdbi/jdbi/2.78/jdbi-2.78.jar
17:49:45.118 [Thread-6] DEBUG spoon.Launcher - [INFO] Downloaded from google-maven-central: https://maven-central.storage-download.googleapis.com/maven2/com/zaxxer/HikariCP/2.6.1/HikariCP-2.6.1.jar (134 kB at 60 kB/s)
17:49:45.119 [Thread-6] DEBUG spoon.Launcher - [INFO] Downloading from google-maven-central: https://maven-central.storage-download.googleapis.com/maven2/org/springframework/security/spring-security-crypto/4.2.2.RELEASE/spring-security-crypto-4.2.2.RELEASE.jar
17:49:45.133 [Thread-6] DEBUG spoon.Launcher - [INFO] Downloaded from google-maven-central: https://maven-central.storage-download.googleapis.com/maven2/org/jdbi/jdbi/2.78/jdbi-2.78.jar (1.0 MB at 465 kB/s)
17:49:45.135 [Thread-6] DEBUG spoon.Launcher - [INFO] Downloading from google-maven-central: https://maven-central.storage-download.googleapis.com/maven2/org/apache/shiro/shiro-core/1.3.2/shiro-core-1.3.2.jar
17:49:45.188 [Thread-6] DEBUG spoon.Launcher - [INFO] Downloaded from google-maven-central: https://maven-central.storage-download.googleapis.com/maven2/org/pac4j/pac4j-http/3.0.0/pac4j-http-3.0.0.jar (40 kB at 17 kB/s)
17:49:45.188 [Thread-6] DEBUG spoon.Launcher - [INFO] Downloading from google-maven-central: https://maven-central.storage-download.googleapis.com/maven2/commons-beanutils/commons-beanutils/1.8.3/commons-beanutils-1.8.3.jar
17:49:45.192 [Thread-6] DEBUG spoon.Launcher - [INFO] Downloaded from google-maven-central: https://maven-central.storage-download.googleapis.com/maven2/org/ldaptive/ldaptive/1.2.3/ldaptive-1.2.3.jar (802 kB at 346 kB/s)
17:49:45.192 [Thread-6] DEBUG spoon.Launcher - [INFO] Downloading from google-maven-central: https://maven-central.storage-download.googleapis.com/maven2/org/pac4j/pac4j-core/3.0.0/pac4j-core-3.0.0-tests.jar
17:49:45.260 [Thread-6] DEBUG spoon.Launcher - [INFO] Downloaded from google-maven-central: https://maven-central.storage-download.googleapis.com/maven2/commons-beanutils/commons-beanutils/1.8.3/commons-beanutils-1.8.3.jar (232 kB at 97 kB/s)
17:49:45.261 [Thread-6] DEBUG spoon.Launcher - [INFO] Downloading from google-maven-central: https://maven-central.storage-download.googleapis.com/maven2/junit/junit/4.12/junit-4.12.jar
17:49:45.270 [Thread-6] DEBUG spoon.Launcher - [INFO] Downloaded from google-maven-central: https://maven-central.storage-download.googleapis.com/maven2/junit/junit/4.12/junit-4.12.jar (315 kB at 131 kB/s)
17:49:45.270 [Thread-6] DEBUG spoon.Launcher - [INFO] Downloading from google-maven-central: https://maven-central.storage-download.googleapis.com/maven2/ch/qos/logback/logback-classic/1.2.2/logback-classic-1.2.2.jar
17:49:45.294 [Thread-6] DEBUG spoon.Launcher - [INFO] Downloaded from google-maven-central: https://maven-central.storage-download.googleapis.com/maven2/org/apache/shiro/shiro-core/1.3.2/shiro-core-1.3.2.jar (409 kB at 169 kB/s)
17:49:45.294 [Thread-6] DEBUG spoon.Launcher - [INFO] Downloading from google-maven-central: https://maven-central.storage-download.googleapis.com/maven2/ch/qos/logback/logback-core/1.2.2/logback-core-1.2.2.jar
17:49:45.305 [Thread-6] DEBUG spoon.Launcher - [INFO] Downloaded from google-maven-central: https://maven-central.storage-download.googleapis.com/maven2/org/springframework/security/spring-security-crypto/4.2.2.RELEASE/spring-security-crypto-4.2.2.RELEASE.jar (55 kB at 23 kB/s)
17:49:45.305 [Thread-6] DEBUG spoon.Launcher - [INFO] Downloading from google-maven-central: https://maven-central.storage-download.googleapis.com/maven2/org/pac4j/pac4j-ldap/3.0.0/pac4j-ldap-3.0.0-tests.jar
17:49:45.328 [Thread-6] DEBUG spoon.Launcher - [INFO] Downloaded from google-maven-central: https://maven-central.storage-download.googleapis.com/maven2/org/pac4j/pac4j-sql/3.0.0/pac4j-sql-3.0.0.jar (7.3 kB at 3.0 kB/s)
17:49:45.328 [Thread-6] DEBUG spoon.Launcher - [INFO] Downloading from google-maven-central: https://maven-central.storage-download.googleapis.com/maven2/com/unboundid/unboundid-ldapsdk/3.2.1/unboundid-ldapsdk-3.2.1.jar
17:49:45.417 [Thread-6] DEBUG spoon.Launcher - [INFO] Downloaded from google-maven-central: https://maven-central.storage-download.googleapis.com/maven2/org/pac4j/pac4j-core/3.0.0/pac4j-core-3.0.0-tests.jar (130 kB at 51 kB/s)
17:49:45.417 [Thread-6] DEBUG spoon.Launcher - [INFO] Downloading from google-maven-central: https://maven-central.storage-download.googleapis.com/maven2/org/pac4j/pac4j-sql/3.0.0/pac4j-sql-3.0.0-tests.jar
17:49:45.505 [Thread-6] DEBUG spoon.Launcher - [INFO] Downloaded from google-maven-central: https://maven-central.storage-download.googleapis.com/maven2/org/pac4j/pac4j-ldap/3.0.0/pac4j-ldap-3.0.0-tests.jar (10 kB at 3.8 kB/s)
17:49:45.520 [Thread-6] DEBUG spoon.Launcher - [INFO] Downloaded from google-maven-central: https://maven-central.storage-download.googleapis.com/maven2/ch/qos/logback/logback-core/1.2.2/logback-core-1.2.2.jar (473 kB at 179 kB/s)
17:49:45.527 [Thread-6] DEBUG spoon.Launcher - [INFO] Downloaded from google-maven-central: https://maven-central.storage-download.googleapis.com/maven2/ch/qos/logback/logback-classic/1.2.2/logback-classic-1.2.2.jar (291 kB at 110 kB/s)
17:49:45.564 [Thread-6] DEBUG spoon.Launcher - [INFO] Downloaded from google-maven-central: https://maven-central.storage-download.googleapis.com/maven2/com/unboundid/unboundid-ldapsdk/3.2.1/unboundid-ldapsdk-3.2.1.jar (2.0 MB at 740 kB/s)
17:49:45.606 [Thread-6] DEBUG spoon.Launcher - [INFO] Downloaded from google-maven-central: https://maven-central.storage-download.googleapis.com/maven2/org/pac4j/pac4j-sql/3.0.0/pac4j-sql-3.0.0-tests.jar (8.2 kB at 3.0 kB/s)
17:49:45.643 [Thread-6] DEBUG spoon.Launcher - [INFO] 
17:49:45.643 [Thread-6] DEBUG spoon.Launcher - [INFO] --- maven-dependency-plugin:2.8:build-classpath (default-cli) @ pac4j-config ---
17:49:46.045 [Thread-6] DEBUG spoon.Launcher - [INFO] Wrote classpath file '/home/travis/build/SpoonLabs/spoon-ci-external/spoon/src/test/resources/maven-launcher/pac4j/pac4j-config/spoon.classpath.tmp'.
17:49:46.049 [Thread-6] DEBUG spoon.Launcher - [INFO] ------------------------------------------------------------------------
17:49:46.049 [Thread-6] DEBUG spoon.Launcher - [INFO] BUILD SUCCESS
17:49:46.049 [Thread-6] DEBUG spoon.Launcher - [INFO] ------------------------------------------------------------------------
17:49:46.052 [Thread-6] DEBUG spoon.Launcher - [INFO] Total time:  30.097 s
17:49:46.052 [Thread-6] DEBUG spoon.Launcher - [INFO] Finished at: 2020-07-29T17:49:46Z
17:49:46.053 [Thread-6] DEBUG spoon.Launcher - [INFO] ------------------------------------------------------------------------
]]></system-out>
  </testcase>
  <testcase name="testSystemDependency" classname="spoon.MavenLauncherTest" time="0.525">
    <system-out><![CDATA[17:49:46.092 [main] INFO spoon.Launcher - Running in NOCLASSPATH mode (doc: http://spoon.gforge.inria.fr/launcher.html).
]]></system-out>
  </testcase>
  <testcase name="testRebuildClasspath" classname="spoon.MavenLauncherTest" time="3.223">
    <system-out><![CDATA[17:49:46.612 [main] INFO spoon.Launcher - Running in NOCLASSPATH mode (doc: http://spoon.gforge.inria.fr/launcher.html).
17:49:48.356 [Thread-9] DEBUG spoon.Launcher - [INFO] Scanning for projects...
17:49:48.412 [Thread-9] DEBUG spoon.Launcher - [WARNING] 
17:49:48.413 [Thread-9] DEBUG spoon.Launcher - [WARNING] Some problems were encountered while building the effective model for org.foo.bar:foobar:jar:1.0.0-SNAPSHOT
17:49:48.423 [Thread-9] DEBUG spoon.Launcher - [WARNING] 'dependencies.dependency.systemPath' for com.infradna.tool:bridge-method-annotation:jar should not point at files within the project directory, ${basedir}/lib/bridge-method-annotation-1.13.jar will be unresolvable by dependent projects @ line 18, column 25
17:49:48.423 [Thread-9] DEBUG spoon.Launcher - [WARNING] 
17:49:48.426 [Thread-9] DEBUG spoon.Launcher - [WARNING] It is highly recommended to fix these problems because they threaten the stability of your build.
17:49:48.426 [Thread-9] DEBUG spoon.Launcher - [WARNING] 
17:49:48.427 [Thread-9] DEBUG spoon.Launcher - [WARNING] For this reason, future Maven versions might no longer support building such malformed projects.
17:49:48.427 [Thread-9] DEBUG spoon.Launcher - [WARNING] 
17:49:48.773 [Thread-9] DEBUG spoon.Launcher - [INFO] 
17:49:48.774 [Thread-9] DEBUG spoon.Launcher - [INFO] -------------------------< org.foo.bar:foobar >-------------------------
17:49:48.775 [Thread-9] DEBUG spoon.Launcher - [INFO] Building foobar 1.0.0-SNAPSHOT
17:49:48.776 [Thread-9] DEBUG spoon.Launcher - [INFO] --------------------------------[ jar ]---------------------------------
17:49:48.801 [Thread-9] DEBUG spoon.Launcher - [INFO] 
17:49:48.801 [Thread-9] DEBUG spoon.Launcher - [INFO] --- maven-dependency-plugin:2.8:build-classpath (default-cli) @ foobar ---
17:49:49.806 [Thread-9] DEBUG spoon.Launcher - [INFO] Wrote classpath file '/home/travis/build/SpoonLabs/spoon-ci-external/spoon/src/test/resources/maven-launcher/system-dependency/spoon.classpath.tmp'.
17:49:49.806 [Thread-9] DEBUG spoon.Launcher - [INFO] ------------------------------------------------------------------------
17:49:49.806 [Thread-9] DEBUG spoon.Launcher - [INFO] BUILD SUCCESS
17:49:49.807 [Thread-9] DEBUG spoon.Launcher - [INFO] ------------------------------------------------------------------------
17:49:49.808 [Thread-9] DEBUG spoon.Launcher - [INFO] Total time:  1.476 s
17:49:49.808 [Thread-9] DEBUG spoon.Launcher - [INFO] Finished at: 2020-07-29T17:49:49Z
17:49:49.809 [Thread-9] DEBUG spoon.Launcher - [INFO] ------------------------------------------------------------------------
]]></system-out>
  </testcase>
  <testcase name="testTypeResolution" classname="spoon.MavenLauncherTest" time="0">
    <skipped/>
  </testcase>
  <testcase name="multiModulesProjectTest" classname="spoon.MavenLauncherTest" time="37.544">
    <system-out><![CDATA[17:49:49.841 [main] INFO spoon.Launcher - Running in NOCLASSPATH mode (doc: http://spoon.gforge.inria.fr/launcher.html).
17:49:51.416 [Thread-12] DEBUG spoon.Launcher - [INFO] Scanning for projects...
17:49:52.507 [Thread-12] DEBUG spoon.Launcher - [INFO] ------------------------------------------------------------------------
17:49:52.507 [Thread-12] DEBUG spoon.Launcher - [INFO] Reactor Build Order:
17:49:52.507 [Thread-12] DEBUG spoon.Launcher - [INFO] 
17:49:52.507 [Thread-12] DEBUG spoon.Launcher - [INFO] pac4j                                                              [pom]
17:49:52.510 [Thread-12] DEBUG spoon.Launcher - [INFO] pac4j core                                                         [jar]
17:49:52.511 [Thread-12] DEBUG spoon.Launcher - [INFO] pac4j for CAS protocol                                             [jar]
17:49:52.511 [Thread-12] DEBUG spoon.Launcher - [INFO] pac4j for SAML protocol                                            [jar]
17:49:52.511 [Thread-12] DEBUG spoon.Launcher - [INFO] pac4j for OAuth protocol                                           [jar]
17:49:52.511 [Thread-12] DEBUG spoon.Launcher - [INFO] pac4j for OpenID Connect protocol                                  [jar]
17:49:52.511 [Thread-12] DEBUG spoon.Launcher - [INFO] pac4j for LDAP                                                     [jar]
17:49:52.511 [Thread-12] DEBUG spoon.Launcher - [INFO] pac4j for HTTP protocol                                            [jar]
17:49:52.511 [Thread-12] DEBUG spoon.Launcher - [INFO] pac4j for relational DB                                            [jar]
17:49:52.511 [Thread-12] DEBUG spoon.Launcher - [INFO] pac4j configuration                                                [jar]
17:49:52.512 [Thread-12] DEBUG spoon.Launcher - [INFO] pac4j for OpenId protocol                                          [jar]
17:49:52.512 [Thread-12] DEBUG spoon.Launcher - [INFO] pac4j for GAE UserService mechanism                                [jar]
17:49:52.514 [Thread-12] DEBUG spoon.Launcher - [INFO] pac4j for JWT                                                      [jar]
17:49:52.515 [Thread-12] DEBUG spoon.Launcher - [INFO] pac4j for MongoDB                                                  [jar]
17:49:52.515 [Thread-12] DEBUG spoon.Launcher - [INFO] pac4j for CouchDB                                                  [jar]
17:49:52.519 [Thread-12] DEBUG spoon.Launcher - [INFO] pac4j for Kerberos                                                 [jar]
17:49:52.786 [Thread-12] DEBUG spoon.Launcher - [INFO] 
17:49:52.787 [Thread-12] DEBUG spoon.Launcher - [INFO] --------------------------< org.pac4j:pac4j >---------------------------
17:49:52.788 [Thread-12] DEBUG spoon.Launcher - [INFO] Building pac4j 3.0.0                                              [1/16]
17:49:52.788 [Thread-12] DEBUG spoon.Launcher - [INFO] --------------------------------[ pom ]---------------------------------
17:49:52.799 [Thread-12] DEBUG spoon.Launcher - [INFO] 
17:49:52.800 [Thread-12] DEBUG spoon.Launcher - [INFO] --- maven-dependency-plugin:2.8:build-classpath (default-cli) @ pac4j ---
17:49:53.394 [Thread-12] DEBUG spoon.Launcher - [INFO] No dependencies found.
17:49:53.396 [Thread-12] DEBUG spoon.Launcher - [INFO] Wrote classpath file '/home/travis/build/SpoonLabs/spoon-ci-external/spoon/src/test/resources/maven-launcher/pac4j/spoon.classpath.tmp'.
17:49:53.397 [Thread-12] DEBUG spoon.Launcher - [INFO] 
17:49:53.398 [Thread-12] DEBUG spoon.Launcher - [INFO] ------------------------< org.pac4j:pac4j-core >------------------------
17:49:53.399 [Thread-12] DEBUG spoon.Launcher - [INFO] Building pac4j core 3.0.0                                         [2/16]
17:49:53.400 [Thread-12] DEBUG spoon.Launcher - [INFO] --------------------------------[ jar ]---------------------------------
17:49:53.918 [Thread-12] DEBUG spoon.Launcher - [INFO] Downloading from google-maven-central: https://maven-central.storage-download.googleapis.com/maven2/javax/servlet/javax.servlet-api/3.1.0/javax.servlet-api-3.1.0.pom
17:49:54.442 [Thread-12] DEBUG spoon.Launcher - [INFO] Downloaded from google-maven-central: https://maven-central.storage-download.googleapis.com/maven2/javax/servlet/javax.servlet-api/3.1.0/javax.servlet-api-3.1.0.pom (14 kB at 26 kB/s)
17:49:54.464 [Thread-12] DEBUG spoon.Launcher - [INFO] Downloading from google-maven-central: https://maven-central.storage-download.googleapis.com/maven2/net/java/jvnet-parent/3/jvnet-parent-3.pom
17:49:54.476 [Thread-12] DEBUG spoon.Launcher - [INFO] Downloaded from google-maven-central: https://maven-central.storage-download.googleapis.com/maven2/net/java/jvnet-parent/3/jvnet-parent-3.pom (4.8 kB at 282 kB/s)
17:49:54.509 [Thread-12] DEBUG spoon.Launcher - [INFO] Downloading from google-maven-central: https://maven-central.storage-download.googleapis.com/maven2/org/springframework/spring-test/4.3.7.RELEASE/spring-test-4.3.7.RELEASE.pom
17:49:54.691 [Thread-12] DEBUG spoon.Launcher - [INFO] Downloaded from google-maven-central: https://maven-central.storage-download.googleapis.com/maven2/org/springframework/spring-test/4.3.7.RELEASE/spring-test-4.3.7.RELEASE.pom (8.0 kB at 44 kB/s)
17:49:54.697 [Thread-12] DEBUG spoon.Launcher - [INFO] Downloading from google-maven-central: https://maven-central.storage-download.googleapis.com/maven2/org/springframework/spring-core/4.3.7.RELEASE/spring-core-4.3.7.RELEASE.pom
17:49:54.838 [Thread-12] DEBUG spoon.Launcher - [INFO] Downloaded from google-maven-central: https://maven-central.storage-download.googleapis.com/maven2/org/springframework/spring-core/4.3.7.RELEASE/spring-core-4.3.7.RELEASE.pom (2.5 kB at 18 kB/s)
17:49:54.851 [Thread-12] DEBUG spoon.Launcher - [INFO] Downloading from google-maven-central: https://maven-central.storage-download.googleapis.com/maven2/org/mockito/mockito-core/2.7.19/mockito-core-2.7.19.pom
17:49:55.079 [Thread-12] DEBUG spoon.Launcher - [INFO] Downloaded from google-maven-central: https://maven-central.storage-download.googleapis.com/maven2/org/mockito/mockito-core/2.7.19/mockito-core-2.7.19.pom (2.3 kB at 10 kB/s)
17:49:55.084 [Thread-12] DEBUG spoon.Launcher - [INFO] Downloading from google-maven-central: https://maven-central.storage-download.googleapis.com/maven2/net/bytebuddy/byte-buddy/1.6.11/byte-buddy-1.6.11.pom
17:49:56.441 [Thread-12] DEBUG spoon.Launcher - [INFO] Downloaded from google-maven-central: https://maven-central.storage-download.googleapis.com/maven2/net/bytebuddy/byte-buddy/1.6.11/byte-buddy-1.6.11.pom (12 kB at 8.7 kB/s)
17:49:56.448 [Thread-12] DEBUG spoon.Launcher - [INFO] Downloading from google-maven-central: https://maven-central.storage-download.googleapis.com/maven2/net/bytebuddy/byte-buddy-parent/1.6.11/byte-buddy-parent-1.6.11.pom
17:49:56.550 [Thread-12] DEBUG spoon.Launcher - [INFO] Downloaded from google-maven-central: https://maven-central.storage-download.googleapis.com/maven2/net/bytebuddy/byte-buddy-parent/1.6.11/byte-buddy-parent-1.6.11.pom (26 kB at 251 kB/s)
17:49:56.556 [Thread-12] DEBUG spoon.Launcher - [INFO] Downloading from google-maven-central: https://maven-central.storage-download.googleapis.com/maven2/net/bytebuddy/byte-buddy-agent/1.6.11/byte-buddy-agent-1.6.11.pom
17:49:56.687 [Thread-12] DEBUG spoon.Launcher - [INFO] Downloaded from google-maven-central: https://maven-central.storage-download.googleapis.com/maven2/net/bytebuddy/byte-buddy-agent/1.6.11/byte-buddy-agent-1.6.11.pom (4.5 kB at 34 kB/s)
17:49:56.692 [Thread-12] DEBUG spoon.Launcher - [INFO] Downloading from google-maven-central: https://maven-central.storage-download.googleapis.com/maven2/org/objenesis/objenesis/2.5/objenesis-2.5.pom
17:49:56.764 [Thread-12] DEBUG spoon.Launcher - [INFO] Downloaded from google-maven-central: https://maven-central.storage-download.googleapis.com/maven2/org/objenesis/objenesis/2.5/objenesis-2.5.pom (2.8 kB at 38 kB/s)
17:49:56.767 [Thread-12] DEBUG spoon.Launcher - [INFO] Downloading from google-maven-central: https://maven-central.storage-download.googleapis.com/maven2/org/objenesis/objenesis-parent/2.5/objenesis-parent-2.5.pom
17:49:56.878 [Thread-12] DEBUG spoon.Launcher - [INFO] Downloaded from google-maven-central: https://maven-central.storage-download.googleapis.com/maven2/org/objenesis/objenesis-parent/2.5/objenesis-parent-2.5.pom (17 kB at 150 kB/s)
17:49:56.889 [Thread-12] DEBUG spoon.Launcher - [INFO] Downloading from google-maven-central: https://maven-central.storage-download.googleapis.com/maven2/javax/servlet/javax.servlet-api/3.1.0/javax.servlet-api-3.1.0.jar
17:49:56.891 [Thread-12] DEBUG spoon.Launcher - [INFO] Downloading from google-maven-central: https://maven-central.storage-download.googleapis.com/maven2/org/springframework/spring-test/4.3.7.RELEASE/spring-test-4.3.7.RELEASE.jar
17:49:56.892 [Thread-12] DEBUG spoon.Launcher - [INFO] Downloading from google-maven-central: https://maven-central.storage-download.googleapis.com/maven2/org/springframework/spring-core/4.3.7.RELEASE/spring-core-4.3.7.RELEASE.jar
17:49:56.893 [Thread-12] DEBUG spoon.Launcher - [INFO] Downloading from google-maven-central: https://maven-central.storage-download.googleapis.com/maven2/org/mockito/mockito-core/2.7.19/mockito-core-2.7.19.jar
17:49:56.910 [Thread-12] DEBUG spoon.Launcher - [INFO] Downloading from google-maven-central: https://maven-central.storage-download.googleapis.com/maven2/net/bytebuddy/byte-buddy/1.6.11/byte-buddy-1.6.11.jar
17:49:57.039 [Thread-12] DEBUG spoon.Launcher - [INFO] Downloaded from google-maven-central: https://maven-central.storage-download.googleapis.com/maven2/javax/servlet/javax.servlet-api/3.1.0/javax.servlet-api-3.1.0.jar (96 kB at 630 kB/s)
17:49:57.039 [Thread-12] DEBUG spoon.Launcher - [INFO] Downloading from google-maven-central: https://maven-central.storage-download.googleapis.com/maven2/net/bytebuddy/byte-buddy-agent/1.6.11/byte-buddy-agent-1.6.11.jar
17:49:57.138 [Thread-12] DEBUG spoon.Launcher - [INFO] Downloaded from google-maven-central: https://maven-central.storage-download.googleapis.com/maven2/net/bytebuddy/byte-buddy-agent/1.6.11/byte-buddy-agent-1.6.11.jar (31 kB at 134 kB/s)
17:49:57.139 [Thread-12] DEBUG spoon.Launcher - [INFO] Downloading from google-maven-central: https://maven-central.storage-download.googleapis.com/maven2/org/objenesis/objenesis/2.5/objenesis-2.5.jar
17:49:57.208 [Thread-12] DEBUG spoon.Launcher - [INFO] Downloaded from google-maven-central: https://maven-central.storage-download.googleapis.com/maven2/org/springframework/spring-test/4.3.7.RELEASE/spring-test-4.3.7.RELEASE.jar (599 kB at 1.9 MB/s)
17:49:57.239 [Thread-12] DEBUG spoon.Launcher - [INFO] Downloaded from google-maven-central: https://maven-central.storage-download.googleapis.com/maven2/org/mockito/mockito-core/2.7.19/mockito-core-2.7.19.jar (533 kB at 1.5 MB/s)
17:49:57.283 [Thread-12] DEBUG spoon.Launcher - [INFO] Downloaded from google-maven-central: https://maven-central.storage-download.googleapis.com/maven2/org/objenesis/objenesis/2.5/objenesis-2.5.jar (54 kB at 146 kB/s)
17:49:57.314 [Thread-12] DEBUG spoon.Launcher - [INFO] Downloaded from google-maven-central: https://maven-central.storage-download.googleapis.com/maven2/org/springframework/spring-core/4.3.7.RELEASE/spring-core-4.3.7.RELEASE.jar (1.1 MB at 2.6 MB/s)
17:49:57.337 [Thread-12] DEBUG spoon.Launcher - [INFO] Downloaded from google-maven-central: https://maven-central.storage-download.googleapis.com/maven2/net/bytebuddy/byte-buddy/1.6.11/byte-buddy-1.6.11.jar (2.8 MB at 6.3 MB/s)
17:49:57.346 [Thread-12] DEBUG spoon.Launcher - [INFO] 
17:49:57.347 [Thread-12] DEBUG spoon.Launcher - [INFO] --- maven-dependency-plugin:2.8:build-classpath (default-cli) @ pac4j-core ---
17:49:57.651 [Thread-12] DEBUG spoon.Launcher - [INFO] Wrote classpath file '/home/travis/build/SpoonLabs/spoon-ci-external/spoon/src/test/resources/maven-launcher/pac4j/pac4j-core/spoon.classpath.tmp'.
17:49:57.657 [Thread-12] DEBUG spoon.Launcher - [INFO] 
17:49:57.658 [Thread-12] DEBUG spoon.Launcher - [INFO] ------------------------< org.pac4j:pac4j-cas >-------------------------
17:49:57.659 [Thread-12] DEBUG spoon.Launcher - [INFO] Building pac4j for CAS protocol 3.0.0                             [3/16]
17:49:57.660 [Thread-12] DEBUG spoon.Launcher - [INFO] --------------------------------[ jar ]---------------------------------
17:49:57.671 [Thread-12] DEBUG spoon.Launcher - [INFO] Downloading from google-maven-central: https://maven-central.storage-download.googleapis.com/maven2/org/jasig/cas/client/cas-client-core/3.4.1/cas-client-core-3.4.1.pom
17:49:57.765 [Thread-12] DEBUG spoon.Launcher - [INFO] Downloaded from google-maven-central: https://maven-central.storage-download.googleapis.com/maven2/org/jasig/cas/client/cas-client-core/3.4.1/cas-client-core-3.4.1.pom (3.1 kB at 32 kB/s)
17:49:57.768 [Thread-12] DEBUG spoon.Launcher - [INFO] Downloading from google-maven-central: https://maven-central.storage-download.googleapis.com/maven2/org/jasig/cas/client/cas-client/3.4.1/cas-client-3.4.1.pom
17:49:57.918 [Thread-12] DEBUG spoon.Launcher - [INFO] Downloaded from google-maven-central: https://maven-central.storage-download.googleapis.com/maven2/org/jasig/cas/client/cas-client/3.4.1/cas-client-3.4.1.pom (10 kB at 67 kB/s)
17:49:57.926 [Thread-12] DEBUG spoon.Launcher - [INFO] Downloading from google-maven-central: https://maven-central.storage-download.googleapis.com/maven2/org/jasig/cas/client/cas-client-support-saml/3.4.1/cas-client-support-saml-3.4.1.pom
17:49:58.091 [Thread-12] DEBUG spoon.Launcher - [INFO] Downloaded from google-maven-central: https://maven-central.storage-download.googleapis.com/maven2/org/jasig/cas/client/cas-client-support-saml/3.4.1/cas-client-support-saml-3.4.1.pom (1.7 kB at 10.0 kB/s)
17:49:58.101 [Thread-12] DEBUG spoon.Launcher - [INFO] Downloading from google-maven-central: https://maven-central.storage-download.googleapis.com/maven2/org/jasig/cas/client/cas-client-core/3.4.1/cas-client-core-3.4.1.jar
17:49:58.105 [Thread-12] DEBUG spoon.Launcher - [INFO] Downloading from google-maven-central: https://maven-central.storage-download.googleapis.com/maven2/joda-time/joda-time/2.7/joda-time-2.7.jar
17:49:58.112 [Thread-12] DEBUG spoon.Launcher - [INFO] Downloading from google-maven-central: https://maven-central.storage-download.googleapis.com/maven2/org/jasig/cas/client/cas-client-support-saml/3.4.1/cas-client-support-saml-3.4.1.jar
17:49:58.292 [Thread-12] DEBUG spoon.Launcher - [INFO] Downloaded from google-maven-central: https://maven-central.storage-download.googleapis.com/maven2/org/jasig/cas/client/cas-client-core/3.4.1/cas-client-core-3.4.1.jar (137 kB at 724 kB/s)
17:49:58.307 [Thread-12] DEBUG spoon.Launcher - [INFO] Downloaded from google-maven-central: https://maven-central.storage-download.googleapis.com/maven2/joda-time/joda-time/2.7/joda-time-2.7.jar (589 kB at 2.9 MB/s)
17:49:58.328 [Thread-12] DEBUG spoon.Launcher - [INFO] Downloaded from google-maven-central: https://maven-central.storage-download.googleapis.com/maven2/org/jasig/cas/client/cas-client-support-saml/3.4.1/cas-client-support-saml-3.4.1.jar (12 kB at 54 kB/s)
17:49:58.332 [Thread-12] DEBUG spoon.Launcher - [INFO] 
17:49:58.332 [Thread-12] DEBUG spoon.Launcher - [INFO] --- maven-dependency-plugin:2.8:build-classpath (default-cli) @ pac4j-cas ---
17:49:58.338 [Thread-12] DEBUG spoon.Launcher - [INFO] Wrote classpath file '/home/travis/build/SpoonLabs/spoon-ci-external/spoon/src/test/resources/maven-launcher/pac4j/pac4j-cas/spoon.classpath.tmp'.
17:49:58.339 [Thread-12] DEBUG spoon.Launcher - [INFO] 
17:49:58.339 [Thread-12] DEBUG spoon.Launcher - [INFO] ------------------------< org.pac4j:pac4j-saml >------------------------
17:49:58.339 [Thread-12] DEBUG spoon.Launcher - [INFO] Building pac4j for SAML protocol 3.0.0                            [4/16]
17:49:58.339 [Thread-12] DEBUG spoon.Launcher - [INFO] --------------------------------[ jar ]---------------------------------
17:49:58.347 [Thread-12] DEBUG spoon.Launcher - [INFO] Downloading from google-maven-central: https://maven-central.storage-download.googleapis.com/maven2/org/opensaml/opensaml-core/3.3.0/opensaml-core-3.3.0.pom
17:49:58.498 [Thread-12] DEBUG spoon.Launcher - [INFO] Downloaded from google-maven-central: https://maven-central.storage-download.googleapis.com/maven2/org/opensaml/opensaml-core/3.3.0/opensaml-core-3.3.0.pom (2.4 kB at 16 kB/s)
17:49:58.502 [Thread-12] DEBUG spoon.Launcher - [INFO] Downloading from google-maven-central: https://maven-central.storage-download.googleapis.com/maven2/org/opensaml/opensaml-parent/3.3.0/opensaml-parent-3.3.0.pom
17:49:58.848 [Thread-12] DEBUG spoon.Launcher - [INFO] Downloaded from google-maven-central: https://maven-central.storage-download.googleapis.com/maven2/org/opensaml/opensaml-parent/3.3.0/opensaml-parent-3.3.0.pom (5.6 kB at 16 kB/s)
17:49:58.867 [Thread-12] DEBUG spoon.Launcher - [INFO] Downloading from google-maven-central: https://maven-central.storage-download.googleapis.com/maven2/org/opensaml/opensaml-saml-api/3.3.0/opensaml-saml-api-3.3.0.pom
17:49:59.019 [Thread-12] DEBUG spoon.Launcher - [INFO] Downloaded from google-maven-central: https://maven-central.storage-download.googleapis.com/maven2/org/opensaml/opensaml-saml-api/3.3.0/opensaml-saml-api-3.3.0.pom (2.5 kB at 16 kB/s)
17:49:59.024 [Thread-12] DEBUG spoon.Launcher - [INFO] Downloading from google-maven-central: https://maven-central.storage-download.googleapis.com/maven2/org/opensaml/opensaml-xmlsec-api/3.3.0/opensaml-xmlsec-api-3.3.0.pom
17:49:59.211 [Thread-12] DEBUG spoon.Launcher - [INFO] Downloaded from google-maven-central: https://maven-central.storage-download.googleapis.com/maven2/org/opensaml/opensaml-xmlsec-api/3.3.0/opensaml-xmlsec-api-3.3.0.pom (2.0 kB at 11 kB/s)
17:49:59.215 [Thread-12] DEBUG spoon.Launcher - [INFO] Downloading from google-maven-central: https://maven-central.storage-download.googleapis.com/maven2/org/opensaml/opensaml-security-api/3.3.0/opensaml-security-api-3.3.0.pom
17:49:59.545 [Thread-12] DEBUG spoon.Launcher - [INFO] Downloaded from google-maven-central: https://maven-central.storage-download.googleapis.com/maven2/org/opensaml/opensaml-security-api/3.3.0/opensaml-security-api-3.3.0.pom (2.4 kB at 7.2 kB/s)
17:49:59.549 [Thread-12] DEBUG spoon.Launcher - [INFO] Downloading from google-maven-central: https://maven-central.storage-download.googleapis.com/maven2/org/opensaml/opensaml-messaging-api/3.3.0/opensaml-messaging-api-3.3.0.pom
17:49:59.745 [Thread-12] DEBUG spoon.Launcher - [INFO] Downloaded from google-maven-central: https://maven-central.storage-download.googleapis.com/maven2/org/opensaml/opensaml-messaging-api/3.3.0/opensaml-messaging-api-3.3.0.pom (1.7 kB at 8.6 kB/s)
17:49:59.795 [Thread-12] DEBUG spoon.Launcher - [INFO] Downloading from google-maven-central: https://maven-central.storage-download.googleapis.com/maven2/org/opensaml/opensaml-soap-api/3.3.0/opensaml-soap-api-3.3.0.pom
17:49:59.937 [Thread-12] DEBUG spoon.Launcher - [INFO] Downloaded from google-maven-central: https://maven-central.storage-download.googleapis.com/maven2/org/opensaml/opensaml-soap-api/3.3.0/opensaml-soap-api-3.3.0.pom (1.6 kB at 11 kB/s)
17:49:59.941 [Thread-12] DEBUG spoon.Launcher - [INFO] Downloading from google-maven-central: https://maven-central.storage-download.googleapis.com/maven2/org/opensaml/opensaml-profile-api/3.3.0/opensaml-profile-api-3.3.0.pom
17:50:00.087 [Thread-12] DEBUG spoon.Launcher - [INFO] Downloaded from google-maven-central: https://maven-central.storage-download.googleapis.com/maven2/org/opensaml/opensaml-profile-api/3.3.0/opensaml-profile-api-3.3.0.pom (2.4 kB at 16 kB/s)
17:50:00.093 [Thread-12] DEBUG spoon.Launcher - [INFO] Downloading from google-maven-central: https://maven-central.storage-download.googleapis.com/maven2/org/opensaml/opensaml-storage-api/3.3.0/opensaml-storage-api-3.3.0.pom
17:50:00.256 [Thread-12] DEBUG spoon.Launcher - [INFO] Downloaded from google-maven-central: https://maven-central.storage-download.googleapis.com/maven2/org/opensaml/opensaml-storage-api/3.3.0/opensaml-storage-api-3.3.0.pom (1.2 kB at 7.4 kB/s)
17:50:00.262 [Thread-12] DEBUG spoon.Launcher - [INFO] Downloading from google-maven-central: https://maven-central.storage-download.googleapis.com/maven2/org/opensaml/opensaml-saml-impl/3.3.0/opensaml-saml-impl-3.3.0.pom
17:50:00.394 [Thread-12] DEBUG spoon.Launcher - [INFO] Downloaded from google-maven-central: https://maven-central.storage-download.googleapis.com/maven2/org/opensaml/opensaml-saml-impl/3.3.0/opensaml-saml-impl-3.3.0.pom (5.5 kB at 42 kB/s)
17:50:00.399 [Thread-12] DEBUG spoon.Launcher - [INFO] Downloading from google-maven-central: https://maven-central.storage-download.googleapis.com/maven2/org/opensaml/opensaml-security-impl/3.3.0/opensaml-security-impl-3.3.0.pom
17:50:00.567 [Thread-12] DEBUG spoon.Launcher - [INFO] Downloaded from google-maven-central: https://maven-central.storage-download.googleapis.com/maven2/org/opensaml/opensaml-security-impl/3.3.0/opensaml-security-impl-3.3.0.pom (2.1 kB at 12 kB/s)
17:50:00.571 [Thread-12] DEBUG spoon.Launcher - [INFO] Downloading from google-maven-central: https://maven-central.storage-download.googleapis.com/maven2/org/opensaml/opensaml-xmlsec-impl/3.3.0/opensaml-xmlsec-impl-3.3.0.pom
17:50:00.651 [Thread-12] DEBUG spoon.Launcher - [INFO] Downloaded from google-maven-central: https://maven-central.storage-download.googleapis.com/maven2/org/opensaml/opensaml-xmlsec-impl/3.3.0/opensaml-xmlsec-impl-3.3.0.pom (2.1 kB at 26 kB/s)
17:50:00.656 [Thread-12] DEBUG spoon.Launcher - [INFO] Downloading from google-maven-central: https://maven-central.storage-download.googleapis.com/maven2/org/opensaml/opensaml-soap-impl/3.3.0/opensaml-soap-impl-3.3.0.pom
17:50:00.814 [Thread-12] DEBUG spoon.Launcher - [INFO] Downloaded from google-maven-central: https://maven-central.storage-download.googleapis.com/maven2/org/opensaml/opensaml-soap-impl/3.3.0/opensaml-soap-impl-3.3.0.pom (2.7 kB at 17 kB/s)
17:50:00.823 [Thread-12] DEBUG spoon.Launcher - [INFO] Downloading from google-maven-central: https://maven-central.storage-download.googleapis.com/maven2/org/opensaml/opensaml-profile-impl/3.3.0/opensaml-profile-impl-3.3.0.pom
17:50:00.967 [Thread-12] DEBUG spoon.Launcher - [INFO] Downloaded from google-maven-central: https://maven-central.storage-download.googleapis.com/maven2/org/opensaml/opensaml-profile-impl/3.3.0/opensaml-profile-impl-3.3.0.pom (3.3 kB at 23 kB/s)
17:50:00.975 [Thread-12] DEBUG spoon.Launcher - [INFO] Downloading from google-maven-central: https://maven-central.storage-download.googleapis.com/maven2/org/opensaml/opensaml-messaging-impl/3.3.0/opensaml-messaging-impl-3.3.0.pom
17:50:01.148 [Thread-12] DEBUG spoon.Launcher - [INFO] Downloaded from google-maven-central: https://maven-central.storage-download.googleapis.com/maven2/org/opensaml/opensaml-messaging-impl/3.3.0/opensaml-messaging-impl-3.3.0.pom (2.1 kB at 12 kB/s)
17:50:01.155 [Thread-12] DEBUG spoon.Launcher - [INFO] Downloading from google-maven-central: https://maven-central.storage-download.googleapis.com/maven2/org/cryptacular/cryptacular/1.1.0/cryptacular-1.1.0.pom
17:50:01.258 [Thread-12] DEBUG spoon.Launcher - [INFO] Downloaded from google-maven-central: https://maven-central.storage-download.googleapis.com/maven2/org/cryptacular/cryptacular/1.1.0/cryptacular-1.1.0.pom (10.0 kB at 97 kB/s)
17:50:01.262 [Thread-12] DEBUG spoon.Launcher - [INFO] Downloading from google-maven-central: https://maven-central.storage-download.googleapis.com/maven2/joda-time/joda-time/2.9.2/joda-time-2.9.2.pom
17:50:01.395 [Thread-12] DEBUG spoon.Launcher - [INFO] Downloaded from google-maven-central: https://maven-central.storage-download.googleapis.com/maven2/joda-time/joda-time/2.9.2/joda-time-2.9.2.pom (30 kB at 224 kB/s)
17:50:01.430 [Thread-12] DEBUG spoon.Launcher - [INFO] Downloading from google-maven-central: https://maven-central.storage-download.googleapis.com/maven2/commons-logging/commons-logging/1.2/commons-logging-1.2.pom
17:50:01.442 [Thread-12] DEBUG spoon.Launcher - [INFO] Downloaded from google-maven-central: https://maven-central.storage-download.googleapis.com/maven2/commons-logging/commons-logging/1.2/commons-logging-1.2.pom (19 kB at 1.6 MB/s)
17:50:01.446 [Thread-12] DEBUG spoon.Launcher - [INFO] Downloading from google-maven-central: https://maven-central.storage-download.googleapis.com/maven2/org/apache/commons/commons-parent/34/commons-parent-34.pom
17:50:01.550 [Thread-12] DEBUG spoon.Launcher - [INFO] Downloaded from google-maven-central: https://maven-central.storage-download.googleapis.com/maven2/org/apache/commons/commons-parent/34/commons-parent-34.pom (56 kB at 533 kB/s)
17:50:01.555 [Thread-12] DEBUG spoon.Launcher - [INFO] Downloading from google-maven-central: https://maven-central.storage-download.googleapis.com/maven2/org/springframework/spring-web/4.3.7.RELEASE/spring-web-4.3.7.RELEASE.pom
17:50:01.745 [Thread-12] DEBUG spoon.Launcher - [INFO] Downloaded from google-maven-central: https://maven-central.storage-download.googleapis.com/maven2/org/springframework/spring-web/4.3.7.RELEASE/spring-web-4.3.7.RELEASE.pom (8.0 kB at 42 kB/s)
17:50:01.749 [Thread-12] DEBUG spoon.Launcher - [INFO] Downloading from google-maven-central: https://maven-central.storage-download.googleapis.com/maven2/org/springframework/spring-aop/4.3.7.RELEASE/spring-aop-4.3.7.RELEASE.pom
17:50:01.858 [Thread-12] DEBUG spoon.Launcher - [INFO] Downloaded from google-maven-central: https://maven-central.storage-download.googleapis.com/maven2/org/springframework/spring-aop/4.3.7.RELEASE/spring-aop-4.3.7.RELEASE.pom (2.7 kB at 25 kB/s)
17:50:01.861 [Thread-12] DEBUG spoon.Launcher - [INFO] Downloading from google-maven-central: https://maven-central.storage-download.googleapis.com/maven2/org/springframework/spring-beans/4.3.7.RELEASE/spring-beans-4.3.7.RELEASE.pom
17:50:02.029 [Thread-12] DEBUG spoon.Launcher - [INFO] Downloaded from google-maven-central: https://maven-central.storage-download.googleapis.com/maven2/org/springframework/spring-beans/4.3.7.RELEASE/spring-beans-4.3.7.RELEASE.pom (2.5 kB at 15 kB/s)
17:50:02.033 [Thread-12] DEBUG spoon.Launcher - [INFO] Downloading from google-maven-central: https://maven-central.storage-download.googleapis.com/maven2/org/springframework/spring-context/4.3.7.RELEASE/spring-context-4.3.7.RELEASE.pom
17:50:02.175 [Thread-12] DEBUG spoon.Launcher - [INFO] Downloaded from google-maven-central: https://maven-central.storage-download.googleapis.com/maven2/org/springframework/spring-context/4.3.7.RELEASE/spring-context-4.3.7.RELEASE.pom (5.0 kB at 35 kB/s)
17:50:02.179 [Thread-12] DEBUG spoon.Launcher - [INFO] Downloading from google-maven-central: https://maven-central.storage-download.googleapis.com/maven2/org/springframework/spring-expression/4.3.7.RELEASE/spring-expression-4.3.7.RELEASE.pom
17:50:02.308 [Thread-12] DEBUG spoon.Launcher - [INFO] Downloaded from google-maven-central: https://maven-central.storage-download.googleapis.com/maven2/org/springframework/spring-expression/4.3.7.RELEASE/spring-expression-4.3.7.RELEASE.pom (1.7 kB at 13 kB/s)
17:50:02.334 [Thread-12] DEBUG spoon.Launcher - [INFO] Downloading from google-maven-central: https://maven-central.storage-download.googleapis.com/maven2/org/opensaml/opensaml-core/3.3.0/opensaml-core-3.3.0.jar
17:50:02.351 [Thread-12] DEBUG spoon.Launcher - [INFO] Downloading from google-maven-central: https://maven-central.storage-download.googleapis.com/maven2/org/opensaml/opensaml-storage-api/3.3.0/opensaml-storage-api-3.3.0.jar
17:50:02.351 [Thread-12] DEBUG spoon.Launcher - [INFO] Downloading from google-maven-central: https://maven-central.storage-download.googleapis.com/maven2/org/opensaml/opensaml-soap-impl/3.3.0/opensaml-soap-impl-3.3.0.jar
17:50:02.352 [Thread-12] DEBUG spoon.Launcher - [INFO] Downloading from google-maven-central: https://maven-central.storage-download.googleapis.com/maven2/org/opensaml/opensaml-saml-impl/3.3.0/opensaml-saml-impl-3.3.0.jar
17:50:02.353 [Thread-12] DEBUG spoon.Launcher - [INFO] Downloading from google-maven-central: https://maven-central.storage-download.googleapis.com/maven2/org/opensaml/opensaml-saml-api/3.3.0/opensaml-saml-api-3.3.0.jar
17:50:02.470 [Thread-12] DEBUG spoon.Launcher - [INFO] Downloaded from google-maven-central: https://maven-central.storage-download.googleapis.com/maven2/org/opensaml/opensaml-storage-api/3.3.0/opensaml-storage-api-3.3.0.jar (24 kB at 176 kB/s)
17:50:02.470 [Thread-12] DEBUG spoon.Launcher - [INFO] Downloading from google-maven-central: https://maven-central.storage-download.googleapis.com/maven2/org/opensaml/opensaml-soap-api/3.3.0/opensaml-soap-api-3.3.0.jar
17:50:02.485 [Thread-12] DEBUG spoon.Launcher - [INFO] Downloaded from google-maven-central: https://maven-central.storage-download.googleapis.com/maven2/org/opensaml/opensaml-core/3.3.0/opensaml-core-3.3.0.jar (178 kB at 1.1 MB/s)
17:50:02.485 [Thread-12] DEBUG spoon.Launcher - [INFO] Downloading from google-maven-central: https://maven-central.storage-download.googleapis.com/maven2/org/opensaml/opensaml-xmlsec-api/3.3.0/opensaml-xmlsec-api-3.3.0.jar
17:50:02.522 [Thread-12] DEBUG spoon.Launcher - [INFO] Downloaded from google-maven-central: https://maven-central.storage-download.googleapis.com/maven2/org/opensaml/opensaml-saml-api/3.3.0/opensaml-saml-api-3.3.0.jar (397 kB at 2.1 MB/s)
17:50:02.522 [Thread-12] DEBUG spoon.Launcher - [INFO] Downloading from google-maven-central: https://maven-central.storage-download.googleapis.com/maven2/org/opensaml/opensaml-security-api/3.3.0/opensaml-security-api-3.3.0.jar
17:50:02.557 [Thread-12] DEBUG spoon.Launcher - [INFO] Downloaded from google-maven-central: https://maven-central.storage-download.googleapis.com/maven2/org/opensaml/opensaml-saml-impl/3.3.0/opensaml-saml-impl-3.3.0.jar (1.1 MB at 5.1 MB/s)
17:50:02.557 [Thread-12] DEBUG spoon.Launcher - [INFO] Downloading from google-maven-central: https://maven-central.storage-download.googleapis.com/maven2/org/opensaml/opensaml-security-impl/3.3.0/opensaml-security-impl-3.3.0.jar
17:50:02.634 [Thread-12] DEBUG spoon.Launcher - [INFO] Downloaded from google-maven-central: https://maven-central.storage-download.googleapis.com/maven2/org/opensaml/opensaml-soap-impl/3.3.0/opensaml-soap-impl-3.3.0.jar (403 kB at 1.4 MB/s)
17:50:02.634 [Thread-12] DEBUG spoon.Launcher - [INFO] Downloading from google-maven-central: https://maven-central.storage-download.googleapis.com/maven2/org/opensaml/opensaml-profile-api/3.3.0/opensaml-profile-api-3.3.0.jar
17:50:02.696 [Thread-12] DEBUG spoon.Launcher - [INFO] Downloaded from google-maven-central: https://maven-central.storage-download.googleapis.com/maven2/org/opensaml/opensaml-soap-api/3.3.0/opensaml-soap-api-3.3.0.jar (161 kB at 457 kB/s)
17:50:02.696 [Thread-12] DEBUG spoon.Launcher - [INFO] Downloading from google-maven-central: https://maven-central.storage-download.googleapis.com/maven2/org/opensaml/opensaml-profile-impl/3.3.0/opensaml-profile-impl-3.3.0.jar
17:50:02.718 [Thread-12] DEBUG spoon.Launcher - [INFO] Downloaded from google-maven-central: https://maven-central.storage-download.googleapis.com/maven2/org/opensaml/opensaml-security-api/3.3.0/opensaml-security-api-3.3.0.jar (61 kB at 163 kB/s)
17:50:02.718 [Thread-12] DEBUG spoon.Launcher - [INFO] Downloading from google-maven-central: https://maven-central.storage-download.googleapis.com/maven2/org/opensaml/opensaml-messaging-api/3.3.0/opensaml-messaging-api-3.3.0.jar
17:50:02.721 [Thread-12] DEBUG spoon.Launcher - [INFO] Downloaded from google-maven-central: https://maven-central.storage-download.googleapis.com/maven2/org/opensaml/opensaml-security-impl/3.3.0/opensaml-security-impl-3.3.0.jar (98 kB at 258 kB/s)
17:50:02.721 [Thread-12] DEBUG spoon.Launcher - [INFO] Downloading from google-maven-central: https://maven-central.storage-download.googleapis.com/maven2/org/opensaml/opensaml-messaging-impl/3.3.0/opensaml-messaging-impl-3.3.0.jar
17:50:02.729 [Thread-12] DEBUG spoon.Launcher - [INFO] Downloaded from google-maven-central: https://maven-central.storage-download.googleapis.com/maven2/org/opensaml/opensaml-xmlsec-api/3.3.0/opensaml-xmlsec-api-3.3.0.jar (206 kB at 534 kB/s)
17:50:02.729 [Thread-12] DEBUG spoon.Launcher - [INFO] Downloading from google-maven-central: https://maven-central.storage-download.googleapis.com/maven2/org/opensaml/opensaml-xmlsec-impl/3.3.0/opensaml-xmlsec-impl-3.3.0.jar
17:50:02.799 [Thread-12] DEBUG spoon.Launcher - [INFO] Downloaded from google-maven-central: https://maven-central.storage-download.googleapis.com/maven2/org/opensaml/opensaml-profile-api/3.3.0/opensaml-profile-api-3.3.0.jar (27 kB at 59 kB/s)
17:50:02.799 [Thread-12] DEBUG spoon.Launcher - [INFO] Downloading from google-maven-central: https://maven-central.storage-download.googleapis.com/maven2/org/cryptacular/cryptacular/1.1.0/cryptacular-1.1.0.jar
17:50:02.894 [Thread-12] DEBUG spoon.Launcher - [INFO] Downloaded from google-maven-central: https://maven-central.storage-download.googleapis.com/maven2/org/opensaml/opensaml-xmlsec-impl/3.3.0/opensaml-xmlsec-impl-3.3.0.jar (292 kB at 531 kB/s)
17:50:02.895 [Thread-12] DEBUG spoon.Launcher - [INFO] Downloading from google-maven-central: https://maven-central.storage-download.googleapis.com/maven2/joda-time/joda-time/2.9.2/joda-time-2.9.2.jar
17:50:02.897 [Thread-12] DEBUG spoon.Launcher - [INFO] Downloaded from google-maven-central: https://maven-central.storage-download.googleapis.com/maven2/org/opensaml/opensaml-profile-impl/3.3.0/opensaml-profile-impl-3.3.0.jar (28 kB at 51 kB/s)
17:50:02.897 [Thread-12] DEBUG spoon.Launcher - [INFO] Downloading from google-maven-central: https://maven-central.storage-download.googleapis.com/maven2/commons-logging/commons-logging/1.2/commons-logging-1.2.jar
17:50:02.906 [Thread-12] DEBUG spoon.Launcher - [INFO] Downloaded from google-maven-central: https://maven-central.storage-download.googleapis.com/maven2/commons-logging/commons-logging/1.2/commons-logging-1.2.jar (62 kB at 110 kB/s)
17:50:02.906 [Thread-12] DEBUG spoon.Launcher - [INFO] Downloading from google-maven-central: https://maven-central.storage-download.googleapis.com/maven2/org/springframework/spring-web/4.3.7.RELEASE/spring-web-4.3.7.RELEASE.jar
17:50:02.910 [Thread-12] DEBUG spoon.Launcher - [INFO] Downloaded from google-maven-central: https://maven-central.storage-download.googleapis.com/maven2/org/cryptacular/cryptacular/1.1.0/cryptacular-1.1.0.jar (151 kB at 266 kB/s)
17:50:02.910 [Thread-12] DEBUG spoon.Launcher - [INFO] Downloading from google-maven-central: https://maven-central.storage-download.googleapis.com/maven2/org/springframework/spring-aop/4.3.7.RELEASE/spring-aop-4.3.7.RELEASE.jar
17:50:02.980 [Thread-12] DEBUG spoon.Launcher - [INFO] Downloaded from google-maven-central: https://maven-central.storage-download.googleapis.com/maven2/org/opensaml/opensaml-messaging-impl/3.3.0/opensaml-messaging-impl-3.3.0.jar (13 kB at 20 kB/s)
17:50:02.980 [Thread-12] DEBUG spoon.Launcher - [INFO] Downloading from google-maven-central: https://maven-central.storage-download.googleapis.com/maven2/org/springframework/spring-beans/4.3.7.RELEASE/spring-beans-4.3.7.RELEASE.jar
17:50:03.036 [Thread-12] DEBUG spoon.Launcher - [INFO] Downloaded from google-maven-central: https://maven-central.storage-download.googleapis.com/maven2/org/opensaml/opensaml-messaging-api/3.3.0/opensaml-messaging-api-3.3.0.jar (53 kB at 77 kB/s)
17:50:03.036 [Thread-12] DEBUG spoon.Launcher - [INFO] Downloading from google-maven-central: https://maven-central.storage-download.googleapis.com/maven2/org/springframework/spring-context/4.3.7.RELEASE/spring-context-4.3.7.RELEASE.jar
17:50:03.068 [Thread-12] DEBUG spoon.Launcher - [INFO] Downloaded from google-maven-central: https://maven-central.storage-download.googleapis.com/maven2/joda-time/joda-time/2.9.2/joda-time-2.9.2.jar (626 kB at 864 kB/s)
17:50:03.068 [Thread-12] DEBUG spoon.Launcher - [INFO] Downloading from google-maven-central: https://maven-central.storage-download.googleapis.com/maven2/org/springframework/spring-expression/4.3.7.RELEASE/spring-expression-4.3.7.RELEASE.jar
17:50:03.113 [Thread-12] DEBUG spoon.Launcher - [INFO] Downloaded from google-maven-central: https://maven-central.storage-download.googleapis.com/maven2/org/springframework/spring-web/4.3.7.RELEASE/spring-web-4.3.7.RELEASE.jar (818 kB at 1.1 MB/s)
17:50:03.128 [Thread-12] DEBUG spoon.Launcher - [INFO] Downloaded from google-maven-central: https://maven-central.storage-download.googleapis.com/maven2/org/springframework/spring-aop/4.3.7.RELEASE/spring-aop-4.3.7.RELEASE.jar (380 kB at 484 kB/s)
17:50:03.150 [Thread-12] DEBUG spoon.Launcher - [INFO] Downloaded from google-maven-central: https://maven-central.storage-download.googleapis.com/maven2/org/springframework/spring-expression/4.3.7.RELEASE/spring-expression-4.3.7.RELEASE.jar (263 kB at 327 kB/s)
17:50:03.249 [Thread-12] DEBUG spoon.Launcher - [INFO] Downloaded from google-maven-central: https://maven-central.storage-download.googleapis.com/maven2/org/springframework/spring-beans/4.3.7.RELEASE/spring-beans-4.3.7.RELEASE.jar (763 kB at 842 kB/s)
17:50:03.264 [Thread-12] DEBUG spoon.Launcher - [INFO] Downloaded from google-maven-central: https://maven-central.storage-download.googleapis.com/maven2/org/springframework/spring-context/4.3.7.RELEASE/spring-context-4.3.7.RELEASE.jar (1.1 MB at 1.2 MB/s)
17:50:03.276 [Thread-12] DEBUG spoon.Launcher - [INFO] 
17:50:03.277 [Thread-12] DEBUG spoon.Launcher - [INFO] --- maven-dependency-plugin:2.8:build-classpath (default-cli) @ pac4j-saml ---
17:50:03.282 [Thread-12] DEBUG spoon.Launcher - [INFO] Wrote classpath file '/home/travis/build/SpoonLabs/spoon-ci-external/spoon/src/test/resources/maven-launcher/pac4j/pac4j-saml/spoon.classpath.tmp'.
17:50:03.283 [Thread-12] DEBUG spoon.Launcher - [INFO] 
17:50:03.284 [Thread-12] DEBUG spoon.Launcher - [INFO] -----------------------< org.pac4j:pac4j-oauth >------------------------
17:50:03.285 [Thread-12] DEBUG spoon.Launcher - [INFO] Building pac4j for OAuth protocol 3.0.0                           [5/16]
17:50:03.285 [Thread-12] DEBUG spoon.Launcher - [INFO] --------------------------------[ jar ]---------------------------------
17:50:03.290 [Thread-12] DEBUG spoon.Launcher - [INFO] Downloading from google-maven-central: https://maven-central.storage-download.googleapis.com/maven2/com/github/scribejava/scribejava-apis/3.3.0/scribejava-apis-3.3.0.pom
17:50:03.477 [Thread-12] DEBUG spoon.Launcher - [INFO] Downloaded from google-maven-central: https://maven-central.storage-download.googleapis.com/maven2/com/github/scribejava/scribejava-apis/3.3.0/scribejava-apis-3.3.0.pom (1.8 kB at 9.3 kB/s)
17:50:03.479 [Thread-12] DEBUG spoon.Launcher - [INFO] Downloading from google-maven-central: https://maven-central.storage-download.googleapis.com/maven2/com/github/scribejava/scribejava/3.3.0/scribejava-3.3.0.pom
17:50:03.641 [Thread-12] DEBUG spoon.Launcher - [INFO] Downloaded from google-maven-central: https://maven-central.storage-download.googleapis.com/maven2/com/github/scribejava/scribejava/3.3.0/scribejava-3.3.0.pom (11 kB at 66 kB/s)
17:50:03.645 [Thread-12] DEBUG spoon.Launcher - [INFO] Downloading from google-maven-central: https://maven-central.storage-download.googleapis.com/maven2/com/github/scribejava/scribejava-core/3.3.0/scribejava-core-3.3.0.pom
17:50:03.857 [Thread-12] DEBUG spoon.Launcher - [INFO] Downloaded from google-maven-central: https://maven-central.storage-download.googleapis.com/maven2/com/github/scribejava/scribejava-core/3.3.0/scribejava-core-3.3.0.pom (1.0 kB at 4.9 kB/s)
17:50:03.870 [Thread-12] DEBUG spoon.Launcher - [INFO] Downloading from google-maven-central: https://maven-central.storage-download.googleapis.com/maven2/com/github/scribejava/scribejava-apis/3.3.0/scribejava-apis-3.3.0.jar
17:50:03.880 [Thread-12] DEBUG spoon.Launcher - [INFO] Downloading from google-maven-central: https://maven-central.storage-download.googleapis.com/maven2/com/github/scribejava/scribejava-core/3.3.0/scribejava-core-3.3.0.jar
17:50:03.979 [Thread-12] DEBUG spoon.Launcher - [INFO] Downloaded from google-maven-central: https://maven-central.storage-download.googleapis.com/maven2/com/github/scribejava/scribejava-apis/3.3.0/scribejava-apis-3.3.0.jar (83 kB at 756 kB/s)
17:50:04.096 [Thread-12] DEBUG spoon.Launcher - [INFO] Downloaded from google-maven-central: https://maven-central.storage-download.googleapis.com/maven2/com/github/scribejava/scribejava-core/3.3.0/scribejava-core-3.3.0.jar (82 kB at 359 kB/s)
17:50:04.098 [Thread-12] DEBUG spoon.Launcher - [INFO] 
17:50:04.099 [Thread-12] DEBUG spoon.Launcher - [INFO] --- maven-dependency-plugin:2.8:build-classpath (default-cli) @ pac4j-oauth ---
17:50:04.101 [Thread-12] DEBUG spoon.Launcher - [INFO] Wrote classpath file '/home/travis/build/SpoonLabs/spoon-ci-external/spoon/src/test/resources/maven-launcher/pac4j/pac4j-oauth/spoon.classpath.tmp'.
17:50:04.113 [Thread-12] DEBUG spoon.Launcher - [INFO] 
17:50:04.114 [Thread-12] DEBUG spoon.Launcher - [INFO] ------------------------< org.pac4j:pac4j-oidc >------------------------
17:50:04.126 [Thread-12] DEBUG spoon.Launcher - [INFO] Building pac4j for OpenID Connect protocol 3.0.0                  [6/16]
17:50:04.131 [Thread-12] DEBUG spoon.Launcher - [INFO] --------------------------------[ jar ]---------------------------------
17:50:04.171 [Thread-12] DEBUG spoon.Launcher - [INFO] Downloading from google-maven-central: https://maven-central.storage-download.googleapis.com/maven2/com/nimbusds/oauth2-oidc-sdk/5.24.2/oauth2-oidc-sdk-5.24.2.pom
17:50:04.370 [Thread-12] DEBUG spoon.Launcher - [INFO] Downloaded from google-maven-central: https://maven-central.storage-download.googleapis.com/maven2/com/nimbusds/oauth2-oidc-sdk/5.24.2/oauth2-oidc-sdk-5.24.2.pom (11 kB at 51 kB/s)
17:50:04.433 [Thread-12] DEBUG spoon.Launcher - [INFO] Downloading from google-maven-central: https://maven-central.storage-download.googleapis.com/maven2/org/apache/commons/commons-lang3/3.5/commons-lang3-3.5.pom
17:50:04.474 [Thread-12] DEBUG spoon.Launcher - [INFO] Downloaded from google-maven-central: https://maven-central.storage-download.googleapis.com/maven2/org/apache/commons/commons-lang3/3.5/commons-lang3-3.5.pom (23 kB at 584 kB/s)
17:50:04.502 [Thread-12] DEBUG spoon.Launcher - [INFO] Downloading from google-maven-central: https://maven-central.storage-download.googleapis.com/maven2/org/apache/commons/commons-parent/41/commons-parent-41.pom
17:50:04.535 [Thread-12] DEBUG spoon.Launcher - [INFO] Downloaded from google-maven-central: https://maven-central.storage-download.googleapis.com/maven2/org/apache/commons/commons-parent/41/commons-parent-41.pom (65 kB at 1.8 MB/s)
17:50:04.593 [Thread-12] DEBUG spoon.Launcher - [INFO] Downloading from sonatype: https://oss.sonatype.org/content/repositories/releases/com/nimbusds/lang-tag/maven-metadata.xml
17:50:04.600 [Thread-12] DEBUG spoon.Launcher - [INFO] Downloading from sonatype-apache: https://repository.apache.org/content/repositories/releases/com/nimbusds/lang-tag/maven-metadata.xml
17:50:04.615 [Thread-12] DEBUG spoon.Launcher - [INFO] Downloading from apache-snapshots: https://repository.apache.org/snapshots/com/nimbusds/lang-tag/maven-metadata.xml
17:50:04.971 [Thread-12] DEBUG spoon.Launcher - [INFO] Downloaded from sonatype: https://oss.sonatype.org/content/repositories/releases/com/nimbusds/lang-tag/maven-metadata.xml (563 B at 1.5 kB/s)
17:50:05.124 [Thread-12] DEBUG spoon.Launcher - [INFO] Downloading from sonatype: https://oss.sonatype.org/content/repositories/releases/net/minidev/json-smart/maven-metadata.xml
17:50:05.130 [Thread-12] DEBUG spoon.Launcher - [INFO] Downloading from apache-snapshots: https://repository.apache.org/snapshots/net/minidev/json-smart/maven-metadata.xml
17:50:05.131 [Thread-12] DEBUG spoon.Launcher - [INFO] Downloading from sonatype-apache: https://repository.apache.org/content/repositories/releases/net/minidev/json-smart/maven-metadata.xml
17:50:05.247 [Thread-12] DEBUG spoon.Launcher - [INFO] Downloaded from sonatype: https://oss.sonatype.org/content/repositories/releases/net/minidev/json-smart/maven-metadata.xml (849 B at 7.0 kB/s)
17:50:05.512 [Thread-12] DEBUG spoon.Launcher - [INFO] Downloading from google-maven-central: https://maven-central.storage-download.googleapis.com/maven2/com/nimbusds/oauth2-oidc-sdk/5.24.2/oauth2-oidc-sdk-5.24.2.jar
17:50:05.519 [Thread-12] DEBUG spoon.Launcher - [INFO] Downloading from google-maven-central: https://maven-central.storage-download.googleapis.com/maven2/org/apache/commons/commons-lang3/3.5/commons-lang3-3.5.jar
17:50:05.526 [Thread-12] DEBUG spoon.Launcher - [INFO] Downloading from google-maven-central: https://maven-central.storage-download.googleapis.com/maven2/net/minidev/json-smart/1.3.1/json-smart-1.3.1.jar
17:50:05.528 [Thread-12] DEBUG spoon.Launcher - [INFO] Downloading from google-maven-central: https://maven-central.storage-download.googleapis.com/maven2/org/bouncycastle/bcprov-jdk15on/1.55/bcprov-jdk15on-1.55.jar
17:50:05.550 [Thread-12] DEBUG spoon.Launcher - [INFO] Downloaded from google-maven-central: https://maven-central.storage-download.googleapis.com/maven2/org/apache/commons/commons-lang3/3.5/commons-lang3-3.5.jar (480 kB at 12 MB/s)
17:50:05.689 [Thread-12] DEBUG spoon.Launcher - [INFO] Downloaded from google-maven-central: https://maven-central.storage-download.googleapis.com/maven2/net/minidev/json-smart/1.3.1/json-smart-1.3.1.jar (78 kB at 448 kB/s)
17:50:05.766 [Thread-12] DEBUG spoon.Launcher - [INFO] Downloaded from google-maven-central: https://maven-central.storage-download.googleapis.com/maven2/com/nimbusds/oauth2-oidc-sdk/5.24.2/oauth2-oidc-sdk-5.24.2.jar (363 kB at 1.4 MB/s)
17:50:05.776 [Thread-12] DEBUG spoon.Launcher - [INFO] Downloaded from google-maven-central: https://maven-central.storage-download.googleapis.com/maven2/org/bouncycastle/bcprov-jdk15on/1.55/bcprov-jdk15on-1.55.jar (3.4 MB at 13 MB/s)
17:50:05.781 [Thread-12] DEBUG spoon.Launcher - [INFO] 
17:50:05.782 [Thread-12] DEBUG spoon.Launcher - [INFO] --- maven-dependency-plugin:2.8:build-classpath (default-cli) @ pac4j-oidc ---
17:50:05.787 [Thread-12] DEBUG spoon.Launcher - [INFO] Wrote classpath file '/home/travis/build/SpoonLabs/spoon-ci-external/spoon/src/test/resources/maven-launcher/pac4j/pac4j-oidc/spoon.classpath.tmp'.
17:50:05.788 [Thread-12] DEBUG spoon.Launcher - [INFO] 
17:50:05.789 [Thread-12] DEBUG spoon.Launcher - [INFO] ------------------------< org.pac4j:pac4j-ldap >------------------------
17:50:05.790 [Thread-12] DEBUG spoon.Launcher - [INFO] Building pac4j for LDAP 3.0.0                                     [7/16]
17:50:05.790 [Thread-12] DEBUG spoon.Launcher - [INFO] --------------------------------[ jar ]---------------------------------
17:50:05.799 [Thread-12] DEBUG spoon.Launcher - [INFO] Downloading from google-maven-central: https://maven-central.storage-download.googleapis.com/maven2/org/ldaptive/ldaptive/1.2.1/ldaptive-1.2.1.pom
17:50:06.006 [Thread-12] DEBUG spoon.Launcher - [INFO] Downloaded from google-maven-central: https://maven-central.storage-download.googleapis.com/maven2/org/ldaptive/ldaptive/1.2.1/ldaptive-1.2.1.pom (1.1 kB at 5.1 kB/s)
17:50:06.009 [Thread-12] DEBUG spoon.Launcher - [INFO] Downloading from google-maven-central: https://maven-central.storage-download.googleapis.com/maven2/org/ldaptive/ldaptive-parent/1.2.1/ldaptive-parent-1.2.1.pom
17:50:06.273 [Thread-12] DEBUG spoon.Launcher - [INFO] Downloaded from google-maven-central: https://maven-central.storage-download.googleapis.com/maven2/org/ldaptive/ldaptive-parent/1.2.1/ldaptive-parent-1.2.1.pom (20 kB at 74 kB/s)
17:50:06.278 [Thread-12] DEBUG spoon.Launcher - [INFO] Downloading from google-maven-central: https://maven-central.storage-download.googleapis.com/maven2/commons-cli/commons-cli/1.3.1/commons-cli-1.3.1.pom
17:50:06.285 [Thread-12] DEBUG spoon.Launcher - [INFO] Downloaded from google-maven-central: https://maven-central.storage-download.googleapis.com/maven2/commons-cli/commons-cli/1.3.1/commons-cli-1.3.1.pom (10 kB at 1.7 MB/s)
17:50:06.288 [Thread-12] DEBUG spoon.Launcher - [INFO] Downloading from google-maven-central: https://maven-central.storage-download.googleapis.com/maven2/org/apache/commons/commons-parent/37/commons-parent-37.pom
17:50:06.298 [Thread-12] DEBUG spoon.Launcher - [INFO] Downloaded from google-maven-central: https://maven-central.storage-download.googleapis.com/maven2/org/apache/commons/commons-parent/37/commons-parent-37.pom (63 kB at 6.3 MB/s)
17:50:06.305 [Thread-12] DEBUG spoon.Launcher - [INFO] Downloading from google-maven-central: https://maven-central.storage-download.googleapis.com/maven2/org/ldaptive/ldaptive/1.2.1/ldaptive-1.2.1.jar
17:50:06.311 [Thread-12] DEBUG spoon.Launcher - [INFO] Downloading from google-maven-central: https://maven-central.storage-download.googleapis.com/maven2/commons-cli/commons-cli/1.3.1/commons-cli-1.3.1.jar
17:50:06.396 [Thread-12] DEBUG spoon.Launcher - [INFO] Downloaded from google-maven-central: https://maven-central.storage-download.googleapis.com/maven2/commons-cli/commons-cli/1.3.1/commons-cli-1.3.1.jar (53 kB at 595 kB/s)
17:50:06.617 [Thread-12] DEBUG spoon.Launcher - [INFO] Downloaded from google-maven-central: https://maven-central.storage-download.googleapis.com/maven2/org/ldaptive/ldaptive/1.2.1/ldaptive-1.2.1.jar (788 kB at 2.5 MB/s)
17:50:06.619 [Thread-12] DEBUG spoon.Launcher - [INFO] 
17:50:06.619 [Thread-12] DEBUG spoon.Launcher - [INFO] --- maven-dependency-plugin:2.8:build-classpath (default-cli) @ pac4j-ldap ---
17:50:06.621 [Thread-12] DEBUG spoon.Launcher - [INFO] Wrote classpath file '/home/travis/build/SpoonLabs/spoon-ci-external/spoon/src/test/resources/maven-launcher/pac4j/pac4j-ldap/spoon.classpath.tmp'.
17:50:06.621 [Thread-12] DEBUG spoon.Launcher - [INFO] 
17:50:06.621 [Thread-12] DEBUG spoon.Launcher - [INFO] ------------------------< org.pac4j:pac4j-http >------------------------
17:50:06.621 [Thread-12] DEBUG spoon.Launcher - [INFO] Building pac4j for HTTP protocol 3.0.0                            [8/16]
17:50:06.621 [Thread-12] DEBUG spoon.Launcher - [INFO] --------------------------------[ jar ]---------------------------------
17:50:06.624 [Thread-12] DEBUG spoon.Launcher - [INFO] Downloading from google-maven-central: https://maven-central.storage-download.googleapis.com/maven2/org/nanohttpd/nanohttpd/2.3.1/nanohttpd-2.3.1.pom
17:50:06.918 [Thread-12] DEBUG spoon.Launcher - [INFO] Downloaded from google-maven-central: https://maven-central.storage-download.googleapis.com/maven2/org/nanohttpd/nanohttpd/2.3.1/nanohttpd-2.3.1.pom (915 B at 3.1 kB/s)
17:50:06.920 [Thread-12] DEBUG spoon.Launcher - [INFO] Downloading from google-maven-central: https://maven-central.storage-download.googleapis.com/maven2/org/nanohttpd/nanohttpd-project/2.3.1/nanohttpd-project-2.3.1.pom
17:50:07.089 [Thread-12] DEBUG spoon.Launcher - [INFO] Downloaded from google-maven-central: https://maven-central.storage-download.googleapis.com/maven2/org/nanohttpd/nanohttpd-project/2.3.1/nanohttpd-project-2.3.1.pom (14 kB at 81 kB/s)
17:50:07.094 [Thread-12] DEBUG spoon.Launcher - [INFO] Downloading from google-maven-central: https://maven-central.storage-download.googleapis.com/maven2/org/nanohttpd/nanohttpd/2.3.1/nanohttpd-2.3.1.jar
17:50:07.308 [Thread-12] DEBUG spoon.Launcher - [INFO] Downloaded from google-maven-central: https://maven-central.storage-download.googleapis.com/maven2/org/nanohttpd/nanohttpd/2.3.1/nanohttpd-2.3.1.jar (51 kB at 240 kB/s)
17:50:07.309 [Thread-12] DEBUG spoon.Launcher - [INFO] 
17:50:07.309 [Thread-12] DEBUG spoon.Launcher - [INFO] --- maven-dependency-plugin:2.8:build-classpath (default-cli) @ pac4j-http ---
17:50:07.311 [Thread-12] DEBUG spoon.Launcher - [INFO] Wrote classpath file '/home/travis/build/SpoonLabs/spoon-ci-external/spoon/src/test/resources/maven-launcher/pac4j/pac4j-http/spoon.classpath.tmp'.
17:50:07.311 [Thread-12] DEBUG spoon.Launcher - [INFO] 
17:50:07.311 [Thread-12] DEBUG spoon.Launcher - [INFO] ------------------------< org.pac4j:pac4j-sql >-------------------------
17:50:07.311 [Thread-12] DEBUG spoon.Launcher - [INFO] Building pac4j for relational DB 3.0.0                            [9/16]
17:50:07.312 [Thread-12] DEBUG spoon.Launcher - [INFO] --------------------------------[ jar ]---------------------------------
17:50:07.318 [Thread-12] DEBUG spoon.Launcher - [INFO] Downloading from google-maven-central: https://maven-central.storage-download.googleapis.com/maven2/com/h2database/h2/1.4.194/h2-1.4.194.pom
17:50:07.466 [Thread-12] DEBUG spoon.Launcher - [INFO] Downloaded from google-maven-central: https://maven-central.storage-download.googleapis.com/maven2/com/h2database/h2/1.4.194/h2-1.4.194.pom (960 B at 6.5 kB/s)
17:50:07.469 [Thread-12] DEBUG spoon.Launcher - [INFO] Downloading from google-maven-central: https://maven-central.storage-download.googleapis.com/maven2/com/h2database/h2/1.4.194/h2-1.4.194.jar
17:50:07.690 [Thread-12] DEBUG spoon.Launcher - [INFO] Downloaded from google-maven-central: https://maven-central.storage-download.googleapis.com/maven2/com/h2database/h2/1.4.194/h2-1.4.194.jar (1.8 MB at 8.2 MB/s)
17:50:07.692 [Thread-12] DEBUG spoon.Launcher - [INFO] 
17:50:07.693 [Thread-12] DEBUG spoon.Launcher - [INFO] --- maven-dependency-plugin:2.8:build-classpath (default-cli) @ pac4j-sql ---
17:50:07.699 [Thread-12] DEBUG spoon.Launcher - [INFO] Wrote classpath file '/home/travis/build/SpoonLabs/spoon-ci-external/spoon/src/test/resources/maven-launcher/pac4j/pac4j-sql/spoon.classpath.tmp'.
17:50:07.699 [Thread-12] DEBUG spoon.Launcher - [INFO] 
17:50:07.700 [Thread-12] DEBUG spoon.Launcher - [INFO] -----------------------< org.pac4j:pac4j-config >-----------------------
17:50:07.701 [Thread-12] DEBUG spoon.Launcher - [INFO] Building pac4j configuration 3.0.0                               [10/16]
17:50:07.702 [Thread-12] DEBUG spoon.Launcher - [INFO] --------------------------------[ jar ]---------------------------------
17:50:07.741 [Thread-12] DEBUG spoon.Launcher - [INFO] 
17:50:07.742 [Thread-12] DEBUG spoon.Launcher - [INFO] --- maven-dependency-plugin:2.8:build-classpath (default-cli) @ pac4j-config ---
17:50:07.746 [Thread-12] DEBUG spoon.Launcher - [INFO] Wrote classpath file '/home/travis/build/SpoonLabs/spoon-ci-external/spoon/src/test/resources/maven-launcher/pac4j/pac4j-config/spoon.classpath.tmp'.
17:50:07.746 [Thread-12] DEBUG spoon.Launcher - [INFO] 
17:50:07.746 [Thread-12] DEBUG spoon.Launcher - [INFO] -----------------------< org.pac4j:pac4j-openid >-----------------------
17:50:07.746 [Thread-12] DEBUG spoon.Launcher - [INFO] Building pac4j for OpenId protocol 3.0.0                         [11/16]
17:50:07.746 [Thread-12] DEBUG spoon.Launcher - [INFO] --------------------------------[ jar ]---------------------------------
17:50:07.751 [Thread-12] DEBUG spoon.Launcher - [INFO] Downloading from google-maven-central: https://maven-central.storage-download.googleapis.com/maven2/org/openid4java/openid4java/1.0.0/openid4java-1.0.0.pom
17:50:07.961 [Thread-12] DEBUG spoon.Launcher - [INFO] Downloaded from google-maven-central: https://maven-central.storage-download.googleapis.com/maven2/org/openid4java/openid4java/1.0.0/openid4java-1.0.0.pom (26 kB at 122 kB/s)
17:50:07.965 [Thread-12] DEBUG spoon.Launcher - [INFO] Downloading from google-maven-central: https://maven-central.storage-download.googleapis.com/maven2/org/apache/httpcomponents/httpclient/4.1/httpclient-4.1.pom
17:50:08.077 [Thread-12] DEBUG spoon.Launcher - [INFO] Downloaded from google-maven-central: https://maven-central.storage-download.googleapis.com/maven2/org/apache/httpcomponents/httpclient/4.1/httpclient-4.1.pom (6.0 kB at 54 kB/s)
17:50:08.081 [Thread-12] DEBUG spoon.Launcher - [INFO] Downloading from google-maven-central: https://maven-central.storage-download.googleapis.com/maven2/org/apache/httpcomponents/httpcomponents-client/4.1/httpcomponents-client-4.1.pom
17:50:08.223 [Thread-12] DEBUG spoon.Launcher - [INFO] Downloaded from google-maven-central: https://maven-central.storage-download.googleapis.com/maven2/org/apache/httpcomponents/httpcomponents-client/4.1/httpcomponents-client-4.1.pom (11 kB at 79 kB/s)
17:50:08.226 [Thread-12] DEBUG spoon.Launcher - [INFO] Downloading from google-maven-central: https://maven-central.storage-download.googleapis.com/maven2/org/apache/httpcomponents/project/4.1.1/project-4.1.1.pom
17:50:08.342 [Thread-12] DEBUG spoon.Launcher - [INFO] Downloaded from google-maven-central: https://maven-central.storage-download.googleapis.com/maven2/org/apache/httpcomponents/project/4.1.1/project-4.1.1.pom (17 kB at 143 kB/s)
17:50:08.345 [Thread-12] DEBUG spoon.Launcher - [INFO] Downloading from google-maven-central: https://maven-central.storage-download.googleapis.com/maven2/org/apache/httpcomponents/httpcore/4.1/httpcore-4.1.pom
17:50:08.552 [Thread-12] DEBUG spoon.Launcher - [INFO] Downloaded from google-maven-central: https://maven-central.storage-download.googleapis.com/maven2/org/apache/httpcomponents/httpcore/4.1/httpcore-4.1.pom (8.4 kB at 41 kB/s)
17:50:08.555 [Thread-12] DEBUG spoon.Launcher - [INFO] Downloading from google-maven-central: https://maven-central.storage-download.googleapis.com/maven2/org/apache/httpcomponents/httpcomponents-core/4.1/httpcomponents-core-4.1.pom
17:50:08.629 [Thread-12] DEBUG spoon.Launcher - [INFO] Downloaded from google-maven-central: https://maven-central.storage-download.googleapis.com/maven2/org/apache/httpcomponents/httpcomponents-core/4.1/httpcomponents-core-4.1.pom (9.0 kB at 124 kB/s)
17:50:08.636 [Thread-12] DEBUG spoon.Launcher - [INFO] Downloading from google-maven-central: https://maven-central.storage-download.googleapis.com/maven2/net/sourceforge/nekohtml/nekohtml/1.9.10/nekohtml-1.9.10.pom
17:50:08.815 [Thread-12] DEBUG spoon.Launcher - [INFO] Downloaded from google-maven-central: https://maven-central.storage-download.googleapis.com/maven2/net/sourceforge/nekohtml/nekohtml/1.9.10/nekohtml-1.9.10.pom (1.3 kB at 7.5 kB/s)
17:50:08.818 [Thread-12] DEBUG spoon.Launcher - [INFO] Downloading from google-maven-central: https://maven-central.storage-download.googleapis.com/maven2/xerces/xercesImpl/2.8.1/xercesImpl-2.8.1.pom
17:50:08.824 [Thread-12] DEBUG spoon.Launcher - [INFO] Downloaded from google-maven-central: https://maven-central.storage-download.googleapis.com/maven2/xerces/xercesImpl/2.8.1/xercesImpl-2.8.1.pom (2.2 kB at 441 kB/s)
17:50:08.827 [Thread-12] DEBUG spoon.Launcher - [INFO] Downloading from google-maven-central: https://maven-central.storage-download.googleapis.com/maven2/xml-apis/xml-apis/1.3.03/xml-apis-1.3.03.pom
17:50:08.833 [Thread-12] DEBUG spoon.Launcher - [INFO] Downloaded from google-maven-central: https://maven-central.storage-download.googleapis.com/maven2/xml-apis/xml-apis/1.3.03/xml-apis-1.3.03.pom (738 B at 123 kB/s)
17:50:08.836 [Thread-12] DEBUG spoon.Launcher - [INFO] Downloading from google-maven-central: https://maven-central.storage-download.googleapis.com/maven2/org/apache/apache/1/apache-1.pom
17:50:08.840 [Thread-12] DEBUG spoon.Launcher - [INFO] Downloaded from google-maven-central: https://maven-central.storage-download.googleapis.com/maven2/org/apache/apache/1/apache-1.pom (3.4 kB at 682 kB/s)
17:50:08.844 [Thread-12] DEBUG spoon.Launcher - [INFO] Downloading from google-maven-central: https://maven-central.storage-download.googleapis.com/maven2/com/google/inject/guice/2.0/guice-2.0.pom
17:50:09.030 [Thread-12] DEBUG spoon.Launcher - [INFO] Downloaded from google-maven-central: https://maven-central.storage-download.googleapis.com/maven2/com/google/inject/guice/2.0/guice-2.0.pom (771 B at 4.1 kB/s)
17:50:09.032 [Thread-12] DEBUG spoon.Launcher - [INFO] Downloading from google-maven-central: https://maven-central.storage-download.googleapis.com/maven2/com/google/inject/guice-parent/2.0/guice-parent-2.0.pom
17:50:09.259 [Thread-12] DEBUG spoon.Launcher - [INFO] Downloaded from google-maven-central: https://maven-central.storage-download.googleapis.com/maven2/com/google/inject/guice-parent/2.0/guice-parent-2.0.pom (2.6 kB at 11 kB/s)
17:50:09.263 [Thread-12] DEBUG spoon.Launcher - [INFO] Downloading from google-maven-central: https://maven-central.storage-download.googleapis.com/maven2/aopalliance/aopalliance/1.0/aopalliance-1.0.pom
17:50:09.271 [Thread-12] DEBUG spoon.Launcher - [INFO] Downloaded from google-maven-central: https://maven-central.storage-download.googleapis.com/maven2/aopalliance/aopalliance/1.0/aopalliance-1.0.pom (363 B at 73 kB/s)
17:50:09.275 [Thread-12] DEBUG spoon.Launcher - [WARNING] The artifact xml-apis:xml-apis:jar:2.0.2 has been relocated to xml-apis:xml-apis:jar:1.0.b2
17:50:09.283 [Thread-12] DEBUG spoon.Launcher - [INFO] Downloading from google-maven-central: https://maven-central.storage-download.googleapis.com/maven2/org/openid4java/openid4java/1.0.0/openid4java-1.0.0.jar
17:50:09.283 [Thread-12] DEBUG spoon.Launcher - [INFO] Downloading from google-maven-central: https://maven-central.storage-download.googleapis.com/maven2/org/apache/httpcomponents/httpclient/4.1/httpclient-4.1.jar
17:50:09.284 [Thread-12] DEBUG spoon.Launcher - [INFO] Downloading from google-maven-central: https://maven-central.storage-download.googleapis.com/maven2/org/apache/httpcomponents/httpcore/4.1/httpcore-4.1.jar
17:50:09.287 [Thread-12] DEBUG spoon.Launcher - [INFO] Downloading from google-maven-central: https://maven-central.storage-download.googleapis.com/maven2/net/sourceforge/nekohtml/nekohtml/1.9.10/nekohtml-1.9.10.jar
17:50:09.294 [Thread-12] DEBUG spoon.Launcher - [INFO] Downloading from google-maven-central: https://maven-central.storage-download.googleapis.com/maven2/com/google/inject/guice/2.0/guice-2.0.jar
17:50:09.403 [Thread-12] DEBUG spoon.Launcher - [INFO] Downloaded from google-maven-central: https://maven-central.storage-download.googleapis.com/maven2/org/apache/httpcomponents/httpcore/4.1/httpcore-4.1.jar (181 kB at 1.5 MB/s)
17:50:09.404 [Thread-12] DEBUG spoon.Launcher - [INFO] Downloading from google-maven-central: https://maven-central.storage-download.googleapis.com/maven2/aopalliance/aopalliance/1.0/aopalliance-1.0.jar
17:50:09.409 [Thread-12] DEBUG spoon.Launcher - [INFO] Downloaded from google-maven-central: https://maven-central.storage-download.googleapis.com/maven2/aopalliance/aopalliance/1.0/aopalliance-1.0.jar (4.5 kB at 37 kB/s)
17:50:09.409 [Thread-12] DEBUG spoon.Launcher - [INFO] Downloading from google-maven-central: https://maven-central.storage-download.googleapis.com/maven2/xerces/xercesImpl/2.8.1/xercesImpl-2.8.1.jar
17:50:09.438 [Thread-12] DEBUG spoon.Launcher - [INFO] Downloaded from google-maven-central: https://maven-central.storage-download.googleapis.com/maven2/xerces/xercesImpl/2.8.1/xercesImpl-2.8.1.jar (1.2 MB at 8.0 MB/s)
17:50:09.461 [Thread-12] DEBUG spoon.Launcher - [INFO] Downloaded from google-maven-central: https://maven-central.storage-download.googleapis.com/maven2/org/apache/httpcomponents/httpclient/4.1/httpclient-4.1.jar (350 kB at 2.0 MB/s)
17:50:09.466 [Thread-12] DEBUG spoon.Launcher - [INFO] Downloaded from google-maven-central: https://maven-central.storage-download.googleapis.com/maven2/net/sourceforge/nekohtml/nekohtml/1.9.10/nekohtml-1.9.10.jar (118 kB at 646 kB/s)
17:50:09.486 [Thread-12] DEBUG spoon.Launcher - [INFO] Downloaded from google-maven-central: https://maven-central.storage-download.googleapis.com/maven2/org/openid4java/openid4java/1.0.0/openid4java-1.0.0.jar (206 kB at 1.0 MB/s)
17:50:09.489 [Thread-12] DEBUG spoon.Launcher - [INFO] Downloaded from google-maven-central: https://maven-central.storage-download.googleapis.com/maven2/com/google/inject/guice/2.0/guice-2.0.jar (667 kB at 3.3 MB/s)
17:50:09.495 [Thread-12] DEBUG spoon.Launcher - [INFO] 
17:50:09.495 [Thread-12] DEBUG spoon.Launcher - [INFO] --- maven-dependency-plugin:2.8:build-classpath (default-cli) @ pac4j-openid ---
17:50:09.498 [Thread-12] DEBUG spoon.Launcher - [INFO] Wrote classpath file '/home/travis/build/SpoonLabs/spoon-ci-external/spoon/src/test/resources/maven-launcher/pac4j/pac4j-openid/spoon.classpath.tmp'.
17:50:09.499 [Thread-12] DEBUG spoon.Launcher - [INFO] 
17:50:09.499 [Thread-12] DEBUG spoon.Launcher - [INFO] ------------------------< org.pac4j:pac4j-gae >-------------------------
17:50:09.499 [Thread-12] DEBUG spoon.Launcher - [INFO] Building pac4j for GAE UserService mechanism 3.0.0               [12/16]
17:50:09.499 [Thread-12] DEBUG spoon.Launcher - [INFO] --------------------------------[ jar ]---------------------------------
17:50:09.509 [Thread-12] DEBUG spoon.Launcher - [INFO] Downloading from google-maven-central: https://maven-central.storage-download.googleapis.com/maven2/com/google/appengine/appengine-api-1.0-sdk/1.9.50/appengine-api-1.0-sdk-1.9.50.pom
17:50:09.740 [Thread-12] DEBUG spoon.Launcher - [INFO] Downloaded from google-maven-central: https://maven-central.storage-download.googleapis.com/maven2/com/google/appengine/appengine-api-1.0-sdk/1.9.50/appengine-api-1.0-sdk-1.9.50.pom (607 B at 2.6 kB/s)
17:50:09.743 [Thread-12] DEBUG spoon.Launcher - [INFO] Downloading from google-maven-central: https://maven-central.storage-download.googleapis.com/maven2/com/google/appengine/appengine/1.9.50/appengine-1.9.50.pom
17:50:09.939 [Thread-12] DEBUG spoon.Launcher - [INFO] Downloaded from google-maven-central: https://maven-central.storage-download.googleapis.com/maven2/com/google/appengine/appengine/1.9.50/appengine-1.9.50.pom (845 B at 4.3 kB/s)
17:50:09.942 [Thread-12] DEBUG spoon.Launcher - [INFO] Downloading from google-maven-central: https://maven-central.storage-download.googleapis.com/maven2/org/sonatype/oss/oss-parent/4/oss-parent-4.pom
17:50:10.051 [Thread-12] DEBUG spoon.Launcher - [INFO] Downloaded from google-maven-central: https://maven-central.storage-download.googleapis.com/maven2/org/sonatype/oss/oss-parent/4/oss-parent-4.pom (4.0 kB at 37 kB/s)
17:50:10.054 [Thread-12] DEBUG spoon.Launcher - [INFO] Downloading from google-maven-central: https://maven-central.storage-download.googleapis.com/maven2/com/google/appengine/appengine-jsr107cache/1.9.50/appengine-jsr107cache-1.9.50.pom
17:50:10.342 [Thread-12] DEBUG spoon.Launcher - [INFO] Downloaded from google-maven-central: https://maven-central.storage-download.googleapis.com/maven2/com/google/appengine/appengine-jsr107cache/1.9.50/appengine-jsr107cache-1.9.50.pom (607 B at 2.1 kB/s)
17:50:10.346 [Thread-12] DEBUG spoon.Launcher - [INFO] Downloading from google-maven-central: https://maven-central.storage-download.googleapis.com/maven2/net/sf/jsr107cache/jsr107cache/1.1/jsr107cache-1.1.pom
17:50:10.577 [Thread-12] DEBUG spoon.Launcher - [INFO] Downloaded from google-maven-central: https://maven-central.storage-download.googleapis.com/maven2/net/sf/jsr107cache/jsr107cache/1.1/jsr107cache-1.1.pom (2.6 kB at 11 kB/s)
17:50:10.581 [Thread-12] DEBUG spoon.Launcher - [INFO] Downloading from google-maven-central: https://maven-central.storage-download.googleapis.com/maven2/com/google/appengine/appengine-testing/1.9.50/appengine-testing-1.9.50.pom
17:50:10.793 [Thread-12] DEBUG spoon.Launcher - [INFO] Downloaded from google-maven-central: https://maven-central.storage-download.googleapis.com/maven2/com/google/appengine/appengine-testing/1.9.50/appengine-testing-1.9.50.pom (603 B at 2.8 kB/s)
17:50:10.797 [Thread-12] DEBUG spoon.Launcher - [INFO] Downloading from google-maven-central: https://maven-central.storage-download.googleapis.com/maven2/com/google/appengine/appengine-api-labs/1.9.50/appengine-api-labs-1.9.50.pom
17:50:11.008 [Thread-12] DEBUG spoon.Launcher - [INFO] Downloaded from google-maven-central: https://maven-central.storage-download.googleapis.com/maven2/com/google/appengine/appengine-api-labs/1.9.50/appengine-api-labs-1.9.50.pom (604 B at 2.8 kB/s)
17:50:11.012 [Thread-12] DEBUG spoon.Launcher - [INFO] Downloading from google-maven-central: https://maven-central.storage-download.googleapis.com/maven2/com/google/appengine/appengine-api-stubs/1.9.50/appengine-api-stubs-1.9.50.pom
17:50:11.274 [Thread-12] DEBUG spoon.Launcher - [INFO] Downloaded from google-maven-central: https://maven-central.storage-download.googleapis.com/maven2/com/google/appengine/appengine-api-stubs/1.9.50/appengine-api-stubs-1.9.50.pom (605 B at 2.3 kB/s)
17:50:11.286 [Thread-12] DEBUG spoon.Launcher - [INFO] Downloading from google-maven-central: https://maven-central.storage-download.googleapis.com/maven2/com/google/appengine/appengine-api-1.0-sdk/1.9.50/appengine-api-1.0-sdk-1.9.50.jar
17:50:11.337 [Thread-12] DEBUG spoon.Launcher - [INFO] Downloading from google-maven-central: https://maven-central.storage-download.googleapis.com/maven2/com/google/appengine/appengine-api-labs/1.9.50/appengine-api-labs-1.9.50.jar
17:50:11.337 [Thread-12] DEBUG spoon.Launcher - [INFO] Downloading from google-maven-central: https://maven-central.storage-download.googleapis.com/maven2/com/google/appengine/appengine-jsr107cache/1.9.50/appengine-jsr107cache-1.9.50.jar
17:50:11.337 [Thread-12] DEBUG spoon.Launcher - [INFO] Downloading from google-maven-central: https://maven-central.storage-download.googleapis.com/maven2/com/google/appengine/appengine-testing/1.9.50/appengine-testing-1.9.50.jar
17:50:11.339 [Thread-12] DEBUG spoon.Launcher - [INFO] Downloading from google-maven-central: https://maven-central.storage-download.googleapis.com/maven2/net/sf/jsr107cache/jsr107cache/1.1/jsr107cache-1.1.jar
17:50:11.517 [Thread-12] DEBUG spoon.Launcher - [INFO] Downloaded from google-maven-central: https://maven-central.storage-download.googleapis.com/maven2/net/sf/jsr107cache/jsr107cache/1.1/jsr107cache-1.1.jar (8.1 kB at 35 kB/s)
17:50:11.518 [Thread-12] DEBUG spoon.Launcher - [INFO] Downloading from google-maven-central: https://maven-central.storage-download.googleapis.com/maven2/com/google/appengine/appengine-api-stubs/1.9.50/appengine-api-stubs-1.9.50.jar
17:50:11.571 [Thread-12] DEBUG spoon.Launcher - [INFO] Downloaded from google-maven-central: https://maven-central.storage-download.googleapis.com/maven2/com/google/appengine/appengine-api-labs/1.9.50/appengine-api-labs-1.9.50.jar (2.7 MB at 9.6 MB/s)
17:50:11.810 [Thread-12] DEBUG spoon.Launcher - [INFO] Downloaded from google-maven-central: https://maven-central.storage-download.googleapis.com/maven2/com/google/appengine/appengine-api-stubs/1.9.50/appengine-api-stubs-1.9.50.jar (6.9 MB at 13 MB/s)
17:50:11.825 [Thread-12] DEBUG spoon.Launcher - [INFO] Downloaded from google-maven-central: https://maven-central.storage-download.googleapis.com/maven2/com/google/appengine/appengine-testing/1.9.50/appengine-testing-1.9.50.jar (6.2 MB at 12 MB/s)
17:50:11.954 [Thread-12] DEBUG spoon.Launcher - [INFO] Downloaded from google-maven-central: https://maven-central.storage-download.googleapis.com/maven2/com/google/appengine/appengine-jsr107cache/1.9.50/appengine-jsr107cache-1.9.50.jar (7.0 kB at 10 kB/s)
17:50:12.013 [Thread-12] DEBUG spoon.Launcher - [INFO] Downloaded from google-maven-central: https://maven-central.storage-download.googleapis.com/maven2/com/google/appengine/appengine-api-1.0-sdk/1.9.50/appengine-api-1.0-sdk-1.9.50.jar (18 MB at 24 MB/s)
17:50:12.016 [Thread-12] DEBUG spoon.Launcher - [INFO] 
17:50:12.016 [Thread-12] DEBUG spoon.Launcher - [INFO] --- maven-dependency-plugin:2.8:build-classpath (default-cli) @ pac4j-gae ---
17:50:12.019 [Thread-12] DEBUG spoon.Launcher - [INFO] Wrote classpath file '/home/travis/build/SpoonLabs/spoon-ci-external/spoon/src/test/resources/maven-launcher/pac4j/pac4j-gae/spoon.classpath.tmp'.
17:50:12.019 [Thread-12] DEBUG spoon.Launcher - [INFO] 
17:50:12.019 [Thread-12] DEBUG spoon.Launcher - [INFO] ------------------------< org.pac4j:pac4j-jwt >-------------------------
17:50:12.019 [Thread-12] DEBUG spoon.Launcher - [INFO] Building pac4j for JWT 3.0.0                                     [13/16]
17:50:12.019 [Thread-12] DEBUG spoon.Launcher - [INFO] --------------------------------[ jar ]---------------------------------
17:50:12.031 [Thread-12] DEBUG spoon.Launcher - [INFO] Downloading from google-maven-central: https://maven-central.storage-download.googleapis.com/maven2/org/bouncycastle/bcprov-jdk15on/1.56/bcprov-jdk15on-1.56.pom
17:50:12.142 [Thread-12] DEBUG spoon.Launcher - [INFO] Downloaded from google-maven-central: https://maven-central.storage-download.googleapis.com/maven2/org/bouncycastle/bcprov-jdk15on/1.56/bcprov-jdk15on-1.56.pom (1.2 kB at 11 kB/s)
17:50:12.149 [Thread-12] DEBUG spoon.Launcher - [INFO] Downloading from google-maven-central: https://maven-central.storage-download.googleapis.com/maven2/org/bouncycastle/bcprov-jdk15on/1.56/bcprov-jdk15on-1.56.jar
17:50:12.375 [Thread-12] DEBUG spoon.Launcher - [INFO] Downloaded from google-maven-central: https://maven-central.storage-download.googleapis.com/maven2/org/bouncycastle/bcprov-jdk15on/1.56/bcprov-jdk15on-1.56.jar (3.4 MB at 15 MB/s)
17:50:12.377 [Thread-12] DEBUG spoon.Launcher - [INFO] 
17:50:12.378 [Thread-12] DEBUG spoon.Launcher - [INFO] --- maven-dependency-plugin:2.8:build-classpath (default-cli) @ pac4j-jwt ---
17:50:12.379 [Thread-12] DEBUG spoon.Launcher - [INFO] Wrote classpath file '/home/travis/build/SpoonLabs/spoon-ci-external/spoon/src/test/resources/maven-launcher/pac4j/pac4j-jwt/spoon.classpath.tmp'.
17:50:12.379 [Thread-12] DEBUG spoon.Launcher - [INFO] 
17:50:12.379 [Thread-12] DEBUG spoon.Launcher - [INFO] -----------------------< org.pac4j:pac4j-mongo >------------------------
17:50:12.379 [Thread-12] DEBUG spoon.Launcher - [INFO] Building pac4j for MongoDB 3.0.0                                 [14/16]
17:50:12.380 [Thread-12] DEBUG spoon.Launcher - [INFO] --------------------------------[ jar ]---------------------------------
17:50:12.382 [Thread-12] DEBUG spoon.Launcher - [INFO] Downloading from google-maven-central: https://maven-central.storage-download.googleapis.com/maven2/org/mongodb/mongo-java-driver/3.4.2/mongo-java-driver-3.4.2.pom
17:50:12.521 [Thread-12] DEBUG spoon.Launcher - [INFO] Downloaded from google-maven-central: https://maven-central.storage-download.googleapis.com/maven2/org/mongodb/mongo-java-driver/3.4.2/mongo-java-driver-3.4.2.pom (2.1 kB at 15 kB/s)
17:50:12.524 [Thread-12] DEBUG spoon.Launcher - [INFO] Downloading from google-maven-central: https://maven-central.storage-download.googleapis.com/maven2/de/flapdoodle/embed/de.flapdoodle.embed.mongo/2.0.0/de.flapdoodle.embed.mongo-2.0.0.pom
17:50:12.856 [Thread-12] DEBUG spoon.Launcher - [INFO] Downloaded from google-maven-central: https://maven-central.storage-download.googleapis.com/maven2/de/flapdoodle/embed/de.flapdoodle.embed.mongo/2.0.0/de.flapdoodle.embed.mongo-2.0.0.pom (10 kB at 31 kB/s)
17:50:12.859 [Thread-12] DEBUG spoon.Launcher - [INFO] Downloading from google-maven-central: https://maven-central.storage-download.googleapis.com/maven2/de/flapdoodle/embed/de.flapdoodle.embed.process/2.0.1/de.flapdoodle.embed.process-2.0.1.pom
17:50:13.178 [Thread-12] DEBUG spoon.Launcher - [INFO] Downloaded from google-maven-central: https://maven-central.storage-download.googleapis.com/maven2/de/flapdoodle/embed/de.flapdoodle.embed.process/2.0.1/de.flapdoodle.embed.process-2.0.1.pom (13 kB at 41 kB/s)
17:50:13.182 [Thread-12] DEBUG spoon.Launcher - [INFO] Downloading from google-maven-central: https://maven-central.storage-download.googleapis.com/maven2/org/apache/commons/commons-lang3/3.1/commons-lang3-3.1.pom
17:50:13.258 [Thread-12] DEBUG spoon.Launcher - [INFO] Downloaded from google-maven-central: https://maven-central.storage-download.googleapis.com/maven2/org/apache/commons/commons-lang3/3.1/commons-lang3-3.1.pom (17 kB at 220 kB/s)
17:50:13.262 [Thread-12] DEBUG spoon.Launcher - [INFO] Downloading from google-maven-central: https://maven-central.storage-download.googleapis.com/maven2/net/java/dev/jna/jna/4.0.0/jna-4.0.0.pom
17:50:13.353 [Thread-12] DEBUG spoon.Launcher - [INFO] Downloaded from google-maven-central: https://maven-central.storage-download.googleapis.com/maven2/net/java/dev/jna/jna/4.0.0/jna-4.0.0.pom (1.3 kB at 14 kB/s)
17:50:13.355 [Thread-12] DEBUG spoon.Launcher - [INFO] Downloading from google-maven-central: https://maven-central.storage-download.googleapis.com/maven2/net/java/dev/jna/jna-platform/4.0.0/jna-platform-4.0.0.pom
17:50:13.606 [Thread-12] DEBUG spoon.Launcher - [INFO] Downloaded from google-maven-central: https://maven-central.storage-download.googleapis.com/maven2/net/java/dev/jna/jna-platform/4.0.0/jna-platform-4.0.0.pom (1.5 kB at 6.0 kB/s)
17:50:13.608 [Thread-12] DEBUG spoon.Launcher - [INFO] Downloading from google-maven-central: https://maven-central.storage-download.googleapis.com/maven2/org/apache/commons/commons-compress/1.10/commons-compress-1.10.pom
17:50:13.744 [Thread-12] DEBUG spoon.Launcher - [INFO] Downloaded from google-maven-central: https://maven-central.storage-download.googleapis.com/maven2/org/apache/commons/commons-compress/1.10/commons-compress-1.10.pom (13 kB at 93 kB/s)
17:50:13.753 [Thread-12] DEBUG spoon.Launcher - [INFO] Downloading from google-maven-central: https://maven-central.storage-download.googleapis.com/maven2/org/mongodb/mongo-java-driver/3.4.2/mongo-java-driver-3.4.2.jar
17:50:13.759 [Thread-12] DEBUG spoon.Launcher - [INFO] Downloading from google-maven-central: https://maven-central.storage-download.googleapis.com/maven2/de/flapdoodle/embed/de.flapdoodle.embed.mongo/2.0.0/de.flapdoodle.embed.mongo-2.0.0.jar
17:50:13.763 [Thread-12] DEBUG spoon.Launcher - [INFO] Downloading from google-maven-central: https://maven-central.storage-download.googleapis.com/maven2/de/flapdoodle/embed/de.flapdoodle.embed.process/2.0.1/de.flapdoodle.embed.process-2.0.1.jar
17:50:13.764 [Thread-12] DEBUG spoon.Launcher - [INFO] Downloading from google-maven-central: https://maven-central.storage-download.googleapis.com/maven2/org/apache/commons/commons-lang3/3.1/commons-lang3-3.1.jar
17:50:13.766 [Thread-12] DEBUG spoon.Launcher - [INFO] Downloading from google-maven-central: https://maven-central.storage-download.googleapis.com/maven2/net/java/dev/jna/jna/4.0.0/jna-4.0.0.jar
17:50:13.778 [Thread-12] DEBUG spoon.Launcher - [INFO] Downloaded from google-maven-central: https://maven-central.storage-download.googleapis.com/maven2/org/apache/commons/commons-lang3/3.1/commons-lang3-3.1.jar (316 kB at 20 MB/s)
17:50:13.779 [Thread-12] DEBUG spoon.Launcher - [INFO] Downloading from google-maven-central: https://maven-central.storage-download.googleapis.com/maven2/net/java/dev/jna/jna-platform/4.0.0/jna-platform-4.0.0.jar
17:50:13.945 [Thread-12] DEBUG spoon.Launcher - [INFO] Downloaded from google-maven-central: https://maven-central.storage-download.googleapis.com/maven2/de/flapdoodle/embed/de.flapdoodle.embed.mongo/2.0.0/de.flapdoodle.embed.mongo-2.0.0.jar (114 kB at 602 kB/s)
17:50:13.945 [Thread-12] DEBUG spoon.Launcher - [INFO] Downloading from google-maven-central: https://maven-central.storage-download.googleapis.com/maven2/org/apache/commons/commons-compress/1.10/commons-compress-1.10.jar
17:50:13.945 [Thread-12] DEBUG spoon.Launcher - [INFO] Downloaded from google-maven-central: https://maven-central.storage-download.googleapis.com/maven2/net/java/dev/jna/jna/4.0.0/jna-4.0.0.jar (915 kB at 5.1 MB/s)
17:50:13.954 [Thread-12] DEBUG spoon.Launcher - [INFO] Downloaded from google-maven-central: https://maven-central.storage-download.googleapis.com/maven2/net/java/dev/jna/jna-platform/4.0.0/jna-platform-4.0.0.jar (1.2 MB at 6.4 MB/s)
17:50:13.972 [Thread-12] DEBUG spoon.Launcher - [INFO] Downloaded from google-maven-central: https://maven-central.storage-download.googleapis.com/maven2/de/flapdoodle/embed/de.flapdoodle.embed.process/2.0.1/de.flapdoodle.embed.process-2.0.1.jar (158 kB at 740 kB/s)
17:50:13.984 [Thread-12] DEBUG spoon.Launcher - [INFO] Downloaded from google-maven-central: https://maven-central.storage-download.googleapis.com/maven2/org/mongodb/mongo-java-driver/3.4.2/mongo-java-driver-3.4.2.jar (1.7 MB at 7.2 MB/s)
17:50:14.101 [Thread-12] DEBUG spoon.Launcher - [INFO] Downloaded from google-maven-central: https://maven-central.storage-download.googleapis.com/maven2/org/apache/commons/commons-compress/1.10/commons-compress-1.10.jar (409 kB at 1.2 MB/s)
17:50:14.106 [Thread-12] DEBUG spoon.Launcher - [INFO] 
17:50:14.106 [Thread-12] DEBUG spoon.Launcher - [INFO] --- maven-dependency-plugin:2.8:build-classpath (default-cli) @ pac4j-mongo ---
17:50:14.111 [Thread-12] DEBUG spoon.Launcher - [INFO] Wrote classpath file '/home/travis/build/SpoonLabs/spoon-ci-external/spoon/src/test/resources/maven-launcher/pac4j/pac4j-mongo/spoon.classpath.tmp'.
17:50:14.111 [Thread-12] DEBUG spoon.Launcher - [INFO] 
17:50:14.111 [Thread-12] DEBUG spoon.Launcher - [INFO] -----------------------< org.pac4j:pac4j-couch >------------------------
17:50:14.111 [Thread-12] DEBUG spoon.Launcher - [INFO] Building pac4j for CouchDB 3.0.0                                 [15/16]
17:50:14.111 [Thread-12] DEBUG spoon.Launcher - [INFO] --------------------------------[ jar ]---------------------------------
17:50:14.112 [Thread-12] DEBUG spoon.Launcher - [INFO] Downloading from google-maven-central: https://maven-central.storage-download.googleapis.com/maven2/org/ektorp/org.ektorp/1.4.4/org.ektorp-1.4.4.pom
17:50:14.388 [Thread-12] DEBUG spoon.Launcher - [INFO] Downloaded from google-maven-central: https://maven-central.storage-download.googleapis.com/maven2/org/ektorp/org.ektorp/1.4.4/org.ektorp-1.4.4.pom (2.9 kB at 11 kB/s)
17:50:14.390 [Thread-12] DEBUG spoon.Launcher - [INFO] Downloading from google-maven-central: https://maven-central.storage-download.googleapis.com/maven2/org/ektorp/org.ektorp.parent/1.4.4/org.ektorp.parent-1.4.4.pom
17:50:14.851 [Thread-12] DEBUG spoon.Launcher - [INFO] Downloaded from google-maven-central: https://maven-central.storage-download.googleapis.com/maven2/org/ektorp/org.ektorp.parent/1.4.4/org.ektorp.parent-1.4.4.pom (14 kB at 30 kB/s)
17:50:14.851 [Thread-12] DEBUG spoon.Launcher - [INFO] Downloading from google-maven-central: https://maven-central.storage-download.googleapis.com/maven2/org/apache/httpcomponents/httpclient/4.3/httpclient-4.3.pom
17:50:14.962 [Thread-12] DEBUG spoon.Launcher - [INFO] Downloaded from google-maven-central: https://maven-central.storage-download.googleapis.com/maven2/org/apache/httpcomponents/httpclient/4.3/httpclient-4.3.pom (5.2 kB at 46 kB/s)
17:50:14.965 [Thread-12] DEBUG spoon.Launcher - [INFO] Downloading from google-maven-central: https://maven-central.storage-download.googleapis.com/maven2/org/apache/httpcomponents/httpcomponents-client/4.3/httpcomponents-client-4.3.pom
17:50:15.087 [Thread-12] DEBUG spoon.Launcher - [INFO] Downloaded from google-maven-central: https://maven-central.storage-download.googleapis.com/maven2/org/apache/httpcomponents/httpcomponents-client/4.3/httpcomponents-client-4.3.pom (15 kB at 127 kB/s)
17:50:15.091 [Thread-12] DEBUG spoon.Launcher - [INFO] Downloading from google-maven-central: https://maven-central.storage-download.googleapis.com/maven2/org/apache/httpcomponents/httpcore/4.3/httpcore-4.3.pom
17:50:15.201 [Thread-12] DEBUG spoon.Launcher - [INFO] Downloaded from google-maven-central: https://maven-central.storage-download.googleapis.com/maven2/org/apache/httpcomponents/httpcore/4.3/httpcore-4.3.pom (4.1 kB at 37 kB/s)
17:50:15.204 [Thread-12] DEBUG spoon.Launcher - [INFO] Downloading from google-maven-central: https://maven-central.storage-download.googleapis.com/maven2/org/apache/httpcomponents/httpcomponents-core/4.3/httpcomponents-core-4.3.pom
17:50:15.293 [Thread-12] DEBUG spoon.Launcher - [INFO] Downloaded from google-maven-central: https://maven-central.storage-download.googleapis.com/maven2/org/apache/httpcomponents/httpcomponents-core/4.3/httpcomponents-core-4.3.pom (12 kB at 134 kB/s)
17:50:15.298 [Thread-12] DEBUG spoon.Launcher - [INFO] Downloading from google-maven-central: https://maven-central.storage-download.googleapis.com/maven2/org/apache/httpcomponents/httpclient-cache/4.3/httpclient-cache-4.3.pom
17:50:15.451 [Thread-12] DEBUG spoon.Launcher - [INFO] Downloaded from google-maven-central: https://maven-central.storage-download.googleapis.com/maven2/org/apache/httpcomponents/httpclient-cache/4.3/httpclient-cache-4.3.pom (6.0 kB at 39 kB/s)
17:50:15.455 [Thread-12] DEBUG spoon.Launcher - [INFO] Downloading from google-maven-central: https://maven-central.storage-download.googleapis.com/maven2/commons-io/commons-io/2.0.1/commons-io-2.0.1.pom
17:50:15.605 [Thread-12] DEBUG spoon.Launcher - [INFO] Downloaded from google-maven-central: https://maven-central.storage-download.googleapis.com/maven2/commons-io/commons-io/2.0.1/commons-io-2.0.1.pom (9.0 kB at 60 kB/s)
17:50:15.607 [Thread-12] DEBUG spoon.Launcher - [INFO] Downloading from google-maven-central: https://maven-central.storage-download.googleapis.com/maven2/org/apache/commons/commons-parent/15/commons-parent-15.pom
17:50:15.746 [Thread-12] DEBUG spoon.Launcher - [INFO] Downloaded from google-maven-central: https://maven-central.storage-download.googleapis.com/maven2/org/apache/commons/commons-parent/15/commons-parent-15.pom (32 kB at 231 kB/s)
17:50:15.748 [Thread-12] DEBUG spoon.Launcher - [INFO] Downloading from google-maven-central: https://maven-central.storage-download.googleapis.com/maven2/com/fasterxml/jackson/core/jackson-annotations/2.3.3/jackson-annotations-2.3.3.pom
17:50:15.925 [Thread-12] DEBUG spoon.Launcher - [INFO] Downloaded from google-maven-central: https://maven-central.storage-download.googleapis.com/maven2/com/fasterxml/jackson/core/jackson-annotations/2.3.3/jackson-annotations-2.3.3.pom (1.7 kB at 9.6 kB/s)
17:50:15.929 [Thread-12] DEBUG spoon.Launcher - [INFO] Downloading from google-maven-central: https://maven-central.storage-download.googleapis.com/maven2/com/fasterxml/jackson/core/jackson-core/2.3.3/jackson-core-2.3.3.pom
17:50:16.060 [Thread-12] DEBUG spoon.Launcher - [INFO] Downloaded from google-maven-central: https://maven-central.storage-download.googleapis.com/maven2/com/fasterxml/jackson/core/jackson-core/2.3.3/jackson-core-2.3.3.pom (6.0 kB at 45 kB/s)
17:50:16.065 [Thread-12] DEBUG spoon.Launcher - [INFO] Downloading from google-maven-central: https://maven-central.storage-download.googleapis.com/maven2/net/sourceforge/findbugs/annotations/1.3.2/annotations-1.3.2.pom
17:50:16.202 [Thread-12] DEBUG spoon.Launcher - [INFO] Downloaded from google-maven-central: https://maven-central.storage-download.googleapis.com/maven2/net/sourceforge/findbugs/annotations/1.3.2/annotations-1.3.2.pom (764 B at 5.5 kB/s)
17:50:16.205 [Thread-12] DEBUG spoon.Launcher - [INFO] Downloading from google-maven-central: https://maven-central.storage-download.googleapis.com/maven2/com/fasterxml/jackson/core/jackson-databind/2.3.3/jackson-databind-2.3.3.pom
17:50:16.316 [Thread-12] DEBUG spoon.Launcher - [INFO] Downloaded from google-maven-central: https://maven-central.storage-download.googleapis.com/maven2/com/fasterxml/jackson/core/jackson-databind/2.3.3/jackson-databind-2.3.3.pom (5.9 kB at 53 kB/s)
17:50:16.323 [Thread-12] DEBUG spoon.Launcher - [INFO] Downloading from google-maven-central: https://maven-central.storage-download.googleapis.com/maven2/io/bdrc/mcouch-ektorp/1.0.0/mcouch-ektorp-1.0.0.pom
17:50:16.716 [Thread-12] DEBUG spoon.Launcher - [INFO] Downloaded from google-maven-central: https://maven-central.storage-download.googleapis.com/maven2/io/bdrc/mcouch-ektorp/1.0.0/mcouch-ektorp-1.0.0.pom (1.3 kB at 3.4 kB/s)
17:50:16.718 [Thread-12] DEBUG spoon.Launcher - [INFO] Downloading from google-maven-central: https://maven-central.storage-download.googleapis.com/maven2/io/bdrc/mcouch/1.0.0/mcouch-1.0.0.pom
17:50:16.934 [Thread-12] DEBUG spoon.Launcher - [INFO] Downloaded from google-maven-central: https://maven-central.storage-download.googleapis.com/maven2/io/bdrc/mcouch/1.0.0/mcouch-1.0.0.pom (4.6 kB at 21 kB/s)
17:50:16.937 [Thread-12] DEBUG spoon.Launcher - [INFO] Downloading from google-maven-central: https://maven-central.storage-download.googleapis.com/maven2/io/bdrc/mcouch-core/1.0.0/mcouch-core-1.0.0.pom
17:50:17.192 [Thread-12] DEBUG spoon.Launcher - [INFO] Downloaded from google-maven-central: https://maven-central.storage-download.googleapis.com/maven2/io/bdrc/mcouch-core/1.0.0/mcouch-core-1.0.0.pom (1.3 kB at 5.1 kB/s)
17:50:17.200 [Thread-12] DEBUG spoon.Launcher - [INFO] Downloading from google-maven-central: https://maven-central.storage-download.googleapis.com/maven2/org/codehaus/jackson/jackson-mapper-asl/1.9.13/jackson-mapper-asl-1.9.13.pom
17:50:17.208 [Thread-12] DEBUG spoon.Launcher - [INFO] Downloaded from google-maven-central: https://maven-central.storage-download.googleapis.com/maven2/org/codehaus/jackson/jackson-mapper-asl/1.9.13/jackson-mapper-asl-1.9.13.pom (1.5 kB at 188 kB/s)
17:50:17.215 [Thread-12] DEBUG spoon.Launcher - [INFO] Downloading from google-maven-central: https://maven-central.storage-download.googleapis.com/maven2/org/codehaus/jackson/jackson-core-asl/1.9.13/jackson-core-asl-1.9.13.pom
17:50:17.223 [Thread-12] DEBUG spoon.Launcher - [INFO] Downloaded from google-maven-central: https://maven-central.storage-download.googleapis.com/maven2/org/codehaus/jackson/jackson-core-asl/1.9.13/jackson-core-asl-1.9.13.pom (1.3 kB at 160 kB/s)
17:50:17.226 [Thread-12] DEBUG spoon.Launcher - [INFO] Downloading from google-maven-central: https://maven-central.storage-download.googleapis.com/maven2/org/mozilla/rhino/1.7.7.1/rhino-1.7.7.1.pom
17:50:17.321 [Thread-12] DEBUG spoon.Launcher - [INFO] Downloaded from google-maven-central: https://maven-central.storage-download.googleapis.com/maven2/org/mozilla/rhino/1.7.7.1/rhino-1.7.7.1.pom (1.3 kB at 14 kB/s)
17:50:17.324 [Thread-12] DEBUG spoon.Launcher - [INFO] Downloading from google-maven-central: https://maven-central.storage-download.googleapis.com/maven2/org/apache/httpcomponents/httpclient/4.5.3/httpclient-4.5.3.pom
17:50:17.330 [Thread-12] DEBUG spoon.Launcher - [INFO] Downloaded from google-maven-central: https://maven-central.storage-download.googleapis.com/maven2/org/apache/httpcomponents/httpclient/4.5.3/httpclient-4.5.3.pom (6.4 kB at 1.3 MB/s)
17:50:17.332 [Thread-12] DEBUG spoon.Launcher - [INFO] Downloading from google-maven-central: https://maven-central.storage-download.googleapis.com/maven2/org/apache/httpcomponents/httpcomponents-client/4.5.3/httpcomponents-client-4.5.3.pom
17:50:17.337 [Thread-12] DEBUG spoon.Launcher - [INFO] Downloaded from google-maven-central: https://maven-central.storage-download.googleapis.com/maven2/org/apache/httpcomponents/httpcomponents-client/4.5.3/httpcomponents-client-4.5.3.pom (16 kB at 2.6 MB/s)
17:50:17.341 [Thread-12] DEBUG spoon.Launcher - [INFO] Downloading from google-maven-central: https://maven-central.storage-download.googleapis.com/maven2/org/apache/httpcomponents/httpcore/4.4.6/httpcore-4.4.6.pom
17:50:17.346 [Thread-12] DEBUG spoon.Launcher - [INFO] Downloaded from google-maven-central: https://maven-central.storage-download.googleapis.com/maven2/org/apache/httpcomponents/httpcore/4.4.6/httpcore-4.4.6.pom (5.1 kB at 1.0 MB/s)
17:50:17.349 [Thread-12] DEBUG spoon.Launcher - [INFO] Downloading from google-maven-central: https://maven-central.storage-download.googleapis.com/maven2/org/apache/httpcomponents/httpcomponents-core/4.4.6/httpcomponents-core-4.4.6.pom
17:50:17.358 [Thread-12] DEBUG spoon.Launcher - [INFO] Downloaded from google-maven-central: https://maven-central.storage-download.googleapis.com/maven2/org/apache/httpcomponents/httpcomponents-core/4.4.6/httpcomponents-core-4.4.6.pom (13 kB at 1.7 MB/s)
17:50:17.362 [Thread-12] DEBUG spoon.Launcher - [INFO] Downloading from google-maven-central: https://maven-central.storage-download.googleapis.com/maven2/org/springframework/spring-core/4.3.8.RELEASE/spring-core-4.3.8.RELEASE.pom
17:50:17.509 [Thread-12] DEBUG spoon.Launcher - [INFO] Downloaded from google-maven-central: https://maven-central.storage-download.googleapis.com/maven2/org/springframework/spring-core/4.3.8.RELEASE/spring-core-4.3.8.RELEASE.pom (2.5 kB at 17 kB/s)
17:50:17.512 [Thread-12] DEBUG spoon.Launcher - [INFO] Downloading from google-maven-central: https://maven-central.storage-download.googleapis.com/maven2/org/ektorp/org.ektorp.spring/1.4.4/org.ektorp.spring-1.4.4.pom
17:50:17.744 [Thread-12] DEBUG spoon.Launcher - [INFO] Downloaded from google-maven-central: https://maven-central.storage-download.googleapis.com/maven2/org/ektorp/org.ektorp.spring/1.4.4/org.ektorp.spring-1.4.4.pom (1.9 kB at 8.0 kB/s)
17:50:17.748 [Thread-12] DEBUG spoon.Launcher - [INFO] Downloading from google-maven-central: https://maven-central.storage-download.googleapis.com/maven2/org/springframework/spring-context/3.1.1.RELEASE/spring-context-3.1.1.RELEASE.pom
17:50:17.890 [Thread-12] DEBUG spoon.Launcher - [INFO] Downloaded from google-maven-central: https://maven-central.storage-download.googleapis.com/maven2/org/springframework/spring-context/3.1.1.RELEASE/spring-context-3.1.1.RELEASE.pom (8.7 kB at 61 kB/s)
17:50:17.892 [Thread-12] DEBUG spoon.Launcher - [INFO] Downloading from google-maven-central: https://maven-central.storage-download.googleapis.com/maven2/org/springframework/spring-parent/3.1.1.RELEASE/spring-parent-3.1.1.RELEASE.pom
17:50:18.091 [Thread-12] DEBUG spoon.Launcher - [INFO] Downloaded from google-maven-central: https://maven-central.storage-download.googleapis.com/maven2/org/springframework/spring-parent/3.1.1.RELEASE/spring-parent-3.1.1.RELEASE.pom (8.7 kB at 44 kB/s)
17:50:18.095 [Thread-12] DEBUG spoon.Launcher - [INFO] Downloading from google-maven-central: https://maven-central.storage-download.googleapis.com/maven2/org/springframework/spring-aop/3.1.1.RELEASE/spring-aop-3.1.1.RELEASE.pom
17:50:18.331 [Thread-12] DEBUG spoon.Launcher - [INFO] Downloaded from google-maven-central: https://maven-central.storage-download.googleapis.com/maven2/org/springframework/spring-aop/3.1.1.RELEASE/spring-aop-3.1.1.RELEASE.pom (2.8 kB at 12 kB/s)
17:50:18.336 [Thread-12] DEBUG spoon.Launcher - [INFO] Downloading from google-maven-central: https://maven-central.storage-download.googleapis.com/maven2/org/springframework/spring-asm/3.1.1.RELEASE/spring-asm-3.1.1.RELEASE.pom
17:50:18.437 [Thread-12] DEBUG spoon.Launcher - [INFO] Downloaded from google-maven-central: https://maven-central.storage-download.googleapis.com/maven2/org/springframework/spring-asm/3.1.1.RELEASE/spring-asm-3.1.1.RELEASE.pom (2.5 kB at 25 kB/s)
17:50:18.440 [Thread-12] DEBUG spoon.Launcher - [INFO] Downloading from google-maven-central: https://maven-central.storage-download.googleapis.com/maven2/org/springframework/spring-beans/3.1.1.RELEASE/spring-beans-3.1.1.RELEASE.pom
17:50:18.632 [Thread-12] DEBUG spoon.Launcher - [INFO] Downloaded from google-maven-central: https://maven-central.storage-download.googleapis.com/maven2/org/springframework/spring-beans/3.1.1.RELEASE/spring-beans-3.1.1.RELEASE.pom (2.6 kB at 13 kB/s)
17:50:18.637 [Thread-12] DEBUG spoon.Launcher - [INFO] Downloading from google-maven-central: https://maven-central.storage-download.googleapis.com/maven2/org/springframework/spring-core/3.1.1.RELEASE/spring-core-3.1.1.RELEASE.pom
17:50:18.810 [Thread-12] DEBUG spoon.Launcher - [INFO] Downloaded from google-maven-central: https://maven-central.storage-download.googleapis.com/maven2/org/springframework/spring-core/3.1.1.RELEASE/spring-core-3.1.1.RELEASE.pom (2.6 kB at 15 kB/s)
17:50:18.813 [Thread-12] DEBUG spoon.Launcher - [INFO] Downloading from google-maven-central: https://maven-central.storage-download.googleapis.com/maven2/org/springframework/spring-expression/3.1.1.RELEASE/spring-expression-3.1.1.RELEASE.pom
17:50:19.036 [Thread-12] DEBUG spoon.Launcher - [INFO] Downloaded from google-maven-central: https://maven-central.storage-download.googleapis.com/maven2/org/springframework/spring-expression/3.1.1.RELEASE/spring-expression-3.1.1.RELEASE.pom (1.8 kB at 8.1 kB/s)
17:50:19.039 [Thread-12] DEBUG spoon.Launcher - [INFO] Downloading from google-maven-central: https://maven-central.storage-download.googleapis.com/maven2/org/aspectj/aspectjweaver/1.6.9/aspectjweaver-1.6.9.pom
17:50:19.150 [Thread-12] DEBUG spoon.Launcher - [INFO] Downloaded from google-maven-central: https://maven-central.storage-download.googleapis.com/maven2/org/aspectj/aspectjweaver/1.6.9/aspectjweaver-1.6.9.pom (908 B at 8.1 kB/s)
17:50:19.160 [Thread-12] DEBUG spoon.Launcher - [INFO] Downloading from google-maven-central: https://maven-central.storage-download.googleapis.com/maven2/org/ektorp/org.ektorp/1.4.4/org.ektorp-1.4.4.jar
17:50:19.163 [Thread-12] DEBUG spoon.Launcher - [INFO] Downloading from google-maven-central: https://maven-central.storage-download.googleapis.com/maven2/org/apache/httpcomponents/httpcore/4.3/httpcore-4.3.jar
17:50:19.165 [Thread-12] DEBUG spoon.Launcher - [INFO] Downloading from google-maven-central: https://maven-central.storage-download.googleapis.com/maven2/org/apache/httpcomponents/httpclient-cache/4.3/httpclient-cache-4.3.jar
17:50:19.167 [Thread-12] DEBUG spoon.Launcher - [INFO] Downloading from google-maven-central: https://maven-central.storage-download.googleapis.com/maven2/org/apache/httpcomponents/httpclient/4.3/httpclient-4.3.jar
17:50:19.167 [Thread-12] DEBUG spoon.Launcher - [INFO] Downloading from google-maven-central: https://maven-central.storage-download.googleapis.com/maven2/commons-io/commons-io/2.0.1/commons-io-2.0.1.jar
17:50:19.247 [Thread-12] DEBUG spoon.Launcher - [INFO] Downloaded from google-maven-central: https://maven-central.storage-download.googleapis.com/maven2/org/apache/httpcomponents/httpclient-cache/4.3/httpclient-cache-4.3.jar (148 kB at 1.7 MB/s)
17:50:19.247 [Thread-12] DEBUG spoon.Launcher - [INFO] Downloading from google-maven-central: https://maven-central.storage-download.googleapis.com/maven2/com/fasterxml/jackson/core/jackson-annotations/2.3.3/jackson-annotations-2.3.3.jar
17:50:19.283 [Thread-12] DEBUG spoon.Launcher - [INFO] Downloaded from google-maven-central: https://maven-central.storage-download.googleapis.com/maven2/commons-io/commons-io/2.0.1/commons-io-2.0.1.jar (160 kB at 1.3 MB/s)
17:50:19.284 [Thread-12] DEBUG spoon.Launcher - [INFO] Downloading from google-maven-central: https://maven-central.storage-download.googleapis.com/maven2/com/fasterxml/jackson/core/jackson-core/2.3.3/jackson-core-2.3.3.jar
17:50:19.346 [Thread-12] DEBUG spoon.Launcher - [INFO] Downloaded from google-maven-central: https://maven-central.storage-download.googleapis.com/maven2/org/apache/httpcomponents/httpcore/4.3/httpcore-4.3.jar (282 kB at 1.5 MB/s)
17:50:19.347 [Thread-12] DEBUG spoon.Launcher - [INFO] Downloading from google-maven-central: https://maven-central.storage-download.googleapis.com/maven2/net/sourceforge/findbugs/annotations/1.3.2/annotations-1.3.2.jar
17:50:19.400 [Thread-12] DEBUG spoon.Launcher - [INFO] Downloaded from google-maven-central: https://maven-central.storage-download.googleapis.com/maven2/org/apache/httpcomponents/httpclient/4.3/httpclient-4.3.jar (585 kB at 2.4 MB/s)
17:50:19.400 [Thread-12] DEBUG spoon.Launcher - [INFO] Downloading from google-maven-central: https://maven-central.storage-download.googleapis.com/maven2/com/fasterxml/jackson/core/jackson-databind/2.3.3/jackson-databind-2.3.3.jar
17:50:19.401 [Thread-12] DEBUG spoon.Launcher - [INFO] Downloaded from google-maven-central: https://maven-central.storage-download.googleapis.com/maven2/org/ektorp/org.ektorp/1.4.4/org.ektorp-1.4.4.jar (294 kB at 1.2 MB/s)
17:50:19.401 [Thread-12] DEBUG spoon.Launcher - [INFO] Downloading from google-maven-central: https://maven-central.storage-download.googleapis.com/maven2/io/bdrc/mcouch-ektorp/1.0.0/mcouch-ektorp-1.0.0.jar
17:50:19.414 [Thread-12] DEBUG spoon.Launcher - [INFO] Downloaded from google-maven-central: https://maven-central.storage-download.googleapis.com/maven2/com/fasterxml/jackson/core/jackson-core/2.3.3/jackson-core-2.3.3.jar (200 kB at 805 kB/s)
17:50:19.414 [Thread-12] DEBUG spoon.Launcher - [INFO] Downloading from google-maven-central: https://maven-central.storage-download.googleapis.com/maven2/io/bdrc/mcouch-core/1.0.0/mcouch-core-1.0.0.jar
17:50:19.455 [Thread-12] DEBUG spoon.Launcher - [INFO] Downloaded from google-maven-central: https://maven-central.storage-download.googleapis.com/maven2/com/fasterxml/jackson/core/jackson-annotations/2.3.3/jackson-annotations-2.3.3.jar (37 kB at 127 kB/s)
17:50:19.455 [Thread-12] DEBUG spoon.Launcher - [INFO] Downloading from google-maven-central: https://maven-central.storage-download.googleapis.com/maven2/org/codehaus/jackson/jackson-mapper-asl/1.9.13/jackson-mapper-asl-1.9.13.jar
17:50:19.565 [Thread-12] DEBUG spoon.Launcher - [INFO] Downloaded from google-maven-central: https://maven-central.storage-download.googleapis.com/maven2/io/bdrc/mcouch-core/1.0.0/mcouch-core-1.0.0.jar (56 kB at 141 kB/s)
17:50:19.566 [Thread-12] DEBUG spoon.Launcher - [INFO] Downloading from google-maven-central: https://maven-central.storage-download.googleapis.com/maven2/org/codehaus/jackson/jackson-core-asl/1.9.13/jackson-core-asl-1.9.13.jar
17:50:19.574 [Thread-12] DEBUG spoon.Launcher - [INFO] Downloaded from google-maven-central: https://maven-central.storage-download.googleapis.com/maven2/org/codehaus/jackson/jackson-core-asl/1.9.13/jackson-core-asl-1.9.13.jar (232 kB at 571 kB/s)
17:50:19.574 [Thread-12] DEBUG spoon.Launcher - [INFO] Downloading from google-maven-central: https://maven-central.storage-download.googleapis.com/maven2/org/mozilla/rhino/1.7.7.1/rhino-1.7.7.1.jar
17:50:19.587 [Thread-12] DEBUG spoon.Launcher - [INFO] Downloaded from google-maven-central: https://maven-central.storage-download.googleapis.com/maven2/net/sourceforge/findbugs/annotations/1.3.2/annotations-1.3.2.jar (12 kB at 28 kB/s)
17:50:19.587 [Thread-12] DEBUG spoon.Launcher - [INFO] Downloading from google-maven-central: https://maven-central.storage-download.googleapis.com/maven2/org/ektorp/org.ektorp.spring/1.4.4/org.ektorp.spring-1.4.4.jar
17:50:19.591 [Thread-12] DEBUG spoon.Launcher - [INFO] Downloaded from google-maven-central: https://maven-central.storage-download.googleapis.com/maven2/com/fasterxml/jackson/core/jackson-databind/2.3.3/jackson-databind-2.3.3.jar (915 kB at 2.2 MB/s)
17:50:19.591 [Thread-12] DEBUG spoon.Launcher - [INFO] Downloading from google-maven-central: https://maven-central.storage-download.googleapis.com/maven2/org/springframework/spring-context/3.1.1.RELEASE/spring-context-3.1.1.RELEASE.jar
17:50:19.592 [Thread-12] DEBUG spoon.Launcher - [INFO] Downloaded from google-maven-central: https://maven-central.storage-download.googleapis.com/maven2/io/bdrc/mcouch-ektorp/1.0.0/mcouch-ektorp-1.0.0.jar (2.4 kB at 5.7 kB/s)
17:50:19.593 [Thread-12] DEBUG spoon.Launcher - [INFO] Downloading from google-maven-central: https://maven-central.storage-download.googleapis.com/maven2/org/springframework/spring-aop/3.1.1.RELEASE/spring-aop-3.1.1.RELEASE.jar
17:50:19.604 [Thread-12] DEBUG spoon.Launcher - [INFO] Downloaded from google-maven-central: https://maven-central.storage-download.googleapis.com/maven2/org/mozilla/rhino/1.7.7.1/rhino-1.7.7.1.jar (1.3 MB at 2.9 MB/s)
17:50:19.611 [Thread-12] DEBUG spoon.Launcher - [INFO] Downloading from google-maven-central: https://maven-central.storage-download.googleapis.com/maven2/org/springframework/spring-beans/3.1.1.RELEASE/spring-beans-3.1.1.RELEASE.jar
17:50:19.693 [Thread-12] DEBUG spoon.Launcher - [INFO] Downloaded from google-maven-central: https://maven-central.storage-download.googleapis.com/maven2/org/springframework/spring-aop/3.1.1.RELEASE/spring-aop-3.1.1.RELEASE.jar (331 kB at 629 kB/s)
17:50:19.693 [Thread-12] DEBUG spoon.Launcher - [INFO] Downloading from google-maven-central: https://maven-central.storage-download.googleapis.com/maven2/org/springframework/spring-expression/3.1.1.RELEASE/spring-expression-3.1.1.RELEASE.jar
17:50:19.707 [Thread-12] DEBUG spoon.Launcher - [INFO] Downloaded from google-maven-central: https://maven-central.storage-download.googleapis.com/maven2/org/codehaus/jackson/jackson-mapper-asl/1.9.13/jackson-mapper-asl-1.9.13.jar (781 kB at 1.4 MB/s)
17:50:19.709 [Thread-12] DEBUG spoon.Launcher - [INFO] Downloading from google-maven-central: https://maven-central.storage-download.googleapis.com/maven2/org/springframework/spring-asm/3.1.1.RELEASE/spring-asm-3.1.1.RELEASE.jar
17:50:19.722 [Thread-12] DEBUG spoon.Launcher - [INFO] Downloaded from google-maven-central: https://maven-central.storage-download.googleapis.com/maven2/org/ektorp/org.ektorp.spring/1.4.4/org.ektorp.spring-1.4.4.jar (16 kB at 28 kB/s)
17:50:19.722 [Thread-12] DEBUG spoon.Launcher - [INFO] Downloading from google-maven-central: https://maven-central.storage-download.googleapis.com/maven2/org/aspectj/aspectjweaver/1.6.9/aspectjweaver-1.6.9.jar
17:50:19.751 [Thread-12] DEBUG spoon.Launcher - [INFO] Downloaded from google-maven-central: https://maven-central.storage-download.googleapis.com/maven2/org/springframework/spring-context/3.1.1.RELEASE/spring-context-3.1.1.RELEASE.jar (831 kB at 1.4 MB/s)
17:50:19.751 [Thread-12] DEBUG spoon.Launcher - [INFO] Downloading from google-maven-central: https://maven-central.storage-download.googleapis.com/maven2/org/springframework/spring-core/4.3.8.RELEASE/spring-core-4.3.8.RELEASE.jar
17:50:19.790 [Thread-12] DEBUG spoon.Launcher - [INFO] Downloaded from google-maven-central: https://maven-central.storage-download.googleapis.com/maven2/org/springframework/spring-asm/3.1.1.RELEASE/spring-asm-3.1.1.RELEASE.jar (53 kB at 85 kB/s)
17:50:19.839 [Thread-12] DEBUG spoon.Launcher - [INFO] Downloaded from google-maven-central: https://maven-central.storage-download.googleapis.com/maven2/org/springframework/spring-expression/3.1.1.RELEASE/spring-expression-3.1.1.RELEASE.jar (176 kB at 262 kB/s)
17:50:19.862 [Thread-12] DEBUG spoon.Launcher - [INFO] Downloaded from google-maven-central: https://maven-central.storage-download.googleapis.com/maven2/org/springframework/spring-beans/3.1.1.RELEASE/spring-beans-3.1.1.RELEASE.jar (590 kB at 849 kB/s)
17:50:19.996 [Thread-12] DEBUG spoon.Launcher - [INFO] Downloaded from google-maven-central: https://maven-central.storage-download.googleapis.com/maven2/org/aspectj/aspectjweaver/1.6.9/aspectjweaver-1.6.9.jar (1.7 MB at 2.0 MB/s)
17:50:20.195 [Thread-12] DEBUG spoon.Launcher - [INFO] Downloaded from google-maven-central: https://maven-central.storage-download.googleapis.com/maven2/org/springframework/spring-core/4.3.8.RELEASE/spring-core-4.3.8.RELEASE.jar (1.1 MB at 1.1 MB/s)
17:50:20.204 [Thread-12] DEBUG spoon.Launcher - [INFO] 
17:50:20.204 [Thread-12] DEBUG spoon.Launcher - [INFO] --- maven-dependency-plugin:2.8:build-classpath (default-cli) @ pac4j-couch ---
17:50:20.207 [Thread-12] DEBUG spoon.Launcher - [INFO] Wrote classpath file '/home/travis/build/SpoonLabs/spoon-ci-external/spoon/src/test/resources/maven-launcher/pac4j/pac4j-couch/spoon.classpath.tmp'.
17:50:20.207 [Thread-12] DEBUG spoon.Launcher - [INFO] 
17:50:20.207 [Thread-12] DEBUG spoon.Launcher - [INFO] ----------------------< org.pac4j:pac4j-kerberos >----------------------
17:50:20.207 [Thread-12] DEBUG spoon.Launcher - [INFO] Building pac4j for Kerberos 3.0.0                                [16/16]
17:50:20.210 [Thread-12] DEBUG spoon.Launcher - [INFO] --------------------------------[ jar ]---------------------------------
17:50:20.211 [Thread-12] DEBUG spoon.Launcher - [INFO] Downloading from google-maven-central: https://maven-central.storage-download.googleapis.com/maven2/org/apache/kerby/kerby-kdc/1.0.0/kerby-kdc-1.0.0.pom
17:50:20.422 [Thread-12] DEBUG spoon.Launcher - [INFO] Downloaded from google-maven-central: https://maven-central.storage-download.googleapis.com/maven2/org/apache/kerby/kerby-kdc/1.0.0/kerby-kdc-1.0.0.pom (2.3 kB at 11 kB/s)
17:50:20.425 [Thread-12] DEBUG spoon.Launcher - [INFO] Downloading from google-maven-central: https://maven-central.storage-download.googleapis.com/maven2/org/apache/kerby/kerby-all/1.0.0/kerby-all-1.0.0.pom
17:50:20.570 [Thread-12] DEBUG spoon.Launcher - [INFO] Downloaded from google-maven-central: https://maven-central.storage-download.googleapis.com/maven2/org/apache/kerby/kerby-all/1.0.0/kerby-all-1.0.0.pom (15 kB at 103 kB/s)
17:50:20.576 [Thread-12] DEBUG spoon.Launcher - [INFO] Downloading from google-maven-central: https://maven-central.storage-download.googleapis.com/maven2/org/apache/kerby/kerb-server-api-all/1.0.0/kerb-server-api-all-1.0.0.pom
17:50:20.815 [Thread-12] DEBUG spoon.Launcher - [INFO] Downloaded from google-maven-central: https://maven-central.storage-download.googleapis.com/maven2/org/apache/kerby/kerb-server-api-all/1.0.0/kerb-server-api-all-1.0.0.pom (2.3 kB at 9.6 kB/s)
17:50:20.817 [Thread-12] DEBUG spoon.Launcher - [INFO] Downloading from google-maven-central: https://maven-central.storage-download.googleapis.com/maven2/org/apache/kerby/kerby-kerb/1.0.0/kerby-kerb-1.0.0.pom
17:50:20.991 [Thread-12] DEBUG spoon.Launcher - [INFO] Downloaded from google-maven-central: https://maven-central.storage-download.googleapis.com/maven2/org/apache/kerby/kerby-kerb/1.0.0/kerby-kerb-1.0.0.pom (1.7 kB at 9.5 kB/s)
17:50:20.994 [Thread-12] DEBUG spoon.Launcher - [INFO] Downloading from google-maven-central: https://maven-central.storage-download.googleapis.com/maven2/org/apache/kerby/kerb-admin/1.0.0/kerb-admin-1.0.0.pom
17:50:21.227 [Thread-12] DEBUG spoon.Launcher - [INFO] Downloaded from google-maven-central: https://maven-central.storage-download.googleapis.com/maven2/org/apache/kerby/kerb-admin/1.0.0/kerb-admin-1.0.0.pom (1.7 kB at 7.1 kB/s)
17:50:21.229 [Thread-12] DEBUG spoon.Launcher - [INFO] Downloading from google-maven-central: https://maven-central.storage-download.googleapis.com/maven2/org/apache/kerby/kerb-server/1.0.0/kerb-server-1.0.0.pom
17:50:21.424 [Thread-12] DEBUG spoon.Launcher - [INFO] Downloaded from google-maven-central: https://maven-central.storage-download.googleapis.com/maven2/org/apache/kerby/kerb-server/1.0.0/kerb-server-1.0.0.pom (1.7 kB at 8.6 kB/s)
17:50:21.427 [Thread-12] DEBUG spoon.Launcher - [INFO] Downloading from google-maven-central: https://maven-central.storage-download.googleapis.com/maven2/org/apache/kerby/kerb-common/1.0.0/kerb-common-1.0.0.pom
17:50:21.569 [Thread-12] DEBUG spoon.Launcher - [INFO] Downloaded from google-maven-central: https://maven-central.storage-download.googleapis.com/maven2/org/apache/kerby/kerb-common/1.0.0/kerb-common-1.0.0.pom (1.7 kB at 12 kB/s)
17:50:21.573 [Thread-12] DEBUG spoon.Launcher - [INFO] Downloading from google-maven-central: https://maven-central.storage-download.googleapis.com/maven2/org/apache/kerby/kerby-config/1.0.0/kerby-config-1.0.0.pom
17:50:21.781 [Thread-12] DEBUG spoon.Launcher - [INFO] Downloaded from google-maven-central: https://maven-central.storage-download.googleapis.com/maven2/org/apache/kerby/kerby-config/1.0.0/kerby-config-1.0.0.pom (1.5 kB at 7.2 kB/s)
17:50:21.783 [Thread-12] DEBUG spoon.Launcher - [INFO] Downloading from google-maven-central: https://maven-central.storage-download.googleapis.com/maven2/org/apache/kerby/kerby-common/1.0.0/kerby-common-1.0.0.pom
17:50:21.946 [Thread-12] DEBUG spoon.Launcher - [INFO] Downloaded from google-maven-central: https://maven-central.storage-download.googleapis.com/maven2/org/apache/kerby/kerby-common/1.0.0/kerby-common-1.0.0.pom (1.3 kB at 7.8 kB/s)
17:50:21.949 [Thread-12] DEBUG spoon.Launcher - [INFO] Downloading from google-maven-central: https://maven-central.storage-download.googleapis.com/maven2/org/apache/kerby/kerb-crypto/1.0.0/kerb-crypto-1.0.0.pom
17:50:22.135 [Thread-12] DEBUG spoon.Launcher - [INFO] Downloaded from google-maven-central: https://maven-central.storage-download.googleapis.com/maven2/org/apache/kerby/kerb-crypto/1.0.0/kerb-crypto-1.0.0.pom (1.5 kB at 8.0 kB/s)
17:50:22.138 [Thread-12] DEBUG spoon.Launcher - [INFO] Downloading from google-maven-central: https://maven-central.storage-download.googleapis.com/maven2/org/apache/kerby/kerby-util/1.0.0/kerby-util-1.0.0.pom
17:50:22.285 [Thread-12] DEBUG spoon.Launcher - [INFO] Downloaded from google-maven-central: https://maven-central.storage-download.googleapis.com/maven2/org/apache/kerby/kerby-util/1.0.0/kerby-util-1.0.0.pom (1.2 kB at 7.9 kB/s)
17:50:22.288 [Thread-12] DEBUG spoon.Launcher - [INFO] Downloading from google-maven-central: https://maven-central.storage-download.googleapis.com/maven2/org/apache/kerby/kerb-core/1.0.0/kerb-core-1.0.0.pom
17:50:22.374 [Thread-12] DEBUG spoon.Launcher - [INFO] Downloaded from google-maven-central: https://maven-central.storage-download.googleapis.com/maven2/org/apache/kerby/kerb-core/1.0.0/kerb-core-1.0.0.pom (1.3 kB at 15 kB/s)
17:50:22.377 [Thread-12] DEBUG spoon.Launcher - [INFO] Downloading from google-maven-central: https://maven-central.storage-download.googleapis.com/maven2/org/apache/kerby/kerby-pkix/1.0.0/kerby-pkix-1.0.0.pom
17:50:22.530 [Thread-12] DEBUG spoon.Launcher - [INFO] Downloaded from google-maven-central: https://maven-central.storage-download.googleapis.com/maven2/org/apache/kerby/kerby-pkix/1.0.0/kerby-pkix-1.0.0.pom (2.0 kB at 13 kB/s)
17:50:22.532 [Thread-12] DEBUG spoon.Launcher - [INFO] Downloading from google-maven-central: https://maven-central.storage-download.googleapis.com/maven2/org/apache/kerby/kerby-asn1/1.0.0/kerby-asn1-1.0.0.pom
17:50:22.680 [Thread-12] DEBUG spoon.Launcher - [INFO] Downloaded from google-maven-central: https://maven-central.storage-download.googleapis.com/maven2/org/apache/kerby/kerby-asn1/1.0.0/kerby-asn1-1.0.0.pom (1.1 kB at 7.7 kB/s)
17:50:22.682 [Thread-12] DEBUG spoon.Launcher - [INFO] Downloading from google-maven-central: https://maven-central.storage-download.googleapis.com/maven2/org/apache/kerby/kerb-identity/1.0.0/kerb-identity-1.0.0.pom
17:50:22.809 [Thread-12] DEBUG spoon.Launcher - [INFO] Downloaded from google-maven-central: https://maven-central.storage-download.googleapis.com/maven2/org/apache/kerby/kerb-identity/1.0.0/kerb-identity-1.0.0.pom (1.5 kB at 12 kB/s)
17:50:22.813 [Thread-12] DEBUG spoon.Launcher - [INFO] Downloading from google-maven-central: https://maven-central.storage-download.googleapis.com/maven2/org/apache/kerby/kerb-util/1.0.0/kerb-util-1.0.0.pom
17:50:22.988 [Thread-12] DEBUG spoon.Launcher - [INFO] Downloaded from google-maven-central: https://maven-central.storage-download.googleapis.com/maven2/org/apache/kerby/kerb-util/1.0.0/kerb-util-1.0.0.pom (1.8 kB at 10 kB/s)
17:50:22.991 [Thread-12] DEBUG spoon.Launcher - [INFO] Downloading from google-maven-central: https://maven-central.storage-download.googleapis.com/maven2/org/apache/kerby/kerby-xdr/1.0.0/kerby-xdr-1.0.0.pom
17:50:23.154 [Thread-12] DEBUG spoon.Launcher - [INFO] Downloaded from google-maven-central: https://maven-central.storage-download.googleapis.com/maven2/org/apache/kerby/kerby-xdr/1.0.0/kerby-xdr-1.0.0.pom (1.1 kB at 7.0 kB/s)
17:50:23.157 [Thread-12] DEBUG spoon.Launcher - [INFO] Downloading from google-maven-central: https://maven-central.storage-download.googleapis.com/maven2/io/netty/netty-transport/4.0.29.Final/netty-transport-4.0.29.Final.pom
17:50:23.356 [Thread-12] DEBUG spoon.Launcher - [INFO] Downloaded from google-maven-central: https://maven-central.storage-download.googleapis.com/maven2/io/netty/netty-transport/4.0.29.Final/netty-transport-4.0.29.Final.pom (1.4 kB at 6.9 kB/s)
17:50:23.358 [Thread-12] DEBUG spoon.Launcher - [INFO] Downloading from google-maven-central: https://maven-central.storage-download.googleapis.com/maven2/io/netty/netty-parent/4.0.29.Final/netty-parent-4.0.29.Final.pom
17:50:23.480 [Thread-12] DEBUG spoon.Launcher - [INFO] Downloaded from google-maven-central: https://maven-central.storage-download.googleapis.com/maven2/io/netty/netty-parent/4.0.29.Final/netty-parent-4.0.29.Final.pom (51 kB at 422 kB/s)
17:50:23.484 [Thread-12] DEBUG spoon.Launcher - [INFO] Downloading from google-maven-central: https://maven-central.storage-download.googleapis.com/maven2/io/netty/netty-buffer/4.0.29.Final/netty-buffer-4.0.29.Final.pom
17:50:23.844 [Thread-12] DEBUG spoon.Launcher - [INFO] Downloaded from google-maven-central: https://maven-central.storage-download.googleapis.com/maven2/io/netty/netty-buffer/4.0.29.Final/netty-buffer-4.0.29.Final.pom (1.4 kB at 3.8 kB/s)
17:50:23.847 [Thread-12] DEBUG spoon.Launcher - [INFO] Downloading from google-maven-central: https://maven-central.storage-download.googleapis.com/maven2/io/netty/netty-common/4.0.29.Final/netty-common-4.0.29.Final.pom
17:50:24.167 [Thread-12] DEBUG spoon.Launcher - [INFO] Downloaded from google-maven-central: https://maven-central.storage-download.googleapis.com/maven2/io/netty/netty-common/4.0.29.Final/netty-common-4.0.29.Final.pom (2.0 kB at 6.2 kB/s)
17:50:24.171 [Thread-12] DEBUG spoon.Launcher - [INFO] Downloading from google-maven-central: https://maven-central.storage-download.googleapis.com/maven2/io/netty/netty-handler/4.0.29.Final/netty-handler-4.0.29.Final.pom
17:50:24.412 [Thread-12] DEBUG spoon.Launcher - [INFO] Downloaded from google-maven-central: https://maven-central.storage-download.googleapis.com/maven2/io/netty/netty-handler/4.0.29.Final/netty-handler-4.0.29.Final.pom (2.8 kB at 11 kB/s)
17:50:24.416 [Thread-12] DEBUG spoon.Launcher - [INFO] Downloading from google-maven-central: https://maven-central.storage-download.googleapis.com/maven2/io/netty/netty-codec/4.0.29.Final/netty-codec-4.0.29.Final.pom
17:50:24.631 [Thread-12] DEBUG spoon.Launcher - [INFO] Downloaded from google-maven-central: https://maven-central.storage-download.googleapis.com/maven2/io/netty/netty-codec/4.0.29.Final/netty-codec-4.0.29.Final.pom (2.2 kB at 10 kB/s)
17:50:24.635 [Thread-12] DEBUG spoon.Launcher - [INFO] Downloading from google-maven-central: https://maven-central.storage-download.googleapis.com/maven2/org/apache/kerby/kerb-simplekdc/1.0.0/kerb-simplekdc-1.0.0.pom
17:50:24.825 [Thread-12] DEBUG spoon.Launcher - [INFO] Downloaded from google-maven-central: https://maven-central.storage-download.googleapis.com/maven2/org/apache/kerby/kerb-simplekdc/1.0.0/kerb-simplekdc-1.0.0.pom (1.5 kB at 7.8 kB/s)
17:50:24.828 [Thread-12] DEBUG spoon.Launcher - [INFO] Downloading from google-maven-central: https://maven-central.storage-download.googleapis.com/maven2/org/apache/kerby/kerb-client/1.0.0/kerb-client-1.0.0.pom
17:50:24.980 [Thread-12] DEBUG spoon.Launcher - [INFO] Downloaded from google-maven-central: https://maven-central.storage-download.googleapis.com/maven2/org/apache/kerby/kerb-client/1.0.0/kerb-client-1.0.0.pom (2.0 kB at 13 kB/s)
17:50:24.985 [Thread-12] DEBUG spoon.Launcher - [INFO] Downloading from google-maven-central: https://maven-central.storage-download.googleapis.com/maven2/org/apache/kerby/token-provider/1.0.0/token-provider-1.0.0.pom
17:50:25.178 [Thread-12] DEBUG spoon.Launcher - [INFO] Downloaded from google-maven-central: https://maven-central.storage-download.googleapis.com/maven2/org/apache/kerby/token-provider/1.0.0/token-provider-1.0.0.pom (1.5 kB at 7.8 kB/s)
17:50:25.180 [Thread-12] DEBUG spoon.Launcher - [INFO] Downloading from google-maven-central: https://maven-central.storage-download.googleapis.com/maven2/org/apache/kerby/kerby-provider/1.0.0/kerby-provider-1.0.0.pom
17:50:25.370 [Thread-12] DEBUG spoon.Launcher - [INFO] Downloaded from google-maven-central: https://maven-central.storage-download.googleapis.com/maven2/org/apache/kerby/kerby-provider/1.0.0/kerby-provider-1.0.0.pom (1.2 kB at 6.1 kB/s)
17:50:25.376 [Thread-12] DEBUG spoon.Launcher - [INFO] Downloading from apache.snapshots: https://repository.apache.org/content/repositories/snapshots/net/minidev/json-smart/maven-metadata.xml
17:50:25.736 [Thread-12] DEBUG spoon.Launcher - [INFO] Downloading from google-maven-central: https://maven-central.storage-download.googleapis.com/maven2/org/apache/kerby/integration-test/1.0.0/integration-test-1.0.0.pom
17:50:25.958 [Thread-12] DEBUG spoon.Launcher - [INFO] Downloaded from google-maven-central: https://maven-central.storage-download.googleapis.com/maven2/org/apache/kerby/integration-test/1.0.0/integration-test-1.0.0.pom (2.1 kB at 9.3 kB/s)
17:50:25.961 [Thread-12] DEBUG spoon.Launcher - [INFO] Downloading from google-maven-central: https://maven-central.storage-download.googleapis.com/maven2/org/apache/kerby/kerb-kdc-test/1.0.0/kerb-kdc-test-1.0.0.pom
17:50:26.111 [Thread-12] DEBUG spoon.Launcher - [INFO] Downloaded from google-maven-central: https://maven-central.storage-download.googleapis.com/maven2/org/apache/kerby/kerb-kdc-test/1.0.0/kerb-kdc-test-1.0.0.pom (2.8 kB at 19 kB/s)
17:50:26.122 [Thread-12] DEBUG spoon.Launcher - [INFO] Downloading from google-maven-central: https://maven-central.storage-download.googleapis.com/maven2/org/apache/kerby/kerby-kdc/1.0.0/kerby-kdc-1.0.0.jar
17:50:26.123 [Thread-12] DEBUG spoon.Launcher - [INFO] Downloading from google-maven-central: https://maven-central.storage-download.googleapis.com/maven2/io/netty/netty-transport/4.0.29.Final/netty-transport-4.0.29.Final.jar
17:50:26.123 [Thread-12] DEBUG spoon.Launcher - [INFO] Downloading from google-maven-central: https://maven-central.storage-download.googleapis.com/maven2/org/apache/kerby/kerb-server-api-all/1.0.0/kerb-server-api-all-1.0.0.jar
17:50:26.125 [Thread-12] DEBUG spoon.Launcher - [INFO] Downloading from google-maven-central: https://maven-central.storage-download.googleapis.com/maven2/io/netty/netty-common/4.0.29.Final/netty-common-4.0.29.Final.jar
17:50:26.151 [Thread-12] DEBUG spoon.Launcher - [INFO] Downloading from google-maven-central: https://maven-central.storage-download.googleapis.com/maven2/io/netty/netty-handler/4.0.29.Final/netty-handler-4.0.29.Final.jar
17:50:26.318 [Thread-12] DEBUG spoon.Launcher - [INFO] Downloaded from google-maven-central: https://maven-central.storage-download.googleapis.com/maven2/io/netty/netty-handler/4.0.29.Final/netty-handler-4.0.29.Final.jar (248 kB at 1.3 MB/s)
17:50:26.318 [Thread-12] DEBUG spoon.Launcher - [INFO] Downloading from google-maven-central: https://maven-central.storage-download.googleapis.com/maven2/io/netty/netty-codec/4.0.29.Final/netty-codec-4.0.29.Final.jar
17:50:26.365 [Thread-12] DEBUG spoon.Launcher - [INFO] Downloaded from google-maven-central: https://maven-central.storage-download.googleapis.com/maven2/org/apache/kerby/kerb-server-api-all/1.0.0/kerb-server-api-all-1.0.0.jar (7.4 kB at 30 kB/s)
17:50:26.365 [Thread-12] DEBUG spoon.Launcher - [INFO] Downloading from google-maven-central: https://maven-central.storage-download.googleapis.com/maven2/io/netty/netty-buffer/4.0.29.Final/netty-buffer-4.0.29.Final.jar
17:50:26.384 [Thread-12] DEBUG spoon.Launcher - [INFO] Downloaded from google-maven-central: https://maven-central.storage-download.googleapis.com/maven2/io/netty/netty-transport/4.0.29.Final/netty-transport-4.0.29.Final.jar (343 kB at 1.3 MB/s)
17:50:26.384 [Thread-12] DEBUG spoon.Launcher - [INFO] Downloading from google-maven-central: https://maven-central.storage-download.googleapis.com/maven2/org/apache/kerby/kerb-simplekdc/1.0.0/kerb-simplekdc-1.0.0.jar
17:50:26.390 [Thread-12] DEBUG spoon.Launcher - [INFO] Downloaded from google-maven-central: https://maven-central.storage-download.googleapis.com/maven2/org/apache/kerby/kerby-kdc/1.0.0/kerby-kdc-1.0.0.jar (19 kB at 70 kB/s)
17:50:26.390 [Thread-12] DEBUG spoon.Launcher - [INFO] Downloading from google-maven-central: https://maven-central.storage-download.googleapis.com/maven2/org/apache/kerby/kerb-admin/1.0.0/kerb-admin-1.0.0.jar
17:50:26.428 [Thread-12] DEBUG spoon.Launcher - [INFO] Downloaded from google-maven-central: https://maven-central.storage-download.googleapis.com/maven2/io/netty/netty-common/4.0.29.Final/netty-common-4.0.29.Final.jar (439 kB at 1.4 MB/s)
17:50:26.429 [Thread-12] DEBUG spoon.Launcher - [INFO] Downloading from google-maven-central: https://maven-central.storage-download.googleapis.com/maven2/org/apache/kerby/kerb-server/1.0.0/kerb-server-1.0.0.jar
17:50:26.536 [Thread-12] DEBUG spoon.Launcher - [INFO] Downloaded from google-maven-central: https://maven-central.storage-download.googleapis.com/maven2/org/apache/kerby/kerb-server/1.0.0/kerb-server-1.0.0.jar (82 kB at 198 kB/s)
17:50:26.537 [Thread-12] DEBUG spoon.Launcher - [INFO] Downloading from google-maven-central: https://maven-central.storage-download.googleapis.com/maven2/org/apache/kerby/kerb-identity/1.0.0/kerb-identity-1.0.0.jar
17:50:26.555 [Thread-12] DEBUG spoon.Launcher - [INFO] Downloaded from google-maven-central: https://maven-central.storage-download.googleapis.com/maven2/io/netty/netty-codec/4.0.29.Final/netty-codec-4.0.29.Final.jar (146 kB at 339 kB/s)
17:50:26.556 [Thread-12] DEBUG spoon.Launcher - [INFO] Downloading from google-maven-central: https://maven-central.storage-download.googleapis.com/maven2/org/apache/kerby/kerby-xdr/1.0.0/kerby-xdr-1.0.0.jar
17:50:26.570 [Thread-12] DEBUG spoon.Launcher - [INFO] Downloaded from google-maven-central: https://maven-central.storage-download.googleapis.com/maven2/org/apache/kerby/kerb-admin/1.0.0/kerb-admin-1.0.0.jar (81 kB at 181 kB/s)
17:50:26.570 [Thread-12] DEBUG spoon.Launcher - [INFO] Downloading from google-maven-central: https://maven-central.storage-download.googleapis.com/maven2/org/apache/kerby/kerb-client/1.0.0/kerb-client-1.0.0.jar
17:50:26.592 [Thread-12] DEBUG spoon.Launcher - [INFO] Downloaded from google-maven-central: https://maven-central.storage-download.googleapis.com/maven2/io/netty/netty-buffer/4.0.29.Final/netty-buffer-4.0.29.Final.jar (184 kB at 393 kB/s)
17:50:26.592 [Thread-12] DEBUG spoon.Launcher - [INFO] Downloading from google-maven-central: https://maven-central.storage-download.googleapis.com/maven2/org/apache/kerby/kerby-config/1.0.0/kerby-config-1.0.0.jar
17:50:26.691 [Thread-12] DEBUG spoon.Launcher - [INFO] Downloaded from google-maven-central: https://maven-central.storage-download.googleapis.com/maven2/org/apache/kerby/kerb-client/1.0.0/kerb-client-1.0.0.jar (99 kB at 175 kB/s)
17:50:26.692 [Thread-12] DEBUG spoon.Launcher - [INFO] Downloading from google-maven-central: https://maven-central.storage-download.googleapis.com/maven2/org/apache/kerby/kerb-core/1.0.0/kerb-core-1.0.0.jar
17:50:26.743 [Thread-12] DEBUG spoon.Launcher - [INFO] Downloaded from google-maven-central: https://maven-central.storage-download.googleapis.com/maven2/org/apache/kerby/kerby-config/1.0.0/kerby-config-1.0.0.jar (31 kB at 50 kB/s)
17:50:26.744 [Thread-12] DEBUG spoon.Launcher - [INFO] Downloading from google-maven-central: https://maven-central.storage-download.googleapis.com/maven2/org/apache/kerby/kerby-pkix/1.0.0/kerby-pkix-1.0.0.jar
17:50:26.762 [Thread-12] DEBUG spoon.Launcher - [INFO] Downloaded from google-maven-central: https://maven-central.storage-download.googleapis.com/maven2/org/apache/kerby/kerby-xdr/1.0.0/kerby-xdr-1.0.0.jar (29 kB at 46 kB/s)
17:50:26.763 [Thread-12] DEBUG spoon.Launcher - [INFO] Downloading from google-maven-central: https://maven-central.storage-download.googleapis.com/maven2/org/apache/kerby/kerby-asn1/1.0.0/kerby-asn1-1.0.0.jar
17:50:26.764 [Thread-12] DEBUG spoon.Launcher - [INFO] Downloaded from google-maven-central: https://maven-central.storage-download.googleapis.com/maven2/org/apache/kerby/kerb-identity/1.0.0/kerb-identity-1.0.0.jar (19 kB at 30 kB/s)
17:50:26.764 [Thread-12] DEBUG spoon.Launcher - [INFO] Downloading from google-maven-central: https://maven-central.storage-download.googleapis.com/maven2/org/apache/kerby/kerby-util/1.0.0/kerby-util-1.0.0.jar
17:50:26.784 [Thread-12] DEBUG spoon.Launcher - [INFO] Downloaded from google-maven-central: https://maven-central.storage-download.googleapis.com/maven2/org/apache/kerby/kerb-simplekdc/1.0.0/kerb-simplekdc-1.0.0.jar (20 kB at 30 kB/s)
17:50:26.784 [Thread-12] DEBUG spoon.Launcher - [INFO] Downloading from google-maven-central: https://maven-central.storage-download.googleapis.com/maven2/org/apache/kerby/kerb-common/1.0.0/kerb-common-1.0.0.jar
17:50:26.843 [Thread-12] DEBUG spoon.Launcher - [INFO] Downloaded from google-maven-central: https://maven-central.storage-download.googleapis.com/maven2/org/apache/kerby/kerb-core/1.0.0/kerb-core-1.0.0.jar (225 kB at 314 kB/s)
17:50:26.843 [Thread-12] DEBUG spoon.Launcher - [INFO] Downloading from google-maven-central: https://maven-central.storage-download.googleapis.com/maven2/org/apache/kerby/kerb-crypto/1.0.0/kerb-crypto-1.0.0.jar
17:50:26.893 [Thread-12] DEBUG spoon.Launcher - [INFO] Downloaded from google-maven-central: https://maven-central.storage-download.googleapis.com/maven2/org/apache/kerby/kerb-common/1.0.0/kerb-common-1.0.0.jar (65 kB at 85 kB/s)
17:50:26.893 [Thread-12] DEBUG spoon.Launcher - [INFO] Downloading from google-maven-central: https://maven-central.storage-download.googleapis.com/maven2/org/apache/kerby/kerb-util/1.0.0/kerb-util-1.0.0.jar
17:50:26.923 [Thread-12] DEBUG spoon.Launcher - [INFO] Downloaded from google-maven-central: https://maven-central.storage-download.googleapis.com/maven2/org/apache/kerby/kerby-util/1.0.0/kerby-util-1.0.0.jar (40 kB at 50 kB/s)
17:50:26.923 [Thread-12] DEBUG spoon.Launcher - [INFO] Downloading from google-maven-central: https://maven-central.storage-download.googleapis.com/maven2/org/apache/kerby/token-provider/1.0.0/token-provider-1.0.0.jar
17:50:26.957 [Thread-12] DEBUG spoon.Launcher - [INFO] Downloaded from google-maven-central: https://maven-central.storage-download.googleapis.com/maven2/org/apache/kerby/kerby-asn1/1.0.0/kerby-asn1-1.0.0.jar (102 kB at 123 kB/s)
17:50:26.957 [Thread-12] DEBUG spoon.Launcher - [INFO] Downloading from google-maven-central: https://maven-central.storage-download.googleapis.com/maven2/org/apache/kerby/integration-test/1.0.0/integration-test-1.0.0.jar
17:50:26.974 [Thread-12] DEBUG spoon.Launcher - [INFO] Downloaded from google-maven-central: https://maven-central.storage-download.googleapis.com/maven2/org/apache/kerby/kerby-pkix/1.0.0/kerby-pkix-1.0.0.jar (205 kB at 240 kB/s)
17:50:26.975 [Thread-12] DEBUG spoon.Launcher - [INFO] Downloading from google-maven-central: https://maven-central.storage-download.googleapis.com/maven2/org/apache/kerby/kerb-kdc-test/1.0.0/kerb-kdc-test-1.0.0.jar
17:50:26.989 [Thread-12] DEBUG spoon.Launcher - [INFO] Downloaded from google-maven-central: https://maven-central.storage-download.googleapis.com/maven2/org/apache/kerby/kerb-crypto/1.0.0/kerb-crypto-1.0.0.jar (116 kB at 134 kB/s)
17:50:27.016 [Thread-12] DEBUG spoon.Launcher - [INFO] Downloaded from google-maven-central: https://maven-central.storage-download.googleapis.com/maven2/org/apache/kerby/kerb-util/1.0.0/kerb-util-1.0.0.jar (37 kB at 41 kB/s)
17:50:27.105 [Thread-12] DEBUG spoon.Launcher - [INFO] Downloaded from google-maven-central: https://maven-central.storage-download.googleapis.com/maven2/org/apache/kerby/token-provider/1.0.0/token-provider-1.0.0.jar (19 kB at 19 kB/s)
17:50:27.208 [Thread-12] DEBUG spoon.Launcher - [INFO] Downloaded from google-maven-central: https://maven-central.storage-download.googleapis.com/maven2/org/apache/kerby/kerb-kdc-test/1.0.0/kerb-kdc-test-1.0.0.jar (7.3 kB at 6.7 kB/s)
17:50:27.341 [Thread-12] DEBUG spoon.Launcher - [INFO] Downloaded from google-maven-central: https://maven-central.storage-download.googleapis.com/maven2/org/apache/kerby/integration-test/1.0.0/integration-test-1.0.0.jar (37 kB at 30 kB/s)
17:50:27.348 [Thread-12] DEBUG spoon.Launcher - [INFO] 
17:50:27.348 [Thread-12] DEBUG spoon.Launcher - [INFO] --- maven-dependency-plugin:2.8:build-classpath (default-cli) @ pac4j-kerberos ---
17:50:27.351 [Thread-12] DEBUG spoon.Launcher - [INFO] Wrote classpath file '/home/travis/build/SpoonLabs/spoon-ci-external/spoon/src/test/resources/maven-launcher/pac4j/pac4j-kerberos/spoon.classpath.tmp'.
17:50:27.351 [Thread-12] DEBUG spoon.Launcher - [INFO] ------------------------------------------------------------------------
17:50:27.351 [Thread-12] DEBUG spoon.Launcher - [INFO] Reactor Summary for pac4j 3.0.0:
17:50:27.351 [Thread-12] DEBUG spoon.Launcher - [INFO] 
17:50:27.352 [Thread-12] DEBUG spoon.Launcher - [INFO] pac4j .............................................. SUCCESS [  0.612 s]
17:50:27.352 [Thread-12] DEBUG spoon.Launcher - [INFO] pac4j core ......................................... SUCCESS [  4.260 s]
17:50:27.352 [Thread-12] DEBUG spoon.Launcher - [INFO] pac4j for CAS protocol ............................. SUCCESS [  0.682 s]
17:50:27.352 [Thread-12] DEBUG spoon.Launcher - [INFO] pac4j for SAML protocol ............................ SUCCESS [  4.944 s]
17:50:27.353 [Thread-12] DEBUG spoon.Launcher - [INFO] pac4j for OAuth protocol ........................... SUCCESS [  0.829 s]
17:50:27.353 [Thread-12] DEBUG spoon.Launcher - [INFO] pac4j for OpenID Connect protocol .................. SUCCESS [  1.676 s]
17:50:27.353 [Thread-12] DEBUG spoon.Launcher - [INFO] pac4j for LDAP ..................................... SUCCESS [  0.833 s]
17:50:27.353 [Thread-12] DEBUG spoon.Launcher - [INFO] pac4j for HTTP protocol ............................ SUCCESS [  0.690 s]
17:50:27.353 [Thread-12] DEBUG spoon.Launcher - [INFO] pac4j for relational DB ............................ SUCCESS [  0.388 s]
17:50:27.353 [Thread-12] DEBUG spoon.Launcher - [INFO] pac4j configuration ................................ SUCCESS [  0.047 s]
17:50:27.353 [Thread-12] DEBUG spoon.Launcher - [INFO] pac4j for OpenId protocol .......................... SUCCESS [  1.751 s]
17:50:27.353 [Thread-12] DEBUG spoon.Launcher - [INFO] pac4j for GAE UserService mechanism ................ SUCCESS [  2.522 s]
17:50:27.353 [Thread-12] DEBUG spoon.Launcher - [INFO] pac4j for JWT ...................................... SUCCESS [  0.360 s]
17:50:27.353 [Thread-12] DEBUG spoon.Launcher - [INFO] pac4j for MongoDB .................................. SUCCESS [  1.729 s]
17:50:27.353 [Thread-12] DEBUG spoon.Launcher - [INFO] pac4j for CouchDB .................................. SUCCESS [  6.099 s]
17:50:27.354 [Thread-12] DEBUG spoon.Launcher - [INFO] pac4j for Kerberos ................................. SUCCESS [  7.144 s]
17:50:27.354 [Thread-12] DEBUG spoon.Launcher - [INFO] ------------------------------------------------------------------------
17:50:27.354 [Thread-12] DEBUG spoon.Launcher - [INFO] BUILD SUCCESS
17:50:27.354 [Thread-12] DEBUG spoon.Launcher - [INFO] ------------------------------------------------------------------------
17:50:27.354 [Thread-12] DEBUG spoon.Launcher - [INFO] Total time:  35.963 s
17:50:27.354 [Thread-12] DEBUG spoon.Launcher - [INFO] Finished at: 2020-07-29T17:50:27Z
17:50:27.354 [Thread-12] DEBUG spoon.Launcher - [INFO] ------------------------------------------------------------------------
]]></system-out>
  </testcase>
  <testcase name="mavenLauncherOnANotExistingFileTest" classname="spoon.MavenLauncherTest" time="0.002">
    <system-out><![CDATA[17:50:27.380 [main] INFO spoon.Launcher - Running in NOCLASSPATH mode (doc: http://spoon.gforge.inria.fr/launcher.html).
]]></system-out>
  </testcase>
  <testcase name="spoonMavenLauncherTest" classname="spoon.MavenLauncherTest" time="17.606">
    <system-out><![CDATA[17:50:27.382 [main] INFO spoon.Launcher - Running in NOCLASSPATH mode (doc: http://spoon.gforge.inria.fr/launcher.html).
17:50:29.228 [Thread-15] DEBUG spoon.Launcher - [INFO] Scanning for projects...
17:50:30.463 [Thread-15] DEBUG spoon.Launcher - [INFO] Inspecting build with total of 1 modules...
17:50:30.463 [Thread-15] DEBUG spoon.Launcher - [INFO] Installing Nexus Staging features:
17:50:30.464 [Thread-15] DEBUG spoon.Launcher - [INFO]   ... total of 1 executions of maven-deploy-plugin replaced with nexus-staging-maven-plugin
17:50:30.760 [Thread-15] DEBUG spoon.Launcher - [INFO] Downloading from google-maven-central: https://maven-central.storage-download.googleapis.com/maven2/org/apache/maven/plugins/maven-deploy-plugin/2.8.2/maven-deploy-plugin-2.8.2.pom
17:50:31.279 [Thread-15] DEBUG spoon.Launcher - [INFO] Downloaded from google-maven-central: https://maven-central.storage-download.googleapis.com/maven2/org/apache/maven/plugins/maven-deploy-plugin/2.8.2/maven-deploy-plugin-2.8.2.pom (7.1 kB at 14 kB/s)
17:50:31.314 [Thread-15] DEBUG spoon.Launcher - [INFO] Downloading from google-maven-central: https://maven-central.storage-download.googleapis.com/maven2/org/apache/maven/plugins/maven-deploy-plugin/2.8.2/maven-deploy-plugin-2.8.2.jar
17:50:31.344 [Thread-15] DEBUG spoon.Launcher - [INFO] Downloaded from google-maven-central: https://maven-central.storage-download.googleapis.com/maven2/org/apache/maven/plugins/maven-deploy-plugin/2.8.2/maven-deploy-plugin-2.8.2.jar (34 kB at 1.0 MB/s)
17:50:31.401 [Thread-15] DEBUG spoon.Launcher - [INFO] 
17:50:31.402 [Thread-15] DEBUG spoon.Launcher - [INFO] ------------------< fr.inria.gforge.spoon:spoon-core >------------------
17:50:31.402 [Thread-15] DEBUG spoon.Launcher - [INFO] Building Spoon Core 8.3.0-SNAPSHOT
17:50:31.403 [Thread-15] DEBUG spoon.Launcher - [INFO] --------------------------------[ jar ]---------------------------------
17:50:31.621 [Thread-15] DEBUG spoon.Launcher - [INFO] Downloading from sonatype: https://oss.sonatype.org/content/repositories/releases/junit/junit-dep/maven-metadata.xml
17:50:31.625 [Thread-15] DEBUG spoon.Launcher - [INFO] Downloading from sonatype-apache: https://repository.apache.org/content/repositories/releases/junit/junit-dep/maven-metadata.xml
17:50:31.628 [Thread-15] DEBUG spoon.Launcher - [INFO] Downloading from apache-snapshots: https://repository.apache.org/snapshots/junit/junit-dep/maven-metadata.xml
17:50:31.630 [Thread-15] DEBUG spoon.Launcher - [INFO] Downloading from maven.inria.fr-snapshot: https://maven.irisa.fr/artifactory/spoon-public-snapshot/junit/junit-dep/maven-metadata.xml
17:50:32.008 [Thread-15] DEBUG spoon.Launcher - [INFO] Downloaded from sonatype: https://oss.sonatype.org/content/repositories/releases/junit/junit-dep/maven-metadata.xml (563 B at 1.5 kB/s)
17:50:32.269 [Thread-15] DEBUG spoon.Launcher - [WARNING] Could not transfer metadata junit:junit-dep/maven-metadata.xml from/to maven.inria.fr-snapshot (https://maven.irisa.fr/artifactory/spoon-public-snapshot): Transfer failed for https://maven.irisa.fr/artifactory/spoon-public-snapshot/junit/junit-dep/maven-metadata.xml
17:50:32.289 [Thread-15] DEBUG spoon.Launcher - [INFO] 
17:50:32.290 [Thread-15] DEBUG spoon.Launcher - [INFO] --- maven-dependency-plugin:3.1.2:build-classpath (default-cli) @ spoon-core ---
17:50:32.312 [Thread-15] DEBUG spoon.Launcher - [INFO] Downloading from google-maven-central: https://maven-central.storage-download.googleapis.com/maven2/org/codehaus/plexus/plexus-component-annotations/2.0.0/plexus-component-annotations-2.0.0.pom
17:50:32.322 [Thread-15] DEBUG spoon.Launcher - [INFO] Downloaded from google-maven-central: https://maven-central.storage-download.googleapis.com/maven2/org/codehaus/plexus/plexus-component-annotations/2.0.0/plexus-component-annotations-2.0.0.pom (750 B at 83 kB/s)
17:50:32.325 [Thread-15] DEBUG spoon.Launcher - [INFO] Downloading from google-maven-central: https://maven-central.storage-download.googleapis.com/maven2/org/codehaus/plexus/plexus-containers/2.0.0/plexus-containers-2.0.0.pom
17:50:32.345 [Thread-15] DEBUG spoon.Launcher - [INFO] Downloaded from google-maven-central: https://maven-central.storage-download.googleapis.com/maven2/org/codehaus/plexus/plexus-containers/2.0.0/plexus-containers-2.0.0.pom (4.8 kB at 253 kB/s)
17:50:32.431 [Thread-15] DEBUG spoon.Launcher - [INFO] Downloading from google-maven-central: https://maven-central.storage-download.googleapis.com/maven2/org/apache/maven/reporting/maven-reporting-impl/3.0.0/maven-reporting-impl-3.0.0.pom
17:50:32.446 [Thread-15] DEBUG spoon.Launcher - [INFO] Downloaded from google-maven-central: https://maven-central.storage-download.googleapis.com/maven2/org/apache/maven/reporting/maven-reporting-impl/3.0.0/maven-reporting-impl-3.0.0.pom (7.6 kB at 585 kB/s)
17:50:32.465 [Thread-15] DEBUG spoon.Launcher - [INFO] Downloading from google-maven-central: https://maven-central.storage-download.googleapis.com/maven2/org/apache/maven/shared/maven-shared-utils/3.2.0/maven-shared-utils-3.2.0.pom
17:50:32.480 [Thread-15] DEBUG spoon.Launcher - [INFO] Downloaded from google-maven-central: https://maven-central.storage-download.googleapis.com/maven2/org/apache/maven/shared/maven-shared-utils/3.2.0/maven-shared-utils-3.2.0.pom (4.9 kB at 289 kB/s)
17:50:32.490 [Thread-15] DEBUG spoon.Launcher - [INFO] Downloading from google-maven-central: https://maven-central.storage-download.googleapis.com/maven2/org/apache/maven/doxia/doxia-sink-api/1.7/doxia-sink-api-1.7.pom
17:50:32.498 [Thread-15] DEBUG spoon.Launcher - [INFO] Downloaded from google-maven-central: https://maven-central.storage-download.googleapis.com/maven2/org/apache/maven/doxia/doxia-sink-api/1.7/doxia-sink-api-1.7.pom (1.5 kB at 153 kB/s)
17:50:32.506 [Thread-15] DEBUG spoon.Launcher - [INFO] Downloading from google-maven-central: https://maven-central.storage-download.googleapis.com/maven2/org/apache/maven/doxia/doxia/1.7/doxia-1.7.pom
17:50:32.523 [Thread-15] DEBUG spoon.Launcher - [INFO] Downloaded from google-maven-central: https://maven-central.storage-download.googleapis.com/maven2/org/apache/maven/doxia/doxia/1.7/doxia-1.7.pom (15 kB at 847 kB/s)
17:50:32.531 [Thread-15] DEBUG spoon.Launcher - [INFO] Downloading from google-maven-central: https://maven-central.storage-download.googleapis.com/maven2/org/apache/maven/doxia/doxia-logging-api/1.7/doxia-logging-api-1.7.pom
17:50:32.542 [Thread-15] DEBUG spoon.Launcher - [INFO] Downloaded from google-maven-central: https://maven-central.storage-download.googleapis.com/maven2/org/apache/maven/doxia/doxia-logging-api/1.7/doxia-logging-api-1.7.pom (1.5 kB at 128 kB/s)
17:50:32.555 [Thread-15] DEBUG spoon.Launcher - [INFO] Downloading from google-maven-central: https://maven-central.storage-download.googleapis.com/maven2/org/apache/maven/doxia/doxia-decoration-model/1.7.4/doxia-decoration-model-1.7.4.pom
17:50:32.572 [Thread-15] DEBUG spoon.Launcher - [INFO] Downloaded from google-maven-central: https://maven-central.storage-download.googleapis.com/maven2/org/apache/maven/doxia/doxia-decoration-model/1.7.4/doxia-decoration-model-1.7.4.pom (3.4 kB at 200 kB/s)
17:50:32.577 [Thread-15] DEBUG spoon.Launcher - [INFO] Downloading from google-maven-central: https://maven-central.storage-download.googleapis.com/maven2/org/apache/maven/doxia/doxia-sitetools/1.7.4/doxia-sitetools-1.7.4.pom
17:50:32.601 [Thread-15] DEBUG spoon.Launcher - [INFO] Downloaded from google-maven-central: https://maven-central.storage-download.googleapis.com/maven2/org/apache/maven/doxia/doxia-sitetools/1.7.4/doxia-sitetools-1.7.4.pom (14 kB at 579 kB/s)
17:50:32.623 [Thread-15] DEBUG spoon.Launcher - [INFO] Downloading from google-maven-central: https://maven-central.storage-download.googleapis.com/maven2/org/apache/maven/doxia/doxia-core/1.7/doxia-core-1.7.pom
17:50:32.644 [Thread-15] DEBUG spoon.Launcher - [INFO] Downloaded from google-maven-central: https://maven-central.storage-download.googleapis.com/maven2/org/apache/maven/doxia/doxia-core/1.7/doxia-core-1.7.pom (4.1 kB at 185 kB/s)
17:50:32.670 [Thread-15] DEBUG spoon.Launcher - [INFO] Downloading from google-maven-central: https://maven-central.storage-download.googleapis.com/maven2/org/apache/httpcomponents/httpclient/4.0.2/httpclient-4.0.2.pom
17:50:32.690 [Thread-15] DEBUG spoon.Launcher - [INFO] Downloaded from google-maven-central: https://maven-central.storage-download.googleapis.com/maven2/org/apache/httpcomponents/httpclient/4.0.2/httpclient-4.0.2.pom (7.5 kB at 375 kB/s)
17:50:32.694 [Thread-15] DEBUG spoon.Launcher - [INFO] Downloading from google-maven-central: https://maven-central.storage-download.googleapis.com/maven2/org/apache/httpcomponents/httpcomponents-client/4.0.2/httpcomponents-client-4.0.2.pom
17:50:32.707 [Thread-15] DEBUG spoon.Launcher - [INFO] Downloaded from google-maven-central: https://maven-central.storage-download.googleapis.com/maven2/org/apache/httpcomponents/httpcomponents-client/4.0.2/httpcomponents-client-4.0.2.pom (9.0 kB at 747 kB/s)
17:50:32.712 [Thread-15] DEBUG spoon.Launcher - [INFO] Downloading from google-maven-central: https://maven-central.storage-download.googleapis.com/maven2/org/apache/httpcomponents/project/4.1/project-4.1.pom
17:50:32.738 [Thread-15] DEBUG spoon.Launcher - [INFO] Downloaded from google-maven-central: https://maven-central.storage-download.googleapis.com/maven2/org/apache/httpcomponents/project/4.1/project-4.1.pom (16 kB at 683 kB/s)
17:50:32.745 [Thread-15] DEBUG spoon.Launcher - [INFO] Downloading from google-maven-central: https://maven-central.storage-download.googleapis.com/maven2/org/apache/httpcomponents/httpcore/4.0.1/httpcore-4.0.1.pom
17:50:32.760 [Thread-15] DEBUG spoon.Launcher - [INFO] Downloaded from google-maven-central: https://maven-central.storage-download.googleapis.com/maven2/org/apache/httpcomponents/httpcore/4.0.1/httpcore-4.0.1.pom (4.9 kB at 349 kB/s)
17:50:32.764 [Thread-15] DEBUG spoon.Launcher - [INFO] Downloading from google-maven-central: https://maven-central.storage-download.googleapis.com/maven2/org/apache/httpcomponents/httpcomponents-core/4.0.1/httpcomponents-core-4.0.1.pom
17:50:32.775 [Thread-15] DEBUG spoon.Launcher - [INFO] Downloaded from google-maven-central: https://maven-central.storage-download.googleapis.com/maven2/org/apache/httpcomponents/httpcomponents-core/4.0.1/httpcomponents-core-4.0.1.pom (9.4 kB at 935 kB/s)
17:50:32.779 [Thread-15] DEBUG spoon.Launcher - [INFO] Downloading from google-maven-central: https://maven-central.storage-download.googleapis.com/maven2/org/apache/httpcomponents/project/4.0/project-4.0.pom
17:50:32.792 [Thread-15] DEBUG spoon.Launcher - [INFO] Downloaded from google-maven-central: https://maven-central.storage-download.googleapis.com/maven2/org/apache/httpcomponents/project/4.0/project-4.0.pom (13 kB at 1.0 MB/s)
17:50:32.807 [Thread-15] DEBUG spoon.Launcher - [INFO] Downloading from google-maven-central: https://maven-central.storage-download.googleapis.com/maven2/commons-logging/commons-logging/1.1.1/commons-logging-1.1.1.pom
17:50:32.825 [Thread-15] DEBUG spoon.Launcher - [INFO] Downloaded from google-maven-central: https://maven-central.storage-download.googleapis.com/maven2/commons-logging/commons-logging/1.1.1/commons-logging-1.1.1.pom (18 kB at 680 kB/s)
17:50:32.831 [Thread-15] DEBUG spoon.Launcher - [INFO] Downloading from google-maven-central: https://maven-central.storage-download.googleapis.com/maven2/org/apache/commons/commons-parent/5/commons-parent-5.pom
17:50:32.848 [Thread-15] DEBUG spoon.Launcher - [INFO] Downloaded from google-maven-central: https://maven-central.storage-download.googleapis.com/maven2/org/apache/commons/commons-parent/5/commons-parent-5.pom (16 kB at 1.0 MB/s)
17:50:32.855 [Thread-15] DEBUG spoon.Launcher - [INFO] Downloading from google-maven-central: https://maven-central.storage-download.googleapis.com/maven2/commons-codec/commons-codec/1.3/commons-codec-1.3.pom
17:50:32.868 [Thread-15] DEBUG spoon.Launcher - [INFO] Downloaded from google-maven-central: https://maven-central.storage-download.googleapis.com/maven2/commons-codec/commons-codec/1.3/commons-codec-1.3.pom (6.1 kB at 509 kB/s)
17:50:32.876 [Thread-15] DEBUG spoon.Launcher - [INFO] Downloading from google-maven-central: https://maven-central.storage-download.googleapis.com/maven2/xmlunit/xmlunit/1.5/xmlunit-1.5.pom
17:50:32.891 [Thread-15] DEBUG spoon.Launcher - [INFO] Downloaded from google-maven-central: https://maven-central.storage-download.googleapis.com/maven2/xmlunit/xmlunit/1.5/xmlunit-1.5.pom (3.0 kB at 191 kB/s)
17:50:32.900 [Thread-15] DEBUG spoon.Launcher - [INFO] Downloading from google-maven-central: https://maven-central.storage-download.googleapis.com/maven2/org/apache/maven/doxia/doxia-site-renderer/1.7.4/doxia-site-renderer-1.7.4.pom
17:50:32.913 [Thread-15] DEBUG spoon.Launcher - [INFO] Downloaded from google-maven-central: https://maven-central.storage-download.googleapis.com/maven2/org/apache/maven/doxia/doxia-site-renderer/1.7.4/doxia-site-renderer-1.7.4.pom (6.7 kB at 477 kB/s)
17:50:32.921 [Thread-15] DEBUG spoon.Launcher - [INFO] Downloading from google-maven-central: https://maven-central.storage-download.googleapis.com/maven2/org/apache/maven/doxia/doxia-skin-model/1.7.4/doxia-skin-model-1.7.4.pom
17:50:32.932 [Thread-15] DEBUG spoon.Launcher - [INFO] Downloaded from google-maven-central: https://maven-central.storage-download.googleapis.com/maven2/org/apache/maven/doxia/doxia-skin-model/1.7.4/doxia-skin-model-1.7.4.pom (3.0 kB at 378 kB/s)
17:50:32.946 [Thread-15] DEBUG spoon.Launcher - [INFO] Downloading from google-maven-central: https://maven-central.storage-download.googleapis.com/maven2/org/apache/maven/doxia/doxia-module-xhtml/1.7/doxia-module-xhtml-1.7.pom
17:50:32.958 [Thread-15] DEBUG spoon.Launcher - [INFO] Downloaded from google-maven-central: https://maven-central.storage-download.googleapis.com/maven2/org/apache/maven/doxia/doxia-module-xhtml/1.7/doxia-module-xhtml-1.7.pom (1.6 kB at 125 kB/s)
17:50:32.959 [Thread-15] DEBUG spoon.Launcher - [INFO] Downloading from google-maven-central: https://maven-central.storage-download.googleapis.com/maven2/org/apache/maven/doxia/doxia-modules/1.7/doxia-modules-1.7.pom
17:50:32.979 [Thread-15] DEBUG spoon.Launcher - [INFO] Downloaded from google-maven-central: https://maven-central.storage-download.googleapis.com/maven2/org/apache/maven/doxia/doxia-modules/1.7/doxia-modules-1.7.pom (2.6 kB at 146 kB/s)
17:50:32.999 [Thread-15] DEBUG spoon.Launcher - [INFO] Downloading from google-maven-central: https://maven-central.storage-download.googleapis.com/maven2/org/codehaus/plexus/plexus-velocity/1.2/plexus-velocity-1.2.pom
17:50:33.017 [Thread-15] DEBUG spoon.Launcher - [INFO] Downloaded from google-maven-central: https://maven-central.storage-download.googleapis.com/maven2/org/codehaus/plexus/plexus-velocity/1.2/plexus-velocity-1.2.pom (2.8 kB at 166 kB/s)
17:50:33.052 [Thread-15] DEBUG spoon.Launcher - [INFO] Downloading from google-maven-central: https://maven-central.storage-download.googleapis.com/maven2/org/apache/velocity/velocity-tools/2.0/velocity-tools-2.0.pom
17:50:33.072 [Thread-15] DEBUG spoon.Launcher - [INFO] Downloaded from google-maven-central: https://maven-central.storage-download.googleapis.com/maven2/org/apache/velocity/velocity-tools/2.0/velocity-tools-2.0.pom (18 kB at 827 kB/s)
17:50:33.080 [Thread-15] DEBUG spoon.Launcher - [INFO] Downloading from google-maven-central: https://maven-central.storage-download.googleapis.com/maven2/commons-digester/commons-digester/1.8/commons-digester-1.8.pom
17:50:33.097 [Thread-15] DEBUG spoon.Launcher - [INFO] Downloaded from google-maven-central: https://maven-central.storage-download.googleapis.com/maven2/commons-digester/commons-digester/1.8/commons-digester-1.8.pom (7.0 kB at 412 kB/s)
17:50:33.103 [Thread-15] DEBUG spoon.Launcher - [INFO] Downloading from google-maven-central: https://maven-central.storage-download.googleapis.com/maven2/commons-logging/commons-logging/1.1/commons-logging-1.1.pom
17:50:33.114 [Thread-15] DEBUG spoon.Launcher - [INFO] Downloaded from google-maven-central: https://maven-central.storage-download.googleapis.com/maven2/commons-logging/commons-logging/1.1/commons-logging-1.1.pom (6.2 kB at 687 kB/s)
17:50:33.125 [Thread-15] DEBUG spoon.Launcher - [INFO] Downloading from google-maven-central: https://maven-central.storage-download.googleapis.com/maven2/logkit/logkit/1.0.1/logkit-1.0.1.pom
17:50:33.140 [Thread-15] DEBUG spoon.Launcher - [INFO] Downloaded from google-maven-central: https://maven-central.storage-download.googleapis.com/maven2/logkit/logkit/1.0.1/logkit-1.0.1.pom (147 B at 9.2 kB/s)
17:50:33.145 [Thread-15] DEBUG spoon.Launcher - [INFO] Downloading from google-maven-central: https://maven-central.storage-download.googleapis.com/maven2/avalon-framework/avalon-framework/4.1.3/avalon-framework-4.1.3.pom
17:50:33.159 [Thread-15] DEBUG spoon.Launcher - [INFO] Downloaded from google-maven-central: https://maven-central.storage-download.googleapis.com/maven2/avalon-framework/avalon-framework/4.1.3/avalon-framework-4.1.3.pom (167 B at 14 kB/s)
17:50:33.162 [Thread-15] DEBUG spoon.Launcher - [INFO] Downloading from google-maven-central: https://maven-central.storage-download.googleapis.com/maven2/javax/servlet/servlet-api/2.3/servlet-api-2.3.pom
17:50:33.176 [Thread-15] DEBUG spoon.Launcher - [INFO] Downloaded from google-maven-central: https://maven-central.storage-download.googleapis.com/maven2/javax/servlet/servlet-api/2.3/servlet-api-2.3.pom (156 B at 12 kB/s)
17:50:33.179 [Thread-15] DEBUG spoon.Launcher - [INFO] Downloading from google-maven-central: https://maven-central.storage-download.googleapis.com/maven2/commons-chain/commons-chain/1.1/commons-chain-1.1.pom
17:50:33.192 [Thread-15] DEBUG spoon.Launcher - [INFO] Downloaded from google-maven-central: https://maven-central.storage-download.googleapis.com/maven2/commons-chain/commons-chain/1.1/commons-chain-1.1.pom (6.0 kB at 501 kB/s)
17:50:33.210 [Thread-15] DEBUG spoon.Launcher - [INFO] Downloading from google-maven-central: https://maven-central.storage-download.googleapis.com/maven2/commons-validator/commons-validator/1.3.1/commons-validator-1.3.1.pom
17:50:33.226 [Thread-15] DEBUG spoon.Launcher - [INFO] Downloaded from google-maven-central: https://maven-central.storage-download.googleapis.com/maven2/commons-validator/commons-validator/1.3.1/commons-validator-1.3.1.pom (9.0 kB at 501 kB/s)
17:50:33.232 [Thread-15] DEBUG spoon.Launcher - [INFO] Downloading from google-maven-central: https://maven-central.storage-download.googleapis.com/maven2/dom4j/dom4j/1.1/dom4j-1.1.pom
17:50:33.239 [Thread-15] DEBUG spoon.Launcher - [INFO] Downloaded from google-maven-central: https://maven-central.storage-download.googleapis.com/maven2/dom4j/dom4j/1.1/dom4j-1.1.pom (142 B at 20 kB/s)
17:50:33.245 [Thread-15] DEBUG spoon.Launcher - [INFO] Downloading from google-maven-central: https://maven-central.storage-download.googleapis.com/maven2/sslext/sslext/1.2-0/sslext-1.2-0.pom
17:50:33.252 [Thread-15] DEBUG spoon.Launcher - [INFO] Downloaded from google-maven-central: https://maven-central.storage-download.googleapis.com/maven2/sslext/sslext/1.2-0/sslext-1.2-0.pom (653 B at 93 kB/s)
17:50:33.255 [Thread-15] DEBUG spoon.Launcher - [INFO] Downloading from google-maven-central: https://maven-central.storage-download.googleapis.com/maven2/org/apache/struts/struts-core/1.3.8/struts-core-1.3.8.pom
17:50:33.263 [Thread-15] DEBUG spoon.Launcher - [INFO] Downloaded from google-maven-central: https://maven-central.storage-download.googleapis.com/maven2/org/apache/struts/struts-core/1.3.8/struts-core-1.3.8.pom (4.3 kB at 539 kB/s)
17:50:33.267 [Thread-15] DEBUG spoon.Launcher - [INFO] Downloading from google-maven-central: https://maven-central.storage-download.googleapis.com/maven2/org/apache/struts/struts-parent/1.3.8/struts-parent-1.3.8.pom
17:50:33.275 [Thread-15] DEBUG spoon.Launcher - [INFO] Downloaded from google-maven-central: https://maven-central.storage-download.googleapis.com/maven2/org/apache/struts/struts-parent/1.3.8/struts-parent-1.3.8.pom (9.8 kB at 1.1 MB/s)
17:50:33.278 [Thread-15] DEBUG spoon.Launcher - [INFO] Downloading from google-maven-central: https://maven-central.storage-download.googleapis.com/maven2/org/apache/struts/struts-master/4/struts-master-4.pom
17:50:33.285 [Thread-15] DEBUG spoon.Launcher - [INFO] Downloaded from google-maven-central: https://maven-central.storage-download.googleapis.com/maven2/org/apache/struts/struts-master/4/struts-master-4.pom (12 kB at 1.7 MB/s)
17:50:33.288 [Thread-15] DEBUG spoon.Launcher - [INFO] Downloading from google-maven-central: https://maven-central.storage-download.googleapis.com/maven2/org/apache/apache/2/apache-2.pom
17:50:33.295 [Thread-15] DEBUG spoon.Launcher - [INFO] Downloaded from google-maven-central: https://maven-central.storage-download.googleapis.com/maven2/org/apache/apache/2/apache-2.pom (3.4 kB at 487 kB/s)
17:50:33.299 [Thread-15] DEBUG spoon.Launcher - [INFO] Downloading from google-maven-central: https://maven-central.storage-download.googleapis.com/maven2/antlr/antlr/2.7.2/antlr-2.7.2.pom
17:50:33.305 [Thread-15] DEBUG spoon.Launcher - [INFO] Downloaded from google-maven-central: https://maven-central.storage-download.googleapis.com/maven2/antlr/antlr/2.7.2/antlr-2.7.2.pom (145 B at 21 kB/s)
17:50:33.309 [Thread-15] DEBUG spoon.Launcher - [INFO] Downloading from google-maven-central: https://maven-central.storage-download.googleapis.com/maven2/org/apache/struts/struts-taglib/1.3.8/struts-taglib-1.3.8.pom
17:50:33.315 [Thread-15] DEBUG spoon.Launcher - [INFO] Downloaded from google-maven-central: https://maven-central.storage-download.googleapis.com/maven2/org/apache/struts/struts-taglib/1.3.8/struts-taglib-1.3.8.pom (3.1 kB at 513 kB/s)
17:50:33.320 [Thread-15] DEBUG spoon.Launcher - [INFO] Downloading from google-maven-central: https://maven-central.storage-download.googleapis.com/maven2/org/apache/struts/struts-tiles/1.3.8/struts-tiles-1.3.8.pom
17:50:33.325 [Thread-15] DEBUG spoon.Launcher - [INFO] Downloaded from google-maven-central: https://maven-central.storage-download.googleapis.com/maven2/org/apache/struts/struts-tiles/1.3.8/struts-tiles-1.3.8.pom (2.9 kB at 484 kB/s)
17:50:33.329 [Thread-15] DEBUG spoon.Launcher - [INFO] Downloading from google-maven-central: https://maven-central.storage-download.googleapis.com/maven2/org/apache/velocity/velocity/1.6.2/velocity-1.6.2.pom
17:50:33.337 [Thread-15] DEBUG spoon.Launcher - [INFO] Downloaded from google-maven-central: https://maven-central.storage-download.googleapis.com/maven2/org/apache/velocity/velocity/1.6.2/velocity-1.6.2.pom (11 kB at 1.5 MB/s)
17:50:33.342 [Thread-15] DEBUG spoon.Launcher - [INFO] Downloading from google-maven-central: https://maven-central.storage-download.googleapis.com/maven2/org/codehaus/plexus/plexus-utils/3.0.24/plexus-utils-3.0.24.pom
17:50:33.351 [Thread-15] DEBUG spoon.Launcher - [INFO] Downloaded from google-maven-central: https://maven-central.storage-download.googleapis.com/maven2/org/codehaus/plexus/plexus-utils/3.0.24/plexus-utils-3.0.24.pom (4.1 kB at 516 kB/s)
17:50:33.356 [Thread-15] DEBUG spoon.Launcher - [INFO] Downloading from google-maven-central: https://maven-central.storage-download.googleapis.com/maven2/commons-io/commons-io/2.6/commons-io-2.6.pom
17:50:33.365 [Thread-15] DEBUG spoon.Launcher - [INFO] Downloaded from google-maven-central: https://maven-central.storage-download.googleapis.com/maven2/commons-io/commons-io/2.6/commons-io-2.6.pom (14 kB at 1.6 MB/s)
17:50:33.379 [Thread-15] DEBUG spoon.Launcher - [INFO] Downloading from google-maven-central: https://maven-central.storage-download.googleapis.com/maven2/org/apache/maven/doxia/doxia-sink-api/1.9/doxia-sink-api-1.9.pom
17:50:33.546 [Thread-15] DEBUG spoon.Launcher - [INFO] Downloaded from google-maven-central: https://maven-central.storage-download.googleapis.com/maven2/org/apache/maven/doxia/doxia-sink-api/1.9/doxia-sink-api-1.9.pom (1.6 kB at 9.4 kB/s)
17:50:33.549 [Thread-15] DEBUG spoon.Launcher - [INFO] Downloading from google-maven-central: https://maven-central.storage-download.googleapis.com/maven2/org/apache/maven/doxia/doxia/1.9/doxia-1.9.pom
17:50:33.719 [Thread-15] DEBUG spoon.Launcher - [INFO] Downloaded from google-maven-central: https://maven-central.storage-download.googleapis.com/maven2/org/apache/maven/doxia/doxia/1.9/doxia-1.9.pom (19 kB at 110 kB/s)
17:50:33.725 [Thread-15] DEBUG spoon.Launcher - [INFO] Downloading from google-maven-central: https://maven-central.storage-download.googleapis.com/maven2/org/apache/maven/doxia/doxia-logging-api/1.9/doxia-logging-api-1.9.pom
17:50:33.785 [Thread-15] DEBUG spoon.Launcher - [INFO] Downloaded from google-maven-central: https://maven-central.storage-download.googleapis.com/maven2/org/apache/maven/doxia/doxia-logging-api/1.9/doxia-logging-api-1.9.pom (1.6 kB at 26 kB/s)
17:50:33.790 [Thread-15] DEBUG spoon.Launcher - [INFO] Downloading from google-maven-central: https://maven-central.storage-download.googleapis.com/maven2/org/codehaus/plexus/plexus-container-default/1.7.1/plexus-container-default-1.7.1.pom
17:50:33.798 [Thread-15] DEBUG spoon.Launcher - [INFO] Downloaded from google-maven-central: https://maven-central.storage-download.googleapis.com/maven2/org/codehaus/plexus/plexus-container-default/1.7.1/plexus-container-default-1.7.1.pom (2.8 kB at 344 kB/s)
17:50:33.804 [Thread-15] DEBUG spoon.Launcher - [INFO] Downloading from google-maven-central: https://maven-central.storage-download.googleapis.com/maven2/org/codehaus/plexus/plexus-utils/3.0.20/plexus-utils-3.0.20.pom
17:50:33.818 [Thread-15] DEBUG spoon.Launcher - [INFO] Downloaded from google-maven-central: https://maven-central.storage-download.googleapis.com/maven2/org/codehaus/plexus/plexus-utils/3.0.20/plexus-utils-3.0.20.pom (3.8 kB at 272 kB/s)
17:50:33.823 [Thread-15] DEBUG spoon.Launcher - [INFO] Downloading from google-maven-central: https://maven-central.storage-download.googleapis.com/maven2/org/codehaus/plexus/plexus-classworlds/2.5.1/plexus-classworlds-2.5.1.pom
17:50:33.831 [Thread-15] DEBUG spoon.Launcher - [INFO] Downloaded from google-maven-central: https://maven-central.storage-download.googleapis.com/maven2/org/codehaus/plexus/plexus-classworlds/2.5.1/plexus-classworlds-2.5.1.pom (5.0 kB at 626 kB/s)
17:50:33.836 [Thread-15] DEBUG spoon.Launcher - [INFO] Downloading from google-maven-central: https://maven-central.storage-download.googleapis.com/maven2/org/apache/xbean/xbean-reflect/3.7/xbean-reflect-3.7.pom
17:50:33.844 [Thread-15] DEBUG spoon.Launcher - [INFO] Downloaded from google-maven-central: https://maven-central.storage-download.googleapis.com/maven2/org/apache/xbean/xbean-reflect/3.7/xbean-reflect-3.7.pom (5.1 kB at 636 kB/s)
17:50:33.848 [Thread-15] DEBUG spoon.Launcher - [INFO] Downloading from google-maven-central: https://maven-central.storage-download.googleapis.com/maven2/org/apache/xbean/xbean/3.7/xbean-3.7.pom
17:50:33.861 [Thread-15] DEBUG spoon.Launcher - [INFO] Downloaded from google-maven-central: https://maven-central.storage-download.googleapis.com/maven2/org/apache/xbean/xbean/3.7/xbean-3.7.pom (15 kB at 1.0 MB/s)
17:50:33.864 [Thread-15] DEBUG spoon.Launcher - [INFO] Downloading from google-maven-central: https://maven-central.storage-download.googleapis.com/maven2/org/apache/geronimo/genesis/genesis-java5-flava/2.0/genesis-java5-flava-2.0.pom
17:50:33.871 [Thread-15] DEBUG spoon.Launcher - [INFO] Downloaded from google-maven-central: https://maven-central.storage-download.googleapis.com/maven2/org/apache/geronimo/genesis/genesis-java5-flava/2.0/genesis-java5-flava-2.0.pom (5.5 kB at 914 kB/s)
17:50:33.874 [Thread-15] DEBUG spoon.Launcher - [INFO] Downloading from google-maven-central: https://maven-central.storage-download.googleapis.com/maven2/org/apache/geronimo/genesis/genesis-default-flava/2.0/genesis-default-flava-2.0.pom
17:50:33.881 [Thread-15] DEBUG spoon.Launcher - [INFO] Downloaded from google-maven-central: https://maven-central.storage-download.googleapis.com/maven2/org/apache/geronimo/genesis/genesis-default-flava/2.0/genesis-default-flava-2.0.pom (18 kB at 2.2 MB/s)
17:50:33.884 [Thread-15] DEBUG spoon.Launcher - [INFO] Downloading from google-maven-central: https://maven-central.storage-download.googleapis.com/maven2/org/apache/geronimo/genesis/genesis/2.0/genesis-2.0.pom
17:50:33.894 [Thread-15] DEBUG spoon.Launcher - [INFO] Downloaded from google-maven-central: https://maven-central.storage-download.googleapis.com/maven2/org/apache/geronimo/genesis/genesis/2.0/genesis-2.0.pom (18 kB at 2.6 MB/s)
17:50:33.898 [Thread-15] DEBUG spoon.Launcher - [INFO] Downloading from google-maven-central: https://maven-central.storage-download.googleapis.com/maven2/org/apache/maven/doxia/doxia-core/1.9/doxia-core-1.9.pom
17:50:34.070 [Thread-15] DEBUG spoon.Launcher - [INFO] Downloaded from google-maven-central: https://maven-central.storage-download.googleapis.com/maven2/org/apache/maven/doxia/doxia-core/1.9/doxia-core-1.9.pom (4.4 kB at 26 kB/s)
17:50:34.075 [Thread-15] DEBUG spoon.Launcher - [INFO] Downloading from google-maven-central: https://maven-central.storage-download.googleapis.com/maven2/org/codehaus/plexus/plexus-utils/3.1.0/plexus-utils-3.1.0.pom
17:50:34.093 [Thread-15] DEBUG spoon.Launcher - [INFO] Downloaded from google-maven-central: https://maven-central.storage-download.googleapis.com/maven2/org/codehaus/plexus/plexus-utils/3.1.0/plexus-utils-3.1.0.pom (4.7 kB at 259 kB/s)
17:50:34.111 [Thread-15] DEBUG spoon.Launcher - [INFO] Downloading from google-maven-central: https://maven-central.storage-download.googleapis.com/maven2/org/apache/httpcomponents/httpclient/4.5.8/httpclient-4.5.8.pom
17:50:34.122 [Thread-15] DEBUG spoon.Launcher - [INFO] Downloaded from google-maven-central: https://maven-central.storage-download.googleapis.com/maven2/org/apache/httpcomponents/httpclient/4.5.8/httpclient-4.5.8.pom (6.6 kB at 601 kB/s)
17:50:34.125 [Thread-15] DEBUG spoon.Launcher - [INFO] Downloading from google-maven-central: https://maven-central.storage-download.googleapis.com/maven2/org/apache/httpcomponents/httpcomponents-client/4.5.8/httpcomponents-client-4.5.8.pom
17:50:34.139 [Thread-15] DEBUG spoon.Launcher - [INFO] Downloaded from google-maven-central: https://maven-central.storage-download.googleapis.com/maven2/org/apache/httpcomponents/httpcomponents-client/4.5.8/httpcomponents-client-4.5.8.pom (16 kB at 1.2 MB/s)
17:50:34.144 [Thread-15] DEBUG spoon.Launcher - [INFO] Downloading from google-maven-central: https://maven-central.storage-download.googleapis.com/maven2/org/apache/httpcomponents/httpcomponents-parent/11/httpcomponents-parent-11.pom
17:50:34.163 [Thread-15] DEBUG spoon.Launcher - [INFO] Downloaded from google-maven-central: https://maven-central.storage-download.googleapis.com/maven2/org/apache/httpcomponents/httpcomponents-parent/11/httpcomponents-parent-11.pom (35 kB at 1.7 MB/s)
17:50:34.168 [Thread-15] DEBUG spoon.Launcher - [INFO] Downloading from google-maven-central: https://maven-central.storage-download.googleapis.com/maven2/org/apache/httpcomponents/httpcore/4.4.11/httpcore-4.4.11.pom
17:50:34.175 [Thread-15] DEBUG spoon.Launcher - [INFO] Downloaded from google-maven-central: https://maven-central.storage-download.googleapis.com/maven2/org/apache/httpcomponents/httpcore/4.4.11/httpcore-4.4.11.pom (5.2 kB at 739 kB/s)
17:50:34.178 [Thread-15] DEBUG spoon.Launcher - [INFO] Downloading from google-maven-central: https://maven-central.storage-download.googleapis.com/maven2/org/apache/httpcomponents/httpcomponents-core/4.4.11/httpcomponents-core-4.4.11.pom
17:50:34.185 [Thread-15] DEBUG spoon.Launcher - [INFO] Downloaded from google-maven-central: https://maven-central.storage-download.googleapis.com/maven2/org/apache/httpcomponents/httpcomponents-core/4.4.11/httpcomponents-core-4.4.11.pom (13 kB at 1.8 MB/s)
17:50:34.196 [Thread-15] DEBUG spoon.Launcher - [INFO] Downloading from google-maven-central: https://maven-central.storage-download.googleapis.com/maven2/org/apache/maven/doxia/doxia-site-renderer/1.9/doxia-site-renderer-1.9.pom
17:50:34.204 [Thread-15] DEBUG spoon.Launcher - [INFO] Downloaded from google-maven-central: https://maven-central.storage-download.googleapis.com/maven2/org/apache/maven/doxia/doxia-site-renderer/1.9/doxia-site-renderer-1.9.pom (6.7 kB at 964 kB/s)
17:50:34.209 [Thread-15] DEBUG spoon.Launcher - [INFO] Downloading from google-maven-central: https://maven-central.storage-download.googleapis.com/maven2/org/apache/maven/doxia/doxia-sitetools/1.9/doxia-sitetools-1.9.pom
17:50:34.221 [Thread-15] DEBUG spoon.Launcher - [INFO] Downloaded from google-maven-central: https://maven-central.storage-download.googleapis.com/maven2/org/apache/maven/doxia/doxia-sitetools/1.9/doxia-sitetools-1.9.pom (16 kB at 1.4 MB/s)
17:50:34.230 [Thread-15] DEBUG spoon.Launcher - [INFO] Downloading from google-maven-central: https://maven-central.storage-download.googleapis.com/maven2/org/apache/maven/doxia/doxia-decoration-model/1.9/doxia-decoration-model-1.9.pom
17:50:34.238 [Thread-15] DEBUG spoon.Launcher - [INFO] Downloaded from google-maven-central: https://maven-central.storage-download.googleapis.com/maven2/org/apache/maven/doxia/doxia-decoration-model/1.9/doxia-decoration-model-1.9.pom (3.4 kB at 378 kB/s)
17:50:34.249 [Thread-15] DEBUG spoon.Launcher - [INFO] Downloading from google-maven-central: https://maven-central.storage-download.googleapis.com/maven2/org/apache/maven/doxia/doxia-skin-model/1.9/doxia-skin-model-1.9.pom
17:50:34.257 [Thread-15] DEBUG spoon.Launcher - [INFO] Downloaded from google-maven-central: https://maven-central.storage-download.googleapis.com/maven2/org/apache/maven/doxia/doxia-skin-model/1.9/doxia-skin-model-1.9.pom (3.0 kB at 379 kB/s)
17:50:34.265 [Thread-15] DEBUG spoon.Launcher - [INFO] Downloading from google-maven-central: https://maven-central.storage-download.googleapis.com/maven2/org/apache/maven/doxia/doxia-module-xhtml/1.9/doxia-module-xhtml-1.9.pom
17:50:34.346 [Thread-15] DEBUG spoon.Launcher - [INFO] Downloaded from google-maven-central: https://maven-central.storage-download.googleapis.com/maven2/org/apache/maven/doxia/doxia-module-xhtml/1.9/doxia-module-xhtml-1.9.pom (2.0 kB at 25 kB/s)
17:50:34.347 [Thread-15] DEBUG spoon.Launcher - [INFO] Downloading from google-maven-central: https://maven-central.storage-download.googleapis.com/maven2/org/apache/maven/doxia/doxia-modules/1.9/doxia-modules-1.9.pom
17:50:34.456 [Thread-15] DEBUG spoon.Launcher - [INFO] Downloaded from google-maven-central: https://maven-central.storage-download.googleapis.com/maven2/org/apache/maven/doxia/doxia-modules/1.9/doxia-modules-1.9.pom (2.7 kB at 25 kB/s)
17:50:34.463 [Thread-15] DEBUG spoon.Launcher - [INFO] Downloading from google-maven-central: https://maven-central.storage-download.googleapis.com/maven2/org/apache/maven/doxia/doxia-module-xhtml5/1.9/doxia-module-xhtml5-1.9.pom
17:50:34.550 [Thread-15] DEBUG spoon.Launcher - [INFO] Downloaded from google-maven-central: https://maven-central.storage-download.googleapis.com/maven2/org/apache/maven/doxia/doxia-module-xhtml5/1.9/doxia-module-xhtml5-1.9.pom (2.0 kB at 22 kB/s)
17:50:34.555 [Thread-15] DEBUG spoon.Launcher - [INFO] Downloading from google-maven-central: https://maven-central.storage-download.googleapis.com/maven2/org/codehaus/plexus/plexus-i18n/1.0-beta-10/plexus-i18n-1.0-beta-10.pom
17:50:34.562 [Thread-15] DEBUG spoon.Launcher - [INFO] Downloaded from google-maven-central: https://maven-central.storage-download.googleapis.com/maven2/org/codehaus/plexus/plexus-i18n/1.0-beta-10/plexus-i18n-1.0-beta-10.pom (2.1 kB at 296 kB/s)
17:50:34.572 [Thread-15] DEBUG spoon.Launcher - [INFO] Downloading from google-maven-central: https://maven-central.storage-download.googleapis.com/maven2/org/apache/commons/commons-lang3/3.8.1/commons-lang3-3.8.1.pom
17:50:34.734 [Thread-15] DEBUG spoon.Launcher - [INFO] Downloaded from google-maven-central: https://maven-central.storage-download.googleapis.com/maven2/org/apache/commons/commons-lang3/3.8.1/commons-lang3-3.8.1.pom (28 kB at 173 kB/s)
17:50:34.742 [Thread-15] DEBUG spoon.Launcher - [INFO] Downloading from google-maven-central: https://maven-central.storage-download.googleapis.com/maven2/org/apache/commons/commons-parent/47/commons-parent-47.pom
17:50:34.756 [Thread-15] DEBUG spoon.Launcher - [INFO] Downloaded from google-maven-central: https://maven-central.storage-download.googleapis.com/maven2/org/apache/commons/commons-parent/47/commons-parent-47.pom (78 kB at 5.5 MB/s)
17:50:34.763 [Thread-15] DEBUG spoon.Launcher - [INFO] Downloading from google-maven-central: https://maven-central.storage-download.googleapis.com/maven2/org/codehaus/plexus/plexus-archiver/4.2.2/plexus-archiver-4.2.2.pom
17:50:34.776 [Thread-15] DEBUG spoon.Launcher - [INFO] Downloaded from google-maven-central: https://maven-central.storage-download.googleapis.com/maven2/org/codehaus/plexus/plexus-archiver/4.2.2/plexus-archiver-4.2.2.pom (4.4 kB at 364 kB/s)
17:50:34.779 [Thread-15] DEBUG spoon.Launcher - [INFO] Downloading from google-maven-central: https://maven-central.storage-download.googleapis.com/maven2/org/codehaus/plexus/plexus/6.1/plexus-6.1.pom
17:50:34.788 [Thread-15] DEBUG spoon.Launcher - [INFO] Downloaded from google-maven-central: https://maven-central.storage-download.googleapis.com/maven2/org/codehaus/plexus/plexus/6.1/plexus-6.1.pom (24 kB at 2.6 MB/s)
17:50:34.792 [Thread-15] DEBUG spoon.Launcher - [INFO] Downloading from google-maven-central: https://maven-central.storage-download.googleapis.com/maven2/org/codehaus/plexus/plexus-utils/3.3.0/plexus-utils-3.3.0.pom
17:50:34.822 [Thread-15] DEBUG spoon.Launcher - [INFO] Downloaded from google-maven-central: https://maven-central.storage-download.googleapis.com/maven2/org/codehaus/plexus/plexus-utils/3.3.0/plexus-utils-3.3.0.pom (5.2 kB at 173 kB/s)
17:50:34.828 [Thread-15] DEBUG spoon.Launcher - [INFO] Downloading from google-maven-central: https://maven-central.storage-download.googleapis.com/maven2/org/codehaus/plexus/plexus-io/3.2.0/plexus-io-3.2.0.pom
17:50:34.933 [Thread-15] DEBUG spoon.Launcher - [INFO] Downloaded from google-maven-central: https://maven-central.storage-download.googleapis.com/maven2/org/codehaus/plexus/plexus-io/3.2.0/plexus-io-3.2.0.pom (4.5 kB at 44 kB/s)
17:50:34.945 [Thread-15] DEBUG spoon.Launcher - [INFO] Downloading from google-maven-central: https://maven-central.storage-download.googleapis.com/maven2/org/iq80/snappy/snappy/0.4/snappy-0.4.pom
17:50:34.986 [Thread-15] DEBUG spoon.Launcher - [INFO] Downloaded from google-maven-central: https://maven-central.storage-download.googleapis.com/maven2/org/iq80/snappy/snappy/0.4/snappy-0.4.pom (15 kB at 383 kB/s)
17:50:34.995 [Thread-15] DEBUG spoon.Launcher - [INFO] Downloading from google-maven-central: https://maven-central.storage-download.googleapis.com/maven2/org/apache/maven/shared/file-management/3.0.0/file-management-3.0.0.pom
17:50:35.005 [Thread-15] DEBUG spoon.Launcher - [INFO] Downloaded from google-maven-central: https://maven-central.storage-download.googleapis.com/maven2/org/apache/maven/shared/file-management/3.0.0/file-management-3.0.0.pom (4.7 kB at 335 kB/s)
17:50:35.009 [Thread-15] DEBUG spoon.Launcher - [INFO] Downloading from google-maven-central: https://maven-central.storage-download.googleapis.com/maven2/org/apache/maven/shared/maven-shared-components/22/maven-shared-components-22.pom
17:50:35.017 [Thread-15] DEBUG spoon.Launcher - [INFO] Downloaded from google-maven-central: https://maven-central.storage-download.googleapis.com/maven2/org/apache/maven/shared/maven-shared-components/22/maven-shared-components-22.pom (5.1 kB at 568 kB/s)
17:50:35.029 [Thread-15] DEBUG spoon.Launcher - [INFO] Downloading from google-maven-central: https://maven-central.storage-download.googleapis.com/maven2/org/apache/maven/shared/maven-shared-io/3.0.0/maven-shared-io-3.0.0.pom
17:50:35.038 [Thread-15] DEBUG spoon.Launcher - [INFO] Downloaded from google-maven-central: https://maven-central.storage-download.googleapis.com/maven2/org/apache/maven/shared/maven-shared-io/3.0.0/maven-shared-io-3.0.0.pom (4.2 kB at 416 kB/s)
17:50:35.046 [Thread-15] DEBUG spoon.Launcher - [INFO] Downloading from google-maven-central: https://maven-central.storage-download.googleapis.com/maven2/org/apache/maven/maven-compat/3.0/maven-compat-3.0.pom
17:50:35.128 [Thread-15] DEBUG spoon.Launcher - [INFO] Downloaded from google-maven-central: https://maven-central.storage-download.googleapis.com/maven2/org/apache/maven/maven-compat/3.0/maven-compat-3.0.pom (4.0 kB at 48 kB/s)
17:50:35.139 [Thread-15] DEBUG spoon.Launcher - [INFO] Downloading from google-maven-central: https://maven-central.storage-download.googleapis.com/maven2/org/apache/maven/wagon/wagon-provider-api/1.0-beta-6/wagon-provider-api-1.0-beta-6.pom
17:50:35.190 [Thread-15] DEBUG spoon.Launcher - [INFO] Downloaded from google-maven-central: https://maven-central.storage-download.googleapis.com/maven2/org/apache/maven/wagon/wagon-provider-api/1.0-beta-6/wagon-provider-api-1.0-beta-6.pom (1.8 kB at 31 kB/s)
17:50:35.216 [Thread-15] DEBUG spoon.Launcher - [INFO] Downloading from google-maven-central: https://maven-central.storage-download.googleapis.com/maven2/org/apache/maven/wagon/wagon/1.0-beta-6/wagon-1.0-beta-6.pom
17:50:35.310 [Thread-15] DEBUG spoon.Launcher - [INFO] Downloaded from google-maven-central: https://maven-central.storage-download.googleapis.com/maven2/org/apache/maven/wagon/wagon/1.0-beta-6/wagon-1.0-beta-6.pom (12 kB at 126 kB/s)
17:50:35.318 [Thread-15] DEBUG spoon.Launcher - [INFO] Downloading from google-maven-central: https://maven-central.storage-download.googleapis.com/maven2/org/codehaus/plexus/plexus-utils/1.4.2/plexus-utils-1.4.2.pom
17:50:35.338 [Thread-15] DEBUG spoon.Launcher - [INFO] Downloaded from google-maven-central: https://maven-central.storage-download.googleapis.com/maven2/org/codehaus/plexus/plexus-utils/1.4.2/plexus-utils-1.4.2.pom (2.0 kB at 115 kB/s)
17:50:35.354 [Thread-15] DEBUG spoon.Launcher - [INFO] Downloading from google-maven-central: https://maven-central.storage-download.googleapis.com/maven2/org/apache/maven/wagon/wagon-provider-api/2.10/wagon-provider-api-2.10.pom
17:50:35.368 [Thread-15] DEBUG spoon.Launcher - [INFO] Downloaded from google-maven-central: https://maven-central.storage-download.googleapis.com/maven2/org/apache/maven/wagon/wagon-provider-api/2.10/wagon-provider-api-2.10.pom (1.7 kB at 87 kB/s)
17:50:35.376 [Thread-15] DEBUG spoon.Launcher - [INFO] Downloading from google-maven-central: https://maven-central.storage-download.googleapis.com/maven2/org/apache/maven/wagon/wagon/2.10/wagon-2.10.pom
17:50:35.392 [Thread-15] DEBUG spoon.Launcher - [INFO] Downloaded from google-maven-central: https://maven-central.storage-download.googleapis.com/maven2/org/apache/maven/wagon/wagon/2.10/wagon-2.10.pom (21 kB at 1.0 MB/s)
17:50:35.407 [Thread-15] DEBUG spoon.Launcher - [INFO] Downloading from google-maven-central: https://maven-central.storage-download.googleapis.com/maven2/org/codehaus/plexus/plexus-utils/3.0.15/plexus-utils-3.0.15.pom
17:50:35.475 [Thread-15] DEBUG spoon.Launcher - [INFO] Downloaded from google-maven-central: https://maven-central.storage-download.googleapis.com/maven2/org/codehaus/plexus/plexus-utils/3.0.15/plexus-utils-3.0.15.pom (3.1 kB at 42 kB/s)
17:50:35.477 [Thread-15] DEBUG spoon.Launcher - [INFO] Downloading from google-maven-central: https://maven-central.storage-download.googleapis.com/maven2/org/apache/maven/shared/maven-shared-utils/3.0.0/maven-shared-utils-3.0.0.pom
17:50:35.492 [Thread-15] DEBUG spoon.Launcher - [INFO] Downloaded from google-maven-central: https://maven-central.storage-download.googleapis.com/maven2/org/apache/maven/shared/maven-shared-utils/3.0.0/maven-shared-utils-3.0.0.pom (5.6 kB at 465 kB/s)
17:50:35.502 [Thread-15] DEBUG spoon.Launcher - [INFO] Downloading from google-maven-central: https://maven-central.storage-download.googleapis.com/maven2/org/apache/maven/shared/maven-shared-components/21/maven-shared-components-21.pom
17:50:35.524 [Thread-15] DEBUG spoon.Launcher - [INFO] Downloaded from google-maven-central: https://maven-central.storage-download.googleapis.com/maven2/org/apache/maven/shared/maven-shared-components/21/maven-shared-components-21.pom (5.1 kB at 204 kB/s)
17:50:35.532 [Thread-15] DEBUG spoon.Launcher - [INFO] Downloading from google-maven-central: https://maven-central.storage-download.googleapis.com/maven2/org/apache/maven/maven-parent/25/maven-parent-25.pom
17:50:35.551 [Thread-15] DEBUG spoon.Launcher - [INFO] Downloaded from google-maven-central: https://maven-central.storage-download.googleapis.com/maven2/org/apache/maven/maven-parent/25/maven-parent-25.pom (37 kB at 1.7 MB/s)
17:50:35.567 [Thread-15] DEBUG spoon.Launcher - [INFO] Downloading from google-maven-central: https://maven-central.storage-download.googleapis.com/maven2/org/apache/maven/shared/maven-dependency-analyzer/1.11.1/maven-dependency-analyzer-1.11.1.pom
17:50:35.584 [Thread-15] DEBUG spoon.Launcher - [INFO] Downloaded from google-maven-central: https://maven-central.storage-download.googleapis.com/maven2/org/apache/maven/shared/maven-dependency-analyzer/1.11.1/maven-dependency-analyzer-1.11.1.pom (6.7 kB at 418 kB/s)
17:50:35.602 [Thread-15] DEBUG spoon.Launcher - [INFO] Downloading from google-maven-central: https://maven-central.storage-download.googleapis.com/maven2/org/ow2/asm/asm/7.3.1/asm-7.3.1.pom
17:50:35.666 [Thread-15] DEBUG spoon.Launcher - [INFO] Downloaded from google-maven-central: https://maven-central.storage-download.googleapis.com/maven2/org/ow2/asm/asm/7.3.1/asm-7.3.1.pom (2.9 kB at 45 kB/s)
17:50:35.689 [Thread-15] DEBUG spoon.Launcher - [INFO] Downloading from google-maven-central: https://maven-central.storage-download.googleapis.com/maven2/org/apache/maven/shared/maven-dependency-tree/3.0.1/maven-dependency-tree-3.0.1.pom
17:50:35.710 [Thread-15] DEBUG spoon.Launcher - [INFO] Downloaded from google-maven-central: https://maven-central.storage-download.googleapis.com/maven2/org/apache/maven/shared/maven-dependency-tree/3.0.1/maven-dependency-tree-3.0.1.pom (7.5 kB at 234 kB/s)
17:50:35.732 [Thread-15] DEBUG spoon.Launcher - [INFO] Downloading from google-maven-central: https://maven-central.storage-download.googleapis.com/maven2/org/apache/maven/shared/maven-shared-utils/3.1.0/maven-shared-utils-3.1.0.pom
17:50:35.745 [Thread-15] DEBUG spoon.Launcher - [INFO] Downloaded from google-maven-central: https://maven-central.storage-download.googleapis.com/maven2/org/apache/maven/shared/maven-shared-utils/3.1.0/maven-shared-utils-3.1.0.pom (5.0 kB at 262 kB/s)
17:50:35.776 [Thread-15] DEBUG spoon.Launcher - [INFO] Downloading from google-maven-central: https://maven-central.storage-download.googleapis.com/maven2/org/apache/maven/shared/maven-common-artifact-filters/3.0.1/maven-common-artifact-filters-3.0.1.pom
17:50:35.794 [Thread-15] DEBUG spoon.Launcher - [INFO] Downloaded from google-maven-central: https://maven-central.storage-download.googleapis.com/maven2/org/apache/maven/shared/maven-common-artifact-filters/3.0.1/maven-common-artifact-filters-3.0.1.pom (4.8 kB at 269 kB/s)
17:50:35.817 [Thread-15] DEBUG spoon.Launcher - [INFO] Downloading from google-maven-central: https://maven-central.storage-download.googleapis.com/maven2/org/codehaus/plexus/plexus-utils/3.1.1/plexus-utils-3.1.1.pom
17:50:35.838 [Thread-15] DEBUG spoon.Launcher - [INFO] Downloaded from google-maven-central: https://maven-central.storage-download.googleapis.com/maven2/org/codehaus/plexus/plexus-utils/3.1.1/plexus-utils-3.1.1.pom (5.1 kB at 298 kB/s)
17:50:35.849 [Thread-15] DEBUG spoon.Launcher - [INFO] Downloading from google-maven-central: https://maven-central.storage-download.googleapis.com/maven2/org/slf4j/slf4j-api/1.7.5/slf4j-api-1.7.5.pom
17:50:35.857 [Thread-15] DEBUG spoon.Launcher - [INFO] Downloaded from google-maven-central: https://maven-central.storage-download.googleapis.com/maven2/org/slf4j/slf4j-api/1.7.5/slf4j-api-1.7.5.pom (2.7 kB at 269 kB/s)
17:50:35.861 [Thread-15] DEBUG spoon.Launcher - [INFO] Downloading from google-maven-central: https://maven-central.storage-download.googleapis.com/maven2/org/slf4j/slf4j-parent/1.7.5/slf4j-parent-1.7.5.pom
17:50:35.868 [Thread-15] DEBUG spoon.Launcher - [INFO] Downloaded from google-maven-central: https://maven-central.storage-download.googleapis.com/maven2/org/slf4j/slf4j-parent/1.7.5/slf4j-parent-1.7.5.pom (12 kB at 1.5 MB/s)
17:50:35.908 [Thread-15] DEBUG spoon.Launcher - [INFO] Downloading from google-maven-central: https://maven-central.storage-download.googleapis.com/maven2/org/codehaus/plexus/plexus-component-annotations/2.0.0/plexus-component-annotations-2.0.0.jar
17:50:35.915 [Thread-15] DEBUG spoon.Launcher - [INFO] Downloading from google-maven-central: https://maven-central.storage-download.googleapis.com/maven2/org/apache/maven/doxia/doxia-decoration-model/1.7.4/doxia-decoration-model-1.7.4.jar
17:50:35.918 [Thread-15] DEBUG spoon.Launcher - [INFO] Downloaded from google-maven-central: https://maven-central.storage-download.googleapis.com/maven2/org/codehaus/plexus/plexus-component-annotations/2.0.0/plexus-component-annotations-2.0.0.jar (4.2 kB at 384 kB/s)
17:50:35.920 [Thread-15] DEBUG spoon.Launcher - [INFO] Downloading from google-maven-central: https://maven-central.storage-download.googleapis.com/maven2/commons-io/commons-io/2.6/commons-io-2.6.jar
17:50:35.926 [Thread-15] DEBUG spoon.Launcher - [INFO] Downloading from google-maven-central: https://maven-central.storage-download.googleapis.com/maven2/org/apache/maven/reporting/maven-reporting-impl/3.0.0/maven-reporting-impl-3.0.0.jar
17:50:35.935 [Thread-15] DEBUG spoon.Launcher - [INFO] Downloading from google-maven-central: https://maven-central.storage-download.googleapis.com/maven2/org/apache/maven/doxia/doxia-sink-api/1.9/doxia-sink-api-1.9.jar
17:50:35.940 [Thread-15] DEBUG spoon.Launcher - [INFO] Downloading from google-maven-central: https://maven-central.storage-download.googleapis.com/maven2/org/apache/maven/doxia/doxia-logging-api/1.9/doxia-logging-api-1.9.jar
17:50:35.959 [Thread-15] DEBUG spoon.Launcher - [INFO] Downloaded from google-maven-central: https://maven-central.storage-download.googleapis.com/maven2/org/apache/maven/reporting/maven-reporting-impl/3.0.0/maven-reporting-impl-3.0.0.jar (18 kB at 540 kB/s)
17:50:35.961 [Thread-15] DEBUG spoon.Launcher - [INFO] Downloading from google-maven-central: https://maven-central.storage-download.googleapis.com/maven2/org/apache/maven/doxia/doxia-core/1.9/doxia-core-1.9.jar
17:50:36.005 [Thread-15] DEBUG spoon.Launcher - [INFO] Downloaded from google-maven-central: https://maven-central.storage-download.googleapis.com/maven2/org/apache/maven/doxia/doxia-core/1.9/doxia-core-1.9.jar (219 kB at 2.8 MB/s)
17:50:36.018 [Thread-15] DEBUG spoon.Launcher - [INFO] Downloading from google-maven-central: https://maven-central.storage-download.googleapis.com/maven2/org/codehaus/plexus/plexus-container-default/1.7.1/plexus-container-default-1.7.1.jar
17:50:36.018 [Thread-15] DEBUG spoon.Launcher - [INFO] Downloaded from google-maven-central: https://maven-central.storage-download.googleapis.com/maven2/commons-io/commons-io/2.6/commons-io-2.6.jar (215 kB at 2.0 MB/s)
17:50:36.018 [Thread-15] DEBUG spoon.Launcher - [INFO] Downloading from google-maven-central: https://maven-central.storage-download.googleapis.com/maven2/org/apache/xbean/xbean-reflect/3.7/xbean-reflect-3.7.jar
17:50:36.021 [Thread-15] DEBUG spoon.Launcher - [INFO] Downloaded from google-maven-central: https://maven-central.storage-download.googleapis.com/maven2/org/apache/maven/doxia/doxia-decoration-model/1.7.4/doxia-decoration-model-1.7.4.jar (61 kB at 546 kB/s)
17:50:36.021 [Thread-15] DEBUG spoon.Launcher - [INFO] Downloading from google-maven-central: https://maven-central.storage-download.googleapis.com/maven2/com/google/collections/google-collections/1.0/google-collections-1.0.jar
17:50:36.054 [Thread-15] DEBUG spoon.Launcher - [INFO] Downloaded from google-maven-central: https://maven-central.storage-download.googleapis.com/maven2/org/apache/xbean/xbean-reflect/3.7/xbean-reflect-3.7.jar (148 kB at 1.2 MB/s)
17:50:36.056 [Thread-15] DEBUG spoon.Launcher - [INFO] Downloading from google-maven-central: https://maven-central.storage-download.googleapis.com/maven2/org/apache/httpcomponents/httpclient/4.5.8/httpclient-4.5.8.jar
17:50:36.104 [Thread-15] DEBUG spoon.Launcher - [INFO] Downloaded from google-maven-central: https://maven-central.storage-download.googleapis.com/maven2/com/google/collections/google-collections/1.0/google-collections-1.0.jar (640 kB at 3.7 MB/s)
17:50:36.105 [Thread-15] DEBUG spoon.Launcher - [INFO] Downloading from google-maven-central: https://maven-central.storage-download.googleapis.com/maven2/org/apache/httpcomponents/httpcore/4.4.11/httpcore-4.4.11.jar
17:50:36.113 [Thread-15] DEBUG spoon.Launcher - [INFO] Downloaded from google-maven-central: https://maven-central.storage-download.googleapis.com/maven2/org/apache/maven/doxia/doxia-sink-api/1.9/doxia-sink-api-1.9.jar (12 kB at 61 kB/s)
17:50:36.113 [Thread-15] DEBUG spoon.Launcher - [INFO] Downloading from google-maven-central: https://maven-central.storage-download.googleapis.com/maven2/org/apache/maven/doxia/doxia-site-renderer/1.9/doxia-site-renderer-1.9.jar
17:50:36.115 [Thread-15] DEBUG spoon.Launcher - [INFO] Downloaded from google-maven-central: https://maven-central.storage-download.googleapis.com/maven2/org/apache/maven/doxia/doxia-logging-api/1.9/doxia-logging-api-1.9.jar (12 kB at 60 kB/s)
17:50:36.115 [Thread-15] DEBUG spoon.Launcher - [INFO] Downloading from google-maven-central: https://maven-central.storage-download.googleapis.com/maven2/org/apache/maven/doxia/doxia-skin-model/1.9/doxia-skin-model-1.9.jar
17:50:36.126 [Thread-15] DEBUG spoon.Launcher - [INFO] Downloaded from google-maven-central: https://maven-central.storage-download.googleapis.com/maven2/org/apache/maven/doxia/doxia-skin-model/1.9/doxia-skin-model-1.9.jar (17 kB at 81 kB/s)
17:50:36.126 [Thread-15] DEBUG spoon.Launcher - [INFO] Downloading from google-maven-central: https://maven-central.storage-download.googleapis.com/maven2/org/apache/maven/doxia/doxia-module-xhtml/1.9/doxia-module-xhtml-1.9.jar
17:50:36.139 [Thread-15] DEBUG spoon.Launcher - [INFO] Downloaded from google-maven-central: https://maven-central.storage-download.googleapis.com/maven2/org/apache/httpcomponents/httpcore/4.4.11/httpcore-4.4.11.jar (327 kB at 1.5 MB/s)
17:50:36.139 [Thread-15] DEBUG spoon.Launcher - [INFO] Downloading from google-maven-central: https://maven-central.storage-download.googleapis.com/maven2/org/apache/maven/doxia/doxia-module-xhtml5/1.9/doxia-module-xhtml5-1.9.jar
17:50:36.149 [Thread-15] DEBUG spoon.Launcher - [INFO] Downloaded from google-maven-central: https://maven-central.storage-download.googleapis.com/maven2/org/apache/httpcomponents/httpclient/4.5.8/httpclient-4.5.8.jar (772 kB at 3.4 MB/s)
17:50:36.149 [Thread-15] DEBUG spoon.Launcher - [INFO] Downloading from google-maven-central: https://maven-central.storage-download.googleapis.com/maven2/org/codehaus/plexus/plexus-i18n/1.0-beta-10/plexus-i18n-1.0-beta-10.jar
17:50:36.154 [Thread-15] DEBUG spoon.Launcher - [INFO] Downloaded from google-maven-central: https://maven-central.storage-download.googleapis.com/maven2/org/codehaus/plexus/plexus-i18n/1.0-beta-10/plexus-i18n-1.0-beta-10.jar (12 kB at 51 kB/s)
17:50:36.155 [Thread-15] DEBUG spoon.Launcher - [INFO] Downloading from google-maven-central: https://maven-central.storage-download.googleapis.com/maven2/org/codehaus/plexus/plexus-velocity/1.2/plexus-velocity-1.2.jar
17:50:36.166 [Thread-15] DEBUG spoon.Launcher - [INFO] Downloaded from google-maven-central: https://maven-central.storage-download.googleapis.com/maven2/org/codehaus/plexus/plexus-velocity/1.2/plexus-velocity-1.2.jar (8.1 kB at 33 kB/s)
17:50:36.166 [Thread-15] DEBUG spoon.Launcher - [INFO] Downloading from google-maven-central: https://maven-central.storage-download.googleapis.com/maven2/org/apache/velocity/velocity-tools/2.0/velocity-tools-2.0.jar
17:50:36.187 [Thread-15] DEBUG spoon.Launcher - [INFO] Downloaded from google-maven-central: https://maven-central.storage-download.googleapis.com/maven2/org/apache/velocity/velocity-tools/2.0/velocity-tools-2.0.jar (347 kB at 1.3 MB/s)
17:50:36.187 [Thread-15] DEBUG spoon.Launcher - [INFO] Downloading from google-maven-central: https://maven-central.storage-download.googleapis.com/maven2/commons-digester/commons-digester/1.8/commons-digester-1.8.jar
17:50:36.200 [Thread-15] DEBUG spoon.Launcher - [INFO] Downloaded from google-maven-central: https://maven-central.storage-download.googleapis.com/maven2/commons-digester/commons-digester/1.8/commons-digester-1.8.jar (144 kB at 515 kB/s)
17:50:36.200 [Thread-15] DEBUG spoon.Launcher - [INFO] Downloading from google-maven-central: https://maven-central.storage-download.googleapis.com/maven2/commons-chain/commons-chain/1.1/commons-chain-1.1.jar
17:50:36.206 [Thread-15] DEBUG spoon.Launcher - [INFO] Downloaded from google-maven-central: https://maven-central.storage-download.googleapis.com/maven2/org/apache/maven/doxia/doxia-site-renderer/1.9/doxia-site-renderer-1.9.jar (66 kB at 233 kB/s)
17:50:36.206 [Thread-15] DEBUG spoon.Launcher - [INFO] Downloading from google-maven-central: https://maven-central.storage-download.googleapis.com/maven2/commons-validator/commons-validator/1.3.1/commons-validator-1.3.1.jar
17:50:36.218 [Thread-15] DEBUG spoon.Launcher - [INFO] Downloaded from google-maven-central: https://maven-central.storage-download.googleapis.com/maven2/commons-validator/commons-validator/1.3.1/commons-validator-1.3.1.jar (139 kB at 466 kB/s)
17:50:36.219 [Thread-15] DEBUG spoon.Launcher - [INFO] Downloaded from google-maven-central: https://maven-central.storage-download.googleapis.com/maven2/commons-chain/commons-chain/1.1/commons-chain-1.1.jar (90 kB at 301 kB/s)
17:50:36.220 [Thread-15] DEBUG spoon.Launcher - [INFO] Downloading from google-maven-central: https://maven-central.storage-download.googleapis.com/maven2/dom4j/dom4j/1.1/dom4j-1.1.jar
17:50:36.221 [Thread-15] DEBUG spoon.Launcher - [INFO] Downloading from google-maven-central: https://maven-central.storage-download.googleapis.com/maven2/sslext/sslext/1.2-0/sslext-1.2-0.jar
17:50:36.240 [Thread-15] DEBUG spoon.Launcher - [INFO] Downloaded from google-maven-central: https://maven-central.storage-download.googleapis.com/maven2/dom4j/dom4j/1.1/dom4j-1.1.jar (457 kB at 1.4 MB/s)
17:50:36.241 [Thread-15] DEBUG spoon.Launcher - [INFO] Downloaded from google-maven-central: https://maven-central.storage-download.googleapis.com/maven2/sslext/sslext/1.2-0/sslext-1.2-0.jar (26 kB at 83 kB/s)
17:50:36.241 [Thread-15] DEBUG spoon.Launcher - [INFO] Downloading from google-maven-central: https://maven-central.storage-download.googleapis.com/maven2/org/apache/struts/struts-core/1.3.8/struts-core-1.3.8.jar
17:50:36.242 [Thread-15] DEBUG spoon.Launcher - [INFO] Downloading from google-maven-central: https://maven-central.storage-download.googleapis.com/maven2/antlr/antlr/2.7.2/antlr-2.7.2.jar
17:50:36.264 [Thread-15] DEBUG spoon.Launcher - [INFO] Downloaded from google-maven-central: https://maven-central.storage-download.googleapis.com/maven2/antlr/antlr/2.7.2/antlr-2.7.2.jar (358 kB at 1.0 MB/s)
17:50:36.265 [Thread-15] DEBUG spoon.Launcher - [INFO] Downloading from google-maven-central: https://maven-central.storage-download.googleapis.com/maven2/org/apache/struts/struts-taglib/1.3.8/struts-taglib-1.3.8.jar
17:50:36.275 [Thread-15] DEBUG spoon.Launcher - [INFO] Downloaded from google-maven-central: https://maven-central.storage-download.googleapis.com/maven2/org/apache/struts/struts-core/1.3.8/struts-core-1.3.8.jar (329 kB at 953 kB/s)
17:50:36.277 [Thread-15] DEBUG spoon.Launcher - [INFO] Downloading from google-maven-central: https://maven-central.storage-download.googleapis.com/maven2/org/apache/struts/struts-tiles/1.3.8/struts-tiles-1.3.8.jar
17:50:36.286 [Thread-15] DEBUG spoon.Launcher - [INFO] Downloaded from google-maven-central: https://maven-central.storage-download.googleapis.com/maven2/org/apache/struts/struts-tiles/1.3.8/struts-tiles-1.3.8.jar (120 kB at 328 kB/s)
17:50:36.287 [Thread-15] DEBUG spoon.Launcher - [INFO] Downloading from google-maven-central: https://maven-central.storage-download.googleapis.com/maven2/org/codehaus/plexus/plexus-archiver/4.2.2/plexus-archiver-4.2.2.jar
17:50:36.292 [Thread-15] DEBUG spoon.Launcher - [INFO] Downloaded from google-maven-central: https://maven-central.storage-download.googleapis.com/maven2/org/apache/struts/struts-taglib/1.3.8/struts-taglib-1.3.8.jar (252 kB at 678 kB/s)
17:50:36.293 [Thread-15] DEBUG spoon.Launcher - [INFO] Downloading from google-maven-central: https://maven-central.storage-download.googleapis.com/maven2/org/iq80/snappy/snappy/0.4/snappy-0.4.jar
17:50:36.305 [Thread-15] DEBUG spoon.Launcher - [INFO] Downloaded from google-maven-central: https://maven-central.storage-download.googleapis.com/maven2/org/iq80/snappy/snappy/0.4/snappy-0.4.jar (58 kB at 151 kB/s)
17:50:36.308 [Thread-15] DEBUG spoon.Launcher - [INFO] Downloaded from google-maven-central: https://maven-central.storage-download.googleapis.com/maven2/org/apache/maven/doxia/doxia-module-xhtml/1.9/doxia-module-xhtml-1.9.jar (18 kB at 46 kB/s)
17:50:36.309 [Thread-15] DEBUG spoon.Launcher - [INFO] Downloading from google-maven-central: https://maven-central.storage-download.googleapis.com/maven2/org/codehaus/plexus/plexus-utils/3.3.0/plexus-utils-3.3.0.jar
17:50:36.310 [Thread-15] DEBUG spoon.Launcher - [INFO] Downloading from google-maven-central: https://maven-central.storage-download.googleapis.com/maven2/org/apache/maven/shared/file-management/3.0.0/file-management-3.0.0.jar
17:50:36.326 [Thread-15] DEBUG spoon.Launcher - [INFO] Downloaded from google-maven-central: https://maven-central.storage-download.googleapis.com/maven2/org/apache/maven/shared/file-management/3.0.0/file-management-3.0.0.jar (35 kB at 87 kB/s)
17:50:36.329 [Thread-15] DEBUG spoon.Launcher - [INFO] Downloading from google-maven-central: https://maven-central.storage-download.googleapis.com/maven2/org/apache/maven/shared/maven-shared-io/3.0.0/maven-shared-io-3.0.0.jar
17:50:36.330 [Thread-15] DEBUG spoon.Launcher - [INFO] Downloaded from google-maven-central: https://maven-central.storage-download.googleapis.com/maven2/org/codehaus/plexus/plexus-utils/3.3.0/plexus-utils-3.3.0.jar (263 kB at 645 kB/s)
17:50:36.330 [Thread-15] DEBUG spoon.Launcher - [INFO] Downloading from google-maven-central: https://maven-central.storage-download.googleapis.com/maven2/org/apache/maven/maven-compat/3.0/maven-compat-3.0.jar
17:50:36.346 [Thread-15] DEBUG spoon.Launcher - [INFO] Downloaded from google-maven-central: https://maven-central.storage-download.googleapis.com/maven2/org/apache/maven/shared/maven-shared-io/3.0.0/maven-shared-io-3.0.0.jar (41 kB at 98 kB/s)
17:50:36.349 [Thread-15] DEBUG spoon.Launcher - [INFO] Downloading from google-maven-central: https://maven-central.storage-download.googleapis.com/maven2/org/apache/maven/wagon/wagon-provider-api/2.10/wagon-provider-api-2.10.jar
17:50:36.350 [Thread-15] DEBUG spoon.Launcher - [INFO] Downloaded from google-maven-central: https://maven-central.storage-download.googleapis.com/maven2/org/apache/maven/maven-compat/3.0/maven-compat-3.0.jar (285 kB at 673 kB/s)
17:50:36.350 [Thread-15] DEBUG spoon.Launcher - [INFO] Downloading from google-maven-central: https://maven-central.storage-download.googleapis.com/maven2/org/codehaus/plexus/plexus-io/3.2.0/plexus-io-3.2.0.jar
17:50:36.355 [Thread-15] DEBUG spoon.Launcher - [INFO] Downloaded from google-maven-central: https://maven-central.storage-download.googleapis.com/maven2/org/apache/maven/wagon/wagon-provider-api/2.10/wagon-provider-api-2.10.jar (54 kB at 123 kB/s)
17:50:36.358 [Thread-15] DEBUG spoon.Launcher - [INFO] Downloading from google-maven-central: https://maven-central.storage-download.googleapis.com/maven2/org/apache/maven/shared/maven-dependency-analyzer/1.11.1/maven-dependency-analyzer-1.11.1.jar
17:50:36.360 [Thread-15] DEBUG spoon.Launcher - [INFO] Downloaded from google-maven-central: https://maven-central.storage-download.googleapis.com/maven2/org/codehaus/plexus/plexus-io/3.2.0/plexus-io-3.2.0.jar (76 kB at 172 kB/s)
17:50:36.364 [Thread-15] DEBUG spoon.Launcher - [INFO] Downloading from google-maven-central: https://maven-central.storage-download.googleapis.com/maven2/org/ow2/asm/asm/7.3.1/asm-7.3.1.jar
17:50:36.367 [Thread-15] DEBUG spoon.Launcher - [INFO] Downloaded from google-maven-central: https://maven-central.storage-download.googleapis.com/maven2/org/codehaus/plexus/plexus-container-default/1.7.1/plexus-container-default-1.7.1.jar (231 kB at 518 kB/s)
17:50:36.367 [Thread-15] DEBUG spoon.Launcher - [INFO] Downloading from google-maven-central: https://maven-central.storage-download.googleapis.com/maven2/org/apache/maven/shared/maven-dependency-tree/3.0.1/maven-dependency-tree-3.0.1.jar
17:50:36.375 [Thread-15] DEBUG spoon.Launcher - [INFO] Downloaded from google-maven-central: https://maven-central.storage-download.googleapis.com/maven2/org/apache/maven/shared/maven-dependency-tree/3.0.1/maven-dependency-tree-3.0.1.jar (37 kB at 81 kB/s)
17:50:36.375 [Thread-15] DEBUG spoon.Launcher - [INFO] Downloading from google-maven-central: https://maven-central.storage-download.googleapis.com/maven2/org/slf4j/slf4j-api/1.7.5/slf4j-api-1.7.5.jar
17:50:36.377 [Thread-15] DEBUG spoon.Launcher - [INFO] Downloaded from google-maven-central: https://maven-central.storage-download.googleapis.com/maven2/org/apache/maven/shared/maven-dependency-analyzer/1.11.1/maven-dependency-analyzer-1.11.1.jar (35 kB at 78 kB/s)
17:50:36.381 [Thread-15] DEBUG spoon.Launcher - [INFO] Downloaded from google-maven-central: https://maven-central.storage-download.googleapis.com/maven2/org/codehaus/plexus/plexus-archiver/4.2.2/plexus-archiver-4.2.2.jar (194 kB at 422 kB/s)
17:50:36.416 [Thread-15] DEBUG spoon.Launcher - [INFO] Downloaded from google-maven-central: https://maven-central.storage-download.googleapis.com/maven2/org/slf4j/slf4j-api/1.7.5/slf4j-api-1.7.5.jar (26 kB at 53 kB/s)
17:50:36.428 [Thread-15] DEBUG spoon.Launcher - [INFO] Downloaded from google-maven-central: https://maven-central.storage-download.googleapis.com/maven2/org/ow2/asm/asm/7.3.1/asm-7.3.1.jar (122 kB at 240 kB/s)
17:50:36.629 [Thread-15] DEBUG spoon.Launcher - [INFO] Downloaded from google-maven-central: https://maven-central.storage-download.googleapis.com/maven2/org/apache/maven/doxia/doxia-module-xhtml5/1.9/doxia-module-xhtml5-1.9.jar (18 kB at 25 kB/s)
17:50:36.949 [Thread-15] DEBUG spoon.Launcher - [INFO] Wrote classpath file '/home/travis/build/SpoonLabs/spoon-ci-external/spoon/spoon.classpath-app.tmp'.
17:50:36.951 [Thread-15] DEBUG spoon.Launcher - [INFO] ------------------------------------------------------------------------
17:50:36.951 [Thread-15] DEBUG spoon.Launcher - [INFO] BUILD SUCCESS
17:50:36.951 [Thread-15] DEBUG spoon.Launcher - [INFO] ------------------------------------------------------------------------
17:50:36.953 [Thread-15] DEBUG spoon.Launcher - [INFO] Total time:  7.755 s
17:50:36.953 [Thread-15] DEBUG spoon.Launcher - [INFO] Finished at: 2020-07-29T17:50:36Z
17:50:36.953 [Thread-15] DEBUG spoon.Launcher - [INFO] ------------------------------------------------------------------------
17:50:37.025 [main] INFO spoon.Launcher - Running in NOCLASSPATH mode (doc: http://spoon.gforge.inria.fr/launcher.html).
17:50:38.562 [Thread-18] DEBUG spoon.Launcher - [INFO] Scanning for projects...
17:50:39.750 [Thread-18] DEBUG spoon.Launcher - [INFO] Inspecting build with total of 1 modules...
17:50:39.752 [Thread-18] DEBUG spoon.Launcher - [INFO] Installing Nexus Staging features:
17:50:39.752 [Thread-18] DEBUG spoon.Launcher - [INFO]   ... total of 1 executions of maven-deploy-plugin replaced with nexus-staging-maven-plugin
17:50:39.828 [Thread-18] DEBUG spoon.Launcher - [INFO] 
17:50:39.829 [Thread-18] DEBUG spoon.Launcher - [INFO] ------------------< fr.inria.gforge.spoon:spoon-core >------------------
17:50:39.829 [Thread-18] DEBUG spoon.Launcher - [INFO] Building Spoon Core 8.3.0-SNAPSHOT
17:50:39.830 [Thread-18] DEBUG spoon.Launcher - [INFO] --------------------------------[ jar ]---------------------------------
17:50:40.393 [Thread-18] DEBUG spoon.Launcher - [INFO] Downloading from maven.inria.fr-snapshot: https://maven.irisa.fr/artifactory/spoon-public-snapshot/junit/junit-dep/maven-metadata.xml
17:50:40.393 [Thread-18] DEBUG spoon.Launcher - [INFO] Downloading from sonatype: https://oss.sonatype.org/content/repositories/releases/junit/junit-dep/maven-metadata.xml
17:50:40.393 [Thread-18] DEBUG spoon.Launcher - [INFO] Downloading from sonatype-apache: https://repository.apache.org/content/repositories/releases/junit/junit-dep/maven-metadata.xml
17:50:40.393 [Thread-18] DEBUG spoon.Launcher - [INFO] Downloading from apache-snapshots: https://repository.apache.org/snapshots/junit/junit-dep/maven-metadata.xml
17:50:41.068 [Thread-18] DEBUG spoon.Launcher - [INFO] Downloaded from sonatype: https://oss.sonatype.org/content/repositories/releases/junit/junit-dep/maven-metadata.xml (563 B at 701 B/s)
17:50:41.071 [Thread-18] DEBUG spoon.Launcher - [WARNING] Could not transfer metadata junit:junit-dep/maven-metadata.xml from/to maven.inria.fr-snapshot (https://maven.irisa.fr/artifactory/spoon-public-snapshot): Transfer failed for https://maven.irisa.fr/artifactory/spoon-public-snapshot/junit/junit-dep/maven-metadata.xml
17:50:41.102 [Thread-18] DEBUG spoon.Launcher - [INFO] 
17:50:41.103 [Thread-18] DEBUG spoon.Launcher - [INFO] --- maven-dependency-plugin:3.1.2:build-classpath (default-cli) @ spoon-core ---
17:50:41.781 [Thread-18] DEBUG spoon.Launcher - [INFO] Wrote classpath file '/home/travis/build/SpoonLabs/spoon-ci-external/spoon/spoon.classpath.tmp'.
17:50:41.782 [Thread-18] DEBUG spoon.Launcher - [INFO] ------------------------------------------------------------------------
17:50:41.782 [Thread-18] DEBUG spoon.Launcher - [INFO] BUILD SUCCESS
17:50:41.783 [Thread-18] DEBUG spoon.Launcher - [INFO] ------------------------------------------------------------------------
17:50:41.784 [Thread-18] DEBUG spoon.Launcher - [INFO] Total time:  3.252 s
17:50:41.785 [Thread-18] DEBUG spoon.Launcher - [INFO] Finished at: 2020-07-29T17:50:41Z
17:50:41.785 [Thread-18] DEBUG spoon.Launcher - [INFO] ------------------------------------------------------------------------
17:50:41.938 [main] INFO spoon.Launcher - Running in NOCLASSPATH mode (doc: http://spoon.gforge.inria.fr/launcher.html).
17:50:42.114 [main] INFO spoon.Launcher - Running in NOCLASSPATH mode (doc: http://spoon.gforge.inria.fr/launcher.html).
17:50:43.624 [Thread-21] DEBUG spoon.Launcher - [INFO] Scanning for projects...
17:50:44.000 [Thread-21] DEBUG spoon.Launcher - [INFO] 
17:50:44.001 [Thread-21] DEBUG spoon.Launcher - [INFO] -------------------------< org.foo.bar:foobar >-------------------------
17:50:44.004 [Thread-21] DEBUG spoon.Launcher - [INFO] Building foobar 1.0.0-SNAPSHOT
17:50:44.005 [Thread-21] DEBUG spoon.Launcher - [INFO] --------------------------------[ jar ]---------------------------------
17:50:44.028 [Thread-21] DEBUG spoon.Launcher - [INFO] 
17:50:44.034 [Thread-21] DEBUG spoon.Launcher - [INFO] --- maven-dependency-plugin:2.8:build-classpath (default-cli) @ foobar ---
17:50:44.939 [Thread-21] DEBUG spoon.Launcher - [INFO] No dependencies found.
17:50:44.942 [Thread-21] DEBUG spoon.Launcher - [INFO] Wrote classpath file '/home/travis/build/SpoonLabs/spoon-ci-external/spoon/src/test/resources/maven-launcher/java-11/spoon.classpath-app.tmp'.
17:50:44.942 [Thread-21] DEBUG spoon.Launcher - [INFO] ------------------------------------------------------------------------
17:50:44.942 [Thread-21] DEBUG spoon.Launcher - [INFO] BUILD SUCCESS
17:50:44.943 [Thread-21] DEBUG spoon.Launcher - [INFO] ------------------------------------------------------------------------
17:50:44.945 [Thread-21] DEBUG spoon.Launcher - [INFO] Total time:  1.341 s
17:50:44.947 [Thread-21] DEBUG spoon.Launcher - [INFO] Finished at: 2020-07-29T17:50:44Z
17:50:44.947 [Thread-21] DEBUG spoon.Launcher - [INFO] ------------------------------------------------------------------------
17:50:44.959 [main] INFO spoon.Launcher - Running in NOCLASSPATH mode (doc: http://spoon.gforge.inria.fr/launcher.html).
]]></system-out>
  </testcase>
  <testcase name="mavenLauncherTestWithVerySimpleProject" classname="spoon.MavenLauncherTest" time="3.39">
    <system-out><![CDATA[17:50:44.989 [main] INFO spoon.Launcher - Running in NOCLASSPATH mode (doc: http://spoon.gforge.inria.fr/launcher.html).
17:50:47.163 [Thread-24] DEBUG spoon.Launcher - [INFO] Scanning for projects...
17:50:47.553 [Thread-24] DEBUG spoon.Launcher - [INFO] 
17:50:47.554 [Thread-24] DEBUG spoon.Launcher - [INFO] -------------------------< org.foo.bar:foobar >-------------------------
17:50:47.554 [Thread-24] DEBUG spoon.Launcher - [INFO] Building foobar 1.0.0-SNAPSHOT
17:50:47.555 [Thread-24] DEBUG spoon.Launcher - [INFO] --------------------------------[ jar ]---------------------------------
17:50:47.578 [Thread-24] DEBUG spoon.Launcher - [INFO] 
17:50:47.583 [Thread-24] DEBUG spoon.Launcher - [INFO] --- maven-dependency-plugin:2.8:build-classpath (default-cli) @ foobar ---
17:50:48.356 [Thread-24] DEBUG spoon.Launcher - [INFO] No dependencies found.
17:50:48.358 [Thread-24] DEBUG spoon.Launcher - [INFO] Wrote classpath file '/home/travis/build/SpoonLabs/spoon-ci-external/spoon/src/test/resources/maven-launcher/very-simple/spoon.classpath.tmp'.
17:50:48.360 [Thread-24] DEBUG spoon.Launcher - [INFO] ------------------------------------------------------------------------
17:50:48.361 [Thread-24] DEBUG spoon.Launcher - [INFO] BUILD SUCCESS
17:50:48.362 [Thread-24] DEBUG spoon.Launcher - [INFO] ------------------------------------------------------------------------
17:50:48.363 [Thread-24] DEBUG spoon.Launcher - [INFO] Total time:  1.228 s
17:50:48.364 [Thread-24] DEBUG spoon.Launcher - [INFO] Finished at: 2020-07-29T17:50:48Z
17:50:48.365 [Thread-24] DEBUG spoon.Launcher - [INFO] ------------------------------------------------------------------------
]]></system-out>
  </testcase>
  <testcase name="testGuessMavenHome" classname="spoon.MavenLauncherTest" time="0.16"/>
  <testcase name="testPomSourceDirectory" classname="spoon.MavenLauncherTest" time="2.912">
    <system-out><![CDATA[17:50:48.542 [main] INFO spoon.Launcher - Running in NOCLASSPATH mode (doc: http://spoon.gforge.inria.fr/launcher.html).
17:50:50.051 [Thread-27] DEBUG spoon.Launcher - [INFO] Scanning for projects...
17:50:50.425 [Thread-27] DEBUG spoon.Launcher - [INFO] 
17:50:50.426 [Thread-27] DEBUG spoon.Launcher - [INFO] -------------------------< org.foo.bar:foobar >-------------------------
17:50:50.427 [Thread-27] DEBUG spoon.Launcher - [INFO] Building foobar 1.0.0-SNAPSHOT
17:50:50.428 [Thread-27] DEBUG spoon.Launcher - [INFO] --------------------------------[ jar ]---------------------------------
17:50:50.444 [Thread-27] DEBUG spoon.Launcher - [INFO] 
17:50:50.446 [Thread-27] DEBUG spoon.Launcher - [INFO] --- maven-dependency-plugin:2.8:build-classpath (default-cli) @ foobar ---
17:50:51.436 [Thread-27] DEBUG spoon.Launcher - [INFO] No dependencies found.
17:50:51.442 [Thread-27] DEBUG spoon.Launcher - [INFO] Wrote classpath file '/home/travis/build/SpoonLabs/spoon-ci-external/spoon/src/test/resources/maven-launcher/source-directory/spoon.classpath.tmp'.
17:50:51.442 [Thread-27] DEBUG spoon.Launcher - [INFO] ------------------------------------------------------------------------
17:50:51.442 [Thread-27] DEBUG spoon.Launcher - [INFO] BUILD SUCCESS
17:50:51.442 [Thread-27] DEBUG spoon.Launcher - [INFO] ------------------------------------------------------------------------
17:50:51.442 [Thread-27] DEBUG spoon.Launcher - [INFO] Total time:  1.418 s
17:50:51.442 [Thread-27] DEBUG spoon.Launcher - [INFO] Finished at: 2020-07-29T17:50:51Z
17:50:51.442 [Thread-27] DEBUG spoon.Launcher - [INFO] ------------------------------------------------------------------------
]]></system-out>
  </testcase>
  <testcase name="mavenLauncherOnDirectoryWithoutPomTest" classname="spoon.MavenLauncherTest" time="0.002">
    <system-out><![CDATA[17:50:51.454 [main] INFO spoon.Launcher - Running in NOCLASSPATH mode (doc: http://spoon.gforge.inria.fr/launcher.html).
]]></system-out>
  </testcase>
</testsuite>