<?xml version="1.0" encoding="UTF-8"?>
<testsuite xmlns:xsi="http://www.w3.org/2001/XMLSchema-instance" xsi:noNamespaceSchemaLocation="https://maven.apache.org/surefire/maven-surefire-plugin/xsd/surefire-test-report-3.0.xsd" version="3.0" name="spoon.MavenLauncherTest" time="35.68" tests="12" errors="0" skipped="1" failures="0">
  <properties>
    <property name="awt.toolkit" value="sun.awt.X11.XToolkit"/>
    <property name="file.encoding.pkg" value="sun.io"/>
    <property name="java.specification.version" value="1.8"/>
    <property name="sun.cpu.isalist" value=""/>
    <property name="sun.jnu.encoding" value="UTF-8"/>
    <property name="java.class.path" value="/home/travis/.m2/repository/org/apache/maven/surefire/surefire-booter/3.0.0-M5/surefire-booter-3.0.0-M5.jar:/home/travis/.m2/repository/org/apache/maven/surefire/surefire-api/3.0.0-M5/surefire-api-3.0.0-M5.jar:/home/travis/.m2/repository/org/apache/maven/surefire/surefire-logger-api/3.0.0-M5/surefire-logger-api-3.0.0-M5.jar:/home/travis/.m2/repository/org/apache/maven/surefire/surefire-shared-utils/3.0.0-M4/surefire-shared-utils-3.0.0-M4.jar:/home/travis/.m2/repository/org/apache/maven/surefire/surefire-extensions-spi/3.0.0-M5/surefire-extensions-spi-3.0.0-M5.jar:/home/travis/build/SpoonLabs/spoon-ci-external/spoon/target/test-classes:/home/travis/build/SpoonLabs/spoon-ci-external/spoon/target/classes:/home/travis/.m2/repository/org/eclipse/jdt/org.eclipse.jdt.core/3.20.0/org.eclipse.jdt.core-3.20.0.jar:/home/travis/.m2/repository/com/martiansoftware/jsap/2.1/jsap-2.1.jar:/home/travis/.m2/repository/org/apache/logging/log4j/log4j-api/2.13.3/log4j-api-2.13.3.jar:/home/travis/.m2/repository/org/apache/logging/log4j/log4j-to-slf4j/2.13.3/log4j-to-slf4j-2.13.3.jar:/home/travis/.m2/repository/org/slf4j/slf4j-api/1.7.25/slf4j-api-1.7.25.jar:/home/travis/.m2/repository/commons-io/commons-io/2.8.0/commons-io-2.8.0.jar:/home/travis/.m2/repository/org/apache/maven/maven-model/3.6.3/maven-model-3.6.3.jar:/home/travis/.m2/repository/org/codehaus/plexus/plexus-utils/3.2.1/plexus-utils-3.2.1.jar:/home/travis/.m2/repository/org/apache/commons/commons-lang3/3.11/commons-lang3-3.11.jar:/home/travis/.m2/repository/org/tukaani/xz/1.8/xz-1.8.jar:/home/travis/.m2/repository/com/fasterxml/jackson/core/jackson-databind/2.11.2/jackson-databind-2.11.2.jar:/home/travis/.m2/repository/com/fasterxml/jackson/core/jackson-annotations/2.11.2/jackson-annotations-2.11.2.jar:/home/travis/.m2/repository/com/fasterxml/jackson/core/jackson-core/2.11.2/jackson-core-2.11.2.jar:/home/travis/.m2/repository/org/apache/commons/commons-compress/1.20/commons-compress-1.20.jar:/home/travis/.m2/repository/com/google/guava/guava/29.0-jre/guava-29.0-jre.jar:/home/travis/.m2/repository/com/google/guava/failureaccess/1.0.1/failureaccess-1.0.1.jar:/home/travis/.m2/repository/com/google/guava/listenablefuture/9999.0-empty-to-avoid-conflict-with-guava/listenablefuture-9999.0-empty-to-avoid-conflict-with-guava.jar:/home/travis/.m2/repository/com/google/code/findbugs/jsr305/3.0.2/jsr305-3.0.2.jar:/home/travis/.m2/repository/org/checkerframework/checker-qual/2.11.1/checker-qual-2.11.1.jar:/home/travis/.m2/repository/com/google/errorprone/error_prone_annotations/2.3.4/error_prone_annotations-2.3.4.jar:/home/travis/.m2/repository/com/google/j2objc/j2objc-annotations/1.3/j2objc-annotations-1.3.jar:/home/travis/.m2/repository/ch/qos/logback/logback-classic/1.2.3/logback-classic-1.2.3.jar:/home/travis/.m2/repository/ch/qos/logback/logback-core/1.2.3/logback-core-1.2.3.jar:/home/travis/.m2/repository/com/mysema/querydsl/querydsl-core/3.6.9/querydsl-core-3.6.9.jar:/home/travis/.m2/repository/org/apache/maven/shared/maven-invoker/3.0.1/maven-invoker-3.0.1.jar:/home/travis/.m2/repository/org/apache/maven/shared/maven-shared-utils/3.2.1/maven-shared-utils-3.2.1.jar:/home/travis/.m2/repository/org/codehaus/plexus/plexus-component-annotations/1.7.1/plexus-component-annotations-1.7.1.jar:/home/travis/.m2/repository/javax/validation/validation-api/2.0.1.Final/validation-api-2.0.1.Final.jar:/home/travis/.m2/repository/com/google/code/gson/gson/2.8.6/gson-2.8.6.jar:/home/travis/.m2/repository/org/junit/vintage/junit-vintage-engine/5.6.2/junit-vintage-engine-5.6.2.jar:/home/travis/.m2/repository/org/apiguardian/apiguardian-api/1.1.0/apiguardian-api-1.1.0.jar:/home/travis/.m2/repository/org/junit/platform/junit-platform-engine/1.6.2/junit-platform-engine-1.6.2.jar:/home/travis/.m2/repository/org/opentest4j/opentest4j/1.2.0/opentest4j-1.2.0.jar:/home/travis/.m2/repository/org/junit/platform/junit-platform-commons/1.6.2/junit-platform-commons-1.6.2.jar:/home/travis/.m2/repository/junit/junit/4.13/junit-4.13.jar:/home/travis/.m2/repository/org/hamcrest/hamcrest-core/1.3/hamcrest-core-1.3.jar:/home/travis/.m2/repository/org/mockito/mockito-core/3.5.10/mockito-core-3.5.10.jar:/home/travis/.m2/repository/net/bytebuddy/byte-buddy/1.10.13/byte-buddy-1.10.13.jar:/home/travis/.m2/repository/net/bytebuddy/byte-buddy-agent/1.10.13/byte-buddy-agent-1.10.13.jar:/home/travis/.m2/repository/org/objenesis/objenesis/3.1/objenesis-3.1.jar:/home/travis/.m2/repository/org/junit/jupiter/junit-jupiter-engine/5.6.2/junit-jupiter-engine-5.6.2.jar:/home/travis/.m2/repository/org/junit/jupiter/junit-jupiter-api/5.6.2/junit-jupiter-api-5.6.2.jar:/home/travis/.m2/repository/com/github/stefanbirkner/system-rules/1.19.0/system-rules-1.19.0.jar:/home/travis/.m2/repository/org/apache/maven/surefire/surefire-junit-platform/3.0.0-M5/surefire-junit-platform-3.0.0-M5.jar:/home/travis/.m2/repository/org/apache/maven/surefire/common-java5/3.0.0-M5/common-java5-3.0.0-M5.jar:/home/travis/.m2/repository/org/junit/platform/junit-platform-launcher/1.6.2/junit-platform-launcher-1.6.2.jar:/home/travis/.m2/repository/org/jacoco/org.jacoco.agent/0.8.5/org.jacoco.agent-0.8.5-runtime.jar"/>
    <property name="java.vm.vendor" value="Private Build"/>
    <property name="sun.arch.data.model" value="64"/>
    <property name="java.vendor.url" value="http://java.oracle.com/"/>
    <property name="user.timezone" value="UTC"/>
    <property name="java.vm.specification.version" value="1.8"/>
    <property name="os.name" value="Linux"/>
    <property name="spoon.log.path" value="${java.io.tmpdir}/spoon-log.log"/>
    <property name="user.country" value="US"/>
    <property name="sun.java.launcher" value="SUN_STANDARD"/>
    <property name="sun.boot.library.path" value="/usr/lib/jvm/java-8-openjdk-amd64/jre/lib/amd64"/>
    <property name="sun.java.command" value="org.apache.maven.surefire.booter.ForkedBooter /home/travis/build/SpoonLabs/spoon-ci-external/spoon/target/surefire 2020-09-11T18-21-45_266-jvmRun1 surefire885402315396810941tmp surefire_06887910951855199678tmp"/>
    <property name="surefire.test.class.path" value="/home/travis/build/SpoonLabs/spoon-ci-external/spoon/target/test-classes:/home/travis/build/SpoonLabs/spoon-ci-external/spoon/target/classes:/home/travis/.m2/repository/org/eclipse/jdt/org.eclipse.jdt.core/3.20.0/org.eclipse.jdt.core-3.20.0.jar:/home/travis/.m2/repository/com/martiansoftware/jsap/2.1/jsap-2.1.jar:/home/travis/.m2/repository/org/apache/logging/log4j/log4j-api/2.13.3/log4j-api-2.13.3.jar:/home/travis/.m2/repository/org/apache/logging/log4j/log4j-to-slf4j/2.13.3/log4j-to-slf4j-2.13.3.jar:/home/travis/.m2/repository/org/slf4j/slf4j-api/1.7.25/slf4j-api-1.7.25.jar:/home/travis/.m2/repository/commons-io/commons-io/2.8.0/commons-io-2.8.0.jar:/home/travis/.m2/repository/org/apache/maven/maven-model/3.6.3/maven-model-3.6.3.jar:/home/travis/.m2/repository/org/codehaus/plexus/plexus-utils/3.2.1/plexus-utils-3.2.1.jar:/home/travis/.m2/repository/org/apache/commons/commons-lang3/3.11/commons-lang3-3.11.jar:/home/travis/.m2/repository/org/tukaani/xz/1.8/xz-1.8.jar:/home/travis/.m2/repository/com/fasterxml/jackson/core/jackson-databind/2.11.2/jackson-databind-2.11.2.jar:/home/travis/.m2/repository/com/fasterxml/jackson/core/jackson-annotations/2.11.2/jackson-annotations-2.11.2.jar:/home/travis/.m2/repository/com/fasterxml/jackson/core/jackson-core/2.11.2/jackson-core-2.11.2.jar:/home/travis/.m2/repository/org/apache/commons/commons-compress/1.20/commons-compress-1.20.jar:/home/travis/.m2/repository/com/google/guava/guava/29.0-jre/guava-29.0-jre.jar:/home/travis/.m2/repository/com/google/guava/failureaccess/1.0.1/failureaccess-1.0.1.jar:/home/travis/.m2/repository/com/google/guava/listenablefuture/9999.0-empty-to-avoid-conflict-with-guava/listenablefuture-9999.0-empty-to-avoid-conflict-with-guava.jar:/home/travis/.m2/repository/com/google/code/findbugs/jsr305/3.0.2/jsr305-3.0.2.jar:/home/travis/.m2/repository/org/checkerframework/checker-qual/2.11.1/checker-qual-2.11.1.jar:/home/travis/.m2/repository/com/google/errorprone/error_prone_annotations/2.3.4/error_prone_annotations-2.3.4.jar:/home/travis/.m2/repository/com/google/j2objc/j2objc-annotations/1.3/j2objc-annotations-1.3.jar:/home/travis/.m2/repository/ch/qos/logback/logback-classic/1.2.3/logback-classic-1.2.3.jar:/home/travis/.m2/repository/ch/qos/logback/logback-core/1.2.3/logback-core-1.2.3.jar:/home/travis/.m2/repository/com/mysema/querydsl/querydsl-core/3.6.9/querydsl-core-3.6.9.jar:/home/travis/.m2/repository/org/apache/maven/shared/maven-invoker/3.0.1/maven-invoker-3.0.1.jar:/home/travis/.m2/repository/org/apache/maven/shared/maven-shared-utils/3.2.1/maven-shared-utils-3.2.1.jar:/home/travis/.m2/repository/org/codehaus/plexus/plexus-component-annotations/1.7.1/plexus-component-annotations-1.7.1.jar:/home/travis/.m2/repository/javax/validation/validation-api/2.0.1.Final/validation-api-2.0.1.Final.jar:/home/travis/.m2/repository/com/google/code/gson/gson/2.8.6/gson-2.8.6.jar:/home/travis/.m2/repository/org/junit/vintage/junit-vintage-engine/5.6.2/junit-vintage-engine-5.6.2.jar:/home/travis/.m2/repository/org/apiguardian/apiguardian-api/1.1.0/apiguardian-api-1.1.0.jar:/home/travis/.m2/repository/org/junit/platform/junit-platform-engine/1.6.2/junit-platform-engine-1.6.2.jar:/home/travis/.m2/repository/org/opentest4j/opentest4j/1.2.0/opentest4j-1.2.0.jar:/home/travis/.m2/repository/org/junit/platform/junit-platform-commons/1.6.2/junit-platform-commons-1.6.2.jar:/home/travis/.m2/repository/junit/junit/4.13/junit-4.13.jar:/home/travis/.m2/repository/org/hamcrest/hamcrest-core/1.3/hamcrest-core-1.3.jar:/home/travis/.m2/repository/org/mockito/mockito-core/3.5.10/mockito-core-3.5.10.jar:/home/travis/.m2/repository/net/bytebuddy/byte-buddy/1.10.13/byte-buddy-1.10.13.jar:/home/travis/.m2/repository/net/bytebuddy/byte-buddy-agent/1.10.13/byte-buddy-agent-1.10.13.jar:/home/travis/.m2/repository/org/objenesis/objenesis/3.1/objenesis-3.1.jar:/home/travis/.m2/repository/org/junit/jupiter/junit-jupiter-engine/5.6.2/junit-jupiter-engine-5.6.2.jar:/home/travis/.m2/repository/org/junit/jupiter/junit-jupiter-api/5.6.2/junit-jupiter-api-5.6.2.jar:/home/travis/.m2/repository/com/github/stefanbirkner/system-rules/1.19.0/system-rules-1.19.0.jar:"/>
    <property name="sun.cpu.endian" value="little"/>
    <property name="user.home" value="/home/travis"/>
    <property name="user.language" value="en"/>
    <property name="java.specification.vendor" value="Oracle Corporation"/>
    <property name="java.home" value="/usr/lib/jvm/java-8-openjdk-amd64/jre"/>
    <property name="basedir" value="/home/travis/build/SpoonLabs/spoon-ci-external/spoon"/>
    <property name="file.separator" value="/"/>
    <property name="line.separator" value="&#10;"/>
    <property name="java.vm.specification.vendor" value="Oracle Corporation"/>
    <property name="java.specification.name" value="Java Platform API Specification"/>
    <property name="java.awt.graphicsenv" value="sun.awt.X11GraphicsEnvironment"/>
    <property name="sun.boot.class.path" value="/usr/lib/jvm/java-8-openjdk-amd64/jre/lib/resources.jar:/usr/lib/jvm/java-8-openjdk-amd64/jre/lib/rt.jar:/usr/lib/jvm/java-8-openjdk-amd64/jre/lib/sunrsasign.jar:/usr/lib/jvm/java-8-openjdk-amd64/jre/lib/jsse.jar:/usr/lib/jvm/java-8-openjdk-amd64/jre/lib/jce.jar:/usr/lib/jvm/java-8-openjdk-amd64/jre/lib/charsets.jar:/usr/lib/jvm/java-8-openjdk-amd64/jre/lib/jfr.jar:/usr/lib/jvm/java-8-openjdk-amd64/jre/classes"/>
    <property name="sun.management.compiler" value="HotSpot 64-Bit Tiered Compilers"/>
    <property name="java.runtime.version" value="1.8.0_252-8u252-b09-1~16.04-b09"/>
    <property name="user.name" value="travis"/>
    <property name="path.separator" value=":"/>
    <property name="os.version" value="4.15.0-1077-gcp"/>
    <property name="java.endorsed.dirs" value="/usr/lib/jvm/java-8-openjdk-amd64/jre/lib/endorsed"/>
    <property name="java.runtime.name" value="OpenJDK Runtime Environment"/>
    <property name="file.encoding" value="UTF-8"/>
    <property name="java.vm.name" value="OpenJDK 64-Bit Server VM"/>
    <property name="localRepository" value="/home/travis/.m2/repository"/>
    <property name="java.vendor.url.bug" value="http://bugreport.sun.com/bugreport/"/>
    <property name="java.io.tmpdir" value="/tmp"/>
    <property name="java.version" value="1.8.0_252"/>
    <property name="user.dir" value="/home/travis/build/SpoonLabs/spoon-ci-external/spoon"/>
    <property name="os.arch" value="amd64"/>
    <property name="java.vm.specification.name" value="Java Virtual Machine Specification"/>
    <property name="java.awt.printerjob" value="sun.print.PSPrinterJob"/>
    <property name="sun.os.patch.level" value="unknown"/>
    <property name="java.library.path" value="/usr/java/packages/lib/amd64:/usr/lib/x86_64-linux-gnu/jni:/lib/x86_64-linux-gnu:/usr/lib/x86_64-linux-gnu:/usr/lib/jni:/lib:/usr/lib"/>
    <property name="java.vm.info" value="mixed mode"/>
    <property name="java.vendor" value="Private Build"/>
    <property name="java.vm.version" value="25.252-b09"/>
    <property name="java.ext.dirs" value="/usr/lib/jvm/java-8-openjdk-amd64/jre/lib/ext:/usr/java/packages/lib/ext"/>
    <property name="sun.io.unicode.encoding" value="UnicodeLittle"/>
    <property name="java.class.version" value="52.0"/>
  </properties>
  <testcase name="testForceRefresh" classname="spoon.MavenLauncherTest" time="2.798">
    <system-out><![CDATA[18:22:01.074 [main] INFO spoon.Launcher - Running in NOCLASSPATH mode (doc: http://spoon.gforge.inria.fr/launcher.html).
18:22:01.270 [main] INFO spoon.Launcher - Running in NOCLASSPATH mode (doc: http://spoon.gforge.inria.fr/launcher.html).
18:22:02.711 [Thread-4] DEBUG spoon.Launcher - [INFO] Scanning for projects...
18:22:02.785 [Thread-4] DEBUG spoon.Launcher - [WARNING] 
18:22:02.789 [Thread-4] DEBUG spoon.Launcher - [WARNING] Some problems were encountered while building the effective model for org.foo.bar:foobar:jar:1.0.0-SNAPSHOT
18:22:02.803 [Thread-4] DEBUG spoon.Launcher - [WARNING] 'dependencies.dependency.systemPath' for com.infradna.tool:bridge-method-annotation:jar should not point at files within the project directory, ${basedir}/lib/bridge-method-annotation-1.13.jar will be unresolvable by dependent projects @ line 18, column 25
18:22:02.804 [Thread-4] DEBUG spoon.Launcher - [WARNING] 
18:22:02.813 [Thread-4] DEBUG spoon.Launcher - [WARNING] It is highly recommended to fix these problems because they threaten the stability of your build.
18:22:02.813 [Thread-4] DEBUG spoon.Launcher - [WARNING] 
18:22:02.815 [Thread-4] DEBUG spoon.Launcher - [WARNING] For this reason, future Maven versions might no longer support building such malformed projects.
18:22:02.821 [Thread-4] DEBUG spoon.Launcher - [WARNING] 
18:22:03.063 [Thread-4] DEBUG spoon.Launcher - [INFO] 
18:22:03.063 [Thread-4] DEBUG spoon.Launcher - [INFO] -------------------------< org.foo.bar:foobar >-------------------------
18:22:03.063 [Thread-4] DEBUG spoon.Launcher - [INFO] Building foobar 1.0.0-SNAPSHOT
18:22:03.063 [Thread-4] DEBUG spoon.Launcher - [INFO] --------------------------------[ jar ]---------------------------------
18:22:03.088 [Thread-4] DEBUG spoon.Launcher - [INFO] 
18:22:03.089 [Thread-4] DEBUG spoon.Launcher - [INFO] --- maven-dependency-plugin:2.8:build-classpath (default-cli) @ foobar ---
18:22:03.832 [Thread-4] DEBUG spoon.Launcher - [INFO] Wrote classpath file '/home/travis/build/SpoonLabs/spoon-ci-external/spoon/src/test/resources/maven-launcher/system-dependency/spoon.classpath.tmp'.
18:22:03.833 [Thread-4] DEBUG spoon.Launcher - [INFO] ------------------------------------------------------------------------
18:22:03.834 [Thread-4] DEBUG spoon.Launcher - [INFO] BUILD SUCCESS
18:22:03.834 [Thread-4] DEBUG spoon.Launcher - [INFO] ------------------------------------------------------------------------
18:22:03.835 [Thread-4] DEBUG spoon.Launcher - [INFO] Total time:  1.149 s
18:22:03.835 [Thread-4] DEBUG spoon.Launcher - [INFO] Finished at: 2020-09-11T18:22:03Z
18:22:03.835 [Thread-4] DEBUG spoon.Launcher - [INFO] ------------------------------------------------------------------------
]]></system-out>
  </testcase>
  <testcase name="mavenLauncherTestMultiModulesAndVariables" classname="spoon.MavenLauncherTest" time="4.786">
    <system-out><![CDATA[18:22:03.848 [main] INFO spoon.Launcher - Running in NOCLASSPATH mode (doc: http://spoon.gforge.inria.fr/launcher.html).
18:22:05.295 [Thread-7] DEBUG spoon.Launcher - [INFO] Scanning for projects...
18:22:06.384 [Thread-7] DEBUG spoon.Launcher - [INFO] 
18:22:06.389 [Thread-7] DEBUG spoon.Launcher - [INFO] -----------------------< org.pac4j:pac4j-config >-----------------------
18:22:06.390 [Thread-7] DEBUG spoon.Launcher - [INFO] Building pac4j configuration 3.0.0
18:22:06.391 [Thread-7] DEBUG spoon.Launcher - [INFO] --------------------------------[ jar ]---------------------------------
18:22:06.914 [Thread-7] DEBUG spoon.Launcher - [INFO] Downloading from apache-snapshots: https://repository.apache.org/snapshots/net/minidev/json-smart/maven-metadata.xml
18:22:06.914 [Thread-7] DEBUG spoon.Launcher - [INFO] Downloading from sonatype: https://oss.sonatype.org/content/repositories/releases/net/minidev/json-smart/maven-metadata.xml
18:22:06.915 [Thread-7] DEBUG spoon.Launcher - [INFO] Downloading from sonatype-apache: https://repository.apache.org/content/repositories/releases/net/minidev/json-smart/maven-metadata.xml
18:22:07.602 [Thread-7] DEBUG spoon.Launcher - [INFO] Downloaded from sonatype: https://oss.sonatype.org/content/repositories/releases/net/minidev/json-smart/maven-metadata.xml (849 B at 1.2 kB/s)
18:22:07.682 [Thread-7] DEBUG spoon.Launcher - [INFO] Downloading from sonatype: https://oss.sonatype.org/content/repositories/releases/com/nimbusds/lang-tag/maven-metadata.xml
18:22:07.687 [Thread-7] DEBUG spoon.Launcher - [INFO] Downloading from sonatype-apache: https://repository.apache.org/content/repositories/releases/com/nimbusds/lang-tag/maven-metadata.xml
18:22:07.691 [Thread-7] DEBUG spoon.Launcher - [INFO] Downloading from apache-snapshots: https://repository.apache.org/snapshots/com/nimbusds/lang-tag/maven-metadata.xml
18:22:07.776 [Thread-7] DEBUG spoon.Launcher - [INFO] Downloaded from sonatype: https://oss.sonatype.org/content/repositories/releases/com/nimbusds/lang-tag/maven-metadata.xml (563 B at 6.0 kB/s)
18:22:08.102 [Thread-7] DEBUG spoon.Launcher - [INFO] 
18:22:08.103 [Thread-7] DEBUG spoon.Launcher - [INFO] --- maven-dependency-plugin:2.8:build-classpath (default-cli) @ pac4j-config ---
18:22:08.604 [Thread-7] DEBUG spoon.Launcher - [INFO] Wrote classpath file '/home/travis/build/SpoonLabs/spoon-ci-external/spoon/src/test/resources/maven-launcher/pac4j/pac4j-config/spoon.classpath.tmp'.
18:22:08.606 [Thread-7] DEBUG spoon.Launcher - [INFO] ------------------------------------------------------------------------
18:22:08.606 [Thread-7] DEBUG spoon.Launcher - [INFO] BUILD SUCCESS
18:22:08.606 [Thread-7] DEBUG spoon.Launcher - [INFO] ------------------------------------------------------------------------
18:22:08.613 [Thread-7] DEBUG spoon.Launcher - [INFO] Total time:  3.332 s
18:22:08.613 [Thread-7] DEBUG spoon.Launcher - [INFO] Finished at: 2020-09-11T18:22:08Z
18:22:08.613 [Thread-7] DEBUG spoon.Launcher - [INFO] ------------------------------------------------------------------------
]]></system-out>
  </testcase>
  <testcase name="testSystemDependency" classname="spoon.MavenLauncherTest" time="0.235">
    <system-out><![CDATA[18:22:08.634 [main] INFO spoon.Launcher - Running in NOCLASSPATH mode (doc: http://spoon.gforge.inria.fr/launcher.html).
]]></system-out>
  </testcase>
  <testcase name="testRebuildClasspath" classname="spoon.MavenLauncherTest" time="2.834">
    <system-out><![CDATA[18:22:08.869 [main] INFO spoon.Launcher - Running in NOCLASSPATH mode (doc: http://spoon.gforge.inria.fr/launcher.html).
18:22:10.447 [Thread-10] DEBUG spoon.Launcher - [INFO] Scanning for projects...
18:22:10.509 [Thread-10] DEBUG spoon.Launcher - [WARNING] 
18:22:10.511 [Thread-10] DEBUG spoon.Launcher - [WARNING] Some problems were encountered while building the effective model for org.foo.bar:foobar:jar:1.0.0-SNAPSHOT
18:22:10.513 [Thread-10] DEBUG spoon.Launcher - [WARNING] 'dependencies.dependency.systemPath' for com.infradna.tool:bridge-method-annotation:jar should not point at files within the project directory, ${basedir}/lib/bridge-method-annotation-1.13.jar will be unresolvable by dependent projects @ line 18, column 25
18:22:10.513 [Thread-10] DEBUG spoon.Launcher - [WARNING] 
18:22:10.514 [Thread-10] DEBUG spoon.Launcher - [WARNING] It is highly recommended to fix these problems because they threaten the stability of your build.
18:22:10.516 [Thread-10] DEBUG spoon.Launcher - [WARNING] 
18:22:10.522 [Thread-10] DEBUG spoon.Launcher - [WARNING] For this reason, future Maven versions might no longer support building such malformed projects.
18:22:10.522 [Thread-10] DEBUG spoon.Launcher - [WARNING] 
18:22:10.817 [Thread-10] DEBUG spoon.Launcher - [INFO] 
18:22:10.819 [Thread-10] DEBUG spoon.Launcher - [INFO] -------------------------< org.foo.bar:foobar >-------------------------
18:22:10.819 [Thread-10] DEBUG spoon.Launcher - [INFO] Building foobar 1.0.0-SNAPSHOT
18:22:10.819 [Thread-10] DEBUG spoon.Launcher - [INFO] --------------------------------[ jar ]---------------------------------
18:22:10.845 [Thread-10] DEBUG spoon.Launcher - [INFO] 
18:22:10.846 [Thread-10] DEBUG spoon.Launcher - [INFO] --- maven-dependency-plugin:2.8:build-classpath (default-cli) @ foobar ---
18:22:11.685 [Thread-10] DEBUG spoon.Launcher - [INFO] Wrote classpath file '/home/travis/build/SpoonLabs/spoon-ci-external/spoon/src/test/resources/maven-launcher/system-dependency/spoon.classpath.tmp'.
18:22:11.688 [Thread-10] DEBUG spoon.Launcher - [INFO] ------------------------------------------------------------------------
18:22:11.688 [Thread-10] DEBUG spoon.Launcher - [INFO] BUILD SUCCESS
18:22:11.688 [Thread-10] DEBUG spoon.Launcher - [INFO] ------------------------------------------------------------------------
18:22:11.690 [Thread-10] DEBUG spoon.Launcher - [INFO] Total time:  1.269 s
18:22:11.690 [Thread-10] DEBUG spoon.Launcher - [INFO] Finished at: 2020-09-11T18:22:11Z
18:22:11.690 [Thread-10] DEBUG spoon.Launcher - [INFO] ------------------------------------------------------------------------
]]></system-out>
  </testcase>
  <testcase name="testTypeResolution" classname="spoon.MavenLauncherTest" time="0">
    <skipped/>
  </testcase>
  <testcase name="multiModulesProjectTest" classname="spoon.MavenLauncherTest" time="6.696">
    <system-out><![CDATA[18:22:11.710 [main] INFO spoon.Launcher - Running in NOCLASSPATH mode (doc: http://spoon.gforge.inria.fr/launcher.html).
18:22:13.217 [Thread-13] DEBUG spoon.Launcher - [INFO] Scanning for projects...
18:22:14.285 [Thread-13] DEBUG spoon.Launcher - [INFO] ------------------------------------------------------------------------
18:22:14.286 [Thread-13] DEBUG spoon.Launcher - [INFO] Reactor Build Order:
18:22:14.286 [Thread-13] DEBUG spoon.Launcher - [INFO] 
18:22:14.289 [Thread-13] DEBUG spoon.Launcher - [INFO] pac4j                                                              [pom]
18:22:14.290 [Thread-13] DEBUG spoon.Launcher - [INFO] pac4j core                                                         [jar]
18:22:14.304 [Thread-13] DEBUG spoon.Launcher - [INFO] pac4j for CAS protocol                                             [jar]
18:22:14.304 [Thread-13] DEBUG spoon.Launcher - [INFO] pac4j for SAML protocol                                            [jar]
18:22:14.305 [Thread-13] DEBUG spoon.Launcher - [INFO] pac4j for OAuth protocol                                           [jar]
18:22:14.305 [Thread-13] DEBUG spoon.Launcher - [INFO] pac4j for OpenID Connect protocol                                  [jar]
18:22:14.305 [Thread-13] DEBUG spoon.Launcher - [INFO] pac4j for LDAP                                                     [jar]
18:22:14.305 [Thread-13] DEBUG spoon.Launcher - [INFO] pac4j for HTTP protocol                                            [jar]
18:22:14.305 [Thread-13] DEBUG spoon.Launcher - [INFO] pac4j for relational DB                                            [jar]
18:22:14.305 [Thread-13] DEBUG spoon.Launcher - [INFO] pac4j configuration                                                [jar]
18:22:14.305 [Thread-13] DEBUG spoon.Launcher - [INFO] pac4j for OpenId protocol                                          [jar]
18:22:14.305 [Thread-13] DEBUG spoon.Launcher - [INFO] pac4j for GAE UserService mechanism                                [jar]
18:22:14.305 [Thread-13] DEBUG spoon.Launcher - [INFO] pac4j for JWT                                                      [jar]
18:22:14.305 [Thread-13] DEBUG spoon.Launcher - [INFO] pac4j for MongoDB                                                  [jar]
18:22:14.305 [Thread-13] DEBUG spoon.Launcher - [INFO] pac4j for CouchDB                                                  [jar]
18:22:14.305 [Thread-13] DEBUG spoon.Launcher - [INFO] pac4j for Kerberos                                                 [jar]
18:22:14.569 [Thread-13] DEBUG spoon.Launcher - [INFO] 
18:22:14.570 [Thread-13] DEBUG spoon.Launcher - [INFO] --------------------------< org.pac4j:pac4j >---------------------------
18:22:14.571 [Thread-13] DEBUG spoon.Launcher - [INFO] Building pac4j 3.0.0                                              [1/16]
18:22:14.572 [Thread-13] DEBUG spoon.Launcher - [INFO] --------------------------------[ pom ]---------------------------------
18:22:14.579 [Thread-13] DEBUG spoon.Launcher - [INFO] 
18:22:14.581 [Thread-13] DEBUG spoon.Launcher - [INFO] --- maven-dependency-plugin:2.8:build-classpath (default-cli) @ pac4j ---
18:22:15.112 [Thread-13] DEBUG spoon.Launcher - [INFO] No dependencies found.
18:22:15.114 [Thread-13] DEBUG spoon.Launcher - [INFO] Wrote classpath file '/home/travis/build/SpoonLabs/spoon-ci-external/spoon/src/test/resources/maven-launcher/pac4j/spoon.classpath.tmp'.
18:22:15.116 [Thread-13] DEBUG spoon.Launcher - [INFO] 
18:22:15.117 [Thread-13] DEBUG spoon.Launcher - [INFO] ------------------------< org.pac4j:pac4j-core >------------------------
18:22:15.118 [Thread-13] DEBUG spoon.Launcher - [INFO] Building pac4j core 3.0.0                                         [2/16]
18:22:15.118 [Thread-13] DEBUG spoon.Launcher - [INFO] --------------------------------[ jar ]---------------------------------
18:22:15.203 [Thread-13] DEBUG spoon.Launcher - [INFO] 
18:22:15.204 [Thread-13] DEBUG spoon.Launcher - [INFO] --- maven-dependency-plugin:2.8:build-classpath (default-cli) @ pac4j-core ---
18:22:15.624 [Thread-13] DEBUG spoon.Launcher - [INFO] Wrote classpath file '/home/travis/build/SpoonLabs/spoon-ci-external/spoon/src/test/resources/maven-launcher/pac4j/pac4j-core/spoon.classpath.tmp'.
18:22:15.625 [Thread-13] DEBUG spoon.Launcher - [INFO] 
18:22:15.626 [Thread-13] DEBUG spoon.Launcher - [INFO] ------------------------< org.pac4j:pac4j-cas >-------------------------
18:22:15.626 [Thread-13] DEBUG spoon.Launcher - [INFO] Building pac4j for CAS protocol 3.0.0                             [3/16]
18:22:15.626 [Thread-13] DEBUG spoon.Launcher - [INFO] --------------------------------[ jar ]---------------------------------
18:22:15.644 [Thread-13] DEBUG spoon.Launcher - [INFO] 
18:22:15.644 [Thread-13] DEBUG spoon.Launcher - [INFO] --- maven-dependency-plugin:2.8:build-classpath (default-cli) @ pac4j-cas ---
18:22:15.650 [Thread-13] DEBUG spoon.Launcher - [INFO] Wrote classpath file '/home/travis/build/SpoonLabs/spoon-ci-external/spoon/src/test/resources/maven-launcher/pac4j/pac4j-cas/spoon.classpath.tmp'.
18:22:15.650 [Thread-13] DEBUG spoon.Launcher - [INFO] 
18:22:15.651 [Thread-13] DEBUG spoon.Launcher - [INFO] ------------------------< org.pac4j:pac4j-saml >------------------------
18:22:15.651 [Thread-13] DEBUG spoon.Launcher - [INFO] Building pac4j for SAML protocol 3.0.0                            [4/16]
18:22:15.651 [Thread-13] DEBUG spoon.Launcher - [INFO] --------------------------------[ jar ]---------------------------------
18:22:15.742 [Thread-13] DEBUG spoon.Launcher - [INFO] 
18:22:15.743 [Thread-13] DEBUG spoon.Launcher - [INFO] --- maven-dependency-plugin:2.8:build-classpath (default-cli) @ pac4j-saml ---
18:22:15.749 [Thread-13] DEBUG spoon.Launcher - [INFO] Wrote classpath file '/home/travis/build/SpoonLabs/spoon-ci-external/spoon/src/test/resources/maven-launcher/pac4j/pac4j-saml/spoon.classpath.tmp'.
18:22:15.750 [Thread-13] DEBUG spoon.Launcher - [INFO] 
18:22:15.751 [Thread-13] DEBUG spoon.Launcher - [INFO] -----------------------< org.pac4j:pac4j-oauth >------------------------
18:22:15.753 [Thread-13] DEBUG spoon.Launcher - [INFO] Building pac4j for OAuth protocol 3.0.0                           [5/16]
18:22:15.754 [Thread-13] DEBUG spoon.Launcher - [INFO] --------------------------------[ jar ]---------------------------------
18:22:15.775 [Thread-13] DEBUG spoon.Launcher - [INFO] 
18:22:15.776 [Thread-13] DEBUG spoon.Launcher - [INFO] --- maven-dependency-plugin:2.8:build-classpath (default-cli) @ pac4j-oauth ---
18:22:15.804 [Thread-13] DEBUG spoon.Launcher - [INFO] Wrote classpath file '/home/travis/build/SpoonLabs/spoon-ci-external/spoon/src/test/resources/maven-launcher/pac4j/pac4j-oauth/spoon.classpath.tmp'.
18:22:15.805 [Thread-13] DEBUG spoon.Launcher - [INFO] 
18:22:15.811 [Thread-13] DEBUG spoon.Launcher - [INFO] ------------------------< org.pac4j:pac4j-oidc >------------------------
18:22:15.812 [Thread-13] DEBUG spoon.Launcher - [INFO] Building pac4j for OpenID Connect protocol 3.0.0                  [6/16]
18:22:15.813 [Thread-13] DEBUG spoon.Launcher - [INFO] --------------------------------[ jar ]---------------------------------
18:22:16.161 [Thread-13] DEBUG spoon.Launcher - [INFO] Downloading from sonatype-apache: https://repository.apache.org/content/repositories/releases/com/nimbusds/lang-tag/maven-metadata.xml
18:22:16.167 [Thread-13] DEBUG spoon.Launcher - [INFO] Downloading from sonatype: https://oss.sonatype.org/content/repositories/releases/com/nimbusds/lang-tag/maven-metadata.xml
18:22:16.186 [Thread-13] DEBUG spoon.Launcher - [INFO] Downloading from apache-snapshots: https://repository.apache.org/snapshots/com/nimbusds/lang-tag/maven-metadata.xml
18:22:16.778 [Thread-13] DEBUG spoon.Launcher - [INFO] Downloaded from sonatype: https://oss.sonatype.org/content/repositories/releases/com/nimbusds/lang-tag/maven-metadata.xml (563 B at 895 B/s)
18:22:17.606 [Thread-13] DEBUG spoon.Launcher - [INFO] Downloading from sonatype: https://oss.sonatype.org/content/repositories/releases/net/minidev/json-smart/maven-metadata.xml
18:22:17.611 [Thread-13] DEBUG spoon.Launcher - [INFO] Downloading from sonatype-apache: https://repository.apache.org/content/repositories/releases/net/minidev/json-smart/maven-metadata.xml
18:22:17.617 [Thread-13] DEBUG spoon.Launcher - [INFO] Downloading from apache-snapshots: https://repository.apache.org/snapshots/net/minidev/json-smart/maven-metadata.xml
18:22:17.699 [Thread-13] DEBUG spoon.Launcher - [INFO] Downloaded from sonatype: https://oss.sonatype.org/content/repositories/releases/net/minidev/json-smart/maven-metadata.xml (849 B at 9.2 kB/s)
18:22:17.986 [Thread-13] DEBUG spoon.Launcher - [INFO] 
18:22:17.986 [Thread-13] DEBUG spoon.Launcher - [INFO] --- maven-dependency-plugin:2.8:build-classpath (default-cli) @ pac4j-oidc ---
18:22:17.989 [Thread-13] DEBUG spoon.Launcher - [INFO] Wrote classpath file '/home/travis/build/SpoonLabs/spoon-ci-external/spoon/src/test/resources/maven-launcher/pac4j/pac4j-oidc/spoon.classpath.tmp'.
18:22:17.989 [Thread-13] DEBUG spoon.Launcher - [INFO] 
18:22:17.989 [Thread-13] DEBUG spoon.Launcher - [INFO] ------------------------< org.pac4j:pac4j-ldap >------------------------
18:22:17.989 [Thread-13] DEBUG spoon.Launcher - [INFO] Building pac4j for LDAP 3.0.0                                     [7/16]
18:22:17.989 [Thread-13] DEBUG spoon.Launcher - [INFO] --------------------------------[ jar ]---------------------------------
18:22:18.003 [Thread-13] DEBUG spoon.Launcher - [INFO] 
18:22:18.005 [Thread-13] DEBUG spoon.Launcher - [INFO] --- maven-dependency-plugin:2.8:build-classpath (default-cli) @ pac4j-ldap ---
18:22:18.008 [Thread-13] DEBUG spoon.Launcher - [INFO] Wrote classpath file '/home/travis/build/SpoonLabs/spoon-ci-external/spoon/src/test/resources/maven-launcher/pac4j/pac4j-ldap/spoon.classpath.tmp'.
18:22:18.008 [Thread-13] DEBUG spoon.Launcher - [INFO] 
18:22:18.014 [Thread-13] DEBUG spoon.Launcher - [INFO] ------------------------< org.pac4j:pac4j-http >------------------------
18:22:18.015 [Thread-13] DEBUG spoon.Launcher - [INFO] Building pac4j for HTTP protocol 3.0.0                            [8/16]
18:22:18.016 [Thread-13] DEBUG spoon.Launcher - [INFO] --------------------------------[ jar ]---------------------------------
18:22:18.023 [Thread-13] DEBUG spoon.Launcher - [INFO] 
18:22:18.024 [Thread-13] DEBUG spoon.Launcher - [INFO] --- maven-dependency-plugin:2.8:build-classpath (default-cli) @ pac4j-http ---
18:22:18.028 [Thread-13] DEBUG spoon.Launcher - [INFO] Wrote classpath file '/home/travis/build/SpoonLabs/spoon-ci-external/spoon/src/test/resources/maven-launcher/pac4j/pac4j-http/spoon.classpath.tmp'.
18:22:18.029 [Thread-13] DEBUG spoon.Launcher - [INFO] 
18:22:18.030 [Thread-13] DEBUG spoon.Launcher - [INFO] ------------------------< org.pac4j:pac4j-sql >-------------------------
18:22:18.032 [Thread-13] DEBUG spoon.Launcher - [INFO] Building pac4j for relational DB 3.0.0                            [9/16]
18:22:18.033 [Thread-13] DEBUG spoon.Launcher - [INFO] --------------------------------[ jar ]---------------------------------
18:22:18.041 [Thread-13] DEBUG spoon.Launcher - [INFO] 
18:22:18.042 [Thread-13] DEBUG spoon.Launcher - [INFO] --- maven-dependency-plugin:2.8:build-classpath (default-cli) @ pac4j-sql ---
18:22:18.046 [Thread-13] DEBUG spoon.Launcher - [INFO] Wrote classpath file '/home/travis/build/SpoonLabs/spoon-ci-external/spoon/src/test/resources/maven-launcher/pac4j/pac4j-sql/spoon.classpath.tmp'.
18:22:18.046 [Thread-13] DEBUG spoon.Launcher - [INFO] 
18:22:18.047 [Thread-13] DEBUG spoon.Launcher - [INFO] -----------------------< org.pac4j:pac4j-config >-----------------------
18:22:18.048 [Thread-13] DEBUG spoon.Launcher - [INFO] Building pac4j configuration 3.0.0                               [10/16]
18:22:18.049 [Thread-13] DEBUG spoon.Launcher - [INFO] --------------------------------[ jar ]---------------------------------
18:22:18.075 [Thread-13] DEBUG spoon.Launcher - [INFO] 
18:22:18.076 [Thread-13] DEBUG spoon.Launcher - [INFO] --- maven-dependency-plugin:2.8:build-classpath (default-cli) @ pac4j-config ---
18:22:18.080 [Thread-13] DEBUG spoon.Launcher - [INFO] Wrote classpath file '/home/travis/build/SpoonLabs/spoon-ci-external/spoon/src/test/resources/maven-launcher/pac4j/pac4j-config/spoon.classpath.tmp'.
18:22:18.080 [Thread-13] DEBUG spoon.Launcher - [INFO] 
18:22:18.081 [Thread-13] DEBUG spoon.Launcher - [INFO] -----------------------< org.pac4j:pac4j-openid >-----------------------
18:22:18.082 [Thread-13] DEBUG spoon.Launcher - [INFO] Building pac4j for OpenId protocol 3.0.0                         [11/16]
18:22:18.083 [Thread-13] DEBUG spoon.Launcher - [INFO] --------------------------------[ jar ]---------------------------------
18:22:18.098 [Thread-13] DEBUG spoon.Launcher - [WARNING] The artifact xml-apis:xml-apis:jar:2.0.2 has been relocated to xml-apis:xml-apis:jar:1.0.b2
18:22:18.100 [Thread-13] DEBUG spoon.Launcher - [INFO] 
18:22:18.101 [Thread-13] DEBUG spoon.Launcher - [INFO] --- maven-dependency-plugin:2.8:build-classpath (default-cli) @ pac4j-openid ---
18:22:18.104 [Thread-13] DEBUG spoon.Launcher - [INFO] Wrote classpath file '/home/travis/build/SpoonLabs/spoon-ci-external/spoon/src/test/resources/maven-launcher/pac4j/pac4j-openid/spoon.classpath.tmp'.
18:22:18.105 [Thread-13] DEBUG spoon.Launcher - [INFO] 
18:22:18.106 [Thread-13] DEBUG spoon.Launcher - [INFO] ------------------------< org.pac4j:pac4j-gae >-------------------------
18:22:18.106 [Thread-13] DEBUG spoon.Launcher - [INFO] Building pac4j for GAE UserService mechanism 3.0.0               [12/16]
18:22:18.107 [Thread-13] DEBUG spoon.Launcher - [INFO] --------------------------------[ jar ]---------------------------------
18:22:18.116 [Thread-13] DEBUG spoon.Launcher - [INFO] 
18:22:18.117 [Thread-13] DEBUG spoon.Launcher - [INFO] --- maven-dependency-plugin:2.8:build-classpath (default-cli) @ pac4j-gae ---
18:22:18.122 [Thread-13] DEBUG spoon.Launcher - [INFO] Wrote classpath file '/home/travis/build/SpoonLabs/spoon-ci-external/spoon/src/test/resources/maven-launcher/pac4j/pac4j-gae/spoon.classpath.tmp'.
18:22:18.123 [Thread-13] DEBUG spoon.Launcher - [INFO] 
18:22:18.124 [Thread-13] DEBUG spoon.Launcher - [INFO] ------------------------< org.pac4j:pac4j-jwt >-------------------------
18:22:18.124 [Thread-13] DEBUG spoon.Launcher - [INFO] Building pac4j for JWT 3.0.0                                     [13/16]
18:22:18.125 [Thread-13] DEBUG spoon.Launcher - [INFO] --------------------------------[ jar ]---------------------------------
18:22:18.133 [Thread-13] DEBUG spoon.Launcher - [INFO] 
18:22:18.134 [Thread-13] DEBUG spoon.Launcher - [INFO] --- maven-dependency-plugin:2.8:build-classpath (default-cli) @ pac4j-jwt ---
18:22:18.137 [Thread-13] DEBUG spoon.Launcher - [INFO] Wrote classpath file '/home/travis/build/SpoonLabs/spoon-ci-external/spoon/src/test/resources/maven-launcher/pac4j/pac4j-jwt/spoon.classpath.tmp'.
18:22:18.138 [Thread-13] DEBUG spoon.Launcher - [INFO] 
18:22:18.138 [Thread-13] DEBUG spoon.Launcher - [INFO] -----------------------< org.pac4j:pac4j-mongo >------------------------
18:22:18.139 [Thread-13] DEBUG spoon.Launcher - [INFO] Building pac4j for MongoDB 3.0.0                                 [14/16]
18:22:18.139 [Thread-13] DEBUG spoon.Launcher - [INFO] --------------------------------[ jar ]---------------------------------
18:22:18.170 [Thread-13] DEBUG spoon.Launcher - [INFO] 
18:22:18.171 [Thread-13] DEBUG spoon.Launcher - [INFO] --- maven-dependency-plugin:2.8:build-classpath (default-cli) @ pac4j-mongo ---
18:22:18.173 [Thread-13] DEBUG spoon.Launcher - [INFO] Wrote classpath file '/home/travis/build/SpoonLabs/spoon-ci-external/spoon/src/test/resources/maven-launcher/pac4j/pac4j-mongo/spoon.classpath.tmp'.
18:22:18.173 [Thread-13] DEBUG spoon.Launcher - [INFO] 
18:22:18.173 [Thread-13] DEBUG spoon.Launcher - [INFO] -----------------------< org.pac4j:pac4j-couch >------------------------
18:22:18.173 [Thread-13] DEBUG spoon.Launcher - [INFO] Building pac4j for CouchDB 3.0.0                                 [15/16]
18:22:18.174 [Thread-13] DEBUG spoon.Launcher - [INFO] --------------------------------[ jar ]---------------------------------
18:22:18.233 [Thread-13] DEBUG spoon.Launcher - [INFO] 
18:22:18.233 [Thread-13] DEBUG spoon.Launcher - [INFO] --- maven-dependency-plugin:2.8:build-classpath (default-cli) @ pac4j-couch ---
18:22:18.237 [Thread-13] DEBUG spoon.Launcher - [INFO] Wrote classpath file '/home/travis/build/SpoonLabs/spoon-ci-external/spoon/src/test/resources/maven-launcher/pac4j/pac4j-couch/spoon.classpath.tmp'.
18:22:18.237 [Thread-13] DEBUG spoon.Launcher - [INFO] 
18:22:18.237 [Thread-13] DEBUG spoon.Launcher - [INFO] ----------------------< org.pac4j:pac4j-kerberos >----------------------
18:22:18.237 [Thread-13] DEBUG spoon.Launcher - [INFO] Building pac4j for Kerberos 3.0.0                                [16/16]
18:22:18.237 [Thread-13] DEBUG spoon.Launcher - [INFO] --------------------------------[ jar ]---------------------------------
18:22:18.352 [Thread-13] DEBUG spoon.Launcher - [INFO] 
18:22:18.353 [Thread-13] DEBUG spoon.Launcher - [INFO] --- maven-dependency-plugin:2.8:build-classpath (default-cli) @ pac4j-kerberos ---
18:22:18.363 [Thread-13] DEBUG spoon.Launcher - [INFO] Wrote classpath file '/home/travis/build/SpoonLabs/spoon-ci-external/spoon/src/test/resources/maven-launcher/pac4j/pac4j-kerberos/spoon.classpath.tmp'.
18:22:18.364 [Thread-13] DEBUG spoon.Launcher - [INFO] ------------------------------------------------------------------------
18:22:18.365 [Thread-13] DEBUG spoon.Launcher - [INFO] Reactor Summary for pac4j 3.0.0:
18:22:18.365 [Thread-13] DEBUG spoon.Launcher - [INFO] 
18:22:18.366 [Thread-13] DEBUG spoon.Launcher - [INFO] pac4j .............................................. SUCCESS [  0.547 s]
18:22:18.367 [Thread-13] DEBUG spoon.Launcher - [INFO] pac4j core ......................................... SUCCESS [  0.510 s]
18:22:18.368 [Thread-13] DEBUG spoon.Launcher - [INFO] pac4j for CAS protocol ............................. SUCCESS [  0.025 s]
18:22:18.369 [Thread-13] DEBUG spoon.Launcher - [INFO] pac4j for SAML protocol ............................ SUCCESS [  0.100 s]
18:22:18.370 [Thread-13] DEBUG spoon.Launcher - [INFO] pac4j for OAuth protocol ........................... SUCCESS [  0.055 s]
18:22:18.373 [Thread-13] DEBUG spoon.Launcher - [INFO] pac4j for OpenID Connect protocol .................. SUCCESS [  2.184 s]
18:22:18.374 [Thread-13] DEBUG spoon.Launcher - [INFO] pac4j for LDAP ..................................... SUCCESS [  0.019 s]
18:22:18.375 [Thread-13] DEBUG spoon.Launcher - [INFO] pac4j for HTTP protocol ............................ SUCCESS [  0.021 s]
18:22:18.376 [Thread-13] DEBUG spoon.Launcher - [INFO] pac4j for relational DB ............................ SUCCESS [  0.017 s]
18:22:18.377 [Thread-13] DEBUG spoon.Launcher - [INFO] pac4j configuration ................................ SUCCESS [  0.034 s]
18:22:18.378 [Thread-13] DEBUG spoon.Launcher - [INFO] pac4j for OpenId protocol .......................... SUCCESS [  0.024 s]
18:22:18.379 [Thread-13] DEBUG spoon.Launcher - [INFO] pac4j for GAE UserService mechanism ................ SUCCESS [  0.017 s]
18:22:18.380 [Thread-13] DEBUG spoon.Launcher - [INFO] pac4j for JWT ...................................... SUCCESS [  0.015 s]
18:22:18.381 [Thread-13] DEBUG spoon.Launcher - [INFO] pac4j for MongoDB .................................. SUCCESS [  0.035 s]
18:22:18.382 [Thread-13] DEBUG spoon.Launcher - [INFO] pac4j for CouchDB .................................. SUCCESS [  0.064 s]
18:22:18.383 [Thread-13] DEBUG spoon.Launcher - [INFO] pac4j for Kerberos ................................. SUCCESS [  0.126 s]
18:22:18.383 [Thread-13] DEBUG spoon.Launcher - [INFO] ------------------------------------------------------------------------
18:22:18.384 [Thread-13] DEBUG spoon.Launcher - [INFO] BUILD SUCCESS
18:22:18.385 [Thread-13] DEBUG spoon.Launcher - [INFO] ------------------------------------------------------------------------
18:22:18.385 [Thread-13] DEBUG spoon.Launcher - [INFO] Total time:  5.193 s
18:22:18.386 [Thread-13] DEBUG spoon.Launcher - [INFO] Finished at: 2020-09-11T18:22:18Z
18:22:18.386 [Thread-13] DEBUG spoon.Launcher - [INFO] ------------------------------------------------------------------------
]]></system-out>
  </testcase>
  <testcase name="mavenLauncherOnANotExistingFileTest" classname="spoon.MavenLauncherTest" time="0.002">
    <system-out><![CDATA[18:22:18.406 [main] INFO spoon.Launcher - Running in NOCLASSPATH mode (doc: http://spoon.gforge.inria.fr/launcher.html).
]]></system-out>
  </testcase>
  <testcase name="spoonMavenLauncherTest" classname="spoon.MavenLauncherTest" time="12.544">
    <system-out><![CDATA[18:22:18.407 [main] INFO spoon.Launcher - Running in NOCLASSPATH mode (doc: http://spoon.gforge.inria.fr/launcher.html).
18:22:20.350 [Thread-16] DEBUG spoon.Launcher - [INFO] Scanning for projects...
18:22:21.396 [Thread-16] DEBUG spoon.Launcher - [INFO] Inspecting build with total of 1 modules...
18:22:21.398 [Thread-16] DEBUG spoon.Launcher - [INFO] Installing Nexus Staging features:
18:22:21.399 [Thread-16] DEBUG spoon.Launcher - [INFO]   ... total of 1 executions of maven-deploy-plugin replaced with nexus-staging-maven-plugin
18:22:21.470 [Thread-16] DEBUG spoon.Launcher - [INFO] 
18:22:21.471 [Thread-16] DEBUG spoon.Launcher - [INFO] ------------------< fr.inria.gforge.spoon:spoon-core >------------------
18:22:21.472 [Thread-16] DEBUG spoon.Launcher - [INFO] Building Spoon Core 8.3.0-SNAPSHOT
18:22:21.473 [Thread-16] DEBUG spoon.Launcher - [INFO] --------------------------------[ jar ]---------------------------------
18:22:22.047 [Thread-16] DEBUG spoon.Launcher - [INFO] Downloading from sonatype: https://oss.sonatype.org/content/repositories/releases/junit/junit-dep/maven-metadata.xml
18:22:22.047 [Thread-16] DEBUG spoon.Launcher - [INFO] Downloading from maven.inria.fr-snapshot: https://maven.irisa.fr/artifactory/spoon-public-snapshot/junit/junit-dep/maven-metadata.xml
18:22:22.048 [Thread-16] DEBUG spoon.Launcher - [INFO] Downloading from apache-snapshots: https://repository.apache.org/snapshots/junit/junit-dep/maven-metadata.xml
18:22:22.051 [Thread-16] DEBUG spoon.Launcher - [INFO] Downloading from sonatype-apache: https://repository.apache.org/content/repositories/releases/junit/junit-dep/maven-metadata.xml
18:22:22.649 [Thread-16] DEBUG spoon.Launcher - [INFO] Downloaded from sonatype: https://oss.sonatype.org/content/repositories/releases/junit/junit-dep/maven-metadata.xml (563 B at 773 B/s)
18:22:22.660 [Thread-16] DEBUG spoon.Launcher - [WARNING] Could not transfer metadata junit:junit-dep/maven-metadata.xml from/to maven.inria.fr-snapshot (https://maven.irisa.fr/artifactory/spoon-public-snapshot): Transfer failed for https://maven.irisa.fr/artifactory/spoon-public-snapshot/junit/junit-dep/maven-metadata.xml
18:22:22.697 [Thread-16] DEBUG spoon.Launcher - [INFO] 
18:22:22.699 [Thread-16] DEBUG spoon.Launcher - [INFO] --- maven-dependency-plugin:3.1.2:build-classpath (default-cli) @ spoon-core ---
18:22:23.402 [Thread-16] DEBUG spoon.Launcher - [INFO] Wrote classpath file '/home/travis/build/SpoonLabs/spoon-ci-external/spoon/spoon.classpath-app.tmp'.
18:22:23.403 [Thread-16] DEBUG spoon.Launcher - [INFO] ------------------------------------------------------------------------
18:22:23.403 [Thread-16] DEBUG spoon.Launcher - [INFO] BUILD SUCCESS
18:22:23.403 [Thread-16] DEBUG spoon.Launcher - [INFO] ------------------------------------------------------------------------
18:22:23.404 [Thread-16] DEBUG spoon.Launcher - [INFO] Total time:  3.085 s
18:22:23.405 [Thread-16] DEBUG spoon.Launcher - [INFO] Finished at: 2020-09-11T18:22:23Z
18:22:23.405 [Thread-16] DEBUG spoon.Launcher - [INFO] ------------------------------------------------------------------------
18:22:23.492 [main] INFO spoon.Launcher - Running in NOCLASSPATH mode (doc: http://spoon.gforge.inria.fr/launcher.html).
18:22:24.894 [Thread-19] DEBUG spoon.Launcher - [INFO] Scanning for projects...
18:22:25.938 [Thread-19] DEBUG spoon.Launcher - [INFO] Inspecting build with total of 1 modules...
18:22:25.940 [Thread-19] DEBUG spoon.Launcher - [INFO] Installing Nexus Staging features:
18:22:25.940 [Thread-19] DEBUG spoon.Launcher - [INFO]   ... total of 1 executions of maven-deploy-plugin replaced with nexus-staging-maven-plugin
18:22:26.012 [Thread-19] DEBUG spoon.Launcher - [INFO] 
18:22:26.012 [Thread-19] DEBUG spoon.Launcher - [INFO] ------------------< fr.inria.gforge.spoon:spoon-core >------------------
18:22:26.013 [Thread-19] DEBUG spoon.Launcher - [INFO] Building Spoon Core 8.3.0-SNAPSHOT
18:22:26.013 [Thread-19] DEBUG spoon.Launcher - [INFO] --------------------------------[ jar ]---------------------------------
18:22:26.397 [Thread-19] DEBUG spoon.Launcher - [INFO] Downloading from maven.inria.fr-snapshot: https://maven.irisa.fr/artifactory/spoon-public-snapshot/junit/junit-dep/maven-metadata.xml
18:22:26.400 [Thread-19] DEBUG spoon.Launcher - [INFO] Downloading from sonatype-apache: https://repository.apache.org/content/repositories/releases/junit/junit-dep/maven-metadata.xml
18:22:26.406 [Thread-19] DEBUG spoon.Launcher - [INFO] Downloading from sonatype: https://oss.sonatype.org/content/repositories/releases/junit/junit-dep/maven-metadata.xml
18:22:26.407 [Thread-19] DEBUG spoon.Launcher - [INFO] Downloading from apache-snapshots: https://repository.apache.org/snapshots/junit/junit-dep/maven-metadata.xml
18:22:27.181 [Thread-19] DEBUG spoon.Launcher - [INFO] Downloaded from sonatype: https://oss.sonatype.org/content/repositories/releases/junit/junit-dep/maven-metadata.xml (563 B at 712 B/s)
18:22:27.183 [Thread-19] DEBUG spoon.Launcher - [WARNING] Could not transfer metadata junit:junit-dep/maven-metadata.xml from/to maven.inria.fr-snapshot (https://maven.irisa.fr/artifactory/spoon-public-snapshot): Transfer failed for https://maven.irisa.fr/artifactory/spoon-public-snapshot/junit/junit-dep/maven-metadata.xml
18:22:27.224 [Thread-19] DEBUG spoon.Launcher - [INFO] 
18:22:27.226 [Thread-19] DEBUG spoon.Launcher - [INFO] --- maven-dependency-plugin:3.1.2:build-classpath (default-cli) @ spoon-core ---
18:22:28.001 [Thread-19] DEBUG spoon.Launcher - [INFO] Wrote classpath file '/home/travis/build/SpoonLabs/spoon-ci-external/spoon/spoon.classpath.tmp'.
18:22:28.003 [Thread-19] DEBUG spoon.Launcher - [INFO] ------------------------------------------------------------------------
18:22:28.004 [Thread-19] DEBUG spoon.Launcher - [INFO] BUILD SUCCESS
18:22:28.007 [Thread-19] DEBUG spoon.Launcher - [INFO] ------------------------------------------------------------------------
18:22:28.009 [Thread-19] DEBUG spoon.Launcher - [INFO] Total time:  3.137 s
18:22:28.009 [Thread-19] DEBUG spoon.Launcher - [INFO] Finished at: 2020-09-11T18:22:28Z
18:22:28.010 [Thread-19] DEBUG spoon.Launcher - [INFO] ------------------------------------------------------------------------
18:22:28.170 [main] INFO spoon.Launcher - Running in NOCLASSPATH mode (doc: http://spoon.gforge.inria.fr/launcher.html).
18:22:28.341 [main] INFO spoon.Launcher - Running in NOCLASSPATH mode (doc: http://spoon.gforge.inria.fr/launcher.html).
18:22:29.691 [Thread-22] DEBUG spoon.Launcher - [INFO] Scanning for projects...
18:22:30.048 [Thread-22] DEBUG spoon.Launcher - [INFO] 
18:22:30.050 [Thread-22] DEBUG spoon.Launcher - [INFO] -------------------------< org.foo.bar:foobar >-------------------------
18:22:30.052 [Thread-22] DEBUG spoon.Launcher - [INFO] Building foobar 1.0.0-SNAPSHOT
18:22:30.053 [Thread-22] DEBUG spoon.Launcher - [INFO] --------------------------------[ jar ]---------------------------------
18:22:30.071 [Thread-22] DEBUG spoon.Launcher - [INFO] 
18:22:30.079 [Thread-22] DEBUG spoon.Launcher - [INFO] --- maven-dependency-plugin:2.8:build-classpath (default-cli) @ foobar ---
18:22:30.906 [Thread-22] DEBUG spoon.Launcher - [INFO] No dependencies found.
18:22:30.908 [Thread-22] DEBUG spoon.Launcher - [INFO] Wrote classpath file '/home/travis/build/SpoonLabs/spoon-ci-external/spoon/src/test/resources/maven-launcher/java-11/spoon.classpath-app.tmp'.
18:22:30.910 [Thread-22] DEBUG spoon.Launcher - [INFO] ------------------------------------------------------------------------
18:22:30.910 [Thread-22] DEBUG spoon.Launcher - [INFO] BUILD SUCCESS
18:22:30.910 [Thread-22] DEBUG spoon.Launcher - [INFO] ------------------------------------------------------------------------
18:22:30.911 [Thread-22] DEBUG spoon.Launcher - [INFO] Total time:  1.238 s
18:22:30.911 [Thread-22] DEBUG spoon.Launcher - [INFO] Finished at: 2020-09-11T18:22:30Z
18:22:30.912 [Thread-22] DEBUG spoon.Launcher - [INFO] ------------------------------------------------------------------------
18:22:30.923 [main] INFO spoon.Launcher - Running in NOCLASSPATH mode (doc: http://spoon.gforge.inria.fr/launcher.html).
]]></system-out>
  </testcase>
  <testcase name="mavenLauncherTestWithVerySimpleProject" classname="spoon.MavenLauncherTest" time="2.839">
    <system-out><![CDATA[18:22:30.977 [main] INFO spoon.Launcher - Running in NOCLASSPATH mode (doc: http://spoon.gforge.inria.fr/launcher.html).
18:22:32.486 [Thread-25] DEBUG spoon.Launcher - [INFO] Scanning for projects...
18:22:32.876 [Thread-25] DEBUG spoon.Launcher - [INFO] 
18:22:32.876 [Thread-25] DEBUG spoon.Launcher - [INFO] -------------------------< org.foo.bar:foobar >-------------------------
18:22:32.877 [Thread-25] DEBUG spoon.Launcher - [INFO] Building foobar 1.0.0-SNAPSHOT
18:22:32.879 [Thread-25] DEBUG spoon.Launcher - [INFO] --------------------------------[ jar ]---------------------------------
18:22:32.893 [Thread-25] DEBUG spoon.Launcher - [INFO] 
18:22:32.894 [Thread-25] DEBUG spoon.Launcher - [INFO] --- maven-dependency-plugin:2.8:build-classpath (default-cli) @ foobar ---
18:22:33.755 [Thread-25] DEBUG spoon.Launcher - [INFO] No dependencies found.
18:22:33.760 [Thread-25] DEBUG spoon.Launcher - [INFO] Wrote classpath file '/home/travis/build/SpoonLabs/spoon-ci-external/spoon/src/test/resources/maven-launcher/very-simple/spoon.classpath.tmp'.
18:22:33.761 [Thread-25] DEBUG spoon.Launcher - [INFO] ------------------------------------------------------------------------
18:22:33.761 [Thread-25] DEBUG spoon.Launcher - [INFO] BUILD SUCCESS
18:22:33.761 [Thread-25] DEBUG spoon.Launcher - [INFO] ------------------------------------------------------------------------
18:22:33.761 [Thread-25] DEBUG spoon.Launcher - [INFO] Total time:  1.299 s
18:22:33.761 [Thread-25] DEBUG spoon.Launcher - [INFO] Finished at: 2020-09-11T18:22:33Z
18:22:33.761 [Thread-25] DEBUG spoon.Launcher - [INFO] ------------------------------------------------------------------------
]]></system-out>
  </testcase>
  <testcase name="testGuessMavenHome" classname="spoon.MavenLauncherTest" time="0.158"/>
  <testcase name="testPomSourceDirectory" classname="spoon.MavenLauncherTest" time="2.778">
    <system-out><![CDATA[18:22:33.948 [main] INFO spoon.Launcher - Running in NOCLASSPATH mode (doc: http://spoon.gforge.inria.fr/launcher.html).
18:22:35.378 [Thread-28] DEBUG spoon.Launcher - [INFO] Scanning for projects...
18:22:35.712 [Thread-28] DEBUG spoon.Launcher - [INFO] 
18:22:35.714 [Thread-28] DEBUG spoon.Launcher - [INFO] -------------------------< org.foo.bar:foobar >-------------------------
18:22:35.715 [Thread-28] DEBUG spoon.Launcher - [INFO] Building foobar 1.0.0-SNAPSHOT
18:22:35.716 [Thread-28] DEBUG spoon.Launcher - [INFO] --------------------------------[ jar ]---------------------------------
18:22:35.732 [Thread-28] DEBUG spoon.Launcher - [INFO] 
18:22:35.733 [Thread-28] DEBUG spoon.Launcher - [INFO] --- maven-dependency-plugin:2.8:build-classpath (default-cli) @ foobar ---
18:22:36.695 [Thread-28] DEBUG spoon.Launcher - [INFO] No dependencies found.
18:22:36.697 [Thread-28] DEBUG spoon.Launcher - [INFO] Wrote classpath file '/home/travis/build/SpoonLabs/spoon-ci-external/spoon/src/test/resources/maven-launcher/source-directory/spoon.classpath.tmp'.
18:22:36.699 [Thread-28] DEBUG spoon.Launcher - [INFO] ------------------------------------------------------------------------
18:22:36.700 [Thread-28] DEBUG spoon.Launcher - [INFO] BUILD SUCCESS
18:22:36.701 [Thread-28] DEBUG spoon.Launcher - [INFO] ------------------------------------------------------------------------
18:22:36.702 [Thread-28] DEBUG spoon.Launcher - [INFO] Total time:  1.347 s
18:22:36.703 [Thread-28] DEBUG spoon.Launcher - [INFO] Finished at: 2020-09-11T18:22:36Z
18:22:36.704 [Thread-28] DEBUG spoon.Launcher - [INFO] ------------------------------------------------------------------------
]]></system-out>
  </testcase>
  <testcase name="mavenLauncherOnDirectoryWithoutPomTest" classname="spoon.MavenLauncherTest" time="0.001">
    <system-out><![CDATA[18:22:36.726 [main] INFO spoon.Launcher - Running in NOCLASSPATH mode (doc: http://spoon.gforge.inria.fr/launcher.html).
]]></system-out>
  </testcase>
</testsuite>