<?xml version="1.0" encoding="UTF-8"?>
<testsuite xmlns:xsi="http://www.w3.org/2001/XMLSchema-instance" xsi:noNamespaceSchemaLocation="https://maven.apache.org/surefire/maven-surefire-plugin/xsd/surefire-test-report.xsd" name="spoon.test.parent.ContractOnSettersParametrizedTest" time="1.524" tests="69" errors="0" skipped="0" failures="0">
  <properties>
    <property name="awt.toolkit" value="sun.awt.X11.XToolkit"/>
    <property name="java.specification.version" value="11"/>
    <property name="sun.cpu.isalist" value=""/>
    <property name="sun.jnu.encoding" value="UTF-8"/>
    <property name="java.class.path" value="/home/travis/.m2/repository/org/apache/maven/surefire/surefire-booter/2.21.0/surefire-booter-2.21.0.jar:/home/travis/.m2/repository/org/apache/maven/surefire/surefire-api/2.21.0/surefire-api-2.21.0.jar:/home/travis/.m2/repository/org/apache/maven/surefire/surefire-logger-api/2.21.0/surefire-logger-api-2.21.0.jar:/home/travis/build/SpoonLabs/spoon-ci-external/spoon/target/test-classes:/home/travis/build/SpoonLabs/spoon-ci-external/spoon/target/classes:/home/travis/.m2/repository/org/eclipse/jdt/org.eclipse.jdt.core/3.16.0/org.eclipse.jdt.core-3.16.0.jar:/home/travis/.m2/repository/com/github/stefanbirkner/system-rules/1.9.0/system-rules-1.9.0.jar:/home/travis/.m2/repository/junit/junit/4.11-beta-1/junit-4.11-beta-1.jar:/home/travis/.m2/repository/org/hamcrest/hamcrest-core/1.3/hamcrest-core-1.3.jar:/home/travis/.m2/repository/org/mockito/mockito-core/2.23.4/mockito-core-2.23.4.jar:/home/travis/.m2/repository/net/bytebuddy/byte-buddy/1.9.3/byte-buddy-1.9.3.jar:/home/travis/.m2/repository/net/bytebuddy/byte-buddy-agent/1.9.3/byte-buddy-agent-1.9.3.jar:/home/travis/.m2/repository/org/objenesis/objenesis/2.6/objenesis-2.6.jar:/home/travis/.m2/repository/com/martiansoftware/jsap/2.1/jsap-2.1.jar:/home/travis/.m2/repository/org/apache/logging/log4j/log4j-core/2.13.0/log4j-core-2.13.0.jar:/home/travis/.m2/repository/org/apache/logging/log4j/log4j-api/2.13.0/log4j-api-2.13.0.jar:/home/travis/.m2/repository/commons-io/commons-io/2.6/commons-io-2.6.jar:/home/travis/.m2/repository/org/apache/maven/maven-model/3.5.0/maven-model-3.5.0.jar:/home/travis/.m2/repository/org/codehaus/plexus/plexus-utils/3.0.24/plexus-utils-3.0.24.jar:/home/travis/.m2/repository/org/apache/commons/commons-lang3/3.8.1/commons-lang3-3.8.1.jar:/home/travis/.m2/repository/org/tukaani/xz/1.8/xz-1.8.jar:/home/travis/.m2/repository/com/fasterxml/jackson/core/jackson-databind/2.9.10.1/jackson-databind-2.9.10.1.jar:/home/travis/.m2/repository/com/fasterxml/jackson/core/jackson-annotations/2.9.10/jackson-annotations-2.9.10.jar:/home/travis/.m2/repository/com/fasterxml/jackson/core/jackson-core/2.9.10/jackson-core-2.9.10.jar:/home/travis/.m2/repository/org/apache/commons/commons-compress/1.19/commons-compress-1.19.jar:/home/travis/.m2/repository/com/google/guava/guava/18.0/guava-18.0.jar:/home/travis/.m2/repository/com/mysema/querydsl/querydsl-core/3.6.9/querydsl-core-3.6.9.jar:/home/travis/.m2/repository/org/apache/maven/shared/maven-invoker/3.0.1/maven-invoker-3.0.1.jar:/home/travis/.m2/repository/org/apache/maven/shared/maven-shared-utils/3.2.1/maven-shared-utils-3.2.1.jar:/home/travis/.m2/repository/org/codehaus/plexus/plexus-component-annotations/1.7.1/plexus-component-annotations-1.7.1.jar:/home/travis/.m2/repository/org/junit/vintage/junit-vintage-engine/5.4.2/junit-vintage-engine-5.4.2.jar:/home/travis/.m2/repository/org/apiguardian/apiguardian-api/1.0.0/apiguardian-api-1.0.0.jar:/home/travis/.m2/repository/org/junit/platform/junit-platform-engine/1.4.2/junit-platform-engine-1.4.2.jar:/home/travis/.m2/repository/org/opentest4j/opentest4j/1.1.1/opentest4j-1.1.1.jar:/home/travis/.m2/repository/org/junit/platform/junit-platform-commons/1.4.2/junit-platform-commons-1.4.2.jar:/home/travis/.m2/repository/org/junit/jupiter/junit-jupiter-engine/5.4.2/junit-jupiter-engine-5.4.2.jar:/home/travis/.m2/repository/org/junit/jupiter/junit-jupiter-api/5.4.2/junit-jupiter-api-5.4.2.jar:/home/travis/.m2/repository/org/apache/maven/surefire/surefire-junit4/2.21.0/surefire-junit4-2.21.0.jar"/>
    <property name="java.vm.vendor" value="Oracle Corporation"/>
    <property name="sun.arch.data.model" value="64"/>
    <property name="java.vendor.url" value="http://java.oracle.com/"/>
    <property name="user.timezone" value=""/>
    <property name="java.vm.specification.version" value="11"/>
    <property name="os.name" value="Linux"/>
    <property name="sun.java.launcher" value="SUN_STANDARD"/>
    <property name="user.country" value="US"/>
    <property name="sun.boot.library.path" value="/usr/local/lib/jvm/openjdk11/lib"/>
    <property name="sun.java.command" value="org.apache.maven.surefire.booter.ForkedBooter /home/travis/build/SpoonLabs/spoon-ci-external/spoon/target/surefire 2020-01-18T16-13-32_187-jvmRun1 surefire14984739271305057618tmp surefire_06367777410911686354tmp"/>
    <property name="jdk.debug" value="release"/>
    <property name="surefire.test.class.path" value="/home/travis/build/SpoonLabs/spoon-ci-external/spoon/target/test-classes:/home/travis/build/SpoonLabs/spoon-ci-external/spoon/target/classes:/home/travis/.m2/repository/org/eclipse/jdt/org.eclipse.jdt.core/3.16.0/org.eclipse.jdt.core-3.16.0.jar:/home/travis/.m2/repository/com/github/stefanbirkner/system-rules/1.9.0/system-rules-1.9.0.jar:/home/travis/.m2/repository/junit/junit/4.11-beta-1/junit-4.11-beta-1.jar:/home/travis/.m2/repository/org/hamcrest/hamcrest-core/1.3/hamcrest-core-1.3.jar:/home/travis/.m2/repository/org/mockito/mockito-core/2.23.4/mockito-core-2.23.4.jar:/home/travis/.m2/repository/net/bytebuddy/byte-buddy/1.9.3/byte-buddy-1.9.3.jar:/home/travis/.m2/repository/net/bytebuddy/byte-buddy-agent/1.9.3/byte-buddy-agent-1.9.3.jar:/home/travis/.m2/repository/org/objenesis/objenesis/2.6/objenesis-2.6.jar:/home/travis/.m2/repository/com/martiansoftware/jsap/2.1/jsap-2.1.jar:/home/travis/.m2/repository/org/apache/logging/log4j/log4j-core/2.13.0/log4j-core-2.13.0.jar:/home/travis/.m2/repository/org/apache/logging/log4j/log4j-api/2.13.0/log4j-api-2.13.0.jar:/home/travis/.m2/repository/commons-io/commons-io/2.6/commons-io-2.6.jar:/home/travis/.m2/repository/org/apache/maven/maven-model/3.5.0/maven-model-3.5.0.jar:/home/travis/.m2/repository/org/codehaus/plexus/plexus-utils/3.0.24/plexus-utils-3.0.24.jar:/home/travis/.m2/repository/org/apache/commons/commons-lang3/3.8.1/commons-lang3-3.8.1.jar:/home/travis/.m2/repository/org/tukaani/xz/1.8/xz-1.8.jar:/home/travis/.m2/repository/com/fasterxml/jackson/core/jackson-databind/2.9.10.1/jackson-databind-2.9.10.1.jar:/home/travis/.m2/repository/com/fasterxml/jackson/core/jackson-annotations/2.9.10/jackson-annotations-2.9.10.jar:/home/travis/.m2/repository/com/fasterxml/jackson/core/jackson-core/2.9.10/jackson-core-2.9.10.jar:/home/travis/.m2/repository/org/apache/commons/commons-compress/1.19/commons-compress-1.19.jar:/home/travis/.m2/repository/com/google/guava/guava/18.0/guava-18.0.jar:/home/travis/.m2/repository/com/mysema/querydsl/querydsl-core/3.6.9/querydsl-core-3.6.9.jar:/home/travis/.m2/repository/org/apache/maven/shared/maven-invoker/3.0.1/maven-invoker-3.0.1.jar:/home/travis/.m2/repository/org/apache/maven/shared/maven-shared-utils/3.2.1/maven-shared-utils-3.2.1.jar:/home/travis/.m2/repository/org/codehaus/plexus/plexus-component-annotations/1.7.1/plexus-component-annotations-1.7.1.jar:/home/travis/.m2/repository/org/junit/vintage/junit-vintage-engine/5.4.2/junit-vintage-engine-5.4.2.jar:/home/travis/.m2/repository/org/apiguardian/apiguardian-api/1.0.0/apiguardian-api-1.0.0.jar:/home/travis/.m2/repository/org/junit/platform/junit-platform-engine/1.4.2/junit-platform-engine-1.4.2.jar:/home/travis/.m2/repository/org/opentest4j/opentest4j/1.1.1/opentest4j-1.1.1.jar:/home/travis/.m2/repository/org/junit/platform/junit-platform-commons/1.4.2/junit-platform-commons-1.4.2.jar:/home/travis/.m2/repository/org/junit/jupiter/junit-jupiter-engine/5.4.2/junit-jupiter-engine-5.4.2.jar:/home/travis/.m2/repository/org/junit/jupiter/junit-jupiter-api/5.4.2/junit-jupiter-api-5.4.2.jar:"/>
    <property name="sun.cpu.endian" value="little"/>
    <property name="user.home" value="/home/travis"/>
    <property name="user.language" value="en"/>
    <property name="java.specification.vendor" value="Oracle Corporation"/>
    <property name="java.version.date" value="2019-01-15"/>
    <property name="java.home" value="/usr/local/lib/jvm/openjdk11"/>
    <property name="file.separator" value="/"/>
    <property name="basedir" value="/home/travis/build/SpoonLabs/spoon-ci-external/spoon"/>
    <property name="java.vm.compressedOopsMode" value="32-bit"/>
    <property name="line.separator" value="&#10;"/>
    <property name="java.specification.name" value="Java Platform API Specification"/>
    <property name="java.vm.specification.vendor" value="Oracle Corporation"/>
    <property name="java.awt.graphicsenv" value="sun.awt.X11GraphicsEnvironment"/>
    <property name="sun.management.compiler" value="HotSpot 64-Bit Tiered Compilers"/>
    <property name="java.runtime.version" value="11.0.2+9"/>
    <property name="user.name" value="travis"/>
    <property name="path.separator" value=":"/>
    <property name="os.version" value="4.15.0-1050-gcp"/>
    <property name="java.runtime.name" value="OpenJDK Runtime Environment"/>
    <property name="file.encoding" value="UTF-8"/>
    <property name="java.vm.name" value="OpenJDK 64-Bit Server VM"/>
    <property name="java.vendor.version" value="18.9"/>
    <property name="localRepository" value="/home/travis/.m2/repository"/>
    <property name="java.vendor.url.bug" value="http://bugreport.java.com/bugreport/"/>
    <property name="java.io.tmpdir" value="/tmp"/>
    <property name="java.version" value="11.0.2"/>
    <property name="user.dir" value="/home/travis/build/SpoonLabs/spoon-ci-external/spoon"/>
    <property name="os.arch" value="amd64"/>
    <property name="java.vm.specification.name" value="Java Virtual Machine Specification"/>
    <property name="java.awt.printerjob" value="sun.print.PSPrinterJob"/>
    <property name="sun.os.patch.level" value="unknown"/>
    <property name="java.library.path" value="/usr/java/packages/lib:/usr/lib64:/lib64:/lib:/usr/lib"/>
    <property name="java.vendor" value="Oracle Corporation"/>
    <property name="java.vm.info" value="mixed mode"/>
    <property name="java.vm.version" value="11.0.2+9"/>
    <property name="sun.io.unicode.encoding" value="UnicodeLittle"/>
    <property name="java.class.version" value="55.0"/>
  </properties>
  <testcase name="testContract[public interface CtConditional&lt;T&gt; extends spoon.reflect.code.CtExpression&lt;T&gt; {&#10;    @spoon.reflect.annotations.PropertyGetter(role = spoon.reflect.path.CtRole.CONDITION)&#10;    spoon.reflect.code.CtExpression&lt;java.lang.Boolean&gt; getCondition();&#10;&#10;    @spoon.reflect.annotations.PropertyGetter(role = spoon.reflect.path.CtRole.THEN)&#10;    spoon.reflect.code.CtExpression&lt;T&gt; getThenExpression();&#10;&#10;    @spoon.reflect.annotations.PropertyGetter(role = spoon.reflect.path.CtRole.ELSE)&#10;    spoon.reflect.code.CtExpression&lt;T&gt; getElseExpression();&#10;&#10;    @spoon.reflect.annotations.PropertySetter(role = spoon.reflect.path.CtRole.ELSE)&#10;    &lt;C extends spoon.reflect.code.CtConditional&lt;T&gt;&gt; C setElseExpression(spoon.reflect.code.CtExpression&lt;T&gt; arg0);&#10;&#10;    @spoon.reflect.annotations.PropertySetter(role = spoon.reflect.path.CtRole.THEN)&#10;    &lt;C extends spoon.reflect.code.CtConditional&lt;T&gt;&gt; C setThenExpression(spoon.reflect.code.CtExpression&lt;T&gt; arg0);&#10;&#10;    @spoon.reflect.annotations.PropertySetter(role = spoon.reflect.path.CtRole.CONDITION)&#10;    &lt;C extends spoon.reflect.code.CtConditional&lt;T&gt;&gt; C setCondition(spoon.reflect.code.CtExpression&lt;java.lang.Boolean&gt; arg0);&#10;&#10;    spoon.reflect.code.CtConditional&lt;T&gt; clone();&#10;}]" classname="spoon.test.parent.ContractOnSettersParametrizedTest" time="0.074"/>
  <testcase name="testContract[public interface CtProvidedService extends spoon.reflect.declaration.CtModuleDirective {&#10;    @spoon.reflect.annotations.PropertyGetter(role = spoon.reflect.path.CtRole.SERVICE_TYPE)&#10;    spoon.reflect.reference.CtTypeReference getServiceType();&#10;&#10;    @spoon.reflect.annotations.PropertyGetter(role = spoon.reflect.path.CtRole.IMPLEMENTATION_TYPE)&#10;    java.util.List&lt;spoon.reflect.reference.CtTypeReference&gt; getImplementationTypes();&#10;&#10;    @spoon.reflect.annotations.PropertySetter(role = spoon.reflect.path.CtRole.SERVICE_TYPE)&#10;    &lt;T extends spoon.reflect.declaration.CtProvidedService&gt; T setServiceType(spoon.reflect.reference.CtTypeReference arg0);&#10;&#10;    @spoon.reflect.annotations.PropertySetter(role = spoon.reflect.path.CtRole.IMPLEMENTATION_TYPE)&#10;    &lt;T extends spoon.reflect.declaration.CtProvidedService&gt; T setImplementationTypes(java.util.List&lt;spoon.reflect.reference.CtTypeReference&gt; arg0);&#10;&#10;    @spoon.reflect.annotations.PropertySetter(role = spoon.reflect.path.CtRole.IMPLEMENTATION_TYPE)&#10;    &lt;T extends spoon.reflect.declaration.CtProvidedService&gt; T addImplementationType(spoon.reflect.reference.CtTypeReference arg0);&#10;&#10;    spoon.reflect.declaration.CtProvidedService clone();&#10;}]" classname="spoon.test.parent.ContractOnSettersParametrizedTest" time="0.018"/>
  <testcase name="testContract[public interface CtParameter&lt;T&gt; extends spoon.reflect.declaration.CtShadowable , spoon.reflect.declaration.CtVariable&lt;T&gt; {&#10;    @spoon.support.DerivedProperty&#10;    spoon.reflect.reference.CtParameterReference&lt;T&gt; getReference();&#10;&#10;    @spoon.reflect.annotations.PropertyGetter(role = spoon.reflect.path.CtRole.IS_INFERRED)&#10;    boolean isInferred();&#10;&#10;    @spoon.reflect.annotations.PropertySetter(role = spoon.reflect.path.CtRole.IS_VARARGS)&#10;    &lt;C extends spoon.reflect.declaration.CtParameter&lt;T&gt;&gt; C setVarArgs(boolean arg0);&#10;&#10;    @spoon.support.UnsettableProperty&#10;    &lt;C extends spoon.reflect.declaration.CtVariable&lt;T&gt;&gt; C setDefaultExpression(spoon.reflect.code.CtExpression&lt;T&gt; arg0);&#10;&#10;    @spoon.reflect.annotations.PropertySetter(role = spoon.reflect.path.CtRole.IS_INFERRED)&#10;    &lt;U extends spoon.reflect.declaration.CtParameter&lt;T&gt;&gt; U setInferred(boolean arg0);&#10;&#10;    spoon.reflect.declaration.CtParameter&lt;T&gt; clone();&#10;&#10;    @spoon.support.DerivedProperty&#10;    spoon.reflect.declaration.CtExecutable&lt;?&gt; getParent();&#10;&#10;    @spoon.reflect.annotations.PropertyGetter(role = spoon.reflect.path.CtRole.IS_VARARGS)&#10;    boolean isVarArgs();&#10;}]" classname="spoon.test.parent.ContractOnSettersParametrizedTest" time="0.027"/>
  <testcase name="testContract[public interface CtWhile extends spoon.reflect.code.CtLoop {&#10;    @spoon.reflect.annotations.PropertyGetter(role = spoon.reflect.path.CtRole.EXPRESSION)&#10;    spoon.reflect.code.CtExpression&lt;java.lang.Boolean&gt; getLoopingExpression();&#10;&#10;    @spoon.reflect.annotations.PropertySetter(role = spoon.reflect.path.CtRole.EXPRESSION)&#10;    &lt;T extends spoon.reflect.code.CtWhile&gt; T setLoopingExpression(spoon.reflect.code.CtExpression&lt;java.lang.Boolean&gt; arg0);&#10;&#10;    spoon.reflect.code.CtWhile clone();&#10;}]" classname="spoon.test.parent.ContractOnSettersParametrizedTest" time="0.017"/>
  <testcase name="testContract[public interface CtContinue extends spoon.reflect.code.CtLabelledFlowBreak {&#10;    spoon.reflect.code.CtContinue clone();&#10;}]" classname="spoon.test.parent.ContractOnSettersParametrizedTest" time="0.015"/>
  <testcase name="testContract[public interface CtInterface&lt;T&gt; extends spoon.reflect.declaration.CtType&lt;T&gt; {&#10;    @spoon.support.UnsettableProperty&#10;    &lt;C extends spoon.reflect.declaration.CtType&lt;T&gt;&gt; C setSuperclass(spoon.reflect.reference.CtTypeReference&lt;?&gt; arg0);&#10;&#10;    spoon.reflect.declaration.CtInterface&lt;T&gt; clone();&#10;}]" classname="spoon.test.parent.ContractOnSettersParametrizedTest" time="0.067"/>
  <testcase name="testContract[public interface CtAssignment&lt;T, A extends T&gt; extends spoon.reflect.code.CtExpression&lt;T&gt; , spoon.reflect.code.CtRHSReceiver&lt;A&gt; , spoon.reflect.code.CtStatement {&#10;    @spoon.reflect.annotations.PropertyGetter(role = spoon.reflect.path.CtRole.ASSIGNED)&#10;    spoon.reflect.code.CtExpression&lt;T&gt; getAssigned();&#10;&#10;    @spoon.reflect.annotations.PropertySetter(role = spoon.reflect.path.CtRole.ASSIGNED)&#10;    &lt;C extends spoon.reflect.code.CtAssignment&lt;T, A&gt;&gt; C setAssigned(spoon.reflect.code.CtExpression&lt;T&gt; arg0);&#10;&#10;    spoon.reflect.code.CtAssignment&lt;T, A&gt; clone();&#10;}]" classname="spoon.test.parent.ContractOnSettersParametrizedTest" time="0.018"/>
  <testcase name="testContract[public interface CtBinaryOperator&lt;T&gt; extends spoon.reflect.code.CtExpression&lt;T&gt; {&#10;    @spoon.reflect.annotations.PropertyGetter(role = spoon.reflect.path.CtRole.OPERATOR_KIND)&#10;    spoon.reflect.code.BinaryOperatorKind getKind();&#10;&#10;    @spoon.reflect.annotations.PropertyGetter(role = spoon.reflect.path.CtRole.RIGHT_OPERAND)&#10;    spoon.reflect.code.CtExpression&lt;?&gt; getRightHandOperand();&#10;&#10;    @spoon.reflect.annotations.PropertyGetter(role = spoon.reflect.path.CtRole.LEFT_OPERAND)&#10;    spoon.reflect.code.CtExpression&lt;?&gt; getLeftHandOperand();&#10;&#10;    @spoon.reflect.annotations.PropertySetter(role = spoon.reflect.path.CtRole.OPERATOR_KIND)&#10;    &lt;C extends spoon.reflect.code.CtBinaryOperator&lt;T&gt;&gt; C setKind(spoon.reflect.code.BinaryOperatorKind arg0);&#10;&#10;    @spoon.reflect.annotations.PropertySetter(role = spoon.reflect.path.CtRole.RIGHT_OPERAND)&#10;    &lt;C extends spoon.reflect.code.CtBinaryOperator&lt;T&gt;&gt; C setRightHandOperand(spoon.reflect.code.CtExpression&lt;?&gt; arg0);&#10;&#10;    @spoon.reflect.annotations.PropertySetter(role = spoon.reflect.path.CtRole.LEFT_OPERAND)&#10;    &lt;C extends spoon.reflect.code.CtBinaryOperator&lt;T&gt;&gt; C setLeftHandOperand(spoon.reflect.code.CtExpression&lt;?&gt; arg0);&#10;&#10;    spoon.reflect.code.CtBinaryOperator&lt;T&gt; clone();&#10;}]" classname="spoon.test.parent.ContractOnSettersParametrizedTest" time="0.016"/>
  <testcase name="testContract[public interface CtEnumValue&lt;T&gt; extends spoon.reflect.declaration.CtField&lt;T&gt; {&#10;    @spoon.support.UnsettableProperty&#10;    &lt;U extends spoon.reflect.code.CtRHSReceiver&lt;T&gt;&gt; U setAssignment(spoon.reflect.code.CtExpression&lt;T&gt; arg0);&#10;&#10;    spoon.reflect.declaration.CtEnumValue clone();&#10;}]" classname="spoon.test.parent.ContractOnSettersParametrizedTest" time="0.02"/>
  <testcase name="testContract[public interface CtModuleRequirement extends spoon.reflect.declaration.CtModuleDirective {&#10;    @spoon.reflect.annotations.PropertySetter(role = spoon.reflect.path.CtRole.MODULE_REF)&#10;    &lt;T extends spoon.reflect.declaration.CtModuleRequirement&gt; T setModuleReference(spoon.reflect.reference.CtModuleReference arg0);&#10;&#10;    @spoon.reflect.annotations.PropertyGetter(role = spoon.reflect.path.CtRole.MODULE_REF)&#10;    spoon.reflect.reference.CtModuleReference getModuleReference();&#10;&#10;    @spoon.reflect.annotations.PropertyGetter(role = spoon.reflect.path.CtRole.MODIFIER)&#10;    java.util.Set&lt;spoon.reflect.declaration.CtModuleRequirement.RequiresModifier&gt; getRequiresModifiers();&#10;&#10;    @spoon.reflect.annotations.PropertySetter(role = spoon.reflect.path.CtRole.MODIFIER)&#10;    &lt;T extends spoon.reflect.declaration.CtModuleRequirement&gt; T setRequiresModifiers(java.util.Set&lt;spoon.reflect.declaration.CtModuleRequirement.RequiresModifier&gt; arg0);&#10;&#10;    spoon.reflect.declaration.CtModuleRequirement clone();&#10;&#10;    final enum RequiresModifier {&#10;&#10;        STATIC,&#10;        TRANSITIVE;}&#10;}]" classname="spoon.test.parent.ContractOnSettersParametrizedTest" time="0.016"/>
  <testcase name="testContract[public interface CtForEach extends spoon.reflect.code.CtLoop {&#10;    @spoon.reflect.annotations.PropertyGetter(role = spoon.reflect.path.CtRole.FOREACH_VARIABLE)&#10;    spoon.reflect.code.CtLocalVariable&lt;?&gt; getVariable();&#10;&#10;    @spoon.reflect.annotations.PropertyGetter(role = spoon.reflect.path.CtRole.EXPRESSION)&#10;    spoon.reflect.code.CtExpression&lt;?&gt; getExpression();&#10;&#10;    @spoon.reflect.annotations.PropertySetter(role = spoon.reflect.path.CtRole.FOREACH_VARIABLE)&#10;    &lt;T extends spoon.reflect.code.CtForEach&gt; T setVariable(spoon.reflect.code.CtLocalVariable&lt;?&gt; arg0);&#10;&#10;    @spoon.reflect.annotations.PropertySetter(role = spoon.reflect.path.CtRole.EXPRESSION)&#10;    &lt;T extends spoon.reflect.code.CtForEach&gt; T setExpression(spoon.reflect.code.CtExpression&lt;?&gt; arg0);&#10;&#10;    spoon.reflect.code.CtForEach clone();&#10;}]" classname="spoon.test.parent.ContractOnSettersParametrizedTest" time="0.013"/>
  <testcase name="testContract[public interface CtConstructor&lt;T&gt; extends spoon.reflect.declaration.CtExecutable&lt;T&gt; , spoon.reflect.declaration.CtFormalTypeDeclarer , spoon.reflect.declaration.CtShadowable , spoon.reflect.declaration.CtTypeMember {&#10;    @spoon.support.UnsettableProperty&#10;    &lt;C extends spoon.reflect.declaration.CtTypedElement&gt; C setType(spoon.reflect.reference.CtTypeReference&lt;T&gt; arg0);&#10;&#10;    @spoon.support.UnsettableProperty&#10;    &lt;C extends spoon.reflect.declaration.CtNamedElement&gt; C setSimpleName(java.lang.String arg0);&#10;&#10;    spoon.reflect.declaration.CtConstructor&lt;T&gt; clone();&#10;&#10;    @spoon.reflect.annotations.PropertyGetter(role = spoon.reflect.path.CtRole.NAME)&#10;    java.lang.String getSimpleName();&#10;}]" classname="spoon.test.parent.ContractOnSettersParametrizedTest" time="0.069"/>
  <testcase name="testContract[public interface CtSuperAccess&lt;T&gt; extends spoon.reflect.code.CtTargetedExpression&lt;T, spoon.reflect.code.CtExpression&lt;?&gt;&gt; , spoon.reflect.code.CtVariableRead&lt;T&gt; {&#10;    spoon.reflect.code.CtSuperAccess&lt;T&gt; clone();&#10;&#10;    @spoon.support.DerivedProperty&#10;    spoon.reflect.reference.CtTypeReference&lt;T&gt; getType();&#10;}]" classname="spoon.test.parent.ContractOnSettersParametrizedTest" time="0.033"/>
  <testcase name="testContract[public interface CtPackageDeclaration extends spoon.reflect.declaration.CtElement {&#10;    @spoon.reflect.annotations.PropertyGetter(role = spoon.reflect.path.CtRole.PACKAGE_REF)&#10;    spoon.reflect.reference.CtPackageReference getReference();&#10;&#10;    @spoon.reflect.annotations.PropertySetter(role = spoon.reflect.path.CtRole.PACKAGE_REF)&#10;    spoon.reflect.declaration.CtPackageDeclaration setReference(spoon.reflect.reference.CtPackageReference arg0);&#10;&#10;    spoon.reflect.declaration.CtPackageDeclaration clone();&#10;}]" classname="spoon.test.parent.ContractOnSettersParametrizedTest" time="0.009"/>
  <testcase name="testContract[public interface CtAnonymousExecutable extends spoon.reflect.declaration.CtExecutable&lt;java.lang.Void&gt; , spoon.reflect.declaration.CtTypeMember {&#10;    @spoon.support.UnsettableProperty&#10;    &lt;C extends spoon.reflect.declaration.CtTypedElement&gt; C setType(spoon.reflect.reference.CtTypeReference&lt;java.lang.Void&gt; arg0);&#10;&#10;    @spoon.support.UnsettableProperty&#10;    &lt;T extends spoon.reflect.declaration.CtExecutable&lt;java.lang.Void&gt;&gt; T setParameters(java.util.List&lt;spoon.reflect.declaration.CtParameter&lt;?&gt;&gt; arg0);&#10;&#10;    @spoon.support.UnsettableProperty&#10;    &lt;T extends spoon.reflect.declaration.CtExecutable&lt;java.lang.Void&gt;&gt; T addParameter(spoon.reflect.declaration.CtParameter&lt;?&gt; arg0);&#10;&#10;    @spoon.support.UnsettableProperty&#10;    &lt;T extends spoon.reflect.declaration.CtExecutable&lt;java.lang.Void&gt;&gt; T setThrownTypes(java.util.Set&lt;spoon.reflect.reference.CtTypeReference&lt;? extends java.lang.Throwable&gt;&gt; arg0);&#10;&#10;    @spoon.support.UnsettableProperty&#10;    &lt;T extends spoon.reflect.declaration.CtExecutable&lt;java.lang.Void&gt;&gt; T addThrownType(spoon.reflect.reference.CtTypeReference&lt;? extends java.lang.Throwable&gt; arg0);&#10;&#10;    @spoon.support.UnsettableProperty&#10;    &lt;C extends spoon.reflect.declaration.CtNamedElement&gt; C setSimpleName(java.lang.String arg0);&#10;&#10;    spoon.reflect.declaration.CtAnonymousExecutable clone();&#10;}]" classname="spoon.test.parent.ContractOnSettersParametrizedTest" time="0.018"/>
  <testcase name="testContract[public interface CtComment extends spoon.reflect.code.CtStatement {&#10;    @spoon.reflect.annotations.PropertyGetter(role = spoon.reflect.path.CtRole.COMMENT_TYPE)&#10;    spoon.reflect.code.CtComment.CommentType getCommentType();&#10;&#10;    spoon.reflect.code.CtJavaDoc asJavaDoc();&#10;&#10;    @spoon.reflect.annotations.PropertySetter(role = spoon.reflect.path.CtRole.COMMENT_CONTENT)&#10;    &lt;E extends spoon.reflect.code.CtComment&gt; E setContent(java.lang.String arg0);&#10;&#10;    @spoon.reflect.annotations.PropertySetter(role = spoon.reflect.path.CtRole.COMMENT_TYPE)&#10;    &lt;E extends spoon.reflect.code.CtComment&gt; E setCommentType(spoon.reflect.code.CtComment.CommentType arg0);&#10;&#10;    @spoon.support.DerivedProperty&#10;    java.lang.String getRawContent();&#10;&#10;    spoon.reflect.code.CtComment clone();&#10;&#10;    @spoon.reflect.annotations.PropertyGetter(role = spoon.reflect.path.CtRole.COMMENT_CONTENT)&#10;    java.lang.String getContent();&#10;&#10;    static final java.lang.String LINE_SEPARATOR = &quot;\n&quot;;&#10;&#10;    final enum CommentType {&#10;&#10;        FILE,&#10;        JAVADOC,&#10;        INLINE,&#10;        BLOCK;}&#10;}]" classname="spoon.test.parent.ContractOnSettersParametrizedTest" time="0.017"/>
  <testcase name="testContract[public interface CtThisAccess&lt;T&gt; extends spoon.reflect.code.CtTargetedExpression&lt;T, spoon.reflect.code.CtExpression&lt;?&gt;&gt; {&#10;    spoon.reflect.code.CtThisAccess&lt;T&gt; clone();&#10;}]" classname="spoon.test.parent.ContractOnSettersParametrizedTest" time="0.015"/>
  <testcase name="testContract[public interface CtArrayWrite&lt;T&gt; extends spoon.reflect.code.CtArrayAccess&lt;T, spoon.reflect.code.CtExpression&lt;?&gt;&gt; {&#10;    spoon.reflect.code.CtArrayWrite&lt;T&gt; clone();&#10;}]" classname="spoon.test.parent.ContractOnSettersParametrizedTest" time="0.016"/>
  <testcase name="testContract[public interface CtJavaDoc extends spoon.reflect.code.CtComment {&#10;    @spoon.support.DerivedProperty&#10;    java.lang.String getShortDescription();&#10;&#10;    @spoon.support.DerivedProperty&#10;    java.lang.String getLongDescription();&#10;&#10;    @spoon.reflect.annotations.PropertyGetter(role = spoon.reflect.path.CtRole.COMMENT_TAG)&#10;    java.util.List&lt;spoon.reflect.code.CtJavaDocTag&gt; getTags();&#10;&#10;    @spoon.reflect.annotations.PropertySetter(role = spoon.reflect.path.CtRole.COMMENT_TAG)&#10;    &lt;E extends spoon.reflect.code.CtJavaDoc&gt; E removeTag(spoon.reflect.code.CtJavaDocTag arg0);&#10;&#10;    @spoon.reflect.annotations.PropertySetter(role = spoon.reflect.path.CtRole.COMMENT_TAG)&#10;    &lt;E extends spoon.reflect.code.CtJavaDoc&gt; E removeTag(int arg0);&#10;&#10;    @spoon.reflect.annotations.PropertySetter(role = spoon.reflect.path.CtRole.COMMENT_TAG)&#10;    &lt;E extends spoon.reflect.code.CtJavaDoc&gt; E addTag(spoon.reflect.code.CtJavaDocTag arg0);&#10;&#10;    @spoon.reflect.annotations.PropertySetter(role = spoon.reflect.path.CtRole.COMMENT_TAG)&#10;    &lt;E extends spoon.reflect.code.CtJavaDoc&gt; E addTag(int arg0, spoon.reflect.code.CtJavaDocTag arg1);&#10;&#10;    @spoon.support.DerivedProperty&#10;    java.util.List&lt;spoon.javadoc.internal.JavadocDescriptionElement&gt; getJavadocElements();&#10;&#10;    @spoon.reflect.annotations.PropertySetter(role = spoon.reflect.path.CtRole.COMMENT_TAG)&#10;    &lt;E extends spoon.reflect.code.CtJavaDoc&gt; E setTags(java.util.List&lt;spoon.reflect.code.CtJavaDocTag&gt; arg0);&#10;&#10;    spoon.reflect.code.CtJavaDoc clone();&#10;}]" classname="spoon.test.parent.ContractOnSettersParametrizedTest" time="0.019"/>
  <testcase name="testContract[public interface CtArrayRead&lt;T&gt; extends spoon.reflect.code.CtArrayAccess&lt;T, spoon.reflect.code.CtExpression&lt;?&gt;&gt; {&#10;    spoon.reflect.code.CtArrayRead&lt;T&gt; clone();&#10;}]" classname="spoon.test.parent.ContractOnSettersParametrizedTest" time="0.017"/>
  <testcase name="testContract[public interface CtStatementList extends java.lang.Iterable&lt;spoon.reflect.code.CtStatement&gt; , spoon.reflect.code.CtCodeElement {&#10;    @spoon.reflect.annotations.PropertySetter(role = spoon.reflect.path.CtRole.STATEMENT)&#10;    &lt;T extends spoon.reflect.code.CtStatementList&gt; T insertEnd(spoon.reflect.code.CtStatementList arg0);&#10;&#10;    @spoon.reflect.annotations.PropertySetter(role = spoon.reflect.path.CtRole.STATEMENT)&#10;    &lt;T extends spoon.reflect.code.CtStatementList&gt; T insertEnd(spoon.reflect.code.CtStatement arg0);&#10;&#10;    @spoon.support.DerivedProperty&#10;    &lt;T extends spoon.reflect.code.CtStatement&gt; T getStatement(int arg0);&#10;&#10;    @spoon.support.DerivedProperty&#10;    &lt;T extends spoon.reflect.code.CtStatementList&gt; T insertBefore(spoon.reflect.visitor.Filter&lt;? extends spoon.reflect.code.CtStatement&gt; arg0, spoon.reflect.code.CtStatementList arg1);&#10;&#10;    @spoon.support.DerivedProperty&#10;    &lt;T extends spoon.reflect.code.CtStatementList&gt; T insertBefore(spoon.reflect.visitor.Filter&lt;? extends spoon.reflect.code.CtStatement&gt; arg0, spoon.reflect.code.CtStatement arg1);&#10;&#10;    @spoon.support.DerivedProperty&#10;    &lt;T extends spoon.reflect.code.CtStatementList&gt; T insertAfter(spoon.reflect.visitor.Filter&lt;? extends spoon.reflect.code.CtStatement&gt; arg0, spoon.reflect.code.CtStatement arg1);&#10;&#10;    @spoon.support.DerivedProperty&#10;    &lt;T extends spoon.reflect.code.CtStatementList&gt; T insertAfter(spoon.reflect.visitor.Filter&lt;? extends spoon.reflect.code.CtStatement&gt; arg0, spoon.reflect.code.CtStatementList arg1);&#10;&#10;    @spoon.reflect.annotations.PropertySetter(role = spoon.reflect.path.CtRole.STATEMENT)&#10;    &lt;T extends spoon.reflect.code.CtStatementList&gt; T insertBegin(spoon.reflect.code.CtStatementList arg0);&#10;&#10;    @spoon.reflect.annotations.PropertySetter(role = spoon.reflect.path.CtRole.STATEMENT)&#10;    &lt;T extends spoon.reflect.code.CtStatementList&gt; T insertBegin(spoon.reflect.code.CtStatement arg0);&#10;&#10;    @spoon.support.DerivedProperty&#10;    &lt;T extends spoon.reflect.code.CtStatement&gt; T getLastStatement();&#10;&#10;    @spoon.reflect.annotations.PropertyGetter(role = spoon.reflect.path.CtRole.STATEMENT)&#10;    java.util.List&lt;spoon.reflect.code.CtStatement&gt; getStatements();&#10;&#10;    @spoon.reflect.annotations.PropertySetter(role = spoon.reflect.path.CtRole.STATEMENT)&#10;    &lt;T extends spoon.reflect.code.CtStatementList&gt; T addStatement(spoon.reflect.code.CtStatement arg0);&#10;&#10;    @spoon.reflect.annotations.PropertySetter(role = spoon.reflect.path.CtRole.STATEMENT)&#10;    &lt;T extends spoon.reflect.code.CtStatementList&gt; T addStatement(int arg0, spoon.reflect.code.CtStatement arg1);&#10;&#10;    @spoon.reflect.annotations.PropertySetter(role = spoon.reflect.path.CtRole.STATEMENT)&#10;    void removeStatement(spoon.reflect.code.CtStatement arg0);&#10;&#10;    @spoon.reflect.annotations.PropertySetter(role = spoon.reflect.path.CtRole.STATEMENT)&#10;    &lt;T extends spoon.reflect.code.CtStatementList&gt; T setStatements(java.util.List&lt;spoon.reflect.code.CtStatement&gt; arg0);&#10;&#10;    spoon.reflect.code.CtStatementList clone();&#10;}]" classname="spoon.test.parent.ContractOnSettersParametrizedTest" time="0.016"/>
  <testcase name="testContract[public interface CtVariableWrite&lt;T&gt; extends spoon.reflect.code.CtVariableAccess&lt;T&gt; {&#10;    spoon.reflect.code.CtVariableWrite&lt;T&gt; clone();&#10;}]" classname="spoon.test.parent.ContractOnSettersParametrizedTest" time="0.014"/>
  <testcase name="testContract[@spoon.support.Experimental&#10;public interface CtCompilationUnit extends spoon.reflect.declaration.CtElement {&#10;    @spoon.support.UnsettableProperty&#10;    &lt;E extends spoon.reflect.declaration.CtElement&gt; E setPosition(spoon.reflect.cu.SourcePosition arg0);&#10;&#10;    java.util.List&lt;java.io.File&gt; getBinaryFiles();&#10;&#10;    java.lang.String getOriginalSourceCode();&#10;&#10;    spoon.reflect.declaration.CtCompilationUnit.UNIT_TYPE getUnitType();&#10;&#10;    @spoon.support.DerivedProperty&#10;    spoon.reflect.declaration.CtCompilationUnit setDeclaredPackage(spoon.reflect.declaration.CtPackage arg0);&#10;&#10;    @spoon.support.DerivedProperty&#10;    spoon.reflect.declaration.CtCompilationUnit setDeclaredTypes(java.util.List&lt;spoon.reflect.declaration.CtType&lt;?&gt;&gt; arg0);&#10;&#10;    @spoon.support.DerivedProperty&#10;    @spoon.reflect.annotations.PropertyGetter(role = spoon.reflect.path.CtRole.DECLARED_TYPE)&#10;    java.util.List&lt;spoon.reflect.declaration.CtType&lt;?&gt;&gt; getDeclaredTypes();&#10;&#10;    @spoon.support.DerivedProperty&#10;    spoon.reflect.declaration.CtCompilationUnit addDeclaredType(spoon.reflect.declaration.CtType&lt;?&gt; arg0);&#10;&#10;    @spoon.support.Experimental&#10;    @spoon.reflect.annotations.PropertyGetter(role = spoon.reflect.path.CtRole.DECLARED_IMPORT)&#10;    spoon.support.util.ModelList&lt;spoon.reflect.declaration.CtImport&gt; getImports();&#10;&#10;    @spoon.support.DerivedProperty&#10;    spoon.reflect.declaration.CtType&lt;?&gt; getMainType();&#10;&#10;    @spoon.support.DerivedProperty&#10;    @spoon.reflect.annotations.PropertyGetter(role = spoon.reflect.path.CtRole.DECLARED_MODULE)&#10;    spoon.reflect.declaration.CtModule getDeclaredModule();&#10;&#10;    @spoon.support.DerivedProperty&#10;    spoon.reflect.declaration.CtPackage getDeclaredPackage();&#10;&#10;    @spoon.reflect.annotations.PropertyGetter(role = spoon.reflect.path.CtRole.PACKAGE_DECLARATION)&#10;    spoon.reflect.declaration.CtPackageDeclaration getPackageDeclaration();&#10;&#10;    @spoon.reflect.annotations.PropertyGetter(role = spoon.reflect.path.CtRole.DECLARED_TYPE_REF)&#10;    java.util.List&lt;spoon.reflect.reference.CtTypeReference&lt;?&gt;&gt; getDeclaredTypeReferences();&#10;&#10;    spoon.reflect.declaration.CtCompilationUnit setFile(java.io.File arg0);&#10;&#10;    int[] getLineSeparatorPositions();&#10;&#10;    spoon.reflect.declaration.CtCompilationUnit setLineSeparatorPositions(int[] arg0);&#10;&#10;    @spoon.reflect.annotations.PropertySetter(role = spoon.reflect.path.CtRole.DECLARED_TYPE_REF)&#10;    spoon.reflect.declaration.CtCompilationUnit setDeclaredTypeReferences(java.util.List&lt;spoon.reflect.reference.CtTypeReference&lt;?&gt;&gt; arg0);&#10;&#10;    @spoon.reflect.annotations.PropertySetter(role = spoon.reflect.path.CtRole.DECLARED_TYPE_REF)&#10;    spoon.reflect.declaration.CtCompilationUnit addDeclaredTypeReference(spoon.reflect.reference.CtTypeReference&lt;?&gt; arg0);&#10;&#10;    @spoon.reflect.annotations.PropertyGetter(role = spoon.reflect.path.CtRole.DECLARED_MODULE_REF)&#10;    spoon.reflect.reference.CtModuleReference getDeclaredModuleReference();&#10;&#10;    @spoon.support.DerivedProperty&#10;    spoon.reflect.declaration.CtCompilationUnit setDeclaredModule(spoon.reflect.declaration.CtModule arg0);&#10;&#10;    @spoon.reflect.annotations.PropertySetter(role = spoon.reflect.path.CtRole.DECLARED_MODULE_REF)&#10;    spoon.reflect.declaration.CtCompilationUnit setDeclaredModuleReference(spoon.reflect.reference.CtModuleReference arg0);&#10;&#10;    @spoon.reflect.annotations.PropertySetter(role = spoon.reflect.path.CtRole.PACKAGE_DECLARATION)&#10;    spoon.reflect.declaration.CtCompilationUnit setPackageDeclaration(spoon.reflect.declaration.CtPackageDeclaration arg0);&#10;&#10;    @spoon.support.Experimental&#10;    @spoon.reflect.annotations.PropertySetter(role = spoon.reflect.path.CtRole.DECLARED_IMPORT)&#10;    spoon.reflect.declaration.CtCompilationUnit setImports(java.util.Collection&lt;spoon.reflect.declaration.CtImport&gt; arg0);&#10;&#10;    spoon.reflect.declaration.CtCompilationUnit clone();&#10;&#10;    @spoon.support.DerivedProperty&#10;    spoon.reflect.declaration.CtElement getParent();&#10;&#10;    java.io.File getFile();&#10;&#10;    @spoon.support.UnsettableProperty&#10;    &lt;E extends spoon.reflect.declaration.CtElement&gt; E setParent(E arg0);&#10;&#10;    final enum UNIT_TYPE {&#10;&#10;        TYPE_DECLARATION,&#10;        PACKAGE_DECLARATION,&#10;        MODULE_DECLARATION,&#10;        UNKNOWN;}&#10;}]" classname="spoon.test.parent.ContractOnSettersParametrizedTest" time="0.042"/>
  <testcase name="testContract[public interface CtOperatorAssignment&lt;T, A extends T&gt; extends spoon.reflect.code.CtAssignment&lt;T, A&gt; {&#10;    @spoon.reflect.annotations.PropertyGetter(role = spoon.reflect.path.CtRole.OPERATOR_KIND)&#10;    spoon.reflect.code.BinaryOperatorKind getKind();&#10;&#10;    @spoon.reflect.annotations.PropertySetter(role = spoon.reflect.path.CtRole.OPERATOR_KIND)&#10;    &lt;C extends spoon.reflect.code.CtOperatorAssignment&lt;T, A&gt;&gt; C setKind(spoon.reflect.code.BinaryOperatorKind arg0);&#10;&#10;    spoon.reflect.code.CtOperatorAssignment&lt;T, A&gt; clone();&#10;}]" classname="spoon.test.parent.ContractOnSettersParametrizedTest" time="0.022"/>
  <testcase name="testContract[public interface CtAnnotationFieldAccess&lt;T&gt; extends spoon.reflect.code.CtTargetedExpression&lt;T, spoon.reflect.code.CtExpression&lt;?&gt;&gt; , spoon.reflect.code.CtVariableRead&lt;T&gt; {&#10;    @spoon.reflect.annotations.PropertyGetter(role = spoon.reflect.path.CtRole.VARIABLE)&#10;    spoon.reflect.reference.CtFieldReference&lt;T&gt; getVariable();&#10;&#10;    spoon.reflect.code.CtAnnotationFieldAccess&lt;T&gt; clone();&#10;}]" classname="spoon.test.parent.ContractOnSettersParametrizedTest" time="0.014"/>
  <testcase name="testContract[public interface CtAnnotationMethod&lt;T&gt; extends spoon.reflect.declaration.CtMethod&lt;T&gt; {&#10;    @spoon.reflect.annotations.PropertyGetter(role = spoon.reflect.path.CtRole.DEFAULT_EXPRESSION)&#10;    spoon.reflect.code.CtExpression&lt;T&gt; getDefaultExpression();&#10;&#10;    @spoon.support.UnsettableProperty&#10;    &lt;T1 extends spoon.reflect.declaration.CtExecutable&lt;T&gt;&gt; T1 setParameters(java.util.List&lt;spoon.reflect.declaration.CtParameter&lt;?&gt;&gt; arg0);&#10;&#10;    @spoon.support.UnsettableProperty&#10;    &lt;T1 extends spoon.reflect.declaration.CtExecutable&lt;T&gt;&gt; T1 setThrownTypes(java.util.Set&lt;spoon.reflect.reference.CtTypeReference&lt;? extends java.lang.Throwable&gt;&gt; arg0);&#10;&#10;    @spoon.support.UnsettableProperty&#10;    &lt;T extends spoon.reflect.declaration.CtFormalTypeDeclarer&gt; T setFormalCtTypeParameters(java.util.List&lt;spoon.reflect.declaration.CtTypeParameter&gt; arg0);&#10;&#10;    @spoon.support.UnsettableProperty&#10;    &lt;T1 extends spoon.reflect.code.CtBodyHolder&gt; T1 setBody(spoon.reflect.code.CtStatement arg0);&#10;&#10;    @spoon.reflect.annotations.PropertySetter(role = spoon.reflect.path.CtRole.DEFAULT_EXPRESSION)&#10;    &lt;C extends spoon.reflect.declaration.CtAnnotationMethod&lt;T&gt;&gt; C setDefaultExpression(spoon.reflect.code.CtExpression&lt;T&gt; arg0);&#10;&#10;    spoon.reflect.declaration.CtAnnotationMethod&lt;T&gt; clone();&#10;}]" classname="spoon.test.parent.ContractOnSettersParametrizedTest" time="0.015"/>
  <testcase name="testContract[public interface CtClass&lt;T&gt; extends spoon.reflect.code.CtStatement , spoon.reflect.declaration.CtType&lt;T&gt; {&#10;    boolean isAnonymous();&#10;&#10;    @spoon.support.UnsettableProperty&#10;    &lt;C extends spoon.reflect.code.CtStatement&gt; C setLabel(java.lang.String arg0);&#10;&#10;    @spoon.support.DerivedProperty&#10;    @spoon.reflect.annotations.PropertyGetter(role = spoon.reflect.path.CtRole.ANNONYMOUS_EXECUTABLE)&#10;    java.util.List&lt;spoon.reflect.declaration.CtAnonymousExecutable&gt; getAnonymousExecutables();&#10;&#10;    @spoon.reflect.annotations.PropertySetter(role = spoon.reflect.path.CtRole.CONSTRUCTOR)&#10;    &lt;C extends spoon.reflect.declaration.CtClass&lt;T&gt;&gt; C setConstructors(java.util.Set&lt;spoon.reflect.declaration.CtConstructor&lt;T&gt;&gt; arg0);&#10;&#10;    @spoon.reflect.annotations.PropertySetter(role = spoon.reflect.path.CtRole.ANNONYMOUS_EXECUTABLE)&#10;    &lt;C extends spoon.reflect.declaration.CtClass&lt;T&gt;&gt; C setAnonymousExecutables(java.util.List&lt;spoon.reflect.declaration.CtAnonymousExecutable&gt; arg0);&#10;&#10;    @spoon.reflect.annotations.PropertySetter(role = spoon.reflect.path.CtRole.ANNONYMOUS_EXECUTABLE)&#10;    &lt;C extends spoon.reflect.declaration.CtClass&lt;T&gt;&gt; C addAnonymousExecutable(spoon.reflect.declaration.CtAnonymousExecutable arg0);&#10;&#10;    @spoon.reflect.annotations.PropertySetter(role = spoon.reflect.path.CtRole.ANNONYMOUS_EXECUTABLE)&#10;    boolean removeAnonymousExecutable(spoon.reflect.declaration.CtAnonymousExecutable arg0);&#10;&#10;    @spoon.reflect.annotations.PropertySetter(role = spoon.reflect.path.CtRole.CONSTRUCTOR)&#10;    &lt;C extends spoon.reflect.declaration.CtClass&lt;T&gt;&gt; C addConstructor(spoon.reflect.declaration.CtConstructor&lt;T&gt; arg0);&#10;&#10;    @spoon.reflect.annotations.PropertySetter(role = spoon.reflect.path.CtRole.CONSTRUCTOR)&#10;    void removeConstructor(spoon.reflect.declaration.CtConstructor&lt;T&gt; arg0);&#10;&#10;    spoon.reflect.declaration.CtClass&lt;T&gt; clone();&#10;&#10;    T newInstance();&#10;&#10;    @spoon.support.DerivedProperty&#10;    @spoon.reflect.annotations.PropertyGetter(role = spoon.reflect.path.CtRole.CONSTRUCTOR)&#10;    java.util.Set&lt;spoon.reflect.declaration.CtConstructor&lt;T&gt;&gt; getConstructors();&#10;&#10;    @spoon.support.DerivedProperty&#10;    @spoon.reflect.annotations.PropertyGetter(role = spoon.reflect.path.CtRole.CONSTRUCTOR)&#10;    spoon.reflect.declaration.CtConstructor&lt;T&gt; getConstructor(spoon.reflect.reference.CtTypeReference&lt;?&gt;... arg0);&#10;}]" classname="spoon.test.parent.ContractOnSettersParametrizedTest" time="0.036"/>
  <testcase name="testContract[public interface CtBlock&lt;R&gt; extends spoon.reflect.code.CtStatement , spoon.reflect.code.CtStatementList , spoon.template.TemplateParameter&lt;R&gt; {&#10;    spoon.reflect.code.CtBlock&lt;R&gt; clone();&#10;}]" classname="spoon.test.parent.ContractOnSettersParametrizedTest" time="0.007"/>
  <testcase name="testContract[public interface CtPackage extends spoon.reflect.declaration.CtNamedElement , spoon.reflect.declaration.CtShadowable {&#10;    @spoon.reflect.annotations.PropertySetter(role = spoon.reflect.path.CtRole.CONTAINED_TYPE)&#10;    &lt;T extends spoon.reflect.declaration.CtPackage&gt; T addType(spoon.reflect.declaration.CtType&lt;?&gt; arg0);&#10;&#10;    @spoon.support.DerivedProperty&#10;    spoon.reflect.reference.CtPackageReference getReference();&#10;&#10;    java.lang.String getQualifiedName();&#10;&#10;    boolean hasPackageInfo();&#10;&#10;    @spoon.reflect.annotations.PropertyGetter(role = spoon.reflect.path.CtRole.CONTAINED_TYPE)&#10;    java.util.Set&lt;spoon.reflect.declaration.CtType&lt;?&gt;&gt; getTypes();&#10;&#10;    @spoon.reflect.annotations.PropertySetter(role = spoon.reflect.path.CtRole.SUB_PACKAGE)&#10;    &lt;T extends spoon.reflect.declaration.CtPackage&gt; T addPackage(spoon.reflect.declaration.CtPackage arg0);&#10;&#10;    boolean isUnnamedPackage();&#10;&#10;    @spoon.reflect.annotations.PropertySetter(role = spoon.reflect.path.CtRole.CONTAINED_TYPE)&#10;    void removeType(spoon.reflect.declaration.CtType&lt;?&gt; arg0);&#10;&#10;    @spoon.reflect.annotations.PropertySetter(role = spoon.reflect.path.CtRole.SUB_PACKAGE)&#10;    &lt;T extends spoon.reflect.declaration.CtPackage&gt; T setPackages(java.util.Set&lt;spoon.reflect.declaration.CtPackage&gt; arg0);&#10;&#10;    @spoon.support.DerivedProperty&#10;    spoon.reflect.declaration.CtModule getDeclaringModule();&#10;&#10;    @spoon.support.DerivedProperty&#10;    spoon.reflect.declaration.CtPackage getDeclaringPackage();&#10;&#10;    @spoon.reflect.annotations.PropertySetter(role = spoon.reflect.path.CtRole.SUB_PACKAGE)&#10;    boolean removePackage(spoon.reflect.declaration.CtPackage arg0);&#10;&#10;    @spoon.reflect.annotations.PropertySetter(role = spoon.reflect.path.CtRole.CONTAINED_TYPE)&#10;    &lt;T extends spoon.reflect.declaration.CtPackage&gt; T setTypes(java.util.Set&lt;spoon.reflect.declaration.CtType&lt;?&gt;&gt; arg0);&#10;&#10;    spoon.reflect.declaration.CtPackage clone();&#10;&#10;    boolean isEmpty();&#10;&#10;    @spoon.reflect.annotations.PropertyGetter(role = spoon.reflect.path.CtRole.SUB_PACKAGE)&#10;    spoon.reflect.declaration.CtPackage getPackage(java.lang.String arg0);&#10;&#10;    @spoon.reflect.annotations.PropertyGetter(role = spoon.reflect.path.CtRole.SUB_PACKAGE)&#10;    java.util.Set&lt;spoon.reflect.declaration.CtPackage&gt; getPackages();&#10;&#10;    @spoon.reflect.annotations.PropertyGetter(role = spoon.reflect.path.CtRole.CONTAINED_TYPE)&#10;    &lt;T extends spoon.reflect.declaration.CtType&lt;?&gt;&gt; T getType(java.lang.String arg0);&#10;&#10;    static final java.lang.String PACKAGE_SEPARATOR = &quot;.&quot;;&#10;&#10;    static final char PACKAGE_SEPARATOR_CHAR = &apos;.&apos;;&#10;&#10;    static final java.lang.String TOP_LEVEL_PACKAGE_NAME = &quot;unnamed package&quot;;&#10;}]" classname="spoon.test.parent.ContractOnSettersParametrizedTest" time="0.011"/>
  <testcase name="testContract[public interface CtTryWithResource extends spoon.reflect.code.CtTry {&#10;    @spoon.reflect.annotations.PropertySetter(role = spoon.reflect.path.CtRole.TRY_RESOURCE)&#10;    &lt;T extends spoon.reflect.code.CtTryWithResource&gt; T setResources(java.util.List&lt;spoon.reflect.code.CtLocalVariable&lt;?&gt;&gt; arg0);&#10;&#10;    @spoon.reflect.annotations.PropertySetter(role = spoon.reflect.path.CtRole.TRY_RESOURCE)&#10;    &lt;T extends spoon.reflect.code.CtTryWithResource&gt; T addResource(spoon.reflect.code.CtLocalVariable&lt;?&gt; arg0);&#10;&#10;    @spoon.reflect.annotations.PropertySetter(role = spoon.reflect.path.CtRole.TRY_RESOURCE)&#10;    boolean removeResource(spoon.reflect.code.CtLocalVariable&lt;?&gt; arg0);&#10;&#10;    spoon.reflect.code.CtTryWithResource clone();&#10;&#10;    @spoon.reflect.annotations.PropertyGetter(role = spoon.reflect.path.CtRole.TRY_RESOURCE)&#10;    java.util.List&lt;spoon.reflect.code.CtLocalVariable&lt;?&gt;&gt; getResources();&#10;}]" classname="spoon.test.parent.ContractOnSettersParametrizedTest" time="0.018"/>
  <testcase name="testContract[public interface CtAssert&lt;T&gt; extends spoon.reflect.code.CtStatement {&#10;    @spoon.reflect.annotations.PropertyGetter(role = spoon.reflect.path.CtRole.EXPRESSION)&#10;    spoon.reflect.code.CtExpression&lt;T&gt; getExpression();&#10;&#10;    @spoon.reflect.annotations.PropertySetter(role = spoon.reflect.path.CtRole.EXPRESSION)&#10;    &lt;A extends spoon.reflect.code.CtAssert&lt;T&gt;&gt; A setExpression(spoon.reflect.code.CtExpression&lt;T&gt; arg0);&#10;&#10;    @spoon.reflect.annotations.PropertyGetter(role = spoon.reflect.path.CtRole.CONDITION)&#10;    spoon.reflect.code.CtExpression&lt;java.lang.Boolean&gt; getAssertExpression();&#10;&#10;    @spoon.reflect.annotations.PropertySetter(role = spoon.reflect.path.CtRole.CONDITION)&#10;    &lt;A extends spoon.reflect.code.CtAssert&lt;T&gt;&gt; A setAssertExpression(spoon.reflect.code.CtExpression&lt;java.lang.Boolean&gt; arg0);&#10;&#10;    spoon.reflect.code.CtAssert&lt;T&gt; clone();&#10;}]" classname="spoon.test.parent.ContractOnSettersParametrizedTest" time="0.006"/>
  <testcase name="testContract[public interface CtSwitch&lt;S&gt; extends spoon.reflect.code.CtStatement {&#10;    @spoon.reflect.annotations.PropertyGetter(role = spoon.reflect.path.CtRole.CASE)&#10;    java.util.List&lt;spoon.reflect.code.CtCase&lt;? super S&gt;&gt; getCases();&#10;&#10;    @spoon.reflect.annotations.PropertyGetter(role = spoon.reflect.path.CtRole.EXPRESSION)&#10;    spoon.reflect.code.CtExpression&lt;S&gt; getSelector();&#10;&#10;    @spoon.reflect.annotations.PropertySetter(role = spoon.reflect.path.CtRole.CASE)&#10;    &lt;T extends spoon.reflect.code.CtSwitch&lt;S&gt;&gt; T addCase(spoon.reflect.code.CtCase&lt;? super S&gt; arg0);&#10;&#10;    @spoon.reflect.annotations.PropertySetter(role = spoon.reflect.path.CtRole.EXPRESSION)&#10;    &lt;T extends spoon.reflect.code.CtSwitch&lt;S&gt;&gt; T setSelector(spoon.reflect.code.CtExpression&lt;S&gt; arg0);&#10;&#10;    @spoon.reflect.annotations.PropertySetter(role = spoon.reflect.path.CtRole.CASE)&#10;    boolean removeCase(spoon.reflect.code.CtCase&lt;? super S&gt; arg0);&#10;&#10;    @spoon.reflect.annotations.PropertySetter(role = spoon.reflect.path.CtRole.CASE)&#10;    &lt;T extends spoon.reflect.code.CtSwitch&lt;S&gt;&gt; T setCases(java.util.List&lt;spoon.reflect.code.CtCase&lt;? super S&gt;&gt; arg0);&#10;&#10;    spoon.reflect.code.CtSwitch&lt;S&gt; clone();&#10;}]" classname="spoon.test.parent.ContractOnSettersParametrizedTest" time="0.01"/>
  <testcase name="testContract[public interface CtTry extends spoon.reflect.code.CtBodyHolder , spoon.reflect.code.CtStatement , spoon.template.TemplateParameter&lt;java.lang.Void&gt; {&#10;    @spoon.reflect.annotations.PropertyGetter(role = spoon.reflect.path.CtRole.BODY)&#10;    spoon.reflect.code.CtBlock&lt;?&gt; getBody();&#10;&#10;    @spoon.reflect.annotations.PropertyGetter(role = spoon.reflect.path.CtRole.CATCH)&#10;    java.util.List&lt;spoon.reflect.code.CtCatch&gt; getCatchers();&#10;&#10;    @spoon.reflect.annotations.PropertySetter(role = spoon.reflect.path.CtRole.CATCH)&#10;    &lt;T extends spoon.reflect.code.CtTry&gt; T setCatchers(java.util.List&lt;spoon.reflect.code.CtCatch&gt; arg0);&#10;&#10;    @spoon.reflect.annotations.PropertySetter(role = spoon.reflect.path.CtRole.CATCH)&#10;    &lt;T extends spoon.reflect.code.CtTry&gt; T addCatcher(spoon.reflect.code.CtCatch arg0);&#10;&#10;    @spoon.reflect.annotations.PropertySetter(role = spoon.reflect.path.CtRole.CATCH)&#10;    boolean removeCatcher(spoon.reflect.code.CtCatch arg0);&#10;&#10;    @spoon.reflect.annotations.PropertySetter(role = spoon.reflect.path.CtRole.FINALIZER)&#10;    &lt;T extends spoon.reflect.code.CtTry&gt; T setFinalizer(spoon.reflect.code.CtBlock&lt;?&gt; arg0);&#10;&#10;    spoon.reflect.code.CtTry clone();&#10;&#10;    @spoon.reflect.annotations.PropertyGetter(role = spoon.reflect.path.CtRole.FINALIZER)&#10;    spoon.reflect.code.CtBlock&lt;?&gt; getFinalizer();&#10;}]" classname="spoon.test.parent.ContractOnSettersParametrizedTest" time="0.008"/>
  <testcase name="testContract[public interface CtSynchronized extends spoon.reflect.code.CtStatement {&#10;    @spoon.reflect.annotations.PropertyGetter(role = spoon.reflect.path.CtRole.EXPRESSION)&#10;    spoon.reflect.code.CtExpression&lt;?&gt; getExpression();&#10;&#10;    @spoon.reflect.annotations.PropertySetter(role = spoon.reflect.path.CtRole.EXPRESSION)&#10;    &lt;T extends spoon.reflect.code.CtSynchronized&gt; T setExpression(spoon.reflect.code.CtExpression&lt;?&gt; arg0);&#10;&#10;    @spoon.reflect.annotations.PropertyGetter(role = spoon.reflect.path.CtRole.BODY)&#10;    spoon.reflect.code.CtBlock&lt;?&gt; getBlock();&#10;&#10;    @spoon.reflect.annotations.PropertySetter(role = spoon.reflect.path.CtRole.BODY)&#10;    &lt;T extends spoon.reflect.code.CtSynchronized&gt; T setBlock(spoon.reflect.code.CtBlock&lt;?&gt; arg0);&#10;&#10;    spoon.reflect.code.CtSynchronized clone();&#10;}]" classname="spoon.test.parent.ContractOnSettersParametrizedTest" time="0.007"/>
  <testcase name="testContract[public interface CtImport extends spoon.reflect.declaration.CtElement {&#10;    @spoon.reflect.annotations.PropertyGetter(role = spoon.reflect.path.CtRole.IMPORT_REFERENCE)&#10;    spoon.reflect.reference.CtReference getReference();&#10;&#10;    @spoon.support.DerivedProperty&#10;    spoon.reflect.declaration.CtImportKind getImportKind();&#10;&#10;    @spoon.reflect.annotations.PropertySetter(role = spoon.reflect.path.CtRole.IMPORT_REFERENCE)&#10;    &lt;T extends spoon.reflect.declaration.CtImport&gt; T setReference(spoon.reflect.reference.CtReference arg0);&#10;&#10;    spoon.reflect.declaration.CtImport clone();&#10;&#10;    void accept(spoon.reflect.visitor.CtImportVisitor arg0);&#10;}]" classname="spoon.test.parent.ContractOnSettersParametrizedTest" time="0.005"/>
  <testcase name="testContract[public interface CtInvocation&lt;T&gt; extends spoon.reflect.code.CtAbstractInvocation&lt;T&gt; , spoon.reflect.code.CtStatement , spoon.reflect.code.CtTargetedExpression&lt;T, spoon.reflect.code.CtExpression&lt;?&gt;&gt; , spoon.reflect.reference.CtActualTypeContainer {&#10;    @spoon.reflect.annotations.PropertySetter(role = spoon.reflect.path.CtRole.TYPE_ARGUMENT)&#10;    &lt;T extends spoon.reflect.reference.CtActualTypeContainer&gt; T setActualTypeArguments(java.util.List&lt;? extends spoon.reflect.reference.CtTypeReference&lt;?&gt;&gt; arg0);&#10;&#10;    @spoon.reflect.annotations.PropertySetter(role = spoon.reflect.path.CtRole.TYPE_ARGUMENT)&#10;    &lt;T extends spoon.reflect.reference.CtActualTypeContainer&gt; T addActualTypeArgument(spoon.reflect.reference.CtTypeReference&lt;?&gt; arg0);&#10;&#10;    spoon.reflect.code.CtInvocation&lt;T&gt; clone();&#10;&#10;    @spoon.support.DerivedProperty&#10;    @spoon.reflect.annotations.PropertyGetter(role = spoon.reflect.path.CtRole.TYPE)&#10;    spoon.reflect.reference.CtTypeReference&lt;T&gt; getType();&#10;&#10;    @spoon.support.DerivedProperty&#10;    @spoon.reflect.annotations.PropertyGetter(role = spoon.reflect.path.CtRole.TYPE_ARGUMENT)&#10;    java.util.List&lt;spoon.reflect.reference.CtTypeReference&lt;?&gt;&gt; getActualTypeArguments();&#10;}]" classname="spoon.test.parent.ContractOnSettersParametrizedTest" time="0.035"/>
  <testcase name="testContract[public interface CtCodeSnippetExpression&lt;T&gt; extends spoon.reflect.code.CtExpression&lt;T&gt; , spoon.reflect.declaration.CtCodeSnippet {&#10;    spoon.reflect.code.CtCodeSnippetExpression&lt;T&gt; clone();&#10;&#10;    &lt;E extends spoon.reflect.code.CtExpression&lt;T&gt;&gt; E compile() throws spoon.support.compiler.SnippetCompilationError;&#10;}]" classname="spoon.test.parent.ContractOnSettersParametrizedTest" time="0.017"/>
  <testcase name="testContract[public interface CtFieldWrite&lt;T&gt; extends spoon.reflect.code.CtFieldAccess&lt;T&gt; , spoon.reflect.code.CtVariableWrite&lt;T&gt; {&#10;    spoon.reflect.code.CtFieldWrite&lt;T&gt; clone();&#10;}]" classname="spoon.test.parent.ContractOnSettersParametrizedTest" time="0.026"/>
  <testcase name="testContract[public interface CtUnaryOperator&lt;T&gt; extends spoon.reflect.code.CtExpression&lt;T&gt; , spoon.reflect.code.CtStatement {&#10;    @spoon.reflect.annotations.PropertyGetter(role = spoon.reflect.path.CtRole.OPERATOR_KIND)&#10;    spoon.reflect.code.UnaryOperatorKind getKind();&#10;&#10;    @spoon.reflect.annotations.PropertySetter(role = spoon.reflect.path.CtRole.OPERATOR_KIND)&#10;    &lt;C extends spoon.reflect.code.CtUnaryOperator&gt; C setKind(spoon.reflect.code.UnaryOperatorKind arg0);&#10;&#10;    @spoon.reflect.annotations.PropertyGetter(role = spoon.reflect.path.CtRole.EXPRESSION)&#10;    spoon.reflect.code.CtExpression&lt;T&gt; getOperand();&#10;&#10;    @spoon.reflect.annotations.PropertySetter(role = spoon.reflect.path.CtRole.EXPRESSION)&#10;    &lt;C extends spoon.reflect.code.CtUnaryOperator&gt; C setOperand(spoon.reflect.code.CtExpression&lt;T&gt; arg0);&#10;&#10;    spoon.reflect.code.CtUnaryOperator&lt;T&gt; clone();&#10;}]" classname="spoon.test.parent.ContractOnSettersParametrizedTest" time="0.015"/>
  <testcase name="testContract[public interface CtFor extends spoon.reflect.code.CtLoop {&#10;    @spoon.reflect.annotations.PropertyGetter(role = spoon.reflect.path.CtRole.EXPRESSION)&#10;    spoon.reflect.code.CtExpression&lt;java.lang.Boolean&gt; getExpression();&#10;&#10;    @spoon.reflect.annotations.PropertyGetter(role = spoon.reflect.path.CtRole.FOR_INIT)&#10;    java.util.List&lt;spoon.reflect.code.CtStatement&gt; getForInit();&#10;&#10;    @spoon.reflect.annotations.PropertySetter(role = spoon.reflect.path.CtRole.EXPRESSION)&#10;    &lt;T extends spoon.reflect.code.CtFor&gt; T setExpression(spoon.reflect.code.CtExpression&lt;java.lang.Boolean&gt; arg0);&#10;&#10;    @spoon.reflect.annotations.PropertyGetter(role = spoon.reflect.path.CtRole.FOR_UPDATE)&#10;    java.util.List&lt;spoon.reflect.code.CtStatement&gt; getForUpdate();&#10;&#10;    @spoon.reflect.annotations.PropertySetter(role = spoon.reflect.path.CtRole.FOR_INIT)&#10;    &lt;T extends spoon.reflect.code.CtFor&gt; T addForInit(spoon.reflect.code.CtStatement arg0);&#10;&#10;    @spoon.reflect.annotations.PropertySetter(role = spoon.reflect.path.CtRole.FOR_INIT)&#10;    &lt;T extends spoon.reflect.code.CtFor&gt; T setForInit(java.util.List&lt;spoon.reflect.code.CtStatement&gt; arg0);&#10;&#10;    @spoon.reflect.annotations.PropertySetter(role = spoon.reflect.path.CtRole.FOR_INIT)&#10;    boolean removeForInit(spoon.reflect.code.CtStatement arg0);&#10;&#10;    @spoon.reflect.annotations.PropertySetter(role = spoon.reflect.path.CtRole.FOR_UPDATE)&#10;    &lt;T extends spoon.reflect.code.CtFor&gt; T addForUpdate(spoon.reflect.code.CtStatement arg0);&#10;&#10;    @spoon.reflect.annotations.PropertySetter(role = spoon.reflect.path.CtRole.FOR_UPDATE)&#10;    &lt;T extends spoon.reflect.code.CtFor&gt; T setForUpdate(java.util.List&lt;spoon.reflect.code.CtStatement&gt; arg0);&#10;&#10;    @spoon.reflect.annotations.PropertySetter(role = spoon.reflect.path.CtRole.FOR_UPDATE)&#10;    boolean removeForUpdate(spoon.reflect.code.CtStatement arg0);&#10;&#10;    spoon.reflect.code.CtFor clone();&#10;}]" classname="spoon.test.parent.ContractOnSettersParametrizedTest" time="0.02"/>
  <testcase name="testContract[public interface CtVariableRead&lt;T&gt; extends spoon.reflect.code.CtVariableAccess&lt;T&gt; {&#10;    spoon.reflect.code.CtVariableRead&lt;T&gt; clone();&#10;}]" classname="spoon.test.parent.ContractOnSettersParametrizedTest" time="0.016"/>
  <testcase name="testContract[public interface CtTypeParameter extends spoon.reflect.declaration.CtType&lt;java.lang.Object&gt; {&#10;    @spoon.support.UnsettableProperty&#10;    &lt;M, C extends spoon.reflect.declaration.CtType&lt;java.lang.Object&gt;&gt; C addMethod(spoon.reflect.declaration.CtMethod&lt;M&gt; arg0);&#10;&#10;    @spoon.support.DerivedProperty&#10;    spoon.reflect.declaration.CtFormalTypeDeclarer getTypeParameterDeclarer();&#10;&#10;    @spoon.support.DerivedProperty&#10;    spoon.reflect.reference.CtTypeParameterReference getReference();&#10;&#10;    @spoon.support.UnsettableProperty&#10;    &lt;F, C extends spoon.reflect.declaration.CtType&lt;java.lang.Object&gt;&gt; C addFieldAtTop(spoon.reflect.declaration.CtField&lt;F&gt; arg0);&#10;&#10;    @spoon.support.UnsettableProperty&#10;    &lt;C extends spoon.reflect.declaration.CtType&lt;java.lang.Object&gt;&gt; C setFields(java.util.List&lt;spoon.reflect.declaration.CtField&lt;?&gt;&gt; arg0);&#10;&#10;    @spoon.support.UnsettableProperty&#10;    &lt;N, C extends spoon.reflect.declaration.CtType&lt;java.lang.Object&gt;&gt; C addNestedType(spoon.reflect.declaration.CtType&lt;N&gt; arg0);&#10;&#10;    @spoon.support.UnsettableProperty&#10;    &lt;C extends spoon.reflect.declaration.CtType&lt;java.lang.Object&gt;&gt; C setNestedTypes(java.util.Set&lt;spoon.reflect.declaration.CtType&lt;?&gt;&gt; arg0);&#10;&#10;    @spoon.support.UnsettableProperty&#10;    &lt;C extends spoon.reflect.declaration.CtType&lt;java.lang.Object&gt;&gt; C setMethods(java.util.Set&lt;spoon.reflect.declaration.CtMethod&lt;?&gt;&gt; arg0);&#10;&#10;    @spoon.support.UnsettableProperty&#10;    &lt;C extends spoon.reflect.declaration.CtType&lt;java.lang.Object&gt;&gt; C setSuperInterfaces(java.util.Set&lt;spoon.reflect.reference.CtTypeReference&lt;?&gt;&gt; arg0);&#10;&#10;    @spoon.support.UnsettableProperty&#10;    &lt;S, C extends spoon.reflect.declaration.CtType&lt;java.lang.Object&gt;&gt; C addSuperInterface(spoon.reflect.reference.CtTypeReference&lt;S&gt; arg0);&#10;&#10;    @spoon.support.UnsettableProperty&#10;    &lt;C extends spoon.reflect.declaration.CtType&lt;java.lang.Object&gt;&gt; C setTypeMembers(java.util.List&lt;spoon.reflect.declaration.CtTypeMember&gt; arg0);&#10;&#10;    @spoon.support.UnsettableProperty&#10;    &lt;T extends spoon.reflect.declaration.CtModifiable&gt; T setModifiers(java.util.Set&lt;spoon.reflect.declaration.ModifierKind&gt; arg0);&#10;&#10;    @spoon.support.UnsettableProperty&#10;    &lt;T extends spoon.reflect.declaration.CtFormalTypeDeclarer&gt; T setFormalCtTypeParameters(java.util.List&lt;spoon.reflect.declaration.CtTypeParameter&gt; arg0);&#10;&#10;    spoon.reflect.declaration.CtTypeParameter clone();&#10;}]" classname="spoon.test.parent.ContractOnSettersParametrizedTest" time="0.022"/>
  <testcase name="testContract[public interface CtLocalVariable&lt;T&gt; extends spoon.reflect.code.CtRHSReceiver&lt;T&gt; , spoon.reflect.code.CtStatement , spoon.reflect.declaration.CtVariable&lt;T&gt; {&#10;    @spoon.support.DerivedProperty&#10;    spoon.reflect.reference.CtLocalVariableReference&lt;T&gt; getReference();&#10;&#10;    @spoon.support.UnsettableProperty&#10;    &lt;U extends spoon.reflect.code.CtRHSReceiver&lt;T&gt;&gt; U setAssignment(spoon.reflect.code.CtExpression&lt;T&gt; arg0);&#10;&#10;    @spoon.support.DerivedProperty&#10;    spoon.reflect.code.CtExpression&lt;T&gt; getAssignment();&#10;&#10;    @spoon.reflect.annotations.PropertyGetter(role = spoon.reflect.path.CtRole.IS_INFERRED)&#10;    boolean isInferred();&#10;&#10;    @spoon.reflect.annotations.PropertySetter(role = spoon.reflect.path.CtRole.IS_INFERRED)&#10;    &lt;U extends spoon.reflect.code.CtLocalVariable&lt;T&gt;&gt; U setInferred(boolean arg0);&#10;&#10;    spoon.reflect.code.CtLocalVariable&lt;T&gt; clone();&#10;}]" classname="spoon.test.parent.ContractOnSettersParametrizedTest" time="0.016"/>
  <testcase name="testContract[public interface CtIf extends spoon.reflect.code.CtStatement , spoon.template.TemplateParameter&lt;java.lang.Void&gt; {&#10;    @spoon.reflect.annotations.PropertyGetter(role = spoon.reflect.path.CtRole.CONDITION)&#10;    spoon.reflect.code.CtExpression&lt;java.lang.Boolean&gt; getCondition();&#10;&#10;    @spoon.reflect.annotations.PropertyGetter(role = spoon.reflect.path.CtRole.THEN)&#10;    &lt;S extends spoon.reflect.code.CtStatement&gt; S getThenStatement();&#10;&#10;    @spoon.reflect.annotations.PropertyGetter(role = spoon.reflect.path.CtRole.ELSE)&#10;    &lt;S extends spoon.reflect.code.CtStatement&gt; S getElseStatement();&#10;&#10;    @spoon.reflect.annotations.PropertySetter(role = spoon.reflect.path.CtRole.THEN)&#10;    &lt;T extends spoon.reflect.code.CtIf&gt; T setThenStatement(spoon.reflect.code.CtStatement arg0);&#10;&#10;    @spoon.reflect.annotations.PropertySetter(role = spoon.reflect.path.CtRole.ELSE)&#10;    &lt;T extends spoon.reflect.code.CtIf&gt; T setElseStatement(spoon.reflect.code.CtStatement arg0);&#10;&#10;    @spoon.reflect.annotations.PropertySetter(role = spoon.reflect.path.CtRole.CONDITION)&#10;    &lt;T extends spoon.reflect.code.CtIf&gt; T setCondition(spoon.reflect.code.CtExpression&lt;java.lang.Boolean&gt; arg0);&#10;&#10;    spoon.reflect.code.CtIf clone();&#10;}]" classname="spoon.test.parent.ContractOnSettersParametrizedTest" time="0.011"/>
  <testcase name="testContract[public interface CtModule extends spoon.reflect.declaration.CtNamedElement {&#10;    @spoon.reflect.annotations.PropertyGetter(role = spoon.reflect.path.CtRole.SUB_PACKAGE)&#10;    spoon.reflect.declaration.CtPackage getRootPackage();&#10;&#10;    @spoon.support.DerivedProperty&#10;    spoon.reflect.reference.CtModuleReference getReference();&#10;&#10;    @spoon.reflect.annotations.PropertySetter(role = spoon.reflect.path.CtRole.EXPORTED_PACKAGE)&#10;    @spoon.support.DerivedProperty&#10;    &lt;T extends spoon.reflect.declaration.CtModule&gt; T setExportedPackages(java.util.List&lt;spoon.reflect.declaration.CtPackageExport&gt; arg0);&#10;&#10;    @spoon.reflect.annotations.PropertyGetter(role = spoon.reflect.path.CtRole.MODULE_DIRECTIVE)&#10;    java.util.List&lt;spoon.reflect.declaration.CtModuleDirective&gt; getModuleDirectives();&#10;&#10;    @spoon.reflect.annotations.PropertyGetter(role = spoon.reflect.path.CtRole.REQUIRED_MODULE)&#10;    @spoon.support.DerivedProperty&#10;    java.util.List&lt;spoon.reflect.declaration.CtModuleRequirement&gt; getRequiredModules();&#10;&#10;    @spoon.reflect.annotations.PropertyGetter(role = spoon.reflect.path.CtRole.EXPORTED_PACKAGE)&#10;    @spoon.support.DerivedProperty&#10;    java.util.List&lt;spoon.reflect.declaration.CtPackageExport&gt; getExportedPackages();&#10;&#10;    @spoon.reflect.annotations.PropertyGetter(role = spoon.reflect.path.CtRole.OPENED_PACKAGE)&#10;    @spoon.support.DerivedProperty&#10;    java.util.List&lt;spoon.reflect.declaration.CtPackageExport&gt; getOpenedPackages();&#10;&#10;    @spoon.reflect.annotations.PropertyGetter(role = spoon.reflect.path.CtRole.SERVICE_TYPE)&#10;    @spoon.support.DerivedProperty&#10;    java.util.List&lt;spoon.reflect.declaration.CtUsedService&gt; getUsedServices();&#10;&#10;    @spoon.reflect.annotations.PropertyGetter(role = spoon.reflect.path.CtRole.PROVIDED_SERVICE)&#10;    @spoon.support.DerivedProperty&#10;    java.util.List&lt;spoon.reflect.declaration.CtProvidedService&gt; getProvidedServices();&#10;&#10;    @spoon.reflect.annotations.PropertyGetter(role = spoon.reflect.path.CtRole.MODIFIER)&#10;    boolean isOpenModule();&#10;&#10;    @spoon.reflect.annotations.PropertySetter(role = spoon.reflect.path.CtRole.EXPORTED_PACKAGE)&#10;    @spoon.support.DerivedProperty&#10;    &lt;T extends spoon.reflect.declaration.CtModule&gt; T addExportedPackage(spoon.reflect.declaration.CtPackageExport arg0);&#10;&#10;    @spoon.reflect.annotations.PropertySetter(role = spoon.reflect.path.CtRole.OPENED_PACKAGE)&#10;    @spoon.support.DerivedProperty&#10;    &lt;T extends spoon.reflect.declaration.CtModule&gt; T setOpenedPackages(java.util.List&lt;spoon.reflect.declaration.CtPackageExport&gt; arg0);&#10;&#10;    @spoon.reflect.annotations.PropertySetter(role = spoon.reflect.path.CtRole.SUB_PACKAGE)&#10;    &lt;T extends spoon.reflect.declaration.CtModule&gt; T setRootPackage(spoon.reflect.declaration.CtPackage arg0);&#10;&#10;    @spoon.reflect.annotations.PropertySetter(role = spoon.reflect.path.CtRole.MODULE_DIRECTIVE)&#10;    &lt;T extends spoon.reflect.declaration.CtModule&gt; T setModuleDirectives(java.util.List&lt;spoon.reflect.declaration.CtModuleDirective&gt; arg0);&#10;&#10;    @spoon.reflect.annotations.PropertySetter(role = spoon.reflect.path.CtRole.EXPORTED_PACKAGE)&#10;    @spoon.support.DerivedProperty&#10;    &lt;T extends spoon.reflect.declaration.CtModule&gt; T removeExportedPackage(spoon.reflect.declaration.CtPackageExport arg0);&#10;&#10;    @spoon.support.DerivedProperty&#10;    boolean isUnnamedModule();&#10;&#10;    @spoon.reflect.annotations.PropertySetter(role = spoon.reflect.path.CtRole.MODIFIER)&#10;    &lt;T extends spoon.reflect.declaration.CtModule&gt; T setIsOpenModule(boolean arg0);&#10;&#10;    @spoon.reflect.annotations.PropertySetter(role = spoon.reflect.path.CtRole.MODULE_DIRECTIVE)&#10;    &lt;T extends spoon.reflect.declaration.CtModule&gt; T addModuleDirective(spoon.reflect.declaration.CtModuleDirective arg0);&#10;&#10;    @spoon.reflect.annotations.PropertySetter(role = spoon.reflect.path.CtRole.MODULE_DIRECTIVE)&#10;    &lt;T extends spoon.reflect.declaration.CtModule&gt; T addModuleDirectiveAt(int arg0, spoon.reflect.declaration.CtModuleDirective arg1);&#10;&#10;    @spoon.reflect.annotations.PropertySetter(role = spoon.reflect.path.CtRole.MODULE_DIRECTIVE)&#10;    &lt;T extends spoon.reflect.declaration.CtModule&gt; T removeModuleDirective(spoon.reflect.declaration.CtModuleDirective arg0);&#10;&#10;    @spoon.reflect.annotations.PropertySetter(role = spoon.reflect.path.CtRole.SERVICE_TYPE)&#10;    @spoon.support.DerivedProperty&#10;    &lt;T extends spoon.reflect.declaration.CtModule&gt; T setUsedServices(java.util.List&lt;spoon.reflect.declaration.CtUsedService&gt; arg0);&#10;&#10;    @spoon.reflect.annotations.PropertySetter(role = spoon.reflect.path.CtRole.SERVICE_TYPE)&#10;    @spoon.support.DerivedProperty&#10;    &lt;T extends spoon.reflect.declaration.CtModule&gt; T addUsedService(spoon.reflect.declaration.CtUsedService arg0);&#10;&#10;    @spoon.reflect.annotations.PropertySetter(role = spoon.reflect.path.CtRole.SERVICE_TYPE)&#10;    @spoon.support.DerivedProperty&#10;    &lt;T extends spoon.reflect.declaration.CtModule&gt; T removeUsedService(spoon.reflect.declaration.CtUsedService arg0);&#10;&#10;    @spoon.reflect.annotations.PropertySetter(role = spoon.reflect.path.CtRole.OPENED_PACKAGE)&#10;    @spoon.support.DerivedProperty&#10;    &lt;T extends spoon.reflect.declaration.CtModule&gt; T addOpenedPackage(spoon.reflect.declaration.CtPackageExport arg0);&#10;&#10;    @spoon.reflect.annotations.PropertySetter(role = spoon.reflect.path.CtRole.OPENED_PACKAGE)&#10;    @spoon.support.DerivedProperty&#10;    &lt;T extends spoon.reflect.declaration.CtModule&gt; T removeOpenedPackage(spoon.reflect.declaration.CtPackageExport arg0);&#10;&#10;    @spoon.reflect.annotations.PropertySetter(role = spoon.reflect.path.CtRole.REQUIRED_MODULE)&#10;    @spoon.support.DerivedProperty&#10;    &lt;T extends spoon.reflect.declaration.CtModule&gt; T setRequiredModules(java.util.List&lt;spoon.reflect.declaration.CtModuleRequirement&gt; arg0);&#10;&#10;    @spoon.reflect.annotations.PropertySetter(role = spoon.reflect.path.CtRole.REQUIRED_MODULE)&#10;    @spoon.support.DerivedProperty&#10;    &lt;T extends spoon.reflect.declaration.CtModule&gt; T addRequiredModule(spoon.reflect.declaration.CtModuleRequirement arg0);&#10;&#10;    @spoon.reflect.annotations.PropertySetter(role = spoon.reflect.path.CtRole.REQUIRED_MODULE)&#10;    @spoon.support.DerivedProperty&#10;    &lt;T extends spoon.reflect.declaration.CtModule&gt; T removeRequiredModule(spoon.reflect.declaration.CtModuleRequirement arg0);&#10;&#10;    @spoon.reflect.annotations.PropertySetter(role = spoon.reflect.path.CtRole.PROVIDED_SERVICE)&#10;    @spoon.support.DerivedProperty&#10;    &lt;T extends spoon.reflect.declaration.CtModule&gt; T setProvidedServices(java.util.List&lt;spoon.reflect.declaration.CtProvidedService&gt; arg0);&#10;&#10;    @spoon.reflect.annotations.PropertySetter(role = spoon.reflect.path.CtRole.PROVIDED_SERVICE)&#10;    @spoon.support.DerivedProperty&#10;    &lt;T extends spoon.reflect.declaration.CtModule&gt; T addProvidedService(spoon.reflect.declaration.CtProvidedService arg0);&#10;&#10;    @spoon.reflect.annotations.PropertySetter(role = spoon.reflect.path.CtRole.PROVIDED_SERVICE)&#10;    @spoon.support.DerivedProperty&#10;    &lt;T extends spoon.reflect.declaration.CtModule&gt; T removeProvidedService(spoon.reflect.declaration.CtProvidedService arg0);&#10;&#10;    spoon.reflect.declaration.CtModule clone();&#10;&#10;    static final java.lang.String TOP_LEVEL_MODULE_NAME = &quot;unnamed module&quot;;&#10;}]" classname="spoon.test.parent.ContractOnSettersParametrizedTest" time="0.038"/>
  <testcase name="testContract[public interface CtPackageExport extends spoon.reflect.declaration.CtModuleDirective {&#10;    @spoon.reflect.annotations.PropertyGetter(role = spoon.reflect.path.CtRole.OPENED_PACKAGE)&#10;    boolean isOpenedPackage();&#10;&#10;    @spoon.reflect.annotations.PropertyGetter(role = spoon.reflect.path.CtRole.PACKAGE_REF)&#10;    spoon.reflect.reference.CtPackageReference getPackageReference();&#10;&#10;    @spoon.reflect.annotations.PropertyGetter(role = spoon.reflect.path.CtRole.MODULE_REF)&#10;    java.util.List&lt;spoon.reflect.reference.CtModuleReference&gt; getTargetExport();&#10;&#10;    @spoon.reflect.annotations.PropertySetter(role = spoon.reflect.path.CtRole.PACKAGE_REF)&#10;    &lt;T extends spoon.reflect.declaration.CtPackageExport&gt; T setPackageReference(spoon.reflect.reference.CtPackageReference arg0);&#10;&#10;    @spoon.reflect.annotations.PropertySetter(role = spoon.reflect.path.CtRole.MODULE_REF)&#10;    &lt;T extends spoon.reflect.declaration.CtPackageExport&gt; T setTargetExport(java.util.List&lt;spoon.reflect.reference.CtModuleReference&gt; arg0);&#10;&#10;    @spoon.reflect.annotations.PropertySetter(role = spoon.reflect.path.CtRole.MODULE_REF)&#10;    &lt;T extends spoon.reflect.declaration.CtPackageExport&gt; T addTargetExport(spoon.reflect.reference.CtModuleReference arg0);&#10;&#10;    @spoon.reflect.annotations.PropertySetter(role = spoon.reflect.path.CtRole.OPENED_PACKAGE)&#10;    &lt;T extends spoon.reflect.declaration.CtPackageExport&gt; T setOpenedPackage(boolean arg0);&#10;&#10;    spoon.reflect.declaration.CtPackageExport clone();&#10;}]" classname="spoon.test.parent.ContractOnSettersParametrizedTest" time="0.02"/>
  <testcase name="testContract[public interface CtConstructorCall&lt;T&gt; extends spoon.reflect.code.CtAbstractInvocation&lt;T&gt; , spoon.reflect.code.CtStatement , spoon.reflect.code.CtTargetedExpression&lt;T, spoon.reflect.code.CtExpression&lt;?&gt;&gt; , spoon.reflect.reference.CtActualTypeContainer {&#10;    @spoon.reflect.annotations.PropertySetter(role = spoon.reflect.path.CtRole.TYPE_ARGUMENT)&#10;    &lt;T extends spoon.reflect.reference.CtActualTypeContainer&gt; T setActualTypeArguments(java.util.List&lt;? extends spoon.reflect.reference.CtTypeReference&lt;?&gt;&gt; arg0);&#10;&#10;    @spoon.reflect.annotations.PropertySetter(role = spoon.reflect.path.CtRole.TYPE_ARGUMENT)&#10;    &lt;T extends spoon.reflect.reference.CtActualTypeContainer&gt; T addActualTypeArgument(spoon.reflect.reference.CtTypeReference&lt;?&gt; arg0);&#10;&#10;    spoon.reflect.code.CtConstructorCall&lt;T&gt; clone();&#10;&#10;    @spoon.support.DerivedProperty&#10;    @spoon.reflect.annotations.PropertyGetter(role = spoon.reflect.path.CtRole.TYPE)&#10;    spoon.reflect.reference.CtTypeReference&lt;T&gt; getType();&#10;&#10;    @spoon.support.DerivedProperty&#10;    @spoon.reflect.annotations.PropertyGetter(role = spoon.reflect.path.CtRole.TYPE_ARGUMENT)&#10;    java.util.List&lt;spoon.reflect.reference.CtTypeReference&lt;?&gt;&gt; getActualTypeArguments();&#10;}]" classname="spoon.test.parent.ContractOnSettersParametrizedTest" time="0.036"/>
  <testcase name="testContract[public interface CtCase&lt;S&gt; extends spoon.reflect.code.CtStatement , spoon.reflect.code.CtStatementList {&#10;    @spoon.reflect.annotations.PropertySetter(role = spoon.reflect.path.CtRole.EXPRESSION)&#10;    &lt;T extends spoon.reflect.code.CtCase&lt;S&gt;&gt; T setCaseExpression(spoon.reflect.code.CtExpression&lt;S&gt; arg0);&#10;&#10;    @spoon.reflect.annotations.PropertyGetter(role = spoon.reflect.path.CtRole.EXPRESSION)&#10;    spoon.reflect.code.CtExpression&lt;S&gt; getCaseExpression();&#10;&#10;    spoon.reflect.code.CtCase&lt;S&gt; clone();&#10;}]" classname="spoon.test.parent.ContractOnSettersParametrizedTest" time="0.013"/>
  <testcase name="testContract[public interface CtCatch extends spoon.reflect.code.CtBodyHolder , spoon.reflect.code.CtCodeElement {&#10;    @spoon.reflect.annotations.PropertyGetter(role = spoon.reflect.path.CtRole.BODY)&#10;    spoon.reflect.code.CtBlock&lt;?&gt; getBody();&#10;&#10;    @spoon.reflect.annotations.PropertyGetter(role = spoon.reflect.path.CtRole.PARAMETER)&#10;    spoon.reflect.code.CtCatchVariable&lt;? extends java.lang.Throwable&gt; getParameter();&#10;&#10;    @spoon.reflect.annotations.PropertySetter(role = spoon.reflect.path.CtRole.PARAMETER)&#10;    &lt;T extends spoon.reflect.code.CtCatch&gt; T setParameter(spoon.reflect.code.CtCatchVariable&lt;? extends java.lang.Throwable&gt; arg0);&#10;&#10;    spoon.reflect.code.CtCatch clone();&#10;}]" classname="spoon.test.parent.ContractOnSettersParametrizedTest" time="0.012"/>
  <testcase name="testContract[public interface CtMethod&lt;T&gt; extends spoon.reflect.declaration.CtExecutable&lt;T&gt; , spoon.reflect.declaration.CtFormalTypeDeclarer , spoon.reflect.declaration.CtShadowable , spoon.reflect.declaration.CtTypeMember {&#10;    boolean isOverriding(spoon.reflect.declaration.CtMethod&lt;?&gt; arg0);&#10;&#10;    @spoon.reflect.annotations.PropertyGetter(role = spoon.reflect.path.CtRole.IS_DEFAULT)&#10;    boolean isDefaultMethod();&#10;&#10;    @spoon.reflect.annotations.PropertySetter(role = spoon.reflect.path.CtRole.IS_DEFAULT)&#10;    &lt;C extends spoon.reflect.declaration.CtMethod&lt;T&gt;&gt; C setDefaultMethod(boolean arg0);&#10;&#10;    java.util.Collection&lt;spoon.reflect.declaration.CtMethod&lt;?&gt;&gt; getTopDefinitions();&#10;&#10;    spoon.reflect.declaration.CtMethod&lt;T&gt; clone();&#10;&#10;    spoon.reflect.declaration.CtMethod&lt;?&gt; copyMethod();&#10;}]" classname="spoon.test.parent.ContractOnSettersParametrizedTest" time="0.031"/>
  <testcase name="testContract[public interface CtLambda&lt;T&gt; extends spoon.reflect.code.CtExpression&lt;T&gt; , spoon.reflect.declaration.CtExecutable&lt;T&gt; {&#10;    @spoon.support.UnsettableProperty&#10;    &lt;T1 extends spoon.reflect.declaration.CtExecutable&lt;T&gt;&gt; T1 setThrownTypes(java.util.Set&lt;spoon.reflect.reference.CtTypeReference&lt;? extends java.lang.Throwable&gt;&gt; arg0);&#10;&#10;    @spoon.reflect.annotations.PropertyGetter(role = spoon.reflect.path.CtRole.EXPRESSION)&#10;    spoon.reflect.code.CtExpression&lt;T&gt; getExpression();&#10;&#10;    @spoon.reflect.annotations.PropertySetter(role = spoon.reflect.path.CtRole.EXPRESSION)&#10;    &lt;C extends spoon.reflect.code.CtLambda&lt;T&gt;&gt; C setExpression(spoon.reflect.code.CtExpression&lt;T&gt; arg0);&#10;&#10;    @spoon.support.DerivedProperty&#10;    &lt;R&gt; spoon.reflect.declaration.CtMethod&lt;R&gt; getOverriddenMethod();&#10;&#10;    spoon.reflect.code.CtLambda&lt;T&gt; clone();&#10;}]" classname="spoon.test.parent.ContractOnSettersParametrizedTest" time="0.024"/>
  <testcase name="testContract[public interface CtNewArray&lt;T&gt; extends spoon.reflect.code.CtExpression&lt;T&gt; {&#10;    @spoon.reflect.annotations.PropertySetter(role = spoon.reflect.path.CtRole.EXPRESSION)&#10;    boolean removeElement(spoon.reflect.code.CtExpression&lt;?&gt; arg0);&#10;&#10;    @spoon.reflect.annotations.PropertyGetter(role = spoon.reflect.path.CtRole.EXPRESSION)&#10;    java.util.List&lt;spoon.reflect.code.CtExpression&lt;?&gt;&gt; getElements();&#10;&#10;    @spoon.reflect.annotations.PropertyGetter(role = spoon.reflect.path.CtRole.DIMENSION)&#10;    java.util.List&lt;spoon.reflect.code.CtExpression&lt;java.lang.Integer&gt;&gt; getDimensionExpressions();&#10;&#10;    @spoon.reflect.annotations.PropertySetter(role = spoon.reflect.path.CtRole.DIMENSION)&#10;    &lt;C extends spoon.reflect.code.CtNewArray&lt;T&gt;&gt; C setDimensionExpressions(java.util.List&lt;spoon.reflect.code.CtExpression&lt;java.lang.Integer&gt;&gt; arg0);&#10;&#10;    @spoon.reflect.annotations.PropertySetter(role = spoon.reflect.path.CtRole.DIMENSION)&#10;    &lt;C extends spoon.reflect.code.CtNewArray&lt;T&gt;&gt; C addDimensionExpression(spoon.reflect.code.CtExpression&lt;java.lang.Integer&gt; arg0);&#10;&#10;    @spoon.reflect.annotations.PropertySetter(role = spoon.reflect.path.CtRole.DIMENSION)&#10;    boolean removeDimensionExpression(spoon.reflect.code.CtExpression&lt;java.lang.Integer&gt; arg0);&#10;&#10;    @spoon.reflect.annotations.PropertySetter(role = spoon.reflect.path.CtRole.EXPRESSION)&#10;    &lt;C extends spoon.reflect.code.CtNewArray&lt;T&gt;&gt; C setElements(java.util.List&lt;spoon.reflect.code.CtExpression&lt;?&gt;&gt; arg0);&#10;&#10;    spoon.reflect.code.CtNewArray&lt;T&gt; clone();&#10;&#10;    @spoon.reflect.annotations.PropertySetter(role = spoon.reflect.path.CtRole.EXPRESSION)&#10;    &lt;C extends spoon.reflect.code.CtNewArray&lt;T&gt;&gt; C addElement(spoon.reflect.code.CtExpression&lt;?&gt; arg0);&#10;}]" classname="spoon.test.parent.ContractOnSettersParametrizedTest" time="0.024"/>
  <testcase name="testContract[public interface CtUsedService extends spoon.reflect.declaration.CtModuleDirective {&#10;    @spoon.reflect.annotations.PropertyGetter(role = spoon.reflect.path.CtRole.SERVICE_TYPE)&#10;    spoon.reflect.reference.CtTypeReference getServiceType();&#10;&#10;    @spoon.reflect.annotations.PropertySetter(role = spoon.reflect.path.CtRole.SERVICE_TYPE)&#10;    &lt;T extends spoon.reflect.declaration.CtUsedService&gt; T setServiceType(spoon.reflect.reference.CtTypeReference arg0);&#10;&#10;    spoon.reflect.declaration.CtUsedService clone();&#10;}]" classname="spoon.test.parent.ContractOnSettersParametrizedTest" time="0.009"/>
  <testcase name="testContract[public interface CtThrow extends spoon.reflect.code.CtCFlowBreak , spoon.template.TemplateParameter&lt;java.lang.Void&gt; {&#10;    @spoon.reflect.annotations.PropertySetter(role = spoon.reflect.path.CtRole.EXPRESSION)&#10;    &lt;T extends spoon.reflect.code.CtThrow&gt; T setThrownExpression(spoon.reflect.code.CtExpression&lt;? extends java.lang.Throwable&gt; arg0);&#10;&#10;    @spoon.reflect.annotations.PropertyGetter(role = spoon.reflect.path.CtRole.EXPRESSION)&#10;    spoon.reflect.code.CtExpression&lt;? extends java.lang.Throwable&gt; getThrownExpression();&#10;&#10;    spoon.reflect.code.CtThrow clone();&#10;}]" classname="spoon.test.parent.ContractOnSettersParametrizedTest" time="0.01"/>
  <testcase name="testContract[public interface CtLiteral&lt;T&gt; extends spoon.reflect.code.CtExpression&lt;T&gt; {&#10;    @spoon.reflect.annotations.PropertyGetter(role = spoon.reflect.path.CtRole.LITERAL_BASE)&#10;    spoon.reflect.code.LiteralBase getBase();&#10;&#10;    @spoon.reflect.annotations.PropertySetter(role = spoon.reflect.path.CtRole.LITERAL_BASE)&#10;    &lt;C extends spoon.reflect.code.CtLiteral&lt;T&gt;&gt; C setBase(spoon.reflect.code.LiteralBase arg0);&#10;&#10;    spoon.reflect.code.CtLiteral&lt;T&gt; clone();&#10;&#10;    @spoon.reflect.annotations.PropertyGetter(role = spoon.reflect.path.CtRole.VALUE)&#10;    T getValue();&#10;&#10;    @spoon.reflect.annotations.PropertySetter(role = spoon.reflect.path.CtRole.VALUE)&#10;    &lt;C extends spoon.reflect.code.CtLiteral&lt;T&gt;&gt; C setValue(T arg0);&#10;}]" classname="spoon.test.parent.ContractOnSettersParametrizedTest" time="0.013"/>
  <testcase name="testContract[public interface CtReturn&lt;R&gt; extends spoon.reflect.code.CtCFlowBreak , spoon.template.TemplateParameter&lt;java.lang.Void&gt; {&#10;    @spoon.reflect.annotations.PropertyGetter(role = spoon.reflect.path.CtRole.EXPRESSION)&#10;    spoon.reflect.code.CtExpression&lt;R&gt; getReturnedExpression();&#10;&#10;    @spoon.reflect.annotations.PropertySetter(role = spoon.reflect.path.CtRole.EXPRESSION)&#10;    &lt;T extends spoon.reflect.code.CtReturn&lt;R&gt;&gt; T setReturnedExpression(spoon.reflect.code.CtExpression&lt;R&gt; arg0);&#10;&#10;    spoon.reflect.code.CtReturn&lt;R&gt; clone();&#10;}]" classname="spoon.test.parent.ContractOnSettersParametrizedTest" time="0.005"/>
  <testcase name="testContract[public interface CtField&lt;T&gt; extends spoon.reflect.code.CtRHSReceiver&lt;T&gt; , spoon.reflect.declaration.CtShadowable , spoon.reflect.declaration.CtTypeMember , spoon.reflect.declaration.CtVariable&lt;T&gt; {&#10;    @spoon.support.DerivedProperty&#10;    spoon.reflect.reference.CtFieldReference&lt;T&gt; getReference();&#10;&#10;    @spoon.support.UnsettableProperty&#10;    &lt;U extends spoon.reflect.code.CtRHSReceiver&lt;T&gt;&gt; U setAssignment(spoon.reflect.code.CtExpression&lt;T&gt; arg0);&#10;&#10;    @spoon.support.DerivedProperty&#10;    spoon.reflect.code.CtExpression&lt;T&gt; getAssignment();&#10;&#10;    spoon.reflect.declaration.CtField&lt;T&gt; clone();&#10;&#10;    static final java.lang.String FIELD_SEPARATOR = &quot;#&quot;;&#10;}]" classname="spoon.test.parent.ContractOnSettersParametrizedTest" time="0.01"/>
  <testcase name="testContract[public interface CtJavaDocTag extends spoon.reflect.declaration.CtElement {&#10;    @spoon.reflect.annotations.PropertySetter(role = spoon.reflect.path.CtRole.DOCUMENTATION_TYPE)&#10;    &lt;E extends spoon.reflect.code.CtJavaDocTag&gt; E setType(spoon.reflect.code.CtJavaDocTag.TagType arg0);&#10;&#10;    @spoon.reflect.annotations.PropertySetter(role = spoon.reflect.path.CtRole.DOCUMENTATION_TYPE)&#10;    &lt;E extends spoon.reflect.code.CtJavaDocTag&gt; E setType(java.lang.String arg0);&#10;&#10;    @spoon.reflect.annotations.PropertyGetter(role = spoon.reflect.path.CtRole.JAVADOC_TAG_VALUE)&#10;    java.lang.String getParam();&#10;&#10;    @spoon.reflect.annotations.PropertySetter(role = spoon.reflect.path.CtRole.JAVADOC_TAG_VALUE)&#10;    &lt;E extends spoon.reflect.code.CtJavaDocTag&gt; E setParam(java.lang.String arg0);&#10;&#10;    @spoon.reflect.annotations.PropertySetter(role = spoon.reflect.path.CtRole.COMMENT_CONTENT)&#10;    &lt;E extends spoon.reflect.code.CtJavaDocTag&gt; E setContent(java.lang.String arg0);&#10;&#10;    spoon.reflect.code.CtJavaDocTag clone();&#10;&#10;    @spoon.reflect.annotations.PropertyGetter(role = spoon.reflect.path.CtRole.DOCUMENTATION_TYPE)&#10;    spoon.reflect.code.CtJavaDocTag.TagType getType();&#10;&#10;    @spoon.reflect.annotations.PropertyGetter(role = spoon.reflect.path.CtRole.COMMENT_CONTENT)&#10;    java.lang.String getContent();&#10;&#10;    static final java.lang.String JAVADOC_TAG_PREFIX = &quot;@&quot;;&#10;&#10;    final enum TagType {&#10;&#10;        AUTHOR,&#10;        DEPRECATED,&#10;        EXCEPTION,&#10;        PARAM,&#10;        RETURN,&#10;        SEE,&#10;        SERIAL,&#10;        SERIAL_DATA,&#10;        SERIAL_FIELD,&#10;        SINCE,&#10;        THROWS,&#10;        VERSION,&#10;        UNKNOWN;&#10;        private TagType(java.lang.String arg0) {&#10;        }&#10;&#10;        public boolean hasParam() {&#10;        }&#10;&#10;        public static spoon.reflect.code.CtJavaDocTag.TagType tagFromName(java.lang.String arg0) {&#10;        }&#10;&#10;        public java.lang.String toString() {&#10;        }&#10;&#10;        public java.lang.String getName() {&#10;        }&#10;&#10;        private java.lang.String name;&#10;    }&#10;}]" classname="spoon.test.parent.ContractOnSettersParametrizedTest" time="0.009"/>
  <testcase name="testContract[public interface CtTypeAccess&lt;A&gt; extends spoon.reflect.code.CtExpression&lt;java.lang.Void&gt; {&#10;    @spoon.support.UnsettableProperty&#10;    &lt;C extends spoon.reflect.declaration.CtTypedElement&gt; C setType(spoon.reflect.reference.CtTypeReference&lt;java.lang.Void&gt; arg0);&#10;&#10;    @spoon.support.DerivedProperty&#10;    &lt;E extends spoon.reflect.declaration.CtElement&gt; E setImplicit(boolean arg0);&#10;&#10;    @spoon.reflect.annotations.PropertyGetter(role = spoon.reflect.path.CtRole.ACCESSED_TYPE)&#10;    spoon.reflect.reference.CtTypeReference&lt;A&gt; getAccessedType();&#10;&#10;    @spoon.reflect.annotations.PropertySetter(role = spoon.reflect.path.CtRole.ACCESSED_TYPE)&#10;    &lt;C extends spoon.reflect.code.CtTypeAccess&lt;A&gt;&gt; C setAccessedType(spoon.reflect.reference.CtTypeReference&lt;A&gt; arg0);&#10;&#10;    spoon.reflect.code.CtTypeAccess&lt;A&gt; clone();&#10;&#10;    @spoon.support.DerivedProperty&#10;    spoon.reflect.reference.CtTypeReference&lt;java.lang.Void&gt; getType();&#10;&#10;    @spoon.support.DerivedProperty&#10;    boolean isImplicit();&#10;}]" classname="spoon.test.parent.ContractOnSettersParametrizedTest" time="0.007"/>
  <testcase name="testContract[public interface CtCodeSnippetStatement extends spoon.reflect.code.CtStatement , spoon.reflect.declaration.CtCodeSnippet {&#10;    spoon.reflect.code.CtCodeSnippetStatement clone();&#10;&#10;    &lt;S extends spoon.reflect.code.CtStatement&gt; S compile() throws spoon.support.compiler.SnippetCompilationError;&#10;}]" classname="spoon.test.parent.ContractOnSettersParametrizedTest" time="0.005"/>
  <testcase name="testContract[public interface CtDo extends spoon.reflect.code.CtLoop {&#10;    @spoon.reflect.annotations.PropertyGetter(role = spoon.reflect.path.CtRole.EXPRESSION)&#10;    spoon.reflect.code.CtExpression&lt;java.lang.Boolean&gt; getLoopingExpression();&#10;&#10;    @spoon.reflect.annotations.PropertySetter(role = spoon.reflect.path.CtRole.EXPRESSION)&#10;    &lt;T extends spoon.reflect.code.CtDo&gt; T setLoopingExpression(spoon.reflect.code.CtExpression&lt;java.lang.Boolean&gt; arg0);&#10;&#10;    spoon.reflect.code.CtDo clone();&#10;}]" classname="spoon.test.parent.ContractOnSettersParametrizedTest" time="0.007"/>
  <testcase name="testContract[public interface CtAnnotation&lt;A extends java.lang.annotation.Annotation&gt; extends spoon.reflect.code.CtExpression&lt;A&gt; , spoon.reflect.declaration.CtShadowable {&#10;    @spoon.support.UnsettableProperty&#10;    &lt;C extends spoon.reflect.code.CtExpression&lt;A&gt;&gt; C setTypeCasts(java.util.List&lt;spoon.reflect.reference.CtTypeReference&lt;?&gt;&gt; arg0);&#10;&#10;    @spoon.support.DerivedProperty&#10;    A getActualAnnotation();&#10;&#10;    @spoon.reflect.annotations.PropertySetter(role = spoon.reflect.path.CtRole.VALUE)&#10;    &lt;T extends spoon.reflect.declaration.CtAnnotation&lt;A&gt;&gt; T addValue(java.lang.String arg0, spoon.reflect.declaration.CtAnnotation&lt;?&gt; arg1);&#10;&#10;    @spoon.reflect.annotations.PropertySetter(role = spoon.reflect.path.CtRole.VALUE)&#10;    &lt;T extends spoon.reflect.declaration.CtAnnotation&lt;A&gt;&gt; T addValue(java.lang.String arg0, spoon.reflect.code.CtLiteral&lt;?&gt; arg1);&#10;&#10;    @spoon.reflect.annotations.PropertySetter(role = spoon.reflect.path.CtRole.VALUE)&#10;    &lt;T extends spoon.reflect.declaration.CtAnnotation&lt;A&gt;&gt; T addValue(java.lang.String arg0, spoon.reflect.code.CtFieldAccess&lt;?&gt; arg1);&#10;&#10;    @spoon.reflect.annotations.PropertySetter(role = spoon.reflect.path.CtRole.VALUE)&#10;    &lt;T extends spoon.reflect.declaration.CtAnnotation&lt;A&gt;&gt; T addValue(java.lang.String arg0, spoon.reflect.code.CtNewArray&lt;? extends spoon.reflect.code.CtExpression&gt; arg1);&#10;&#10;    @spoon.reflect.annotations.PropertySetter(role = spoon.reflect.path.CtRole.VALUE)&#10;    &lt;T extends spoon.reflect.declaration.CtAnnotation&lt;A&gt;&gt; T addValue(java.lang.String arg0, java.lang.Object arg1);&#10;&#10;    @spoon.reflect.annotations.PropertySetter(role = spoon.reflect.path.CtRole.ANNOTATION_TYPE)&#10;    &lt;T extends spoon.reflect.declaration.CtAnnotation&lt;A&gt;&gt; T setAnnotationType(spoon.reflect.reference.CtTypeReference&lt;? extends java.lang.annotation.Annotation&gt; arg0);&#10;&#10;    @spoon.reflect.annotations.PropertySetter(role = spoon.reflect.path.CtRole.VALUE)&#10;    &lt;T extends spoon.reflect.declaration.CtAnnotation&lt;A&gt;&gt; T setElementValues(java.util.Map&lt;java.lang.String, java.lang.Object&gt; arg0);&#10;&#10;    @spoon.reflect.annotations.PropertySetter(role = spoon.reflect.path.CtRole.VALUE)&#10;    &lt;T extends spoon.reflect.declaration.CtAnnotation&lt;A&gt;&gt; T setValues(java.util.Map&lt;java.lang.String, spoon.reflect.code.CtExpression&gt; arg0);&#10;&#10;    static spoon.reflect.declaration.CtAnnotatedElementType getAnnotatedElementTypeForCtElement(spoon.reflect.declaration.CtElement arg0) {&#10;    }&#10;&#10;    @spoon.reflect.annotations.PropertyGetter(role = spoon.reflect.path.CtRole.VALUE)&#10;    java.util.Map&lt;java.lang.String, spoon.reflect.code.CtExpression&gt; getValues();&#10;&#10;    @spoon.support.DerivedProperty&#10;    java.util.Map&lt;java.lang.String, spoon.reflect.code.CtExpression&gt; getAllValues();&#10;&#10;    @spoon.support.DerivedProperty&#10;    int getValueAsInt(java.lang.String arg0);&#10;&#10;    @spoon.support.DerivedProperty&#10;    java.lang.String getValueAsString(java.lang.String arg0);&#10;&#10;    @spoon.support.DerivedProperty&#10;    java.lang.Object getValueAsObject(java.lang.String arg0);&#10;&#10;    @spoon.support.DerivedProperty&#10;    spoon.reflect.declaration.CtElement getAnnotatedElement();&#10;&#10;    @spoon.support.DerivedProperty&#10;    spoon.reflect.declaration.CtAnnotatedElementType getAnnotatedElementType();&#10;&#10;    @spoon.support.DerivedProperty&#10;    @spoon.reflect.annotations.PropertyGetter(role = spoon.reflect.path.CtRole.VALUE)&#10;    &lt;T extends spoon.reflect.code.CtExpression&gt; T getWrappedValue(java.lang.String arg0);&#10;&#10;    spoon.reflect.declaration.CtAnnotation&lt;A&gt; clone();&#10;&#10;    @spoon.reflect.annotations.PropertyGetter(role = spoon.reflect.path.CtRole.VALUE)&#10;    &lt;T extends spoon.reflect.code.CtExpression&gt; T getValue(java.lang.String arg0);&#10;&#10;    @spoon.reflect.annotations.PropertyGetter(role = spoon.reflect.path.CtRole.ANNOTATION_TYPE)&#10;    spoon.reflect.reference.CtTypeReference&lt;A&gt; getAnnotationType();&#10;}]" classname="spoon.test.parent.ContractOnSettersParametrizedTest" time="0.009"/>
  <testcase name="testContract[public interface CtFieldRead&lt;T&gt; extends spoon.reflect.code.CtFieldAccess&lt;T&gt; , spoon.reflect.code.CtVariableRead&lt;T&gt; {&#10;    spoon.reflect.code.CtFieldRead&lt;T&gt; clone();&#10;}]" classname="spoon.test.parent.ContractOnSettersParametrizedTest" time="0.023"/>
  <testcase name="testContract[public interface CtBreak extends spoon.reflect.code.CtLabelledFlowBreak {&#10;    spoon.reflect.code.CtBreak clone();&#10;}]" classname="spoon.test.parent.ContractOnSettersParametrizedTest" time="0.01"/>
  <testcase name="testContract[public interface CtEnum&lt;T extends java.lang.Enum&lt;?&gt;&gt; extends spoon.reflect.declaration.CtClass&lt;T&gt; {&#10;    @spoon.reflect.annotations.PropertyGetter(role = spoon.reflect.path.CtRole.VALUE)&#10;    java.util.List&lt;spoon.reflect.declaration.CtEnumValue&lt;?&gt;&gt; getEnumValues();&#10;&#10;    @spoon.support.UnsettableProperty&#10;    &lt;C extends spoon.reflect.declaration.CtType&lt;T&gt;&gt; C setSuperclass(spoon.reflect.reference.CtTypeReference&lt;?&gt; arg0);&#10;&#10;    @spoon.support.UnsettableProperty&#10;    &lt;T extends spoon.reflect.declaration.CtFormalTypeDeclarer&gt; T setFormalCtTypeParameters(java.util.List&lt;spoon.reflect.declaration.CtTypeParameter&gt; arg0);&#10;&#10;    @spoon.reflect.annotations.PropertyGetter(role = spoon.reflect.path.CtRole.VALUE)&#10;    spoon.reflect.declaration.CtEnumValue&lt;?&gt; getEnumValue(java.lang.String arg0);&#10;&#10;    @spoon.reflect.annotations.PropertySetter(role = spoon.reflect.path.CtRole.VALUE)&#10;    &lt;C extends spoon.reflect.declaration.CtEnum&lt;T&gt;&gt; C addEnumValue(spoon.reflect.declaration.CtEnumValue&lt;?&gt; arg0);&#10;&#10;    @spoon.reflect.annotations.PropertySetter(role = spoon.reflect.path.CtRole.VALUE)&#10;    boolean removeEnumValue(spoon.reflect.declaration.CtEnumValue&lt;?&gt; arg0);&#10;&#10;    @spoon.reflect.annotations.PropertySetter(role = spoon.reflect.path.CtRole.VALUE)&#10;    &lt;C extends spoon.reflect.declaration.CtEnum&lt;T&gt;&gt; C setEnumValues(java.util.List&lt;spoon.reflect.declaration.CtEnumValue&lt;?&gt;&gt; arg0);&#10;&#10;    spoon.reflect.declaration.CtEnum&lt;T&gt; clone();&#10;}]" classname="spoon.test.parent.ContractOnSettersParametrizedTest" time="0.052"/>
  <testcase name="testContract[public interface CtNewClass&lt;T&gt; extends spoon.reflect.code.CtConstructorCall&lt;T&gt; {&#10;    @spoon.reflect.annotations.PropertySetter(role = spoon.reflect.path.CtRole.TYPE_ARGUMENT)&#10;    &lt;T extends spoon.reflect.reference.CtActualTypeContainer&gt; T setActualTypeArguments(java.util.List&lt;? extends spoon.reflect.reference.CtTypeReference&lt;?&gt;&gt; arg0);&#10;&#10;    @spoon.reflect.annotations.PropertySetter(role = spoon.reflect.path.CtRole.TYPE_ARGUMENT)&#10;    &lt;T extends spoon.reflect.reference.CtActualTypeContainer&gt; T addActualTypeArgument(spoon.reflect.reference.CtTypeReference&lt;?&gt; arg0);&#10;&#10;    @spoon.reflect.annotations.PropertyGetter(role = spoon.reflect.path.CtRole.NESTED_TYPE)&#10;    spoon.reflect.declaration.CtClass&lt;?&gt; getAnonymousClass();&#10;&#10;    @spoon.reflect.annotations.PropertySetter(role = spoon.reflect.path.CtRole.NESTED_TYPE)&#10;    &lt;N extends spoon.reflect.code.CtNewClass&gt; N setAnonymousClass(spoon.reflect.declaration.CtClass&lt;?&gt; arg0);&#10;&#10;    spoon.reflect.code.CtNewClass&lt;T&gt; clone();&#10;&#10;    @spoon.support.DerivedProperty&#10;    @spoon.reflect.annotations.PropertyGetter(role = spoon.reflect.path.CtRole.TYPE_ARGUMENT)&#10;    java.util.List&lt;spoon.reflect.reference.CtTypeReference&lt;?&gt;&gt; getActualTypeArguments();&#10;}]" classname="spoon.test.parent.ContractOnSettersParametrizedTest" time="0.035"/>
  <testcase name="testContract[public interface CtAnnotationType&lt;T extends java.lang.annotation.Annotation&gt; extends spoon.reflect.declaration.CtType&lt;T&gt; {&#10;    &lt;M, C extends spoon.reflect.declaration.CtType&lt;T&gt;&gt; C addMethod(spoon.reflect.declaration.CtMethod&lt;M&gt; arg0);&#10;&#10;    &lt;C extends spoon.reflect.declaration.CtType&lt;T&gt;&gt; C setMethods(java.util.Set&lt;spoon.reflect.declaration.CtMethod&lt;?&gt;&gt; arg0);&#10;&#10;    @spoon.support.UnsettableProperty&#10;    &lt;C extends spoon.reflect.declaration.CtType&lt;T&gt;&gt; C setSuperclass(spoon.reflect.reference.CtTypeReference&lt;?&gt; arg0);&#10;&#10;    @spoon.support.UnsettableProperty&#10;    &lt;C extends spoon.reflect.declaration.CtType&lt;T&gt;&gt; C setSuperInterfaces(java.util.Set&lt;spoon.reflect.reference.CtTypeReference&lt;?&gt;&gt; arg0);&#10;&#10;    @spoon.support.UnsettableProperty&#10;    &lt;T extends spoon.reflect.declaration.CtFormalTypeDeclarer&gt; T setFormalCtTypeParameters(java.util.List&lt;spoon.reflect.declaration.CtTypeParameter&gt; arg0);&#10;&#10;    @spoon.support.DerivedProperty&#10;    java.util.Set&lt;spoon.reflect.declaration.CtAnnotationMethod&lt;?&gt;&gt; getAnnotationMethods();&#10;&#10;    spoon.reflect.declaration.CtAnnotationType&lt;T&gt; clone();&#10;}]" classname="spoon.test.parent.ContractOnSettersParametrizedTest" time="0.05"/>
  <testcase name="testContract[public interface CtCatchVariable&lt;T&gt; extends spoon.reflect.code.CtCodeElement , spoon.reflect.declaration.CtMultiTypedElement , spoon.reflect.declaration.CtVariable&lt;T&gt; {&#10;    @spoon.support.UnsettableProperty&#10;    &lt;C extends spoon.reflect.declaration.CtTypedElement&gt; C setType(spoon.reflect.reference.CtTypeReference&lt;T&gt; arg0);&#10;&#10;    @spoon.support.DerivedProperty&#10;    spoon.reflect.reference.CtCatchVariableReference&lt;T&gt; getReference();&#10;&#10;    @spoon.support.UnsettableProperty&#10;    &lt;C extends spoon.reflect.declaration.CtVariable&lt;T&gt;&gt; C setDefaultExpression(spoon.reflect.code.CtExpression&lt;T&gt; arg0);&#10;&#10;    spoon.reflect.code.CtCatchVariable&lt;T&gt; clone();&#10;&#10;    @spoon.support.DerivedProperty&#10;    spoon.reflect.reference.CtTypeReference&lt;T&gt; getType();&#10;}]" classname="spoon.test.parent.ContractOnSettersParametrizedTest" time="0.024"/>
  <testcase name="testContract[public interface CtExecutableReferenceExpression&lt;T, E extends spoon.reflect.code.CtExpression&lt;?&gt;&gt; extends spoon.reflect.code.CtTargetedExpression&lt;T, E&gt; {&#10;    @spoon.reflect.annotations.PropertySetter(role = spoon.reflect.path.CtRole.EXECUTABLE_REF)&#10;    &lt;C extends spoon.reflect.code.CtExecutableReferenceExpression&lt;T, E&gt;&gt; C setExecutable(spoon.reflect.reference.CtExecutableReference&lt;T&gt; arg0);&#10;&#10;    @spoon.reflect.annotations.PropertyGetter(role = spoon.reflect.path.CtRole.EXECUTABLE_REF)&#10;    spoon.reflect.reference.CtExecutableReference&lt;T&gt; getExecutable();&#10;&#10;    spoon.reflect.code.CtExecutableReferenceExpression&lt;T, E&gt; clone();&#10;}]" classname="spoon.test.parent.ContractOnSettersParametrizedTest" time="0.016"/>
</testsuite>