<?xml version="1.0" encoding="UTF-8"?>
<testsuite xmlns:xsi="http://www.w3.org/2001/XMLSchema-instance" xsi:noNamespaceSchemaLocation="https://maven.apache.org/surefire/maven-surefire-plugin/xsd/surefire-test-report-3.0.xsd" version="3.0" name="spoon.test.generics.GenericsTest" time="2.65" tests="52" errors="0" skipped="0" failures="0">
  <properties>
    <property name="awt.toolkit" value="sun.awt.X11.XToolkit"/>
    <property name="java.specification.version" value="11"/>
    <property name="sun.cpu.isalist" value=""/>
    <property name="sun.jnu.encoding" value="UTF-8"/>
    <property name="gradle.enterprise.listener.surefire.forkId" value="1"/>
    <property name="java.class.path" value="/home/travis/.m2/repository/org/apache/maven/surefire/surefire-booter/3.0.0-M5/surefire-booter-3.0.0-M5.jar:/home/travis/.m2/repository/org/apache/maven/surefire/surefire-api/3.0.0-M5/surefire-api-3.0.0-M5.jar:/home/travis/.m2/repository/org/apache/maven/surefire/surefire-logger-api/3.0.0-M5/surefire-logger-api-3.0.0-M5.jar:/home/travis/.m2/repository/org/apache/maven/surefire/surefire-shared-utils/3.0.0-M4/surefire-shared-utils-3.0.0-M4.jar:/home/travis/.m2/repository/org/apache/maven/surefire/surefire-extensions-spi/3.0.0-M5/surefire-extensions-spi-3.0.0-M5.jar:/home/travis/build/SpoonLabs/spoon-ci-external/spoon/target/test-classes:/home/travis/build/SpoonLabs/spoon-ci-external/spoon/target/classes:/home/travis/.m2/repository/org/eclipse/jdt/org.eclipse.jdt.core/3.27.0/org.eclipse.jdt.core-3.27.0.jar:/home/travis/.m2/repository/com/martiansoftware/jsap/2.1/jsap-2.1.jar:/home/travis/.m2/repository/org/slf4j/slf4j-api/1.7.32/slf4j-api-1.7.32.jar:/home/travis/.m2/repository/commons-io/commons-io/2.11.0/commons-io-2.11.0.jar:/home/travis/.m2/repository/org/apache/maven/maven-model/4.0.0-alpha-1-SNAPSHOT/maven-model-4.0.0-alpha-1-SNAPSHOT.jar:/home/travis/.m2/repository/org/codehaus/plexus/plexus-utils/3.3.0/plexus-utils-3.3.0.jar:/home/travis/.m2/repository/org/apache/commons/commons-lang3/3.12.0/commons-lang3-3.12.0.jar:/home/travis/.m2/repository/org/tukaani/xz/1.9/xz-1.9.jar:/home/travis/.m2/repository/com/fasterxml/jackson/core/jackson-databind/2.13.0/jackson-databind-2.13.0.jar:/home/travis/.m2/repository/com/fasterxml/jackson/core/jackson-annotations/2.13.0/jackson-annotations-2.13.0.jar:/home/travis/.m2/repository/com/fasterxml/jackson/core/jackson-core/2.13.0/jackson-core-2.13.0.jar:/home/travis/.m2/repository/org/apache/commons/commons-compress/1.21/commons-compress-1.21.jar:/home/travis/.m2/repository/com/google/guava/guava/31.0.1-jre/guava-31.0.1-jre.jar:/home/travis/.m2/repository/com/google/guava/failureaccess/1.0.1/failureaccess-1.0.1.jar:/home/travis/.m2/repository/com/google/guava/listenablefuture/9999.0-empty-to-avoid-conflict-with-guava/listenablefuture-9999.0-empty-to-avoid-conflict-with-guava.jar:/home/travis/.m2/repository/com/google/code/findbugs/jsr305/3.0.2/jsr305-3.0.2.jar:/home/travis/.m2/repository/org/checkerframework/checker-qual/3.12.0/checker-qual-3.12.0.jar:/home/travis/.m2/repository/com/google/errorprone/error_prone_annotations/2.7.1/error_prone_annotations-2.7.1.jar:/home/travis/.m2/repository/com/google/j2objc/j2objc-annotations/1.3/j2objc-annotations-1.3.jar:/home/travis/.m2/repository/ch/qos/logback/logback-core/1.2.7/logback-core-1.2.7.jar:/home/travis/.m2/repository/com/mysema/querydsl/querydsl-core/3.6.9/querydsl-core-3.6.9.jar:/home/travis/.m2/repository/org/apache/maven/shared/maven-invoker/3.1.0/maven-invoker-3.1.0.jar:/home/travis/.m2/repository/org/apache/maven/shared/maven-shared-utils/3.3.3/maven-shared-utils-3.3.3.jar:/home/travis/.m2/repository/javax/inject/javax.inject/1/javax.inject-1.jar:/home/travis/.m2/repository/javax/validation/validation-api/2.0.1.Final/validation-api-2.0.1.Final.jar:/home/travis/.m2/repository/com/google/code/gson/gson/2.8.9/gson-2.8.9.jar:/home/travis/.m2/repository/uk/org/lidalia/slf4j-test/1.2.0/slf4j-test-1.2.0.jar:/home/travis/.m2/repository/uk/org/lidalia/lidalia-lang/1.0.0/lidalia-lang-1.0.0.jar:/home/travis/.m2/repository/uk/org/lidalia/lidalia-slf4j-ext/1.0.0/lidalia-slf4j-ext-1.0.0.jar:/home/travis/.m2/repository/joda-time/joda-time/2.2/joda-time-2.2.jar:/home/travis/.m2/repository/org/junit/vintage/junit-vintage-engine/5.8.1/junit-vintage-engine-5.8.1.jar:/home/travis/.m2/repository/org/junit/platform/junit-platform-engine/1.8.1/junit-platform-engine-1.8.1.jar:/home/travis/.m2/repository/org/opentest4j/opentest4j/1.2.0/opentest4j-1.2.0.jar:/home/travis/.m2/repository/org/junit/platform/junit-platform-commons/1.8.1/junit-platform-commons-1.8.1.jar:/home/travis/.m2/repository/junit/junit/4.13.2/junit-4.13.2.jar:/home/travis/.m2/repository/org/hamcrest/hamcrest-core/1.3/hamcrest-core-1.3.jar:/home/travis/.m2/repository/org/apiguardian/apiguardian-api/1.1.2/apiguardian-api-1.1.2.jar:/home/travis/.m2/repository/org/mockito/mockito-core/4.1.0/mockito-core-4.1.0.jar:/home/travis/.m2/repository/net/bytebuddy/byte-buddy/1.12.1/byte-buddy-1.12.1.jar:/home/travis/.m2/repository/net/bytebuddy/byte-buddy-agent/1.12.1/byte-buddy-agent-1.12.1.jar:/home/travis/.m2/repository/org/objenesis/objenesis/3.2/objenesis-3.2.jar:/home/travis/.m2/repository/org/junit/jupiter/junit-jupiter-engine/5.8.1/junit-jupiter-engine-5.8.1.jar:/home/travis/.m2/repository/org/junit/jupiter/junit-jupiter-api/5.8.1/junit-jupiter-api-5.8.1.jar:/home/travis/.m2/repository/org/junit/jupiter/junit-jupiter-params/5.8.1/junit-jupiter-params-5.8.1.jar:/home/travis/.m2/repository/org/mockito/mockito-junit-jupiter/4.1.0/mockito-junit-jupiter-4.1.0.jar:/home/travis/.m2/repository/com/github/stefanbirkner/system-rules/1.19.0/system-rules-1.19.0.jar:/home/travis/build/SpoonLabs/spoon-ci-external/spoon/target/gradle-enterprise/test-listeners.jar:/home/travis/.m2/repository/org/apache/maven/surefire/surefire-junit-platform/3.0.0-M5/surefire-junit-platform-3.0.0-M5.jar:/home/travis/.m2/repository/org/apache/maven/surefire/common-java5/3.0.0-M5/common-java5-3.0.0-M5.jar:/home/travis/.m2/repository/org/junit/platform/junit-platform-launcher/1.8.1/junit-platform-launcher-1.8.1.jar"/>
    <property name="java.vm.vendor" value="Oracle Corporation"/>
    <property name="sun.arch.data.model" value="64"/>
    <property name="sun.font.fontmanager" value="sun.awt.X11FontManager"/>
    <property name="java.vendor.url" value="http://java.oracle.com/"/>
    <property name="user.timezone" value="UTC"/>
    <property name="java.vm.specification.version" value="11"/>
    <property name="os.name" value="Linux"/>
    <property name="spoon.log.path" value="${java.io.tmpdir}/spoon-log.log"/>
    <property name="sun.java.launcher" value="SUN_STANDARD"/>
    <property name="user.country" value="US"/>
    <property name="sun.boot.library.path" value="/usr/local/lib/jvm/openjdk11/lib"/>
    <property name="sun.java.command" value="org.apache.maven.surefire.booter.ForkedBooter /home/travis/build/SpoonLabs/spoon-ci-external/spoon/target/surefire 2021-11-26T22-38-34_673-jvmRun1 surefire1435430166964594843tmp surefire_09103095120419049121tmp"/>
    <property name="jdk.debug" value="release"/>
    <property name="surefire.test.class.path" value="/home/travis/build/SpoonLabs/spoon-ci-external/spoon/target/test-classes:/home/travis/build/SpoonLabs/spoon-ci-external/spoon/target/classes:/home/travis/.m2/repository/org/eclipse/jdt/org.eclipse.jdt.core/3.27.0/org.eclipse.jdt.core-3.27.0.jar:/home/travis/.m2/repository/com/martiansoftware/jsap/2.1/jsap-2.1.jar:/home/travis/.m2/repository/org/slf4j/slf4j-api/1.7.32/slf4j-api-1.7.32.jar:/home/travis/.m2/repository/commons-io/commons-io/2.11.0/commons-io-2.11.0.jar:/home/travis/.m2/repository/org/apache/maven/maven-model/4.0.0-alpha-1-SNAPSHOT/maven-model-4.0.0-alpha-1-SNAPSHOT.jar:/home/travis/.m2/repository/org/codehaus/plexus/plexus-utils/3.3.0/plexus-utils-3.3.0.jar:/home/travis/.m2/repository/org/apache/commons/commons-lang3/3.12.0/commons-lang3-3.12.0.jar:/home/travis/.m2/repository/org/tukaani/xz/1.9/xz-1.9.jar:/home/travis/.m2/repository/com/fasterxml/jackson/core/jackson-databind/2.13.0/jackson-databind-2.13.0.jar:/home/travis/.m2/repository/com/fasterxml/jackson/core/jackson-annotations/2.13.0/jackson-annotations-2.13.0.jar:/home/travis/.m2/repository/com/fasterxml/jackson/core/jackson-core/2.13.0/jackson-core-2.13.0.jar:/home/travis/.m2/repository/org/apache/commons/commons-compress/1.21/commons-compress-1.21.jar:/home/travis/.m2/repository/com/google/guava/guava/31.0.1-jre/guava-31.0.1-jre.jar:/home/travis/.m2/repository/com/google/guava/failureaccess/1.0.1/failureaccess-1.0.1.jar:/home/travis/.m2/repository/com/google/guava/listenablefuture/9999.0-empty-to-avoid-conflict-with-guava/listenablefuture-9999.0-empty-to-avoid-conflict-with-guava.jar:/home/travis/.m2/repository/com/google/code/findbugs/jsr305/3.0.2/jsr305-3.0.2.jar:/home/travis/.m2/repository/org/checkerframework/checker-qual/3.12.0/checker-qual-3.12.0.jar:/home/travis/.m2/repository/com/google/errorprone/error_prone_annotations/2.7.1/error_prone_annotations-2.7.1.jar:/home/travis/.m2/repository/com/google/j2objc/j2objc-annotations/1.3/j2objc-annotations-1.3.jar:/home/travis/.m2/repository/ch/qos/logback/logback-core/1.2.7/logback-core-1.2.7.jar:/home/travis/.m2/repository/com/mysema/querydsl/querydsl-core/3.6.9/querydsl-core-3.6.9.jar:/home/travis/.m2/repository/org/apache/maven/shared/maven-invoker/3.1.0/maven-invoker-3.1.0.jar:/home/travis/.m2/repository/org/apache/maven/shared/maven-shared-utils/3.3.3/maven-shared-utils-3.3.3.jar:/home/travis/.m2/repository/javax/inject/javax.inject/1/javax.inject-1.jar:/home/travis/.m2/repository/javax/validation/validation-api/2.0.1.Final/validation-api-2.0.1.Final.jar:/home/travis/.m2/repository/com/google/code/gson/gson/2.8.9/gson-2.8.9.jar:/home/travis/.m2/repository/uk/org/lidalia/slf4j-test/1.2.0/slf4j-test-1.2.0.jar:/home/travis/.m2/repository/uk/org/lidalia/lidalia-lang/1.0.0/lidalia-lang-1.0.0.jar:/home/travis/.m2/repository/uk/org/lidalia/lidalia-slf4j-ext/1.0.0/lidalia-slf4j-ext-1.0.0.jar:/home/travis/.m2/repository/joda-time/joda-time/2.2/joda-time-2.2.jar:/home/travis/.m2/repository/org/junit/vintage/junit-vintage-engine/5.8.1/junit-vintage-engine-5.8.1.jar:/home/travis/.m2/repository/org/junit/platform/junit-platform-engine/1.8.1/junit-platform-engine-1.8.1.jar:/home/travis/.m2/repository/org/opentest4j/opentest4j/1.2.0/opentest4j-1.2.0.jar:/home/travis/.m2/repository/org/junit/platform/junit-platform-commons/1.8.1/junit-platform-commons-1.8.1.jar:/home/travis/.m2/repository/junit/junit/4.13.2/junit-4.13.2.jar:/home/travis/.m2/repository/org/hamcrest/hamcrest-core/1.3/hamcrest-core-1.3.jar:/home/travis/.m2/repository/org/apiguardian/apiguardian-api/1.1.2/apiguardian-api-1.1.2.jar:/home/travis/.m2/repository/org/mockito/mockito-core/4.1.0/mockito-core-4.1.0.jar:/home/travis/.m2/repository/net/bytebuddy/byte-buddy/1.12.1/byte-buddy-1.12.1.jar:/home/travis/.m2/repository/net/bytebuddy/byte-buddy-agent/1.12.1/byte-buddy-agent-1.12.1.jar:/home/travis/.m2/repository/org/objenesis/objenesis/3.2/objenesis-3.2.jar:/home/travis/.m2/repository/org/junit/jupiter/junit-jupiter-engine/5.8.1/junit-jupiter-engine-5.8.1.jar:/home/travis/.m2/repository/org/junit/jupiter/junit-jupiter-api/5.8.1/junit-jupiter-api-5.8.1.jar:/home/travis/.m2/repository/org/junit/jupiter/junit-jupiter-params/5.8.1/junit-jupiter-params-5.8.1.jar:/home/travis/.m2/repository/org/mockito/mockito-junit-jupiter/4.1.0/mockito-junit-jupiter-4.1.0.jar:/home/travis/.m2/repository/com/github/stefanbirkner/system-rules/1.19.0/system-rules-1.19.0.jar:/home/travis/build/SpoonLabs/spoon-ci-external/spoon/target/gradle-enterprise/test-listeners.jar:"/>
    <property name="sun.cpu.endian" value="little"/>
    <property name="user.home" value="/home/travis"/>
    <property name="user.language" value="en"/>
    <property name="java.specification.vendor" value="Oracle Corporation"/>
    <property name="java.version.date" value="2019-01-15"/>
    <property name="java.home" value="/usr/local/lib/jvm/openjdk11"/>
    <property name="file.separator" value="/"/>
    <property name="basedir" value="/home/travis/build/SpoonLabs/spoon-ci-external/spoon"/>
    <property name="java.vm.compressedOopsMode" value="32-bit"/>
    <property name="line.separator" value="&#10;"/>
    <property name="java.specification.name" value="Java Platform API Specification"/>
    <property name="java.vm.specification.vendor" value="Oracle Corporation"/>
    <property name="java.awt.graphicsenv" value="sun.awt.X11GraphicsEnvironment"/>
    <property name="sun.management.compiler" value="HotSpot 64-Bit Tiered Compilers"/>
    <property name="java.runtime.version" value="11.0.2+9"/>
    <property name="user.name" value="travis"/>
    <property name="path.separator" value=":"/>
    <property name="os.version" value="4.15.0-1098-gcp"/>
    <property name="java.runtime.name" value="OpenJDK Runtime Environment"/>
    <property name="com.gradle.maven.scan.extension.test.listener.junitplatform.NestedExecutionSafeDelegatingTestExecutionListener" value="273bcc81"/>
    <property name="file.encoding" value="UTF-8"/>
    <property name="java.vm.name" value="OpenJDK 64-Bit Server VM"/>
    <property name="java.vendor.version" value="18.9"/>
    <property name="gradle.enterprise.listener.port" value="34463"/>
    <property name="localRepository" value="/home/travis/.m2/repository"/>
    <property name="java.vendor.url.bug" value="http://bugreport.java.com/bugreport/"/>
    <property name="java.io.tmpdir" value="/tmp"/>
    <property name="java.version" value="11.0.2"/>
    <property name="user.dir" value="/home/travis/build/SpoonLabs/spoon-ci-external/spoon"/>
    <property name="os.arch" value="amd64"/>
    <property name="java.vm.specification.name" value="Java Virtual Machine Specification"/>
    <property name="java.awt.printerjob" value="sun.print.PSPrinterJob"/>
    <property name="sun.os.patch.level" value="unknown"/>
    <property name="java.library.path" value="/usr/java/packages/lib:/usr/lib64:/lib64:/lib:/usr/lib"/>
    <property name="java.vendor" value="Oracle Corporation"/>
    <property name="java.vm.info" value="mixed mode"/>
    <property name="java.vm.version" value="11.0.2+9"/>
    <property name="sun.io.unicode.encoding" value="UnicodeLittle"/>
    <property name="java.class.version" value="55.0"/>
  </properties>
  <testcase name="testIsGenericsMethod" classname="spoon.test.generics.GenericsTest" time="0.044"/>
  <testcase name="testModelBuildingGenericConstructor" classname="spoon.test.generics.GenericsTest" time="0.031"/>
  <testcase name="testisGeneric" classname="spoon.test.generics.GenericsTest" time="0.106"/>
  <testcase name="testIsSameSignatureWithReferencedGenerics" classname="spoon.test.generics.GenericsTest" time="0.023"/>
  <testcase name="testDeclarationOfTypeParameterReference" classname="spoon.test.generics.GenericsTest" time="0.039"/>
  <testcase name="testGenericTypeReference" classname="spoon.test.generics.GenericsTest" time="0.041"/>
  <testcase name="testTopLevelIsGenerics" classname="spoon.test.generics.GenericsTest" time="0.025"/>
  <testcase name="testTypeParameterDeclarer" classname="spoon.test.generics.GenericsTest" time="0.018"/>
  <testcase name="testAccessToGenerics" classname="spoon.test.generics.GenericsTest" time="0.023"/>
  <testcase name="testConstructorCallGenerics" classname="spoon.test.generics.GenericsTest" time="0.23"/>
  <testcase name="testRecursiveUpperBound" classname="spoon.test.generics.GenericsTest" time="0.018"/>
  <testcase name="testRecursiveTypeAdapting" classname="spoon.test.generics.GenericsTest" time="0.024"/>
  <testcase name="testBugCommonCollection" classname="spoon.test.generics.GenericsTest" time="0.049"/>
  <testcase name="testName" classname="spoon.test.generics.GenericsTest" time="0.133"/>
  <testcase name="testClassContextOnInnerClass" classname="spoon.test.generics.GenericsTest" time="0.03"/>
  <testcase name="testTypeAdapted" classname="spoon.test.generics.GenericsTest" time="0.03"/>
  <testcase name="testGenericWithExtendsInDeclaration" classname="spoon.test.generics.GenericsTest" time="0.017"/>
  <testcase name="testGenericsInQualifiedNameInConstructorCall" classname="spoon.test.generics.GenericsTest" time="0.137"/>
  <testcase name="testWildcard" classname="spoon.test.generics.GenericsTest" time="0.02"/>
  <testcase name="testInstanceOfMapEntryGeneric" classname="spoon.test.generics.GenericsTest" time="0.027"/>
  <testcase name="testNewClassGenerics" classname="spoon.test.generics.GenericsTest" time="0.221"/>
  <testcase name="testGenericsOnLocalType" classname="spoon.test.generics.GenericsTest" time="0.017"/>
  <testcase name="testTypeParameterReferenceAsActualTypeArgument" classname="spoon.test.generics.GenericsTest" time="0.015"/>
  <testcase name="testWildCardonShadowClass" classname="spoon.test.generics.GenericsTest" time="0.025"/>
  <testcase name="testGenericsInConstructorCall" classname="spoon.test.generics.GenericsTest" time="0.016"/>
  <testcase name="testGetDeclarationOfTypeParameterReference" classname="spoon.test.generics.GenericsTest" time="0.029"/>
  <testcase name="testCannotAdaptTypeOfNonTypeScope" classname="spoon.test.generics.GenericsTest" time="0.032"/>
  <testcase name="testDiamond1" classname="spoon.test.generics.GenericsTest" time="0.026"/>
  <testcase name="testDiamond2" classname="spoon.test.generics.GenericsTest" time="0.026"/>
  <testcase name="testClassTypingContextMethodSignature" classname="spoon.test.generics.GenericsTest" time="0.084"/>
  <testcase name="testGetDeclarationOnGenericReturnType" classname="spoon.test.generics.GenericsTest" time="0.017"/>
  <testcase name="testInvocationGenerics" classname="spoon.test.generics.GenericsTest" time="0.188"/>
  <testcase name="testIsGenericTypeEqual" classname="spoon.test.generics.GenericsTest" time="0.025"/>
  <testcase name="testIsSameSignatureWithMethodGenerics" classname="spoon.test.generics.GenericsTest" time="0.017"/>
  <testcase name="testGenericsOverriding" classname="spoon.test.generics.GenericsTest" time="0.016"/>
  <testcase name="testExecutableTypeParameter" classname="spoon.test.generics.GenericsTest" time="0.015"/>
  <testcase name="testMethodTypingContextAdaptMethod" classname="spoon.test.generics.GenericsTest" time="0.082"/>
  <testcase name="testModelBuildingTree" classname="spoon.test.generics.GenericsTest" time="0.028"/>
  <testcase name="testGetExecDeclarationOfEnumSetOf" classname="spoon.test.generics.GenericsTest" time="0.02"/>
  <testcase name="testMethodsWithGenericsWhoExtendsObject" classname="spoon.test.generics.GenericsTest" time="0.116"/>
  <testcase name="testModelBuildingSimilarSignatureMethods" classname="spoon.test.generics.GenericsTest" time="0.015"/>
  <testcase name="testClassTypingContext" classname="spoon.test.generics.GenericsTest" time="0.085"/>
  <testcase name="testGenericInField" classname="spoon.test.generics.GenericsTest" time="0.027"/>
  <testcase name="testGenericMethodCallWithExtend" classname="spoon.test.generics.GenericsTest" time="0.017"/>
  <testcase name="testBugComparableComparator" classname="spoon.test.generics.GenericsTest" time="0.023"/>
  <testcase name="testIsParameterized" classname="spoon.test.generics.GenericsTest" time="0.023"/>
  <testcase name="testCtTypeReference_getSuperclass" classname="spoon.test.generics.GenericsTest" time="0.081"/>
  <testcase name="testTypeParameterReference" classname="spoon.test.generics.GenericsTest" time="0.03"/>
  <testcase name="testMethodTypingContext" classname="spoon.test.generics.GenericsTest" time="0.114"/>
  <testcase name="testDeepGenericsInExecutableReference" classname="spoon.test.generics.GenericsTest" time="0.022"/>
  <testcase name="testIsSameSignatureWithGenerics" classname="spoon.test.generics.GenericsTest" time="0.02"/>
  <testcase name="testDiamondComplexGenericsRxJava" classname="spoon.test.generics.GenericsTest" time="0.072"/>
</testsuite>