<?xml version="1.0" encoding="UTF-8"?>
<testsuite xmlns:xsi="http://www.w3.org/2001/XMLSchema-instance" xsi:noNamespaceSchemaLocation="https://maven.apache.org/surefire/maven-surefire-plugin/xsd/surefire-test-report-3.0.xsd" version="3.0" name="spoon.MavenLauncherTest" time="38.233" tests="12" errors="0" skipped="1" failures="0">
  <properties>
    <property name="awt.toolkit" value="sun.awt.X11.XToolkit"/>
    <property name="file.encoding.pkg" value="sun.io"/>
    <property name="java.specification.version" value="1.8"/>
    <property name="sun.cpu.isalist" value=""/>
    <property name="sun.jnu.encoding" value="UTF-8"/>
    <property name="java.class.path" value="/home/travis/.m2/repository/org/apache/maven/surefire/surefire-booter/3.0.0-M5/surefire-booter-3.0.0-M5.jar:/home/travis/.m2/repository/org/apache/maven/surefire/surefire-api/3.0.0-M5/surefire-api-3.0.0-M5.jar:/home/travis/.m2/repository/org/apache/maven/surefire/surefire-logger-api/3.0.0-M5/surefire-logger-api-3.0.0-M5.jar:/home/travis/.m2/repository/org/apache/maven/surefire/surefire-shared-utils/3.0.0-M4/surefire-shared-utils-3.0.0-M4.jar:/home/travis/.m2/repository/org/apache/maven/surefire/surefire-extensions-spi/3.0.0-M5/surefire-extensions-spi-3.0.0-M5.jar:/home/travis/build/SpoonLabs/spoon-ci-external/spoon/target/test-classes:/home/travis/build/SpoonLabs/spoon-ci-external/spoon/target/classes:/home/travis/.m2/repository/org/eclipse/jdt/org.eclipse.jdt.core/3.20.0/org.eclipse.jdt.core-3.20.0.jar:/home/travis/.m2/repository/com/martiansoftware/jsap/2.1/jsap-2.1.jar:/home/travis/.m2/repository/org/apache/logging/log4j/log4j-api/2.13.3/log4j-api-2.13.3.jar:/home/travis/.m2/repository/org/apache/logging/log4j/log4j-to-slf4j/2.13.3/log4j-to-slf4j-2.13.3.jar:/home/travis/.m2/repository/org/slf4j/slf4j-api/1.7.25/slf4j-api-1.7.25.jar:/home/travis/.m2/repository/commons-io/commons-io/2.8.0/commons-io-2.8.0.jar:/home/travis/.m2/repository/org/apache/maven/maven-model/3.6.3/maven-model-3.6.3.jar:/home/travis/.m2/repository/org/codehaus/plexus/plexus-utils/3.2.1/plexus-utils-3.2.1.jar:/home/travis/.m2/repository/org/apache/commons/commons-lang3/3.11/commons-lang3-3.11.jar:/home/travis/.m2/repository/org/tukaani/xz/1.8/xz-1.8.jar:/home/travis/.m2/repository/com/fasterxml/jackson/core/jackson-databind/2.11.2/jackson-databind-2.11.2.jar:/home/travis/.m2/repository/com/fasterxml/jackson/core/jackson-annotations/2.11.2/jackson-annotations-2.11.2.jar:/home/travis/.m2/repository/com/fasterxml/jackson/core/jackson-core/2.11.2/jackson-core-2.11.2.jar:/home/travis/.m2/repository/org/apache/commons/commons-compress/1.20/commons-compress-1.20.jar:/home/travis/.m2/repository/com/google/guava/guava/29.0-jre/guava-29.0-jre.jar:/home/travis/.m2/repository/com/google/guava/failureaccess/1.0.1/failureaccess-1.0.1.jar:/home/travis/.m2/repository/com/google/guava/listenablefuture/9999.0-empty-to-avoid-conflict-with-guava/listenablefuture-9999.0-empty-to-avoid-conflict-with-guava.jar:/home/travis/.m2/repository/com/google/code/findbugs/jsr305/3.0.2/jsr305-3.0.2.jar:/home/travis/.m2/repository/org/checkerframework/checker-qual/2.11.1/checker-qual-2.11.1.jar:/home/travis/.m2/repository/com/google/errorprone/error_prone_annotations/2.3.4/error_prone_annotations-2.3.4.jar:/home/travis/.m2/repository/com/google/j2objc/j2objc-annotations/1.3/j2objc-annotations-1.3.jar:/home/travis/.m2/repository/ch/qos/logback/logback-classic/1.2.3/logback-classic-1.2.3.jar:/home/travis/.m2/repository/ch/qos/logback/logback-core/1.2.3/logback-core-1.2.3.jar:/home/travis/.m2/repository/com/mysema/querydsl/querydsl-core/3.6.9/querydsl-core-3.6.9.jar:/home/travis/.m2/repository/org/apache/maven/shared/maven-invoker/3.0.1/maven-invoker-3.0.1.jar:/home/travis/.m2/repository/org/apache/maven/shared/maven-shared-utils/3.2.1/maven-shared-utils-3.2.1.jar:/home/travis/.m2/repository/org/codehaus/plexus/plexus-component-annotations/1.7.1/plexus-component-annotations-1.7.1.jar:/home/travis/.m2/repository/javax/validation/validation-api/2.0.1.Final/validation-api-2.0.1.Final.jar:/home/travis/.m2/repository/com/google/code/gson/gson/2.8.6/gson-2.8.6.jar:/home/travis/.m2/repository/org/junit/vintage/junit-vintage-engine/5.6.2/junit-vintage-engine-5.6.2.jar:/home/travis/.m2/repository/org/apiguardian/apiguardian-api/1.1.0/apiguardian-api-1.1.0.jar:/home/travis/.m2/repository/org/junit/platform/junit-platform-engine/1.6.2/junit-platform-engine-1.6.2.jar:/home/travis/.m2/repository/org/opentest4j/opentest4j/1.2.0/opentest4j-1.2.0.jar:/home/travis/.m2/repository/org/junit/platform/junit-platform-commons/1.6.2/junit-platform-commons-1.6.2.jar:/home/travis/.m2/repository/junit/junit/4.13/junit-4.13.jar:/home/travis/.m2/repository/org/hamcrest/hamcrest-core/1.3/hamcrest-core-1.3.jar:/home/travis/.m2/repository/org/mockito/mockito-core/3.5.10/mockito-core-3.5.10.jar:/home/travis/.m2/repository/net/bytebuddy/byte-buddy/1.10.13/byte-buddy-1.10.13.jar:/home/travis/.m2/repository/net/bytebuddy/byte-buddy-agent/1.10.13/byte-buddy-agent-1.10.13.jar:/home/travis/.m2/repository/org/objenesis/objenesis/3.1/objenesis-3.1.jar:/home/travis/.m2/repository/org/junit/jupiter/junit-jupiter-engine/5.6.2/junit-jupiter-engine-5.6.2.jar:/home/travis/.m2/repository/org/junit/jupiter/junit-jupiter-api/5.6.2/junit-jupiter-api-5.6.2.jar:/home/travis/.m2/repository/com/github/stefanbirkner/system-rules/1.19.0/system-rules-1.19.0.jar:/home/travis/.m2/repository/org/apache/maven/surefire/surefire-junit-platform/3.0.0-M5/surefire-junit-platform-3.0.0-M5.jar:/home/travis/.m2/repository/org/apache/maven/surefire/common-java5/3.0.0-M5/common-java5-3.0.0-M5.jar:/home/travis/.m2/repository/org/junit/platform/junit-platform-launcher/1.6.2/junit-platform-launcher-1.6.2.jar"/>
    <property name="java.vm.vendor" value="Private Build"/>
    <property name="sun.arch.data.model" value="64"/>
    <property name="java.vendor.url" value="http://java.oracle.com/"/>
    <property name="user.timezone" value="UTC"/>
    <property name="java.vm.specification.version" value="1.8"/>
    <property name="os.name" value="Linux"/>
    <property name="spoon.log.path" value="${java.io.tmpdir}/spoon-log.log"/>
    <property name="user.country" value="US"/>
    <property name="sun.java.launcher" value="SUN_STANDARD"/>
    <property name="sun.boot.library.path" value="/usr/lib/jvm/java-8-openjdk-amd64/jre/lib/amd64"/>
    <property name="sun.java.command" value="org.apache.maven.surefire.booter.ForkedBooter /home/travis/build/SpoonLabs/spoon-ci-external/spoon/target/surefire 2020-09-10T18-20-25_056-jvmRun1 surefire6609074951749008169tmp surefire_03720019873771397846tmp"/>
    <property name="surefire.test.class.path" value="/home/travis/build/SpoonLabs/spoon-ci-external/spoon/target/test-classes:/home/travis/build/SpoonLabs/spoon-ci-external/spoon/target/classes:/home/travis/.m2/repository/org/eclipse/jdt/org.eclipse.jdt.core/3.20.0/org.eclipse.jdt.core-3.20.0.jar:/home/travis/.m2/repository/com/martiansoftware/jsap/2.1/jsap-2.1.jar:/home/travis/.m2/repository/org/apache/logging/log4j/log4j-api/2.13.3/log4j-api-2.13.3.jar:/home/travis/.m2/repository/org/apache/logging/log4j/log4j-to-slf4j/2.13.3/log4j-to-slf4j-2.13.3.jar:/home/travis/.m2/repository/org/slf4j/slf4j-api/1.7.25/slf4j-api-1.7.25.jar:/home/travis/.m2/repository/commons-io/commons-io/2.8.0/commons-io-2.8.0.jar:/home/travis/.m2/repository/org/apache/maven/maven-model/3.6.3/maven-model-3.6.3.jar:/home/travis/.m2/repository/org/codehaus/plexus/plexus-utils/3.2.1/plexus-utils-3.2.1.jar:/home/travis/.m2/repository/org/apache/commons/commons-lang3/3.11/commons-lang3-3.11.jar:/home/travis/.m2/repository/org/tukaani/xz/1.8/xz-1.8.jar:/home/travis/.m2/repository/com/fasterxml/jackson/core/jackson-databind/2.11.2/jackson-databind-2.11.2.jar:/home/travis/.m2/repository/com/fasterxml/jackson/core/jackson-annotations/2.11.2/jackson-annotations-2.11.2.jar:/home/travis/.m2/repository/com/fasterxml/jackson/core/jackson-core/2.11.2/jackson-core-2.11.2.jar:/home/travis/.m2/repository/org/apache/commons/commons-compress/1.20/commons-compress-1.20.jar:/home/travis/.m2/repository/com/google/guava/guava/29.0-jre/guava-29.0-jre.jar:/home/travis/.m2/repository/com/google/guava/failureaccess/1.0.1/failureaccess-1.0.1.jar:/home/travis/.m2/repository/com/google/guava/listenablefuture/9999.0-empty-to-avoid-conflict-with-guava/listenablefuture-9999.0-empty-to-avoid-conflict-with-guava.jar:/home/travis/.m2/repository/com/google/code/findbugs/jsr305/3.0.2/jsr305-3.0.2.jar:/home/travis/.m2/repository/org/checkerframework/checker-qual/2.11.1/checker-qual-2.11.1.jar:/home/travis/.m2/repository/com/google/errorprone/error_prone_annotations/2.3.4/error_prone_annotations-2.3.4.jar:/home/travis/.m2/repository/com/google/j2objc/j2objc-annotations/1.3/j2objc-annotations-1.3.jar:/home/travis/.m2/repository/ch/qos/logback/logback-classic/1.2.3/logback-classic-1.2.3.jar:/home/travis/.m2/repository/ch/qos/logback/logback-core/1.2.3/logback-core-1.2.3.jar:/home/travis/.m2/repository/com/mysema/querydsl/querydsl-core/3.6.9/querydsl-core-3.6.9.jar:/home/travis/.m2/repository/org/apache/maven/shared/maven-invoker/3.0.1/maven-invoker-3.0.1.jar:/home/travis/.m2/repository/org/apache/maven/shared/maven-shared-utils/3.2.1/maven-shared-utils-3.2.1.jar:/home/travis/.m2/repository/org/codehaus/plexus/plexus-component-annotations/1.7.1/plexus-component-annotations-1.7.1.jar:/home/travis/.m2/repository/javax/validation/validation-api/2.0.1.Final/validation-api-2.0.1.Final.jar:/home/travis/.m2/repository/com/google/code/gson/gson/2.8.6/gson-2.8.6.jar:/home/travis/.m2/repository/org/junit/vintage/junit-vintage-engine/5.6.2/junit-vintage-engine-5.6.2.jar:/home/travis/.m2/repository/org/apiguardian/apiguardian-api/1.1.0/apiguardian-api-1.1.0.jar:/home/travis/.m2/repository/org/junit/platform/junit-platform-engine/1.6.2/junit-platform-engine-1.6.2.jar:/home/travis/.m2/repository/org/opentest4j/opentest4j/1.2.0/opentest4j-1.2.0.jar:/home/travis/.m2/repository/org/junit/platform/junit-platform-commons/1.6.2/junit-platform-commons-1.6.2.jar:/home/travis/.m2/repository/junit/junit/4.13/junit-4.13.jar:/home/travis/.m2/repository/org/hamcrest/hamcrest-core/1.3/hamcrest-core-1.3.jar:/home/travis/.m2/repository/org/mockito/mockito-core/3.5.10/mockito-core-3.5.10.jar:/home/travis/.m2/repository/net/bytebuddy/byte-buddy/1.10.13/byte-buddy-1.10.13.jar:/home/travis/.m2/repository/net/bytebuddy/byte-buddy-agent/1.10.13/byte-buddy-agent-1.10.13.jar:/home/travis/.m2/repository/org/objenesis/objenesis/3.1/objenesis-3.1.jar:/home/travis/.m2/repository/org/junit/jupiter/junit-jupiter-engine/5.6.2/junit-jupiter-engine-5.6.2.jar:/home/travis/.m2/repository/org/junit/jupiter/junit-jupiter-api/5.6.2/junit-jupiter-api-5.6.2.jar:/home/travis/.m2/repository/com/github/stefanbirkner/system-rules/1.19.0/system-rules-1.19.0.jar:"/>
    <property name="sun.cpu.endian" value="little"/>
    <property name="user.home" value="/home/travis"/>
    <property name="user.language" value="en"/>
    <property name="java.specification.vendor" value="Oracle Corporation"/>
    <property name="java.home" value="/usr/lib/jvm/java-8-openjdk-amd64/jre"/>
    <property name="basedir" value="/home/travis/build/SpoonLabs/spoon-ci-external/spoon"/>
    <property name="file.separator" value="/"/>
    <property name="line.separator" value="&#10;"/>
    <property name="java.vm.specification.vendor" value="Oracle Corporation"/>
    <property name="java.specification.name" value="Java Platform API Specification"/>
    <property name="java.awt.graphicsenv" value="sun.awt.X11GraphicsEnvironment"/>
    <property name="sun.boot.class.path" value="/usr/lib/jvm/java-8-openjdk-amd64/jre/lib/resources.jar:/usr/lib/jvm/java-8-openjdk-amd64/jre/lib/rt.jar:/usr/lib/jvm/java-8-openjdk-amd64/jre/lib/sunrsasign.jar:/usr/lib/jvm/java-8-openjdk-amd64/jre/lib/jsse.jar:/usr/lib/jvm/java-8-openjdk-amd64/jre/lib/jce.jar:/usr/lib/jvm/java-8-openjdk-amd64/jre/lib/charsets.jar:/usr/lib/jvm/java-8-openjdk-amd64/jre/lib/jfr.jar:/usr/lib/jvm/java-8-openjdk-amd64/jre/classes"/>
    <property name="sun.management.compiler" value="HotSpot 64-Bit Tiered Compilers"/>
    <property name="java.runtime.version" value="1.8.0_252-8u252-b09-1~16.04-b09"/>
    <property name="user.name" value="travis"/>
    <property name="path.separator" value=":"/>
    <property name="os.version" value="4.15.0-1077-gcp"/>
    <property name="java.endorsed.dirs" value="/usr/lib/jvm/java-8-openjdk-amd64/jre/lib/endorsed"/>
    <property name="java.runtime.name" value="OpenJDK Runtime Environment"/>
    <property name="file.encoding" value="UTF-8"/>
    <property name="java.vm.name" value="OpenJDK 64-Bit Server VM"/>
    <property name="localRepository" value="/home/travis/.m2/repository"/>
    <property name="java.vendor.url.bug" value="http://bugreport.sun.com/bugreport/"/>
    <property name="java.io.tmpdir" value="/tmp"/>
    <property name="java.version" value="1.8.0_252"/>
    <property name="user.dir" value="/home/travis/build/SpoonLabs/spoon-ci-external/spoon"/>
    <property name="os.arch" value="amd64"/>
    <property name="java.vm.specification.name" value="Java Virtual Machine Specification"/>
    <property name="java.awt.printerjob" value="sun.print.PSPrinterJob"/>
    <property name="sun.os.patch.level" value="unknown"/>
    <property name="java.library.path" value="/usr/java/packages/lib/amd64:/usr/lib/x86_64-linux-gnu/jni:/lib/x86_64-linux-gnu:/usr/lib/x86_64-linux-gnu:/usr/lib/jni:/lib:/usr/lib"/>
    <property name="java.vm.info" value="mixed mode"/>
    <property name="java.vendor" value="Private Build"/>
    <property name="java.vm.version" value="25.252-b09"/>
    <property name="java.ext.dirs" value="/usr/lib/jvm/java-8-openjdk-amd64/jre/lib/ext:/usr/java/packages/lib/ext"/>
    <property name="sun.io.unicode.encoding" value="UnicodeLittle"/>
    <property name="java.class.version" value="52.0"/>
  </properties>
  <testcase name="testForceRefresh" classname="spoon.MavenLauncherTest" time="3.517">
    <system-out><![CDATA[18:20:37.559 [main] INFO spoon.Launcher - Running in NOCLASSPATH mode (doc: http://spoon.gforge.inria.fr/launcher.html).
18:20:37.860 [main] INFO spoon.Launcher - Running in NOCLASSPATH mode (doc: http://spoon.gforge.inria.fr/launcher.html).
18:20:39.549 [Thread-3] DEBUG spoon.Launcher - [INFO] Scanning for projects...
18:20:39.605 [Thread-3] DEBUG spoon.Launcher - [WARNING] 
18:20:39.609 [Thread-3] DEBUG spoon.Launcher - [WARNING] Some problems were encountered while building the effective model for org.foo.bar:foobar:jar:1.0.0-SNAPSHOT
18:20:39.612 [Thread-3] DEBUG spoon.Launcher - [WARNING] 'dependencies.dependency.systemPath' for com.infradna.tool:bridge-method-annotation:jar should not point at files within the project directory, ${basedir}/lib/bridge-method-annotation-1.13.jar will be unresolvable by dependent projects @ line 18, column 25
18:20:39.612 [Thread-3] DEBUG spoon.Launcher - [WARNING] 
18:20:39.613 [Thread-3] DEBUG spoon.Launcher - [WARNING] It is highly recommended to fix these problems because they threaten the stability of your build.
18:20:39.613 [Thread-3] DEBUG spoon.Launcher - [WARNING] 
18:20:39.617 [Thread-3] DEBUG spoon.Launcher - [WARNING] For this reason, future Maven versions might no longer support building such malformed projects.
18:20:39.617 [Thread-3] DEBUG spoon.Launcher - [WARNING] 
18:20:39.946 [Thread-3] DEBUG spoon.Launcher - [INFO] 
18:20:39.949 [Thread-3] DEBUG spoon.Launcher - [INFO] -------------------------< org.foo.bar:foobar >-------------------------
18:20:39.949 [Thread-3] DEBUG spoon.Launcher - [INFO] Building foobar 1.0.0-SNAPSHOT
18:20:39.950 [Thread-3] DEBUG spoon.Launcher - [INFO] --------------------------------[ jar ]---------------------------------
18:20:39.973 [Thread-3] DEBUG spoon.Launcher - [INFO] 
18:20:39.973 [Thread-3] DEBUG spoon.Launcher - [INFO] --- maven-dependency-plugin:2.8:build-classpath (default-cli) @ foobar ---
18:20:41.056 [Thread-3] DEBUG spoon.Launcher - [INFO] Wrote classpath file '/home/travis/build/SpoonLabs/spoon-ci-external/spoon/src/test/resources/maven-launcher/system-dependency/spoon.classpath.tmp'.
18:20:41.058 [Thread-3] DEBUG spoon.Launcher - [INFO] ------------------------------------------------------------------------
18:20:41.059 [Thread-3] DEBUG spoon.Launcher - [INFO] BUILD SUCCESS
18:20:41.061 [Thread-3] DEBUG spoon.Launcher - [INFO] ------------------------------------------------------------------------
18:20:41.061 [Thread-3] DEBUG spoon.Launcher - [INFO] Total time:  1.537 s
18:20:41.061 [Thread-3] DEBUG spoon.Launcher - [INFO] Finished at: 2020-09-10T18:20:41Z
18:20:41.061 [Thread-3] DEBUG spoon.Launcher - [INFO] ------------------------------------------------------------------------
]]></system-out>
  </testcase>
  <testcase name="mavenLauncherTestMultiModulesAndVariables" classname="spoon.MavenLauncherTest" time="5.28">
    <system-out><![CDATA[18:20:41.074 [main] INFO spoon.Launcher - Running in NOCLASSPATH mode (doc: http://spoon.gforge.inria.fr/launcher.html).
18:20:42.654 [Thread-6] DEBUG spoon.Launcher - [INFO] Scanning for projects...
18:20:43.989 [Thread-6] DEBUG spoon.Launcher - [INFO] 
18:20:43.989 [Thread-6] DEBUG spoon.Launcher - [INFO] -----------------------< org.pac4j:pac4j-config >-----------------------
18:20:43.990 [Thread-6] DEBUG spoon.Launcher - [INFO] Building pac4j configuration 3.0.0
18:20:43.993 [Thread-6] DEBUG spoon.Launcher - [INFO] --------------------------------[ jar ]---------------------------------
18:20:44.593 [Thread-6] DEBUG spoon.Launcher - [INFO] Downloading from sonatype-apache: https://repository.apache.org/content/repositories/releases/net/minidev/json-smart/maven-metadata.xml
18:20:44.599 [Thread-6] DEBUG spoon.Launcher - [INFO] Downloading from sonatype: https://oss.sonatype.org/content/repositories/releases/net/minidev/json-smart/maven-metadata.xml
18:20:44.601 [Thread-6] DEBUG spoon.Launcher - [INFO] Downloading from apache-snapshots: https://repository.apache.org/snapshots/net/minidev/json-smart/maven-metadata.xml
18:20:45.307 [Thread-6] DEBUG spoon.Launcher - [INFO] Downloaded from sonatype: https://oss.sonatype.org/content/repositories/releases/net/minidev/json-smart/maven-metadata.xml (849 B at 1.2 kB/s)
18:20:45.378 [Thread-6] DEBUG spoon.Launcher - [INFO] Downloading from sonatype: https://oss.sonatype.org/content/repositories/releases/com/nimbusds/lang-tag/maven-metadata.xml
18:20:45.383 [Thread-6] DEBUG spoon.Launcher - [INFO] Downloading from sonatype-apache: https://repository.apache.org/content/repositories/releases/com/nimbusds/lang-tag/maven-metadata.xml
18:20:45.397 [Thread-6] DEBUG spoon.Launcher - [INFO] Downloading from apache-snapshots: https://repository.apache.org/snapshots/com/nimbusds/lang-tag/maven-metadata.xml
18:20:45.484 [Thread-6] DEBUG spoon.Launcher - [INFO] Downloaded from sonatype: https://oss.sonatype.org/content/repositories/releases/com/nimbusds/lang-tag/maven-metadata.xml (563 B at 5.3 kB/s)
18:20:45.792 [Thread-6] DEBUG spoon.Launcher - [INFO] 
18:20:45.793 [Thread-6] DEBUG spoon.Launcher - [INFO] --- maven-dependency-plugin:2.8:build-classpath (default-cli) @ pac4j-config ---
18:20:46.319 [Thread-6] DEBUG spoon.Launcher - [INFO] Wrote classpath file '/home/travis/build/SpoonLabs/spoon-ci-external/spoon/src/test/resources/maven-launcher/pac4j/pac4j-config/spoon.classpath.tmp'.
18:20:46.322 [Thread-6] DEBUG spoon.Launcher - [INFO] ------------------------------------------------------------------------
18:20:46.323 [Thread-6] DEBUG spoon.Launcher - [INFO] BUILD SUCCESS
18:20:46.323 [Thread-6] DEBUG spoon.Launcher - [INFO] ------------------------------------------------------------------------
18:20:46.325 [Thread-6] DEBUG spoon.Launcher - [INFO] Total time:  3.694 s
18:20:46.326 [Thread-6] DEBUG spoon.Launcher - [INFO] Finished at: 2020-09-10T18:20:46Z
18:20:46.326 [Thread-6] DEBUG spoon.Launcher - [INFO] ------------------------------------------------------------------------
]]></system-out>
  </testcase>
  <testcase name="testSystemDependency" classname="spoon.MavenLauncherTest" time="0.198">
    <system-out><![CDATA[18:20:46.355 [main] INFO spoon.Launcher - Running in NOCLASSPATH mode (doc: http://spoon.gforge.inria.fr/launcher.html).
]]></system-out>
  </testcase>
  <testcase name="testRebuildClasspath" classname="spoon.MavenLauncherTest" time="3.04">
    <system-out><![CDATA[18:20:46.554 [main] INFO spoon.Launcher - Running in NOCLASSPATH mode (doc: http://spoon.gforge.inria.fr/launcher.html).
18:20:48.224 [Thread-9] DEBUG spoon.Launcher - [INFO] Scanning for projects...
18:20:48.285 [Thread-9] DEBUG spoon.Launcher - [WARNING] 
18:20:48.286 [Thread-9] DEBUG spoon.Launcher - [WARNING] Some problems were encountered while building the effective model for org.foo.bar:foobar:jar:1.0.0-SNAPSHOT
18:20:48.289 [Thread-9] DEBUG spoon.Launcher - [WARNING] 'dependencies.dependency.systemPath' for com.infradna.tool:bridge-method-annotation:jar should not point at files within the project directory, ${basedir}/lib/bridge-method-annotation-1.13.jar will be unresolvable by dependent projects @ line 18, column 25
18:20:48.289 [Thread-9] DEBUG spoon.Launcher - [WARNING] 
18:20:48.296 [Thread-9] DEBUG spoon.Launcher - [WARNING] It is highly recommended to fix these problems because they threaten the stability of your build.
18:20:48.296 [Thread-9] DEBUG spoon.Launcher - [WARNING] 
18:20:48.296 [Thread-9] DEBUG spoon.Launcher - [WARNING] For this reason, future Maven versions might no longer support building such malformed projects.
18:20:48.297 [Thread-9] DEBUG spoon.Launcher - [WARNING] 
18:20:48.598 [Thread-9] DEBUG spoon.Launcher - [INFO] 
18:20:48.600 [Thread-9] DEBUG spoon.Launcher - [INFO] -------------------------< org.foo.bar:foobar >-------------------------
18:20:48.602 [Thread-9] DEBUG spoon.Launcher - [INFO] Building foobar 1.0.0-SNAPSHOT
18:20:48.602 [Thread-9] DEBUG spoon.Launcher - [INFO] --------------------------------[ jar ]---------------------------------
18:20:48.622 [Thread-9] DEBUG spoon.Launcher - [INFO] 
18:20:48.623 [Thread-9] DEBUG spoon.Launcher - [INFO] --- maven-dependency-plugin:2.8:build-classpath (default-cli) @ foobar ---
18:20:49.580 [Thread-9] DEBUG spoon.Launcher - [INFO] Wrote classpath file '/home/travis/build/SpoonLabs/spoon-ci-external/spoon/src/test/resources/maven-launcher/system-dependency/spoon.classpath.tmp'.
18:20:49.580 [Thread-9] DEBUG spoon.Launcher - [INFO] ------------------------------------------------------------------------
18:20:49.580 [Thread-9] DEBUG spoon.Launcher - [INFO] BUILD SUCCESS
18:20:49.580 [Thread-9] DEBUG spoon.Launcher - [INFO] ------------------------------------------------------------------------
18:20:49.582 [Thread-9] DEBUG spoon.Launcher - [INFO] Total time:  1.383 s
18:20:49.582 [Thread-9] DEBUG spoon.Launcher - [INFO] Finished at: 2020-09-10T18:20:49Z
18:20:49.583 [Thread-9] DEBUG spoon.Launcher - [INFO] ------------------------------------------------------------------------
]]></system-out>
  </testcase>
  <testcase name="testTypeResolution" classname="spoon.MavenLauncherTest" time="0">
    <skipped/>
  </testcase>
  <testcase name="multiModulesProjectTest" classname="spoon.MavenLauncherTest" time="6.326">
    <system-out><![CDATA[18:20:49.596 [main] INFO spoon.Launcher - Running in NOCLASSPATH mode (doc: http://spoon.gforge.inria.fr/launcher.html).
18:20:51.270 [Thread-12] DEBUG spoon.Launcher - [INFO] Scanning for projects...
18:20:52.300 [Thread-12] DEBUG spoon.Launcher - [INFO] ------------------------------------------------------------------------
18:20:52.301 [Thread-12] DEBUG spoon.Launcher - [INFO] Reactor Build Order:
18:20:52.301 [Thread-12] DEBUG spoon.Launcher - [INFO] 
18:20:52.303 [Thread-12] DEBUG spoon.Launcher - [INFO] pac4j                                                              [pom]
18:20:52.308 [Thread-12] DEBUG spoon.Launcher - [INFO] pac4j core                                                         [jar]
18:20:52.309 [Thread-12] DEBUG spoon.Launcher - [INFO] pac4j for CAS protocol                                             [jar]
18:20:52.310 [Thread-12] DEBUG spoon.Launcher - [INFO] pac4j for SAML protocol                                            [jar]
18:20:52.310 [Thread-12] DEBUG spoon.Launcher - [INFO] pac4j for OAuth protocol                                           [jar]
18:20:52.311 [Thread-12] DEBUG spoon.Launcher - [INFO] pac4j for OpenID Connect protocol                                  [jar]
18:20:52.311 [Thread-12] DEBUG spoon.Launcher - [INFO] pac4j for LDAP                                                     [jar]
18:20:52.312 [Thread-12] DEBUG spoon.Launcher - [INFO] pac4j for HTTP protocol                                            [jar]
18:20:52.312 [Thread-12] DEBUG spoon.Launcher - [INFO] pac4j for relational DB                                            [jar]
18:20:52.315 [Thread-12] DEBUG spoon.Launcher - [INFO] pac4j configuration                                                [jar]
18:20:52.315 [Thread-12] DEBUG spoon.Launcher - [INFO] pac4j for OpenId protocol                                          [jar]
18:20:52.315 [Thread-12] DEBUG spoon.Launcher - [INFO] pac4j for GAE UserService mechanism                                [jar]
18:20:52.315 [Thread-12] DEBUG spoon.Launcher - [INFO] pac4j for JWT                                                      [jar]
18:20:52.315 [Thread-12] DEBUG spoon.Launcher - [INFO] pac4j for MongoDB                                                  [jar]
18:20:52.315 [Thread-12] DEBUG spoon.Launcher - [INFO] pac4j for CouchDB                                                  [jar]
18:20:52.315 [Thread-12] DEBUG spoon.Launcher - [INFO] pac4j for Kerberos                                                 [jar]
18:20:52.608 [Thread-12] DEBUG spoon.Launcher - [INFO] 
18:20:52.608 [Thread-12] DEBUG spoon.Launcher - [INFO] --------------------------< org.pac4j:pac4j >---------------------------
18:20:52.608 [Thread-12] DEBUG spoon.Launcher - [INFO] Building pac4j 3.0.0                                              [1/16]
18:20:52.608 [Thread-12] DEBUG spoon.Launcher - [INFO] --------------------------------[ pom ]---------------------------------
18:20:52.616 [Thread-12] DEBUG spoon.Launcher - [INFO] 
18:20:52.616 [Thread-12] DEBUG spoon.Launcher - [INFO] --- maven-dependency-plugin:2.8:build-classpath (default-cli) @ pac4j ---
18:20:53.143 [Thread-12] DEBUG spoon.Launcher - [INFO] No dependencies found.
18:20:53.144 [Thread-12] DEBUG spoon.Launcher - [INFO] Wrote classpath file '/home/travis/build/SpoonLabs/spoon-ci-external/spoon/src/test/resources/maven-launcher/pac4j/spoon.classpath.tmp'.
18:20:53.145 [Thread-12] DEBUG spoon.Launcher - [INFO] 
18:20:53.145 [Thread-12] DEBUG spoon.Launcher - [INFO] ------------------------< org.pac4j:pac4j-core >------------------------
18:20:53.145 [Thread-12] DEBUG spoon.Launcher - [INFO] Building pac4j core 3.0.0                                         [2/16]
18:20:53.146 [Thread-12] DEBUG spoon.Launcher - [INFO] --------------------------------[ jar ]---------------------------------
18:20:53.229 [Thread-12] DEBUG spoon.Launcher - [INFO] 
18:20:53.229 [Thread-12] DEBUG spoon.Launcher - [INFO] --- maven-dependency-plugin:2.8:build-classpath (default-cli) @ pac4j-core ---
18:20:53.743 [Thread-12] DEBUG spoon.Launcher - [INFO] Wrote classpath file '/home/travis/build/SpoonLabs/spoon-ci-external/spoon/src/test/resources/maven-launcher/pac4j/pac4j-core/spoon.classpath.tmp'.
18:20:53.748 [Thread-12] DEBUG spoon.Launcher - [INFO] 
18:20:53.748 [Thread-12] DEBUG spoon.Launcher - [INFO] ------------------------< org.pac4j:pac4j-cas >-------------------------
18:20:53.748 [Thread-12] DEBUG spoon.Launcher - [INFO] Building pac4j for CAS protocol 3.0.0                             [3/16]
18:20:53.748 [Thread-12] DEBUG spoon.Launcher - [INFO] --------------------------------[ jar ]---------------------------------
18:20:53.763 [Thread-12] DEBUG spoon.Launcher - [INFO] 
18:20:53.764 [Thread-12] DEBUG spoon.Launcher - [INFO] --- maven-dependency-plugin:2.8:build-classpath (default-cli) @ pac4j-cas ---
18:20:53.770 [Thread-12] DEBUG spoon.Launcher - [INFO] Wrote classpath file '/home/travis/build/SpoonLabs/spoon-ci-external/spoon/src/test/resources/maven-launcher/pac4j/pac4j-cas/spoon.classpath.tmp'.
18:20:53.771 [Thread-12] DEBUG spoon.Launcher - [INFO] 
18:20:53.771 [Thread-12] DEBUG spoon.Launcher - [INFO] ------------------------< org.pac4j:pac4j-saml >------------------------
18:20:53.771 [Thread-12] DEBUG spoon.Launcher - [INFO] Building pac4j for SAML protocol 3.0.0                            [4/16]
18:20:53.771 [Thread-12] DEBUG spoon.Launcher - [INFO] --------------------------------[ jar ]---------------------------------
18:20:53.953 [Thread-12] DEBUG spoon.Launcher - [INFO] 
18:20:53.953 [Thread-12] DEBUG spoon.Launcher - [INFO] --- maven-dependency-plugin:2.8:build-classpath (default-cli) @ pac4j-saml ---
18:20:53.955 [Thread-12] DEBUG spoon.Launcher - [INFO] Wrote classpath file '/home/travis/build/SpoonLabs/spoon-ci-external/spoon/src/test/resources/maven-launcher/pac4j/pac4j-saml/spoon.classpath.tmp'.
18:20:53.956 [Thread-12] DEBUG spoon.Launcher - [INFO] 
18:20:53.956 [Thread-12] DEBUG spoon.Launcher - [INFO] -----------------------< org.pac4j:pac4j-oauth >------------------------
18:20:53.956 [Thread-12] DEBUG spoon.Launcher - [INFO] Building pac4j for OAuth protocol 3.0.0                           [5/16]
18:20:53.960 [Thread-12] DEBUG spoon.Launcher - [INFO] --------------------------------[ jar ]---------------------------------
18:20:53.978 [Thread-12] DEBUG spoon.Launcher - [INFO] 
18:20:53.978 [Thread-12] DEBUG spoon.Launcher - [INFO] --- maven-dependency-plugin:2.8:build-classpath (default-cli) @ pac4j-oauth ---
18:20:53.990 [Thread-12] DEBUG spoon.Launcher - [INFO] Wrote classpath file '/home/travis/build/SpoonLabs/spoon-ci-external/spoon/src/test/resources/maven-launcher/pac4j/pac4j-oauth/spoon.classpath.tmp'.
18:20:53.990 [Thread-12] DEBUG spoon.Launcher - [INFO] 
18:20:53.990 [Thread-12] DEBUG spoon.Launcher - [INFO] ------------------------< org.pac4j:pac4j-oidc >------------------------
18:20:53.991 [Thread-12] DEBUG spoon.Launcher - [INFO] Building pac4j for OpenID Connect protocol 3.0.0                  [6/16]
18:20:53.991 [Thread-12] DEBUG spoon.Launcher - [INFO] --------------------------------[ jar ]---------------------------------
18:20:54.335 [Thread-12] DEBUG spoon.Launcher - [INFO] Downloading from apache-snapshots: https://repository.apache.org/snapshots/com/nimbusds/lang-tag/maven-metadata.xml
18:20:54.336 [Thread-12] DEBUG spoon.Launcher - [INFO] Downloading from sonatype-apache: https://repository.apache.org/content/repositories/releases/com/nimbusds/lang-tag/maven-metadata.xml
18:20:54.339 [Thread-12] DEBUG spoon.Launcher - [INFO] Downloading from sonatype: https://oss.sonatype.org/content/repositories/releases/com/nimbusds/lang-tag/maven-metadata.xml
18:20:55.061 [Thread-12] DEBUG spoon.Launcher - [INFO] Downloaded from sonatype: https://oss.sonatype.org/content/repositories/releases/com/nimbusds/lang-tag/maven-metadata.xml (563 B at 771 B/s)
18:20:55.093 [Thread-12] DEBUG spoon.Launcher - [INFO] Downloading from sonatype: https://oss.sonatype.org/content/repositories/releases/net/minidev/json-smart/maven-metadata.xml
18:20:55.093 [Thread-12] DEBUG spoon.Launcher - [INFO] Downloading from sonatype-apache: https://repository.apache.org/content/repositories/releases/net/minidev/json-smart/maven-metadata.xml
18:20:55.102 [Thread-12] DEBUG spoon.Launcher - [INFO] Downloading from apache-snapshots: https://repository.apache.org/snapshots/net/minidev/json-smart/maven-metadata.xml
18:20:55.209 [Thread-12] DEBUG spoon.Launcher - [INFO] Downloaded from sonatype: https://oss.sonatype.org/content/repositories/releases/net/minidev/json-smart/maven-metadata.xml (849 B at 6.7 kB/s)
18:20:55.479 [Thread-12] DEBUG spoon.Launcher - [INFO] 
18:20:55.479 [Thread-12] DEBUG spoon.Launcher - [INFO] --- maven-dependency-plugin:2.8:build-classpath (default-cli) @ pac4j-oidc ---
18:20:55.482 [Thread-12] DEBUG spoon.Launcher - [INFO] Wrote classpath file '/home/travis/build/SpoonLabs/spoon-ci-external/spoon/src/test/resources/maven-launcher/pac4j/pac4j-oidc/spoon.classpath.tmp'.
18:20:55.482 [Thread-12] DEBUG spoon.Launcher - [INFO] 
18:20:55.482 [Thread-12] DEBUG spoon.Launcher - [INFO] ------------------------< org.pac4j:pac4j-ldap >------------------------
18:20:55.482 [Thread-12] DEBUG spoon.Launcher - [INFO] Building pac4j for LDAP 3.0.0                                     [7/16]
18:20:55.482 [Thread-12] DEBUG spoon.Launcher - [INFO] --------------------------------[ jar ]---------------------------------
18:20:55.500 [Thread-12] DEBUG spoon.Launcher - [INFO] 
18:20:55.501 [Thread-12] DEBUG spoon.Launcher - [INFO] --- maven-dependency-plugin:2.8:build-classpath (default-cli) @ pac4j-ldap ---
18:20:55.507 [Thread-12] DEBUG spoon.Launcher - [INFO] Wrote classpath file '/home/travis/build/SpoonLabs/spoon-ci-external/spoon/src/test/resources/maven-launcher/pac4j/pac4j-ldap/spoon.classpath.tmp'.
18:20:55.507 [Thread-12] DEBUG spoon.Launcher - [INFO] 
18:20:55.507 [Thread-12] DEBUG spoon.Launcher - [INFO] ------------------------< org.pac4j:pac4j-http >------------------------
18:20:55.507 [Thread-12] DEBUG spoon.Launcher - [INFO] Building pac4j for HTTP protocol 3.0.0                            [8/16]
18:20:55.507 [Thread-12] DEBUG spoon.Launcher - [INFO] --------------------------------[ jar ]---------------------------------
18:20:55.518 [Thread-12] DEBUG spoon.Launcher - [INFO] 
18:20:55.520 [Thread-12] DEBUG spoon.Launcher - [INFO] --- maven-dependency-plugin:2.8:build-classpath (default-cli) @ pac4j-http ---
18:20:55.526 [Thread-12] DEBUG spoon.Launcher - [INFO] Wrote classpath file '/home/travis/build/SpoonLabs/spoon-ci-external/spoon/src/test/resources/maven-launcher/pac4j/pac4j-http/spoon.classpath.tmp'.
18:20:55.527 [Thread-12] DEBUG spoon.Launcher - [INFO] 
18:20:55.527 [Thread-12] DEBUG spoon.Launcher - [INFO] ------------------------< org.pac4j:pac4j-sql >-------------------------
18:20:55.528 [Thread-12] DEBUG spoon.Launcher - [INFO] Building pac4j for relational DB 3.0.0                            [9/16]
18:20:55.529 [Thread-12] DEBUG spoon.Launcher - [INFO] --------------------------------[ jar ]---------------------------------
18:20:55.542 [Thread-12] DEBUG spoon.Launcher - [INFO] 
18:20:55.543 [Thread-12] DEBUG spoon.Launcher - [INFO] --- maven-dependency-plugin:2.8:build-classpath (default-cli) @ pac4j-sql ---
18:20:55.549 [Thread-12] DEBUG spoon.Launcher - [INFO] Wrote classpath file '/home/travis/build/SpoonLabs/spoon-ci-external/spoon/src/test/resources/maven-launcher/pac4j/pac4j-sql/spoon.classpath.tmp'.
18:20:55.550 [Thread-12] DEBUG spoon.Launcher - [INFO] 
18:20:55.551 [Thread-12] DEBUG spoon.Launcher - [INFO] -----------------------< org.pac4j:pac4j-config >-----------------------
18:20:55.553 [Thread-12] DEBUG spoon.Launcher - [INFO] Building pac4j configuration 3.0.0                               [10/16]
18:20:55.554 [Thread-12] DEBUG spoon.Launcher - [INFO] --------------------------------[ jar ]---------------------------------
18:20:55.602 [Thread-12] DEBUG spoon.Launcher - [INFO] 
18:20:55.603 [Thread-12] DEBUG spoon.Launcher - [INFO] --- maven-dependency-plugin:2.8:build-classpath (default-cli) @ pac4j-config ---
18:20:55.609 [Thread-12] DEBUG spoon.Launcher - [INFO] Wrote classpath file '/home/travis/build/SpoonLabs/spoon-ci-external/spoon/src/test/resources/maven-launcher/pac4j/pac4j-config/spoon.classpath.tmp'.
18:20:55.609 [Thread-12] DEBUG spoon.Launcher - [INFO] 
18:20:55.609 [Thread-12] DEBUG spoon.Launcher - [INFO] -----------------------< org.pac4j:pac4j-openid >-----------------------
18:20:55.609 [Thread-12] DEBUG spoon.Launcher - [INFO] Building pac4j for OpenId protocol 3.0.0                         [11/16]
18:20:55.610 [Thread-12] DEBUG spoon.Launcher - [INFO] --------------------------------[ jar ]---------------------------------
18:20:55.624 [Thread-12] DEBUG spoon.Launcher - [WARNING] The artifact xml-apis:xml-apis:jar:2.0.2 has been relocated to xml-apis:xml-apis:jar:1.0.b2
18:20:55.625 [Thread-12] DEBUG spoon.Launcher - [INFO] 
18:20:55.626 [Thread-12] DEBUG spoon.Launcher - [INFO] --- maven-dependency-plugin:2.8:build-classpath (default-cli) @ pac4j-openid ---
18:20:55.628 [Thread-12] DEBUG spoon.Launcher - [INFO] Wrote classpath file '/home/travis/build/SpoonLabs/spoon-ci-external/spoon/src/test/resources/maven-launcher/pac4j/pac4j-openid/spoon.classpath.tmp'.
18:20:55.628 [Thread-12] DEBUG spoon.Launcher - [INFO] 
18:20:55.629 [Thread-12] DEBUG spoon.Launcher - [INFO] ------------------------< org.pac4j:pac4j-gae >-------------------------
18:20:55.629 [Thread-12] DEBUG spoon.Launcher - [INFO] Building pac4j for GAE UserService mechanism 3.0.0               [12/16]
18:20:55.629 [Thread-12] DEBUG spoon.Launcher - [INFO] --------------------------------[ jar ]---------------------------------
18:20:55.639 [Thread-12] DEBUG spoon.Launcher - [INFO] 
18:20:55.639 [Thread-12] DEBUG spoon.Launcher - [INFO] --- maven-dependency-plugin:2.8:build-classpath (default-cli) @ pac4j-gae ---
18:20:55.644 [Thread-12] DEBUG spoon.Launcher - [INFO] Wrote classpath file '/home/travis/build/SpoonLabs/spoon-ci-external/spoon/src/test/resources/maven-launcher/pac4j/pac4j-gae/spoon.classpath.tmp'.
18:20:55.646 [Thread-12] DEBUG spoon.Launcher - [INFO] 
18:20:55.646 [Thread-12] DEBUG spoon.Launcher - [INFO] ------------------------< org.pac4j:pac4j-jwt >-------------------------
18:20:55.646 [Thread-12] DEBUG spoon.Launcher - [INFO] Building pac4j for JWT 3.0.0                                     [13/16]
18:20:55.646 [Thread-12] DEBUG spoon.Launcher - [INFO] --------------------------------[ jar ]---------------------------------
18:20:55.649 [Thread-12] DEBUG spoon.Launcher - [INFO] 
18:20:55.649 [Thread-12] DEBUG spoon.Launcher - [INFO] --- maven-dependency-plugin:2.8:build-classpath (default-cli) @ pac4j-jwt ---
18:20:55.651 [Thread-12] DEBUG spoon.Launcher - [INFO] Wrote classpath file '/home/travis/build/SpoonLabs/spoon-ci-external/spoon/src/test/resources/maven-launcher/pac4j/pac4j-jwt/spoon.classpath.tmp'.
18:20:55.652 [Thread-12] DEBUG spoon.Launcher - [INFO] 
18:20:55.652 [Thread-12] DEBUG spoon.Launcher - [INFO] -----------------------< org.pac4j:pac4j-mongo >------------------------
18:20:55.652 [Thread-12] DEBUG spoon.Launcher - [INFO] Building pac4j for MongoDB 3.0.0                                 [14/16]
18:20:55.655 [Thread-12] DEBUG spoon.Launcher - [INFO] --------------------------------[ jar ]---------------------------------
18:20:55.681 [Thread-12] DEBUG spoon.Launcher - [INFO] 
18:20:55.681 [Thread-12] DEBUG spoon.Launcher - [INFO] --- maven-dependency-plugin:2.8:build-classpath (default-cli) @ pac4j-mongo ---
18:20:55.685 [Thread-12] DEBUG spoon.Launcher - [INFO] Wrote classpath file '/home/travis/build/SpoonLabs/spoon-ci-external/spoon/src/test/resources/maven-launcher/pac4j/pac4j-mongo/spoon.classpath.tmp'.
18:20:55.686 [Thread-12] DEBUG spoon.Launcher - [INFO] 
18:20:55.686 [Thread-12] DEBUG spoon.Launcher - [INFO] -----------------------< org.pac4j:pac4j-couch >------------------------
18:20:55.686 [Thread-12] DEBUG spoon.Launcher - [INFO] Building pac4j for CouchDB 3.0.0                                 [15/16]
18:20:55.686 [Thread-12] DEBUG spoon.Launcher - [INFO] --------------------------------[ jar ]---------------------------------
18:20:55.744 [Thread-12] DEBUG spoon.Launcher - [INFO] 
18:20:55.745 [Thread-12] DEBUG spoon.Launcher - [INFO] --- maven-dependency-plugin:2.8:build-classpath (default-cli) @ pac4j-couch ---
18:20:55.748 [Thread-12] DEBUG spoon.Launcher - [INFO] Wrote classpath file '/home/travis/build/SpoonLabs/spoon-ci-external/spoon/src/test/resources/maven-launcher/pac4j/pac4j-couch/spoon.classpath.tmp'.
18:20:55.749 [Thread-12] DEBUG spoon.Launcher - [INFO] 
18:20:55.749 [Thread-12] DEBUG spoon.Launcher - [INFO] ----------------------< org.pac4j:pac4j-kerberos >----------------------
18:20:55.749 [Thread-12] DEBUG spoon.Launcher - [INFO] Building pac4j for Kerberos 3.0.0                                [16/16]
18:20:55.749 [Thread-12] DEBUG spoon.Launcher - [INFO] --------------------------------[ jar ]---------------------------------
18:20:55.867 [Thread-12] DEBUG spoon.Launcher - [INFO] 
18:20:55.867 [Thread-12] DEBUG spoon.Launcher - [INFO] --- maven-dependency-plugin:2.8:build-classpath (default-cli) @ pac4j-kerberos ---
18:20:55.876 [Thread-12] DEBUG spoon.Launcher - [INFO] Wrote classpath file '/home/travis/build/SpoonLabs/spoon-ci-external/spoon/src/test/resources/maven-launcher/pac4j/pac4j-kerberos/spoon.classpath.tmp'.
18:20:55.876 [Thread-12] DEBUG spoon.Launcher - [INFO] ------------------------------------------------------------------------
18:20:55.876 [Thread-12] DEBUG spoon.Launcher - [INFO] Reactor Summary for pac4j 3.0.0:
18:20:55.876 [Thread-12] DEBUG spoon.Launcher - [INFO] 
18:20:55.877 [Thread-12] DEBUG spoon.Launcher - [INFO] pac4j .............................................. SUCCESS [  0.538 s]
18:20:55.877 [Thread-12] DEBUG spoon.Launcher - [INFO] pac4j core ......................................... SUCCESS [  0.599 s]
18:20:55.877 [Thread-12] DEBUG spoon.Launcher - [INFO] pac4j for CAS protocol ............................. SUCCESS [  0.026 s]
18:20:55.877 [Thread-12] DEBUG spoon.Launcher - [INFO] pac4j for SAML protocol ............................ SUCCESS [  0.186 s]
18:20:55.878 [Thread-12] DEBUG spoon.Launcher - [INFO] pac4j for OAuth protocol ........................... SUCCESS [  0.034 s]
18:20:55.878 [Thread-12] DEBUG spoon.Launcher - [INFO] pac4j for OpenID Connect protocol .................. SUCCESS [  1.491 s]
18:20:55.880 [Thread-12] DEBUG spoon.Launcher - [INFO] pac4j for LDAP ..................................... SUCCESS [  0.026 s]
18:20:55.880 [Thread-12] DEBUG spoon.Launcher - [INFO] pac4j for HTTP protocol ............................ SUCCESS [  0.019 s]
18:20:55.880 [Thread-12] DEBUG spoon.Launcher - [INFO] pac4j for relational DB ............................ SUCCESS [  0.024 s]
18:20:55.881 [Thread-12] DEBUG spoon.Launcher - [INFO] pac4j configuration ................................ SUCCESS [  0.059 s]
18:20:55.881 [Thread-12] DEBUG spoon.Launcher - [INFO] pac4j for OpenId protocol .......................... SUCCESS [  0.019 s]
18:20:55.884 [Thread-12] DEBUG spoon.Launcher - [INFO] pac4j for GAE UserService mechanism ................ SUCCESS [  0.013 s]
18:20:55.884 [Thread-12] DEBUG spoon.Launcher - [INFO] pac4j for JWT ...................................... SUCCESS [  0.011 s]
18:20:55.884 [Thread-12] DEBUG spoon.Launcher - [INFO] pac4j for MongoDB .................................. SUCCESS [  0.033 s]
18:20:55.884 [Thread-12] DEBUG spoon.Launcher - [INFO] pac4j for CouchDB .................................. SUCCESS [  0.063 s]
18:20:55.884 [Thread-12] DEBUG spoon.Launcher - [INFO] pac4j for Kerberos ................................. SUCCESS [  0.128 s]
18:20:55.884 [Thread-12] DEBUG spoon.Launcher - [INFO] ------------------------------------------------------------------------
18:20:55.884 [Thread-12] DEBUG spoon.Launcher - [INFO] BUILD SUCCESS
18:20:55.884 [Thread-12] DEBUG spoon.Launcher - [INFO] ------------------------------------------------------------------------
18:20:55.884 [Thread-12] DEBUG spoon.Launcher - [INFO] Total time:  4.645 s
18:20:55.884 [Thread-12] DEBUG spoon.Launcher - [INFO] Finished at: 2020-09-10T18:20:55Z
18:20:55.884 [Thread-12] DEBUG spoon.Launcher - [INFO] ------------------------------------------------------------------------
]]></system-out>
  </testcase>
  <testcase name="mavenLauncherOnANotExistingFileTest" classname="spoon.MavenLauncherTest" time="0.014">
    <system-out><![CDATA[18:20:55.959 [main] INFO spoon.Launcher - Running in NOCLASSPATH mode (doc: http://spoon.gforge.inria.fr/launcher.html).
]]></system-out>
  </testcase>
  <testcase name="spoonMavenLauncherTest" classname="spoon.MavenLauncherTest" time="13.858">
    <system-out><![CDATA[18:20:55.979 [main] INFO spoon.Launcher - Running in NOCLASSPATH mode (doc: http://spoon.gforge.inria.fr/launcher.html).
18:20:58.005 [Thread-15] DEBUG spoon.Launcher - [INFO] Scanning for projects...
18:20:59.283 [Thread-15] DEBUG spoon.Launcher - [INFO] Inspecting build with total of 1 modules...
18:20:59.285 [Thread-15] DEBUG spoon.Launcher - [INFO] Installing Nexus Staging features:
18:20:59.287 [Thread-15] DEBUG spoon.Launcher - [INFO]   ... total of 1 executions of maven-deploy-plugin replaced with nexus-staging-maven-plugin
18:20:59.401 [Thread-15] DEBUG spoon.Launcher - [INFO] 
18:20:59.402 [Thread-15] DEBUG spoon.Launcher - [INFO] ------------------< fr.inria.gforge.spoon:spoon-core >------------------
18:20:59.403 [Thread-15] DEBUG spoon.Launcher - [INFO] Building Spoon Core 8.3.0-SNAPSHOT
18:20:59.409 [Thread-15] DEBUG spoon.Launcher - [INFO] --------------------------------[ jar ]---------------------------------
18:20:59.890 [Thread-15] DEBUG spoon.Launcher - [INFO] Downloading from apache-snapshots: https://repository.apache.org/snapshots/junit/junit-dep/maven-metadata.xml
18:20:59.896 [Thread-15] DEBUG spoon.Launcher - [INFO] Downloading from sonatype-apache: https://repository.apache.org/content/repositories/releases/junit/junit-dep/maven-metadata.xml
18:20:59.896 [Thread-15] DEBUG spoon.Launcher - [INFO] Downloading from sonatype: https://oss.sonatype.org/content/repositories/releases/junit/junit-dep/maven-metadata.xml
18:20:59.897 [Thread-15] DEBUG spoon.Launcher - [INFO] Downloading from maven.inria.fr-snapshot: https://maven.irisa.fr/artifactory/spoon-public-snapshot/junit/junit-dep/maven-metadata.xml
18:21:00.624 [Thread-15] DEBUG spoon.Launcher - [INFO] Downloaded from sonatype: https://oss.sonatype.org/content/repositories/releases/junit/junit-dep/maven-metadata.xml (563 B at 763 B/s)
18:21:00.644 [Thread-15] DEBUG spoon.Launcher - [WARNING] Could not transfer metadata junit:junit-dep/maven-metadata.xml from/to maven.inria.fr-snapshot (https://maven.irisa.fr/artifactory/spoon-public-snapshot): Transfer failed for https://maven.irisa.fr/artifactory/spoon-public-snapshot/junit/junit-dep/maven-metadata.xml
18:21:00.690 [Thread-15] DEBUG spoon.Launcher - [INFO] 
18:21:00.692 [Thread-15] DEBUG spoon.Launcher - [INFO] --- maven-dependency-plugin:3.1.2:build-classpath (default-cli) @ spoon-core ---
18:21:01.539 [Thread-15] DEBUG spoon.Launcher - [INFO] Wrote classpath file '/home/travis/build/SpoonLabs/spoon-ci-external/spoon/spoon.classpath-app.tmp'.
18:21:01.541 [Thread-15] DEBUG spoon.Launcher - [INFO] ------------------------------------------------------------------------
18:21:01.542 [Thread-15] DEBUG spoon.Launcher - [INFO] BUILD SUCCESS
18:21:01.543 [Thread-15] DEBUG spoon.Launcher - [INFO] ------------------------------------------------------------------------
18:21:01.545 [Thread-15] DEBUG spoon.Launcher - [INFO] Total time:  3.566 s
18:21:01.546 [Thread-15] DEBUG spoon.Launcher - [INFO] Finished at: 2020-09-10T18:21:01Z
18:21:01.548 [Thread-15] DEBUG spoon.Launcher - [INFO] ------------------------------------------------------------------------
18:21:01.627 [main] INFO spoon.Launcher - Running in NOCLASSPATH mode (doc: http://spoon.gforge.inria.fr/launcher.html).
18:21:03.207 [Thread-18] DEBUG spoon.Launcher - [INFO] Scanning for projects...
18:21:04.358 [Thread-18] DEBUG spoon.Launcher - [INFO] Inspecting build with total of 1 modules...
18:21:04.359 [Thread-18] DEBUG spoon.Launcher - [INFO] Installing Nexus Staging features:
18:21:04.360 [Thread-18] DEBUG spoon.Launcher - [INFO]   ... total of 1 executions of maven-deploy-plugin replaced with nexus-staging-maven-plugin
18:21:04.429 [Thread-18] DEBUG spoon.Launcher - [INFO] 
18:21:04.432 [Thread-18] DEBUG spoon.Launcher - [INFO] ------------------< fr.inria.gforge.spoon:spoon-core >------------------
18:21:04.432 [Thread-18] DEBUG spoon.Launcher - [INFO] Building Spoon Core 8.3.0-SNAPSHOT
18:21:04.432 [Thread-18] DEBUG spoon.Launcher - [INFO] --------------------------------[ jar ]---------------------------------
18:21:04.927 [Thread-18] DEBUG spoon.Launcher - [INFO] Downloading from apache-snapshots: https://repository.apache.org/snapshots/junit/junit-dep/maven-metadata.xml
18:21:04.929 [Thread-18] DEBUG spoon.Launcher - [INFO] Downloading from sonatype: https://oss.sonatype.org/content/repositories/releases/junit/junit-dep/maven-metadata.xml
18:21:05.045 [Thread-18] DEBUG spoon.Launcher - [INFO] Downloading from sonatype-apache: https://repository.apache.org/content/repositories/releases/junit/junit-dep/maven-metadata.xml
18:21:05.046 [Thread-18] DEBUG spoon.Launcher - [INFO] Downloading from maven.inria.fr-snapshot: https://maven.irisa.fr/artifactory/spoon-public-snapshot/junit/junit-dep/maven-metadata.xml
18:21:05.733 [Thread-18] DEBUG spoon.Launcher - [INFO] Downloaded from sonatype: https://oss.sonatype.org/content/repositories/releases/junit/junit-dep/maven-metadata.xml (563 B at 694 B/s)
18:21:05.736 [Thread-18] DEBUG spoon.Launcher - [WARNING] Could not transfer metadata junit:junit-dep/maven-metadata.xml from/to maven.inria.fr-snapshot (https://maven.irisa.fr/artifactory/spoon-public-snapshot): Transfer failed for https://maven.irisa.fr/artifactory/spoon-public-snapshot/junit/junit-dep/maven-metadata.xml
18:21:05.770 [Thread-18] DEBUG spoon.Launcher - [INFO] 
18:21:05.771 [Thread-18] DEBUG spoon.Launcher - [INFO] --- maven-dependency-plugin:3.1.2:build-classpath (default-cli) @ spoon-core ---
18:21:06.643 [Thread-18] DEBUG spoon.Launcher - [INFO] Wrote classpath file '/home/travis/build/SpoonLabs/spoon-ci-external/spoon/spoon.classpath.tmp'.
18:21:06.645 [Thread-18] DEBUG spoon.Launcher - [INFO] ------------------------------------------------------------------------
18:21:06.645 [Thread-18] DEBUG spoon.Launcher - [INFO] BUILD SUCCESS
18:21:06.645 [Thread-18] DEBUG spoon.Launcher - [INFO] ------------------------------------------------------------------------
18:21:06.647 [Thread-18] DEBUG spoon.Launcher - [INFO] Total time:  3.469 s
18:21:06.648 [Thread-18] DEBUG spoon.Launcher - [INFO] Finished at: 2020-09-10T18:21:06Z
18:21:06.648 [Thread-18] DEBUG spoon.Launcher - [INFO] ------------------------------------------------------------------------
18:21:06.767 [main] INFO spoon.Launcher - Running in NOCLASSPATH mode (doc: http://spoon.gforge.inria.fr/launcher.html).
18:21:06.956 [main] INFO spoon.Launcher - Running in NOCLASSPATH mode (doc: http://spoon.gforge.inria.fr/launcher.html).
18:21:08.423 [Thread-21] DEBUG spoon.Launcher - [INFO] Scanning for projects...
18:21:08.806 [Thread-21] DEBUG spoon.Launcher - [INFO] 
18:21:08.808 [Thread-21] DEBUG spoon.Launcher - [INFO] -------------------------< org.foo.bar:foobar >-------------------------
18:21:08.808 [Thread-21] DEBUG spoon.Launcher - [INFO] Building foobar 1.0.0-SNAPSHOT
18:21:08.816 [Thread-21] DEBUG spoon.Launcher - [INFO] --------------------------------[ jar ]---------------------------------
18:21:08.832 [Thread-21] DEBUG spoon.Launcher - [INFO] 
18:21:08.840 [Thread-21] DEBUG spoon.Launcher - [INFO] --- maven-dependency-plugin:2.8:build-classpath (default-cli) @ foobar ---
18:21:09.781 [Thread-21] DEBUG spoon.Launcher - [INFO] No dependencies found.
18:21:09.784 [Thread-21] DEBUG spoon.Launcher - [INFO] Wrote classpath file '/home/travis/build/SpoonLabs/spoon-ci-external/spoon/src/test/resources/maven-launcher/java-11/spoon.classpath-app.tmp'.
18:21:09.785 [Thread-21] DEBUG spoon.Launcher - [INFO] ------------------------------------------------------------------------
18:21:09.786 [Thread-21] DEBUG spoon.Launcher - [INFO] BUILD SUCCESS
18:21:09.787 [Thread-21] DEBUG spoon.Launcher - [INFO] ------------------------------------------------------------------------
18:21:09.788 [Thread-21] DEBUG spoon.Launcher - [INFO] Total time:  1.389 s
18:21:09.789 [Thread-21] DEBUG spoon.Launcher - [INFO] Finished at: 2020-09-10T18:21:09Z
18:21:09.789 [Thread-21] DEBUG spoon.Launcher - [INFO] ------------------------------------------------------------------------
18:21:09.801 [main] INFO spoon.Launcher - Running in NOCLASSPATH mode (doc: http://spoon.gforge.inria.fr/launcher.html).
]]></system-out>
  </testcase>
  <testcase name="mavenLauncherTestWithVerySimpleProject" classname="spoon.MavenLauncherTest" time="2.938">
    <system-out><![CDATA[18:21:09.854 [main] INFO spoon.Launcher - Running in NOCLASSPATH mode (doc: http://spoon.gforge.inria.fr/launcher.html).
18:21:11.410 [Thread-24] DEBUG spoon.Launcher - [INFO] Scanning for projects...
18:21:11.782 [Thread-24] DEBUG spoon.Launcher - [INFO] 
18:21:11.783 [Thread-24] DEBUG spoon.Launcher - [INFO] -------------------------< org.foo.bar:foobar >-------------------------
18:21:11.784 [Thread-24] DEBUG spoon.Launcher - [INFO] Building foobar 1.0.0-SNAPSHOT
18:21:11.784 [Thread-24] DEBUG spoon.Launcher - [INFO] --------------------------------[ jar ]---------------------------------
18:21:11.799 [Thread-24] DEBUG spoon.Launcher - [INFO] 
18:21:11.800 [Thread-24] DEBUG spoon.Launcher - [INFO] --- maven-dependency-plugin:2.8:build-classpath (default-cli) @ foobar ---
18:21:12.745 [Thread-24] DEBUG spoon.Launcher - [INFO] No dependencies found.
18:21:12.748 [Thread-24] DEBUG spoon.Launcher - [INFO] Wrote classpath file '/home/travis/build/SpoonLabs/spoon-ci-external/spoon/src/test/resources/maven-launcher/very-simple/spoon.classpath.tmp'.
18:21:12.748 [Thread-24] DEBUG spoon.Launcher - [INFO] ------------------------------------------------------------------------
18:21:12.748 [Thread-24] DEBUG spoon.Launcher - [INFO] BUILD SUCCESS
18:21:12.748 [Thread-24] DEBUG spoon.Launcher - [INFO] ------------------------------------------------------------------------
18:21:12.750 [Thread-24] DEBUG spoon.Launcher - [INFO] Total time:  1.367 s
18:21:12.750 [Thread-24] DEBUG spoon.Launcher - [INFO] Finished at: 2020-09-10T18:21:12Z
18:21:12.750 [Thread-24] DEBUG spoon.Launcher - [INFO] ------------------------------------------------------------------------
]]></system-out>
  </testcase>
  <testcase name="testGuessMavenHome" classname="spoon.MavenLauncherTest" time="0.16"/>
  <testcase name="testPomSourceDirectory" classname="spoon.MavenLauncherTest" time="2.854">
    <system-out><![CDATA[18:21:12.933 [main] INFO spoon.Launcher - Running in NOCLASSPATH mode (doc: http://spoon.gforge.inria.fr/launcher.html).
18:21:14.452 [Thread-27] DEBUG spoon.Launcher - [INFO] Scanning for projects...
18:21:14.739 [Thread-27] DEBUG spoon.Launcher - [INFO] 
18:21:14.740 [Thread-27] DEBUG spoon.Launcher - [INFO] -------------------------< org.foo.bar:foobar >-------------------------
18:21:14.740 [Thread-27] DEBUG spoon.Launcher - [INFO] Building foobar 1.0.0-SNAPSHOT
18:21:14.741 [Thread-27] DEBUG spoon.Launcher - [INFO] --------------------------------[ jar ]---------------------------------
18:21:14.759 [Thread-27] DEBUG spoon.Launcher - [INFO] 
18:21:14.766 [Thread-27] DEBUG spoon.Launcher - [INFO] --- maven-dependency-plugin:2.8:build-classpath (default-cli) @ foobar ---
18:21:15.767 [Thread-27] DEBUG spoon.Launcher - [INFO] No dependencies found.
18:21:15.769 [Thread-27] DEBUG spoon.Launcher - [INFO] Wrote classpath file '/home/travis/build/SpoonLabs/spoon-ci-external/spoon/src/test/resources/maven-launcher/source-directory/spoon.classpath.tmp'.
18:21:15.770 [Thread-27] DEBUG spoon.Launcher - [INFO] ------------------------------------------------------------------------
18:21:15.771 [Thread-27] DEBUG spoon.Launcher - [INFO] BUILD SUCCESS
18:21:15.771 [Thread-27] DEBUG spoon.Launcher - [INFO] ------------------------------------------------------------------------
18:21:15.774 [Thread-27] DEBUG spoon.Launcher - [INFO] Total time:  1.345 s
18:21:15.775 [Thread-27] DEBUG spoon.Launcher - [INFO] Finished at: 2020-09-10T18:21:15Z
18:21:15.775 [Thread-27] DEBUG spoon.Launcher - [INFO] ------------------------------------------------------------------------
]]></system-out>
  </testcase>
  <testcase name="mavenLauncherOnDirectoryWithoutPomTest" classname="spoon.MavenLauncherTest" time="0.002">
    <system-out><![CDATA[18:21:15.787 [main] INFO spoon.Launcher - Running in NOCLASSPATH mode (doc: http://spoon.gforge.inria.fr/launcher.html).
]]></system-out>
  </testcase>
</testsuite>