<?xml version="1.0" encoding="UTF-8"?>
<testsuite xmlns:xsi="http://www.w3.org/2001/XMLSchema-instance" xsi:noNamespaceSchemaLocation="https://maven.apache.org/surefire/maven-surefire-plugin/xsd/surefire-test-report-3.0.xsd" version="3.0" name="spoon.MavenLauncherTest" time="58.015" tests="12" errors="0" skipped="1" failures="0">
  <properties>
    <property name="awt.toolkit" value="sun.awt.X11.XToolkit"/>
    <property name="file.encoding.pkg" value="sun.io"/>
    <property name="java.specification.version" value="1.8"/>
    <property name="sun.cpu.isalist" value=""/>
    <property name="sun.jnu.encoding" value="UTF-8"/>
    <property name="java.class.path" value="/home/travis/.m2/repository/org/apache/maven/surefire/surefire-booter/3.0.0-M5/surefire-booter-3.0.0-M5.jar:/home/travis/.m2/repository/org/apache/maven/surefire/surefire-api/3.0.0-M5/surefire-api-3.0.0-M5.jar:/home/travis/.m2/repository/org/apache/maven/surefire/surefire-logger-api/3.0.0-M5/surefire-logger-api-3.0.0-M5.jar:/home/travis/.m2/repository/org/apache/maven/surefire/surefire-shared-utils/3.0.0-M4/surefire-shared-utils-3.0.0-M4.jar:/home/travis/.m2/repository/org/apache/maven/surefire/surefire-extensions-spi/3.0.0-M5/surefire-extensions-spi-3.0.0-M5.jar:/home/travis/build/SpoonLabs/spoon-ci-external/spoon/target/test-classes:/home/travis/build/SpoonLabs/spoon-ci-external/spoon/target/classes:/home/travis/.m2/repository/org/eclipse/jdt/org.eclipse.jdt.core/3.23.0/org.eclipse.jdt.core-3.23.0.jar:/home/travis/.m2/repository/com/martiansoftware/jsap/2.1/jsap-2.1.jar:/home/travis/.m2/repository/org/apache/logging/log4j/log4j-api/2.13.3/log4j-api-2.13.3.jar:/home/travis/.m2/repository/org/apache/logging/log4j/log4j-to-slf4j/2.13.3/log4j-to-slf4j-2.13.3.jar:/home/travis/.m2/repository/org/slf4j/slf4j-api/1.7.25/slf4j-api-1.7.25.jar:/home/travis/.m2/repository/commons-io/commons-io/2.8.0/commons-io-2.8.0.jar:/home/travis/.m2/repository/org/apache/maven/maven-model/3.6.3/maven-model-3.6.3.jar:/home/travis/.m2/repository/org/codehaus/plexus/plexus-utils/3.2.1/plexus-utils-3.2.1.jar:/home/travis/.m2/repository/org/apache/commons/commons-lang3/3.11/commons-lang3-3.11.jar:/home/travis/.m2/repository/org/tukaani/xz/1.8/xz-1.8.jar:/home/travis/.m2/repository/com/fasterxml/jackson/core/jackson-databind/2.11.3/jackson-databind-2.11.3.jar:/home/travis/.m2/repository/com/fasterxml/jackson/core/jackson-annotations/2.11.3/jackson-annotations-2.11.3.jar:/home/travis/.m2/repository/com/fasterxml/jackson/core/jackson-core/2.11.3/jackson-core-2.11.3.jar:/home/travis/.m2/repository/org/apache/commons/commons-compress/1.20/commons-compress-1.20.jar:/home/travis/.m2/repository/com/google/guava/guava/30.0-jre/guava-30.0-jre.jar:/home/travis/.m2/repository/com/google/guava/failureaccess/1.0.1/failureaccess-1.0.1.jar:/home/travis/.m2/repository/com/google/guava/listenablefuture/9999.0-empty-to-avoid-conflict-with-guava/listenablefuture-9999.0-empty-to-avoid-conflict-with-guava.jar:/home/travis/.m2/repository/com/google/code/findbugs/jsr305/3.0.2/jsr305-3.0.2.jar:/home/travis/.m2/repository/org/checkerframework/checker-qual/3.5.0/checker-qual-3.5.0.jar:/home/travis/.m2/repository/com/google/errorprone/error_prone_annotations/2.3.4/error_prone_annotations-2.3.4.jar:/home/travis/.m2/repository/com/google/j2objc/j2objc-annotations/1.3/j2objc-annotations-1.3.jar:/home/travis/.m2/repository/ch/qos/logback/logback-classic/1.2.3/logback-classic-1.2.3.jar:/home/travis/.m2/repository/ch/qos/logback/logback-core/1.2.3/logback-core-1.2.3.jar:/home/travis/.m2/repository/com/mysema/querydsl/querydsl-core/3.6.9/querydsl-core-3.6.9.jar:/home/travis/.m2/repository/org/apache/maven/shared/maven-invoker/3.0.1/maven-invoker-3.0.1.jar:/home/travis/.m2/repository/org/apache/maven/shared/maven-shared-utils/3.2.1/maven-shared-utils-3.2.1.jar:/home/travis/.m2/repository/org/codehaus/plexus/plexus-component-annotations/1.7.1/plexus-component-annotations-1.7.1.jar:/home/travis/.m2/repository/javax/validation/validation-api/2.0.1.Final/validation-api-2.0.1.Final.jar:/home/travis/.m2/repository/com/google/code/gson/gson/2.8.6/gson-2.8.6.jar:/home/travis/.m2/repository/org/junit/vintage/junit-vintage-engine/5.7.0/junit-vintage-engine-5.7.0.jar:/home/travis/.m2/repository/org/apiguardian/apiguardian-api/1.1.0/apiguardian-api-1.1.0.jar:/home/travis/.m2/repository/org/junit/platform/junit-platform-engine/1.7.0/junit-platform-engine-1.7.0.jar:/home/travis/.m2/repository/org/opentest4j/opentest4j/1.2.0/opentest4j-1.2.0.jar:/home/travis/.m2/repository/org/junit/platform/junit-platform-commons/1.7.0/junit-platform-commons-1.7.0.jar:/home/travis/.m2/repository/junit/junit/4.13/junit-4.13.jar:/home/travis/.m2/repository/org/hamcrest/hamcrest-core/1.3/hamcrest-core-1.3.jar:/home/travis/.m2/repository/org/mockito/mockito-core/3.5.15/mockito-core-3.5.15.jar:/home/travis/.m2/repository/net/bytebuddy/byte-buddy/1.10.15/byte-buddy-1.10.15.jar:/home/travis/.m2/repository/net/bytebuddy/byte-buddy-agent/1.10.15/byte-buddy-agent-1.10.15.jar:/home/travis/.m2/repository/org/objenesis/objenesis/3.1/objenesis-3.1.jar:/home/travis/.m2/repository/org/junit/jupiter/junit-jupiter-engine/5.7.0/junit-jupiter-engine-5.7.0.jar:/home/travis/.m2/repository/org/junit/jupiter/junit-jupiter-api/5.7.0/junit-jupiter-api-5.7.0.jar:/home/travis/.m2/repository/com/github/stefanbirkner/system-rules/1.19.0/system-rules-1.19.0.jar:/home/travis/.m2/repository/org/apache/maven/surefire/surefire-junit-platform/3.0.0-M5/surefire-junit-platform-3.0.0-M5.jar:/home/travis/.m2/repository/org/apache/maven/surefire/common-java5/3.0.0-M5/common-java5-3.0.0-M5.jar:/home/travis/.m2/repository/org/junit/platform/junit-platform-launcher/1.7.0/junit-platform-launcher-1.7.0.jar:/home/travis/.m2/repository/org/jacoco/org.jacoco.agent/0.8.6/org.jacoco.agent-0.8.6-runtime.jar"/>
    <property name="java.vm.vendor" value="Private Build"/>
    <property name="sun.arch.data.model" value="64"/>
    <property name="java.vendor.url" value="http://java.oracle.com/"/>
    <property name="user.timezone" value="UTC"/>
    <property name="java.vm.specification.version" value="1.8"/>
    <property name="os.name" value="Linux"/>
    <property name="spoon.log.path" value="${java.io.tmpdir}/spoon-log.log"/>
    <property name="user.country" value="US"/>
    <property name="sun.java.launcher" value="SUN_STANDARD"/>
    <property name="sun.boot.library.path" value="/usr/lib/jvm/java-8-openjdk-amd64/jre/lib/amd64"/>
    <property name="sun.java.command" value="org.apache.maven.surefire.booter.ForkedBooter /home/travis/build/SpoonLabs/spoon-ci-external/spoon/target/surefire 2020-10-29T04-02-07_598-jvmRun1 surefire9026300213208172939tmp surefire_04629490889903588621tmp"/>
    <property name="surefire.test.class.path" value="/home/travis/build/SpoonLabs/spoon-ci-external/spoon/target/test-classes:/home/travis/build/SpoonLabs/spoon-ci-external/spoon/target/classes:/home/travis/.m2/repository/org/eclipse/jdt/org.eclipse.jdt.core/3.23.0/org.eclipse.jdt.core-3.23.0.jar:/home/travis/.m2/repository/com/martiansoftware/jsap/2.1/jsap-2.1.jar:/home/travis/.m2/repository/org/apache/logging/log4j/log4j-api/2.13.3/log4j-api-2.13.3.jar:/home/travis/.m2/repository/org/apache/logging/log4j/log4j-to-slf4j/2.13.3/log4j-to-slf4j-2.13.3.jar:/home/travis/.m2/repository/org/slf4j/slf4j-api/1.7.25/slf4j-api-1.7.25.jar:/home/travis/.m2/repository/commons-io/commons-io/2.8.0/commons-io-2.8.0.jar:/home/travis/.m2/repository/org/apache/maven/maven-model/3.6.3/maven-model-3.6.3.jar:/home/travis/.m2/repository/org/codehaus/plexus/plexus-utils/3.2.1/plexus-utils-3.2.1.jar:/home/travis/.m2/repository/org/apache/commons/commons-lang3/3.11/commons-lang3-3.11.jar:/home/travis/.m2/repository/org/tukaani/xz/1.8/xz-1.8.jar:/home/travis/.m2/repository/com/fasterxml/jackson/core/jackson-databind/2.11.3/jackson-databind-2.11.3.jar:/home/travis/.m2/repository/com/fasterxml/jackson/core/jackson-annotations/2.11.3/jackson-annotations-2.11.3.jar:/home/travis/.m2/repository/com/fasterxml/jackson/core/jackson-core/2.11.3/jackson-core-2.11.3.jar:/home/travis/.m2/repository/org/apache/commons/commons-compress/1.20/commons-compress-1.20.jar:/home/travis/.m2/repository/com/google/guava/guava/30.0-jre/guava-30.0-jre.jar:/home/travis/.m2/repository/com/google/guava/failureaccess/1.0.1/failureaccess-1.0.1.jar:/home/travis/.m2/repository/com/google/guava/listenablefuture/9999.0-empty-to-avoid-conflict-with-guava/listenablefuture-9999.0-empty-to-avoid-conflict-with-guava.jar:/home/travis/.m2/repository/com/google/code/findbugs/jsr305/3.0.2/jsr305-3.0.2.jar:/home/travis/.m2/repository/org/checkerframework/checker-qual/3.5.0/checker-qual-3.5.0.jar:/home/travis/.m2/repository/com/google/errorprone/error_prone_annotations/2.3.4/error_prone_annotations-2.3.4.jar:/home/travis/.m2/repository/com/google/j2objc/j2objc-annotations/1.3/j2objc-annotations-1.3.jar:/home/travis/.m2/repository/ch/qos/logback/logback-classic/1.2.3/logback-classic-1.2.3.jar:/home/travis/.m2/repository/ch/qos/logback/logback-core/1.2.3/logback-core-1.2.3.jar:/home/travis/.m2/repository/com/mysema/querydsl/querydsl-core/3.6.9/querydsl-core-3.6.9.jar:/home/travis/.m2/repository/org/apache/maven/shared/maven-invoker/3.0.1/maven-invoker-3.0.1.jar:/home/travis/.m2/repository/org/apache/maven/shared/maven-shared-utils/3.2.1/maven-shared-utils-3.2.1.jar:/home/travis/.m2/repository/org/codehaus/plexus/plexus-component-annotations/1.7.1/plexus-component-annotations-1.7.1.jar:/home/travis/.m2/repository/javax/validation/validation-api/2.0.1.Final/validation-api-2.0.1.Final.jar:/home/travis/.m2/repository/com/google/code/gson/gson/2.8.6/gson-2.8.6.jar:/home/travis/.m2/repository/org/junit/vintage/junit-vintage-engine/5.7.0/junit-vintage-engine-5.7.0.jar:/home/travis/.m2/repository/org/apiguardian/apiguardian-api/1.1.0/apiguardian-api-1.1.0.jar:/home/travis/.m2/repository/org/junit/platform/junit-platform-engine/1.7.0/junit-platform-engine-1.7.0.jar:/home/travis/.m2/repository/org/opentest4j/opentest4j/1.2.0/opentest4j-1.2.0.jar:/home/travis/.m2/repository/org/junit/platform/junit-platform-commons/1.7.0/junit-platform-commons-1.7.0.jar:/home/travis/.m2/repository/junit/junit/4.13/junit-4.13.jar:/home/travis/.m2/repository/org/hamcrest/hamcrest-core/1.3/hamcrest-core-1.3.jar:/home/travis/.m2/repository/org/mockito/mockito-core/3.5.15/mockito-core-3.5.15.jar:/home/travis/.m2/repository/net/bytebuddy/byte-buddy/1.10.15/byte-buddy-1.10.15.jar:/home/travis/.m2/repository/net/bytebuddy/byte-buddy-agent/1.10.15/byte-buddy-agent-1.10.15.jar:/home/travis/.m2/repository/org/objenesis/objenesis/3.1/objenesis-3.1.jar:/home/travis/.m2/repository/org/junit/jupiter/junit-jupiter-engine/5.7.0/junit-jupiter-engine-5.7.0.jar:/home/travis/.m2/repository/org/junit/jupiter/junit-jupiter-api/5.7.0/junit-jupiter-api-5.7.0.jar:/home/travis/.m2/repository/com/github/stefanbirkner/system-rules/1.19.0/system-rules-1.19.0.jar:"/>
    <property name="sun.cpu.endian" value="little"/>
    <property name="user.home" value="/home/travis"/>
    <property name="user.language" value="en"/>
    <property name="java.specification.vendor" value="Oracle Corporation"/>
    <property name="java.home" value="/usr/lib/jvm/java-8-openjdk-amd64/jre"/>
    <property name="basedir" value="/home/travis/build/SpoonLabs/spoon-ci-external/spoon"/>
    <property name="file.separator" value="/"/>
    <property name="line.separator" value="&#10;"/>
    <property name="java.vm.specification.vendor" value="Oracle Corporation"/>
    <property name="java.specification.name" value="Java Platform API Specification"/>
    <property name="java.awt.graphicsenv" value="sun.awt.X11GraphicsEnvironment"/>
    <property name="sun.boot.class.path" value="/usr/lib/jvm/java-8-openjdk-amd64/jre/lib/resources.jar:/usr/lib/jvm/java-8-openjdk-amd64/jre/lib/rt.jar:/usr/lib/jvm/java-8-openjdk-amd64/jre/lib/sunrsasign.jar:/usr/lib/jvm/java-8-openjdk-amd64/jre/lib/jsse.jar:/usr/lib/jvm/java-8-openjdk-amd64/jre/lib/jce.jar:/usr/lib/jvm/java-8-openjdk-amd64/jre/lib/charsets.jar:/usr/lib/jvm/java-8-openjdk-amd64/jre/lib/jfr.jar:/usr/lib/jvm/java-8-openjdk-amd64/jre/classes"/>
    <property name="sun.management.compiler" value="HotSpot 64-Bit Tiered Compilers"/>
    <property name="java.runtime.version" value="1.8.0_252-8u252-b09-1~16.04-b09"/>
    <property name="user.name" value="travis"/>
    <property name="path.separator" value=":"/>
    <property name="os.version" value="4.15.0-1077-gcp"/>
    <property name="java.endorsed.dirs" value="/usr/lib/jvm/java-8-openjdk-amd64/jre/lib/endorsed"/>
    <property name="java.runtime.name" value="OpenJDK Runtime Environment"/>
    <property name="file.encoding" value="UTF-8"/>
    <property name="java.vm.name" value="OpenJDK 64-Bit Server VM"/>
    <property name="localRepository" value="/home/travis/.m2/repository"/>
    <property name="java.vendor.url.bug" value="http://bugreport.sun.com/bugreport/"/>
    <property name="java.io.tmpdir" value="/tmp"/>
    <property name="java.version" value="1.8.0_252"/>
    <property name="user.dir" value="/home/travis/build/SpoonLabs/spoon-ci-external/spoon"/>
    <property name="os.arch" value="amd64"/>
    <property name="java.vm.specification.name" value="Java Virtual Machine Specification"/>
    <property name="java.awt.printerjob" value="sun.print.PSPrinterJob"/>
    <property name="sun.os.patch.level" value="unknown"/>
    <property name="java.library.path" value="/usr/java/packages/lib/amd64:/usr/lib/x86_64-linux-gnu/jni:/lib/x86_64-linux-gnu:/usr/lib/x86_64-linux-gnu:/usr/lib/jni:/lib:/usr/lib"/>
    <property name="java.vm.info" value="mixed mode"/>
    <property name="java.vendor" value="Private Build"/>
    <property name="java.vm.version" value="25.252-b09"/>
    <property name="java.ext.dirs" value="/usr/lib/jvm/java-8-openjdk-amd64/jre/lib/ext:/usr/java/packages/lib/ext"/>
    <property name="sun.io.unicode.encoding" value="UnicodeLittle"/>
    <property name="java.class.version" value="52.0"/>
  </properties>
  <testcase name="testForceRefresh" classname="spoon.MavenLauncherTest" time="7.505">
    <system-out><![CDATA[04:02:22.732 [main] INFO spoon.Launcher - Running in NOCLASSPATH mode (doc: http://spoon.gforge.inria.fr/launcher.html).
04:02:23.029 [main] INFO spoon.Launcher - Running in NOCLASSPATH mode (doc: http://spoon.gforge.inria.fr/launcher.html).
04:02:24.567 [Thread-4] DEBUG spoon.Launcher - [INFO] Scanning for projects...
04:02:24.621 [Thread-4] DEBUG spoon.Launcher - [WARNING] 
04:02:24.622 [Thread-4] DEBUG spoon.Launcher - [WARNING] Some problems were encountered while building the effective model for org.foo.bar:foobar:jar:1.0.0-SNAPSHOT
04:02:24.624 [Thread-4] DEBUG spoon.Launcher - [WARNING] 'dependencies.dependency.systemPath' for com.infradna.tool:bridge-method-annotation:jar should not point at files within the project directory, ${basedir}/lib/bridge-method-annotation-1.13.jar will be unresolvable by dependent projects @ line 18, column 25
04:02:24.624 [Thread-4] DEBUG spoon.Launcher - [WARNING] 
04:02:24.625 [Thread-4] DEBUG spoon.Launcher - [WARNING] It is highly recommended to fix these problems because they threaten the stability of your build.
04:02:24.625 [Thread-4] DEBUG spoon.Launcher - [WARNING] 
04:02:24.629 [Thread-4] DEBUG spoon.Launcher - [WARNING] For this reason, future Maven versions might no longer support building such malformed projects.
04:02:24.629 [Thread-4] DEBUG spoon.Launcher - [WARNING] 
04:02:24.915 [Thread-4] DEBUG spoon.Launcher - [INFO] Downloading from google-maven-central: https://maven-central.storage-download.googleapis.com/maven2/org/apache/maven/plugins/maven-clean-plugin/2.5/maven-clean-plugin-2.5.pom
04:02:25.235 [Thread-4] DEBUG spoon.Launcher - [INFO] Downloaded from google-maven-central: https://maven-central.storage-download.googleapis.com/maven2/org/apache/maven/plugins/maven-clean-plugin/2.5/maven-clean-plugin-2.5.pom (3.9 kB at 12 kB/s)
04:02:25.386 [Thread-4] DEBUG spoon.Launcher - [INFO] Downloading from google-maven-central: https://maven-central.storage-download.googleapis.com/maven2/org/apache/maven/plugins/maven-clean-plugin/2.5/maven-clean-plugin-2.5.jar
04:02:25.410 [Thread-4] DEBUG spoon.Launcher - [INFO] Downloaded from google-maven-central: https://maven-central.storage-download.googleapis.com/maven2/org/apache/maven/plugins/maven-clean-plugin/2.5/maven-clean-plugin-2.5.jar (25 kB at 985 kB/s)
04:02:25.482 [Thread-4] DEBUG spoon.Launcher - [INFO] Downloading from google-maven-central: https://maven-central.storage-download.googleapis.com/maven2/org/apache/maven/plugins/maven-compiler-plugin/3.1/maven-compiler-plugin-3.1.pom
04:02:25.513 [Thread-4] DEBUG spoon.Launcher - [INFO] Downloaded from google-maven-central: https://maven-central.storage-download.googleapis.com/maven2/org/apache/maven/plugins/maven-compiler-plugin/3.1/maven-compiler-plugin-3.1.pom (10 kB at 329 kB/s)
04:02:25.517 [Thread-4] DEBUG spoon.Launcher - [INFO] Downloading from google-maven-central: https://maven-central.storage-download.googleapis.com/maven2/org/apache/maven/plugins/maven-plugins/24/maven-plugins-24.pom
04:02:25.548 [Thread-4] DEBUG spoon.Launcher - [INFO] Downloaded from google-maven-central: https://maven-central.storage-download.googleapis.com/maven2/org/apache/maven/plugins/maven-plugins/24/maven-plugins-24.pom (11 kB at 360 kB/s)
04:02:25.569 [Thread-4] DEBUG spoon.Launcher - [INFO] Downloading from google-maven-central: https://maven-central.storage-download.googleapis.com/maven2/org/apache/maven/plugins/maven-compiler-plugin/3.1/maven-compiler-plugin-3.1.jar
04:02:25.610 [Thread-4] DEBUG spoon.Launcher - [INFO] Downloaded from google-maven-central: https://maven-central.storage-download.googleapis.com/maven2/org/apache/maven/plugins/maven-compiler-plugin/3.1/maven-compiler-plugin-3.1.jar (43 kB at 1.0 MB/s)
04:02:25.624 [Thread-4] DEBUG spoon.Launcher - [INFO] Downloading from google-maven-central: https://maven-central.storage-download.googleapis.com/maven2/org/apache/maven/plugins/maven-surefire-plugin/2.12.4/maven-surefire-plugin-2.12.4.pom
04:02:25.642 [Thread-4] DEBUG spoon.Launcher - [INFO] Downloaded from google-maven-central: https://maven-central.storage-download.googleapis.com/maven2/org/apache/maven/plugins/maven-surefire-plugin/2.12.4/maven-surefire-plugin-2.12.4.pom (10 kB at 748 kB/s)
04:02:25.649 [Thread-4] DEBUG spoon.Launcher - [INFO] Downloading from google-maven-central: https://maven-central.storage-download.googleapis.com/maven2/org/apache/maven/surefire/surefire/2.12.4/surefire-2.12.4.pom
04:02:25.658 [Thread-4] DEBUG spoon.Launcher - [INFO] Downloaded from google-maven-central: https://maven-central.storage-download.googleapis.com/maven2/org/apache/maven/surefire/surefire/2.12.4/surefire-2.12.4.pom (14 kB at 1.5 MB/s)
04:02:25.670 [Thread-4] DEBUG spoon.Launcher - [INFO] Downloading from google-maven-central: https://maven-central.storage-download.googleapis.com/maven2/org/apache/maven/plugins/maven-surefire-plugin/2.12.4/maven-surefire-plugin-2.12.4.jar
04:02:25.685 [Thread-4] DEBUG spoon.Launcher - [INFO] Downloaded from google-maven-central: https://maven-central.storage-download.googleapis.com/maven2/org/apache/maven/plugins/maven-surefire-plugin/2.12.4/maven-surefire-plugin-2.12.4.jar (30 kB at 1.5 MB/s)
04:02:25.696 [Thread-4] DEBUG spoon.Launcher - [INFO] Downloading from google-maven-central: https://maven-central.storage-download.googleapis.com/maven2/org/apache/maven/plugins/maven-install-plugin/2.4/maven-install-plugin-2.4.pom
04:02:25.723 [Thread-4] DEBUG spoon.Launcher - [INFO] Downloaded from google-maven-central: https://maven-central.storage-download.googleapis.com/maven2/org/apache/maven/plugins/maven-install-plugin/2.4/maven-install-plugin-2.4.pom (6.4 kB at 228 kB/s)
04:02:25.739 [Thread-4] DEBUG spoon.Launcher - [INFO] Downloading from google-maven-central: https://maven-central.storage-download.googleapis.com/maven2/org/apache/maven/plugins/maven-install-plugin/2.4/maven-install-plugin-2.4.jar
04:02:25.772 [Thread-4] DEBUG spoon.Launcher - [INFO] Downloaded from google-maven-central: https://maven-central.storage-download.googleapis.com/maven2/org/apache/maven/plugins/maven-install-plugin/2.4/maven-install-plugin-2.4.jar (27 kB at 842 kB/s)
04:02:25.778 [Thread-4] DEBUG spoon.Launcher - [INFO] Downloading from google-maven-central: https://maven-central.storage-download.googleapis.com/maven2/org/apache/maven/plugins/maven-deploy-plugin/2.7/maven-deploy-plugin-2.7.pom
04:02:25.807 [Thread-4] DEBUG spoon.Launcher - [INFO] Downloaded from google-maven-central: https://maven-central.storage-download.googleapis.com/maven2/org/apache/maven/plugins/maven-deploy-plugin/2.7/maven-deploy-plugin-2.7.pom (5.6 kB at 187 kB/s)
04:02:25.821 [Thread-4] DEBUG spoon.Launcher - [INFO] Downloading from google-maven-central: https://maven-central.storage-download.googleapis.com/maven2/org/apache/maven/plugins/maven-deploy-plugin/2.7/maven-deploy-plugin-2.7.jar
04:02:25.855 [Thread-4] DEBUG spoon.Launcher - [INFO] Downloaded from google-maven-central: https://maven-central.storage-download.googleapis.com/maven2/org/apache/maven/plugins/maven-deploy-plugin/2.7/maven-deploy-plugin-2.7.jar (27 kB at 813 kB/s)
04:02:25.859 [Thread-4] DEBUG spoon.Launcher - [INFO] Downloading from google-maven-central: https://maven-central.storage-download.googleapis.com/maven2/org/apache/maven/plugins/maven-site-plugin/3.3/maven-site-plugin-3.3.pom
04:02:25.887 [Thread-4] DEBUG spoon.Launcher - [INFO] Downloaded from google-maven-central: https://maven-central.storage-download.googleapis.com/maven2/org/apache/maven/plugins/maven-site-plugin/3.3/maven-site-plugin-3.3.pom (21 kB at 718 kB/s)
04:02:25.894 [Thread-4] DEBUG spoon.Launcher - [INFO] Downloading from google-maven-central: https://maven-central.storage-download.googleapis.com/maven2/org/apache/maven/plugins/maven-site-plugin/3.3/maven-site-plugin-3.3.jar
04:02:25.930 [Thread-4] DEBUG spoon.Launcher - [INFO] Downloaded from google-maven-central: https://maven-central.storage-download.googleapis.com/maven2/org/apache/maven/plugins/maven-site-plugin/3.3/maven-site-plugin-3.3.jar (124 kB at 3.5 MB/s)
04:02:25.939 [Thread-4] DEBUG spoon.Launcher - [INFO] Downloading from google-maven-central: https://maven-central.storage-download.googleapis.com/maven2/org/apache/maven/plugins/maven-antrun-plugin/1.3/maven-antrun-plugin-1.3.pom
04:02:25.970 [Thread-4] DEBUG spoon.Launcher - [INFO] Downloaded from google-maven-central: https://maven-central.storage-download.googleapis.com/maven2/org/apache/maven/plugins/maven-antrun-plugin/1.3/maven-antrun-plugin-1.3.pom (4.7 kB at 163 kB/s)
04:02:25.977 [Thread-4] DEBUG spoon.Launcher - [INFO] Downloading from google-maven-central: https://maven-central.storage-download.googleapis.com/maven2/org/apache/maven/plugins/maven-plugins/12/maven-plugins-12.pom
04:02:26.013 [Thread-4] DEBUG spoon.Launcher - [INFO] Downloaded from google-maven-central: https://maven-central.storage-download.googleapis.com/maven2/org/apache/maven/plugins/maven-plugins/12/maven-plugins-12.pom (12 kB at 367 kB/s)
04:02:26.022 [Thread-4] DEBUG spoon.Launcher - [INFO] Downloading from google-maven-central: https://maven-central.storage-download.googleapis.com/maven2/org/apache/maven/plugins/maven-antrun-plugin/1.3/maven-antrun-plugin-1.3.jar
04:02:26.048 [Thread-4] DEBUG spoon.Launcher - [INFO] Downloaded from google-maven-central: https://maven-central.storage-download.googleapis.com/maven2/org/apache/maven/plugins/maven-antrun-plugin/1.3/maven-antrun-plugin-1.3.jar (24 kB at 842 kB/s)
04:02:26.052 [Thread-4] DEBUG spoon.Launcher - [INFO] Downloading from google-maven-central: https://maven-central.storage-download.googleapis.com/maven2/org/apache/maven/plugins/maven-assembly-plugin/2.2-beta-5/maven-assembly-plugin-2.2-beta-5.pom
04:02:26.080 [Thread-4] DEBUG spoon.Launcher - [INFO] Downloaded from google-maven-central: https://maven-central.storage-download.googleapis.com/maven2/org/apache/maven/plugins/maven-assembly-plugin/2.2-beta-5/maven-assembly-plugin-2.2-beta-5.pom (15 kB at 561 kB/s)
04:02:26.087 [Thread-4] DEBUG spoon.Launcher - [INFO] Downloading from google-maven-central: https://maven-central.storage-download.googleapis.com/maven2/org/apache/maven/plugins/maven-plugins/16/maven-plugins-16.pom
04:02:26.119 [Thread-4] DEBUG spoon.Launcher - [INFO] Downloaded from google-maven-central: https://maven-central.storage-download.googleapis.com/maven2/org/apache/maven/plugins/maven-plugins/16/maven-plugins-16.pom (13 kB at 381 kB/s)
04:02:26.130 [Thread-4] DEBUG spoon.Launcher - [INFO] Downloading from google-maven-central: https://maven-central.storage-download.googleapis.com/maven2/org/apache/maven/plugins/maven-assembly-plugin/2.2-beta-5/maven-assembly-plugin-2.2-beta-5.jar
04:02:26.179 [Thread-4] DEBUG spoon.Launcher - [INFO] Downloaded from google-maven-central: https://maven-central.storage-download.googleapis.com/maven2/org/apache/maven/plugins/maven-assembly-plugin/2.2-beta-5/maven-assembly-plugin-2.2-beta-5.jar (209 kB at 4.5 MB/s)
04:02:26.186 [Thread-4] DEBUG spoon.Launcher - [INFO] Downloading from google-maven-central: https://maven-central.storage-download.googleapis.com/maven2/org/apache/maven/plugins/maven-dependency-plugin/2.8/maven-dependency-plugin-2.8.pom
04:02:26.217 [Thread-4] DEBUG spoon.Launcher - [INFO] Downloaded from google-maven-central: https://maven-central.storage-download.googleapis.com/maven2/org/apache/maven/plugins/maven-dependency-plugin/2.8/maven-dependency-plugin-2.8.pom (11 kB at 382 kB/s)
04:02:26.227 [Thread-4] DEBUG spoon.Launcher - [INFO] Downloading from google-maven-central: https://maven-central.storage-download.googleapis.com/maven2/org/apache/maven/plugins/maven-dependency-plugin/2.8/maven-dependency-plugin-2.8.jar
04:02:26.273 [Thread-4] DEBUG spoon.Launcher - [INFO] Downloaded from google-maven-central: https://maven-central.storage-download.googleapis.com/maven2/org/apache/maven/plugins/maven-dependency-plugin/2.8/maven-dependency-plugin-2.8.jar (153 kB at 3.3 MB/s)
04:02:26.300 [Thread-4] DEBUG spoon.Launcher - [INFO] 
04:02:26.301 [Thread-4] DEBUG spoon.Launcher - [INFO] -------------------------< org.foo.bar:foobar >-------------------------
04:02:26.301 [Thread-4] DEBUG spoon.Launcher - [INFO] Building foobar 1.0.0-SNAPSHOT
04:02:26.301 [Thread-4] DEBUG spoon.Launcher - [INFO] --------------------------------[ jar ]---------------------------------
04:02:26.326 [Thread-4] DEBUG spoon.Launcher - [INFO] 
04:02:26.326 [Thread-4] DEBUG spoon.Launcher - [INFO] --- maven-dependency-plugin:2.8:build-classpath (default-cli) @ foobar ---
04:02:26.345 [Thread-4] DEBUG spoon.Launcher - [INFO] Downloading from google-maven-central: https://maven-central.storage-download.googleapis.com/maven2/org/apache/maven/maven-artifact/2.0.9/maven-artifact-2.0.9.pom
04:02:26.355 [Thread-4] DEBUG spoon.Launcher - [INFO] Downloaded from google-maven-central: https://maven-central.storage-download.googleapis.com/maven2/org/apache/maven/maven-artifact/2.0.9/maven-artifact-2.0.9.pom (1.6 kB at 147 kB/s)
04:02:26.359 [Thread-4] DEBUG spoon.Launcher - [INFO] Downloading from google-maven-central: https://maven-central.storage-download.googleapis.com/maven2/org/apache/maven/maven/2.0.9/maven-2.0.9.pom
04:02:26.380 [Thread-4] DEBUG spoon.Launcher - [INFO] Downloaded from google-maven-central: https://maven-central.storage-download.googleapis.com/maven2/org/apache/maven/maven/2.0.9/maven-2.0.9.pom (19 kB at 945 kB/s)
04:02:26.387 [Thread-4] DEBUG spoon.Launcher - [INFO] Downloading from google-maven-central: https://maven-central.storage-download.googleapis.com/maven2/org/apache/maven/maven-parent/8/maven-parent-8.pom
04:02:26.411 [Thread-4] DEBUG spoon.Launcher - [INFO] Downloaded from google-maven-central: https://maven-central.storage-download.googleapis.com/maven2/org/apache/maven/maven-parent/8/maven-parent-8.pom (24 kB at 894 kB/s)
04:02:26.422 [Thread-4] DEBUG spoon.Launcher - [INFO] Downloading from google-maven-central: https://maven-central.storage-download.googleapis.com/maven2/org/codehaus/plexus/plexus-utils/1.5.1/plexus-utils-1.5.1.pom
04:02:26.454 [Thread-4] DEBUG spoon.Launcher - [INFO] Downloaded from google-maven-central: https://maven-central.storage-download.googleapis.com/maven2/org/codehaus/plexus/plexus-utils/1.5.1/plexus-utils-1.5.1.pom (2.3 kB at 72 kB/s)
04:02:26.466 [Thread-4] DEBUG spoon.Launcher - [INFO] Downloading from google-maven-central: https://maven-central.storage-download.googleapis.com/maven2/org/apache/maven/maven-plugin-api/2.0.9/maven-plugin-api-2.0.9.pom
04:02:26.475 [Thread-4] DEBUG spoon.Launcher - [INFO] Downloaded from google-maven-central: https://maven-central.storage-download.googleapis.com/maven2/org/apache/maven/maven-plugin-api/2.0.9/maven-plugin-api-2.0.9.pom (1.5 kB at 166 kB/s)
04:02:26.491 [Thread-4] DEBUG spoon.Launcher - [INFO] Downloading from google-maven-central: https://maven-central.storage-download.googleapis.com/maven2/org/apache/maven/maven-project/2.0.9/maven-project-2.0.9.pom
04:02:26.517 [Thread-4] DEBUG spoon.Launcher - [INFO] Downloaded from google-maven-central: https://maven-central.storage-download.googleapis.com/maven2/org/apache/maven/maven-project/2.0.9/maven-project-2.0.9.pom (2.7 kB at 100 kB/s)
04:02:26.527 [Thread-4] DEBUG spoon.Launcher - [INFO] Downloading from google-maven-central: https://maven-central.storage-download.googleapis.com/maven2/org/apache/maven/maven-settings/2.0.9/maven-settings-2.0.9.pom
04:02:26.535 [Thread-4] DEBUG spoon.Launcher - [INFO] Downloaded from google-maven-central: https://maven-central.storage-download.googleapis.com/maven2/org/apache/maven/maven-settings/2.0.9/maven-settings-2.0.9.pom (2.1 kB at 257 kB/s)
04:02:26.546 [Thread-4] DEBUG spoon.Launcher - [INFO] Downloading from google-maven-central: https://maven-central.storage-download.googleapis.com/maven2/org/apache/maven/maven-model/2.0.9/maven-model-2.0.9.pom
04:02:26.553 [Thread-4] DEBUG spoon.Launcher - [INFO] Downloaded from google-maven-central: https://maven-central.storage-download.googleapis.com/maven2/org/apache/maven/maven-model/2.0.9/maven-model-2.0.9.pom (3.1 kB at 523 kB/s)
04:02:26.576 [Thread-4] DEBUG spoon.Launcher - [INFO] Downloading from google-maven-central: https://maven-central.storage-download.googleapis.com/maven2/org/apache/maven/maven-profile/2.0.9/maven-profile-2.0.9.pom
04:02:26.613 [Thread-4] DEBUG spoon.Launcher - [INFO] Downloaded from google-maven-central: https://maven-central.storage-download.googleapis.com/maven2/org/apache/maven/maven-profile/2.0.9/maven-profile-2.0.9.pom (2.0 kB at 55 kB/s)
04:02:26.623 [Thread-4] DEBUG spoon.Launcher - [INFO] Downloading from google-maven-central: https://maven-central.storage-download.googleapis.com/maven2/org/apache/maven/maven-artifact-manager/2.0.9/maven-artifact-manager-2.0.9.pom
04:02:26.663 [Thread-4] DEBUG spoon.Launcher - [INFO] Downloaded from google-maven-central: https://maven-central.storage-download.googleapis.com/maven2/org/apache/maven/maven-artifact-manager/2.0.9/maven-artifact-manager-2.0.9.pom (2.7 kB at 69 kB/s)
04:02:26.672 [Thread-4] DEBUG spoon.Launcher - [INFO] Downloading from google-maven-central: https://maven-central.storage-download.googleapis.com/maven2/org/apache/maven/maven-repository-metadata/2.0.9/maven-repository-metadata-2.0.9.pom
04:02:26.708 [Thread-4] DEBUG spoon.Launcher - [INFO] Downloaded from google-maven-central: https://maven-central.storage-download.googleapis.com/maven2/org/apache/maven/maven-repository-metadata/2.0.9/maven-repository-metadata-2.0.9.pom (1.9 kB at 50 kB/s)
04:02:26.716 [Thread-4] DEBUG spoon.Launcher - [INFO] Downloading from google-maven-central: https://maven-central.storage-download.googleapis.com/maven2/org/apache/maven/maven-plugin-registry/2.0.9/maven-plugin-registry-2.0.9.pom
04:02:26.747 [Thread-4] DEBUG spoon.Launcher - [INFO] Downloaded from google-maven-central: https://maven-central.storage-download.googleapis.com/maven2/org/apache/maven/maven-plugin-registry/2.0.9/maven-plugin-registry-2.0.9.pom (2.0 kB at 66 kB/s)
04:02:26.757 [Thread-4] DEBUG spoon.Launcher - [INFO] Downloading from google-maven-central: https://maven-central.storage-download.googleapis.com/maven2/org/apache/maven/maven-core/2.0.9/maven-core-2.0.9.pom
04:02:26.764 [Thread-4] DEBUG spoon.Launcher - [INFO] Downloaded from google-maven-central: https://maven-central.storage-download.googleapis.com/maven2/org/apache/maven/maven-core/2.0.9/maven-core-2.0.9.pom (7.8 kB at 1.1 MB/s)
04:02:26.771 [Thread-4] DEBUG spoon.Launcher - [INFO] Downloading from google-maven-central: https://maven-central.storage-download.googleapis.com/maven2/org/apache/maven/maven-plugin-parameter-documenter/2.0.9/maven-plugin-parameter-documenter-2.0.9.pom
04:02:26.783 [Thread-4] DEBUG spoon.Launcher - [INFO] Downloaded from google-maven-central: https://maven-central.storage-download.googleapis.com/maven2/org/apache/maven/maven-plugin-parameter-documenter/2.0.9/maven-plugin-parameter-documenter-2.0.9.pom (2.0 kB at 164 kB/s)
04:02:26.790 [Thread-4] DEBUG spoon.Launcher - [INFO] Downloading from google-maven-central: https://maven-central.storage-download.googleapis.com/maven2/org/apache/maven/reporting/maven-reporting-api/2.0.9/maven-reporting-api-2.0.9.pom
04:02:26.797 [Thread-4] DEBUG spoon.Launcher - [INFO] Downloaded from google-maven-central: https://maven-central.storage-download.googleapis.com/maven2/org/apache/maven/reporting/maven-reporting-api/2.0.9/maven-reporting-api-2.0.9.pom (1.8 kB at 225 kB/s)
04:02:26.801 [Thread-4] DEBUG spoon.Launcher - [INFO] Downloading from google-maven-central: https://maven-central.storage-download.googleapis.com/maven2/org/apache/maven/reporting/maven-reporting/2.0.9/maven-reporting-2.0.9.pom
04:02:26.808 [Thread-4] DEBUG spoon.Launcher - [INFO] Downloaded from google-maven-central: https://maven-central.storage-download.googleapis.com/maven2/org/apache/maven/reporting/maven-reporting/2.0.9/maven-reporting-2.0.9.pom (1.5 kB at 184 kB/s)
04:02:26.817 [Thread-4] DEBUG spoon.Launcher - [INFO] Downloading from google-maven-central: https://maven-central.storage-download.googleapis.com/maven2/org/apache/maven/doxia/doxia-sink-api/1.0-alpha-10/doxia-sink-api-1.0-alpha-10.pom
04:02:26.850 [Thread-4] DEBUG spoon.Launcher - [INFO] Downloaded from google-maven-central: https://maven-central.storage-download.googleapis.com/maven2/org/apache/maven/doxia/doxia-sink-api/1.0-alpha-10/doxia-sink-api-1.0-alpha-10.pom (1.3 kB at 40 kB/s)
04:02:26.854 [Thread-4] DEBUG spoon.Launcher - [INFO] Downloading from google-maven-central: https://maven-central.storage-download.googleapis.com/maven2/org/apache/maven/doxia/doxia/1.0-alpha-10/doxia-1.0-alpha-10.pom
04:02:26.884 [Thread-4] DEBUG spoon.Launcher - [INFO] Downloaded from google-maven-central: https://maven-central.storage-download.googleapis.com/maven2/org/apache/maven/doxia/doxia/1.0-alpha-10/doxia-1.0-alpha-10.pom (9.2 kB at 305 kB/s)
04:02:26.896 [Thread-4] DEBUG spoon.Launcher - [INFO] Downloading from google-maven-central: https://maven-central.storage-download.googleapis.com/maven2/org/apache/maven/maven-parent/6/maven-parent-6.pom
04:02:26.934 [Thread-4] DEBUG spoon.Launcher - [INFO] Downloaded from google-maven-central: https://maven-central.storage-download.googleapis.com/maven2/org/apache/maven/maven-parent/6/maven-parent-6.pom (20 kB at 590 kB/s)
04:02:26.947 [Thread-4] DEBUG spoon.Launcher - [INFO] Downloading from google-maven-central: https://maven-central.storage-download.googleapis.com/maven2/org/apache/maven/maven-error-diagnostics/2.0.9/maven-error-diagnostics-2.0.9.pom
04:02:26.967 [Thread-4] DEBUG spoon.Launcher - [INFO] Downloaded from google-maven-central: https://maven-central.storage-download.googleapis.com/maven2/org/apache/maven/maven-error-diagnostics/2.0.9/maven-error-diagnostics-2.0.9.pom (1.7 kB at 159 kB/s)
04:02:26.989 [Thread-4] DEBUG spoon.Launcher - [INFO] Downloading from google-maven-central: https://maven-central.storage-download.googleapis.com/maven2/org/apache/maven/maven-plugin-descriptor/2.0.9/maven-plugin-descriptor-2.0.9.pom
04:02:27.006 [Thread-4] DEBUG spoon.Launcher - [INFO] Downloaded from google-maven-central: https://maven-central.storage-download.googleapis.com/maven2/org/apache/maven/maven-plugin-descriptor/2.0.9/maven-plugin-descriptor-2.0.9.pom (2.1 kB at 109 kB/s)
04:02:27.013 [Thread-4] DEBUG spoon.Launcher - [INFO] Downloading from google-maven-central: https://maven-central.storage-download.googleapis.com/maven2/org/apache/maven/maven-monitor/2.0.9/maven-monitor-2.0.9.pom
04:02:27.022 [Thread-4] DEBUG spoon.Launcher - [INFO] Downloaded from google-maven-central: https://maven-central.storage-download.googleapis.com/maven2/org/apache/maven/maven-monitor/2.0.9/maven-monitor-2.0.9.pom (1.3 kB at 184 kB/s)
04:02:27.051 [Thread-4] DEBUG spoon.Launcher - [INFO] Downloading from google-maven-central: https://maven-central.storage-download.googleapis.com/maven2/org/apache/maven/reporting/maven-reporting-impl/2.0.5/maven-reporting-impl-2.0.5.pom
04:02:27.076 [Thread-4] DEBUG spoon.Launcher - [INFO] Downloaded from google-maven-central: https://maven-central.storage-download.googleapis.com/maven2/org/apache/maven/reporting/maven-reporting-impl/2.0.5/maven-reporting-impl-2.0.5.pom (4.2 kB at 169 kB/s)
04:02:27.131 [Thread-4] DEBUG spoon.Launcher - [INFO] Downloading from google-maven-central: https://maven-central.storage-download.googleapis.com/maven2/org/apache/maven/doxia/doxia-core/1.0/doxia-core-1.0.pom
04:02:27.140 [Thread-4] DEBUG spoon.Launcher - [INFO] Downloaded from google-maven-central: https://maven-central.storage-download.googleapis.com/maven2/org/apache/maven/doxia/doxia-core/1.0/doxia-core-1.0.pom (2.4 kB at 171 kB/s)
04:02:27.152 [Thread-4] DEBUG spoon.Launcher - [INFO] Downloading from google-maven-central: https://maven-central.storage-download.googleapis.com/maven2/org/codehaus/plexus/plexus-utils/1.5.7/plexus-utils-1.5.7.pom
04:02:27.163 [Thread-4] DEBUG spoon.Launcher - [INFO] Downloaded from google-maven-central: https://maven-central.storage-download.googleapis.com/maven2/org/codehaus/plexus/plexus-utils/1.5.7/plexus-utils-1.5.7.pom (8.1 kB at 896 kB/s)
04:02:27.192 [Thread-4] DEBUG spoon.Launcher - [INFO] Downloading from google-maven-central: https://maven-central.storage-download.googleapis.com/maven2/org/apache/maven/doxia/doxia-site-renderer/1.0/doxia-site-renderer-1.0.pom
04:02:27.203 [Thread-4] DEBUG spoon.Launcher - [INFO] Downloaded from google-maven-central: https://maven-central.storage-download.googleapis.com/maven2/org/apache/maven/doxia/doxia-site-renderer/1.0/doxia-site-renderer-1.0.pom (4.4 kB at 369 kB/s)
04:02:27.206 [Thread-4] DEBUG spoon.Launcher - [INFO] Downloading from google-maven-central: https://maven-central.storage-download.googleapis.com/maven2/org/apache/maven/doxia/doxia-sitetools/1.0/doxia-sitetools-1.0.pom
04:02:27.214 [Thread-4] DEBUG spoon.Launcher - [INFO] Downloaded from google-maven-central: https://maven-central.storage-download.googleapis.com/maven2/org/apache/maven/doxia/doxia-sitetools/1.0/doxia-sitetools-1.0.pom (9.6 kB at 1.4 MB/s)
04:02:27.233 [Thread-4] DEBUG spoon.Launcher - [INFO] Downloading from google-maven-central: https://maven-central.storage-download.googleapis.com/maven2/commons-collections/commons-collections/3.1/commons-collections-3.1.pom
04:02:27.243 [Thread-4] DEBUG spoon.Launcher - [INFO] Downloaded from google-maven-central: https://maven-central.storage-download.googleapis.com/maven2/commons-collections/commons-collections/3.1/commons-collections-3.1.pom (6.1 kB at 1.0 MB/s)
04:02:27.252 [Thread-4] DEBUG spoon.Launcher - [INFO] Downloading from google-maven-central: https://maven-central.storage-download.googleapis.com/maven2/org/apache/maven/doxia/doxia-decoration-model/1.0/doxia-decoration-model-1.0.pom
04:02:27.273 [Thread-4] DEBUG spoon.Launcher - [INFO] Downloaded from google-maven-central: https://maven-central.storage-download.googleapis.com/maven2/org/apache/maven/doxia/doxia-decoration-model/1.0/doxia-decoration-model-1.0.pom (3.2 kB at 243 kB/s)
04:02:27.281 [Thread-4] DEBUG spoon.Launcher - [INFO] Downloading from google-maven-central: https://maven-central.storage-download.googleapis.com/maven2/commons-collections/commons-collections/3.2/commons-collections-3.2.pom
04:02:27.291 [Thread-4] DEBUG spoon.Launcher - [INFO] Downloaded from google-maven-central: https://maven-central.storage-download.googleapis.com/maven2/commons-collections/commons-collections/3.2/commons-collections-3.2.pom (11 kB at 1.2 MB/s)
04:02:27.297 [Thread-4] DEBUG spoon.Launcher - [INFO] Downloading from google-maven-central: https://maven-central.storage-download.googleapis.com/maven2/org/apache/maven/doxia/doxia-module-apt/1.0/doxia-module-apt-1.0.pom
04:02:27.306 [Thread-4] DEBUG spoon.Launcher - [INFO] Downloaded from google-maven-central: https://maven-central.storage-download.googleapis.com/maven2/org/apache/maven/doxia/doxia-module-apt/1.0/doxia-module-apt-1.0.pom (2.3 kB at 250 kB/s)
04:02:27.311 [Thread-4] DEBUG spoon.Launcher - [INFO] Downloading from google-maven-central: https://maven-central.storage-download.googleapis.com/maven2/org/apache/maven/doxia/doxia-modules/1.0/doxia-modules-1.0.pom
04:02:27.329 [Thread-4] DEBUG spoon.Launcher - [INFO] Downloaded from google-maven-central: https://maven-central.storage-download.googleapis.com/maven2/org/apache/maven/doxia/doxia-modules/1.0/doxia-modules-1.0.pom (2.4 kB at 342 kB/s)
04:02:27.334 [Thread-4] DEBUG spoon.Launcher - [INFO] Downloading from google-maven-central: https://maven-central.storage-download.googleapis.com/maven2/org/apache/maven/doxia/doxia-module-fml/1.0/doxia-module-fml-1.0.pom
04:02:27.340 [Thread-4] DEBUG spoon.Launcher - [INFO] Downloaded from google-maven-central: https://maven-central.storage-download.googleapis.com/maven2/org/apache/maven/doxia/doxia-module-fml/1.0/doxia-module-fml-1.0.pom (2.7 kB at 449 kB/s)
04:02:27.346 [Thread-4] DEBUG spoon.Launcher - [INFO] Downloading from google-maven-central: https://maven-central.storage-download.googleapis.com/maven2/org/apache/maven/doxia/doxia-module-xdoc/1.0/doxia-module-xdoc-1.0.pom
04:02:27.358 [Thread-4] DEBUG spoon.Launcher - [INFO] Downloaded from google-maven-central: https://maven-central.storage-download.googleapis.com/maven2/org/apache/maven/doxia/doxia-module-xdoc/1.0/doxia-module-xdoc-1.0.pom (2.2 kB at 187 kB/s)
04:02:27.372 [Thread-4] DEBUG spoon.Launcher - [INFO] Downloading from google-maven-central: https://maven-central.storage-download.googleapis.com/maven2/org/apache/maven/doxia/doxia-module-xhtml/1.0/doxia-module-xhtml-1.0.pom
04:02:27.378 [Thread-4] DEBUG spoon.Launcher - [INFO] Downloaded from google-maven-central: https://maven-central.storage-download.googleapis.com/maven2/org/apache/maven/doxia/doxia-module-xhtml/1.0/doxia-module-xhtml-1.0.pom (1.6 kB at 266 kB/s)
04:02:27.387 [Thread-4] DEBUG spoon.Launcher - [INFO] Downloading from google-maven-central: https://maven-central.storage-download.googleapis.com/maven2/org/apache/maven/shared/maven-doxia-tools/1.0.2/maven-doxia-tools-1.0.2.pom
04:02:27.421 [Thread-4] DEBUG spoon.Launcher - [INFO] Downloaded from google-maven-central: https://maven-central.storage-download.googleapis.com/maven2/org/apache/maven/shared/maven-doxia-tools/1.0.2/maven-doxia-tools-1.0.2.pom (5.9 kB at 172 kB/s)
04:02:27.424 [Thread-4] DEBUG spoon.Launcher - [INFO] Downloading from google-maven-central: https://maven-central.storage-download.googleapis.com/maven2/org/apache/maven/shared/maven-shared-components/11/maven-shared-components-11.pom
04:02:27.447 [Thread-4] DEBUG spoon.Launcher - [INFO] Downloaded from google-maven-central: https://maven-central.storage-download.googleapis.com/maven2/org/apache/maven/shared/maven-shared-components/11/maven-shared-components-11.pom (8.3 kB at 363 kB/s)
04:02:27.452 [Thread-4] DEBUG spoon.Launcher - [INFO] Downloading from google-maven-central: https://maven-central.storage-download.googleapis.com/maven2/commons-io/commons-io/1.4/commons-io-1.4.pom
04:02:27.482 [Thread-4] DEBUG spoon.Launcher - [INFO] Downloaded from google-maven-central: https://maven-central.storage-download.googleapis.com/maven2/commons-io/commons-io/1.4/commons-io-1.4.pom (13 kB at 454 kB/s)
04:02:27.486 [Thread-4] DEBUG spoon.Launcher - [INFO] Downloading from google-maven-central: https://maven-central.storage-download.googleapis.com/maven2/org/apache/commons/commons-parent/7/commons-parent-7.pom
04:02:27.511 [Thread-4] DEBUG spoon.Launcher - [INFO] Downloaded from google-maven-central: https://maven-central.storage-download.googleapis.com/maven2/org/apache/commons/commons-parent/7/commons-parent-7.pom (17 kB at 673 kB/s)
04:02:27.528 [Thread-4] DEBUG spoon.Launcher - [INFO] Downloading from google-maven-central: https://maven-central.storage-download.googleapis.com/maven2/commons-collections/commons-collections/2.0/commons-collections-2.0.pom
04:02:27.533 [Thread-4] DEBUG spoon.Launcher - [INFO] Downloaded from google-maven-central: https://maven-central.storage-download.googleapis.com/maven2/commons-collections/commons-collections/2.0/commons-collections-2.0.pom (171 B at 28 kB/s)
04:02:27.537 [Thread-4] DEBUG spoon.Launcher - [INFO] Downloading from google-maven-central: https://maven-central.storage-download.googleapis.com/maven2/commons-collections/commons-collections/2.1/commons-collections-2.1.pom
04:02:27.544 [Thread-4] DEBUG spoon.Launcher - [INFO] Downloaded from google-maven-central: https://maven-central.storage-download.googleapis.com/maven2/commons-collections/commons-collections/2.1/commons-collections-2.1.pom (3.3 kB at 417 kB/s)
04:02:27.564 [Thread-4] DEBUG spoon.Launcher - [INFO] Downloading from google-maven-central: https://maven-central.storage-download.googleapis.com/maven2/org/codehaus/plexus/plexus-archiver/2.3/plexus-archiver-2.3.pom
04:02:27.603 [Thread-4] DEBUG spoon.Launcher - [INFO] Downloaded from google-maven-central: https://maven-central.storage-download.googleapis.com/maven2/org/codehaus/plexus/plexus-archiver/2.3/plexus-archiver-2.3.pom (3.4 kB at 91 kB/s)
04:02:27.609 [Thread-4] DEBUG spoon.Launcher - [INFO] Downloading from google-maven-central: https://maven-central.storage-download.googleapis.com/maven2/org/codehaus/plexus/plexus-components/1.3/plexus-components-1.3.pom
04:02:27.620 [Thread-4] DEBUG spoon.Launcher - [INFO] Downloaded from google-maven-central: https://maven-central.storage-download.googleapis.com/maven2/org/codehaus/plexus/plexus-components/1.3/plexus-components-1.3.pom (3.1 kB at 255 kB/s)
04:02:27.624 [Thread-4] DEBUG spoon.Launcher - [INFO] Downloading from google-maven-central: https://maven-central.storage-download.googleapis.com/maven2/org/codehaus/plexus/plexus/3.3/plexus-3.3.pom
04:02:27.631 [Thread-4] DEBUG spoon.Launcher - [INFO] Downloaded from google-maven-central: https://maven-central.storage-download.googleapis.com/maven2/org/codehaus/plexus/plexus/3.3/plexus-3.3.pom (20 kB at 2.5 MB/s)
04:02:27.646 [Thread-4] DEBUG spoon.Launcher - [INFO] Downloading from google-maven-central: https://maven-central.storage-download.googleapis.com/maven2/org/codehaus/plexus/plexus-utils/3.0.10/plexus-utils-3.0.10.pom
04:02:27.653 [Thread-4] DEBUG spoon.Launcher - [INFO] Downloaded from google-maven-central: https://maven-central.storage-download.googleapis.com/maven2/org/codehaus/plexus/plexus-utils/3.0.10/plexus-utils-3.0.10.pom (3.1 kB at 349 kB/s)
04:02:27.660 [Thread-4] DEBUG spoon.Launcher - [INFO] Downloading from google-maven-central: https://maven-central.storage-download.googleapis.com/maven2/org/codehaus/plexus/plexus-io/2.0.6/plexus-io-2.0.6.pom
04:02:27.693 [Thread-4] DEBUG spoon.Launcher - [INFO] Downloaded from google-maven-central: https://maven-central.storage-download.googleapis.com/maven2/org/codehaus/plexus/plexus-io/2.0.6/plexus-io-2.0.6.pom (2.2 kB at 67 kB/s)
04:02:27.698 [Thread-4] DEBUG spoon.Launcher - [INFO] Downloading from google-maven-central: https://maven-central.storage-download.googleapis.com/maven2/org/codehaus/plexus/plexus-components/1.2/plexus-components-1.2.pom
04:02:27.706 [Thread-4] DEBUG spoon.Launcher - [INFO] Downloaded from google-maven-central: https://maven-central.storage-download.googleapis.com/maven2/org/codehaus/plexus/plexus-components/1.2/plexus-components-1.2.pom (3.1 kB at 437 kB/s)
04:02:27.719 [Thread-4] DEBUG spoon.Launcher - [INFO] Downloading from google-maven-central: https://maven-central.storage-download.googleapis.com/maven2/org/codehaus/plexus/plexus-utils/3.0.9/plexus-utils-3.0.9.pom
04:02:27.744 [Thread-4] DEBUG spoon.Launcher - [INFO] Downloaded from google-maven-central: https://maven-central.storage-download.googleapis.com/maven2/org/codehaus/plexus/plexus-utils/3.0.9/plexus-utils-3.0.9.pom (3.1 kB at 121 kB/s)
04:02:27.765 [Thread-4] DEBUG spoon.Launcher - [INFO] Downloading from google-maven-central: https://maven-central.storage-download.googleapis.com/maven2/org/apache/maven/shared/maven-dependency-analyzer/1.4/maven-dependency-analyzer-1.4.pom
04:02:27.789 [Thread-4] DEBUG spoon.Launcher - [INFO] Downloaded from google-maven-central: https://maven-central.storage-download.googleapis.com/maven2/org/apache/maven/shared/maven-dependency-analyzer/1.4/maven-dependency-analyzer-1.4.pom (5.2 kB at 215 kB/s)
04:02:27.795 [Thread-4] DEBUG spoon.Launcher - [INFO] Downloading from google-maven-central: https://maven-central.storage-download.googleapis.com/maven2/asm/asm/3.3.1/asm-3.3.1.pom
04:02:27.824 [Thread-4] DEBUG spoon.Launcher - [INFO] Downloaded from google-maven-central: https://maven-central.storage-download.googleapis.com/maven2/asm/asm/3.3.1/asm-3.3.1.pom (266 B at 9.5 kB/s)
04:02:27.828 [Thread-4] DEBUG spoon.Launcher - [INFO] Downloading from google-maven-central: https://maven-central.storage-download.googleapis.com/maven2/asm/asm-parent/3.3.1/asm-parent-3.3.1.pom
04:02:27.853 [Thread-4] DEBUG spoon.Launcher - [INFO] Downloaded from google-maven-central: https://maven-central.storage-download.googleapis.com/maven2/asm/asm-parent/3.3.1/asm-parent-3.3.1.pom (4.3 kB at 167 kB/s)
04:02:27.863 [Thread-4] DEBUG spoon.Launcher - [INFO] Downloading from google-maven-central: https://maven-central.storage-download.googleapis.com/maven2/org/apache/maven/maven-project/2.0.5/maven-project-2.0.5.pom
04:02:27.893 [Thread-4] DEBUG spoon.Launcher - [INFO] Downloaded from google-maven-central: https://maven-central.storage-download.googleapis.com/maven2/org/apache/maven/maven-project/2.0.5/maven-project-2.0.5.pom (1.8 kB at 59 kB/s)
04:02:27.896 [Thread-4] DEBUG spoon.Launcher - [INFO] Downloading from google-maven-central: https://maven-central.storage-download.googleapis.com/maven2/org/apache/maven/maven/2.0.5/maven-2.0.5.pom
04:02:27.911 [Thread-4] DEBUG spoon.Launcher - [INFO] Downloaded from google-maven-central: https://maven-central.storage-download.googleapis.com/maven2/org/apache/maven/maven/2.0.5/maven-2.0.5.pom (5.7 kB at 380 kB/s)
04:02:27.918 [Thread-4] DEBUG spoon.Launcher - [INFO] Downloading from google-maven-central: https://maven-central.storage-download.googleapis.com/maven2/org/apache/maven/maven-settings/2.0.5/maven-settings-2.0.5.pom
04:02:27.941 [Thread-4] DEBUG spoon.Launcher - [INFO] Downloaded from google-maven-central: https://maven-central.storage-download.googleapis.com/maven2/org/apache/maven/maven-settings/2.0.5/maven-settings-2.0.5.pom (1.7 kB at 73 kB/s)
04:02:27.944 [Thread-4] DEBUG spoon.Launcher - [INFO] Downloading from google-maven-central: https://maven-central.storage-download.googleapis.com/maven2/org/apache/maven/maven-model/2.0.5/maven-model-2.0.5.pom
04:02:27.962 [Thread-4] DEBUG spoon.Launcher - [INFO] Downloaded from google-maven-central: https://maven-central.storage-download.googleapis.com/maven2/org/apache/maven/maven-model/2.0.5/maven-model-2.0.5.pom (2.7 kB at 151 kB/s)
04:02:27.966 [Thread-4] DEBUG spoon.Launcher - [INFO] Downloading from google-maven-central: https://maven-central.storage-download.googleapis.com/maven2/org/apache/maven/maven-profile/2.0.5/maven-profile-2.0.5.pom
04:02:27.995 [Thread-4] DEBUG spoon.Launcher - [INFO] Downloaded from google-maven-central: https://maven-central.storage-download.googleapis.com/maven2/org/apache/maven/maven-profile/2.0.5/maven-profile-2.0.5.pom (1.7 kB at 57 kB/s)
04:02:27.999 [Thread-4] DEBUG spoon.Launcher - [INFO] Downloading from google-maven-central: https://maven-central.storage-download.googleapis.com/maven2/org/apache/maven/maven-artifact-manager/2.0.5/maven-artifact-manager-2.0.5.pom
04:02:28.022 [Thread-4] DEBUG spoon.Launcher - [INFO] Downloaded from google-maven-central: https://maven-central.storage-download.googleapis.com/maven2/org/apache/maven/maven-artifact-manager/2.0.5/maven-artifact-manager-2.0.5.pom (1.8 kB at 80 kB/s)
04:02:28.025 [Thread-4] DEBUG spoon.Launcher - [INFO] Downloading from google-maven-central: https://maven-central.storage-download.googleapis.com/maven2/org/apache/maven/maven-repository-metadata/2.0.5/maven-repository-metadata-2.0.5.pom
04:02:28.049 [Thread-4] DEBUG spoon.Launcher - [INFO] Downloaded from google-maven-central: https://maven-central.storage-download.googleapis.com/maven2/org/apache/maven/maven-repository-metadata/2.0.5/maven-repository-metadata-2.0.5.pom (1.5 kB at 59 kB/s)
04:02:28.053 [Thread-4] DEBUG spoon.Launcher - [INFO] Downloading from google-maven-central: https://maven-central.storage-download.googleapis.com/maven2/org/apache/maven/maven-artifact/2.0.5/maven-artifact-2.0.5.pom
04:02:28.070 [Thread-4] DEBUG spoon.Launcher - [INFO] Downloaded from google-maven-central: https://maven-central.storage-download.googleapis.com/maven2/org/apache/maven/maven-artifact/2.0.5/maven-artifact-2.0.5.pom (727 B at 43 kB/s)
04:02:28.074 [Thread-4] DEBUG spoon.Launcher - [INFO] Downloading from google-maven-central: https://maven-central.storage-download.googleapis.com/maven2/org/apache/maven/shared/maven-dependency-tree/2.1/maven-dependency-tree-2.1.pom
04:02:28.079 [Thread-4] DEBUG spoon.Launcher - [INFO] Downloaded from google-maven-central: https://maven-central.storage-download.googleapis.com/maven2/org/apache/maven/shared/maven-dependency-tree/2.1/maven-dependency-tree-2.1.pom (6.8 kB at 1.4 MB/s)
04:02:28.082 [Thread-4] DEBUG spoon.Launcher - [INFO] Downloading from google-maven-central: https://maven-central.storage-download.googleapis.com/maven2/org/apache/maven/maven-project/2.2.0/maven-project-2.2.0.pom
04:02:28.087 [Thread-4] DEBUG spoon.Launcher - [INFO] Downloaded from google-maven-central: https://maven-central.storage-download.googleapis.com/maven2/org/apache/maven/maven-project/2.2.0/maven-project-2.2.0.pom (2.8 kB at 462 kB/s)
04:02:28.090 [Thread-4] DEBUG spoon.Launcher - [INFO] Downloading from google-maven-central: https://maven-central.storage-download.googleapis.com/maven2/org/apache/maven/maven/2.2.0/maven-2.2.0.pom
04:02:28.096 [Thread-4] DEBUG spoon.Launcher - [INFO] Downloaded from google-maven-central: https://maven-central.storage-download.googleapis.com/maven2/org/apache/maven/maven/2.2.0/maven-2.2.0.pom (22 kB at 3.2 MB/s)
04:02:28.103 [Thread-4] DEBUG spoon.Launcher - [INFO] Downloading from google-maven-central: https://maven-central.storage-download.googleapis.com/maven2/org/apache/maven/maven-settings/2.2.0/maven-settings-2.2.0.pom
04:02:28.169 [Thread-4] DEBUG spoon.Launcher - [INFO] Downloaded from google-maven-central: https://maven-central.storage-download.googleapis.com/maven2/org/apache/maven/maven-settings/2.2.0/maven-settings-2.2.0.pom (2.2 kB at 38 kB/s)
04:02:28.193 [Thread-4] DEBUG spoon.Launcher - [INFO] Downloading from google-maven-central: https://maven-central.storage-download.googleapis.com/maven2/org/apache/maven/maven-model/2.2.0/maven-model-2.2.0.pom
04:02:28.243 [Thread-4] DEBUG spoon.Launcher - [INFO] Downloaded from google-maven-central: https://maven-central.storage-download.googleapis.com/maven2/org/apache/maven/maven-model/2.2.0/maven-model-2.2.0.pom (3.2 kB at 60 kB/s)
04:02:28.324 [Thread-4] DEBUG spoon.Launcher - [INFO] Downloading from google-maven-central: https://maven-central.storage-download.googleapis.com/maven2/org/apache/maven/maven-profile/2.2.0/maven-profile-2.2.0.pom
04:02:28.356 [Thread-4] DEBUG spoon.Launcher - [INFO] Downloaded from google-maven-central: https://maven-central.storage-download.googleapis.com/maven2/org/apache/maven/maven-profile/2.2.0/maven-profile-2.2.0.pom (2.2 kB at 80 kB/s)
04:02:28.395 [Thread-4] DEBUG spoon.Launcher - [INFO] Downloading from google-maven-central: https://maven-central.storage-download.googleapis.com/maven2/org/apache/maven/maven-artifact-manager/2.2.0/maven-artifact-manager-2.2.0.pom
04:02:28.427 [Thread-4] DEBUG spoon.Launcher - [INFO] Downloaded from google-maven-central: https://maven-central.storage-download.googleapis.com/maven2/org/apache/maven/maven-artifact-manager/2.2.0/maven-artifact-manager-2.2.0.pom (3.1 kB at 86 kB/s)
04:02:28.460 [Thread-4] DEBUG spoon.Launcher - [INFO] Downloading from google-maven-central: https://maven-central.storage-download.googleapis.com/maven2/org/apache/maven/maven-repository-metadata/2.2.0/maven-repository-metadata-2.2.0.pom
04:02:28.490 [Thread-4] DEBUG spoon.Launcher - [INFO] Downloaded from google-maven-central: https://maven-central.storage-download.googleapis.com/maven2/org/apache/maven/maven-repository-metadata/2.2.0/maven-repository-metadata-2.2.0.pom (1.9 kB at 52 kB/s)
04:02:28.528 [Thread-4] DEBUG spoon.Launcher - [INFO] Downloading from google-maven-central: https://maven-central.storage-download.googleapis.com/maven2/org/apache/maven/maven-artifact/2.2.0/maven-artifact-2.2.0.pom
04:02:28.554 [Thread-4] DEBUG spoon.Launcher - [INFO] Downloaded from google-maven-central: https://maven-central.storage-download.googleapis.com/maven2/org/apache/maven/maven-artifact/2.2.0/maven-artifact-2.2.0.pom (1.6 kB at 35 kB/s)
04:02:28.593 [Thread-4] DEBUG spoon.Launcher - [INFO] Downloading from google-maven-central: https://maven-central.storage-download.googleapis.com/maven2/org/apache/maven/maven-plugin-registry/2.2.0/maven-plugin-registry-2.2.0.pom
04:02:28.600 [Thread-4] DEBUG spoon.Launcher - [INFO] Downloaded from google-maven-central: https://maven-central.storage-download.googleapis.com/maven2/org/apache/maven/maven-plugin-registry/2.2.0/maven-plugin-registry-2.2.0.pom (1.9 kB at 276 kB/s)
04:02:28.613 [Thread-4] DEBUG spoon.Launcher - [INFO] Downloading from google-maven-central: https://maven-central.storage-download.googleapis.com/maven2/org/eclipse/aether/aether-util/0.9.0.M2/aether-util-0.9.0.M2.pom
04:02:28.636 [Thread-4] DEBUG spoon.Launcher - [INFO] Downloaded from google-maven-central: https://maven-central.storage-download.googleapis.com/maven2/org/eclipse/aether/aether-util/0.9.0.M2/aether-util-0.9.0.M2.pom (2.0 kB at 88 kB/s)
04:02:28.641 [Thread-4] DEBUG spoon.Launcher - [INFO] Downloading from google-maven-central: https://maven-central.storage-download.googleapis.com/maven2/org/eclipse/aether/aether/0.9.0.M2/aether-0.9.0.M2.pom
04:02:28.656 [Thread-4] DEBUG spoon.Launcher - [INFO] Downloaded from google-maven-central: https://maven-central.storage-download.googleapis.com/maven2/org/eclipse/aether/aether/0.9.0.M2/aether-0.9.0.M2.pom (28 kB at 1.7 MB/s)
04:02:28.661 [Thread-4] DEBUG spoon.Launcher - [INFO] Downloading from google-maven-central: https://maven-central.storage-download.googleapis.com/maven2/org/apache/maven/shared/maven-common-artifact-filters/1.4/maven-common-artifact-filters-1.4.pom
04:02:28.684 [Thread-4] DEBUG spoon.Launcher - [INFO] Downloaded from google-maven-central: https://maven-central.storage-download.googleapis.com/maven2/org/apache/maven/shared/maven-common-artifact-filters/1.4/maven-common-artifact-filters-1.4.pom (3.8 kB at 157 kB/s)
04:02:28.693 [Thread-4] DEBUG spoon.Launcher - [INFO] Downloading from google-maven-central: https://maven-central.storage-download.googleapis.com/maven2/org/apache/maven/maven-artifact/2.0.8/maven-artifact-2.0.8.pom
04:02:28.720 [Thread-4] DEBUG spoon.Launcher - [INFO] Downloaded from google-maven-central: https://maven-central.storage-download.googleapis.com/maven2/org/apache/maven/maven-artifact/2.0.8/maven-artifact-2.0.8.pom (1.6 kB at 62 kB/s)
04:02:28.723 [Thread-4] DEBUG spoon.Launcher - [INFO] Downloading from google-maven-central: https://maven-central.storage-download.googleapis.com/maven2/org/apache/maven/maven/2.0.8/maven-2.0.8.pom
04:02:28.760 [Thread-4] DEBUG spoon.Launcher - [INFO] Downloaded from google-maven-central: https://maven-central.storage-download.googleapis.com/maven2/org/apache/maven/maven/2.0.8/maven-2.0.8.pom (12 kB at 318 kB/s)
04:02:28.770 [Thread-4] DEBUG spoon.Launcher - [INFO] Downloading from google-maven-central: https://maven-central.storage-download.googleapis.com/maven2/org/apache/maven/maven-model/2.0.8/maven-model-2.0.8.pom
04:02:28.796 [Thread-4] DEBUG spoon.Launcher - [INFO] Downloaded from google-maven-central: https://maven-central.storage-download.googleapis.com/maven2/org/apache/maven/maven-model/2.0.8/maven-model-2.0.8.pom (3.1 kB at 121 kB/s)
04:02:28.824 [Thread-4] DEBUG spoon.Launcher - [INFO] Downloading from google-maven-central: https://maven-central.storage-download.googleapis.com/maven2/org/apache/maven/maven-project/2.0.8/maven-project-2.0.8.pom
04:02:28.864 [Thread-4] DEBUG spoon.Launcher - [INFO] Downloaded from google-maven-central: https://maven-central.storage-download.googleapis.com/maven2/org/apache/maven/maven-project/2.0.8/maven-project-2.0.8.pom (2.7 kB at 68 kB/s)
04:02:28.887 [Thread-4] DEBUG spoon.Launcher - [INFO] Downloading from google-maven-central: https://maven-central.storage-download.googleapis.com/maven2/org/apache/maven/maven-settings/2.0.8/maven-settings-2.0.8.pom
04:02:28.928 [Thread-4] DEBUG spoon.Launcher - [INFO] Downloaded from google-maven-central: https://maven-central.storage-download.googleapis.com/maven2/org/apache/maven/maven-settings/2.0.8/maven-settings-2.0.8.pom (2.1 kB at 37 kB/s)
04:02:28.937 [Thread-4] DEBUG spoon.Launcher - [INFO] Downloading from google-maven-central: https://maven-central.storage-download.googleapis.com/maven2/org/apache/maven/maven-profile/2.0.8/maven-profile-2.0.8.pom
04:02:28.975 [Thread-4] DEBUG spoon.Launcher - [INFO] Downloaded from google-maven-central: https://maven-central.storage-download.googleapis.com/maven2/org/apache/maven/maven-profile/2.0.8/maven-profile-2.0.8.pom (2.0 kB at 54 kB/s)
04:02:28.981 [Thread-4] DEBUG spoon.Launcher - [INFO] Downloading from google-maven-central: https://maven-central.storage-download.googleapis.com/maven2/org/apache/maven/maven-artifact-manager/2.0.8/maven-artifact-manager-2.0.8.pom
04:02:29.004 [Thread-4] DEBUG spoon.Launcher - [INFO] Downloaded from google-maven-central: https://maven-central.storage-download.googleapis.com/maven2/org/apache/maven/maven-artifact-manager/2.0.8/maven-artifact-manager-2.0.8.pom (2.7 kB at 108 kB/s)
04:02:29.009 [Thread-4] DEBUG spoon.Launcher - [INFO] Downloading from google-maven-central: https://maven-central.storage-download.googleapis.com/maven2/org/apache/maven/maven-repository-metadata/2.0.8/maven-repository-metadata-2.0.8.pom
04:02:29.039 [Thread-4] DEBUG spoon.Launcher - [INFO] Downloaded from google-maven-central: https://maven-central.storage-download.googleapis.com/maven2/org/apache/maven/maven-repository-metadata/2.0.8/maven-repository-metadata-2.0.8.pom (1.9 kB at 73 kB/s)
04:02:29.040 [Thread-4] DEBUG spoon.Launcher - [INFO] Downloading from google-maven-central: https://maven-central.storage-download.googleapis.com/maven2/org/apache/maven/maven-plugin-registry/2.0.8/maven-plugin-registry-2.0.8.pom
04:02:29.069 [Thread-4] DEBUG spoon.Launcher - [INFO] Downloaded from google-maven-central: https://maven-central.storage-download.googleapis.com/maven2/org/apache/maven/maven-plugin-registry/2.0.8/maven-plugin-registry-2.0.8.pom (2.0 kB at 67 kB/s)
04:02:29.075 [Thread-4] DEBUG spoon.Launcher - [INFO] Downloading from google-maven-central: https://maven-central.storage-download.googleapis.com/maven2/org/apache/maven/maven-plugin-api/2.0.8/maven-plugin-api-2.0.8.pom
04:02:29.097 [Thread-4] DEBUG spoon.Launcher - [INFO] Downloaded from google-maven-central: https://maven-central.storage-download.googleapis.com/maven2/org/apache/maven/maven-plugin-api/2.0.8/maven-plugin-api-2.0.8.pom (1.5 kB at 62 kB/s)
04:02:29.101 [Thread-4] DEBUG spoon.Launcher - [INFO] Downloading from google-maven-central: https://maven-central.storage-download.googleapis.com/maven2/org/codehaus/plexus/plexus-container-default/1.5.5/plexus-container-default-1.5.5.pom
04:02:29.146 [Thread-4] DEBUG spoon.Launcher - [INFO] Downloaded from google-maven-central: https://maven-central.storage-download.googleapis.com/maven2/org/codehaus/plexus/plexus-container-default/1.5.5/plexus-container-default-1.5.5.pom (2.8 kB at 63 kB/s)
04:02:29.150 [Thread-4] DEBUG spoon.Launcher - [INFO] Downloading from google-maven-central: https://maven-central.storage-download.googleapis.com/maven2/org/codehaus/plexus/plexus-classworlds/2.2.2/plexus-classworlds-2.2.2.pom
04:02:29.173 [Thread-4] DEBUG spoon.Launcher - [INFO] Downloaded from google-maven-central: https://maven-central.storage-download.googleapis.com/maven2/org/codehaus/plexus/plexus-classworlds/2.2.2/plexus-classworlds-2.2.2.pom (4.0 kB at 175 kB/s)
04:02:29.178 [Thread-4] DEBUG spoon.Launcher - [INFO] Downloading from google-maven-central: https://maven-central.storage-download.googleapis.com/maven2/org/apache/xbean/xbean-reflect/3.4/xbean-reflect-3.4.pom
04:02:29.203 [Thread-4] DEBUG spoon.Launcher - [INFO] Downloaded from google-maven-central: https://maven-central.storage-download.googleapis.com/maven2/org/apache/xbean/xbean-reflect/3.4/xbean-reflect-3.4.pom (2.8 kB at 112 kB/s)
04:02:29.205 [Thread-4] DEBUG spoon.Launcher - [INFO] Downloading from google-maven-central: https://maven-central.storage-download.googleapis.com/maven2/org/apache/xbean/xbean/3.4/xbean-3.4.pom
04:02:29.230 [Thread-4] DEBUG spoon.Launcher - [INFO] Downloaded from google-maven-central: https://maven-central.storage-download.googleapis.com/maven2/org/apache/xbean/xbean/3.4/xbean-3.4.pom (19 kB at 772 kB/s)
04:02:29.234 [Thread-4] DEBUG spoon.Launcher - [INFO] Downloading from google-maven-central: https://maven-central.storage-download.googleapis.com/maven2/log4j/log4j/1.2.12/log4j-1.2.12.pom
04:02:29.245 [Thread-4] DEBUG spoon.Launcher - [INFO] Downloaded from google-maven-central: https://maven-central.storage-download.googleapis.com/maven2/log4j/log4j/1.2.12/log4j-1.2.12.pom (145 B at 14 kB/s)
04:02:29.258 [Thread-4] DEBUG spoon.Launcher - [INFO] Downloading from google-maven-central: https://maven-central.storage-download.googleapis.com/maven2/commons-logging/commons-logging-api/1.1/commons-logging-api-1.1.pom
04:02:29.287 [Thread-4] DEBUG spoon.Launcher - [INFO] Downloaded from google-maven-central: https://maven-central.storage-download.googleapis.com/maven2/commons-logging/commons-logging-api/1.1/commons-logging-api-1.1.pom (5.3 kB at 149 kB/s)
04:02:29.291 [Thread-4] DEBUG spoon.Launcher - [INFO] Downloading from google-maven-central: https://maven-central.storage-download.googleapis.com/maven2/com/google/collections/google-collections/1.0/google-collections-1.0.pom
04:02:29.320 [Thread-4] DEBUG spoon.Launcher - [INFO] Downloaded from google-maven-central: https://maven-central.storage-download.googleapis.com/maven2/com/google/collections/google-collections/1.0/google-collections-1.0.pom (2.5 kB at 92 kB/s)
04:02:29.323 [Thread-4] DEBUG spoon.Launcher - [INFO] Downloading from google-maven-central: https://maven-central.storage-download.googleapis.com/maven2/com/google/google/1/google-1.pom
04:02:29.346 [Thread-4] DEBUG spoon.Launcher - [INFO] Downloaded from google-maven-central: https://maven-central.storage-download.googleapis.com/maven2/com/google/google/1/google-1.pom (1.6 kB at 65 kB/s)
04:02:29.348 [Thread-4] DEBUG spoon.Launcher - [INFO] Downloading from google-maven-central: https://maven-central.storage-download.googleapis.com/maven2/junit/junit/3.8.2/junit-3.8.2.pom
04:02:29.379 [Thread-4] DEBUG spoon.Launcher - [INFO] Downloaded from google-maven-central: https://maven-central.storage-download.googleapis.com/maven2/junit/junit/3.8.2/junit-3.8.2.pom (747 B at 24 kB/s)
04:02:29.383 [Thread-4] DEBUG spoon.Launcher - [INFO] Downloading from google-maven-central: https://maven-central.storage-download.googleapis.com/maven2/org/codehaus/plexus/plexus-utils/2.1/plexus-utils-2.1.pom
04:02:29.408 [Thread-4] DEBUG spoon.Launcher - [INFO] Downloaded from google-maven-central: https://maven-central.storage-download.googleapis.com/maven2/org/codehaus/plexus/plexus-utils/2.1/plexus-utils-2.1.pom (4.0 kB at 155 kB/s)
04:02:29.410 [Thread-4] DEBUG spoon.Launcher - [INFO] Downloading from google-maven-central: https://maven-central.storage-download.googleapis.com/maven2/org/sonatype/spice/spice-parent/16/spice-parent-16.pom
04:02:29.416 [Thread-4] DEBUG spoon.Launcher - [INFO] Downloaded from google-maven-central: https://maven-central.storage-download.googleapis.com/maven2/org/sonatype/spice/spice-parent/16/spice-parent-16.pom (8.4 kB at 1.7 MB/s)
04:02:29.420 [Thread-4] DEBUG spoon.Launcher - [INFO] Downloading from google-maven-central: https://maven-central.storage-download.googleapis.com/maven2/org/apache/maven/shared/maven-invoker/2.0.11/maven-invoker-2.0.11.pom
04:02:29.443 [Thread-4] DEBUG spoon.Launcher - [INFO] Downloaded from google-maven-central: https://maven-central.storage-download.googleapis.com/maven2/org/apache/maven/shared/maven-invoker/2.0.11/maven-invoker-2.0.11.pom (5.1 kB at 211 kB/s)
04:02:29.449 [Thread-4] DEBUG spoon.Launcher - [INFO] Downloading from google-maven-central: https://maven-central.storage-download.googleapis.com/maven2/org/apache/maven/shared/maven-shared-components/12/maven-shared-components-12.pom
04:02:29.458 [Thread-4] DEBUG spoon.Launcher - [INFO] Downloaded from google-maven-central: https://maven-central.storage-download.googleapis.com/maven2/org/apache/maven/shared/maven-shared-components/12/maven-shared-components-12.pom (9.3 kB at 1.2 MB/s)
04:02:29.465 [Thread-4] DEBUG spoon.Launcher - [INFO] Downloading from google-maven-central: https://maven-central.storage-download.googleapis.com/maven2/org/apache/maven/maven-parent/13/maven-parent-13.pom
04:02:29.474 [Thread-4] DEBUG spoon.Launcher - [INFO] Downloaded from google-maven-central: https://maven-central.storage-download.googleapis.com/maven2/org/apache/maven/maven-parent/13/maven-parent-13.pom (23 kB at 2.8 MB/s)
04:02:29.483 [Thread-4] DEBUG spoon.Launcher - [INFO] Downloading from google-maven-central: https://maven-central.storage-download.googleapis.com/maven2/commons-collections/commons-collections/3.2.1/commons-collections-3.2.1.pom
04:02:29.508 [Thread-4] DEBUG spoon.Launcher - [INFO] Downloaded from google-maven-central: https://maven-central.storage-download.googleapis.com/maven2/commons-collections/commons-collections/3.2.1/commons-collections-3.2.1.pom (13 kB at 500 kB/s)
04:02:29.532 [Thread-4] DEBUG spoon.Launcher - [INFO] Downloading from google-maven-central: https://maven-central.storage-download.googleapis.com/maven2/org/apache/maven/maven-artifact/2.0.9/maven-artifact-2.0.9.jar
04:02:29.538 [Thread-4] DEBUG spoon.Launcher - [INFO] Downloading from google-maven-central: https://maven-central.storage-download.googleapis.com/maven2/org/apache/maven/maven-project/2.0.9/maven-project-2.0.9.jar
04:02:29.544 [Thread-4] DEBUG spoon.Launcher - [INFO] Downloading from google-maven-central: https://maven-central.storage-download.googleapis.com/maven2/org/apache/maven/maven-settings/2.0.9/maven-settings-2.0.9.jar
04:02:29.550 [Thread-4] DEBUG spoon.Launcher - [INFO] Downloading from google-maven-central: https://maven-central.storage-download.googleapis.com/maven2/org/apache/maven/maven-plugin-api/2.0.9/maven-plugin-api-2.0.9.jar
04:02:29.556 [Thread-4] DEBUG spoon.Launcher - [INFO] Downloading from google-maven-central: https://maven-central.storage-download.googleapis.com/maven2/org/apache/maven/maven-profile/2.0.9/maven-profile-2.0.9.jar
04:02:29.574 [Thread-4] DEBUG spoon.Launcher - [INFO] Downloaded from google-maven-central: https://maven-central.storage-download.googleapis.com/maven2/org/apache/maven/maven-artifact/2.0.9/maven-artifact-2.0.9.jar (89 kB at 2.1 MB/s)
04:02:29.574 [Thread-4] DEBUG spoon.Launcher - [INFO] Downloading from google-maven-central: https://maven-central.storage-download.googleapis.com/maven2/org/apache/maven/maven-plugin-registry/2.0.9/maven-plugin-registry-2.0.9.jar
04:02:29.586 [Thread-4] DEBUG spoon.Launcher - [INFO] Downloaded from google-maven-central: https://maven-central.storage-download.googleapis.com/maven2/org/apache/maven/maven-plugin-registry/2.0.9/maven-plugin-registry-2.0.9.jar (29 kB at 855 kB/s)
04:02:29.586 [Thread-4] DEBUG spoon.Launcher - [INFO] Downloading from google-maven-central: https://maven-central.storage-download.googleapis.com/maven2/org/apache/maven/maven-model/2.0.9/maven-model-2.0.9.jar
04:02:29.587 [Thread-4] DEBUG spoon.Launcher - [INFO] Downloaded from google-maven-central: https://maven-central.storage-download.googleapis.com/maven2/org/apache/maven/maven-plugin-api/2.0.9/maven-plugin-api-2.0.9.jar (13 kB at 234 kB/s)
04:02:29.588 [Thread-4] DEBUG spoon.Launcher - [INFO] Downloading from google-maven-central: https://maven-central.storage-download.googleapis.com/maven2/org/apache/maven/maven-core/2.0.9/maven-core-2.0.9.jar
04:02:29.624 [Thread-4] DEBUG spoon.Launcher - [INFO] Downloaded from google-maven-central: https://maven-central.storage-download.googleapis.com/maven2/org/apache/maven/maven-core/2.0.9/maven-core-2.0.9.jar (160 kB at 2.2 MB/s)
04:02:29.624 [Thread-4] DEBUG spoon.Launcher - [INFO] Downloaded from google-maven-central: https://maven-central.storage-download.googleapis.com/maven2/org/apache/maven/maven-model/2.0.9/maven-model-2.0.9.jar (87 kB at 1.2 MB/s)
04:02:29.626 [Thread-4] DEBUG spoon.Launcher - [INFO] Downloading from google-maven-central: https://maven-central.storage-download.googleapis.com/maven2/org/apache/maven/maven-plugin-parameter-documenter/2.0.9/maven-plugin-parameter-documenter-2.0.9.jar
04:02:29.627 [Thread-4] DEBUG spoon.Launcher - [INFO] Downloading from google-maven-central: https://maven-central.storage-download.googleapis.com/maven2/org/apache/maven/maven-error-diagnostics/2.0.9/maven-error-diagnostics-2.0.9.jar
04:02:29.655 [Thread-4] DEBUG spoon.Launcher - [INFO] Downloaded from google-maven-central: https://maven-central.storage-download.googleapis.com/maven2/org/apache/maven/maven-settings/2.0.9/maven-settings-2.0.9.jar (49 kB at 528 kB/s)
04:02:29.655 [Thread-4] DEBUG spoon.Launcher - [INFO] Downloading from google-maven-central: https://maven-central.storage-download.googleapis.com/maven2/org/apache/maven/maven-plugin-descriptor/2.0.9/maven-plugin-descriptor-2.0.9.jar
04:02:29.656 [Thread-4] DEBUG spoon.Launcher - [INFO] Downloaded from google-maven-central: https://maven-central.storage-download.googleapis.com/maven2/org/apache/maven/maven-error-diagnostics/2.0.9/maven-error-diagnostics-2.0.9.jar (14 kB at 153 kB/s)
04:02:29.656 [Thread-4] DEBUG spoon.Launcher - [INFO] Downloading from google-maven-central: https://maven-central.storage-download.googleapis.com/maven2/org/apache/maven/maven-monitor/2.0.9/maven-monitor-2.0.9.jar
04:02:29.662 [Thread-4] DEBUG spoon.Launcher - [INFO] Downloaded from google-maven-central: https://maven-central.storage-download.googleapis.com/maven2/org/apache/maven/maven-profile/2.0.9/maven-profile-2.0.9.jar (35 kB at 300 kB/s)
04:02:29.662 [Thread-4] DEBUG spoon.Launcher - [INFO] Downloading from google-maven-central: https://maven-central.storage-download.googleapis.com/maven2/org/apache/maven/maven-artifact-manager/2.0.9/maven-artifact-manager-2.0.9.jar
04:02:29.669 [Thread-4] DEBUG spoon.Launcher - [INFO] Downloaded from google-maven-central: https://maven-central.storage-download.googleapis.com/maven2/org/apache/maven/maven-plugin-parameter-documenter/2.0.9/maven-plugin-parameter-documenter-2.0.9.jar (21 kB at 178 kB/s)
04:02:29.670 [Thread-4] DEBUG spoon.Launcher - [INFO] Downloaded from google-maven-central: https://maven-central.storage-download.googleapis.com/maven2/org/apache/maven/maven-monitor/2.0.9/maven-monitor-2.0.9.jar (10 kB at 85 kB/s)
04:02:29.671 [Thread-4] DEBUG spoon.Launcher - [INFO] Downloading from google-maven-central: https://maven-central.storage-download.googleapis.com/maven2/org/apache/maven/maven-repository-metadata/2.0.9/maven-repository-metadata-2.0.9.jar
04:02:29.675 [Thread-4] DEBUG spoon.Launcher - [INFO] Downloading from google-maven-central: https://maven-central.storage-download.googleapis.com/maven2/org/apache/maven/reporting/maven-reporting-impl/2.0.5/maven-reporting-impl-2.0.5.jar
04:02:29.680 [Thread-4] DEBUG spoon.Launcher - [INFO] Downloaded from google-maven-central: https://maven-central.storage-download.googleapis.com/maven2/org/apache/maven/maven-plugin-descriptor/2.0.9/maven-plugin-descriptor-2.0.9.jar (37 kB at 292 kB/s)
04:02:29.681 [Thread-4] DEBUG spoon.Launcher - [INFO] Downloading from google-maven-central: https://maven-central.storage-download.googleapis.com/maven2/org/apache/maven/doxia/doxia-core/1.0/doxia-core-1.0.jar
04:02:29.691 [Thread-4] DEBUG spoon.Launcher - [INFO] Downloaded from google-maven-central: https://maven-central.storage-download.googleapis.com/maven2/org/apache/maven/maven-project/2.0.9/maven-project-2.0.9.jar (122 kB at 834 kB/s)
04:02:29.692 [Thread-4] DEBUG spoon.Launcher - [INFO] Downloaded from google-maven-central: https://maven-central.storage-download.googleapis.com/maven2/org/apache/maven/maven-artifact-manager/2.0.9/maven-artifact-manager-2.0.9.jar (58 kB at 407 kB/s)
04:02:29.693 [Thread-4] DEBUG spoon.Launcher - [INFO] Downloaded from google-maven-central: https://maven-central.storage-download.googleapis.com/maven2/org/apache/maven/maven-repository-metadata/2.0.9/maven-repository-metadata-2.0.9.jar (25 kB at 175 kB/s)
04:02:29.694 [Thread-4] DEBUG spoon.Launcher - [INFO] Downloading from google-maven-central: https://maven-central.storage-download.googleapis.com/maven2/org/apache/maven/shared/maven-doxia-tools/1.0.2/maven-doxia-tools-1.0.2.jar
04:02:29.699 [Thread-4] DEBUG spoon.Launcher - [INFO] Downloading from google-maven-central: https://maven-central.storage-download.googleapis.com/maven2/commons-io/commons-io/1.4/commons-io-1.4.jar
04:02:29.700 [Thread-4] DEBUG spoon.Launcher - [INFO] Downloading from google-maven-central: https://maven-central.storage-download.googleapis.com/maven2/org/apache/maven/doxia/doxia-site-renderer/1.0/doxia-site-renderer-1.0.jar
04:02:29.714 [Thread-4] DEBUG spoon.Launcher - [INFO] Downloaded from google-maven-central: https://maven-central.storage-download.googleapis.com/maven2/org/apache/maven/doxia/doxia-core/1.0/doxia-core-1.0.jar (55 kB at 339 kB/s)
04:02:29.715 [Thread-4] DEBUG spoon.Launcher - [INFO] Downloading from google-maven-central: https://maven-central.storage-download.googleapis.com/maven2/org/apache/maven/doxia/doxia-decoration-model/1.0/doxia-decoration-model-1.0.jar
04:02:29.716 [Thread-4] DEBUG spoon.Launcher - [INFO] Downloaded from google-maven-central: https://maven-central.storage-download.googleapis.com/maven2/org/apache/maven/reporting/maven-reporting-impl/2.0.5/maven-reporting-impl-2.0.5.jar (21 kB at 127 kB/s)
04:02:29.716 [Thread-4] DEBUG spoon.Launcher - [INFO] Downloading from google-maven-central: https://maven-central.storage-download.googleapis.com/maven2/org/apache/maven/doxia/doxia-module-apt/1.0/doxia-module-apt-1.0.jar
04:02:29.727 [Thread-4] DEBUG spoon.Launcher - [INFO] Downloaded from google-maven-central: https://maven-central.storage-download.googleapis.com/maven2/org/apache/maven/doxia/doxia-decoration-model/1.0/doxia-decoration-model-1.0.jar (49 kB at 277 kB/s)
04:02:29.727 [Thread-4] DEBUG spoon.Launcher - [INFO] Downloading from google-maven-central: https://maven-central.storage-download.googleapis.com/maven2/org/apache/maven/doxia/doxia-module-fml/1.0/doxia-module-fml-1.0.jar
04:02:29.732 [Thread-4] DEBUG spoon.Launcher - [INFO] Downloaded from google-maven-central: https://maven-central.storage-download.googleapis.com/maven2/org/apache/maven/shared/maven-doxia-tools/1.0.2/maven-doxia-tools-1.0.2.jar (41 kB at 230 kB/s)
04:02:29.732 [Thread-4] DEBUG spoon.Launcher - [INFO] Downloaded from google-maven-central: https://maven-central.storage-download.googleapis.com/maven2/org/apache/maven/doxia/doxia-site-renderer/1.0/doxia-site-renderer-1.0.jar (47 kB at 257 kB/s)
04:02:29.732 [Thread-4] DEBUG spoon.Launcher - [INFO] Downloading from google-maven-central: https://maven-central.storage-download.googleapis.com/maven2/org/apache/maven/doxia/doxia-module-xdoc/1.0/doxia-module-xdoc-1.0.jar
04:02:29.733 [Thread-4] DEBUG spoon.Launcher - [INFO] Downloading from google-maven-central: https://maven-central.storage-download.googleapis.com/maven2/org/apache/maven/doxia/doxia-module-xhtml/1.0/doxia-module-xhtml-1.0.jar
04:02:29.735 [Thread-4] DEBUG spoon.Launcher - [INFO] Downloaded from google-maven-central: https://maven-central.storage-download.googleapis.com/maven2/commons-io/commons-io/1.4/commons-io-1.4.jar (109 kB at 593 kB/s)
04:02:29.736 [Thread-4] DEBUG spoon.Launcher - [INFO] Downloading from google-maven-central: https://maven-central.storage-download.googleapis.com/maven2/org/codehaus/plexus/plexus-archiver/2.3/plexus-archiver-2.3.jar
04:02:29.740 [Thread-4] DEBUG spoon.Launcher - [INFO] Downloaded from google-maven-central: https://maven-central.storage-download.googleapis.com/maven2/org/apache/maven/doxia/doxia-module-apt/1.0/doxia-module-apt-1.0.jar (47 kB at 249 kB/s)
04:02:29.740 [Thread-4] DEBUG spoon.Launcher - [INFO] Downloading from google-maven-central: https://maven-central.storage-download.googleapis.com/maven2/org/codehaus/plexus/plexus-utils/3.0.9/plexus-utils-3.0.9.jar
04:02:29.743 [Thread-4] DEBUG spoon.Launcher - [INFO] Downloaded from google-maven-central: https://maven-central.storage-download.googleapis.com/maven2/org/apache/maven/doxia/doxia-module-fml/1.0/doxia-module-fml-1.0.jar (19 kB at 96 kB/s)
04:02:29.745 [Thread-4] DEBUG spoon.Launcher - [INFO] Downloading from google-maven-central: https://maven-central.storage-download.googleapis.com/maven2/org/codehaus/plexus/plexus-io/2.0.6/plexus-io-2.0.6.jar
04:02:29.755 [Thread-4] DEBUG spoon.Launcher - [INFO] Downloaded from google-maven-central: https://maven-central.storage-download.googleapis.com/maven2/org/codehaus/plexus/plexus-io/2.0.6/plexus-io-2.0.6.jar (58 kB at 285 kB/s)
04:02:29.755 [Thread-4] DEBUG spoon.Launcher - [INFO] Downloading from google-maven-central: https://maven-central.storage-download.googleapis.com/maven2/org/apache/maven/shared/maven-dependency-analyzer/1.4/maven-dependency-analyzer-1.4.jar
04:02:29.758 [Thread-4] DEBUG spoon.Launcher - [INFO] Downloaded from google-maven-central: https://maven-central.storage-download.googleapis.com/maven2/org/apache/maven/doxia/doxia-module-xdoc/1.0/doxia-module-xdoc-1.0.jar (28 kB at 134 kB/s)
04:02:29.758 [Thread-4] DEBUG spoon.Launcher - [INFO] Downloading from google-maven-central: https://maven-central.storage-download.googleapis.com/maven2/asm/asm/3.3.1/asm-3.3.1.jar
04:02:29.758 [Thread-4] DEBUG spoon.Launcher - [INFO] Downloaded from google-maven-central: https://maven-central.storage-download.googleapis.com/maven2/org/apache/maven/doxia/doxia-module-xhtml/1.0/doxia-module-xhtml-1.0.jar (22 kB at 105 kB/s)
04:02:29.758 [Thread-4] DEBUG spoon.Launcher - [INFO] Downloading from google-maven-central: https://maven-central.storage-download.googleapis.com/maven2/org/apache/maven/shared/maven-dependency-tree/2.1/maven-dependency-tree-2.1.jar
04:02:29.760 [Thread-4] DEBUG spoon.Launcher - [INFO] Downloaded from google-maven-central: https://maven-central.storage-download.googleapis.com/maven2/org/apache/maven/shared/maven-dependency-analyzer/1.4/maven-dependency-analyzer-1.4.jar (27 kB at 131 kB/s)
04:02:29.760 [Thread-4] DEBUG spoon.Launcher - [INFO] Downloading from google-maven-central: https://maven-central.storage-download.googleapis.com/maven2/org/eclipse/aether/aether-util/0.9.0.M2/aether-util-0.9.0.M2.jar
04:02:29.768 [Thread-4] DEBUG spoon.Launcher - [INFO] Downloaded from google-maven-central: https://maven-central.storage-download.googleapis.com/maven2/org/codehaus/plexus/plexus-utils/3.0.9/plexus-utils-3.0.9.jar (232 kB at 1.1 MB/s)
04:02:29.769 [Thread-4] DEBUG spoon.Launcher - [INFO] Downloading from google-maven-central: https://maven-central.storage-download.googleapis.com/maven2/org/apache/maven/shared/maven-common-artifact-filters/1.4/maven-common-artifact-filters-1.4.jar
04:02:29.771 [Thread-4] DEBUG spoon.Launcher - [INFO] Downloaded from google-maven-central: https://maven-central.storage-download.googleapis.com/maven2/org/codehaus/plexus/plexus-archiver/2.3/plexus-archiver-2.3.jar (186 kB at 863 kB/s)
04:02:29.775 [Thread-4] DEBUG spoon.Launcher - [INFO] Downloading from google-maven-central: https://maven-central.storage-download.googleapis.com/maven2/org/apache/maven/shared/maven-invoker/2.0.11/maven-invoker-2.0.11.jar
04:02:29.781 [Thread-4] DEBUG spoon.Launcher - [INFO] Downloaded from google-maven-central: https://maven-central.storage-download.googleapis.com/maven2/asm/asm/3.3.1/asm-3.3.1.jar (44 kB at 189 kB/s)
04:02:29.782 [Thread-4] DEBUG spoon.Launcher - [INFO] Downloading from google-maven-central: https://maven-central.storage-download.googleapis.com/maven2/commons-collections/commons-collections/3.2.1/commons-collections-3.2.1.jar
04:02:29.790 [Thread-4] DEBUG spoon.Launcher - [INFO] Downloaded from google-maven-central: https://maven-central.storage-download.googleapis.com/maven2/org/apache/maven/shared/maven-dependency-tree/2.1/maven-dependency-tree-2.1.jar (60 kB at 251 kB/s)
04:02:29.790 [Thread-4] DEBUG spoon.Launcher - [INFO] Downloaded from google-maven-central: https://maven-central.storage-download.googleapis.com/maven2/org/eclipse/aether/aether-util/0.9.0.M2/aether-util-0.9.0.M2.jar (134 kB at 557 kB/s)
04:02:29.805 [Thread-4] DEBUG spoon.Launcher - [INFO] Downloaded from google-maven-central: https://maven-central.storage-download.googleapis.com/maven2/org/apache/maven/shared/maven-invoker/2.0.11/maven-invoker-2.0.11.jar (29 kB at 114 kB/s)
04:02:29.811 [Thread-4] DEBUG spoon.Launcher - [INFO] Downloaded from google-maven-central: https://maven-central.storage-download.googleapis.com/maven2/org/apache/maven/shared/maven-common-artifact-filters/1.4/maven-common-artifact-filters-1.4.jar (32 kB at 122 kB/s)
04:02:29.832 [Thread-4] DEBUG spoon.Launcher - [INFO] Downloaded from google-maven-central: https://maven-central.storage-download.googleapis.com/maven2/commons-collections/commons-collections/3.2.1/commons-collections-3.2.1.jar (575 kB at 2.0 MB/s)
04:02:30.201 [Thread-4] DEBUG spoon.Launcher - [INFO] Wrote classpath file '/home/travis/build/SpoonLabs/spoon-ci-external/spoon/src/test/resources/maven-launcher/system-dependency/spoon.classpath.tmp'.
04:02:30.204 [Thread-4] DEBUG spoon.Launcher - [INFO] ------------------------------------------------------------------------
04:02:30.204 [Thread-4] DEBUG spoon.Launcher - [INFO] BUILD SUCCESS
04:02:30.205 [Thread-4] DEBUG spoon.Launcher - [INFO] ------------------------------------------------------------------------
04:02:30.207 [Thread-4] DEBUG spoon.Launcher - [INFO] Total time:  5.664 s
04:02:30.207 [Thread-4] DEBUG spoon.Launcher - [INFO] Finished at: 2020-10-29T04:02:30Z
04:02:30.208 [Thread-4] DEBUG spoon.Launcher - [INFO] ------------------------------------------------------------------------
]]></system-out>
  </testcase>
  <testcase name="mavenLauncherTestMultiModulesAndVariables" classname="spoon.MavenLauncherTest" time="12.531">
    <system-out><![CDATA[04:02:30.235 [main] INFO spoon.Launcher - Running in NOCLASSPATH mode (doc: http://spoon.gforge.inria.fr/launcher.html).
04:02:32.281 [Thread-7] DEBUG spoon.Launcher - [INFO] Scanning for projects...
04:02:32.602 [Thread-7] DEBUG spoon.Launcher - [INFO] Downloading from google-maven-central: https://maven-central.storage-download.googleapis.com/maven2/org/apache/felix/maven-bundle-plugin/3.0.1/maven-bundle-plugin-3.0.1.pom
04:02:32.973 [Thread-7] DEBUG spoon.Launcher - [INFO] Downloaded from google-maven-central: https://maven-central.storage-download.googleapis.com/maven2/org/apache/felix/maven-bundle-plugin/3.0.1/maven-bundle-plugin-3.0.1.pom (8.4 kB at 23 kB/s)
04:02:33.111 [Thread-7] DEBUG spoon.Launcher - [INFO] Downloading from google-maven-central: https://maven-central.storage-download.googleapis.com/maven2/org/apache/felix/felix-parent/3/felix-parent-3.pom
04:02:33.128 [Thread-7] DEBUG spoon.Launcher - [INFO] Downloaded from google-maven-central: https://maven-central.storage-download.googleapis.com/maven2/org/apache/felix/felix-parent/3/felix-parent-3.pom (17 kB at 571 kB/s)
04:02:33.137 [Thread-7] DEBUG spoon.Launcher - [INFO] Downloading from google-maven-central: https://maven-central.storage-download.googleapis.com/maven2/org/apache/apache/17/apache-17.pom
04:02:33.154 [Thread-7] DEBUG spoon.Launcher - [INFO] Downloaded from google-maven-central: https://maven-central.storage-download.googleapis.com/maven2/org/apache/apache/17/apache-17.pom (16 kB at 892 kB/s)
04:02:33.176 [Thread-7] DEBUG spoon.Launcher - [INFO] Downloading from google-maven-central: https://maven-central.storage-download.googleapis.com/maven2/org/osgi/org.osgi.core/4.3.1/org.osgi.core-4.3.1.pom
04:02:33.215 [Thread-7] DEBUG spoon.Launcher - [INFO] Downloaded from google-maven-central: https://maven-central.storage-download.googleapis.com/maven2/org/osgi/org.osgi.core/4.3.1/org.osgi.core-4.3.1.pom (1.4 kB at 36 kB/s)
04:02:33.220 [Thread-7] DEBUG spoon.Launcher - [INFO] Downloading from google-maven-central: https://maven-central.storage-download.googleapis.com/maven2/biz/aQute/bnd/biz.aQute.bndlib/3.0.0/biz.aQute.bndlib-3.0.0.pom
04:02:33.234 [Thread-7] DEBUG spoon.Launcher - [INFO] Downloaded from google-maven-central: https://maven-central.storage-download.googleapis.com/maven2/biz/aQute/bnd/biz.aQute.bndlib/3.0.0/biz.aQute.bndlib-3.0.0.pom (1.3 kB at 100 kB/s)
04:02:33.240 [Thread-7] DEBUG spoon.Launcher - [INFO] Downloading from google-maven-central: https://maven-central.storage-download.googleapis.com/maven2/org/apache/felix/org.apache.felix.bundlerepository/1.6.6/org.apache.felix.bundlerepository-1.6.6.pom
04:02:33.285 [Thread-7] DEBUG spoon.Launcher - [INFO] Downloaded from google-maven-central: https://maven-central.storage-download.googleapis.com/maven2/org/apache/felix/org.apache.felix.bundlerepository/1.6.6/org.apache.felix.bundlerepository-1.6.6.pom (5.9 kB at 131 kB/s)
04:02:33.291 [Thread-7] DEBUG spoon.Launcher - [INFO] Downloading from google-maven-central: https://maven-central.storage-download.googleapis.com/maven2/org/apache/felix/felix-parent/2.1/felix-parent-2.1.pom
04:02:33.326 [Thread-7] DEBUG spoon.Launcher - [INFO] Downloaded from google-maven-central: https://maven-central.storage-download.googleapis.com/maven2/org/apache/felix/felix-parent/2.1/felix-parent-2.1.pom (9.7 kB at 276 kB/s)
04:02:33.344 [Thread-7] DEBUG spoon.Launcher - [INFO] Downloading from google-maven-central: https://maven-central.storage-download.googleapis.com/maven2/org/osgi/org.osgi.core/4.1.0/org.osgi.core-4.1.0.pom
04:02:33.378 [Thread-7] DEBUG spoon.Launcher - [INFO] Downloaded from google-maven-central: https://maven-central.storage-download.googleapis.com/maven2/org/osgi/org.osgi.core/4.1.0/org.osgi.core-4.1.0.pom (193 B at 5.7 kB/s)
04:02:33.385 [Thread-7] DEBUG spoon.Launcher - [INFO] Downloading from google-maven-central: https://maven-central.storage-download.googleapis.com/maven2/org/easymock/easymock/2.5.2/easymock-2.5.2.pom
04:02:33.402 [Thread-7] DEBUG spoon.Launcher - [INFO] Downloaded from google-maven-central: https://maven-central.storage-download.googleapis.com/maven2/org/easymock/easymock/2.5.2/easymock-2.5.2.pom (12 kB at 743 kB/s)
04:02:33.419 [Thread-7] DEBUG spoon.Launcher - [INFO] Downloading from google-maven-central: https://maven-central.storage-download.googleapis.com/maven2/org/apache/felix/org.apache.felix.utils/1.6.0/org.apache.felix.utils-1.6.0.pom
04:02:33.450 [Thread-7] DEBUG spoon.Launcher - [INFO] Downloaded from google-maven-central: https://maven-central.storage-download.googleapis.com/maven2/org/apache/felix/org.apache.felix.utils/1.6.0/org.apache.felix.utils-1.6.0.pom (3.3 kB at 84 kB/s)
04:02:33.458 [Thread-7] DEBUG spoon.Launcher - [INFO] Downloading from google-maven-central: https://maven-central.storage-download.googleapis.com/maven2/org/osgi/org.osgi.compendium/4.2.0/org.osgi.compendium-4.2.0.pom
04:02:33.485 [Thread-7] DEBUG spoon.Launcher - [INFO] Downloaded from google-maven-central: https://maven-central.storage-download.googleapis.com/maven2/org/osgi/org.osgi.compendium/4.2.0/org.osgi.compendium-4.2.0.pom (463 B at 17 kB/s)
04:02:33.490 [Thread-7] DEBUG spoon.Launcher - [INFO] Downloading from google-maven-central: https://maven-central.storage-download.googleapis.com/maven2/org/apache/maven/maven-core/2.2.0/maven-core-2.2.0.pom
04:02:33.523 [Thread-7] DEBUG spoon.Launcher - [INFO] Downloaded from google-maven-central: https://maven-central.storage-download.googleapis.com/maven2/org/apache/maven/maven-core/2.2.0/maven-core-2.2.0.pom (11 kB at 350 kB/s)
04:02:33.606 [Thread-7] DEBUG spoon.Launcher - [INFO] Downloading from google-maven-central: https://maven-central.storage-download.googleapis.com/maven2/org/apache/maven/maven-plugin-parameter-documenter/2.2.0/maven-plugin-parameter-documenter-2.2.0.pom
04:02:33.641 [Thread-7] DEBUG spoon.Launcher - [INFO] Downloaded from google-maven-central: https://maven-central.storage-download.googleapis.com/maven2/org/apache/maven/maven-plugin-parameter-documenter/2.2.0/maven-plugin-parameter-documenter-2.2.0.pom (2.0 kB at 56 kB/s)
04:02:33.654 [Thread-7] DEBUG spoon.Launcher - [INFO] Downloading from google-maven-central: https://maven-central.storage-download.googleapis.com/maven2/org/apache/maven/reporting/maven-reporting-api/2.2.0/maven-reporting-api-2.2.0.pom
04:02:33.700 [Thread-7] DEBUG spoon.Launcher - [INFO] Downloaded from google-maven-central: https://maven-central.storage-download.googleapis.com/maven2/org/apache/maven/reporting/maven-reporting-api/2.2.0/maven-reporting-api-2.2.0.pom (1.9 kB at 39 kB/s)
04:02:33.704 [Thread-7] DEBUG spoon.Launcher - [INFO] Downloading from google-maven-central: https://maven-central.storage-download.googleapis.com/maven2/org/apache/maven/reporting/maven-reporting/2.2.0/maven-reporting-2.2.0.pom
04:02:33.736 [Thread-7] DEBUG spoon.Launcher - [INFO] Downloaded from google-maven-central: https://maven-central.storage-download.googleapis.com/maven2/org/apache/maven/reporting/maven-reporting/2.2.0/maven-reporting-2.2.0.pom (1.4 kB at 47 kB/s)
04:02:33.743 [Thread-7] DEBUG spoon.Launcher - [INFO] Downloading from google-maven-central: https://maven-central.storage-download.googleapis.com/maven2/org/apache/maven/doxia/doxia-sink-api/1.1/doxia-sink-api-1.1.pom
04:02:33.771 [Thread-7] DEBUG spoon.Launcher - [INFO] Downloaded from google-maven-central: https://maven-central.storage-download.googleapis.com/maven2/org/apache/maven/doxia/doxia-sink-api/1.1/doxia-sink-api-1.1.pom (2.0 kB at 82 kB/s)
04:02:33.771 [Thread-7] DEBUG spoon.Launcher - [INFO] Downloading from google-maven-central: https://maven-central.storage-download.googleapis.com/maven2/org/apache/maven/doxia/doxia/1.1/doxia-1.1.pom
04:02:33.801 [Thread-7] DEBUG spoon.Launcher - [INFO] Downloaded from google-maven-central: https://maven-central.storage-download.googleapis.com/maven2/org/apache/maven/doxia/doxia/1.1/doxia-1.1.pom (15 kB at 490 kB/s)
04:02:33.807 [Thread-7] DEBUG spoon.Launcher - [INFO] Downloading from google-maven-central: https://maven-central.storage-download.googleapis.com/maven2/org/apache/maven/doxia/doxia-logging-api/1.1/doxia-logging-api-1.1.pom
04:02:33.837 [Thread-7] DEBUG spoon.Launcher - [INFO] Downloaded from google-maven-central: https://maven-central.storage-download.googleapis.com/maven2/org/apache/maven/doxia/doxia-logging-api/1.1/doxia-logging-api-1.1.pom (1.6 kB at 51 kB/s)
04:02:33.859 [Thread-7] DEBUG spoon.Launcher - [INFO] Downloading from google-maven-central: https://maven-central.storage-download.googleapis.com/maven2/org/apache/maven/maven-error-diagnostics/2.2.0/maven-error-diagnostics-2.2.0.pom
04:02:33.892 [Thread-7] DEBUG spoon.Launcher - [INFO] Downloaded from google-maven-central: https://maven-central.storage-download.googleapis.com/maven2/org/apache/maven/maven-error-diagnostics/2.2.0/maven-error-diagnostics-2.2.0.pom (1.7 kB at 55 kB/s)
04:02:33.912 [Thread-7] DEBUG spoon.Launcher - [INFO] Downloading from google-maven-central: https://maven-central.storage-download.googleapis.com/maven2/commons-cli/commons-cli/1.2/commons-cli-1.2.pom
04:02:33.944 [Thread-7] DEBUG spoon.Launcher - [INFO] Downloaded from google-maven-central: https://maven-central.storage-download.googleapis.com/maven2/commons-cli/commons-cli/1.2/commons-cli-1.2.pom (8.0 kB at 249 kB/s)
04:02:33.947 [Thread-7] DEBUG spoon.Launcher - [INFO] Downloading from google-maven-central: https://maven-central.storage-download.googleapis.com/maven2/org/apache/commons/commons-parent/11/commons-parent-11.pom
04:02:33.957 [Thread-7] DEBUG spoon.Launcher - [INFO] Downloaded from google-maven-central: https://maven-central.storage-download.googleapis.com/maven2/org/apache/commons/commons-parent/11/commons-parent-11.pom (25 kB at 2.5 MB/s)
04:02:33.967 [Thread-7] DEBUG spoon.Launcher - [INFO] Downloading from google-maven-central: https://maven-central.storage-download.googleapis.com/maven2/org/apache/maven/maven-plugin-api/2.2.0/maven-plugin-api-2.2.0.pom
04:02:33.997 [Thread-7] DEBUG spoon.Launcher - [INFO] Downloaded from google-maven-central: https://maven-central.storage-download.googleapis.com/maven2/org/apache/maven/maven-plugin-api/2.2.0/maven-plugin-api-2.2.0.pom (1.5 kB at 47 kB/s)
04:02:34.002 [Thread-7] DEBUG spoon.Launcher - [INFO] Downloading from google-maven-central: https://maven-central.storage-download.googleapis.com/maven2/org/apache/maven/maven-plugin-descriptor/2.2.0/maven-plugin-descriptor-2.2.0.pom
04:02:34.032 [Thread-7] DEBUG spoon.Launcher - [INFO] Downloaded from google-maven-central: https://maven-central.storage-download.googleapis.com/maven2/org/apache/maven/maven-plugin-descriptor/2.2.0/maven-plugin-descriptor-2.2.0.pom (2.1 kB at 69 kB/s)
04:02:34.043 [Thread-7] DEBUG spoon.Launcher - [INFO] Downloading from google-maven-central: https://maven-central.storage-download.googleapis.com/maven2/org/apache/maven/maven-monitor/2.2.0/maven-monitor-2.2.0.pom
04:02:34.071 [Thread-7] DEBUG spoon.Launcher - [INFO] Downloaded from google-maven-central: https://maven-central.storage-download.googleapis.com/maven2/org/apache/maven/maven-monitor/2.2.0/maven-monitor-2.2.0.pom (1.3 kB at 43 kB/s)
04:02:34.085 [Thread-7] DEBUG spoon.Launcher - [INFO] Downloading from google-maven-central: https://maven-central.storage-download.googleapis.com/maven2/org/apache/maven/maven-archiver/2.5/maven-archiver-2.5.pom
04:02:34.095 [Thread-7] DEBUG spoon.Launcher - [INFO] Downloaded from google-maven-central: https://maven-central.storage-download.googleapis.com/maven2/org/apache/maven/maven-archiver/2.5/maven-archiver-2.5.pom (4.5 kB at 454 kB/s)
04:02:34.147 [Thread-7] DEBUG spoon.Launcher - [INFO] Downloading from google-maven-central: https://maven-central.storage-download.googleapis.com/maven2/org/codehaus/plexus/plexus-archiver/2.1/plexus-archiver-2.1.pom
04:02:34.154 [Thread-7] DEBUG spoon.Launcher - [INFO] Downloaded from google-maven-central: https://maven-central.storage-download.googleapis.com/maven2/org/codehaus/plexus/plexus-archiver/2.1/plexus-archiver-2.1.pom (2.8 kB at 401 kB/s)
04:02:34.160 [Thread-7] DEBUG spoon.Launcher - [INFO] Downloading from google-maven-central: https://maven-central.storage-download.googleapis.com/maven2/org/codehaus/plexus/plexus-utils/3.0/plexus-utils-3.0.pom
04:02:34.167 [Thread-7] DEBUG spoon.Launcher - [INFO] Downloaded from google-maven-central: https://maven-central.storage-download.googleapis.com/maven2/org/codehaus/plexus/plexus-utils/3.0/plexus-utils-3.0.pom (4.1 kB at 581 kB/s)
04:02:34.178 [Thread-7] DEBUG spoon.Launcher - [INFO] Downloading from google-maven-central: https://maven-central.storage-download.googleapis.com/maven2/org/codehaus/plexus/plexus-io/2.0.2/plexus-io-2.0.2.pom
04:02:34.188 [Thread-7] DEBUG spoon.Launcher - [INFO] Downloaded from google-maven-central: https://maven-central.storage-download.googleapis.com/maven2/org/codehaus/plexus/plexus-io/2.0.2/plexus-io-2.0.2.pom (1.7 kB at 173 kB/s)
04:02:34.194 [Thread-7] DEBUG spoon.Launcher - [INFO] Downloading from google-maven-central: https://maven-central.storage-download.googleapis.com/maven2/org/codehaus/plexus/plexus-components/1.1.19/plexus-components-1.1.19.pom
04:02:34.205 [Thread-7] DEBUG spoon.Launcher - [INFO] Downloaded from google-maven-central: https://maven-central.storage-download.googleapis.com/maven2/org/codehaus/plexus/plexus-components/1.1.19/plexus-components-1.1.19.pom (2.7 kB at 245 kB/s)
04:02:34.255 [Thread-7] DEBUG spoon.Launcher - [INFO] Downloading from google-maven-central: https://maven-central.storage-download.googleapis.com/maven2/org/sonatype/plexus/plexus-build-api/0.0.7/plexus-build-api-0.0.7.pom
04:02:34.266 [Thread-7] DEBUG spoon.Launcher - [INFO] Downloaded from google-maven-central: https://maven-central.storage-download.googleapis.com/maven2/org/sonatype/plexus/plexus-build-api/0.0.7/plexus-build-api-0.0.7.pom (3.2 kB at 267 kB/s)
04:02:34.328 [Thread-7] DEBUG spoon.Launcher - [INFO] Downloading from google-maven-central: https://maven-central.storage-download.googleapis.com/maven2/org/jdom/jdom/1.1/jdom-1.1.pom
04:02:34.357 [Thread-7] DEBUG spoon.Launcher - [INFO] Downloaded from google-maven-central: https://maven-central.storage-download.googleapis.com/maven2/org/jdom/jdom/1.1/jdom-1.1.pom (2.2 kB at 78 kB/s)
04:02:34.392 [Thread-7] DEBUG spoon.Launcher - [INFO] Downloading from google-maven-central: https://maven-central.storage-download.googleapis.com/maven2/org/apache/felix/maven-bundle-plugin/3.0.1/maven-bundle-plugin-3.0.1.jar
04:02:34.394 [Thread-7] DEBUG spoon.Launcher - [INFO] Downloading from google-maven-central: https://maven-central.storage-download.googleapis.com/maven2/biz/aQute/bnd/biz.aQute.bndlib/3.0.0/biz.aQute.bndlib-3.0.0.jar
04:02:34.396 [Thread-7] DEBUG spoon.Launcher - [INFO] Downloading from google-maven-central: https://maven-central.storage-download.googleapis.com/maven2/org/osgi/org.osgi.core/4.3.1/org.osgi.core-4.3.1.jar
04:02:34.403 [Thread-7] DEBUG spoon.Launcher - [INFO] Downloading from google-maven-central: https://maven-central.storage-download.googleapis.com/maven2/org/apache/felix/org.apache.felix.bundlerepository/1.6.6/org.apache.felix.bundlerepository-1.6.6.jar
04:02:34.409 [Thread-7] DEBUG spoon.Launcher - [INFO] Downloading from google-maven-central: https://maven-central.storage-download.googleapis.com/maven2/org/easymock/easymock/2.5.2/easymock-2.5.2.jar
04:02:34.493 [Thread-7] DEBUG spoon.Launcher - [INFO] Downloaded from google-maven-central: https://maven-central.storage-download.googleapis.com/maven2/org/osgi/org.osgi.core/4.3.1/org.osgi.core-4.3.1.jar (350 kB at 3.3 MB/s)
04:02:34.499 [Thread-7] DEBUG spoon.Launcher - [INFO] Downloading from google-maven-central: https://maven-central.storage-download.googleapis.com/maven2/org/apache/felix/org.apache.felix.utils/1.6.0/org.apache.felix.utils-1.6.0.jar
04:02:34.518 [Thread-7] DEBUG spoon.Launcher - [INFO] Downloaded from google-maven-central: https://maven-central.storage-download.googleapis.com/maven2/org/apache/felix/org.apache.felix.bundlerepository/1.6.6/org.apache.felix.bundlerepository-1.6.6.jar (168 kB at 1.3 MB/s)
04:02:34.518 [Thread-7] DEBUG spoon.Launcher - [INFO] Downloading from google-maven-central: https://maven-central.storage-download.googleapis.com/maven2/org/osgi/org.osgi.compendium/4.2.0/org.osgi.compendium-4.2.0.jar
04:02:34.534 [Thread-7] DEBUG spoon.Launcher - [INFO] Downloaded from google-maven-central: https://maven-central.storage-download.googleapis.com/maven2/org/easymock/easymock/2.5.2/easymock-2.5.2.jar (95 kB at 769 kB/s)
04:02:34.548 [Thread-7] DEBUG spoon.Launcher - [INFO] Downloading from google-maven-central: https://maven-central.storage-download.googleapis.com/maven2/org/apache/maven/maven-core/2.2.0/maven-core-2.2.0.jar
04:02:34.548 [Thread-7] DEBUG spoon.Launcher - [INFO] Downloaded from google-maven-central: https://maven-central.storage-download.googleapis.com/maven2/org/apache/felix/org.apache.felix.utils/1.6.0/org.apache.felix.utils-1.6.0.jar (68 kB at 541 kB/s)
04:02:34.549 [Thread-7] DEBUG spoon.Launcher - [INFO] Downloading from google-maven-central: https://maven-central.storage-download.googleapis.com/maven2/org/apache/maven/maven-settings/2.2.0/maven-settings-2.2.0.jar
04:02:34.564 [Thread-7] DEBUG spoon.Launcher - [INFO] Downloaded from google-maven-central: https://maven-central.storage-download.googleapis.com/maven2/org/apache/felix/maven-bundle-plugin/3.0.1/maven-bundle-plugin-3.0.1.jar (210 kB at 1.2 MB/s)
04:02:34.578 [Thread-7] DEBUG spoon.Launcher - [INFO] Downloaded from google-maven-central: https://maven-central.storage-download.googleapis.com/maven2/org/apache/maven/maven-settings/2.2.0/maven-settings-2.2.0.jar (49 kB at 306 kB/s)
04:02:34.580 [Thread-7] DEBUG spoon.Launcher - [INFO] Downloading from google-maven-central: https://maven-central.storage-download.googleapis.com/maven2/org/apache/maven/maven-plugin-parameter-documenter/2.2.0/maven-plugin-parameter-documenter-2.2.0.jar
04:02:34.582 [Thread-7] DEBUG spoon.Launcher - [INFO] Downloading from google-maven-central: https://maven-central.storage-download.googleapis.com/maven2/org/slf4j/slf4j-jdk14/1.5.6/slf4j-jdk14-1.5.6.jar
04:02:34.621 [Thread-7] DEBUG spoon.Launcher - [INFO] Downloaded from google-maven-central: https://maven-central.storage-download.googleapis.com/maven2/org/apache/maven/maven-plugin-parameter-documenter/2.2.0/maven-plugin-parameter-documenter-2.2.0.jar (22 kB at 103 kB/s)
04:02:34.623 [Thread-7] DEBUG spoon.Launcher - [INFO] Downloading from google-maven-central: https://maven-central.storage-download.googleapis.com/maven2/org/slf4j/slf4j-api/1.5.6/slf4j-api-1.5.6.jar
04:02:34.632 [Thread-7] DEBUG spoon.Launcher - [INFO] Downloaded from google-maven-central: https://maven-central.storage-download.googleapis.com/maven2/org/apache/maven/maven-core/2.2.0/maven-core-2.2.0.jar (175 kB at 789 kB/s)
04:02:34.634 [Thread-7] DEBUG spoon.Launcher - [INFO] Downloading from google-maven-central: https://maven-central.storage-download.googleapis.com/maven2/org/slf4j/jcl-over-slf4j/1.5.6/jcl-over-slf4j-1.5.6.jar
04:02:34.637 [Thread-7] DEBUG spoon.Launcher - [INFO] Downloaded from google-maven-central: https://maven-central.storage-download.googleapis.com/maven2/org/slf4j/slf4j-jdk14/1.5.6/slf4j-jdk14-1.5.6.jar (8.8 kB at 39 kB/s)
04:02:34.638 [Thread-7] DEBUG spoon.Launcher - [INFO] Downloaded from google-maven-central: https://maven-central.storage-download.googleapis.com/maven2/org/slf4j/slf4j-api/1.5.6/slf4j-api-1.5.6.jar (22 kB at 100 kB/s)
04:02:34.640 [Thread-7] DEBUG spoon.Launcher - [INFO] Downloading from google-maven-central: https://maven-central.storage-download.googleapis.com/maven2/org/apache/maven/reporting/maven-reporting-api/2.2.0/maven-reporting-api-2.2.0.jar
04:02:34.642 [Thread-7] DEBUG spoon.Launcher - [INFO] Downloading from google-maven-central: https://maven-central.storage-download.googleapis.com/maven2/org/apache/maven/doxia/doxia-logging-api/1.1/doxia-logging-api-1.1.jar
04:02:34.660 [Thread-7] DEBUG spoon.Launcher - [INFO] Downloaded from google-maven-central: https://maven-central.storage-download.googleapis.com/maven2/org/apache/maven/doxia/doxia-logging-api/1.1/doxia-logging-api-1.1.jar (11 kB at 46 kB/s)
04:02:34.667 [Thread-7] DEBUG spoon.Launcher - [INFO] Downloading from google-maven-central: https://maven-central.storage-download.googleapis.com/maven2/org/apache/maven/maven-profile/2.2.0/maven-profile-2.2.0.jar
04:02:34.668 [Thread-7] DEBUG spoon.Launcher - [INFO] Downloaded from google-maven-central: https://maven-central.storage-download.googleapis.com/maven2/org/slf4j/jcl-over-slf4j/1.5.6/jcl-over-slf4j-1.5.6.jar (17 kB at 64 kB/s)
04:02:34.668 [Thread-7] DEBUG spoon.Launcher - [INFO] Downloading from google-maven-central: https://maven-central.storage-download.googleapis.com/maven2/org/apache/maven/maven-model/2.2.0/maven-model-2.2.0.jar
04:02:34.669 [Thread-7] DEBUG spoon.Launcher - [INFO] Downloaded from google-maven-central: https://maven-central.storage-download.googleapis.com/maven2/org/apache/maven/reporting/maven-reporting-api/2.2.0/maven-reporting-api-2.2.0.jar (9.8 kB at 38 kB/s)
04:02:34.669 [Thread-7] DEBUG spoon.Launcher - [INFO] Downloading from google-maven-central: https://maven-central.storage-download.googleapis.com/maven2/org/apache/maven/maven-artifact/2.2.0/maven-artifact-2.2.0.jar
04:02:34.670 [Thread-7] DEBUG spoon.Launcher - [INFO] Downloaded from google-maven-central: https://maven-central.storage-download.googleapis.com/maven2/org/osgi/org.osgi.compendium/4.2.0/org.osgi.compendium-4.2.0.jar (614 kB at 2.4 MB/s)
04:02:34.671 [Thread-7] DEBUG spoon.Launcher - [INFO] Downloading from google-maven-central: https://maven-central.storage-download.googleapis.com/maven2/junit/junit/4.11/junit-4.11.jar
04:02:34.693 [Thread-7] DEBUG spoon.Launcher - [INFO] Downloaded from google-maven-central: https://maven-central.storage-download.googleapis.com/maven2/org/apache/maven/maven-profile/2.2.0/maven-profile-2.2.0.jar (35 kB at 124 kB/s)
04:02:34.694 [Thread-7] DEBUG spoon.Launcher - [INFO] Downloaded from google-maven-central: https://maven-central.storage-download.googleapis.com/maven2/org/apache/maven/maven-artifact/2.2.0/maven-artifact-2.2.0.jar (80 kB at 280 kB/s)
04:02:34.694 [Thread-7] DEBUG spoon.Launcher - [INFO] Downloading from google-maven-central: https://maven-central.storage-download.googleapis.com/maven2/org/apache/maven/maven-error-diagnostics/2.2.0/maven-error-diagnostics-2.2.0.jar
04:02:34.696 [Thread-7] DEBUG spoon.Launcher - [INFO] Downloading from google-maven-central: https://maven-central.storage-download.googleapis.com/maven2/org/apache/maven/maven-repository-metadata/2.2.0/maven-repository-metadata-2.2.0.jar
04:02:34.712 [Thread-7] DEBUG spoon.Launcher - [INFO] Downloaded from google-maven-central: https://maven-central.storage-download.googleapis.com/maven2/org/apache/maven/maven-error-diagnostics/2.2.0/maven-error-diagnostics-2.2.0.jar (13 kB at 43 kB/s)
04:02:34.712 [Thread-7] DEBUG spoon.Launcher - [INFO] Downloading from google-maven-central: https://maven-central.storage-download.googleapis.com/maven2/org/apache/maven/maven-project/2.2.0/maven-project-2.2.0.jar
04:02:34.718 [Thread-7] DEBUG spoon.Launcher - [INFO] Downloaded from google-maven-central: https://maven-central.storage-download.googleapis.com/maven2/org/apache/maven/maven-model/2.2.0/maven-model-2.2.0.jar (87 kB at 285 kB/s)
04:02:34.720 [Thread-7] DEBUG spoon.Launcher - [INFO] Downloaded from google-maven-central: https://maven-central.storage-download.googleapis.com/maven2/org/apache/maven/maven-repository-metadata/2.2.0/maven-repository-metadata-2.2.0.jar (26 kB at 84 kB/s)
04:02:34.722 [Thread-7] DEBUG spoon.Launcher - [INFO] Downloading from google-maven-central: https://maven-central.storage-download.googleapis.com/maven2/org/apache/maven/maven-plugin-registry/2.2.0/maven-plugin-registry-2.2.0.jar
04:02:34.732 [Thread-7] DEBUG spoon.Launcher - [INFO] Downloading from google-maven-central: https://maven-central.storage-download.googleapis.com/maven2/commons-cli/commons-cli/1.2/commons-cli-1.2.jar
04:02:34.744 [Thread-7] DEBUG spoon.Launcher - [INFO] Downloaded from google-maven-central: https://maven-central.storage-download.googleapis.com/maven2/junit/junit/4.11/junit-4.11.jar (245 kB at 725 kB/s)
04:02:34.751 [Thread-7] DEBUG spoon.Launcher - [INFO] Downloading from google-maven-central: https://maven-central.storage-download.googleapis.com/maven2/org/apache/maven/maven-plugin-api/2.2.0/maven-plugin-api-2.2.0.jar
04:02:34.757 [Thread-7] DEBUG spoon.Launcher - [INFO] Downloaded from google-maven-central: https://maven-central.storage-download.googleapis.com/maven2/commons-cli/commons-cli/1.2/commons-cli-1.2.jar (41 kB at 119 kB/s)
04:02:34.759 [Thread-7] DEBUG spoon.Launcher - [INFO] Downloading from google-maven-central: https://maven-central.storage-download.googleapis.com/maven2/org/apache/maven/maven-plugin-descriptor/2.2.0/maven-plugin-descriptor-2.2.0.jar
04:02:34.765 [Thread-7] DEBUG spoon.Launcher - [INFO] Downloaded from google-maven-central: https://maven-central.storage-download.googleapis.com/maven2/org/apache/maven/maven-plugin-api/2.2.0/maven-plugin-api-2.2.0.jar (12 kB at 34 kB/s)
04:02:34.766 [Thread-7] DEBUG spoon.Launcher - [INFO] Downloading from google-maven-central: https://maven-central.storage-download.googleapis.com/maven2/org/apache/maven/maven-artifact-manager/2.2.0/maven-artifact-manager-2.2.0.jar
04:02:34.767 [Thread-7] DEBUG spoon.Launcher - [INFO] Downloaded from google-maven-central: https://maven-central.storage-download.googleapis.com/maven2/org/apache/maven/maven-plugin-registry/2.2.0/maven-plugin-registry-2.2.0.jar (30 kB at 83 kB/s)
04:02:34.767 [Thread-7] DEBUG spoon.Launcher - [INFO] Downloading from google-maven-central: https://maven-central.storage-download.googleapis.com/maven2/backport-util-concurrent/backport-util-concurrent/3.1/backport-util-concurrent-3.1.jar
04:02:34.768 [Thread-7] DEBUG spoon.Launcher - [INFO] Downloaded from google-maven-central: https://maven-central.storage-download.googleapis.com/maven2/org/apache/maven/maven-project/2.2.0/maven-project-2.2.0.jar (156 kB at 434 kB/s)
04:02:34.768 [Thread-7] DEBUG spoon.Launcher - [INFO] Downloading from google-maven-central: https://maven-central.storage-download.googleapis.com/maven2/org/apache/maven/maven-monitor/2.2.0/maven-monitor-2.2.0.jar
04:02:34.777 [Thread-7] DEBUG spoon.Launcher - [INFO] Downloaded from google-maven-central: https://maven-central.storage-download.googleapis.com/maven2/org/apache/maven/maven-plugin-descriptor/2.2.0/maven-plugin-descriptor-2.2.0.jar (39 kB at 108 kB/s)
04:02:34.779 [Thread-7] DEBUG spoon.Launcher - [INFO] Downloaded from google-maven-central: https://maven-central.storage-download.googleapis.com/maven2/org/apache/maven/maven-monitor/2.2.0/maven-monitor-2.2.0.jar (10 kB at 28 kB/s)
04:02:34.781 [Thread-7] DEBUG spoon.Launcher - [INFO] Downloading from google-maven-central: https://maven-central.storage-download.googleapis.com/maven2/org/apache/maven/maven-archiver/2.5/maven-archiver-2.5.jar
04:02:34.783 [Thread-7] DEBUG spoon.Launcher - [INFO] Downloading from google-maven-central: https://maven-central.storage-download.googleapis.com/maven2/org/codehaus/plexus/plexus-archiver/2.1/plexus-archiver-2.1.jar
04:02:34.791 [Thread-7] DEBUG spoon.Launcher - [INFO] Downloaded from google-maven-central: https://maven-central.storage-download.googleapis.com/maven2/biz/aQute/bnd/biz.aQute.bndlib/3.0.0/biz.aQute.bndlib-3.0.0.jar (2.2 MB at 5.4 MB/s)
04:02:34.792 [Thread-7] DEBUG spoon.Launcher - [INFO] Downloading from google-maven-central: https://maven-central.storage-download.googleapis.com/maven2/org/codehaus/plexus/plexus-io/2.0.2/plexus-io-2.0.2.jar
04:02:34.793 [Thread-7] DEBUG spoon.Launcher - [INFO] Downloaded from google-maven-central: https://maven-central.storage-download.googleapis.com/maven2/org/apache/maven/maven-artifact-manager/2.2.0/maven-artifact-manager-2.2.0.jar (65 kB at 169 kB/s)
04:02:34.793 [Thread-7] DEBUG spoon.Launcher - [INFO] Downloading from google-maven-central: https://maven-central.storage-download.googleapis.com/maven2/org/codehaus/plexus/plexus-utils/3.0.10/plexus-utils-3.0.10.jar
04:02:34.797 [Thread-7] DEBUG spoon.Launcher - [INFO] Downloaded from google-maven-central: https://maven-central.storage-download.googleapis.com/maven2/org/apache/maven/maven-archiver/2.5/maven-archiver-2.5.jar (22 kB at 56 kB/s)
04:02:34.798 [Thread-7] DEBUG spoon.Launcher - [INFO] Downloading from google-maven-central: https://maven-central.storage-download.googleapis.com/maven2/org/sonatype/plexus/plexus-build-api/0.0.7/plexus-build-api-0.0.7.jar
04:02:34.803 [Thread-7] DEBUG spoon.Launcher - [INFO] Downloaded from google-maven-central: https://maven-central.storage-download.googleapis.com/maven2/backport-util-concurrent/backport-util-concurrent/3.1/backport-util-concurrent-3.1.jar (332 kB at 853 kB/s)
04:02:34.803 [Thread-7] DEBUG spoon.Launcher - [INFO] Downloading from google-maven-central: https://maven-central.storage-download.googleapis.com/maven2/commons-lang/commons-lang/2.1/commons-lang-2.1.jar
04:02:34.805 [Thread-7] DEBUG spoon.Launcher - [INFO] Downloaded from google-maven-central: https://maven-central.storage-download.googleapis.com/maven2/org/codehaus/plexus/plexus-io/2.0.2/plexus-io-2.0.2.jar (58 kB at 146 kB/s)
04:02:34.805 [Thread-7] DEBUG spoon.Launcher - [INFO] Downloading from google-maven-central: https://maven-central.storage-download.googleapis.com/maven2/commons-collections/commons-collections/3.2/commons-collections-3.2.jar
04:02:34.810 [Thread-7] DEBUG spoon.Launcher - [INFO] Downloaded from google-maven-central: https://maven-central.storage-download.googleapis.com/maven2/org/codehaus/plexus/plexus-archiver/2.1/plexus-archiver-2.1.jar (184 kB at 460 kB/s)
04:02:34.812 [Thread-7] DEBUG spoon.Launcher - [INFO] Downloaded from google-maven-central: https://maven-central.storage-download.googleapis.com/maven2/org/sonatype/plexus/plexus-build-api/0.0.7/plexus-build-api-0.0.7.jar (8.5 kB at 21 kB/s)
04:02:34.813 [Thread-7] DEBUG spoon.Launcher - [INFO] Downloading from google-maven-central: https://maven-central.storage-download.googleapis.com/maven2/org/jdom/jdom/1.1/jdom-1.1.jar
04:02:34.834 [Thread-7] DEBUG spoon.Launcher - [INFO] Downloaded from google-maven-central: https://maven-central.storage-download.googleapis.com/maven2/org/codehaus/plexus/plexus-utils/3.0.10/plexus-utils-3.0.10.jar (231 kB at 548 kB/s)
04:02:34.834 [Thread-7] DEBUG spoon.Launcher - [INFO] Downloaded from google-maven-central: https://maven-central.storage-download.googleapis.com/maven2/commons-lang/commons-lang/2.1/commons-lang-2.1.jar (208 kB at 492 kB/s)
04:02:34.838 [Thread-7] DEBUG spoon.Launcher - [INFO] Downloaded from google-maven-central: https://maven-central.storage-download.googleapis.com/maven2/commons-collections/commons-collections/3.2/commons-collections-3.2.jar (571 kB at 1.3 MB/s)
04:02:34.850 [Thread-7] DEBUG spoon.Launcher - [INFO] Downloaded from google-maven-central: https://maven-central.storage-download.googleapis.com/maven2/org/jdom/jdom/1.1/jdom-1.1.jar (153 kB at 346 kB/s)
04:02:35.218 [Thread-7] DEBUG spoon.Launcher - [INFO] Downloading from google-maven-central: https://maven-central.storage-download.googleapis.com/maven2/org/apache/maven/plugins/maven-enforcer-plugin/1.2/maven-enforcer-plugin-1.2.pom
04:02:35.226 [Thread-7] DEBUG spoon.Launcher - [INFO] Downloaded from google-maven-central: https://maven-central.storage-download.googleapis.com/maven2/org/apache/maven/plugins/maven-enforcer-plugin/1.2/maven-enforcer-plugin-1.2.pom (5.8 kB at 648 kB/s)
04:02:35.231 [Thread-7] DEBUG spoon.Launcher - [INFO] Downloading from google-maven-central: https://maven-central.storage-download.googleapis.com/maven2/org/apache/maven/enforcer/enforcer/1.2/enforcer-1.2.pom
04:02:35.241 [Thread-7] DEBUG spoon.Launcher - [INFO] Downloaded from google-maven-central: https://maven-central.storage-download.googleapis.com/maven2/org/apache/maven/enforcer/enforcer/1.2/enforcer-1.2.pom (11 kB at 999 kB/s)
04:02:35.252 [Thread-7] DEBUG spoon.Launcher - [INFO] Downloading from google-maven-central: https://maven-central.storage-download.googleapis.com/maven2/org/apache/maven/plugins/maven-enforcer-plugin/1.2/maven-enforcer-plugin-1.2.jar
04:02:35.260 [Thread-7] DEBUG spoon.Launcher - [INFO] Downloaded from google-maven-central: https://maven-central.storage-download.googleapis.com/maven2/org/apache/maven/plugins/maven-enforcer-plugin/1.2/maven-enforcer-plugin-1.2.jar (25 kB at 3.2 MB/s)
04:02:35.266 [Thread-7] DEBUG spoon.Launcher - [INFO] Downloading from google-maven-central: https://maven-central.storage-download.googleapis.com/maven2/org/apache/maven/plugins/maven-shade-plugin/2.3/maven-shade-plugin-2.3.pom
04:02:35.276 [Thread-7] DEBUG spoon.Launcher - [INFO] Downloaded from google-maven-central: https://maven-central.storage-download.googleapis.com/maven2/org/apache/maven/plugins/maven-shade-plugin/2.3/maven-shade-plugin-2.3.pom (7.3 kB at 816 kB/s)
04:02:35.286 [Thread-7] DEBUG spoon.Launcher - [INFO] Downloading from google-maven-central: https://maven-central.storage-download.googleapis.com/maven2/org/apache/maven/plugins/maven-plugins/25/maven-plugins-25.pom
04:02:35.295 [Thread-7] DEBUG spoon.Launcher - [INFO] Downloaded from google-maven-central: https://maven-central.storage-download.googleapis.com/maven2/org/apache/maven/plugins/maven-plugins/25/maven-plugins-25.pom (9.6 kB at 1.1 MB/s)
04:02:35.302 [Thread-7] DEBUG spoon.Launcher - [INFO] Downloading from google-maven-central: https://maven-central.storage-download.googleapis.com/maven2/org/apache/maven/maven-parent/24/maven-parent-24.pom
04:02:35.312 [Thread-7] DEBUG spoon.Launcher - [INFO] Downloaded from google-maven-central: https://maven-central.storage-download.googleapis.com/maven2/org/apache/maven/maven-parent/24/maven-parent-24.pom (37 kB at 3.7 MB/s)
04:02:35.318 [Thread-7] DEBUG spoon.Launcher - [INFO] Downloading from google-maven-central: https://maven-central.storage-download.googleapis.com/maven2/org/apache/apache/14/apache-14.pom
04:02:35.327 [Thread-7] DEBUG spoon.Launcher - [INFO] Downloaded from google-maven-central: https://maven-central.storage-download.googleapis.com/maven2/org/apache/apache/14/apache-14.pom (15 kB at 1.6 MB/s)
04:02:35.336 [Thread-7] DEBUG spoon.Launcher - [INFO] Downloading from google-maven-central: https://maven-central.storage-download.googleapis.com/maven2/org/apache/maven/plugins/maven-shade-plugin/2.3/maven-shade-plugin-2.3.jar
04:02:35.348 [Thread-7] DEBUG spoon.Launcher - [INFO] Downloaded from google-maven-central: https://maven-central.storage-download.googleapis.com/maven2/org/apache/maven/plugins/maven-shade-plugin/2.3/maven-shade-plugin-2.3.jar (101 kB at 7.8 MB/s)
04:02:35.359 [Thread-7] DEBUG spoon.Launcher - [INFO] Downloading from google-maven-central: https://maven-central.storage-download.googleapis.com/maven2/org/apache/maven/plugins/maven-surefire-plugin/2.19.1/maven-surefire-plugin-2.19.1.pom
04:02:35.369 [Thread-7] DEBUG spoon.Launcher - [INFO] Downloaded from google-maven-central: https://maven-central.storage-download.googleapis.com/maven2/org/apache/maven/plugins/maven-surefire-plugin/2.19.1/maven-surefire-plugin-2.19.1.pom (5.6 kB at 696 kB/s)
04:02:35.379 [Thread-7] DEBUG spoon.Launcher - [INFO] Downloading from google-maven-central: https://maven-central.storage-download.googleapis.com/maven2/org/apache/maven/surefire/surefire/2.19.1/surefire-2.19.1.pom
04:02:35.404 [Thread-7] DEBUG spoon.Launcher - [INFO] Downloaded from google-maven-central: https://maven-central.storage-download.googleapis.com/maven2/org/apache/maven/surefire/surefire/2.19.1/surefire-2.19.1.pom (18 kB at 738 kB/s)
04:02:35.424 [Thread-7] DEBUG spoon.Launcher - [INFO] Downloading from google-maven-central: https://maven-central.storage-download.googleapis.com/maven2/org/apache/maven/plugins/maven-surefire-plugin/2.19.1/maven-surefire-plugin-2.19.1.jar
04:02:35.436 [Thread-7] DEBUG spoon.Launcher - [INFO] Downloaded from google-maven-central: https://maven-central.storage-download.googleapis.com/maven2/org/apache/maven/plugins/maven-surefire-plugin/2.19.1/maven-surefire-plugin-2.19.1.jar (38 kB at 2.7 MB/s)
04:02:35.445 [Thread-7] DEBUG spoon.Launcher - [INFO] Downloading from google-maven-central: https://maven-central.storage-download.googleapis.com/maven2/org/apache/maven/plugins/maven-checkstyle-plugin/2.17/maven-checkstyle-plugin-2.17.pom
04:02:35.479 [Thread-7] DEBUG spoon.Launcher - [INFO] Downloaded from google-maven-central: https://maven-central.storage-download.googleapis.com/maven2/org/apache/maven/plugins/maven-checkstyle-plugin/2.17/maven-checkstyle-plugin-2.17.pom (13 kB at 405 kB/s)
04:02:35.488 [Thread-7] DEBUG spoon.Launcher - [INFO] Downloading from google-maven-central: https://maven-central.storage-download.googleapis.com/maven2/org/apache/maven/plugins/maven-plugins/28/maven-plugins-28.pom
04:02:35.505 [Thread-7] DEBUG spoon.Launcher - [INFO] Downloaded from google-maven-central: https://maven-central.storage-download.googleapis.com/maven2/org/apache/maven/plugins/maven-plugins/28/maven-plugins-28.pom (12 kB at 708 kB/s)
04:02:35.512 [Thread-7] DEBUG spoon.Launcher - [INFO] Downloading from google-maven-central: https://maven-central.storage-download.googleapis.com/maven2/org/apache/maven/maven-parent/27/maven-parent-27.pom
04:02:35.520 [Thread-7] DEBUG spoon.Launcher - [INFO] Downloaded from google-maven-central: https://maven-central.storage-download.googleapis.com/maven2/org/apache/maven/maven-parent/27/maven-parent-27.pom (41 kB at 4.1 MB/s)
04:02:35.529 [Thread-7] DEBUG spoon.Launcher - [INFO] Downloading from google-maven-central: https://maven-central.storage-download.googleapis.com/maven2/org/apache/maven/plugins/maven-checkstyle-plugin/2.17/maven-checkstyle-plugin-2.17.jar
04:02:35.573 [Thread-7] DEBUG spoon.Launcher - [INFO] Downloaded from google-maven-central: https://maven-central.storage-download.googleapis.com/maven2/org/apache/maven/plugins/maven-checkstyle-plugin/2.17/maven-checkstyle-plugin-2.17.jar (109 kB at 2.5 MB/s)
04:02:35.585 [Thread-7] DEBUG spoon.Launcher - [INFO] Downloading from google-maven-central: https://maven-central.storage-download.googleapis.com/maven2/org/apache/maven/plugins/maven-failsafe-plugin/2.6/maven-failsafe-plugin-2.6.pom
04:02:35.615 [Thread-7] DEBUG spoon.Launcher - [INFO] Downloaded from google-maven-central: https://maven-central.storage-download.googleapis.com/maven2/org/apache/maven/plugins/maven-failsafe-plugin/2.6/maven-failsafe-plugin-2.6.pom (12 kB at 366 kB/s)
04:02:35.620 [Thread-7] DEBUG spoon.Launcher - [INFO] Downloading from google-maven-central: https://maven-central.storage-download.googleapis.com/maven2/org/apache/maven/surefire/surefire/2.6/surefire-2.6.pom
04:02:35.646 [Thread-7] DEBUG spoon.Launcher - [INFO] Downloaded from google-maven-central: https://maven-central.storage-download.googleapis.com/maven2/org/apache/maven/surefire/surefire/2.6/surefire-2.6.pom (8.8 kB at 354 kB/s)
04:02:35.653 [Thread-7] DEBUG spoon.Launcher - [INFO] Downloading from google-maven-central: https://maven-central.storage-download.googleapis.com/maven2/org/apache/maven/plugins/maven-failsafe-plugin/2.6/maven-failsafe-plugin-2.6.jar
04:02:35.683 [Thread-7] DEBUG spoon.Launcher - [INFO] Downloaded from google-maven-central: https://maven-central.storage-download.googleapis.com/maven2/org/apache/maven/plugins/maven-failsafe-plugin/2.6/maven-failsafe-plugin-2.6.jar (44 kB at 1.5 MB/s)
04:02:35.692 [Thread-7] DEBUG spoon.Launcher - [INFO] Downloading from google-maven-central: https://maven-central.storage-download.googleapis.com/maven2/org/apache/maven/plugins/maven-compiler-plugin/3.5/maven-compiler-plugin-3.5.pom
04:02:35.724 [Thread-7] DEBUG spoon.Launcher - [INFO] Downloaded from google-maven-central: https://maven-central.storage-download.googleapis.com/maven2/org/apache/maven/plugins/maven-compiler-plugin/3.5/maven-compiler-plugin-3.5.pom (10 kB at 327 kB/s)
04:02:35.733 [Thread-7] DEBUG spoon.Launcher - [INFO] Downloading from google-maven-central: https://maven-central.storage-download.googleapis.com/maven2/org/apache/maven/plugins/maven-compiler-plugin/3.5/maven-compiler-plugin-3.5.jar
04:02:35.759 [Thread-7] DEBUG spoon.Launcher - [INFO] Downloaded from google-maven-central: https://maven-central.storage-download.googleapis.com/maven2/org/apache/maven/plugins/maven-compiler-plugin/3.5/maven-compiler-plugin-3.5.jar (50 kB at 1.9 MB/s)
04:02:35.764 [Thread-7] DEBUG spoon.Launcher - [INFO] Downloading from google-maven-central: https://maven-central.storage-download.googleapis.com/maven2/org/codehaus/mojo/build-helper-maven-plugin/1.7/build-helper-maven-plugin-1.7.pom
04:02:35.793 [Thread-7] DEBUG spoon.Launcher - [INFO] Downloaded from google-maven-central: https://maven-central.storage-download.googleapis.com/maven2/org/codehaus/mojo/build-helper-maven-plugin/1.7/build-helper-maven-plugin-1.7.pom (5.4 kB at 194 kB/s)
04:02:35.796 [Thread-7] DEBUG spoon.Launcher - [INFO] Downloading from google-maven-central: https://maven-central.storage-download.googleapis.com/maven2/org/codehaus/mojo/mojo-parent/28/mojo-parent-28.pom
04:02:35.803 [Thread-7] DEBUG spoon.Launcher - [INFO] Downloaded from google-maven-central: https://maven-central.storage-download.googleapis.com/maven2/org/codehaus/mojo/mojo-parent/28/mojo-parent-28.pom (26 kB at 4.4 MB/s)
04:02:35.866 [Thread-7] DEBUG spoon.Launcher - [INFO] Downloading from google-maven-central: https://maven-central.storage-download.googleapis.com/maven2/org/codehaus/mojo/build-helper-maven-plugin/1.7/build-helper-maven-plugin-1.7.jar
04:02:35.895 [Thread-7] DEBUG spoon.Launcher - [INFO] Downloaded from google-maven-central: https://maven-central.storage-download.googleapis.com/maven2/org/codehaus/mojo/build-helper-maven-plugin/1.7/build-helper-maven-plugin-1.7.jar (33 kB at 1.1 MB/s)
04:02:35.915 [Thread-7] DEBUG spoon.Launcher - [INFO] Downloading from google-maven-central: https://maven-central.storage-download.googleapis.com/maven2/org/apache/maven/plugins/maven-source-plugin/2.4/maven-source-plugin-2.4.pom
04:02:35.946 [Thread-7] DEBUG spoon.Launcher - [INFO] Downloaded from google-maven-central: https://maven-central.storage-download.googleapis.com/maven2/org/apache/maven/plugins/maven-source-plugin/2.4/maven-source-plugin-2.4.pom (6.6 kB at 151 kB/s)
04:02:35.970 [Thread-7] DEBUG spoon.Launcher - [INFO] Downloading from google-maven-central: https://maven-central.storage-download.googleapis.com/maven2/org/apache/maven/plugins/maven-source-plugin/2.4/maven-source-plugin-2.4.jar
04:02:36.003 [Thread-7] DEBUG spoon.Launcher - [INFO] Downloaded from google-maven-central: https://maven-central.storage-download.googleapis.com/maven2/org/apache/maven/plugins/maven-source-plugin/2.4/maven-source-plugin-2.4.jar (31 kB at 683 kB/s)
04:02:36.031 [Thread-7] DEBUG spoon.Launcher - [INFO] Downloading from google-maven-central: https://maven-central.storage-download.googleapis.com/maven2/org/apache/maven/plugins/maven-javadoc-plugin/2.10.3/maven-javadoc-plugin-2.10.3.pom
04:02:36.056 [Thread-7] DEBUG spoon.Launcher - [INFO] Downloaded from google-maven-central: https://maven-central.storage-download.googleapis.com/maven2/org/apache/maven/plugins/maven-javadoc-plugin/2.10.3/maven-javadoc-plugin-2.10.3.pom (16 kB at 407 kB/s)
04:02:36.076 [Thread-7] DEBUG spoon.Launcher - [INFO] Downloading from google-maven-central: https://maven-central.storage-download.googleapis.com/maven2/org/apache/maven/plugins/maven-javadoc-plugin/2.10.3/maven-javadoc-plugin-2.10.3.jar
04:02:36.134 [Thread-7] DEBUG spoon.Launcher - [INFO] Downloaded from google-maven-central: https://maven-central.storage-download.googleapis.com/maven2/org/apache/maven/plugins/maven-javadoc-plugin/2.10.3/maven-javadoc-plugin-2.10.3.jar (405 kB at 7.0 MB/s)
04:02:36.333 [Thread-7] DEBUG spoon.Launcher - [INFO] Downloading from google-maven-central: https://maven-central.storage-download.googleapis.com/maven2/org/codehaus/mojo/findbugs-maven-plugin/3.0.3/findbugs-maven-plugin-3.0.3.pom
04:02:36.362 [Thread-7] DEBUG spoon.Launcher - [INFO] Downloaded from google-maven-central: https://maven-central.storage-download.googleapis.com/maven2/org/codehaus/mojo/findbugs-maven-plugin/3.0.3/findbugs-maven-plugin-3.0.3.pom (22 kB at 557 kB/s)
04:02:36.368 [Thread-7] DEBUG spoon.Launcher - [INFO] Downloading from google-maven-central: https://maven-central.storage-download.googleapis.com/maven2/org/codehaus/mojo/mojo-parent/35/mojo-parent-35.pom
04:02:36.411 [Thread-7] DEBUG spoon.Launcher - [INFO] Downloaded from google-maven-central: https://maven-central.storage-download.googleapis.com/maven2/org/codehaus/mojo/mojo-parent/35/mojo-parent-35.pom (25 kB at 579 kB/s)
04:02:36.417 [Thread-7] DEBUG spoon.Launcher - [INFO] Downloading from google-maven-central: https://maven-central.storage-download.googleapis.com/maven2/org/codehaus/codehaus-parent/4/codehaus-parent-4.pom
04:02:36.450 [Thread-7] DEBUG spoon.Launcher - [INFO] Downloaded from google-maven-central: https://maven-central.storage-download.googleapis.com/maven2/org/codehaus/codehaus-parent/4/codehaus-parent-4.pom (4.8 kB at 146 kB/s)
04:02:36.457 [Thread-7] DEBUG spoon.Launcher - [INFO] Downloading from google-maven-central: https://maven-central.storage-download.googleapis.com/maven2/org/codehaus/mojo/findbugs-maven-plugin/3.0.3/findbugs-maven-plugin-3.0.3.jar
04:02:36.494 [Thread-7] DEBUG spoon.Launcher - [INFO] Downloaded from google-maven-central: https://maven-central.storage-download.googleapis.com/maven2/org/codehaus/mojo/findbugs-maven-plugin/3.0.3/findbugs-maven-plugin-3.0.3.jar (145 kB at 3.9 MB/s)
04:02:36.501 [Thread-7] DEBUG spoon.Launcher - [INFO] Downloading from google-maven-central: https://maven-central.storage-download.googleapis.com/maven2/org/apache/maven/plugins/maven-pmd-plugin/3.6/maven-pmd-plugin-3.6.pom
04:02:36.528 [Thread-7] DEBUG spoon.Launcher - [INFO] Downloaded from google-maven-central: https://maven-central.storage-download.googleapis.com/maven2/org/apache/maven/plugins/maven-pmd-plugin/3.6/maven-pmd-plugin-3.6.pom (12 kB at 457 kB/s)
04:02:36.537 [Thread-7] DEBUG spoon.Launcher - [INFO] Downloading from google-maven-central: https://maven-central.storage-download.googleapis.com/maven2/org/apache/maven/plugins/maven-pmd-plugin/3.6/maven-pmd-plugin-3.6.jar
04:02:36.563 [Thread-7] DEBUG spoon.Launcher - [INFO] Downloaded from google-maven-central: https://maven-central.storage-download.googleapis.com/maven2/org/apache/maven/plugins/maven-pmd-plugin/3.6/maven-pmd-plugin-3.6.jar (98 kB at 3.8 MB/s)
04:02:36.623 [Thread-7] DEBUG spoon.Launcher - [INFO] Downloading from google-maven-central: https://maven-central.storage-download.googleapis.com/maven2/org/apache/maven/plugins/maven-jar-plugin/2.6/maven-jar-plugin-2.6.pom
04:02:36.647 [Thread-7] DEBUG spoon.Launcher - [INFO] Downloaded from google-maven-central: https://maven-central.storage-download.googleapis.com/maven2/org/apache/maven/plugins/maven-jar-plugin/2.6/maven-jar-plugin-2.6.pom (5.9 kB at 236 kB/s)
04:02:36.654 [Thread-7] DEBUG spoon.Launcher - [INFO] Downloading from google-maven-central: https://maven-central.storage-download.googleapis.com/maven2/org/apache/maven/plugins/maven-jar-plugin/2.6/maven-jar-plugin-2.6.jar
04:02:36.676 [Thread-7] DEBUG spoon.Launcher - [INFO] Downloaded from google-maven-central: https://maven-central.storage-download.googleapis.com/maven2/org/apache/maven/plugins/maven-jar-plugin/2.6/maven-jar-plugin-2.6.jar (26 kB at 1.1 MB/s)
04:02:36.754 [Thread-7] DEBUG spoon.Launcher - [INFO] 
04:02:36.754 [Thread-7] DEBUG spoon.Launcher - [INFO] -----------------------< org.pac4j:pac4j-config >-----------------------
04:02:36.754 [Thread-7] DEBUG spoon.Launcher - [INFO] Building pac4j configuration 3.0.0
04:02:36.755 [Thread-7] DEBUG spoon.Launcher - [INFO] --------------------------------[ jar ]---------------------------------
04:02:36.766 [Thread-7] DEBUG spoon.Launcher - [INFO] Downloading from google-maven-central: https://maven-central.storage-download.googleapis.com/maven2/org/pac4j/pac4j-core/3.0.0/pac4j-core-3.0.0.pom
04:02:36.792 [Thread-7] DEBUG spoon.Launcher - [INFO] Downloaded from google-maven-central: https://maven-central.storage-download.googleapis.com/maven2/org/pac4j/pac4j-core/3.0.0/pac4j-core-3.0.0.pom (4.3 kB at 166 kB/s)
04:02:36.795 [Thread-7] DEBUG spoon.Launcher - [INFO] Downloading from google-maven-central: https://maven-central.storage-download.googleapis.com/maven2/org/pac4j/pac4j/3.0.0/pac4j-3.0.0.pom
04:02:36.820 [Thread-7] DEBUG spoon.Launcher - [INFO] Downloaded from google-maven-central: https://maven-central.storage-download.googleapis.com/maven2/org/pac4j/pac4j/3.0.0/pac4j-3.0.0.pom (16 kB at 638 kB/s)
04:02:36.836 [Thread-7] DEBUG spoon.Launcher - [INFO] Downloading from google-maven-central: https://maven-central.storage-download.googleapis.com/maven2/org/pac4j/pac4j-cas/3.0.0/pac4j-cas-3.0.0.pom
04:02:36.860 [Thread-7] DEBUG spoon.Launcher - [INFO] Downloaded from google-maven-central: https://maven-central.storage-download.googleapis.com/maven2/org/pac4j/pac4j-cas/3.0.0/pac4j-cas-3.0.0.pom (2.7 kB at 112 kB/s)
04:02:36.865 [Thread-7] DEBUG spoon.Launcher - [INFO] Downloading from google-maven-central: https://maven-central.storage-download.googleapis.com/maven2/org/jasig/cas/client/cas-client-core/3.5.0/cas-client-core-3.5.0.pom
04:02:36.891 [Thread-7] DEBUG spoon.Launcher - [INFO] Downloaded from google-maven-central: https://maven-central.storage-download.googleapis.com/maven2/org/jasig/cas/client/cas-client-core/3.5.0/cas-client-core-3.5.0.pom (3.0 kB at 114 kB/s)
04:02:36.894 [Thread-7] DEBUG spoon.Launcher - [INFO] Downloading from google-maven-central: https://maven-central.storage-download.googleapis.com/maven2/org/jasig/cas/client/cas-client/3.5.0/cas-client-3.5.0.pom
04:02:36.920 [Thread-7] DEBUG spoon.Launcher - [INFO] Downloaded from google-maven-central: https://maven-central.storage-download.googleapis.com/maven2/org/jasig/cas/client/cas-client/3.5.0/cas-client-3.5.0.pom (11 kB at 399 kB/s)
04:02:36.922 [Thread-7] DEBUG spoon.Launcher - [INFO] Downloading from google-maven-central: https://maven-central.storage-download.googleapis.com/maven2/org/jasig/parent/jasig-parent/39/jasig-parent-39.pom
04:02:36.948 [Thread-7] DEBUG spoon.Launcher - [INFO] Downloaded from google-maven-central: https://maven-central.storage-download.googleapis.com/maven2/org/jasig/parent/jasig-parent/39/jasig-parent-39.pom (17 kB at 693 kB/s)
04:02:36.953 [Thread-7] DEBUG spoon.Launcher - [INFO] Downloading from google-maven-central: https://maven-central.storage-download.googleapis.com/maven2/com/fasterxml/jackson/core/jackson-databind/2.8.7/jackson-databind-2.8.7.pom
04:02:36.978 [Thread-7] DEBUG spoon.Launcher - [INFO] Downloaded from google-maven-central: https://maven-central.storage-download.googleapis.com/maven2/com/fasterxml/jackson/core/jackson-databind/2.8.7/jackson-databind-2.8.7.pom (5.4 kB at 209 kB/s)
04:02:36.981 [Thread-7] DEBUG spoon.Launcher - [INFO] Downloading from google-maven-central: https://maven-central.storage-download.googleapis.com/maven2/com/fasterxml/jackson/jackson-parent/2.8/jackson-parent-2.8.pom
04:02:36.988 [Thread-7] DEBUG spoon.Launcher - [INFO] Downloaded from google-maven-central: https://maven-central.storage-download.googleapis.com/maven2/com/fasterxml/jackson/jackson-parent/2.8/jackson-parent-2.8.pom (8.0 kB at 1.6 MB/s)
04:02:36.993 [Thread-7] DEBUG spoon.Launcher - [INFO] Downloading from google-maven-central: https://maven-central.storage-download.googleapis.com/maven2/com/fasterxml/oss-parent/27/oss-parent-27.pom
04:02:37.000 [Thread-7] DEBUG spoon.Launcher - [INFO] Downloaded from google-maven-central: https://maven-central.storage-download.googleapis.com/maven2/com/fasterxml/oss-parent/27/oss-parent-27.pom (20 kB at 2.2 MB/s)
04:02:37.005 [Thread-7] DEBUG spoon.Launcher - [INFO] Downloading from google-maven-central: https://maven-central.storage-download.googleapis.com/maven2/com/fasterxml/jackson/core/jackson-annotations/2.8.0/jackson-annotations-2.8.0.pom
04:02:37.031 [Thread-7] DEBUG spoon.Launcher - [INFO] Downloaded from google-maven-central: https://maven-central.storage-download.googleapis.com/maven2/com/fasterxml/jackson/core/jackson-annotations/2.8.0/jackson-annotations-2.8.0.pom (1.8 kB at 68 kB/s)
04:02:37.037 [Thread-7] DEBUG spoon.Launcher - [INFO] Downloading from google-maven-central: https://maven-central.storage-download.googleapis.com/maven2/com/fasterxml/jackson/core/jackson-core/2.8.7/jackson-core-2.8.7.pom
04:02:37.060 [Thread-7] DEBUG spoon.Launcher - [INFO] Downloaded from google-maven-central: https://maven-central.storage-download.googleapis.com/maven2/com/fasterxml/jackson/core/jackson-core/2.8.7/jackson-core-2.8.7.pom (5.4 kB at 246 kB/s)
04:02:37.065 [Thread-7] DEBUG spoon.Launcher - [INFO] Downloading from google-maven-central: https://maven-central.storage-download.googleapis.com/maven2/org/jasig/cas/client/cas-client-support-saml/3.5.0/cas-client-support-saml-3.5.0.pom
04:02:37.092 [Thread-7] DEBUG spoon.Launcher - [INFO] Downloaded from google-maven-central: https://maven-central.storage-download.googleapis.com/maven2/org/jasig/cas/client/cas-client-support-saml/3.5.0/cas-client-support-saml-3.5.0.pom (1.6 kB at 57 kB/s)
04:02:37.096 [Thread-7] DEBUG spoon.Launcher - [INFO] Downloading from google-maven-central: https://maven-central.storage-download.googleapis.com/maven2/joda-time/joda-time/2.7/joda-time-2.7.pom
04:02:37.102 [Thread-7] DEBUG spoon.Launcher - [INFO] Downloaded from google-maven-central: https://maven-central.storage-download.googleapis.com/maven2/joda-time/joda-time/2.7/joda-time-2.7.pom (29 kB at 4.8 MB/s)
04:02:37.106 [Thread-7] DEBUG spoon.Launcher - [INFO] Downloading from google-maven-central: https://maven-central.storage-download.googleapis.com/maven2/com/google/guava/guava/21.0/guava-21.0.pom
04:02:37.132 [Thread-7] DEBUG spoon.Launcher - [INFO] Downloaded from google-maven-central: https://maven-central.storage-download.googleapis.com/maven2/com/google/guava/guava/21.0/guava-21.0.pom (7.0 kB at 269 kB/s)
04:02:37.139 [Thread-7] DEBUG spoon.Launcher - [INFO] Downloading from google-maven-central: https://maven-central.storage-download.googleapis.com/maven2/com/google/guava/guava-parent/21.0/guava-parent-21.0.pom
04:02:37.165 [Thread-7] DEBUG spoon.Launcher - [INFO] Downloaded from google-maven-central: https://maven-central.storage-download.googleapis.com/maven2/com/google/guava/guava-parent/21.0/guava-parent-21.0.pom (9.7 kB at 345 kB/s)
04:02:37.169 [Thread-7] DEBUG spoon.Launcher - [INFO] Downloading from google-maven-central: https://maven-central.storage-download.googleapis.com/maven2/org/pac4j/pac4j-saml/3.0.0/pac4j-saml-3.0.0.pom
04:02:37.195 [Thread-7] DEBUG spoon.Launcher - [INFO] Downloaded from google-maven-central: https://maven-central.storage-download.googleapis.com/maven2/org/pac4j/pac4j-saml/3.0.0/pac4j-saml-3.0.0.pom (8.0 kB at 308 kB/s)
04:02:37.209 [Thread-7] DEBUG spoon.Launcher - [INFO] Downloading from google-maven-central: https://maven-central.storage-download.googleapis.com/maven2/org/opensaml/opensaml-core/3.3.1/opensaml-core-3.3.1.pom
04:02:37.252 [Thread-7] DEBUG spoon.Launcher - [INFO] Downloaded from google-maven-central: https://maven-central.storage-download.googleapis.com/maven2/org/opensaml/opensaml-core/3.3.1/opensaml-core-3.3.1.pom (2.4 kB at 53 kB/s)
04:02:37.255 [Thread-7] DEBUG spoon.Launcher - [INFO] Downloading from google-maven-central: https://maven-central.storage-download.googleapis.com/maven2/org/opensaml/opensaml-parent/3.3.1/opensaml-parent-3.3.1.pom
04:02:37.282 [Thread-7] DEBUG spoon.Launcher - [INFO] Downloaded from google-maven-central: https://maven-central.storage-download.googleapis.com/maven2/org/opensaml/opensaml-parent/3.3.1/opensaml-parent-3.3.1.pom (5.7 kB at 204 kB/s)
04:02:37.285 [Thread-7] DEBUG spoon.Launcher - [INFO] Downloading from google-maven-central: https://maven-central.storage-download.googleapis.com/maven2/net/shibboleth/parent-v3/10/parent-v3-10.pom
04:02:37.311 [Thread-7] DEBUG spoon.Launcher - [INFO] Downloaded from google-maven-central: https://maven-central.storage-download.googleapis.com/maven2/net/shibboleth/parent-v3/10/parent-v3-10.pom (46 kB at 1.7 MB/s)
04:02:37.316 [Thread-7] DEBUG spoon.Launcher - [INFO] Downloading from google-maven-central: https://maven-central.storage-download.googleapis.com/maven2/joda-time/joda-time/2.9/joda-time-2.9.pom
04:02:37.332 [Thread-7] DEBUG spoon.Launcher - [INFO] Downloaded from google-maven-central: https://maven-central.storage-download.googleapis.com/maven2/joda-time/joda-time/2.9/joda-time-2.9.pom (29 kB at 1.7 MB/s)
04:02:37.337 [Thread-7] DEBUG spoon.Launcher - [INFO] Downloading from google-maven-central: https://maven-central.storage-download.googleapis.com/maven2/io/dropwizard/metrics/metrics-core/3.1.2/metrics-core-3.1.2.pom
04:02:37.362 [Thread-7] DEBUG spoon.Launcher - [INFO] Downloaded from google-maven-central: https://maven-central.storage-download.googleapis.com/maven2/io/dropwizard/metrics/metrics-core/3.1.2/metrics-core-3.1.2.pom (846 B at 34 kB/s)
04:02:37.365 [Thread-7] DEBUG spoon.Launcher - [INFO] Downloading from google-maven-central: https://maven-central.storage-download.googleapis.com/maven2/io/dropwizard/metrics/metrics-parent/3.1.2/metrics-parent-3.1.2.pom
04:02:37.389 [Thread-7] DEBUG spoon.Launcher - [INFO] Downloaded from google-maven-central: https://maven-central.storage-download.googleapis.com/maven2/io/dropwizard/metrics/metrics-parent/3.1.2/metrics-parent-3.1.2.pom (12 kB at 500 kB/s)
04:02:37.393 [Thread-7] DEBUG spoon.Launcher - [INFO] Downloading from google-maven-central: https://maven-central.storage-download.googleapis.com/maven2/net/shibboleth/utilities/java-support/7.3.0/java-support-7.3.0.pom
04:02:37.417 [Thread-7] DEBUG spoon.Launcher - [INFO] Downloaded from google-maven-central: https://maven-central.storage-download.googleapis.com/maven2/net/shibboleth/utilities/java-support/7.3.0/java-support-7.3.0.pom (4.8 kB at 192 kB/s)
04:02:37.421 [Thread-7] DEBUG spoon.Launcher - [INFO] Downloading from google-maven-central: https://maven-central.storage-download.googleapis.com/maven2/commons-codec/commons-codec/1.10/commons-codec-1.10.pom
04:02:37.427 [Thread-7] DEBUG spoon.Launcher - [INFO] Downloaded from google-maven-central: https://maven-central.storage-download.googleapis.com/maven2/commons-codec/commons-codec/1.10/commons-codec-1.10.pom (12 kB at 1.9 MB/s)
04:02:37.430 [Thread-7] DEBUG spoon.Launcher - [INFO] Downloading from google-maven-central: https://maven-central.storage-download.googleapis.com/maven2/org/apache/commons/commons-parent/35/commons-parent-35.pom
04:02:37.438 [Thread-7] DEBUG spoon.Launcher - [INFO] Downloaded from google-maven-central: https://maven-central.storage-download.googleapis.com/maven2/org/apache/commons/commons-parent/35/commons-parent-35.pom (58 kB at 7.2 MB/s)
04:02:37.450 [Thread-7] DEBUG spoon.Launcher - [INFO] Downloading from google-maven-central: https://maven-central.storage-download.googleapis.com/maven2/org/apache/apache/15/apache-15.pom
04:02:37.454 [Thread-7] DEBUG spoon.Launcher - [INFO] Downloaded from google-maven-central: https://maven-central.storage-download.googleapis.com/maven2/org/apache/apache/15/apache-15.pom (15 kB at 1.9 MB/s)
04:02:37.459 [Thread-7] DEBUG spoon.Launcher - [INFO] Downloading from google-maven-central: https://maven-central.storage-download.googleapis.com/maven2/com/google/code/findbugs/jsr305/3.0.1/jsr305-3.0.1.pom
04:02:37.486 [Thread-7] DEBUG spoon.Launcher - [INFO] Downloaded from google-maven-central: https://maven-central.storage-download.googleapis.com/maven2/com/google/code/findbugs/jsr305/3.0.1/jsr305-3.0.1.pom (4.3 kB at 159 kB/s)
04:02:37.489 [Thread-7] DEBUG spoon.Launcher - [INFO] Downloading from google-maven-central: https://maven-central.storage-download.googleapis.com/maven2/org/opensaml/opensaml-saml-api/3.3.1/opensaml-saml-api-3.3.1.pom
04:02:37.513 [Thread-7] DEBUG spoon.Launcher - [INFO] Downloaded from google-maven-central: https://maven-central.storage-download.googleapis.com/maven2/org/opensaml/opensaml-saml-api/3.3.1/opensaml-saml-api-3.3.1.pom (2.5 kB at 103 kB/s)
04:02:37.517 [Thread-7] DEBUG spoon.Launcher - [INFO] Downloading from google-maven-central: https://maven-central.storage-download.googleapis.com/maven2/org/opensaml/opensaml-xmlsec-api/3.3.1/opensaml-xmlsec-api-3.3.1.pom
04:02:37.549 [Thread-7] DEBUG spoon.Launcher - [INFO] Downloaded from google-maven-central: https://maven-central.storage-download.googleapis.com/maven2/org/opensaml/opensaml-xmlsec-api/3.3.1/opensaml-xmlsec-api-3.3.1.pom (2.0 kB at 65 kB/s)
04:02:37.553 [Thread-7] DEBUG spoon.Launcher - [INFO] Downloading from google-maven-central: https://maven-central.storage-download.googleapis.com/maven2/org/opensaml/opensaml-security-api/3.3.1/opensaml-security-api-3.3.1.pom
04:02:37.580 [Thread-7] DEBUG spoon.Launcher - [INFO] Downloaded from google-maven-central: https://maven-central.storage-download.googleapis.com/maven2/org/opensaml/opensaml-security-api/3.3.1/opensaml-security-api-3.3.1.pom (2.4 kB at 88 kB/s)
04:02:37.584 [Thread-7] DEBUG spoon.Launcher - [INFO] Downloading from google-maven-central: https://maven-central.storage-download.googleapis.com/maven2/org/opensaml/opensaml-messaging-api/3.3.1/opensaml-messaging-api-3.3.1.pom
04:02:37.615 [Thread-7] DEBUG spoon.Launcher - [INFO] Downloaded from google-maven-central: https://maven-central.storage-download.googleapis.com/maven2/org/opensaml/opensaml-messaging-api/3.3.1/opensaml-messaging-api-3.3.1.pom (1.7 kB at 54 kB/s)
04:02:37.621 [Thread-7] DEBUG spoon.Launcher - [INFO] Downloading from google-maven-central: https://maven-central.storage-download.googleapis.com/maven2/org/apache/httpcomponents/httpclient/4.3.6/httpclient-4.3.6.pom
04:02:37.626 [Thread-7] DEBUG spoon.Launcher - [INFO] Downloaded from google-maven-central: https://maven-central.storage-download.googleapis.com/maven2/org/apache/httpcomponents/httpclient/4.3.6/httpclient-4.3.6.pom (5.2 kB at 868 kB/s)
04:02:37.628 [Thread-7] DEBUG spoon.Launcher - [INFO] Downloading from google-maven-central: https://maven-central.storage-download.googleapis.com/maven2/org/apache/httpcomponents/httpcomponents-client/4.3.6/httpcomponents-client-4.3.6.pom
04:02:37.634 [Thread-7] DEBUG spoon.Launcher - [INFO] Downloaded from google-maven-central: https://maven-central.storage-download.googleapis.com/maven2/org/apache/httpcomponents/httpcomponents-client/4.3.6/httpcomponents-client-4.3.6.pom (16 kB at 3.2 MB/s)
04:02:37.641 [Thread-7] DEBUG spoon.Launcher - [INFO] Downloading from google-maven-central: https://maven-central.storage-download.googleapis.com/maven2/org/apache/httpcomponents/httpcore/4.3.3/httpcore-4.3.3.pom
04:02:37.647 [Thread-7] DEBUG spoon.Launcher - [INFO] Downloaded from google-maven-central: https://maven-central.storage-download.googleapis.com/maven2/org/apache/httpcomponents/httpcore/4.3.3/httpcore-4.3.3.pom (4.6 kB at 766 kB/s)
04:02:37.650 [Thread-7] DEBUG spoon.Launcher - [INFO] Downloading from google-maven-central: https://maven-central.storage-download.googleapis.com/maven2/org/apache/httpcomponents/httpcomponents-core/4.3.3/httpcomponents-core-4.3.3.pom
04:02:37.655 [Thread-7] DEBUG spoon.Launcher - [INFO] Downloaded from google-maven-central: https://maven-central.storage-download.googleapis.com/maven2/org/apache/httpcomponents/httpcomponents-core/4.3.3/httpcomponents-core-4.3.3.pom (13 kB at 2.6 MB/s)
04:02:37.661 [Thread-7] DEBUG spoon.Launcher - [INFO] Downloading from google-maven-central: https://maven-central.storage-download.googleapis.com/maven2/org/apache/santuario/xmlsec/2.0.5/xmlsec-2.0.5.pom
04:02:37.689 [Thread-7] DEBUG spoon.Launcher - [INFO] Downloaded from google-maven-central: https://maven-central.storage-download.googleapis.com/maven2/org/apache/santuario/xmlsec/2.0.5/xmlsec-2.0.5.pom (24 kB at 841 kB/s)
04:02:37.695 [Thread-7] DEBUG spoon.Launcher - [INFO] Downloading from google-maven-central: https://maven-central.storage-download.googleapis.com/maven2/org/codehaus/woodstox/woodstox-core-asl/4.4.1/woodstox-core-asl-4.4.1.pom
04:02:37.721 [Thread-7] DEBUG spoon.Launcher - [INFO] Downloaded from google-maven-central: https://maven-central.storage-download.googleapis.com/maven2/org/codehaus/woodstox/woodstox-core-asl/4.4.1/woodstox-core-asl-4.4.1.pom (1.8 kB at 69 kB/s)
04:02:37.725 [Thread-7] DEBUG spoon.Launcher - [INFO] Downloading from google-maven-central: https://maven-central.storage-download.googleapis.com/maven2/javax/xml/stream/stax-api/1.0-2/stax-api-1.0-2.pom
04:02:37.731 [Thread-7] DEBUG spoon.Launcher - [INFO] Downloaded from google-maven-central: https://maven-central.storage-download.googleapis.com/maven2/javax/xml/stream/stax-api/1.0-2/stax-api-1.0-2.pom (962 B at 192 kB/s)
04:02:37.734 [Thread-7] DEBUG spoon.Launcher - [INFO] Downloading from google-maven-central: https://maven-central.storage-download.googleapis.com/maven2/org/codehaus/woodstox/stax2-api/3.1.4/stax2-api-3.1.4.pom
04:02:37.739 [Thread-7] DEBUG spoon.Launcher - [INFO] Downloaded from google-maven-central: https://maven-central.storage-download.googleapis.com/maven2/org/codehaus/woodstox/stax2-api/3.1.4/stax2-api-3.1.4.pom (5.5 kB at 1.4 MB/s)
04:02:37.743 [Thread-7] DEBUG spoon.Launcher - [INFO] Downloading from google-maven-central: https://maven-central.storage-download.googleapis.com/maven2/org/cryptacular/cryptacular/1.1.1/cryptacular-1.1.1.pom
04:02:37.768 [Thread-7] DEBUG spoon.Launcher - [INFO] Downloaded from google-maven-central: https://maven-central.storage-download.googleapis.com/maven2/org/cryptacular/cryptacular/1.1.1/cryptacular-1.1.1.pom (12 kB at 468 kB/s)
04:02:37.772 [Thread-7] DEBUG spoon.Launcher - [INFO] Downloading from google-maven-central: https://maven-central.storage-download.googleapis.com/maven2/org/bouncycastle/bcprov-jdk15on/1.54/bcprov-jdk15on-1.54.pom
04:02:37.777 [Thread-7] DEBUG spoon.Launcher - [INFO] Downloaded from google-maven-central: https://maven-central.storage-download.googleapis.com/maven2/org/bouncycastle/bcprov-jdk15on/1.54/bcprov-jdk15on-1.54.pom (1.2 kB at 231 kB/s)
04:02:37.781 [Thread-7] DEBUG spoon.Launcher - [INFO] Downloading from google-maven-central: https://maven-central.storage-download.googleapis.com/maven2/org/opensaml/opensaml-soap-api/3.3.1/opensaml-soap-api-3.3.1.pom
04:02:37.806 [Thread-7] DEBUG spoon.Launcher - [INFO] Downloaded from google-maven-central: https://maven-central.storage-download.googleapis.com/maven2/org/opensaml/opensaml-soap-api/3.3.1/opensaml-soap-api-3.3.1.pom (1.6 kB at 62 kB/s)
04:02:37.818 [Thread-7] DEBUG spoon.Launcher - [INFO] Downloading from google-maven-central: https://maven-central.storage-download.googleapis.com/maven2/org/opensaml/opensaml-profile-api/3.3.1/opensaml-profile-api-3.3.1.pom
04:02:37.848 [Thread-7] DEBUG spoon.Launcher - [INFO] Downloaded from google-maven-central: https://maven-central.storage-download.googleapis.com/maven2/org/opensaml/opensaml-profile-api/3.3.1/opensaml-profile-api-3.3.1.pom (2.4 kB at 79 kB/s)
04:02:37.858 [Thread-7] DEBUG spoon.Launcher - [INFO] Downloading from google-maven-central: https://maven-central.storage-download.googleapis.com/maven2/org/opensaml/opensaml-storage-api/3.3.1/opensaml-storage-api-3.3.1.pom
04:02:37.903 [Thread-7] DEBUG spoon.Launcher - [INFO] Downloaded from google-maven-central: https://maven-central.storage-download.googleapis.com/maven2/org/opensaml/opensaml-storage-api/3.3.1/opensaml-storage-api-3.3.1.pom (1.2 kB at 28 kB/s)
04:02:37.910 [Thread-7] DEBUG spoon.Launcher - [INFO] Downloading from google-maven-central: https://maven-central.storage-download.googleapis.com/maven2/org/opensaml/opensaml-saml-impl/3.3.1/opensaml-saml-impl-3.3.1.pom
04:02:37.935 [Thread-7] DEBUG spoon.Launcher - [INFO] Downloaded from google-maven-central: https://maven-central.storage-download.googleapis.com/maven2/org/opensaml/opensaml-saml-impl/3.3.1/opensaml-saml-impl-3.3.1.pom (5.5 kB at 212 kB/s)
04:02:37.946 [Thread-7] DEBUG spoon.Launcher - [INFO] Downloading from google-maven-central: https://maven-central.storage-download.googleapis.com/maven2/org/opensaml/opensaml-security-impl/3.3.1/opensaml-security-impl-3.3.1.pom
04:02:38.010 [Thread-7] DEBUG spoon.Launcher - [INFO] Downloaded from google-maven-central: https://maven-central.storage-download.googleapis.com/maven2/org/opensaml/opensaml-security-impl/3.3.1/opensaml-security-impl-3.3.1.pom (2.1 kB at 33 kB/s)
04:02:38.018 [Thread-7] DEBUG spoon.Launcher - [INFO] Downloading from google-maven-central: https://maven-central.storage-download.googleapis.com/maven2/org/opensaml/opensaml-xmlsec-impl/3.3.1/opensaml-xmlsec-impl-3.3.1.pom
04:02:38.050 [Thread-7] DEBUG spoon.Launcher - [INFO] Downloaded from google-maven-central: https://maven-central.storage-download.googleapis.com/maven2/org/opensaml/opensaml-xmlsec-impl/3.3.1/opensaml-xmlsec-impl-3.3.1.pom (2.1 kB at 68 kB/s)
04:02:38.054 [Thread-7] DEBUG spoon.Launcher - [INFO] Downloading from google-maven-central: https://maven-central.storage-download.googleapis.com/maven2/org/opensaml/opensaml-soap-impl/3.3.1/opensaml-soap-impl-3.3.1.pom
04:02:38.079 [Thread-7] DEBUG spoon.Launcher - [INFO] Downloaded from google-maven-central: https://maven-central.storage-download.googleapis.com/maven2/org/opensaml/opensaml-soap-impl/3.3.1/opensaml-soap-impl-3.3.1.pom (2.7 kB at 108 kB/s)
04:02:38.083 [Thread-7] DEBUG spoon.Launcher - [INFO] Downloading from google-maven-central: https://maven-central.storage-download.googleapis.com/maven2/org/apache/velocity/velocity/1.7/velocity-1.7.pom
04:02:38.087 [Thread-7] DEBUG spoon.Launcher - [INFO] Downloaded from google-maven-central: https://maven-central.storage-download.googleapis.com/maven2/org/apache/velocity/velocity/1.7/velocity-1.7.pom (11 kB at 2.7 MB/s)
04:02:38.095 [Thread-7] DEBUG spoon.Launcher - [INFO] Downloading from google-maven-central: https://maven-central.storage-download.googleapis.com/maven2/org/opensaml/opensaml-profile-impl/3.3.1/opensaml-profile-impl-3.3.1.pom
04:02:38.119 [Thread-7] DEBUG spoon.Launcher - [INFO] Downloaded from google-maven-central: https://maven-central.storage-download.googleapis.com/maven2/org/opensaml/opensaml-profile-impl/3.3.1/opensaml-profile-impl-3.3.1.pom (3.3 kB at 131 kB/s)
04:02:38.124 [Thread-7] DEBUG spoon.Launcher - [INFO] Downloading from google-maven-central: https://maven-central.storage-download.googleapis.com/maven2/org/opensaml/opensaml-messaging-impl/3.3.1/opensaml-messaging-impl-3.3.1.pom
04:02:38.149 [Thread-7] DEBUG spoon.Launcher - [INFO] Downloaded from google-maven-central: https://maven-central.storage-download.googleapis.com/maven2/org/opensaml/opensaml-messaging-impl/3.3.1/opensaml-messaging-impl-3.3.1.pom (2.1 kB at 84 kB/s)
04:02:38.153 [Thread-7] DEBUG spoon.Launcher - [INFO] Downloading from google-maven-central: https://maven-central.storage-download.googleapis.com/maven2/org/cryptacular/cryptacular/1.2.1/cryptacular-1.2.1.pom
04:02:38.177 [Thread-7] DEBUG spoon.Launcher - [INFO] Downloaded from google-maven-central: https://maven-central.storage-download.googleapis.com/maven2/org/cryptacular/cryptacular/1.2.1/cryptacular-1.2.1.pom (12 kB at 489 kB/s)
04:02:38.181 [Thread-7] DEBUG spoon.Launcher - [INFO] Downloading from google-maven-central: https://maven-central.storage-download.googleapis.com/maven2/joda-time/joda-time/2.9.9/joda-time-2.9.9.pom
04:02:38.188 [Thread-7] DEBUG spoon.Launcher - [INFO] Downloaded from google-maven-central: https://maven-central.storage-download.googleapis.com/maven2/joda-time/joda-time/2.9.9/joda-time-2.9.9.pom (35 kB at 4.9 MB/s)
04:02:38.192 [Thread-7] DEBUG spoon.Launcher - [INFO] Downloading from google-maven-central: https://maven-central.storage-download.googleapis.com/maven2/xalan/xalan/2.7.2/xalan-2.7.2.pom
04:02:38.217 [Thread-7] DEBUG spoon.Launcher - [INFO] Downloaded from google-maven-central: https://maven-central.storage-download.googleapis.com/maven2/xalan/xalan/2.7.2/xalan-2.7.2.pom (1.3 kB at 53 kB/s)
04:02:38.221 [Thread-7] DEBUG spoon.Launcher - [INFO] Downloading from google-maven-central: https://maven-central.storage-download.googleapis.com/maven2/xalan/serializer/2.7.2/serializer-2.7.2.pom
04:02:38.226 [Thread-7] DEBUG spoon.Launcher - [INFO] Downloaded from google-maven-central: https://maven-central.storage-download.googleapis.com/maven2/xalan/serializer/2.7.2/serializer-2.7.2.pom (1.1 kB at 182 kB/s)
04:02:38.229 [Thread-7] DEBUG spoon.Launcher - [INFO] Downloading from google-maven-central: https://maven-central.storage-download.googleapis.com/maven2/xml-apis/xml-apis/1.3.04/xml-apis-1.3.04.pom
04:02:38.234 [Thread-7] DEBUG spoon.Launcher - [INFO] Downloaded from google-maven-central: https://maven-central.storage-download.googleapis.com/maven2/xml-apis/xml-apis/1.3.04/xml-apis-1.3.04.pom (1.8 kB at 456 kB/s)
04:02:38.242 [Thread-7] DEBUG spoon.Launcher - [INFO] Downloading from google-maven-central: https://maven-central.storage-download.googleapis.com/maven2/org/slf4j/jcl-over-slf4j/1.7.25/jcl-over-slf4j-1.7.25.pom
04:02:38.268 [Thread-7] DEBUG spoon.Launcher - [INFO] Downloaded from google-maven-central: https://maven-central.storage-download.googleapis.com/maven2/org/slf4j/jcl-over-slf4j/1.7.25/jcl-over-slf4j-1.7.25.pom (959 B at 38 kB/s)
04:02:38.273 [Thread-7] DEBUG spoon.Launcher - [INFO] Downloading from google-maven-central: https://maven-central.storage-download.googleapis.com/maven2/org/springframework/spring-core/5.0.2.RELEASE/spring-core-5.0.2.RELEASE.pom
04:02:38.301 [Thread-7] DEBUG spoon.Launcher - [INFO] Downloaded from google-maven-central: https://maven-central.storage-download.googleapis.com/maven2/org/springframework/spring-core/5.0.2.RELEASE/spring-core-5.0.2.RELEASE.pom (4.0 kB at 134 kB/s)
04:02:38.307 [Thread-7] DEBUG spoon.Launcher - [INFO] Downloading from google-maven-central: https://maven-central.storage-download.googleapis.com/maven2/io/projectreactor/reactor-bom/Bismuth-SR4/reactor-bom-Bismuth-SR4.pom
04:02:38.336 [Thread-7] DEBUG spoon.Launcher - [INFO] Downloaded from google-maven-central: https://maven-central.storage-download.googleapis.com/maven2/io/projectreactor/reactor-bom/Bismuth-SR4/reactor-bom-Bismuth-SR4.pom (3.6 kB at 121 kB/s)
04:02:38.339 [Thread-7] DEBUG spoon.Launcher - [INFO] Downloading from google-maven-central: https://maven-central.storage-download.googleapis.com/maven2/io/netty/netty-bom/4.1.17.Final/netty-bom-4.1.17.Final.pom
04:02:38.367 [Thread-7] DEBUG spoon.Launcher - [INFO] Downloaded from google-maven-central: https://maven-central.storage-download.googleapis.com/maven2/io/netty/netty-bom/4.1.17.Final/netty-bom-4.1.17.Final.pom (7.9 kB at 282 kB/s)
04:02:38.379 [Thread-7] DEBUG spoon.Launcher - [INFO] Downloading from google-maven-central: https://maven-central.storage-download.googleapis.com/maven2/org/springframework/spring-jcl/5.0.2.RELEASE/spring-jcl-5.0.2.RELEASE.pom
04:02:38.402 [Thread-7] DEBUG spoon.Launcher - [INFO] Downloaded from google-maven-central: https://maven-central.storage-download.googleapis.com/maven2/org/springframework/spring-jcl/5.0.2.RELEASE/spring-jcl-5.0.2.RELEASE.pom (1.9 kB at 77 kB/s)
04:02:38.405 [Thread-7] DEBUG spoon.Launcher - [INFO] Downloading from google-maven-central: https://maven-central.storage-download.googleapis.com/maven2/org/pac4j/pac4j-oauth/3.0.0/pac4j-oauth-3.0.0.pom
04:02:38.430 [Thread-7] DEBUG spoon.Launcher - [INFO] Downloaded from google-maven-central: https://maven-central.storage-download.googleapis.com/maven2/org/pac4j/pac4j-oauth/3.0.0/pac4j-oauth-3.0.0.pom (2.7 kB at 106 kB/s)
04:02:38.434 [Thread-7] DEBUG spoon.Launcher - [INFO] Downloading from google-maven-central: https://maven-central.storage-download.googleapis.com/maven2/com/github/scribejava/scribejava-apis/5.3.0/scribejava-apis-5.3.0.pom
04:02:38.460 [Thread-7] DEBUG spoon.Launcher - [INFO] Downloaded from google-maven-central: https://maven-central.storage-download.googleapis.com/maven2/com/github/scribejava/scribejava-apis/5.3.0/scribejava-apis-5.3.0.pom (2.2 kB at 83 kB/s)
04:02:38.462 [Thread-7] DEBUG spoon.Launcher - [INFO] Downloading from google-maven-central: https://maven-central.storage-download.googleapis.com/maven2/com/github/scribejava/scribejava/5.3.0/scribejava-5.3.0.pom
04:02:38.486 [Thread-7] DEBUG spoon.Launcher - [INFO] Downloaded from google-maven-central: https://maven-central.storage-download.googleapis.com/maven2/com/github/scribejava/scribejava/5.3.0/scribejava-5.3.0.pom (10 kB at 418 kB/s)
04:02:38.489 [Thread-7] DEBUG spoon.Launcher - [INFO] Downloading from google-maven-central: https://maven-central.storage-download.googleapis.com/maven2/com/github/scribejava/scribejava-core/5.3.0/scribejava-core-5.3.0.pom
04:02:38.516 [Thread-7] DEBUG spoon.Launcher - [INFO] Downloaded from google-maven-central: https://maven-central.storage-download.googleapis.com/maven2/com/github/scribejava/scribejava-core/5.3.0/scribejava-core-5.3.0.pom (1.3 kB at 49 kB/s)
04:02:38.519 [Thread-7] DEBUG spoon.Launcher - [INFO] Downloading from google-maven-central: https://maven-central.storage-download.googleapis.com/maven2/org/pac4j/pac4j-oidc/3.0.0/pac4j-oidc-3.0.0.pom
04:02:38.544 [Thread-7] DEBUG spoon.Launcher - [INFO] Downloaded from google-maven-central: https://maven-central.storage-download.googleapis.com/maven2/org/pac4j/pac4j-oidc/3.0.0/pac4j-oidc-3.0.0.pom (2.9 kB at 111 kB/s)
04:02:38.548 [Thread-7] DEBUG spoon.Launcher - [INFO] Downloading from google-maven-central: https://maven-central.storage-download.googleapis.com/maven2/com/nimbusds/oauth2-oidc-sdk/5.45/oauth2-oidc-sdk-5.45.pom
04:02:38.574 [Thread-7] DEBUG spoon.Launcher - [INFO] Downloaded from google-maven-central: https://maven-central.storage-download.googleapis.com/maven2/com/nimbusds/oauth2-oidc-sdk/5.45/oauth2-oidc-sdk-5.45.pom (11 kB at 415 kB/s)
04:02:38.577 [Thread-7] DEBUG spoon.Launcher - [INFO] Downloading from google-maven-central: https://maven-central.storage-download.googleapis.com/maven2/javax/mail/mail/1.4.7/mail-1.4.7.pom
04:02:38.605 [Thread-7] DEBUG spoon.Launcher - [INFO] Downloaded from google-maven-central: https://maven-central.storage-download.googleapis.com/maven2/javax/mail/mail/1.4.7/mail-1.4.7.pom (5.3 kB at 190 kB/s)
04:02:38.608 [Thread-7] DEBUG spoon.Launcher - [INFO] Downloading from google-maven-central: https://maven-central.storage-download.googleapis.com/maven2/com/sun/mail/all/1.4.7/all-1.4.7.pom
04:02:38.632 [Thread-7] DEBUG spoon.Launcher - [INFO] Downloaded from google-maven-central: https://maven-central.storage-download.googleapis.com/maven2/com/sun/mail/all/1.4.7/all-1.4.7.pom (20 kB at 851 kB/s)
04:02:38.637 [Thread-7] DEBUG spoon.Launcher - [INFO] Downloading from google-maven-central: https://maven-central.storage-download.googleapis.com/maven2/javax/activation/activation/1.1/activation-1.1.pom
04:02:38.650 [Thread-7] DEBUG spoon.Launcher - [INFO] Downloaded from google-maven-central: https://maven-central.storage-download.googleapis.com/maven2/javax/activation/activation/1.1/activation-1.1.pom (1.1 kB at 81 kB/s)
04:02:38.653 [Thread-7] DEBUG spoon.Launcher - [INFO] Downloading from google-maven-central: https://maven-central.storage-download.googleapis.com/maven2/com/github/stephenc/jcip/jcip-annotations/1.0-1/jcip-annotations-1.0-1.pom
04:02:38.677 [Thread-7] DEBUG spoon.Launcher - [INFO] Downloaded from google-maven-central: https://maven-central.storage-download.googleapis.com/maven2/com/github/stephenc/jcip/jcip-annotations/1.0-1/jcip-annotations-1.0-1.pom (5.4 kB at 236 kB/s)
04:02:38.680 [Thread-7] DEBUG spoon.Launcher - [INFO] Downloading from google-maven-central: https://maven-central.storage-download.googleapis.com/maven2/org/apache/commons/commons-lang3/3.7/commons-lang3-3.7.pom
04:02:38.686 [Thread-7] DEBUG spoon.Launcher - [INFO] Downloaded from google-maven-central: https://maven-central.storage-download.googleapis.com/maven2/org/apache/commons/commons-lang3/3.7/commons-lang3-3.7.pom (28 kB at 4.6 MB/s)
04:02:38.704 [Thread-7] DEBUG spoon.Launcher - [INFO] Downloading from google-maven-central: https://maven-central.storage-download.googleapis.com/maven2/org/apache/commons/commons-collections4/4.1/commons-collections4-4.1.pom
04:02:38.712 [Thread-7] DEBUG spoon.Launcher - [INFO] Downloaded from google-maven-central: https://maven-central.storage-download.googleapis.com/maven2/org/apache/commons/commons-collections4/4.1/commons-collections4-4.1.pom (21 kB at 1.9 MB/s)
04:02:38.718 [Thread-7] DEBUG spoon.Launcher - [INFO] Downloading from google-maven-central: https://maven-central.storage-download.googleapis.com/maven2/org/apache/commons/commons-parent/38/commons-parent-38.pom
04:02:38.726 [Thread-7] DEBUG spoon.Launcher - [INFO] Downloaded from google-maven-central: https://maven-central.storage-download.googleapis.com/maven2/org/apache/commons/commons-parent/38/commons-parent-38.pom (62 kB at 7.8 MB/s)
04:02:38.743 [Thread-7] DEBUG spoon.Launcher - [INFO] Downloading from google-maven-central: https://maven-central.storage-download.googleapis.com/maven2/net/minidev/json-smart/maven-metadata.xml
04:02:38.749 [Thread-7] DEBUG spoon.Launcher - [INFO] Downloading from sonatype-snapshots: https://oss.sonatype.org/content/repositories/snapshots/net/minidev/json-smart/maven-metadata.xml
04:02:38.753 [Thread-7] DEBUG spoon.Launcher - [INFO] Downloaded from google-maven-central: https://maven-central.storage-download.googleapis.com/maven2/net/minidev/json-smart/maven-metadata.xml (849 B at 106 kB/s)
04:02:38.754 [Thread-7] DEBUG spoon.Launcher - [INFO] Downloading from sonatype: https://oss.sonatype.org/content/repositories/releases/net/minidev/json-smart/maven-metadata.xml
04:02:38.755 [Thread-7] DEBUG spoon.Launcher - [INFO] Downloading from sonatype-apache: https://repository.apache.org/content/repositories/releases/net/minidev/json-smart/maven-metadata.xml
04:02:38.765 [Thread-7] DEBUG spoon.Launcher - [INFO] Downloading from apache-snapshots: https://repository.apache.org/snapshots/net/minidev/json-smart/maven-metadata.xml
04:02:38.895 [Thread-7] DEBUG spoon.Launcher - [INFO] Downloading from sonatype-nexus-snapshots: https://oss.sonatype.org/content/repositories/snapshots/net/minidev/json-smart/maven-metadata.xml
04:02:39.172 [Thread-7] DEBUG spoon.Launcher - [INFO] Downloaded from sonatype: https://oss.sonatype.org/content/repositories/releases/net/minidev/json-smart/maven-metadata.xml (849 B at 2.0 kB/s)
04:02:39.343 [Thread-7] DEBUG spoon.Launcher - [INFO] Downloading from google-maven-central: https://maven-central.storage-download.googleapis.com/maven2/net/minidev/json-smart/1.3.1/json-smart-1.3.1.pom
04:02:39.369 [Thread-7] DEBUG spoon.Launcher - [INFO] Downloaded from google-maven-central: https://maven-central.storage-download.googleapis.com/maven2/net/minidev/json-smart/1.3.1/json-smart-1.3.1.pom (2.0 kB at 75 kB/s)
04:02:39.372 [Thread-7] DEBUG spoon.Launcher - [INFO] Downloading from google-maven-central: https://maven-central.storage-download.googleapis.com/maven2/net/minidev/parent/1.3.1/parent-1.3.1.pom
04:02:39.402 [Thread-7] DEBUG spoon.Launcher - [INFO] Downloaded from google-maven-central: https://maven-central.storage-download.googleapis.com/maven2/net/minidev/parent/1.3.1/parent-1.3.1.pom (8.5 kB at 340 kB/s)
04:02:39.402 [Thread-7] DEBUG spoon.Launcher - [INFO] Downloading from google-maven-central: https://maven-central.storage-download.googleapis.com/maven2/net/minidev/json-smart/2.0-RC1/json-smart-2.0-RC1.pom
04:02:39.405 [Thread-7] DEBUG spoon.Launcher - [INFO] Downloaded from google-maven-central: https://maven-central.storage-download.googleapis.com/maven2/net/minidev/json-smart/2.0-RC1/json-smart-2.0-RC1.pom (1.4 kB at 362 kB/s)
04:02:39.406 [Thread-7] DEBUG spoon.Launcher - [INFO] Downloading from google-maven-central: https://maven-central.storage-download.googleapis.com/maven2/net/minidev/parent/2.0-RC1/parent-2.0-RC1.pom
04:02:39.411 [Thread-7] DEBUG spoon.Launcher - [INFO] Downloaded from google-maven-central: https://maven-central.storage-download.googleapis.com/maven2/net/minidev/parent/2.0-RC1/parent-2.0-RC1.pom (11 kB at 2.2 MB/s)
04:02:39.414 [Thread-7] DEBUG spoon.Launcher - [INFO] Downloading from google-maven-central: https://maven-central.storage-download.googleapis.com/maven2/net/minidev/asm/1.0-RC1/asm-1.0-RC1.pom
04:02:39.419 [Thread-7] DEBUG spoon.Launcher - [INFO] Downloaded from google-maven-central: https://maven-central.storage-download.googleapis.com/maven2/net/minidev/asm/1.0-RC1/asm-1.0-RC1.pom (1.6 kB at 313 kB/s)
04:02:39.423 [Thread-7] DEBUG spoon.Launcher - [INFO] Downloading from google-maven-central: https://maven-central.storage-download.googleapis.com/maven2/net/minidev/json-smart/2.0-RC2/json-smart-2.0-RC2.pom
04:02:39.427 [Thread-7] DEBUG spoon.Launcher - [INFO] Downloaded from google-maven-central: https://maven-central.storage-download.googleapis.com/maven2/net/minidev/json-smart/2.0-RC2/json-smart-2.0-RC2.pom (1.4 kB at 355 kB/s)
04:02:39.429 [Thread-7] DEBUG spoon.Launcher - [INFO] Downloading from google-maven-central: https://maven-central.storage-download.googleapis.com/maven2/net/minidev/parent/2.0-RC2/parent-2.0-RC2.pom
04:02:39.438 [Thread-7] DEBUG spoon.Launcher - [INFO] Downloaded from google-maven-central: https://maven-central.storage-download.googleapis.com/maven2/net/minidev/parent/2.0-RC2/parent-2.0-RC2.pom (11 kB at 1.8 MB/s)
04:02:39.441 [Thread-7] DEBUG spoon.Launcher - [INFO] Downloading from google-maven-central: https://maven-central.storage-download.googleapis.com/maven2/net/minidev/json-smart/2.0-RC3/json-smart-2.0-RC3.pom
04:02:39.446 [Thread-7] DEBUG spoon.Launcher - [INFO] Downloaded from google-maven-central: https://maven-central.storage-download.googleapis.com/maven2/net/minidev/json-smart/2.0-RC3/json-smart-2.0-RC3.pom (1.4 kB at 355 kB/s)
04:02:39.449 [Thread-7] DEBUG spoon.Launcher - [INFO] Downloading from google-maven-central: https://maven-central.storage-download.googleapis.com/maven2/net/minidev/parent/2.0-RC3/parent-2.0-RC3.pom
04:02:39.464 [Thread-7] DEBUG spoon.Launcher - [INFO] Downloaded from google-maven-central: https://maven-central.storage-download.googleapis.com/maven2/net/minidev/parent/2.0-RC3/parent-2.0-RC3.pom (8.4 kB at 840 kB/s)
04:02:39.466 [Thread-7] DEBUG spoon.Launcher - [INFO] Downloading from google-maven-central: https://maven-central.storage-download.googleapis.com/maven2/net/minidev/asm/1.0-RC3/asm-1.0-RC3.pom
04:02:39.471 [Thread-7] DEBUG spoon.Launcher - [INFO] Downloaded from google-maven-central: https://maven-central.storage-download.googleapis.com/maven2/net/minidev/asm/1.0-RC3/asm-1.0-RC3.pom (1.6 kB at 392 kB/s)
04:02:39.474 [Thread-7] DEBUG spoon.Launcher - [INFO] Downloading from google-maven-central: https://maven-central.storage-download.googleapis.com/maven2/net/minidev/json-smart/2.0/json-smart-2.0.pom
04:02:39.482 [Thread-7] DEBUG spoon.Launcher - [INFO] Downloaded from google-maven-central: https://maven-central.storage-download.googleapis.com/maven2/net/minidev/json-smart/2.0/json-smart-2.0.pom (1.4 kB at 157 kB/s)
04:02:39.485 [Thread-7] DEBUG spoon.Launcher - [INFO] Downloading from google-maven-central: https://maven-central.storage-download.googleapis.com/maven2/net/minidev/parent/2.0/parent-2.0.pom
04:02:39.495 [Thread-7] DEBUG spoon.Launcher - [INFO] Downloaded from google-maven-central: https://maven-central.storage-download.googleapis.com/maven2/net/minidev/parent/2.0/parent-2.0.pom (8.6 kB at 1.4 MB/s)
04:02:39.504 [Thread-7] DEBUG spoon.Launcher - [INFO] Downloading from google-maven-central: https://maven-central.storage-download.googleapis.com/maven2/net/minidev/asm/1.0/asm-1.0.pom
04:02:39.513 [Thread-7] DEBUG spoon.Launcher - [INFO] Downloaded from google-maven-central: https://maven-central.storage-download.googleapis.com/maven2/net/minidev/asm/1.0/asm-1.0.pom (1.6 kB at 123 kB/s)
04:02:39.518 [Thread-7] DEBUG spoon.Launcher - [INFO] Downloading from google-maven-central: https://maven-central.storage-download.googleapis.com/maven2/net/minidev/json-smart/2.1.0/json-smart-2.1.0.pom
04:02:39.524 [Thread-7] DEBUG spoon.Launcher - [INFO] Downloaded from google-maven-central: https://maven-central.storage-download.googleapis.com/maven2/net/minidev/json-smart/2.1.0/json-smart-2.1.0.pom (2.2 kB at 360 kB/s)
04:02:39.528 [Thread-7] DEBUG spoon.Launcher - [INFO] Downloading from google-maven-central: https://maven-central.storage-download.googleapis.com/maven2/net/minidev/parent/2.1.0/parent-2.1.0.pom
04:02:39.535 [Thread-7] DEBUG spoon.Launcher - [INFO] Downloaded from google-maven-central: https://maven-central.storage-download.googleapis.com/maven2/net/minidev/parent/2.1.0/parent-2.1.0.pom (8.6 kB at 1.4 MB/s)
04:02:39.540 [Thread-7] DEBUG spoon.Launcher - [INFO] Downloading from google-maven-central: https://maven-central.storage-download.googleapis.com/maven2/net/minidev/asm/1.0.2/asm-1.0.2.pom
04:02:39.544 [Thread-7] DEBUG spoon.Launcher - [INFO] Downloaded from google-maven-central: https://maven-central.storage-download.googleapis.com/maven2/net/minidev/asm/1.0.2/asm-1.0.2.pom (1.8 kB at 447 kB/s)
04:02:39.546 [Thread-7] DEBUG spoon.Launcher - [INFO] Downloading from google-maven-central: https://maven-central.storage-download.googleapis.com/maven2/net/minidev/json-smart/2.1.1/json-smart-2.1.1.pom
04:02:39.550 [Thread-7] DEBUG spoon.Launcher - [INFO] Downloaded from google-maven-central: https://maven-central.storage-download.googleapis.com/maven2/net/minidev/json-smart/2.1.1/json-smart-2.1.1.pom (2.2 kB at 552 kB/s)
04:02:39.553 [Thread-7] DEBUG spoon.Launcher - [INFO] Downloading from google-maven-central: https://maven-central.storage-download.googleapis.com/maven2/net/minidev/json-smart/2.2/json-smart-2.2.pom
04:02:39.559 [Thread-7] DEBUG spoon.Launcher - [INFO] Downloaded from google-maven-central: https://maven-central.storage-download.googleapis.com/maven2/net/minidev/json-smart/2.2/json-smart-2.2.pom (2.3 kB at 579 kB/s)
04:02:39.560 [Thread-7] DEBUG spoon.Launcher - [INFO] Downloading from google-maven-central: https://maven-central.storage-download.googleapis.com/maven2/net/minidev/minidev-parent/2.2/minidev-parent-2.2.pom
04:02:39.565 [Thread-7] DEBUG spoon.Launcher - [INFO] Downloaded from google-maven-central: https://maven-central.storage-download.googleapis.com/maven2/net/minidev/minidev-parent/2.2/minidev-parent-2.2.pom (9.1 kB at 1.8 MB/s)
04:02:39.569 [Thread-7] DEBUG spoon.Launcher - [INFO] Downloading from google-maven-central: https://maven-central.storage-download.googleapis.com/maven2/net/minidev/accessors-smart/1.1/accessors-smart-1.1.pom
04:02:39.574 [Thread-7] DEBUG spoon.Launcher - [INFO] Downloaded from google-maven-central: https://maven-central.storage-download.googleapis.com/maven2/net/minidev/accessors-smart/1.1/accessors-smart-1.1.pom (2.1 kB at 418 kB/s)
04:02:39.577 [Thread-7] DEBUG spoon.Launcher - [INFO] Downloading from google-maven-central: https://maven-central.storage-download.googleapis.com/maven2/org/ow2/asm/asm/5.0.3/asm-5.0.3.pom
04:02:39.582 [Thread-7] DEBUG spoon.Launcher - [INFO] Downloaded from google-maven-central: https://maven-central.storage-download.googleapis.com/maven2/org/ow2/asm/asm/5.0.3/asm-5.0.3.pom (1.9 kB at 387 kB/s)
04:02:39.584 [Thread-7] DEBUG spoon.Launcher - [INFO] Downloading from google-maven-central: https://maven-central.storage-download.googleapis.com/maven2/org/ow2/asm/asm-parent/5.0.3/asm-parent-5.0.3.pom
04:02:39.594 [Thread-7] DEBUG spoon.Launcher - [INFO] Downloaded from google-maven-central: https://maven-central.storage-download.googleapis.com/maven2/org/ow2/asm/asm-parent/5.0.3/asm-parent-5.0.3.pom (5.5 kB at 687 kB/s)
04:02:39.597 [Thread-7] DEBUG spoon.Launcher - [INFO] Downloading from google-maven-central: https://maven-central.storage-download.googleapis.com/maven2/org/ow2/ow2/1.3/ow2-1.3.pom
04:02:39.613 [Thread-7] DEBUG spoon.Launcher - [INFO] Downloaded from google-maven-central: https://maven-central.storage-download.googleapis.com/maven2/org/ow2/ow2/1.3/ow2-1.3.pom (9.5 kB at 594 kB/s)
04:02:39.618 [Thread-7] DEBUG spoon.Launcher - [INFO] Downloading from google-maven-central: https://maven-central.storage-download.googleapis.com/maven2/net/minidev/json-smart/2.2.1/json-smart-2.2.1.pom
04:02:39.634 [Thread-7] DEBUG spoon.Launcher - [INFO] Downloaded from google-maven-central: https://maven-central.storage-download.googleapis.com/maven2/net/minidev/json-smart/2.2.1/json-smart-2.2.1.pom (12 kB at 756 kB/s)
04:02:39.638 [Thread-7] DEBUG spoon.Launcher - [INFO] Downloading from google-maven-central: https://maven-central.storage-download.googleapis.com/maven2/net/minidev/json-smart/2.3/json-smart-2.3.pom
04:02:39.666 [Thread-7] DEBUG spoon.Launcher - [INFO] Downloaded from google-maven-central: https://maven-central.storage-download.googleapis.com/maven2/net/minidev/json-smart/2.3/json-smart-2.3.pom (9.0 kB at 322 kB/s)
04:02:39.670 [Thread-7] DEBUG spoon.Launcher - [INFO] Downloading from google-maven-central: https://maven-central.storage-download.googleapis.com/maven2/net/minidev/minidev-parent/2.3/minidev-parent-2.3.pom
04:02:39.695 [Thread-7] DEBUG spoon.Launcher - [INFO] Downloaded from google-maven-central: https://maven-central.storage-download.googleapis.com/maven2/net/minidev/minidev-parent/2.3/minidev-parent-2.3.pom (8.5 kB at 339 kB/s)
04:02:39.698 [Thread-7] DEBUG spoon.Launcher - [INFO] Downloading from google-maven-central: https://maven-central.storage-download.googleapis.com/maven2/net/minidev/accessors-smart/1.2/accessors-smart-1.2.pom
04:02:39.727 [Thread-7] DEBUG spoon.Launcher - [INFO] Downloaded from google-maven-central: https://maven-central.storage-download.googleapis.com/maven2/net/minidev/accessors-smart/1.2/accessors-smart-1.2.pom (12 kB at 399 kB/s)
04:02:39.731 [Thread-7] DEBUG spoon.Launcher - [INFO] Downloading from google-maven-central: https://maven-central.storage-download.googleapis.com/maven2/org/ow2/asm/asm/5.0.4/asm-5.0.4.pom
04:02:39.774 [Thread-7] DEBUG spoon.Launcher - [INFO] Downloaded from google-maven-central: https://maven-central.storage-download.googleapis.com/maven2/org/ow2/asm/asm/5.0.4/asm-5.0.4.pom (1.9 kB at 46 kB/s)
04:02:39.778 [Thread-7] DEBUG spoon.Launcher - [INFO] Downloading from google-maven-central: https://maven-central.storage-download.googleapis.com/maven2/org/ow2/asm/asm-parent/5.0.4/asm-parent-5.0.4.pom
04:02:39.804 [Thread-7] DEBUG spoon.Launcher - [INFO] Downloaded from google-maven-central: https://maven-central.storage-download.googleapis.com/maven2/org/ow2/asm/asm-parent/5.0.4/asm-parent-5.0.4.pom (5.5 kB at 204 kB/s)
04:02:39.808 [Thread-7] DEBUG spoon.Launcher - [INFO] Downloading from sonatype: https://oss.sonatype.org/content/repositories/releases/com/nimbusds/lang-tag/maven-metadata.xml
04:02:39.809 [Thread-7] DEBUG spoon.Launcher - [INFO] Downloading from google-maven-central: https://maven-central.storage-download.googleapis.com/maven2/com/nimbusds/lang-tag/maven-metadata.xml
04:02:39.809 [Thread-7] DEBUG spoon.Launcher - [INFO] Downloading from sonatype-snapshots: https://oss.sonatype.org/content/repositories/snapshots/com/nimbusds/lang-tag/maven-metadata.xml
04:02:39.815 [Thread-7] DEBUG spoon.Launcher - [INFO] Downloading from sonatype-apache: https://repository.apache.org/content/repositories/releases/com/nimbusds/lang-tag/maven-metadata.xml
04:02:39.839 [Thread-7] DEBUG spoon.Launcher - [INFO] Downloading from apache-snapshots: https://repository.apache.org/snapshots/com/nimbusds/lang-tag/maven-metadata.xml
04:02:39.845 [Thread-7] DEBUG spoon.Launcher - [INFO] Downloaded from google-maven-central: https://maven-central.storage-download.googleapis.com/maven2/com/nimbusds/lang-tag/maven-metadata.xml (563 B at 15 kB/s)
04:02:39.846 [Thread-7] DEBUG spoon.Launcher - [INFO] Downloading from sonatype-nexus-snapshots: https://oss.sonatype.org/content/repositories/snapshots/com/nimbusds/lang-tag/maven-metadata.xml
04:02:39.963 [Thread-7] DEBUG spoon.Launcher - [INFO] Downloaded from sonatype: https://oss.sonatype.org/content/repositories/releases/com/nimbusds/lang-tag/maven-metadata.xml (563 B at 3.6 kB/s)
04:02:40.161 [Thread-7] DEBUG spoon.Launcher - [INFO] Downloading from google-maven-central: https://maven-central.storage-download.googleapis.com/maven2/com/nimbusds/lang-tag/1.4.3/lang-tag-1.4.3.pom
04:02:40.168 [Thread-7] DEBUG spoon.Launcher - [INFO] Downloaded from google-maven-central: https://maven-central.storage-download.googleapis.com/maven2/com/nimbusds/lang-tag/1.4.3/lang-tag-1.4.3.pom (7.5 kB at 1.1 MB/s)
04:02:40.171 [Thread-7] DEBUG spoon.Launcher - [INFO] Downloading from google-maven-central: https://maven-central.storage-download.googleapis.com/maven2/com/nimbusds/lang-tag/1.4.4/lang-tag-1.4.4.pom
04:02:40.175 [Thread-7] DEBUG spoon.Launcher - [INFO] Downloaded from google-maven-central: https://maven-central.storage-download.googleapis.com/maven2/com/nimbusds/lang-tag/1.4.4/lang-tag-1.4.4.pom (9.5 kB at 2.4 MB/s)
04:02:40.177 [Thread-7] DEBUG spoon.Launcher - [INFO] Downloading from google-maven-central: https://maven-central.storage-download.googleapis.com/maven2/com/nimbusds/lang-tag/1.5/lang-tag-1.5.pom
04:02:40.181 [Thread-7] DEBUG spoon.Launcher - [INFO] Downloaded from google-maven-central: https://maven-central.storage-download.googleapis.com/maven2/com/nimbusds/lang-tag/1.5/lang-tag-1.5.pom (9.2 kB at 2.3 MB/s)
04:02:40.185 [Thread-7] DEBUG spoon.Launcher - [INFO] Downloading from google-maven-central: https://maven-central.storage-download.googleapis.com/maven2/com/nimbusds/nimbus-jose-jwt/4.35/nimbus-jose-jwt-4.35.pom
04:02:40.210 [Thread-7] DEBUG spoon.Launcher - [INFO] Downloaded from google-maven-central: https://maven-central.storage-download.googleapis.com/maven2/com/nimbusds/nimbus-jose-jwt/4.35/nimbus-jose-jwt-4.35.pom (13 kB at 546 kB/s)
04:02:40.213 [Thread-7] DEBUG spoon.Launcher - [INFO] Downloading from google-maven-central: https://maven-central.storage-download.googleapis.com/maven2/org/bouncycastle/bcpkix-jdk15on/1.55/bcpkix-jdk15on-1.55.pom
04:02:40.240 [Thread-7] DEBUG spoon.Launcher - [INFO] Downloaded from google-maven-central: https://maven-central.storage-download.googleapis.com/maven2/org/bouncycastle/bcpkix-jdk15on/1.55/bcpkix-jdk15on-1.55.pom (1.5 kB at 55 kB/s)
04:02:40.242 [Thread-7] DEBUG spoon.Launcher - [INFO] Downloading from google-maven-central: https://maven-central.storage-download.googleapis.com/maven2/org/bouncycastle/bcprov-jdk15on/1.55/bcprov-jdk15on-1.55.pom
04:02:40.270 [Thread-7] DEBUG spoon.Launcher - [INFO] Downloaded from google-maven-central: https://maven-central.storage-download.googleapis.com/maven2/org/bouncycastle/bcprov-jdk15on/1.55/bcprov-jdk15on-1.55.pom (1.2 kB at 43 kB/s)
04:02:40.295 [Thread-7] DEBUG spoon.Launcher - [INFO] Downloading from google-maven-central: https://maven-central.storage-download.googleapis.com/maven2/org/pac4j/pac4j-ldap/3.0.0/pac4j-ldap-3.0.0.pom
04:02:40.328 [Thread-7] DEBUG spoon.Launcher - [INFO] Downloaded from google-maven-central: https://maven-central.storage-download.googleapis.com/maven2/org/pac4j/pac4j-ldap/3.0.0/pac4j-ldap-3.0.0.pom (3.7 kB at 113 kB/s)
04:02:40.332 [Thread-7] DEBUG spoon.Launcher - [INFO] Downloading from google-maven-central: https://maven-central.storage-download.googleapis.com/maven2/org/ldaptive/ldaptive/1.2.3/ldaptive-1.2.3.pom
04:02:40.382 [Thread-7] DEBUG spoon.Launcher - [INFO] Downloaded from google-maven-central: https://maven-central.storage-download.googleapis.com/maven2/org/ldaptive/ldaptive/1.2.3/ldaptive-1.2.3.pom (1.1 kB at 21 kB/s)
04:02:40.385 [Thread-7] DEBUG spoon.Launcher - [INFO] Downloading from google-maven-central: https://maven-central.storage-download.googleapis.com/maven2/org/ldaptive/ldaptive-parent/1.2.3/ldaptive-parent-1.2.3.pom
04:02:40.412 [Thread-7] DEBUG spoon.Launcher - [INFO] Downloaded from google-maven-central: https://maven-central.storage-download.googleapis.com/maven2/org/ldaptive/ldaptive-parent/1.2.3/ldaptive-parent-1.2.3.pom (20 kB at 710 kB/s)
04:02:40.417 [Thread-7] DEBUG spoon.Launcher - [INFO] Downloading from google-maven-central: https://maven-central.storage-download.googleapis.com/maven2/commons-cli/commons-cli/1.4/commons-cli-1.4.pom
04:02:40.422 [Thread-7] DEBUG spoon.Launcher - [INFO] Downloaded from google-maven-central: https://maven-central.storage-download.googleapis.com/maven2/commons-cli/commons-cli/1.4/commons-cli-1.4.pom (11 kB at 2.1 MB/s)
04:02:40.426 [Thread-7] DEBUG spoon.Launcher - [INFO] Downloading from google-maven-central: https://maven-central.storage-download.googleapis.com/maven2/org/pac4j/pac4j-http/3.0.0/pac4j-http-3.0.0.pom
04:02:40.452 [Thread-7] DEBUG spoon.Launcher - [INFO] Downloaded from google-maven-central: https://maven-central.storage-download.googleapis.com/maven2/org/pac4j/pac4j-http/3.0.0/pac4j-http-3.0.0.pom (4.3 kB at 164 kB/s)
04:02:40.455 [Thread-7] DEBUG spoon.Launcher - [INFO] Downloading from google-maven-central: https://maven-central.storage-download.googleapis.com/maven2/com/zaxxer/HikariCP/2.6.1/HikariCP-2.6.1.pom
04:02:40.479 [Thread-7] DEBUG spoon.Launcher - [INFO] Downloaded from google-maven-central: https://maven-central.storage-download.googleapis.com/maven2/com/zaxxer/HikariCP/2.6.1/HikariCP-2.6.1.pom (18 kB at 794 kB/s)
04:02:40.482 [Thread-7] DEBUG spoon.Launcher - [INFO] Downloading from google-maven-central: https://maven-central.storage-download.googleapis.com/maven2/org/pac4j/pac4j-sql/3.0.0/pac4j-sql-3.0.0.pom
04:02:40.508 [Thread-7] DEBUG spoon.Launcher - [INFO] Downloaded from google-maven-central: https://maven-central.storage-download.googleapis.com/maven2/org/pac4j/pac4j-sql/3.0.0/pac4j-sql-3.0.0.pom (3.8 kB at 139 kB/s)
04:02:40.512 [Thread-7] DEBUG spoon.Launcher - [INFO] Downloading from google-maven-central: https://maven-central.storage-download.googleapis.com/maven2/org/jdbi/jdbi/2.78/jdbi-2.78.pom
04:02:40.538 [Thread-7] DEBUG spoon.Launcher - [INFO] Downloaded from google-maven-central: https://maven-central.storage-download.googleapis.com/maven2/org/jdbi/jdbi/2.78/jdbi-2.78.pom (11 kB at 443 kB/s)
04:02:40.541 [Thread-7] DEBUG spoon.Launcher - [INFO] Downloading from google-maven-central: https://maven-central.storage-download.googleapis.com/maven2/org/basepom/basepom-oss/19/basepom-oss-19.pom
04:02:40.545 [Thread-7] DEBUG spoon.Launcher - [INFO] Downloaded from google-maven-central: https://maven-central.storage-download.googleapis.com/maven2/org/basepom/basepom-oss/19/basepom-oss-19.pom (9.6 kB at 2.4 MB/s)
04:02:40.546 [Thread-7] DEBUG spoon.Launcher - [INFO] Downloading from google-maven-central: https://maven-central.storage-download.googleapis.com/maven2/org/basepom/basepom-minimal/19/basepom-minimal-19.pom
04:02:40.564 [Thread-7] DEBUG spoon.Launcher - [INFO] Downloaded from google-maven-central: https://maven-central.storage-download.googleapis.com/maven2/org/basepom/basepom-minimal/19/basepom-minimal-19.pom (12 kB at 650 kB/s)
04:02:40.566 [Thread-7] DEBUG spoon.Launcher - [INFO] Downloading from google-maven-central: https://maven-central.storage-download.googleapis.com/maven2/org/basepom/basepom-foundation/19/basepom-foundation-19.pom
04:02:40.600 [Thread-7] DEBUG spoon.Launcher - [INFO] Downloaded from google-maven-central: https://maven-central.storage-download.googleapis.com/maven2/org/basepom/basepom-foundation/19/basepom-foundation-19.pom (47 kB at 1.5 MB/s)
04:02:40.602 [Thread-7] DEBUG spoon.Launcher - [INFO] Downloading from google-maven-central: https://maven-central.storage-download.googleapis.com/maven2/org/springframework/security/spring-security-crypto/4.2.2.RELEASE/spring-security-crypto-4.2.2.RELEASE.pom
04:02:40.632 [Thread-7] DEBUG spoon.Launcher - [INFO] Downloaded from google-maven-central: https://maven-central.storage-download.googleapis.com/maven2/org/springframework/security/spring-security-crypto/4.2.2.RELEASE/spring-security-crypto-4.2.2.RELEASE.pom (3.4 kB at 112 kB/s)
04:02:40.635 [Thread-7] DEBUG spoon.Launcher - [INFO] Downloading from google-maven-central: https://maven-central.storage-download.googleapis.com/maven2/org/springframework/spring-framework-bom/4.3.5.RELEASE/spring-framework-bom-4.3.5.RELEASE.pom
04:02:40.658 [Thread-7] DEBUG spoon.Launcher - [INFO] Downloaded from google-maven-central: https://maven-central.storage-download.googleapis.com/maven2/org/springframework/spring-framework-bom/4.3.5.RELEASE/spring-framework-bom-4.3.5.RELEASE.pom (5.1 kB at 213 kB/s)
04:02:40.661 [Thread-7] DEBUG spoon.Launcher - [INFO] Downloading from google-maven-central: https://maven-central.storage-download.googleapis.com/maven2/org/apache/shiro/shiro-core/1.3.2/shiro-core-1.3.2.pom
04:02:40.684 [Thread-7] DEBUG spoon.Launcher - [INFO] Downloaded from google-maven-central: https://maven-central.storage-download.googleapis.com/maven2/org/apache/shiro/shiro-core/1.3.2/shiro-core-1.3.2.pom (4.2 kB at 190 kB/s)
04:02:40.686 [Thread-7] DEBUG spoon.Launcher - [INFO] Downloading from google-maven-central: https://maven-central.storage-download.googleapis.com/maven2/org/apache/shiro/shiro-root/1.3.2/shiro-root-1.3.2.pom
04:02:40.710 [Thread-7] DEBUG spoon.Launcher - [INFO] Downloaded from google-maven-central: https://maven-central.storage-download.googleapis.com/maven2/org/apache/shiro/shiro-root/1.3.2/shiro-root-1.3.2.pom (46 kB at 1.9 MB/s)
04:02:40.714 [Thread-7] DEBUG spoon.Launcher - [INFO] Downloading from google-maven-central: https://maven-central.storage-download.googleapis.com/maven2/commons-beanutils/commons-beanutils/1.8.3/commons-beanutils-1.8.3.pom
04:02:40.740 [Thread-7] DEBUG spoon.Launcher - [INFO] Downloaded from google-maven-central: https://maven-central.storage-download.googleapis.com/maven2/commons-beanutils/commons-beanutils/1.8.3/commons-beanutils-1.8.3.pom (11 kB at 415 kB/s)
04:02:40.742 [Thread-7] DEBUG spoon.Launcher - [INFO] Downloading from google-maven-central: https://maven-central.storage-download.googleapis.com/maven2/org/apache/commons/commons-parent/14/commons-parent-14.pom
04:02:40.768 [Thread-7] DEBUG spoon.Launcher - [INFO] Downloaded from google-maven-central: https://maven-central.storage-download.googleapis.com/maven2/org/apache/commons/commons-parent/14/commons-parent-14.pom (31 kB at 1.2 MB/s)
04:02:40.774 [Thread-7] DEBUG spoon.Launcher - [INFO] Downloading from google-maven-central: https://maven-central.storage-download.googleapis.com/maven2/junit/junit/4.12/junit-4.12.pom
04:02:40.778 [Thread-7] DEBUG spoon.Launcher - [INFO] Downloaded from google-maven-central: https://maven-central.storage-download.googleapis.com/maven2/junit/junit/4.12/junit-4.12.pom (24 kB at 4.7 MB/s)
04:02:40.781 [Thread-7] DEBUG spoon.Launcher - [INFO] Downloading from google-maven-central: https://maven-central.storage-download.googleapis.com/maven2/ch/qos/logback/logback-classic/1.2.2/logback-classic-1.2.2.pom
04:02:40.806 [Thread-7] DEBUG spoon.Launcher - [INFO] Downloaded from google-maven-central: https://maven-central.storage-download.googleapis.com/maven2/ch/qos/logback/logback-classic/1.2.2/logback-classic-1.2.2.pom (13 kB at 523 kB/s)
04:02:40.809 [Thread-7] DEBUG spoon.Launcher - [INFO] Downloading from google-maven-central: https://maven-central.storage-download.googleapis.com/maven2/ch/qos/logback/logback-parent/1.2.2/logback-parent-1.2.2.pom
04:02:40.834 [Thread-7] DEBUG spoon.Launcher - [INFO] Downloaded from google-maven-central: https://maven-central.storage-download.googleapis.com/maven2/ch/qos/logback/logback-parent/1.2.2/logback-parent-1.2.2.pom (18 kB at 712 kB/s)
04:02:40.837 [Thread-7] DEBUG spoon.Launcher - [INFO] Downloading from google-maven-central: https://maven-central.storage-download.googleapis.com/maven2/ch/qos/logback/logback-core/1.2.2/logback-core-1.2.2.pom
04:02:40.860 [Thread-7] DEBUG spoon.Launcher - [INFO] Downloaded from google-maven-central: https://maven-central.storage-download.googleapis.com/maven2/ch/qos/logback/logback-core/1.2.2/logback-core-1.2.2.pom (4.2 kB at 182 kB/s)
04:02:40.865 [Thread-7] DEBUG spoon.Launcher - [INFO] Downloading from google-maven-central: https://maven-central.storage-download.googleapis.com/maven2/com/unboundid/unboundid-ldapsdk/3.2.1/unboundid-ldapsdk-3.2.1.pom
04:02:40.889 [Thread-7] DEBUG spoon.Launcher - [INFO] Downloaded from google-maven-central: https://maven-central.storage-download.googleapis.com/maven2/com/unboundid/unboundid-ldapsdk/3.2.1/unboundid-ldapsdk-3.2.1.pom (3.1 kB at 128 kB/s)
04:02:40.934 [Thread-7] DEBUG spoon.Launcher - [INFO] Downloading from google-maven-central: https://maven-central.storage-download.googleapis.com/maven2/org/pac4j/pac4j-core/3.0.0/pac4j-core-3.0.0.jar
04:02:40.944 [Thread-7] DEBUG spoon.Launcher - [INFO] Downloading from google-maven-central: https://maven-central.storage-download.googleapis.com/maven2/org/jasig/cas/client/cas-client-core/3.5.0/cas-client-core-3.5.0.jar
04:02:40.946 [Thread-7] DEBUG spoon.Launcher - [INFO] Downloading from google-maven-central: https://maven-central.storage-download.googleapis.com/maven2/org/jasig/cas/client/cas-client-support-saml/3.5.0/cas-client-support-saml-3.5.0.jar
04:02:40.948 [Thread-7] DEBUG spoon.Launcher - [INFO] Downloading from google-maven-central: https://maven-central.storage-download.googleapis.com/maven2/com/google/guava/guava/21.0/guava-21.0.jar
04:02:40.955 [Thread-7] DEBUG spoon.Launcher - [INFO] Downloading from google-maven-central: https://maven-central.storage-download.googleapis.com/maven2/org/pac4j/pac4j-cas/3.0.0/pac4j-cas-3.0.0.jar
04:02:40.971 [Thread-7] DEBUG spoon.Launcher - [INFO] Downloaded from google-maven-central: https://maven-central.storage-download.googleapis.com/maven2/org/jasig/cas/client/cas-client-support-saml/3.5.0/cas-client-support-saml-3.5.0.jar (12 kB at 542 kB/s)
04:02:40.971 [Thread-7] DEBUG spoon.Launcher - [INFO] Downloading from google-maven-central: https://maven-central.storage-download.googleapis.com/maven2/org/pac4j/pac4j-saml/3.0.0/pac4j-saml-3.0.0.jar
04:02:40.973 [Thread-7] DEBUG spoon.Launcher - [INFO] Downloaded from google-maven-central: https://maven-central.storage-download.googleapis.com/maven2/org/pac4j/pac4j-core/3.0.0/pac4j-core-3.0.0.jar (198 kB at 4.8 MB/s)
04:02:40.979 [Thread-7] DEBUG spoon.Launcher - [INFO] Downloading from google-maven-central: https://maven-central.storage-download.googleapis.com/maven2/org/opensaml/opensaml-core/3.3.1/opensaml-core-3.3.1.jar
04:02:40.989 [Thread-7] DEBUG spoon.Launcher - [INFO] Downloaded from google-maven-central: https://maven-central.storage-download.googleapis.com/maven2/org/jasig/cas/client/cas-client-core/3.5.0/cas-client-core-3.5.0.jar (150 kB at 3.4 MB/s)
04:02:40.990 [Thread-7] DEBUG spoon.Launcher - [INFO] Downloading from google-maven-central: https://maven-central.storage-download.googleapis.com/maven2/io/dropwizard/metrics/metrics-core/3.1.2/metrics-core-3.1.2.jar
04:02:40.997 [Thread-7] DEBUG spoon.Launcher - [INFO] Downloaded from google-maven-central: https://maven-central.storage-download.googleapis.com/maven2/org/pac4j/pac4j-saml/3.0.0/pac4j-saml-3.0.0.jar (126 kB at 2.5 MB/s)
04:02:40.997 [Thread-7] DEBUG spoon.Launcher - [INFO] Downloading from google-maven-central: https://maven-central.storage-download.googleapis.com/maven2/net/shibboleth/utilities/java-support/7.3.0/java-support-7.3.0.jar
04:02:41.004 [Thread-7] DEBUG spoon.Launcher - [INFO] Downloaded from google-maven-central: https://maven-central.storage-download.googleapis.com/maven2/org/opensaml/opensaml-core/3.3.1/opensaml-core-3.3.1.jar (178 kB at 3.4 MB/s)
04:02:41.005 [Thread-7] DEBUG spoon.Launcher - [INFO] Downloaded from google-maven-central: https://maven-central.storage-download.googleapis.com/maven2/org/pac4j/pac4j-cas/3.0.0/pac4j-cas-3.0.0.jar (43 kB at 657 kB/s)
04:02:41.005 [Thread-7] DEBUG spoon.Launcher - [INFO] Downloading from google-maven-central: https://maven-central.storage-download.googleapis.com/maven2/com/google/code/findbugs/jsr305/3.0.1/jsr305-3.0.1.jar
04:02:41.010 [Thread-7] DEBUG spoon.Launcher - [INFO] Downloaded from google-maven-central: https://maven-central.storage-download.googleapis.com/maven2/com/google/code/findbugs/jsr305/3.0.1/jsr305-3.0.1.jar (20 kB at 312 kB/s)
04:02:41.011 [Thread-7] DEBUG spoon.Launcher - [INFO] Downloading from google-maven-central: https://maven-central.storage-download.googleapis.com/maven2/org/opensaml/opensaml-saml-api/3.3.1/opensaml-saml-api-3.3.1.jar
04:02:41.027 [Thread-7] DEBUG spoon.Launcher - [INFO] Downloaded from google-maven-central: https://maven-central.storage-download.googleapis.com/maven2/net/shibboleth/utilities/java-support/7.3.0/java-support-7.3.0.jar (233 kB at 3.1 MB/s)
04:02:41.028 [Thread-7] DEBUG spoon.Launcher - [INFO] Downloading from google-maven-central: https://maven-central.storage-download.googleapis.com/maven2/org/opensaml/opensaml-storage-api/3.3.1/opensaml-storage-api-3.3.1.jar
04:02:41.031 [Thread-7] DEBUG spoon.Launcher - [INFO] Downloading from google-maven-central: https://maven-central.storage-download.googleapis.com/maven2/org/opensaml/opensaml-saml-impl/3.3.1/opensaml-saml-impl-3.3.1.jar
04:02:41.041 [Thread-7] DEBUG spoon.Launcher - [INFO] Downloaded from google-maven-central: https://maven-central.storage-download.googleapis.com/maven2/org/opensaml/opensaml-saml-api/3.3.1/opensaml-saml-api-3.3.1.jar (400 kB at 4.2 MB/s)
04:02:41.042 [Thread-7] DEBUG spoon.Launcher - [INFO] Downloading from google-maven-central: https://maven-central.storage-download.googleapis.com/maven2/org/opensaml/opensaml-soap-impl/3.3.1/opensaml-soap-impl-3.3.1.jar
04:02:41.054 [Thread-7] DEBUG spoon.Launcher - [INFO] Downloaded from google-maven-central: https://maven-central.storage-download.googleapis.com/maven2/io/dropwizard/metrics/metrics-core/3.1.2/metrics-core-3.1.2.jar (113 kB at 1.1 MB/s)
04:02:41.054 [Thread-7] DEBUG spoon.Launcher - [INFO] Downloading from google-maven-central: https://maven-central.storage-download.googleapis.com/maven2/org/apache/httpcomponents/httpclient/4.3.6/httpclient-4.3.6.jar
04:02:41.078 [Thread-7] DEBUG spoon.Launcher - [INFO] Downloaded from google-maven-central: https://maven-central.storage-download.googleapis.com/maven2/org/opensaml/opensaml-soap-impl/3.3.1/opensaml-soap-impl-3.3.1.jar (401 kB at 3.1 MB/s)
04:02:41.078 [Thread-7] DEBUG spoon.Launcher - [INFO] Downloading from google-maven-central: https://maven-central.storage-download.googleapis.com/maven2/org/apache/httpcomponents/httpcore/4.3.3/httpcore-4.3.3.jar
04:02:41.098 [Thread-7] DEBUG spoon.Launcher - [INFO] Downloaded from google-maven-central: https://maven-central.storage-download.googleapis.com/maven2/org/opensaml/opensaml-storage-api/3.3.1/opensaml-storage-api-3.3.1.jar (24 kB at 156 kB/s)
04:02:41.099 [Thread-7] DEBUG spoon.Launcher - [INFO] Downloading from google-maven-central: https://maven-central.storage-download.googleapis.com/maven2/org/opensaml/opensaml-soap-api/3.3.1/opensaml-soap-api-3.3.1.jar
04:02:41.107 [Thread-7] DEBUG spoon.Launcher - [INFO] Downloaded from google-maven-central: https://maven-central.storage-download.googleapis.com/maven2/org/apache/httpcomponents/httpcore/4.3.3/httpcore-4.3.3.jar (283 kB at 1.8 MB/s)
04:02:41.107 [Thread-7] DEBUG spoon.Launcher - [INFO] Downloading from google-maven-central: https://maven-central.storage-download.googleapis.com/maven2/org/opensaml/opensaml-xmlsec-api/3.3.1/opensaml-xmlsec-api-3.3.1.jar
04:02:41.109 [Thread-7] DEBUG spoon.Launcher - [INFO] Downloaded from google-maven-central: https://maven-central.storage-download.googleapis.com/maven2/org/opensaml/opensaml-soap-api/3.3.1/opensaml-soap-api-3.3.1.jar (162 kB at 1.0 MB/s)
04:02:41.109 [Thread-7] DEBUG spoon.Launcher - [INFO] Downloading from google-maven-central: https://maven-central.storage-download.googleapis.com/maven2/org/opensaml/opensaml-security-api/3.3.1/opensaml-security-api-3.3.1.jar
04:02:41.111 [Thread-7] DEBUG spoon.Launcher - [INFO] Downloaded from google-maven-central: https://maven-central.storage-download.googleapis.com/maven2/org/apache/httpcomponents/httpclient/4.3.6/httpclient-4.3.6.jar (592 kB at 3.6 MB/s)
04:02:41.112 [Thread-7] DEBUG spoon.Launcher - [INFO] Downloading from google-maven-central: https://maven-central.storage-download.googleapis.com/maven2/org/apache/santuario/xmlsec/2.0.5/xmlsec-2.0.5.jar
04:02:41.120 [Thread-7] DEBUG spoon.Launcher - [INFO] Downloaded from google-maven-central: https://maven-central.storage-download.googleapis.com/maven2/org/opensaml/opensaml-security-api/3.3.1/opensaml-security-api-3.3.1.jar (61 kB at 354 kB/s)
04:02:41.121 [Thread-7] DEBUG spoon.Launcher - [INFO] Downloading from google-maven-central: https://maven-central.storage-download.googleapis.com/maven2/org/codehaus/woodstox/woodstox-core-asl/4.4.1/woodstox-core-asl-4.4.1.jar
04:02:41.123 [Thread-7] DEBUG spoon.Launcher - [INFO] Downloaded from google-maven-central: https://maven-central.storage-download.googleapis.com/maven2/org/opensaml/opensaml-saml-impl/3.3.1/opensaml-saml-impl-3.3.1.jar (1.1 MB at 6.4 MB/s)
04:02:41.128 [Thread-7] DEBUG spoon.Launcher - [INFO] Downloading from google-maven-central: https://maven-central.storage-download.googleapis.com/maven2/javax/xml/stream/stax-api/1.0-2/stax-api-1.0-2.jar
04:02:41.130 [Thread-7] DEBUG spoon.Launcher - [INFO] Downloaded from google-maven-central: https://maven-central.storage-download.googleapis.com/maven2/com/google/guava/guava/21.0/guava-21.0.jar (2.5 MB at 14 MB/s)
04:02:41.139 [Thread-7] DEBUG spoon.Launcher - [INFO] Downloaded from google-maven-central: https://maven-central.storage-download.googleapis.com/maven2/org/opensaml/opensaml-xmlsec-api/3.3.1/opensaml-xmlsec-api-3.3.1.jar (210 kB at 1.1 MB/s)
04:02:41.140 [Thread-7] DEBUG spoon.Launcher - [INFO] Downloading from google-maven-central: https://maven-central.storage-download.googleapis.com/maven2/org/codehaus/woodstox/stax2-api/3.1.4/stax2-api-3.1.4.jar
04:02:41.140 [Thread-7] DEBUG spoon.Launcher - [INFO] Downloading from google-maven-central: https://maven-central.storage-download.googleapis.com/maven2/org/bouncycastle/bcprov-jdk15on/1.54/bcprov-jdk15on-1.54.jar
04:02:41.153 [Thread-7] DEBUG spoon.Launcher - [INFO] Downloaded from google-maven-central: https://maven-central.storage-download.googleapis.com/maven2/org/codehaus/woodstox/stax2-api/3.1.4/stax2-api-3.1.4.jar (162 kB at 786 kB/s)
04:02:41.153 [Thread-7] DEBUG spoon.Launcher - [INFO] Downloading from google-maven-central: https://maven-central.storage-download.googleapis.com/maven2/org/opensaml/opensaml-security-impl/3.3.1/opensaml-security-impl-3.3.1.jar
04:02:41.164 [Thread-7] DEBUG spoon.Launcher - [INFO] Downloaded from google-maven-central: https://maven-central.storage-download.googleapis.com/maven2/javax/xml/stream/stax-api/1.0-2/stax-api-1.0-2.jar (23 kB at 108 kB/s)
04:02:41.164 [Thread-7] DEBUG spoon.Launcher - [INFO] Downloading from google-maven-central: https://maven-central.storage-download.googleapis.com/maven2/org/opensaml/opensaml-profile-api/3.3.1/opensaml-profile-api-3.3.1.jar
04:02:41.164 [Thread-7] DEBUG spoon.Launcher - [INFO] Downloaded from google-maven-central: https://maven-central.storage-download.googleapis.com/maven2/org/codehaus/woodstox/woodstox-core-asl/4.4.1/woodstox-core-asl-4.4.1.jar (486 kB at 2.2 MB/s)
04:02:41.165 [Thread-7] DEBUG spoon.Launcher - [INFO] Downloading from google-maven-central: https://maven-central.storage-download.googleapis.com/maven2/org/opensaml/opensaml-profile-impl/3.3.1/opensaml-profile-impl-3.3.1.jar
04:02:41.166 [Thread-7] DEBUG spoon.Launcher - [INFO] Downloaded from google-maven-central: https://maven-central.storage-download.googleapis.com/maven2/org/opensaml/opensaml-security-impl/3.3.1/opensaml-security-impl-3.3.1.jar (98 kB at 445 kB/s)
04:02:41.166 [Thread-7] DEBUG spoon.Launcher - [INFO] Downloading from google-maven-central: https://maven-central.storage-download.googleapis.com/maven2/org/opensaml/opensaml-messaging-api/3.3.1/opensaml-messaging-api-3.3.1.jar
04:02:41.170 [Thread-7] DEBUG spoon.Launcher - [INFO] Downloaded from google-maven-central: https://maven-central.storage-download.googleapis.com/maven2/org/opensaml/opensaml-profile-impl/3.3.1/opensaml-profile-impl-3.3.1.jar (28 kB at 127 kB/s)
04:02:41.170 [Thread-7] DEBUG spoon.Launcher - [INFO] Downloading from google-maven-central: https://maven-central.storage-download.googleapis.com/maven2/org/opensaml/opensaml-messaging-impl/3.3.1/opensaml-messaging-impl-3.3.1.jar
04:02:41.181 [Thread-7] DEBUG spoon.Launcher - [INFO] Downloaded from google-maven-central: https://maven-central.storage-download.googleapis.com/maven2/org/opensaml/opensaml-messaging-impl/3.3.1/opensaml-messaging-impl-3.3.1.jar (13 kB at 56 kB/s)
04:02:41.181 [Thread-7] DEBUG spoon.Launcher - [INFO] Downloading from google-maven-central: https://maven-central.storage-download.googleapis.com/maven2/org/opensaml/opensaml-xmlsec-impl/3.3.1/opensaml-xmlsec-impl-3.3.1.jar
04:02:41.182 [Thread-7] DEBUG spoon.Launcher - [INFO] Downloaded from google-maven-central: https://maven-central.storage-download.googleapis.com/maven2/org/opensaml/opensaml-messaging-api/3.3.1/opensaml-messaging-api-3.3.1.jar (53 kB at 233 kB/s)
04:02:41.182 [Thread-7] DEBUG spoon.Launcher - [INFO] Downloading from google-maven-central: https://maven-central.storage-download.googleapis.com/maven2/org/cryptacular/cryptacular/1.2.1/cryptacular-1.2.1.jar
04:02:41.189 [Thread-7] DEBUG spoon.Launcher - [INFO] Downloaded from google-maven-central: https://maven-central.storage-download.googleapis.com/maven2/org/apache/santuario/xmlsec/2.0.5/xmlsec-2.0.5.jar (1.1 MB at 4.7 MB/s)
04:02:41.189 [Thread-7] DEBUG spoon.Launcher - [INFO] Downloaded from google-maven-central: https://maven-central.storage-download.googleapis.com/maven2/org/opensaml/opensaml-profile-api/3.3.1/opensaml-profile-api-3.3.1.jar (27 kB at 112 kB/s)
04:02:41.190 [Thread-7] DEBUG spoon.Launcher - [INFO] Downloading from google-maven-central: https://maven-central.storage-download.googleapis.com/maven2/joda-time/joda-time/2.9.9/joda-time-2.9.9.jar
04:02:41.191 [Thread-7] DEBUG spoon.Launcher - [INFO] Downloaded from google-maven-central: https://maven-central.storage-download.googleapis.com/maven2/org/cryptacular/cryptacular/1.2.1/cryptacular-1.2.1.jar (150 kB at 618 kB/s)
04:02:41.191 [Thread-7] DEBUG spoon.Launcher - [INFO] Downloading from google-maven-central: https://maven-central.storage-download.googleapis.com/maven2/xalan/xalan/2.7.2/xalan-2.7.2.jar
04:02:41.192 [Thread-7] DEBUG spoon.Launcher - [INFO] Downloading from google-maven-central: https://maven-central.storage-download.googleapis.com/maven2/xalan/serializer/2.7.2/serializer-2.7.2.jar
04:02:41.220 [Thread-7] DEBUG spoon.Launcher - [INFO] Downloaded from google-maven-central: https://maven-central.storage-download.googleapis.com/maven2/org/opensaml/opensaml-xmlsec-impl/3.3.1/opensaml-xmlsec-impl-3.3.1.jar (293 kB at 1.1 MB/s)
04:02:41.220 [Thread-7] DEBUG spoon.Launcher - [INFO] Downloading from google-maven-central: https://maven-central.storage-download.googleapis.com/maven2/xml-apis/xml-apis/1.3.04/xml-apis-1.3.04.jar
04:02:41.241 [Thread-7] DEBUG spoon.Launcher - [INFO] Downloaded from google-maven-central: https://maven-central.storage-download.googleapis.com/maven2/xalan/serializer/2.7.2/serializer-2.7.2.jar (276 kB at 943 kB/s)
04:02:41.243 [Thread-7] DEBUG spoon.Launcher - [INFO] Downloading from google-maven-central: https://maven-central.storage-download.googleapis.com/maven2/org/apache/velocity/velocity/1.7/velocity-1.7.jar
04:02:41.284 [Thread-7] DEBUG spoon.Launcher - [INFO] Downloaded from google-maven-central: https://maven-central.storage-download.googleapis.com/maven2/org/apache/velocity/velocity/1.7/velocity-1.7.jar (450 kB at 1.3 MB/s)
04:02:41.285 [Thread-7] DEBUG spoon.Launcher - [INFO] Downloading from google-maven-central: https://maven-central.storage-download.googleapis.com/maven2/org/slf4j/jcl-over-slf4j/1.7.25/jcl-over-slf4j-1.7.25.jar
04:02:41.299 [Thread-7] DEBUG spoon.Launcher - [INFO] Downloaded from google-maven-central: https://maven-central.storage-download.googleapis.com/maven2/xml-apis/xml-apis/1.3.04/xml-apis-1.3.04.jar (194 kB at 554 kB/s)
04:02:41.301 [Thread-7] DEBUG spoon.Launcher - [INFO] Downloading from google-maven-central: https://maven-central.storage-download.googleapis.com/maven2/org/springframework/spring-core/5.0.2.RELEASE/spring-core-5.0.2.RELEASE.jar
04:02:41.306 [Thread-7] DEBUG spoon.Launcher - [INFO] Downloaded from google-maven-central: https://maven-central.storage-download.googleapis.com/maven2/joda-time/joda-time/2.9.9/joda-time-2.9.9.jar (634 kB at 1.8 MB/s)
04:02:41.306 [Thread-7] DEBUG spoon.Launcher - [INFO] Downloading from google-maven-central: https://maven-central.storage-download.googleapis.com/maven2/org/springframework/spring-jcl/5.0.2.RELEASE/spring-jcl-5.0.2.RELEASE.jar
04:02:41.316 [Thread-7] DEBUG spoon.Launcher - [INFO] Downloaded from google-maven-central: https://maven-central.storage-download.googleapis.com/maven2/org/slf4j/jcl-over-slf4j/1.7.25/jcl-over-slf4j-1.7.25.jar (17 kB at 45 kB/s)
04:02:41.317 [Thread-7] DEBUG spoon.Launcher - [INFO] Downloading from google-maven-central: https://maven-central.storage-download.googleapis.com/maven2/org/pac4j/pac4j-oauth/3.0.0/pac4j-oauth-3.0.0.jar
04:02:41.323 [Thread-7] DEBUG spoon.Launcher - [INFO] Downloaded from google-maven-central: https://maven-central.storage-download.googleapis.com/maven2/org/springframework/spring-jcl/5.0.2.RELEASE/spring-jcl-5.0.2.RELEASE.jar (16 kB at 42 kB/s)
04:02:41.323 [Thread-7] DEBUG spoon.Launcher - [INFO] Downloading from google-maven-central: https://maven-central.storage-download.googleapis.com/maven2/commons-codec/commons-codec/1.10/commons-codec-1.10.jar
04:02:41.340 [Thread-7] DEBUG spoon.Launcher - [INFO] Downloaded from google-maven-central: https://maven-central.storage-download.googleapis.com/maven2/org/pac4j/pac4j-oauth/3.0.0/pac4j-oauth-3.0.0.jar (205 kB at 528 kB/s)
04:02:41.341 [Thread-7] DEBUG spoon.Launcher - [INFO] Downloading from google-maven-central: https://maven-central.storage-download.googleapis.com/maven2/com/github/scribejava/scribejava-apis/5.3.0/scribejava-apis-5.3.0.jar
04:02:41.363 [Thread-7] DEBUG spoon.Launcher - [INFO] Downloaded from google-maven-central: https://maven-central.storage-download.googleapis.com/maven2/com/github/scribejava/scribejava-apis/5.3.0/scribejava-apis-5.3.0.jar (95 kB at 229 kB/s)
04:02:41.364 [Thread-7] DEBUG spoon.Launcher - [INFO] Downloading from google-maven-central: https://maven-central.storage-download.googleapis.com/maven2/com/github/scribejava/scribejava-core/5.3.0/scribejava-core-5.3.0.jar
04:02:41.378 [Thread-7] DEBUG spoon.Launcher - [INFO] Downloaded from google-maven-central: https://maven-central.storage-download.googleapis.com/maven2/commons-codec/commons-codec/1.10/commons-codec-1.10.jar (284 kB at 659 kB/s)
04:02:41.379 [Thread-7] DEBUG spoon.Launcher - [INFO] Downloading from google-maven-central: https://maven-central.storage-download.googleapis.com/maven2/com/fasterxml/jackson/core/jackson-databind/2.8.7/jackson-databind-2.8.7.jar
04:02:41.389 [Thread-7] DEBUG spoon.Launcher - [INFO] Downloaded from google-maven-central: https://maven-central.storage-download.googleapis.com/maven2/org/springframework/spring-core/5.0.2.RELEASE/spring-core-5.0.2.RELEASE.jar (1.2 MB at 2.8 MB/s)
04:02:41.391 [Thread-7] DEBUG spoon.Launcher - [INFO] Downloading from google-maven-central: https://maven-central.storage-download.googleapis.com/maven2/com/fasterxml/jackson/core/jackson-annotations/2.8.0/jackson-annotations-2.8.0.jar
04:02:41.395 [Thread-7] DEBUG spoon.Launcher - [INFO] Downloaded from google-maven-central: https://maven-central.storage-download.googleapis.com/maven2/com/github/scribejava/scribejava-core/5.3.0/scribejava-core-5.3.0.jar (114 kB at 255 kB/s)
04:02:41.395 [Thread-7] DEBUG spoon.Launcher - [INFO] Downloading from google-maven-central: https://maven-central.storage-download.googleapis.com/maven2/com/fasterxml/jackson/core/jackson-core/2.8.7/jackson-core-2.8.7.jar
04:02:41.408 [Thread-7] DEBUG spoon.Launcher - [INFO] Downloaded from google-maven-central: https://maven-central.storage-download.googleapis.com/maven2/com/fasterxml/jackson/core/jackson-annotations/2.8.0/jackson-annotations-2.8.0.jar (56 kB at 121 kB/s)
04:02:41.424 [Thread-7] DEBUG spoon.Launcher - [INFO] Downloaded from google-maven-central: https://maven-central.storage-download.googleapis.com/maven2/com/fasterxml/jackson/core/jackson-core/2.8.7/jackson-core-2.8.7.jar (282 kB at 593 kB/s)
04:02:41.426 [Thread-7] DEBUG spoon.Launcher - [INFO] Downloading from google-maven-central: https://maven-central.storage-download.googleapis.com/maven2/com/nimbusds/oauth2-oidc-sdk/5.45/oauth2-oidc-sdk-5.45.jar
04:02:41.427 [Thread-7] DEBUG spoon.Launcher - [INFO] Downloading from google-maven-central: https://maven-central.storage-download.googleapis.com/maven2/org/pac4j/pac4j-oidc/3.0.0/pac4j-oidc-3.0.0.jar
04:02:41.428 [Thread-7] DEBUG spoon.Launcher - [INFO] Downloaded from google-maven-central: https://maven-central.storage-download.googleapis.com/maven2/org/bouncycastle/bcprov-jdk15on/1.54/bcprov-jdk15on-1.54.jar (3.3 MB at 6.9 MB/s)
04:02:41.428 [Thread-7] DEBUG spoon.Launcher - [INFO] Downloading from google-maven-central: https://maven-central.storage-download.googleapis.com/maven2/javax/mail/mail/1.4.7/mail-1.4.7.jar
04:02:41.440 [Thread-7] DEBUG spoon.Launcher - [INFO] Downloaded from google-maven-central: https://maven-central.storage-download.googleapis.com/maven2/org/pac4j/pac4j-oidc/3.0.0/pac4j-oidc-3.0.0.jar (48 kB at 97 kB/s)
04:02:41.440 [Thread-7] DEBUG spoon.Launcher - [INFO] Downloading from google-maven-central: https://maven-central.storage-download.googleapis.com/maven2/javax/activation/activation/1.1/activation-1.1.jar
04:02:41.468 [Thread-7] DEBUG spoon.Launcher - [INFO] Downloaded from google-maven-central: https://maven-central.storage-download.googleapis.com/maven2/javax/activation/activation/1.1/activation-1.1.jar (63 kB at 121 kB/s)
04:02:41.468 [Thread-7] DEBUG spoon.Launcher - [INFO] Downloading from google-maven-central: https://maven-central.storage-download.googleapis.com/maven2/com/github/stephenc/jcip/jcip-annotations/1.0-1/jcip-annotations-1.0-1.jar
04:02:41.524 [Thread-7] DEBUG spoon.Launcher - [INFO] Downloaded from google-maven-central: https://maven-central.storage-download.googleapis.com/maven2/com/nimbusds/oauth2-oidc-sdk/5.45/oauth2-oidc-sdk-5.45.jar (404 kB at 771 kB/s)
04:02:41.524 [Thread-7] DEBUG spoon.Launcher - [INFO] Downloading from google-maven-central: https://maven-central.storage-download.googleapis.com/maven2/org/apache/commons/commons-lang3/3.7/commons-lang3-3.7.jar
04:02:41.528 [Thread-7] DEBUG spoon.Launcher - [INFO] Downloaded from google-maven-central: https://maven-central.storage-download.googleapis.com/maven2/com/github/stephenc/jcip/jcip-annotations/1.0-1/jcip-annotations-1.0-1.jar (4.7 kB at 8.1 kB/s)
04:02:41.528 [Thread-7] DEBUG spoon.Launcher - [INFO] Downloading from google-maven-central: https://maven-central.storage-download.googleapis.com/maven2/org/apache/commons/commons-collections4/4.1/commons-collections4-4.1.jar
04:02:41.529 [Thread-7] DEBUG spoon.Launcher - [INFO] Downloaded from google-maven-central: https://maven-central.storage-download.googleapis.com/maven2/javax/mail/mail/1.4.7/mail-1.4.7.jar (521 kB at 895 kB/s)
04:02:41.529 [Thread-7] DEBUG spoon.Launcher - [INFO] Downloading from google-maven-central: https://maven-central.storage-download.googleapis.com/maven2/net/minidev/json-smart/2.3/json-smart-2.3.jar
04:02:41.550 [Thread-7] DEBUG spoon.Launcher - [INFO] Downloaded from google-maven-central: https://maven-central.storage-download.googleapis.com/maven2/net/minidev/json-smart/2.3/json-smart-2.3.jar (120 kB at 200 kB/s)
04:02:41.550 [Thread-7] DEBUG spoon.Launcher - [INFO] Downloaded from google-maven-central: https://maven-central.storage-download.googleapis.com/maven2/com/fasterxml/jackson/core/jackson-databind/2.8.7/jackson-databind-2.8.7.jar (1.2 MB at 2.1 MB/s)
04:02:41.551 [Thread-7] DEBUG spoon.Launcher - [INFO] Downloaded from google-maven-central: https://maven-central.storage-download.googleapis.com/maven2/org/apache/commons/commons-lang3/3.7/commons-lang3-3.7.jar (500 kB at 830 kB/s)
04:02:41.557 [Thread-7] DEBUG spoon.Launcher - [INFO] Downloading from google-maven-central: https://maven-central.storage-download.googleapis.com/maven2/org/ow2/asm/asm/5.0.4/asm-5.0.4.jar
04:02:41.558 [Thread-7] DEBUG spoon.Launcher - [INFO] Downloading from google-maven-central: https://maven-central.storage-download.googleapis.com/maven2/com/nimbusds/lang-tag/1.5/lang-tag-1.5.jar
04:02:41.558 [Thread-7] DEBUG spoon.Launcher - [INFO] Downloading from google-maven-central: https://maven-central.storage-download.googleapis.com/maven2/net/minidev/accessors-smart/1.2/accessors-smart-1.2.jar
04:02:41.566 [Thread-7] DEBUG spoon.Launcher - [INFO] Downloaded from google-maven-central: https://maven-central.storage-download.googleapis.com/maven2/net/minidev/accessors-smart/1.2/accessors-smart-1.2.jar (30 kB at 49 kB/s)
04:02:41.567 [Thread-7] DEBUG spoon.Launcher - [INFO] Downloading from google-maven-central: https://maven-central.storage-download.googleapis.com/maven2/com/nimbusds/nimbus-jose-jwt/4.35/nimbus-jose-jwt-4.35.jar
04:02:41.597 [Thread-7] DEBUG spoon.Launcher - [INFO] Downloaded from google-maven-central: https://maven-central.storage-download.googleapis.com/maven2/com/nimbusds/lang-tag/1.5/lang-tag-1.5.jar (11 kB at 17 kB/s)
04:02:41.597 [Thread-7] DEBUG spoon.Launcher - [INFO] Downloading from google-maven-central: https://maven-central.storage-download.googleapis.com/maven2/org/bouncycastle/bcpkix-jdk15on/1.55/bcpkix-jdk15on-1.55.jar
04:02:41.598 [Thread-7] DEBUG spoon.Launcher - [INFO] Downloaded from google-maven-central: https://maven-central.storage-download.googleapis.com/maven2/org/ow2/asm/asm/5.0.4/asm-5.0.4.jar (53 kB at 83 kB/s)
04:02:41.599 [Thread-7] DEBUG spoon.Launcher - [INFO] Downloading from google-maven-central: https://maven-central.storage-download.googleapis.com/maven2/org/pac4j/pac4j-ldap/3.0.0/pac4j-ldap-3.0.0.jar
04:02:41.602 [Thread-7] DEBUG spoon.Launcher - [INFO] Downloaded from google-maven-central: https://maven-central.storage-download.googleapis.com/maven2/org/apache/commons/commons-collections4/4.1/commons-collections4-4.1.jar (751 kB at 1.2 MB/s)
04:02:41.604 [Thread-7] DEBUG spoon.Launcher - [INFO] Downloaded from google-maven-central: https://maven-central.storage-download.googleapis.com/maven2/com/nimbusds/nimbus-jose-jwt/4.35/nimbus-jose-jwt-4.35.jar (295 kB at 451 kB/s)
04:02:41.605 [Thread-7] DEBUG spoon.Launcher - [INFO] Downloading from google-maven-central: https://maven-central.storage-download.googleapis.com/maven2/org/ldaptive/ldaptive/1.2.3/ldaptive-1.2.3.jar
04:02:41.607 [Thread-7] DEBUG spoon.Launcher - [INFO] Downloading from google-maven-central: https://maven-central.storage-download.googleapis.com/maven2/commons-cli/commons-cli/1.4/commons-cli-1.4.jar
04:02:41.617 [Thread-7] DEBUG spoon.Launcher - [INFO] Downloaded from google-maven-central: https://maven-central.storage-download.googleapis.com/maven2/xalan/xalan/2.7.2/xalan-2.7.2.jar (3.2 MB at 4.7 MB/s)
04:02:41.617 [Thread-7] DEBUG spoon.Launcher - [INFO] Downloading from google-maven-central: https://maven-central.storage-download.googleapis.com/maven2/org/pac4j/pac4j-http/3.0.0/pac4j-http-3.0.0.jar
04:02:41.636 [Thread-7] DEBUG spoon.Launcher - [INFO] Downloaded from google-maven-central: https://maven-central.storage-download.googleapis.com/maven2/commons-cli/commons-cli/1.4/commons-cli-1.4.jar (54 kB at 78 kB/s)
04:02:41.636 [Thread-7] DEBUG spoon.Launcher - [INFO] Downloading from google-maven-central: https://maven-central.storage-download.googleapis.com/maven2/com/zaxxer/HikariCP/2.6.1/HikariCP-2.6.1.jar
04:02:41.644 [Thread-7] DEBUG spoon.Launcher - [INFO] Downloaded from google-maven-central: https://maven-central.storage-download.googleapis.com/maven2/org/bouncycastle/bcpkix-jdk15on/1.55/bcpkix-jdk15on-1.55.jar (682 kB at 989 kB/s)
04:02:41.645 [Thread-7] DEBUG spoon.Launcher - [INFO] Downloading from google-maven-central: https://maven-central.storage-download.googleapis.com/maven2/org/pac4j/pac4j-sql/3.0.0/pac4j-sql-3.0.0.jar
04:02:41.646 [Thread-7] DEBUG spoon.Launcher - [INFO] Downloaded from google-maven-central: https://maven-central.storage-download.googleapis.com/maven2/org/pac4j/pac4j-http/3.0.0/pac4j-http-3.0.0.jar (40 kB at 57 kB/s)
04:02:41.646 [Thread-7] DEBUG spoon.Launcher - [INFO] Downloading from google-maven-central: https://maven-central.storage-download.googleapis.com/maven2/org/jdbi/jdbi/2.78/jdbi-2.78.jar
04:02:41.648 [Thread-7] DEBUG spoon.Launcher - [INFO] Downloaded from google-maven-central: https://maven-central.storage-download.googleapis.com/maven2/com/zaxxer/HikariCP/2.6.1/HikariCP-2.6.1.jar (134 kB at 192 kB/s)
04:02:41.650 [Thread-7] DEBUG spoon.Launcher - [INFO] Downloading from google-maven-central: https://maven-central.storage-download.googleapis.com/maven2/org/springframework/security/spring-security-crypto/4.2.2.RELEASE/spring-security-crypto-4.2.2.RELEASE.jar
04:02:41.656 [Thread-7] DEBUG spoon.Launcher - [INFO] Downloaded from google-maven-central: https://maven-central.storage-download.googleapis.com/maven2/org/pac4j/pac4j-ldap/3.0.0/pac4j-ldap-3.0.0.jar (9.1 kB at 13 kB/s)
04:02:41.656 [Thread-7] DEBUG spoon.Launcher - [INFO] Downloading from google-maven-central: https://maven-central.storage-download.googleapis.com/maven2/org/apache/shiro/shiro-core/1.3.2/shiro-core-1.3.2.jar
04:02:41.659 [Thread-7] DEBUG spoon.Launcher - [INFO] Downloaded from google-maven-central: https://maven-central.storage-download.googleapis.com/maven2/org/springframework/security/spring-security-crypto/4.2.2.RELEASE/spring-security-crypto-4.2.2.RELEASE.jar (55 kB at 77 kB/s)
04:02:41.663 [Thread-7] DEBUG spoon.Launcher - [INFO] Downloading from google-maven-central: https://maven-central.storage-download.googleapis.com/maven2/commons-beanutils/commons-beanutils/1.8.3/commons-beanutils-1.8.3.jar
04:02:41.668 [Thread-7] DEBUG spoon.Launcher - [INFO] Downloaded from google-maven-central: https://maven-central.storage-download.googleapis.com/maven2/org/pac4j/pac4j-sql/3.0.0/pac4j-sql-3.0.0.jar (7.3 kB at 10 kB/s)
04:02:41.675 [Thread-7] DEBUG spoon.Launcher - [INFO] Downloading from google-maven-central: https://maven-central.storage-download.googleapis.com/maven2/org/pac4j/pac4j-core/3.0.0/pac4j-core-3.0.0-tests.jar
04:02:41.676 [Thread-7] DEBUG spoon.Launcher - [INFO] Downloaded from google-maven-central: https://maven-central.storage-download.googleapis.com/maven2/org/ldaptive/ldaptive/1.2.3/ldaptive-1.2.3.jar (802 kB at 1.1 MB/s)
04:02:41.676 [Thread-7] DEBUG spoon.Launcher - [INFO] Downloading from google-maven-central: https://maven-central.storage-download.googleapis.com/maven2/junit/junit/4.12/junit-4.12.jar
04:02:41.695 [Thread-7] DEBUG spoon.Launcher - [INFO] Downloaded from google-maven-central: https://maven-central.storage-download.googleapis.com/maven2/commons-beanutils/commons-beanutils/1.8.3/commons-beanutils-1.8.3.jar (232 kB at 311 kB/s)
04:02:41.695 [Thread-7] DEBUG spoon.Launcher - [INFO] Downloading from google-maven-central: https://maven-central.storage-download.googleapis.com/maven2/ch/qos/logback/logback-classic/1.2.2/logback-classic-1.2.2.jar
04:02:41.699 [Thread-7] DEBUG spoon.Launcher - [INFO] Downloaded from google-maven-central: https://maven-central.storage-download.googleapis.com/maven2/org/apache/shiro/shiro-core/1.3.2/shiro-core-1.3.2.jar (409 kB at 546 kB/s)
04:02:41.699 [Thread-7] DEBUG spoon.Launcher - [INFO] Downloading from google-maven-central: https://maven-central.storage-download.googleapis.com/maven2/ch/qos/logback/logback-core/1.2.2/logback-core-1.2.2.jar
04:02:41.699 [Thread-7] DEBUG spoon.Launcher - [INFO] Downloaded from google-maven-central: https://maven-central.storage-download.googleapis.com/maven2/org/pac4j/pac4j-core/3.0.0/pac4j-core-3.0.0-tests.jar (130 kB at 174 kB/s)
04:02:41.699 [Thread-7] DEBUG spoon.Launcher - [INFO] Downloading from google-maven-central: https://maven-central.storage-download.googleapis.com/maven2/org/pac4j/pac4j-ldap/3.0.0/pac4j-ldap-3.0.0-tests.jar
04:02:41.726 [Thread-7] DEBUG spoon.Launcher - [INFO] Downloaded from google-maven-central: https://maven-central.storage-download.googleapis.com/maven2/org/pac4j/pac4j-ldap/3.0.0/pac4j-ldap-3.0.0-tests.jar (10 kB at 13 kB/s)
04:02:41.726 [Thread-7] DEBUG spoon.Launcher - [INFO] Downloading from google-maven-central: https://maven-central.storage-download.googleapis.com/maven2/com/unboundid/unboundid-ldapsdk/3.2.1/unboundid-ldapsdk-3.2.1.jar
04:02:41.726 [Thread-7] DEBUG spoon.Launcher - [INFO] Downloaded from google-maven-central: https://maven-central.storage-download.googleapis.com/maven2/ch/qos/logback/logback-classic/1.2.2/logback-classic-1.2.2.jar (291 kB at 375 kB/s)
04:02:41.726 [Thread-7] DEBUG spoon.Launcher - [INFO] Downloading from google-maven-central: https://maven-central.storage-download.googleapis.com/maven2/org/pac4j/pac4j-sql/3.0.0/pac4j-sql-3.0.0-tests.jar
04:02:41.749 [Thread-7] DEBUG spoon.Launcher - [INFO] Downloaded from google-maven-central: https://maven-central.storage-download.googleapis.com/maven2/org/pac4j/pac4j-sql/3.0.0/pac4j-sql-3.0.0-tests.jar (8.2 kB at 10 kB/s)
04:02:41.749 [Thread-7] DEBUG spoon.Launcher - [INFO] Downloaded from google-maven-central: https://maven-central.storage-download.googleapis.com/maven2/junit/junit/4.12/junit-4.12.jar (315 kB at 393 kB/s)
04:02:41.759 [Thread-7] DEBUG spoon.Launcher - [INFO] Downloaded from google-maven-central: https://maven-central.storage-download.googleapis.com/maven2/ch/qos/logback/logback-core/1.2.2/logback-core-1.2.2.jar (473 kB at 583 kB/s)
04:02:41.799 [Thread-7] DEBUG spoon.Launcher - [INFO] Downloaded from google-maven-central: https://maven-central.storage-download.googleapis.com/maven2/org/jdbi/jdbi/2.78/jdbi-2.78.jar (1.0 MB at 1.2 MB/s)
04:02:41.871 [Thread-7] DEBUG spoon.Launcher - [INFO] Downloaded from google-maven-central: https://maven-central.storage-download.googleapis.com/maven2/com/unboundid/unboundid-ldapsdk/3.2.1/unboundid-ldapsdk-3.2.1.jar (2.0 MB at 2.2 MB/s)
04:02:41.938 [Thread-7] DEBUG spoon.Launcher - [INFO] 
04:02:41.939 [Thread-7] DEBUG spoon.Launcher - [INFO] --- maven-dependency-plugin:2.8:build-classpath (default-cli) @ pac4j-config ---
04:02:42.716 [Thread-7] DEBUG spoon.Launcher - [INFO] Wrote classpath file '/home/travis/build/SpoonLabs/spoon-ci-external/spoon/src/test/resources/maven-launcher/pac4j/pac4j-config/spoon.classpath.tmp'.
04:02:42.717 [Thread-7] DEBUG spoon.Launcher - [INFO] ------------------------------------------------------------------------
04:02:42.718 [Thread-7] DEBUG spoon.Launcher - [INFO] BUILD SUCCESS
04:02:42.718 [Thread-7] DEBUG spoon.Launcher - [INFO] ------------------------------------------------------------------------
04:02:42.719 [Thread-7] DEBUG spoon.Launcher - [INFO] Total time:  10.463 s
04:02:42.719 [Thread-7] DEBUG spoon.Launcher - [INFO] Finished at: 2020-10-29T04:02:42Z
04:02:42.719 [Thread-7] DEBUG spoon.Launcher - [INFO] ------------------------------------------------------------------------
]]></system-out>
  </testcase>
  <testcase name="testSystemDependency" classname="spoon.MavenLauncherTest" time="0.435">
    <system-out><![CDATA[04:02:42.767 [main] INFO spoon.Launcher - Running in NOCLASSPATH mode (doc: http://spoon.gforge.inria.fr/launcher.html).
]]></system-out>
  </testcase>
  <testcase name="testRebuildClasspath" classname="spoon.MavenLauncherTest" time="2.878">
    <system-out><![CDATA[04:02:43.202 [main] INFO spoon.Launcher - Running in NOCLASSPATH mode (doc: http://spoon.gforge.inria.fr/launcher.html).
04:02:44.782 [Thread-10] DEBUG spoon.Launcher - [INFO] Scanning for projects...
04:02:44.842 [Thread-10] DEBUG spoon.Launcher - [WARNING] 
04:02:44.843 [Thread-10] DEBUG spoon.Launcher - [WARNING] Some problems were encountered while building the effective model for org.foo.bar:foobar:jar:1.0.0-SNAPSHOT
04:02:44.846 [Thread-10] DEBUG spoon.Launcher - [WARNING] 'dependencies.dependency.systemPath' for com.infradna.tool:bridge-method-annotation:jar should not point at files within the project directory, ${basedir}/lib/bridge-method-annotation-1.13.jar will be unresolvable by dependent projects @ line 18, column 25
04:02:44.846 [Thread-10] DEBUG spoon.Launcher - [WARNING] 
04:02:44.847 [Thread-10] DEBUG spoon.Launcher - [WARNING] It is highly recommended to fix these problems because they threaten the stability of your build.
04:02:44.847 [Thread-10] DEBUG spoon.Launcher - [WARNING] 
04:02:44.848 [Thread-10] DEBUG spoon.Launcher - [WARNING] For this reason, future Maven versions might no longer support building such malformed projects.
04:02:44.848 [Thread-10] DEBUG spoon.Launcher - [WARNING] 
04:02:45.133 [Thread-10] DEBUG spoon.Launcher - [INFO] 
04:02:45.134 [Thread-10] DEBUG spoon.Launcher - [INFO] -------------------------< org.foo.bar:foobar >-------------------------
04:02:45.134 [Thread-10] DEBUG spoon.Launcher - [INFO] Building foobar 1.0.0-SNAPSHOT
04:02:45.139 [Thread-10] DEBUG spoon.Launcher - [INFO] --------------------------------[ jar ]---------------------------------
04:02:45.161 [Thread-10] DEBUG spoon.Launcher - [INFO] 
04:02:45.163 [Thread-10] DEBUG spoon.Launcher - [INFO] --- maven-dependency-plugin:2.8:build-classpath (default-cli) @ foobar ---
04:02:46.056 [Thread-10] DEBUG spoon.Launcher - [INFO] Wrote classpath file '/home/travis/build/SpoonLabs/spoon-ci-external/spoon/src/test/resources/maven-launcher/system-dependency/spoon.classpath.tmp'.
04:02:46.056 [Thread-10] DEBUG spoon.Launcher - [INFO] ------------------------------------------------------------------------
04:02:46.056 [Thread-10] DEBUG spoon.Launcher - [INFO] BUILD SUCCESS
04:02:46.057 [Thread-10] DEBUG spoon.Launcher - [INFO] ------------------------------------------------------------------------
04:02:46.058 [Thread-10] DEBUG spoon.Launcher - [INFO] Total time:  1.299 s
04:02:46.059 [Thread-10] DEBUG spoon.Launcher - [INFO] Finished at: 2020-10-29T04:02:46Z
04:02:46.059 [Thread-10] DEBUG spoon.Launcher - [INFO] ------------------------------------------------------------------------
]]></system-out>
  </testcase>
  <testcase name="testTypeResolution" classname="spoon.MavenLauncherTest" time="0">
    <skipped/>
  </testcase>
  <testcase name="multiModulesProjectTest" classname="spoon.MavenLauncherTest" time="13">
    <system-out><![CDATA[04:02:46.090 [main] INFO spoon.Launcher - Running in NOCLASSPATH mode (doc: http://spoon.gforge.inria.fr/launcher.html).
04:02:47.611 [Thread-13] DEBUG spoon.Launcher - [INFO] Scanning for projects...
04:02:48.625 [Thread-13] DEBUG spoon.Launcher - [INFO] ------------------------------------------------------------------------
04:02:48.626 [Thread-13] DEBUG spoon.Launcher - [INFO] Reactor Build Order:
04:02:48.626 [Thread-13] DEBUG spoon.Launcher - [INFO] 
04:02:48.628 [Thread-13] DEBUG spoon.Launcher - [INFO] pac4j                                                              [pom]
04:02:48.635 [Thread-13] DEBUG spoon.Launcher - [INFO] pac4j core                                                         [jar]
04:02:48.639 [Thread-13] DEBUG spoon.Launcher - [INFO] pac4j for CAS protocol                                             [jar]
04:02:48.639 [Thread-13] DEBUG spoon.Launcher - [INFO] pac4j for SAML protocol                                            [jar]
04:02:48.640 [Thread-13] DEBUG spoon.Launcher - [INFO] pac4j for OAuth protocol                                           [jar]
04:02:48.641 [Thread-13] DEBUG spoon.Launcher - [INFO] pac4j for OpenID Connect protocol                                  [jar]
04:02:48.642 [Thread-13] DEBUG spoon.Launcher - [INFO] pac4j for LDAP                                                     [jar]
04:02:48.643 [Thread-13] DEBUG spoon.Launcher - [INFO] pac4j for HTTP protocol                                            [jar]
04:02:48.644 [Thread-13] DEBUG spoon.Launcher - [INFO] pac4j for relational DB                                            [jar]
04:02:48.644 [Thread-13] DEBUG spoon.Launcher - [INFO] pac4j configuration                                                [jar]
04:02:48.645 [Thread-13] DEBUG spoon.Launcher - [INFO] pac4j for OpenId protocol                                          [jar]
04:02:48.646 [Thread-13] DEBUG spoon.Launcher - [INFO] pac4j for GAE UserService mechanism                                [jar]
04:02:48.646 [Thread-13] DEBUG spoon.Launcher - [INFO] pac4j for JWT                                                      [jar]
04:02:48.647 [Thread-13] DEBUG spoon.Launcher - [INFO] pac4j for MongoDB                                                  [jar]
04:02:48.648 [Thread-13] DEBUG spoon.Launcher - [INFO] pac4j for CouchDB                                                  [jar]
04:02:48.649 [Thread-13] DEBUG spoon.Launcher - [INFO] pac4j for Kerberos                                                 [jar]
04:02:48.996 [Thread-13] DEBUG spoon.Launcher - [INFO] 
04:02:48.997 [Thread-13] DEBUG spoon.Launcher - [INFO] --------------------------< org.pac4j:pac4j >---------------------------
04:02:48.998 [Thread-13] DEBUG spoon.Launcher - [INFO] Building pac4j 3.0.0                                              [1/16]
04:02:48.999 [Thread-13] DEBUG spoon.Launcher - [INFO] --------------------------------[ pom ]---------------------------------
04:02:49.009 [Thread-13] DEBUG spoon.Launcher - [INFO] 
04:02:49.010 [Thread-13] DEBUG spoon.Launcher - [INFO] --- maven-dependency-plugin:2.8:build-classpath (default-cli) @ pac4j ---
04:02:49.512 [Thread-13] DEBUG spoon.Launcher - [INFO] No dependencies found.
04:02:49.512 [Thread-13] DEBUG spoon.Launcher - [INFO] Wrote classpath file '/home/travis/build/SpoonLabs/spoon-ci-external/spoon/src/test/resources/maven-launcher/pac4j/spoon.classpath.tmp'.
04:02:49.513 [Thread-13] DEBUG spoon.Launcher - [INFO] 
04:02:49.514 [Thread-13] DEBUG spoon.Launcher - [INFO] ------------------------< org.pac4j:pac4j-core >------------------------
04:02:49.514 [Thread-13] DEBUG spoon.Launcher - [INFO] Building pac4j core 3.0.0                                         [2/16]
04:02:49.514 [Thread-13] DEBUG spoon.Launcher - [INFO] --------------------------------[ jar ]---------------------------------
04:02:49.917 [Thread-13] DEBUG spoon.Launcher - [INFO] Downloading from google-maven-central: https://maven-central.storage-download.googleapis.com/maven2/javax/servlet/javax.servlet-api/3.1.0/javax.servlet-api-3.1.0.pom
04:02:50.280 [Thread-13] DEBUG spoon.Launcher - [INFO] Downloaded from google-maven-central: https://maven-central.storage-download.googleapis.com/maven2/javax/servlet/javax.servlet-api/3.1.0/javax.servlet-api-3.1.0.pom (14 kB at 37 kB/s)
04:02:50.290 [Thread-13] DEBUG spoon.Launcher - [INFO] Downloading from google-maven-central: https://maven-central.storage-download.googleapis.com/maven2/net/java/jvnet-parent/3/jvnet-parent-3.pom
04:02:50.303 [Thread-13] DEBUG spoon.Launcher - [INFO] Downloaded from google-maven-central: https://maven-central.storage-download.googleapis.com/maven2/net/java/jvnet-parent/3/jvnet-parent-3.pom (4.8 kB at 368 kB/s)
04:02:50.331 [Thread-13] DEBUG spoon.Launcher - [INFO] Downloading from google-maven-central: https://maven-central.storage-download.googleapis.com/maven2/org/springframework/spring-test/4.3.7.RELEASE/spring-test-4.3.7.RELEASE.pom
04:02:50.369 [Thread-13] DEBUG spoon.Launcher - [INFO] Downloaded from google-maven-central: https://maven-central.storage-download.googleapis.com/maven2/org/springframework/spring-test/4.3.7.RELEASE/spring-test-4.3.7.RELEASE.pom (8.0 kB at 215 kB/s)
04:02:50.374 [Thread-13] DEBUG spoon.Launcher - [INFO] Downloading from google-maven-central: https://maven-central.storage-download.googleapis.com/maven2/org/springframework/spring-core/4.3.7.RELEASE/spring-core-4.3.7.RELEASE.pom
04:02:50.408 [Thread-13] DEBUG spoon.Launcher - [INFO] Downloaded from google-maven-central: https://maven-central.storage-download.googleapis.com/maven2/org/springframework/spring-core/4.3.7.RELEASE/spring-core-4.3.7.RELEASE.pom (2.5 kB at 73 kB/s)
04:02:50.421 [Thread-13] DEBUG spoon.Launcher - [INFO] Downloading from google-maven-central: https://maven-central.storage-download.googleapis.com/maven2/org/mockito/mockito-core/2.7.19/mockito-core-2.7.19.pom
04:02:50.458 [Thread-13] DEBUG spoon.Launcher - [INFO] Downloaded from google-maven-central: https://maven-central.storage-download.googleapis.com/maven2/org/mockito/mockito-core/2.7.19/mockito-core-2.7.19.pom (2.3 kB at 63 kB/s)
04:02:50.463 [Thread-13] DEBUG spoon.Launcher - [INFO] Downloading from google-maven-central: https://maven-central.storage-download.googleapis.com/maven2/net/bytebuddy/byte-buddy/1.6.11/byte-buddy-1.6.11.pom
04:02:50.490 [Thread-13] DEBUG spoon.Launcher - [INFO] Downloaded from google-maven-central: https://maven-central.storage-download.googleapis.com/maven2/net/bytebuddy/byte-buddy/1.6.11/byte-buddy-1.6.11.pom (12 kB at 380 kB/s)
04:02:50.494 [Thread-13] DEBUG spoon.Launcher - [INFO] Downloading from google-maven-central: https://maven-central.storage-download.googleapis.com/maven2/net/bytebuddy/byte-buddy-parent/1.6.11/byte-buddy-parent-1.6.11.pom
04:02:50.526 [Thread-13] DEBUG spoon.Launcher - [INFO] Downloaded from google-maven-central: https://maven-central.storage-download.googleapis.com/maven2/net/bytebuddy/byte-buddy-parent/1.6.11/byte-buddy-parent-1.6.11.pom (26 kB at 782 kB/s)
04:02:50.531 [Thread-13] DEBUG spoon.Launcher - [INFO] Downloading from google-maven-central: https://maven-central.storage-download.googleapis.com/maven2/net/bytebuddy/byte-buddy-agent/1.6.11/byte-buddy-agent-1.6.11.pom
04:02:50.556 [Thread-13] DEBUG spoon.Launcher - [INFO] Downloaded from google-maven-central: https://maven-central.storage-download.googleapis.com/maven2/net/bytebuddy/byte-buddy-agent/1.6.11/byte-buddy-agent-1.6.11.pom (4.5 kB at 180 kB/s)
04:02:50.560 [Thread-13] DEBUG spoon.Launcher - [INFO] Downloading from google-maven-central: https://maven-central.storage-download.googleapis.com/maven2/org/objenesis/objenesis/2.5/objenesis-2.5.pom
04:02:50.588 [Thread-13] DEBUG spoon.Launcher - [INFO] Downloaded from google-maven-central: https://maven-central.storage-download.googleapis.com/maven2/org/objenesis/objenesis/2.5/objenesis-2.5.pom (2.8 kB at 96 kB/s)
04:02:50.592 [Thread-13] DEBUG spoon.Launcher - [INFO] Downloading from google-maven-central: https://maven-central.storage-download.googleapis.com/maven2/org/objenesis/objenesis-parent/2.5/objenesis-parent-2.5.pom
04:02:50.624 [Thread-13] DEBUG spoon.Launcher - [INFO] Downloaded from google-maven-central: https://maven-central.storage-download.googleapis.com/maven2/org/objenesis/objenesis-parent/2.5/objenesis-parent-2.5.pom (17 kB at 533 kB/s)
04:02:50.637 [Thread-13] DEBUG spoon.Launcher - [INFO] Downloading from google-maven-central: https://maven-central.storage-download.googleapis.com/maven2/javax/servlet/javax.servlet-api/3.1.0/javax.servlet-api-3.1.0.jar
04:02:50.647 [Thread-13] DEBUG spoon.Launcher - [INFO] Downloading from google-maven-central: https://maven-central.storage-download.googleapis.com/maven2/org/springframework/spring-core/4.3.7.RELEASE/spring-core-4.3.7.RELEASE.jar
04:02:50.649 [Thread-13] DEBUG spoon.Launcher - [INFO] Downloading from google-maven-central: https://maven-central.storage-download.googleapis.com/maven2/org/mockito/mockito-core/2.7.19/mockito-core-2.7.19.jar
04:02:50.651 [Thread-13] DEBUG spoon.Launcher - [INFO] Downloading from google-maven-central: https://maven-central.storage-download.googleapis.com/maven2/org/springframework/spring-test/4.3.7.RELEASE/spring-test-4.3.7.RELEASE.jar
04:02:50.652 [Thread-13] DEBUG spoon.Launcher - [INFO] Downloading from google-maven-central: https://maven-central.storage-download.googleapis.com/maven2/net/bytebuddy/byte-buddy/1.6.11/byte-buddy-1.6.11.jar
04:02:50.708 [Thread-13] DEBUG spoon.Launcher - [INFO] Downloaded from google-maven-central: https://maven-central.storage-download.googleapis.com/maven2/javax/servlet/javax.servlet-api/3.1.0/javax.servlet-api-3.1.0.jar (96 kB at 1.3 MB/s)
04:02:50.711 [Thread-13] DEBUG spoon.Launcher - [INFO] Downloading from google-maven-central: https://maven-central.storage-download.googleapis.com/maven2/net/bytebuddy/byte-buddy-agent/1.6.11/byte-buddy-agent-1.6.11.jar
04:02:50.740 [Thread-13] DEBUG spoon.Launcher - [INFO] Downloaded from google-maven-central: https://maven-central.storage-download.googleapis.com/maven2/net/bytebuddy/byte-buddy-agent/1.6.11/byte-buddy-agent-1.6.11.jar (31 kB at 349 kB/s)
04:02:50.751 [Thread-13] DEBUG spoon.Launcher - [INFO] Downloading from google-maven-central: https://maven-central.storage-download.googleapis.com/maven2/org/objenesis/objenesis/2.5/objenesis-2.5.jar
04:02:50.791 [Thread-13] DEBUG spoon.Launcher - [INFO] Downloaded from google-maven-central: https://maven-central.storage-download.googleapis.com/maven2/org/objenesis/objenesis/2.5/objenesis-2.5.jar (54 kB at 389 kB/s)
04:02:50.873 [Thread-13] DEBUG spoon.Launcher - [INFO] Downloaded from google-maven-central: https://maven-central.storage-download.googleapis.com/maven2/org/mockito/mockito-core/2.7.19/mockito-core-2.7.19.jar (533 kB at 2.3 MB/s)
04:02:50.913 [Thread-13] DEBUG spoon.Launcher - [INFO] Downloaded from google-maven-central: https://maven-central.storage-download.googleapis.com/maven2/org/springframework/spring-core/4.3.7.RELEASE/spring-core-4.3.7.RELEASE.jar (1.1 MB at 4.1 MB/s)
04:02:50.925 [Thread-13] DEBUG spoon.Launcher - [INFO] Downloaded from google-maven-central: https://maven-central.storage-download.googleapis.com/maven2/org/springframework/spring-test/4.3.7.RELEASE/spring-test-4.3.7.RELEASE.jar (599 kB at 2.1 MB/s)
04:02:50.941 [Thread-13] DEBUG spoon.Launcher - [INFO] Downloaded from google-maven-central: https://maven-central.storage-download.googleapis.com/maven2/net/bytebuddy/byte-buddy/1.6.11/byte-buddy-1.6.11.jar (2.8 MB at 9.5 MB/s)
04:02:50.955 [Thread-13] DEBUG spoon.Launcher - [INFO] 
04:02:50.956 [Thread-13] DEBUG spoon.Launcher - [INFO] --- maven-dependency-plugin:2.8:build-classpath (default-cli) @ pac4j-core ---
04:02:51.253 [Thread-13] DEBUG spoon.Launcher - [INFO] Wrote classpath file '/home/travis/build/SpoonLabs/spoon-ci-external/spoon/src/test/resources/maven-launcher/pac4j/pac4j-core/spoon.classpath.tmp'.
04:02:51.254 [Thread-13] DEBUG spoon.Launcher - [INFO] 
04:02:51.255 [Thread-13] DEBUG spoon.Launcher - [INFO] ------------------------< org.pac4j:pac4j-cas >-------------------------
04:02:51.256 [Thread-13] DEBUG spoon.Launcher - [INFO] Building pac4j for CAS protocol 3.0.0                             [3/16]
04:02:51.256 [Thread-13] DEBUG spoon.Launcher - [INFO] --------------------------------[ jar ]---------------------------------
04:02:51.264 [Thread-13] DEBUG spoon.Launcher - [INFO] Downloading from google-maven-central: https://maven-central.storage-download.googleapis.com/maven2/org/jasig/cas/client/cas-client-core/3.4.1/cas-client-core-3.4.1.pom
04:02:51.275 [Thread-13] DEBUG spoon.Launcher - [INFO] Downloaded from google-maven-central: https://maven-central.storage-download.googleapis.com/maven2/org/jasig/cas/client/cas-client-core/3.4.1/cas-client-core-3.4.1.pom (3.1 kB at 280 kB/s)
04:02:51.279 [Thread-13] DEBUG spoon.Launcher - [INFO] Downloading from google-maven-central: https://maven-central.storage-download.googleapis.com/maven2/org/jasig/cas/client/cas-client/3.4.1/cas-client-3.4.1.pom
04:02:51.292 [Thread-13] DEBUG spoon.Launcher - [INFO] Downloaded from google-maven-central: https://maven-central.storage-download.googleapis.com/maven2/org/jasig/cas/client/cas-client/3.4.1/cas-client-3.4.1.pom (10 kB at 834 kB/s)
04:02:51.299 [Thread-13] DEBUG spoon.Launcher - [INFO] Downloading from google-maven-central: https://maven-central.storage-download.googleapis.com/maven2/org/jasig/cas/client/cas-client-support-saml/3.4.1/cas-client-support-saml-3.4.1.pom
04:02:51.310 [Thread-13] DEBUG spoon.Launcher - [INFO] Downloaded from google-maven-central: https://maven-central.storage-download.googleapis.com/maven2/org/jasig/cas/client/cas-client-support-saml/3.4.1/cas-client-support-saml-3.4.1.pom (1.7 kB at 150 kB/s)
04:02:51.325 [Thread-13] DEBUG spoon.Launcher - [INFO] Downloading from google-maven-central: https://maven-central.storage-download.googleapis.com/maven2/org/jasig/cas/client/cas-client-core/3.4.1/cas-client-core-3.4.1.jar
04:02:51.336 [Thread-13] DEBUG spoon.Launcher - [INFO] Downloading from google-maven-central: https://maven-central.storage-download.googleapis.com/maven2/org/jasig/cas/client/cas-client-support-saml/3.4.1/cas-client-support-saml-3.4.1.jar
04:02:51.337 [Thread-13] DEBUG spoon.Launcher - [INFO] Downloading from google-maven-central: https://maven-central.storage-download.googleapis.com/maven2/joda-time/joda-time/2.7/joda-time-2.7.jar
04:02:51.359 [Thread-13] DEBUG spoon.Launcher - [INFO] Downloaded from google-maven-central: https://maven-central.storage-download.googleapis.com/maven2/org/jasig/cas/client/cas-client-core/3.4.1/cas-client-core-3.4.1.jar (137 kB at 3.9 MB/s)
04:02:51.380 [Thread-13] DEBUG spoon.Launcher - [INFO] Downloaded from google-maven-central: https://maven-central.storage-download.googleapis.com/maven2/org/jasig/cas/client/cas-client-support-saml/3.4.1/cas-client-support-saml-3.4.1.jar (12 kB at 218 kB/s)
04:02:51.380 [Thread-13] DEBUG spoon.Launcher - [INFO] Downloaded from google-maven-central: https://maven-central.storage-download.googleapis.com/maven2/joda-time/joda-time/2.7/joda-time-2.7.jar (589 kB at 11 MB/s)
04:02:51.383 [Thread-13] DEBUG spoon.Launcher - [INFO] 
04:02:51.383 [Thread-13] DEBUG spoon.Launcher - [INFO] --- maven-dependency-plugin:2.8:build-classpath (default-cli) @ pac4j-cas ---
04:02:51.386 [Thread-13] DEBUG spoon.Launcher - [INFO] Wrote classpath file '/home/travis/build/SpoonLabs/spoon-ci-external/spoon/src/test/resources/maven-launcher/pac4j/pac4j-cas/spoon.classpath.tmp'.
04:02:51.386 [Thread-13] DEBUG spoon.Launcher - [INFO] 
04:02:51.387 [Thread-13] DEBUG spoon.Launcher - [INFO] ------------------------< org.pac4j:pac4j-saml >------------------------
04:02:51.387 [Thread-13] DEBUG spoon.Launcher - [INFO] Building pac4j for SAML protocol 3.0.0                            [4/16]
04:02:51.387 [Thread-13] DEBUG spoon.Launcher - [INFO] --------------------------------[ jar ]---------------------------------
04:02:51.390 [Thread-13] DEBUG spoon.Launcher - [INFO] Downloading from google-maven-central: https://maven-central.storage-download.googleapis.com/maven2/org/opensaml/opensaml-core/3.3.0/opensaml-core-3.3.0.pom
04:02:51.404 [Thread-13] DEBUG spoon.Launcher - [INFO] Downloaded from google-maven-central: https://maven-central.storage-download.googleapis.com/maven2/org/opensaml/opensaml-core/3.3.0/opensaml-core-3.3.0.pom (2.4 kB at 222 kB/s)
04:02:51.409 [Thread-13] DEBUG spoon.Launcher - [INFO] Downloading from google-maven-central: https://maven-central.storage-download.googleapis.com/maven2/org/opensaml/opensaml-parent/3.3.0/opensaml-parent-3.3.0.pom
04:02:51.420 [Thread-13] DEBUG spoon.Launcher - [INFO] Downloaded from google-maven-central: https://maven-central.storage-download.googleapis.com/maven2/org/opensaml/opensaml-parent/3.3.0/opensaml-parent-3.3.0.pom (5.6 kB at 509 kB/s)
04:02:51.453 [Thread-13] DEBUG spoon.Launcher - [INFO] Downloading from google-maven-central: https://maven-central.storage-download.googleapis.com/maven2/org/opensaml/opensaml-saml-api/3.3.0/opensaml-saml-api-3.3.0.pom
04:02:51.465 [Thread-13] DEBUG spoon.Launcher - [INFO] Downloaded from google-maven-central: https://maven-central.storage-download.googleapis.com/maven2/org/opensaml/opensaml-saml-api/3.3.0/opensaml-saml-api-3.3.0.pom (2.5 kB at 177 kB/s)
04:02:51.476 [Thread-13] DEBUG spoon.Launcher - [INFO] Downloading from google-maven-central: https://maven-central.storage-download.googleapis.com/maven2/org/opensaml/opensaml-xmlsec-api/3.3.0/opensaml-xmlsec-api-3.3.0.pom
04:02:51.489 [Thread-13] DEBUG spoon.Launcher - [INFO] Downloaded from google-maven-central: https://maven-central.storage-download.googleapis.com/maven2/org/opensaml/opensaml-xmlsec-api/3.3.0/opensaml-xmlsec-api-3.3.0.pom (2.0 kB at 167 kB/s)
04:02:51.498 [Thread-13] DEBUG spoon.Launcher - [INFO] Downloading from google-maven-central: https://maven-central.storage-download.googleapis.com/maven2/org/opensaml/opensaml-security-api/3.3.0/opensaml-security-api-3.3.0.pom
04:02:51.507 [Thread-13] DEBUG spoon.Launcher - [INFO] Downloaded from google-maven-central: https://maven-central.storage-download.googleapis.com/maven2/org/opensaml/opensaml-security-api/3.3.0/opensaml-security-api-3.3.0.pom (2.4 kB at 239 kB/s)
04:02:51.513 [Thread-13] DEBUG spoon.Launcher - [INFO] Downloading from google-maven-central: https://maven-central.storage-download.googleapis.com/maven2/org/opensaml/opensaml-messaging-api/3.3.0/opensaml-messaging-api-3.3.0.pom
04:02:51.521 [Thread-13] DEBUG spoon.Launcher - [INFO] Downloaded from google-maven-central: https://maven-central.storage-download.googleapis.com/maven2/org/opensaml/opensaml-messaging-api/3.3.0/opensaml-messaging-api-3.3.0.pom (1.7 kB at 279 kB/s)
04:02:51.543 [Thread-13] DEBUG spoon.Launcher - [INFO] Downloading from google-maven-central: https://maven-central.storage-download.googleapis.com/maven2/org/opensaml/opensaml-soap-api/3.3.0/opensaml-soap-api-3.3.0.pom
04:02:51.549 [Thread-13] DEBUG spoon.Launcher - [INFO] Downloaded from google-maven-central: https://maven-central.storage-download.googleapis.com/maven2/org/opensaml/opensaml-soap-api/3.3.0/opensaml-soap-api-3.3.0.pom (1.6 kB at 200 kB/s)
04:02:51.554 [Thread-13] DEBUG spoon.Launcher - [INFO] Downloading from google-maven-central: https://maven-central.storage-download.googleapis.com/maven2/org/opensaml/opensaml-profile-api/3.3.0/opensaml-profile-api-3.3.0.pom
04:02:51.565 [Thread-13] DEBUG spoon.Launcher - [INFO] Downloaded from google-maven-central: https://maven-central.storage-download.googleapis.com/maven2/org/opensaml/opensaml-profile-api/3.3.0/opensaml-profile-api-3.3.0.pom (2.4 kB at 214 kB/s)
04:02:51.575 [Thread-13] DEBUG spoon.Launcher - [INFO] Downloading from google-maven-central: https://maven-central.storage-download.googleapis.com/maven2/org/opensaml/opensaml-storage-api/3.3.0/opensaml-storage-api-3.3.0.pom
04:02:51.596 [Thread-13] DEBUG spoon.Launcher - [INFO] Downloaded from google-maven-central: https://maven-central.storage-download.googleapis.com/maven2/org/opensaml/opensaml-storage-api/3.3.0/opensaml-storage-api-3.3.0.pom (1.2 kB at 58 kB/s)
04:02:51.601 [Thread-13] DEBUG spoon.Launcher - [INFO] Downloading from google-maven-central: https://maven-central.storage-download.googleapis.com/maven2/org/opensaml/opensaml-saml-impl/3.3.0/opensaml-saml-impl-3.3.0.pom
04:02:51.614 [Thread-13] DEBUG spoon.Launcher - [INFO] Downloaded from google-maven-central: https://maven-central.storage-download.googleapis.com/maven2/org/opensaml/opensaml-saml-impl/3.3.0/opensaml-saml-impl-3.3.0.pom (5.5 kB at 459 kB/s)
04:02:51.620 [Thread-13] DEBUG spoon.Launcher - [INFO] Downloading from google-maven-central: https://maven-central.storage-download.googleapis.com/maven2/org/opensaml/opensaml-security-impl/3.3.0/opensaml-security-impl-3.3.0.pom
04:02:51.632 [Thread-13] DEBUG spoon.Launcher - [INFO] Downloaded from google-maven-central: https://maven-central.storage-download.googleapis.com/maven2/org/opensaml/opensaml-security-impl/3.3.0/opensaml-security-impl-3.3.0.pom (2.1 kB at 173 kB/s)
04:02:51.636 [Thread-13] DEBUG spoon.Launcher - [INFO] Downloading from google-maven-central: https://maven-central.storage-download.googleapis.com/maven2/org/opensaml/opensaml-xmlsec-impl/3.3.0/opensaml-xmlsec-impl-3.3.0.pom
04:02:51.647 [Thread-13] DEBUG spoon.Launcher - [INFO] Downloaded from google-maven-central: https://maven-central.storage-download.googleapis.com/maven2/org/opensaml/opensaml-xmlsec-impl/3.3.0/opensaml-xmlsec-impl-3.3.0.pom (2.1 kB at 211 kB/s)
04:02:51.653 [Thread-13] DEBUG spoon.Launcher - [INFO] Downloading from google-maven-central: https://maven-central.storage-download.googleapis.com/maven2/org/opensaml/opensaml-soap-impl/3.3.0/opensaml-soap-impl-3.3.0.pom
04:02:51.658 [Thread-13] DEBUG spoon.Launcher - [INFO] Downloaded from google-maven-central: https://maven-central.storage-download.googleapis.com/maven2/org/opensaml/opensaml-soap-impl/3.3.0/opensaml-soap-impl-3.3.0.pom (2.7 kB at 542 kB/s)
04:02:51.667 [Thread-13] DEBUG spoon.Launcher - [INFO] Downloading from google-maven-central: https://maven-central.storage-download.googleapis.com/maven2/org/opensaml/opensaml-profile-impl/3.3.0/opensaml-profile-impl-3.3.0.pom
04:02:51.674 [Thread-13] DEBUG spoon.Launcher - [INFO] Downloaded from google-maven-central: https://maven-central.storage-download.googleapis.com/maven2/org/opensaml/opensaml-profile-impl/3.3.0/opensaml-profile-impl-3.3.0.pom (3.3 kB at 409 kB/s)
04:02:51.682 [Thread-13] DEBUG spoon.Launcher - [INFO] Downloading from google-maven-central: https://maven-central.storage-download.googleapis.com/maven2/org/opensaml/opensaml-messaging-impl/3.3.0/opensaml-messaging-impl-3.3.0.pom
04:02:51.693 [Thread-13] DEBUG spoon.Launcher - [INFO] Downloaded from google-maven-central: https://maven-central.storage-download.googleapis.com/maven2/org/opensaml/opensaml-messaging-impl/3.3.0/opensaml-messaging-impl-3.3.0.pom (2.1 kB at 175 kB/s)
04:02:51.698 [Thread-13] DEBUG spoon.Launcher - [INFO] Downloading from google-maven-central: https://maven-central.storage-download.googleapis.com/maven2/org/cryptacular/cryptacular/1.1.0/cryptacular-1.1.0.pom
04:02:51.706 [Thread-13] DEBUG spoon.Launcher - [INFO] Downloaded from google-maven-central: https://maven-central.storage-download.googleapis.com/maven2/org/cryptacular/cryptacular/1.1.0/cryptacular-1.1.0.pom (10.0 kB at 1.2 MB/s)
04:02:51.715 [Thread-13] DEBUG spoon.Launcher - [INFO] Downloading from google-maven-central: https://maven-central.storage-download.googleapis.com/maven2/joda-time/joda-time/2.9.2/joda-time-2.9.2.pom
04:02:51.725 [Thread-13] DEBUG spoon.Launcher - [INFO] Downloaded from google-maven-central: https://maven-central.storage-download.googleapis.com/maven2/joda-time/joda-time/2.9.2/joda-time-2.9.2.pom (30 kB at 2.7 MB/s)
04:02:51.765 [Thread-13] DEBUG spoon.Launcher - [INFO] Downloading from google-maven-central: https://maven-central.storage-download.googleapis.com/maven2/commons-logging/commons-logging/1.2/commons-logging-1.2.pom
04:02:51.790 [Thread-13] DEBUG spoon.Launcher - [INFO] Downloaded from google-maven-central: https://maven-central.storage-download.googleapis.com/maven2/commons-logging/commons-logging/1.2/commons-logging-1.2.pom (19 kB at 711 kB/s)
04:02:51.793 [Thread-13] DEBUG spoon.Launcher - [INFO] Downloading from google-maven-central: https://maven-central.storage-download.googleapis.com/maven2/org/apache/commons/commons-parent/34/commons-parent-34.pom
04:02:51.800 [Thread-13] DEBUG spoon.Launcher - [INFO] Downloaded from google-maven-central: https://maven-central.storage-download.googleapis.com/maven2/org/apache/commons/commons-parent/34/commons-parent-34.pom (56 kB at 8.0 MB/s)
04:02:51.809 [Thread-13] DEBUG spoon.Launcher - [INFO] Downloading from google-maven-central: https://maven-central.storage-download.googleapis.com/maven2/org/springframework/spring-web/4.3.7.RELEASE/spring-web-4.3.7.RELEASE.pom
04:02:51.816 [Thread-13] DEBUG spoon.Launcher - [INFO] Downloaded from google-maven-central: https://maven-central.storage-download.googleapis.com/maven2/org/springframework/spring-web/4.3.7.RELEASE/spring-web-4.3.7.RELEASE.pom (8.0 kB at 1.1 MB/s)
04:02:51.819 [Thread-13] DEBUG spoon.Launcher - [INFO] Downloading from google-maven-central: https://maven-central.storage-download.googleapis.com/maven2/org/springframework/spring-aop/4.3.7.RELEASE/spring-aop-4.3.7.RELEASE.pom
04:02:51.829 [Thread-13] DEBUG spoon.Launcher - [INFO] Downloaded from google-maven-central: https://maven-central.storage-download.googleapis.com/maven2/org/springframework/spring-aop/4.3.7.RELEASE/spring-aop-4.3.7.RELEASE.pom (2.7 kB at 270 kB/s)
04:02:51.832 [Thread-13] DEBUG spoon.Launcher - [INFO] Downloading from google-maven-central: https://maven-central.storage-download.googleapis.com/maven2/org/springframework/spring-beans/4.3.7.RELEASE/spring-beans-4.3.7.RELEASE.pom
04:02:51.840 [Thread-13] DEBUG spoon.Launcher - [INFO] Downloaded from google-maven-central: https://maven-central.storage-download.googleapis.com/maven2/org/springframework/spring-beans/4.3.7.RELEASE/spring-beans-4.3.7.RELEASE.pom (2.5 kB at 313 kB/s)
04:02:51.850 [Thread-13] DEBUG spoon.Launcher - [INFO] Downloading from google-maven-central: https://maven-central.storage-download.googleapis.com/maven2/org/springframework/spring-context/4.3.7.RELEASE/spring-context-4.3.7.RELEASE.pom
04:02:51.862 [Thread-13] DEBUG spoon.Launcher - [INFO] Downloaded from google-maven-central: https://maven-central.storage-download.googleapis.com/maven2/org/springframework/spring-context/4.3.7.RELEASE/spring-context-4.3.7.RELEASE.pom (5.0 kB at 419 kB/s)
04:02:51.867 [Thread-13] DEBUG spoon.Launcher - [INFO] Downloading from google-maven-central: https://maven-central.storage-download.googleapis.com/maven2/org/springframework/spring-expression/4.3.7.RELEASE/spring-expression-4.3.7.RELEASE.pom
04:02:51.874 [Thread-13] DEBUG spoon.Launcher - [INFO] Downloaded from google-maven-central: https://maven-central.storage-download.googleapis.com/maven2/org/springframework/spring-expression/4.3.7.RELEASE/spring-expression-4.3.7.RELEASE.pom (1.7 kB at 246 kB/s)
04:02:51.899 [Thread-13] DEBUG spoon.Launcher - [INFO] Downloading from google-maven-central: https://maven-central.storage-download.googleapis.com/maven2/org/opensaml/opensaml-core/3.3.0/opensaml-core-3.3.0.jar
04:02:51.900 [Thread-13] DEBUG spoon.Launcher - [INFO] Downloading from google-maven-central: https://maven-central.storage-download.googleapis.com/maven2/org/opensaml/opensaml-saml-api/3.3.0/opensaml-saml-api-3.3.0.jar
04:02:51.900 [Thread-13] DEBUG spoon.Launcher - [INFO] Downloading from google-maven-central: https://maven-central.storage-download.googleapis.com/maven2/org/opensaml/opensaml-storage-api/3.3.0/opensaml-storage-api-3.3.0.jar
04:02:51.901 [Thread-13] DEBUG spoon.Launcher - [INFO] Downloading from google-maven-central: https://maven-central.storage-download.googleapis.com/maven2/org/opensaml/opensaml-saml-impl/3.3.0/opensaml-saml-impl-3.3.0.jar
04:02:51.907 [Thread-13] DEBUG spoon.Launcher - [INFO] Downloading from google-maven-central: https://maven-central.storage-download.googleapis.com/maven2/org/opensaml/opensaml-soap-impl/3.3.0/opensaml-soap-impl-3.3.0.jar
04:02:51.936 [Thread-13] DEBUG spoon.Launcher - [INFO] Downloaded from google-maven-central: https://maven-central.storage-download.googleapis.com/maven2/org/opensaml/opensaml-storage-api/3.3.0/opensaml-storage-api-3.3.0.jar (24 kB at 673 kB/s)
04:02:51.936 [Thread-13] DEBUG spoon.Launcher - [INFO] Downloading from google-maven-central: https://maven-central.storage-download.googleapis.com/maven2/org/opensaml/opensaml-soap-api/3.3.0/opensaml-soap-api-3.3.0.jar
04:02:51.938 [Thread-13] DEBUG spoon.Launcher - [INFO] Downloaded from google-maven-central: https://maven-central.storage-download.googleapis.com/maven2/org/opensaml/opensaml-core/3.3.0/opensaml-core-3.3.0.jar (178 kB at 4.3 MB/s)
04:02:51.943 [Thread-13] DEBUG spoon.Launcher - [INFO] Downloading from google-maven-central: https://maven-central.storage-download.googleapis.com/maven2/org/opensaml/opensaml-xmlsec-api/3.3.0/opensaml-xmlsec-api-3.3.0.jar
04:02:51.950 [Thread-13] DEBUG spoon.Launcher - [INFO] Downloaded from google-maven-central: https://maven-central.storage-download.googleapis.com/maven2/org/opensaml/opensaml-soap-api/3.3.0/opensaml-soap-api-3.3.0.jar (161 kB at 3.8 MB/s)
04:02:51.952 [Thread-13] DEBUG spoon.Launcher - [INFO] Downloading from google-maven-central: https://maven-central.storage-download.googleapis.com/maven2/org/opensaml/opensaml-security-api/3.3.0/opensaml-security-api-3.3.0.jar
04:02:51.964 [Thread-13] DEBUG spoon.Launcher - [INFO] Downloaded from google-maven-central: https://maven-central.storage-download.googleapis.com/maven2/org/opensaml/opensaml-saml-impl/3.3.0/opensaml-saml-impl-3.3.0.jar (1.1 MB at 21 MB/s)
04:02:51.965 [Thread-13] DEBUG spoon.Launcher - [INFO] Downloaded from google-maven-central: https://maven-central.storage-download.googleapis.com/maven2/org/opensaml/opensaml-security-api/3.3.0/opensaml-security-api-3.3.0.jar (61 kB at 1.1 MB/s)
04:02:51.967 [Thread-13] DEBUG spoon.Launcher - [INFO] Downloading from google-maven-central: https://maven-central.storage-download.googleapis.com/maven2/org/opensaml/opensaml-security-impl/3.3.0/opensaml-security-impl-3.3.0.jar
04:02:51.972 [Thread-13] DEBUG spoon.Launcher - [INFO] Downloading from google-maven-central: https://maven-central.storage-download.googleapis.com/maven2/org/opensaml/opensaml-profile-api/3.3.0/opensaml-profile-api-3.3.0.jar
04:02:51.975 [Thread-13] DEBUG spoon.Launcher - [INFO] Downloaded from google-maven-central: https://maven-central.storage-download.googleapis.com/maven2/org/opensaml/opensaml-xmlsec-api/3.3.0/opensaml-xmlsec-api-3.3.0.jar (206 kB at 2.9 MB/s)
04:02:51.976 [Thread-13] DEBUG spoon.Launcher - [INFO] Downloading from google-maven-central: https://maven-central.storage-download.googleapis.com/maven2/org/opensaml/opensaml-profile-impl/3.3.0/opensaml-profile-impl-3.3.0.jar
04:02:51.982 [Thread-13] DEBUG spoon.Launcher - [INFO] Downloaded from google-maven-central: https://maven-central.storage-download.googleapis.com/maven2/org/opensaml/opensaml-profile-api/3.3.0/opensaml-profile-api-3.3.0.jar (27 kB at 347 kB/s)
04:02:51.985 [Thread-13] DEBUG spoon.Launcher - [INFO] Downloaded from google-maven-central: https://maven-central.storage-download.googleapis.com/maven2/org/opensaml/opensaml-security-impl/3.3.0/opensaml-security-impl-3.3.0.jar (98 kB at 1.2 MB/s)
04:02:51.987 [Thread-13] DEBUG spoon.Launcher - [INFO] Downloading from google-maven-central: https://maven-central.storage-download.googleapis.com/maven2/org/opensaml/opensaml-messaging-api/3.3.0/opensaml-messaging-api-3.3.0.jar
04:02:51.988 [Thread-13] DEBUG spoon.Launcher - [INFO] Downloaded from google-maven-central: https://maven-central.storage-download.googleapis.com/maven2/org/opensaml/opensaml-saml-api/3.3.0/opensaml-saml-api-3.3.0.jar (397 kB at 4.6 MB/s)
04:02:51.988 [Thread-13] DEBUG spoon.Launcher - [INFO] Downloading from google-maven-central: https://maven-central.storage-download.googleapis.com/maven2/org/opensaml/opensaml-xmlsec-impl/3.3.0/opensaml-xmlsec-impl-3.3.0.jar
04:02:51.990 [Thread-13] DEBUG spoon.Launcher - [INFO] Downloading from google-maven-central: https://maven-central.storage-download.googleapis.com/maven2/org/opensaml/opensaml-messaging-impl/3.3.0/opensaml-messaging-impl-3.3.0.jar
04:02:52.008 [Thread-13] DEBUG spoon.Launcher - [INFO] Downloaded from google-maven-central: https://maven-central.storage-download.googleapis.com/maven2/org/opensaml/opensaml-soap-impl/3.3.0/opensaml-soap-impl-3.3.0.jar (403 kB at 3.8 MB/s)
04:02:52.010 [Thread-13] DEBUG spoon.Launcher - [INFO] Downloading from google-maven-central: https://maven-central.storage-download.googleapis.com/maven2/org/cryptacular/cryptacular/1.1.0/cryptacular-1.1.0.jar
04:02:52.021 [Thread-13] DEBUG spoon.Launcher - [INFO] Downloaded from google-maven-central: https://maven-central.storage-download.googleapis.com/maven2/org/opensaml/opensaml-xmlsec-impl/3.3.0/opensaml-xmlsec-impl-3.3.0.jar (292 kB at 2.5 MB/s)
04:02:52.021 [Thread-13] DEBUG spoon.Launcher - [INFO] Downloading from google-maven-central: https://maven-central.storage-download.googleapis.com/maven2/joda-time/joda-time/2.9.2/joda-time-2.9.2.jar
04:02:52.031 [Thread-13] DEBUG spoon.Launcher - [INFO] Downloaded from google-maven-central: https://maven-central.storage-download.googleapis.com/maven2/org/opensaml/opensaml-messaging-api/3.3.0/opensaml-messaging-api-3.3.0.jar (53 kB at 415 kB/s)
04:02:52.031 [Thread-13] DEBUG spoon.Launcher - [INFO] Downloading from google-maven-central: https://maven-central.storage-download.googleapis.com/maven2/commons-logging/commons-logging/1.2/commons-logging-1.2.jar
04:02:52.055 [Thread-13] DEBUG spoon.Launcher - [INFO] Downloaded from google-maven-central: https://maven-central.storage-download.googleapis.com/maven2/org/cryptacular/cryptacular/1.1.0/cryptacular-1.1.0.jar (151 kB at 1.0 MB/s)
04:02:52.056 [Thread-13] DEBUG spoon.Launcher - [INFO] Downloading from google-maven-central: https://maven-central.storage-download.googleapis.com/maven2/org/springframework/spring-web/4.3.7.RELEASE/spring-web-4.3.7.RELEASE.jar
04:02:52.059 [Thread-13] DEBUG spoon.Launcher - [INFO] Downloaded from google-maven-central: https://maven-central.storage-download.googleapis.com/maven2/commons-logging/commons-logging/1.2/commons-logging-1.2.jar (62 kB at 426 kB/s)
04:02:52.060 [Thread-13] DEBUG spoon.Launcher - [INFO] Downloading from google-maven-central: https://maven-central.storage-download.googleapis.com/maven2/org/springframework/spring-aop/4.3.7.RELEASE/spring-aop-4.3.7.RELEASE.jar
04:02:52.073 [Thread-13] DEBUG spoon.Launcher - [INFO] Downloaded from google-maven-central: https://maven-central.storage-download.googleapis.com/maven2/joda-time/joda-time/2.9.2/joda-time-2.9.2.jar (626 kB at 3.7 MB/s)
04:02:52.075 [Thread-13] DEBUG spoon.Launcher - [INFO] Downloading from google-maven-central: https://maven-central.storage-download.googleapis.com/maven2/org/springframework/spring-beans/4.3.7.RELEASE/spring-beans-4.3.7.RELEASE.jar
04:02:52.075 [Thread-13] DEBUG spoon.Launcher - [INFO] Downloaded from google-maven-central: https://maven-central.storage-download.googleapis.com/maven2/org/opensaml/opensaml-profile-impl/3.3.0/opensaml-profile-impl-3.3.0.jar (28 kB at 164 kB/s)
04:02:52.075 [Thread-13] DEBUG spoon.Launcher - [INFO] Downloading from google-maven-central: https://maven-central.storage-download.googleapis.com/maven2/org/springframework/spring-context/4.3.7.RELEASE/spring-context-4.3.7.RELEASE.jar
04:02:52.100 [Thread-13] DEBUG spoon.Launcher - [INFO] Downloaded from google-maven-central: https://maven-central.storage-download.googleapis.com/maven2/org/springframework/spring-web/4.3.7.RELEASE/spring-web-4.3.7.RELEASE.jar (818 kB at 4.2 MB/s)
04:02:52.102 [Thread-13] DEBUG spoon.Launcher - [INFO] Downloading from google-maven-central: https://maven-central.storage-download.googleapis.com/maven2/org/springframework/spring-expression/4.3.7.RELEASE/spring-expression-4.3.7.RELEASE.jar
04:02:52.115 [Thread-13] DEBUG spoon.Launcher - [INFO] Downloaded from google-maven-central: https://maven-central.storage-download.googleapis.com/maven2/org/springframework/spring-aop/4.3.7.RELEASE/spring-aop-4.3.7.RELEASE.jar (380 kB at 1.8 MB/s)
04:02:52.126 [Thread-13] DEBUG spoon.Launcher - [INFO] Downloaded from google-maven-central: https://maven-central.storage-download.googleapis.com/maven2/org/springframework/spring-context/4.3.7.RELEASE/spring-context-4.3.7.RELEASE.jar (1.1 MB at 5.1 MB/s)
04:02:52.126 [Thread-13] DEBUG spoon.Launcher - [INFO] Downloaded from google-maven-central: https://maven-central.storage-download.googleapis.com/maven2/org/springframework/spring-beans/4.3.7.RELEASE/spring-beans-4.3.7.RELEASE.jar (763 kB at 3.4 MB/s)
04:02:52.134 [Thread-13] DEBUG spoon.Launcher - [INFO] Downloaded from google-maven-central: https://maven-central.storage-download.googleapis.com/maven2/org/springframework/spring-expression/4.3.7.RELEASE/spring-expression-4.3.7.RELEASE.jar (263 kB at 1.1 MB/s)
04:02:52.294 [Thread-13] DEBUG spoon.Launcher - [INFO] Downloaded from google-maven-central: https://maven-central.storage-download.googleapis.com/maven2/org/opensaml/opensaml-messaging-impl/3.3.0/opensaml-messaging-impl-3.3.0.jar (13 kB at 32 kB/s)
04:02:52.307 [Thread-13] DEBUG spoon.Launcher - [INFO] 
04:02:52.311 [Thread-13] DEBUG spoon.Launcher - [INFO] --- maven-dependency-plugin:2.8:build-classpath (default-cli) @ pac4j-saml ---
04:02:52.320 [Thread-13] DEBUG spoon.Launcher - [INFO] Wrote classpath file '/home/travis/build/SpoonLabs/spoon-ci-external/spoon/src/test/resources/maven-launcher/pac4j/pac4j-saml/spoon.classpath.tmp'.
04:02:52.321 [Thread-13] DEBUG spoon.Launcher - [INFO] 
04:02:52.321 [Thread-13] DEBUG spoon.Launcher - [INFO] -----------------------< org.pac4j:pac4j-oauth >------------------------
04:02:52.322 [Thread-13] DEBUG spoon.Launcher - [INFO] Building pac4j for OAuth protocol 3.0.0                           [5/16]
04:02:52.322 [Thread-13] DEBUG spoon.Launcher - [INFO] --------------------------------[ jar ]---------------------------------
04:02:52.326 [Thread-13] DEBUG spoon.Launcher - [INFO] Downloading from google-maven-central: https://maven-central.storage-download.googleapis.com/maven2/com/github/scribejava/scribejava-apis/3.3.0/scribejava-apis-3.3.0.pom
04:02:52.351 [Thread-13] DEBUG spoon.Launcher - [INFO] Downloaded from google-maven-central: https://maven-central.storage-download.googleapis.com/maven2/com/github/scribejava/scribejava-apis/3.3.0/scribejava-apis-3.3.0.pom (1.8 kB at 70 kB/s)
04:02:52.354 [Thread-13] DEBUG spoon.Launcher - [INFO] Downloading from google-maven-central: https://maven-central.storage-download.googleapis.com/maven2/com/github/scribejava/scribejava/3.3.0/scribejava-3.3.0.pom
04:02:52.381 [Thread-13] DEBUG spoon.Launcher - [INFO] Downloaded from google-maven-central: https://maven-central.storage-download.googleapis.com/maven2/com/github/scribejava/scribejava/3.3.0/scribejava-3.3.0.pom (11 kB at 396 kB/s)
04:02:52.385 [Thread-13] DEBUG spoon.Launcher - [INFO] Downloading from google-maven-central: https://maven-central.storage-download.googleapis.com/maven2/com/github/scribejava/scribejava-core/3.3.0/scribejava-core-3.3.0.pom
04:02:52.415 [Thread-13] DEBUG spoon.Launcher - [INFO] Downloaded from google-maven-central: https://maven-central.storage-download.googleapis.com/maven2/com/github/scribejava/scribejava-core/3.3.0/scribejava-core-3.3.0.pom (1.0 kB at 37 kB/s)
04:02:52.430 [Thread-13] DEBUG spoon.Launcher - [INFO] Downloading from google-maven-central: https://maven-central.storage-download.googleapis.com/maven2/com/github/scribejava/scribejava-apis/3.3.0/scribejava-apis-3.3.0.jar
04:02:52.439 [Thread-13] DEBUG spoon.Launcher - [INFO] Downloading from google-maven-central: https://maven-central.storage-download.googleapis.com/maven2/com/github/scribejava/scribejava-core/3.3.0/scribejava-core-3.3.0.jar
04:02:52.456 [Thread-13] DEBUG spoon.Launcher - [INFO] Downloaded from google-maven-central: https://maven-central.storage-download.googleapis.com/maven2/com/github/scribejava/scribejava-apis/3.3.0/scribejava-apis-3.3.0.jar (83 kB at 2.9 MB/s)
04:02:52.472 [Thread-13] DEBUG spoon.Launcher - [INFO] Downloaded from google-maven-central: https://maven-central.storage-download.googleapis.com/maven2/com/github/scribejava/scribejava-core/3.3.0/scribejava-core-3.3.0.jar (82 kB at 1.9 MB/s)
04:02:52.503 [Thread-13] DEBUG spoon.Launcher - [INFO] 
04:02:52.503 [Thread-13] DEBUG spoon.Launcher - [INFO] --- maven-dependency-plugin:2.8:build-classpath (default-cli) @ pac4j-oauth ---
04:02:52.503 [Thread-13] DEBUG spoon.Launcher - [INFO] Wrote classpath file '/home/travis/build/SpoonLabs/spoon-ci-external/spoon/src/test/resources/maven-launcher/pac4j/pac4j-oauth/spoon.classpath.tmp'.
04:02:52.507 [Thread-13] DEBUG spoon.Launcher - [INFO] 
04:02:52.509 [Thread-13] DEBUG spoon.Launcher - [INFO] ------------------------< org.pac4j:pac4j-oidc >------------------------
04:02:52.509 [Thread-13] DEBUG spoon.Launcher - [INFO] Building pac4j for OpenID Connect protocol 3.0.0                  [6/16]
04:02:52.510 [Thread-13] DEBUG spoon.Launcher - [INFO] --------------------------------[ jar ]---------------------------------
04:02:52.520 [Thread-13] DEBUG spoon.Launcher - [INFO] Downloading from google-maven-central: https://maven-central.storage-download.googleapis.com/maven2/com/nimbusds/oauth2-oidc-sdk/5.24.2/oauth2-oidc-sdk-5.24.2.pom
04:02:52.551 [Thread-13] DEBUG spoon.Launcher - [INFO] Downloaded from google-maven-central: https://maven-central.storage-download.googleapis.com/maven2/com/nimbusds/oauth2-oidc-sdk/5.24.2/oauth2-oidc-sdk-5.24.2.pom (11 kB at 304 kB/s)
04:02:52.587 [Thread-13] DEBUG spoon.Launcher - [INFO] Downloading from google-maven-central: https://maven-central.storage-download.googleapis.com/maven2/org/apache/commons/commons-lang3/3.5/commons-lang3-3.5.pom
04:02:52.595 [Thread-13] DEBUG spoon.Launcher - [INFO] Downloaded from google-maven-central: https://maven-central.storage-download.googleapis.com/maven2/org/apache/commons/commons-lang3/3.5/commons-lang3-3.5.pom (23 kB at 3.9 MB/s)
04:02:52.596 [Thread-13] DEBUG spoon.Launcher - [INFO] Downloading from google-maven-central: https://maven-central.storage-download.googleapis.com/maven2/org/apache/commons/commons-parent/41/commons-parent-41.pom
04:02:52.619 [Thread-13] DEBUG spoon.Launcher - [INFO] Downloaded from google-maven-central: https://maven-central.storage-download.googleapis.com/maven2/org/apache/commons/commons-parent/41/commons-parent-41.pom (65 kB at 2.9 MB/s)
04:02:52.673 [Thread-13] DEBUG spoon.Launcher - [INFO] Downloading from sonatype: https://oss.sonatype.org/content/repositories/releases/com/nimbusds/lang-tag/maven-metadata.xml
04:02:52.678 [Thread-13] DEBUG spoon.Launcher - [INFO] Downloading from sonatype-apache: https://repository.apache.org/content/repositories/releases/com/nimbusds/lang-tag/maven-metadata.xml
04:02:52.682 [Thread-13] DEBUG spoon.Launcher - [INFO] Downloading from apache-snapshots: https://repository.apache.org/snapshots/com/nimbusds/lang-tag/maven-metadata.xml
04:02:52.943 [Thread-13] DEBUG spoon.Launcher - [INFO] Downloaded from sonatype: https://oss.sonatype.org/content/repositories/releases/com/nimbusds/lang-tag/maven-metadata.xml (563 B at 2.1 kB/s)
04:02:53.165 [Thread-13] DEBUG spoon.Launcher - [INFO] Downloading from sonatype: https://oss.sonatype.org/content/repositories/releases/net/minidev/json-smart/maven-metadata.xml
04:02:53.166 [Thread-13] DEBUG spoon.Launcher - [INFO] Downloading from sonatype-apache: https://repository.apache.org/content/repositories/releases/net/minidev/json-smart/maven-metadata.xml
04:02:53.167 [Thread-13] DEBUG spoon.Launcher - [INFO] Downloading from apache-snapshots: https://repository.apache.org/snapshots/net/minidev/json-smart/maven-metadata.xml
04:02:53.260 [Thread-13] DEBUG spoon.Launcher - [INFO] Downloaded from sonatype: https://oss.sonatype.org/content/repositories/releases/net/minidev/json-smart/maven-metadata.xml (849 B at 8.8 kB/s)
04:02:53.517 [Thread-13] DEBUG spoon.Launcher - [INFO] Downloading from google-maven-central: https://maven-central.storage-download.googleapis.com/maven2/com/nimbusds/oauth2-oidc-sdk/5.24.2/oauth2-oidc-sdk-5.24.2.jar
04:02:53.523 [Thread-13] DEBUG spoon.Launcher - [INFO] Downloading from google-maven-central: https://maven-central.storage-download.googleapis.com/maven2/org/apache/commons/commons-lang3/3.5/commons-lang3-3.5.jar
04:02:53.531 [Thread-13] DEBUG spoon.Launcher - [INFO] Downloading from google-maven-central: https://maven-central.storage-download.googleapis.com/maven2/net/minidev/json-smart/1.3.1/json-smart-1.3.1.jar
04:02:53.547 [Thread-13] DEBUG spoon.Launcher - [INFO] Downloading from google-maven-central: https://maven-central.storage-download.googleapis.com/maven2/org/bouncycastle/bcprov-jdk15on/1.55/bcprov-jdk15on-1.55.jar
04:02:53.550 [Thread-13] DEBUG spoon.Launcher - [INFO] Downloaded from google-maven-central: https://maven-central.storage-download.googleapis.com/maven2/net/minidev/json-smart/1.3.1/json-smart-1.3.1.jar (78 kB at 3.0 MB/s)
04:02:53.568 [Thread-13] DEBUG spoon.Launcher - [INFO] Downloaded from google-maven-central: https://maven-central.storage-download.googleapis.com/maven2/com/nimbusds/oauth2-oidc-sdk/5.24.2/oauth2-oidc-sdk-5.24.2.jar (363 kB at 7.1 MB/s)
04:02:53.581 [Thread-13] DEBUG spoon.Launcher - [INFO] Downloaded from google-maven-central: https://maven-central.storage-download.googleapis.com/maven2/org/apache/commons/commons-lang3/3.5/commons-lang3-3.5.jar (480 kB at 7.6 MB/s)
04:02:53.638 [Thread-13] DEBUG spoon.Launcher - [INFO] Downloaded from google-maven-central: https://maven-central.storage-download.googleapis.com/maven2/org/bouncycastle/bcprov-jdk15on/1.55/bcprov-jdk15on-1.55.jar (3.4 MB at 32 MB/s)
04:02:53.641 [Thread-13] DEBUG spoon.Launcher - [INFO] 
04:02:53.641 [Thread-13] DEBUG spoon.Launcher - [INFO] --- maven-dependency-plugin:2.8:build-classpath (default-cli) @ pac4j-oidc ---
04:02:53.644 [Thread-13] DEBUG spoon.Launcher - [INFO] Wrote classpath file '/home/travis/build/SpoonLabs/spoon-ci-external/spoon/src/test/resources/maven-launcher/pac4j/pac4j-oidc/spoon.classpath.tmp'.
04:02:53.645 [Thread-13] DEBUG spoon.Launcher - [INFO] 
04:02:53.645 [Thread-13] DEBUG spoon.Launcher - [INFO] ------------------------< org.pac4j:pac4j-ldap >------------------------
04:02:53.645 [Thread-13] DEBUG spoon.Launcher - [INFO] Building pac4j for LDAP 3.0.0                                     [7/16]
04:02:53.645 [Thread-13] DEBUG spoon.Launcher - [INFO] --------------------------------[ jar ]---------------------------------
04:02:53.648 [Thread-13] DEBUG spoon.Launcher - [INFO] Downloading from google-maven-central: https://maven-central.storage-download.googleapis.com/maven2/org/ldaptive/ldaptive/1.2.1/ldaptive-1.2.1.pom
04:02:53.657 [Thread-13] DEBUG spoon.Launcher - [INFO] Downloaded from google-maven-central: https://maven-central.storage-download.googleapis.com/maven2/org/ldaptive/ldaptive/1.2.1/ldaptive-1.2.1.pom (1.1 kB at 119 kB/s)
04:02:53.663 [Thread-13] DEBUG spoon.Launcher - [INFO] Downloading from google-maven-central: https://maven-central.storage-download.googleapis.com/maven2/org/ldaptive/ldaptive-parent/1.2.1/ldaptive-parent-1.2.1.pom
04:02:53.679 [Thread-13] DEBUG spoon.Launcher - [INFO] Downloaded from google-maven-central: https://maven-central.storage-download.googleapis.com/maven2/org/ldaptive/ldaptive-parent/1.2.1/ldaptive-parent-1.2.1.pom (20 kB at 1.2 MB/s)
04:02:53.683 [Thread-13] DEBUG spoon.Launcher - [INFO] Downloading from google-maven-central: https://maven-central.storage-download.googleapis.com/maven2/commons-cli/commons-cli/1.3.1/commons-cli-1.3.1.pom
04:02:53.715 [Thread-13] DEBUG spoon.Launcher - [INFO] Downloaded from google-maven-central: https://maven-central.storage-download.googleapis.com/maven2/commons-cli/commons-cli/1.3.1/commons-cli-1.3.1.pom (10 kB at 325 kB/s)
04:02:53.718 [Thread-13] DEBUG spoon.Launcher - [INFO] Downloading from google-maven-central: https://maven-central.storage-download.googleapis.com/maven2/org/apache/commons/commons-parent/37/commons-parent-37.pom
04:02:53.745 [Thread-13] DEBUG spoon.Launcher - [INFO] Downloaded from google-maven-central: https://maven-central.storage-download.googleapis.com/maven2/org/apache/commons/commons-parent/37/commons-parent-37.pom (63 kB at 2.4 MB/s)
04:02:53.757 [Thread-13] DEBUG spoon.Launcher - [INFO] Downloading from google-maven-central: https://maven-central.storage-download.googleapis.com/maven2/org/ldaptive/ldaptive/1.2.1/ldaptive-1.2.1.jar
04:02:53.763 [Thread-13] DEBUG spoon.Launcher - [INFO] Downloading from google-maven-central: https://maven-central.storage-download.googleapis.com/maven2/commons-cli/commons-cli/1.3.1/commons-cli-1.3.1.jar
04:02:53.786 [Thread-13] DEBUG spoon.Launcher - [INFO] Downloaded from google-maven-central: https://maven-central.storage-download.googleapis.com/maven2/org/ldaptive/ldaptive/1.2.1/ldaptive-1.2.1.jar (788 kB at 27 MB/s)
04:02:53.793 [Thread-13] DEBUG spoon.Launcher - [INFO] Downloaded from google-maven-central: https://maven-central.storage-download.googleapis.com/maven2/commons-cli/commons-cli/1.3.1/commons-cli-1.3.1.jar (53 kB at 1.5 MB/s)
04:02:53.796 [Thread-13] DEBUG spoon.Launcher - [INFO] 
04:02:53.796 [Thread-13] DEBUG spoon.Launcher - [INFO] --- maven-dependency-plugin:2.8:build-classpath (default-cli) @ pac4j-ldap ---
04:02:53.798 [Thread-13] DEBUG spoon.Launcher - [INFO] Wrote classpath file '/home/travis/build/SpoonLabs/spoon-ci-external/spoon/src/test/resources/maven-launcher/pac4j/pac4j-ldap/spoon.classpath.tmp'.
04:02:53.798 [Thread-13] DEBUG spoon.Launcher - [INFO] 
04:02:53.798 [Thread-13] DEBUG spoon.Launcher - [INFO] ------------------------< org.pac4j:pac4j-http >------------------------
04:02:53.798 [Thread-13] DEBUG spoon.Launcher - [INFO] Building pac4j for HTTP protocol 3.0.0                            [8/16]
04:02:53.798 [Thread-13] DEBUG spoon.Launcher - [INFO] --------------------------------[ jar ]---------------------------------
04:02:53.806 [Thread-13] DEBUG spoon.Launcher - [INFO] Downloading from google-maven-central: https://maven-central.storage-download.googleapis.com/maven2/org/nanohttpd/nanohttpd/2.3.1/nanohttpd-2.3.1.pom
04:02:53.886 [Thread-13] DEBUG spoon.Launcher - [INFO] Downloaded from google-maven-central: https://maven-central.storage-download.googleapis.com/maven2/org/nanohttpd/nanohttpd/2.3.1/nanohttpd-2.3.1.pom (915 B at 12 kB/s)
04:02:53.888 [Thread-13] DEBUG spoon.Launcher - [INFO] Downloading from google-maven-central: https://maven-central.storage-download.googleapis.com/maven2/org/nanohttpd/nanohttpd-project/2.3.1/nanohttpd-project-2.3.1.pom
04:02:54.001 [Thread-13] DEBUG spoon.Launcher - [INFO] Downloaded from google-maven-central: https://maven-central.storage-download.googleapis.com/maven2/org/nanohttpd/nanohttpd-project/2.3.1/nanohttpd-project-2.3.1.pom (14 kB at 122 kB/s)
04:02:54.006 [Thread-13] DEBUG spoon.Launcher - [INFO] Downloading from google-maven-central: https://maven-central.storage-download.googleapis.com/maven2/org/nanohttpd/nanohttpd/2.3.1/nanohttpd-2.3.1.jar
04:02:54.087 [Thread-13] DEBUG spoon.Launcher - [INFO] Downloaded from google-maven-central: https://maven-central.storage-download.googleapis.com/maven2/org/nanohttpd/nanohttpd/2.3.1/nanohttpd-2.3.1.jar (51 kB at 625 kB/s)
04:02:54.088 [Thread-13] DEBUG spoon.Launcher - [INFO] 
04:02:54.088 [Thread-13] DEBUG spoon.Launcher - [INFO] --- maven-dependency-plugin:2.8:build-classpath (default-cli) @ pac4j-http ---
04:02:54.090 [Thread-13] DEBUG spoon.Launcher - [INFO] Wrote classpath file '/home/travis/build/SpoonLabs/spoon-ci-external/spoon/src/test/resources/maven-launcher/pac4j/pac4j-http/spoon.classpath.tmp'.
04:02:54.090 [Thread-13] DEBUG spoon.Launcher - [INFO] 
04:02:54.090 [Thread-13] DEBUG spoon.Launcher - [INFO] ------------------------< org.pac4j:pac4j-sql >-------------------------
04:02:54.090 [Thread-13] DEBUG spoon.Launcher - [INFO] Building pac4j for relational DB 3.0.0                            [9/16]
04:02:54.091 [Thread-13] DEBUG spoon.Launcher - [INFO] --------------------------------[ jar ]---------------------------------
04:02:54.098 [Thread-13] DEBUG spoon.Launcher - [INFO] Downloading from google-maven-central: https://maven-central.storage-download.googleapis.com/maven2/com/h2database/h2/1.4.194/h2-1.4.194.pom
04:02:54.190 [Thread-13] DEBUG spoon.Launcher - [INFO] Downloaded from google-maven-central: https://maven-central.storage-download.googleapis.com/maven2/com/h2database/h2/1.4.194/h2-1.4.194.pom (960 B at 10 kB/s)
04:02:54.193 [Thread-13] DEBUG spoon.Launcher - [INFO] Downloading from google-maven-central: https://maven-central.storage-download.googleapis.com/maven2/com/h2database/h2/1.4.194/h2-1.4.194.jar
04:02:54.386 [Thread-13] DEBUG spoon.Launcher - [INFO] Downloaded from google-maven-central: https://maven-central.storage-download.googleapis.com/maven2/com/h2database/h2/1.4.194/h2-1.4.194.jar (1.8 MB at 9.3 MB/s)
04:02:54.387 [Thread-13] DEBUG spoon.Launcher - [INFO] 
04:02:54.388 [Thread-13] DEBUG spoon.Launcher - [INFO] --- maven-dependency-plugin:2.8:build-classpath (default-cli) @ pac4j-sql ---
04:02:54.390 [Thread-13] DEBUG spoon.Launcher - [INFO] Wrote classpath file '/home/travis/build/SpoonLabs/spoon-ci-external/spoon/src/test/resources/maven-launcher/pac4j/pac4j-sql/spoon.classpath.tmp'.
04:02:54.390 [Thread-13] DEBUG spoon.Launcher - [INFO] 
04:02:54.390 [Thread-13] DEBUG spoon.Launcher - [INFO] -----------------------< org.pac4j:pac4j-config >-----------------------
04:02:54.390 [Thread-13] DEBUG spoon.Launcher - [INFO] Building pac4j configuration 3.0.0                               [10/16]
04:02:54.390 [Thread-13] DEBUG spoon.Launcher - [INFO] --------------------------------[ jar ]---------------------------------
04:02:54.416 [Thread-13] DEBUG spoon.Launcher - [INFO] 
04:02:54.416 [Thread-13] DEBUG spoon.Launcher - [INFO] --- maven-dependency-plugin:2.8:build-classpath (default-cli) @ pac4j-config ---
04:02:54.421 [Thread-13] DEBUG spoon.Launcher - [INFO] Wrote classpath file '/home/travis/build/SpoonLabs/spoon-ci-external/spoon/src/test/resources/maven-launcher/pac4j/pac4j-config/spoon.classpath.tmp'.
04:02:54.421 [Thread-13] DEBUG spoon.Launcher - [INFO] 
04:02:54.421 [Thread-13] DEBUG spoon.Launcher - [INFO] -----------------------< org.pac4j:pac4j-openid >-----------------------
04:02:54.421 [Thread-13] DEBUG spoon.Launcher - [INFO] Building pac4j for OpenId protocol 3.0.0                         [11/16]
04:02:54.421 [Thread-13] DEBUG spoon.Launcher - [INFO] --------------------------------[ jar ]---------------------------------
04:02:54.424 [Thread-13] DEBUG spoon.Launcher - [INFO] Downloading from google-maven-central: https://maven-central.storage-download.googleapis.com/maven2/org/openid4java/openid4java/1.0.0/openid4java-1.0.0.pom
04:02:54.520 [Thread-13] DEBUG spoon.Launcher - [INFO] Downloaded from google-maven-central: https://maven-central.storage-download.googleapis.com/maven2/org/openid4java/openid4java/1.0.0/openid4java-1.0.0.pom (26 kB at 270 kB/s)
04:02:54.524 [Thread-13] DEBUG spoon.Launcher - [INFO] Downloading from google-maven-central: https://maven-central.storage-download.googleapis.com/maven2/org/apache/httpcomponents/httpclient/4.1/httpclient-4.1.pom
04:02:54.528 [Thread-13] DEBUG spoon.Launcher - [INFO] Downloaded from google-maven-central: https://maven-central.storage-download.googleapis.com/maven2/org/apache/httpcomponents/httpclient/4.1/httpclient-4.1.pom (6.0 kB at 1.2 MB/s)
04:02:54.531 [Thread-13] DEBUG spoon.Launcher - [INFO] Downloading from google-maven-central: https://maven-central.storage-download.googleapis.com/maven2/org/apache/httpcomponents/httpcomponents-client/4.1/httpcomponents-client-4.1.pom
04:02:54.536 [Thread-13] DEBUG spoon.Launcher - [INFO] Downloaded from google-maven-central: https://maven-central.storage-download.googleapis.com/maven2/org/apache/httpcomponents/httpcomponents-client/4.1/httpcomponents-client-4.1.pom (11 kB at 2.3 MB/s)
04:02:54.538 [Thread-13] DEBUG spoon.Launcher - [INFO] Downloading from google-maven-central: https://maven-central.storage-download.googleapis.com/maven2/org/apache/httpcomponents/project/4.1.1/project-4.1.1.pom
04:02:54.548 [Thread-13] DEBUG spoon.Launcher - [INFO] Downloaded from google-maven-central: https://maven-central.storage-download.googleapis.com/maven2/org/apache/httpcomponents/project/4.1.1/project-4.1.1.pom (17 kB at 1.7 MB/s)
04:02:54.551 [Thread-13] DEBUG spoon.Launcher - [INFO] Downloading from google-maven-central: https://maven-central.storage-download.googleapis.com/maven2/org/apache/httpcomponents/httpcore/4.1/httpcore-4.1.pom
04:02:54.556 [Thread-13] DEBUG spoon.Launcher - [INFO] Downloaded from google-maven-central: https://maven-central.storage-download.googleapis.com/maven2/org/apache/httpcomponents/httpcore/4.1/httpcore-4.1.pom (8.4 kB at 1.4 MB/s)
04:02:54.559 [Thread-13] DEBUG spoon.Launcher - [INFO] Downloading from google-maven-central: https://maven-central.storage-download.googleapis.com/maven2/org/apache/httpcomponents/httpcomponents-core/4.1/httpcomponents-core-4.1.pom
04:02:54.564 [Thread-13] DEBUG spoon.Launcher - [INFO] Downloaded from google-maven-central: https://maven-central.storage-download.googleapis.com/maven2/org/apache/httpcomponents/httpcomponents-core/4.1/httpcomponents-core-4.1.pom (9.0 kB at 1.8 MB/s)
04:02:54.571 [Thread-13] DEBUG spoon.Launcher - [INFO] Downloading from google-maven-central: https://maven-central.storage-download.googleapis.com/maven2/net/sourceforge/nekohtml/nekohtml/1.9.10/nekohtml-1.9.10.pom
04:02:54.666 [Thread-13] DEBUG spoon.Launcher - [INFO] Downloaded from google-maven-central: https://maven-central.storage-download.googleapis.com/maven2/net/sourceforge/nekohtml/nekohtml/1.9.10/nekohtml-1.9.10.pom (1.3 kB at 14 kB/s)
04:02:54.670 [Thread-13] DEBUG spoon.Launcher - [INFO] Downloading from google-maven-central: https://maven-central.storage-download.googleapis.com/maven2/com/google/inject/guice/2.0/guice-2.0.pom
04:02:54.749 [Thread-13] DEBUG spoon.Launcher - [INFO] Downloaded from google-maven-central: https://maven-central.storage-download.googleapis.com/maven2/com/google/inject/guice/2.0/guice-2.0.pom (771 B at 9.8 kB/s)
04:02:54.751 [Thread-13] DEBUG spoon.Launcher - [INFO] Downloading from google-maven-central: https://maven-central.storage-download.googleapis.com/maven2/com/google/inject/guice-parent/2.0/guice-parent-2.0.pom
04:02:54.856 [Thread-13] DEBUG spoon.Launcher - [INFO] Downloaded from google-maven-central: https://maven-central.storage-download.googleapis.com/maven2/com/google/inject/guice-parent/2.0/guice-parent-2.0.pom (2.6 kB at 25 kB/s)
04:02:54.859 [Thread-13] DEBUG spoon.Launcher - [INFO] Downloading from google-maven-central: https://maven-central.storage-download.googleapis.com/maven2/aopalliance/aopalliance/1.0/aopalliance-1.0.pom
04:02:54.864 [Thread-13] DEBUG spoon.Launcher - [INFO] Downloaded from google-maven-central: https://maven-central.storage-download.googleapis.com/maven2/aopalliance/aopalliance/1.0/aopalliance-1.0.pom (363 B at 91 kB/s)
04:02:54.866 [Thread-13] DEBUG spoon.Launcher - [WARNING] The artifact xml-apis:xml-apis:jar:2.0.2 has been relocated to xml-apis:xml-apis:jar:1.0.b2
04:02:54.873 [Thread-13] DEBUG spoon.Launcher - [INFO] Downloading from google-maven-central: https://maven-central.storage-download.googleapis.com/maven2/org/openid4java/openid4java/1.0.0/openid4java-1.0.0.jar
04:02:54.875 [Thread-13] DEBUG spoon.Launcher - [INFO] Downloading from google-maven-central: https://maven-central.storage-download.googleapis.com/maven2/org/apache/httpcomponents/httpclient/4.1/httpclient-4.1.jar
04:02:54.876 [Thread-13] DEBUG spoon.Launcher - [INFO] Downloading from google-maven-central: https://maven-central.storage-download.googleapis.com/maven2/org/apache/httpcomponents/httpcore/4.1/httpcore-4.1.jar
04:02:54.877 [Thread-13] DEBUG spoon.Launcher - [INFO] Downloading from google-maven-central: https://maven-central.storage-download.googleapis.com/maven2/net/sourceforge/nekohtml/nekohtml/1.9.10/nekohtml-1.9.10.jar
04:02:54.888 [Thread-13] DEBUG spoon.Launcher - [INFO] Downloading from google-maven-central: https://maven-central.storage-download.googleapis.com/maven2/com/google/inject/guice/2.0/guice-2.0.jar
04:02:54.914 [Thread-13] DEBUG spoon.Launcher - [INFO] Downloaded from google-maven-central: https://maven-central.storage-download.googleapis.com/maven2/net/sourceforge/nekohtml/nekohtml/1.9.10/nekohtml-1.9.10.jar (118 kB at 3.2 MB/s)
04:02:54.914 [Thread-13] DEBUG spoon.Launcher - [INFO] Downloading from google-maven-central: https://maven-central.storage-download.googleapis.com/maven2/aopalliance/aopalliance/1.0/aopalliance-1.0.jar
04:02:54.935 [Thread-13] DEBUG spoon.Launcher - [INFO] Downloaded from google-maven-central: https://maven-central.storage-download.googleapis.com/maven2/org/apache/httpcomponents/httpclient/4.1/httpclient-4.1.jar (350 kB at 6.7 MB/s)
04:02:54.935 [Thread-13] DEBUG spoon.Launcher - [INFO] Downloaded from google-maven-central: https://maven-central.storage-download.googleapis.com/maven2/org/apache/httpcomponents/httpcore/4.1/httpcore-4.1.jar (181 kB at 3.4 MB/s)
04:02:54.935 [Thread-13] DEBUG spoon.Launcher - [INFO] Downloaded from google-maven-central: https://maven-central.storage-download.googleapis.com/maven2/org/openid4java/openid4java/1.0.0/openid4java-1.0.0.jar (206 kB at 3.5 MB/s)
04:02:54.956 [Thread-13] DEBUG spoon.Launcher - [INFO] Downloaded from google-maven-central: https://maven-central.storage-download.googleapis.com/maven2/aopalliance/aopalliance/1.0/aopalliance-1.0.jar (4.5 kB at 59 kB/s)
04:02:54.956 [Thread-13] DEBUG spoon.Launcher - [INFO] Downloaded from google-maven-central: https://maven-central.storage-download.googleapis.com/maven2/com/google/inject/guice/2.0/guice-2.0.jar (667 kB at 8.3 MB/s)
04:02:54.960 [Thread-13] DEBUG spoon.Launcher - [INFO] 
04:02:54.960 [Thread-13] DEBUG spoon.Launcher - [INFO] --- maven-dependency-plugin:2.8:build-classpath (default-cli) @ pac4j-openid ---
04:02:54.963 [Thread-13] DEBUG spoon.Launcher - [INFO] Wrote classpath file '/home/travis/build/SpoonLabs/spoon-ci-external/spoon/src/test/resources/maven-launcher/pac4j/pac4j-openid/spoon.classpath.tmp'.
04:02:54.964 [Thread-13] DEBUG spoon.Launcher - [INFO] 
04:02:54.964 [Thread-13] DEBUG spoon.Launcher - [INFO] ------------------------< org.pac4j:pac4j-gae >-------------------------
04:02:54.964 [Thread-13] DEBUG spoon.Launcher - [INFO] Building pac4j for GAE UserService mechanism 3.0.0               [12/16]
04:02:54.964 [Thread-13] DEBUG spoon.Launcher - [INFO] --------------------------------[ jar ]---------------------------------
04:02:54.967 [Thread-13] DEBUG spoon.Launcher - [INFO] Downloading from google-maven-central: https://maven-central.storage-download.googleapis.com/maven2/com/google/appengine/appengine-api-1.0-sdk/1.9.50/appengine-api-1.0-sdk-1.9.50.pom
04:02:54.990 [Thread-13] DEBUG spoon.Launcher - [INFO] Downloaded from google-maven-central: https://maven-central.storage-download.googleapis.com/maven2/com/google/appengine/appengine-api-1.0-sdk/1.9.50/appengine-api-1.0-sdk-1.9.50.pom (607 B at 25 kB/s)
04:02:54.995 [Thread-13] DEBUG spoon.Launcher - [INFO] Downloading from google-maven-central: https://maven-central.storage-download.googleapis.com/maven2/com/google/appengine/appengine/1.9.50/appengine-1.9.50.pom
04:02:55.016 [Thread-13] DEBUG spoon.Launcher - [INFO] Downloaded from google-maven-central: https://maven-central.storage-download.googleapis.com/maven2/com/google/appengine/appengine/1.9.50/appengine-1.9.50.pom (845 B at 37 kB/s)
04:02:55.018 [Thread-13] DEBUG spoon.Launcher - [INFO] Downloading from google-maven-central: https://maven-central.storage-download.googleapis.com/maven2/org/sonatype/oss/oss-parent/4/oss-parent-4.pom
04:02:55.039 [Thread-13] DEBUG spoon.Launcher - [INFO] Downloaded from google-maven-central: https://maven-central.storage-download.googleapis.com/maven2/org/sonatype/oss/oss-parent/4/oss-parent-4.pom (4.0 kB at 190 kB/s)
04:02:55.043 [Thread-13] DEBUG spoon.Launcher - [INFO] Downloading from google-maven-central: https://maven-central.storage-download.googleapis.com/maven2/com/google/appengine/appengine-jsr107cache/1.9.50/appengine-jsr107cache-1.9.50.pom
04:02:55.068 [Thread-13] DEBUG spoon.Launcher - [INFO] Downloaded from google-maven-central: https://maven-central.storage-download.googleapis.com/maven2/com/google/appengine/appengine-jsr107cache/1.9.50/appengine-jsr107cache-1.9.50.pom (607 B at 23 kB/s)
04:02:55.071 [Thread-13] DEBUG spoon.Launcher - [INFO] Downloading from google-maven-central: https://maven-central.storage-download.googleapis.com/maven2/net/sf/jsr107cache/jsr107cache/1.1/jsr107cache-1.1.pom
04:02:55.101 [Thread-13] DEBUG spoon.Launcher - [INFO] Downloaded from google-maven-central: https://maven-central.storage-download.googleapis.com/maven2/net/sf/jsr107cache/jsr107cache/1.1/jsr107cache-1.1.pom (2.6 kB at 85 kB/s)
04:02:55.104 [Thread-13] DEBUG spoon.Launcher - [INFO] Downloading from google-maven-central: https://maven-central.storage-download.googleapis.com/maven2/com/google/appengine/appengine-testing/1.9.50/appengine-testing-1.9.50.pom
04:02:55.217 [Thread-13] DEBUG spoon.Launcher - [INFO] Downloaded from google-maven-central: https://maven-central.storage-download.googleapis.com/maven2/com/google/appengine/appengine-testing/1.9.50/appengine-testing-1.9.50.pom (603 B at 5.3 kB/s)
04:02:55.220 [Thread-13] DEBUG spoon.Launcher - [INFO] Downloading from google-maven-central: https://maven-central.storage-download.googleapis.com/maven2/com/google/appengine/appengine-api-labs/1.9.50/appengine-api-labs-1.9.50.pom
04:02:55.252 [Thread-13] DEBUG spoon.Launcher - [INFO] Downloaded from google-maven-central: https://maven-central.storage-download.googleapis.com/maven2/com/google/appengine/appengine-api-labs/1.9.50/appengine-api-labs-1.9.50.pom (604 B at 19 kB/s)
04:02:55.255 [Thread-13] DEBUG spoon.Launcher - [INFO] Downloading from google-maven-central: https://maven-central.storage-download.googleapis.com/maven2/com/google/appengine/appengine-api-stubs/1.9.50/appengine-api-stubs-1.9.50.pom
04:02:55.286 [Thread-13] DEBUG spoon.Launcher - [INFO] Downloaded from google-maven-central: https://maven-central.storage-download.googleapis.com/maven2/com/google/appengine/appengine-api-stubs/1.9.50/appengine-api-stubs-1.9.50.pom (605 B at 20 kB/s)
04:02:55.291 [Thread-13] DEBUG spoon.Launcher - [INFO] Downloading from google-maven-central: https://maven-central.storage-download.googleapis.com/maven2/com/google/appengine/appengine-api-1.0-sdk/1.9.50/appengine-api-1.0-sdk-1.9.50.jar
04:02:55.295 [Thread-13] DEBUG spoon.Launcher - [INFO] Downloading from google-maven-central: https://maven-central.storage-download.googleapis.com/maven2/net/sf/jsr107cache/jsr107cache/1.1/jsr107cache-1.1.jar
04:02:55.297 [Thread-13] DEBUG spoon.Launcher - [INFO] Downloading from google-maven-central: https://maven-central.storage-download.googleapis.com/maven2/com/google/appengine/appengine-jsr107cache/1.9.50/appengine-jsr107cache-1.9.50.jar
04:02:55.298 [Thread-13] DEBUG spoon.Launcher - [INFO] Downloading from google-maven-central: https://maven-central.storage-download.googleapis.com/maven2/com/google/appengine/appengine-testing/1.9.50/appengine-testing-1.9.50.jar
04:02:55.299 [Thread-13] DEBUG spoon.Launcher - [INFO] Downloading from google-maven-central: https://maven-central.storage-download.googleapis.com/maven2/com/google/appengine/appengine-api-labs/1.9.50/appengine-api-labs-1.9.50.jar
04:02:55.317 [Thread-13] DEBUG spoon.Launcher - [INFO] Downloaded from google-maven-central: https://maven-central.storage-download.googleapis.com/maven2/com/google/appengine/appengine-jsr107cache/1.9.50/appengine-jsr107cache-1.9.50.jar (7.0 kB at 279 kB/s)
04:02:55.318 [Thread-13] DEBUG spoon.Launcher - [INFO] Downloading from google-maven-central: https://maven-central.storage-download.googleapis.com/maven2/com/google/appengine/appengine-api-stubs/1.9.50/appengine-api-stubs-1.9.50.jar
04:02:55.387 [Thread-13] DEBUG spoon.Launcher - [INFO] Downloaded from google-maven-central: https://maven-central.storage-download.googleapis.com/maven2/net/sf/jsr107cache/jsr107cache/1.1/jsr107cache-1.1.jar (8.1 kB at 88 kB/s)
04:02:55.428 [Thread-13] DEBUG spoon.Launcher - [INFO] Downloaded from google-maven-central: https://maven-central.storage-download.googleapis.com/maven2/com/google/appengine/appengine-api-labs/1.9.50/appengine-api-labs-1.9.50.jar (2.7 MB at 20 MB/s)
04:02:55.516 [Thread-13] DEBUG spoon.Launcher - [INFO] Downloaded from google-maven-central: https://maven-central.storage-download.googleapis.com/maven2/com/google/appengine/appengine-api-stubs/1.9.50/appengine-api-stubs-1.9.50.jar (6.9 MB at 31 MB/s)
04:02:55.651 [Thread-13] DEBUG spoon.Launcher - [INFO] Downloaded from google-maven-central: https://maven-central.storage-download.googleapis.com/maven2/com/google/appengine/appengine-testing/1.9.50/appengine-testing-1.9.50.jar (6.2 MB at 18 MB/s)
04:02:55.775 [Thread-13] DEBUG spoon.Launcher - [INFO] Downloaded from google-maven-central: https://maven-central.storage-download.googleapis.com/maven2/com/google/appengine/appengine-api-1.0-sdk/1.9.50/appengine-api-1.0-sdk-1.9.50.jar (18 MB at 37 MB/s)
04:02:55.782 [Thread-13] DEBUG spoon.Launcher - [INFO] 
04:02:55.783 [Thread-13] DEBUG spoon.Launcher - [INFO] --- maven-dependency-plugin:2.8:build-classpath (default-cli) @ pac4j-gae ---
04:02:55.787 [Thread-13] DEBUG spoon.Launcher - [INFO] Wrote classpath file '/home/travis/build/SpoonLabs/spoon-ci-external/spoon/src/test/resources/maven-launcher/pac4j/pac4j-gae/spoon.classpath.tmp'.
04:02:55.787 [Thread-13] DEBUG spoon.Launcher - [INFO] 
04:02:55.787 [Thread-13] DEBUG spoon.Launcher - [INFO] ------------------------< org.pac4j:pac4j-jwt >-------------------------
04:02:55.788 [Thread-13] DEBUG spoon.Launcher - [INFO] Building pac4j for JWT 3.0.0                                     [13/16]
04:02:55.788 [Thread-13] DEBUG spoon.Launcher - [INFO] --------------------------------[ jar ]---------------------------------
04:02:55.792 [Thread-13] DEBUG spoon.Launcher - [INFO] Downloading from google-maven-central: https://maven-central.storage-download.googleapis.com/maven2/org/bouncycastle/bcprov-jdk15on/1.56/bcprov-jdk15on-1.56.pom
04:02:55.823 [Thread-13] DEBUG spoon.Launcher - [INFO] Downloaded from google-maven-central: https://maven-central.storage-download.googleapis.com/maven2/org/bouncycastle/bcprov-jdk15on/1.56/bcprov-jdk15on-1.56.pom (1.2 kB at 44 kB/s)
04:02:55.824 [Thread-13] DEBUG spoon.Launcher - [INFO] Downloading from google-maven-central: https://maven-central.storage-download.googleapis.com/maven2/org/bouncycastle/bcprov-jdk15on/1.56/bcprov-jdk15on-1.56.jar
04:02:55.903 [Thread-13] DEBUG spoon.Launcher - [INFO] Downloaded from google-maven-central: https://maven-central.storage-download.googleapis.com/maven2/org/bouncycastle/bcprov-jdk15on/1.56/bcprov-jdk15on-1.56.jar (3.4 MB at 45 MB/s)
04:02:55.903 [Thread-13] DEBUG spoon.Launcher - [INFO] 
04:02:55.903 [Thread-13] DEBUG spoon.Launcher - [INFO] --- maven-dependency-plugin:2.8:build-classpath (default-cli) @ pac4j-jwt ---
04:02:55.903 [Thread-13] DEBUG spoon.Launcher - [INFO] Wrote classpath file '/home/travis/build/SpoonLabs/spoon-ci-external/spoon/src/test/resources/maven-launcher/pac4j/pac4j-jwt/spoon.classpath.tmp'.
04:02:55.904 [Thread-13] DEBUG spoon.Launcher - [INFO] 
04:02:55.904 [Thread-13] DEBUG spoon.Launcher - [INFO] -----------------------< org.pac4j:pac4j-mongo >------------------------
04:02:55.904 [Thread-13] DEBUG spoon.Launcher - [INFO] Building pac4j for MongoDB 3.0.0                                 [14/16]
04:02:55.904 [Thread-13] DEBUG spoon.Launcher - [INFO] --------------------------------[ jar ]---------------------------------
04:02:55.906 [Thread-13] DEBUG spoon.Launcher - [INFO] Downloading from google-maven-central: https://maven-central.storage-download.googleapis.com/maven2/org/mongodb/mongo-java-driver/3.4.2/mongo-java-driver-3.4.2.pom
04:02:55.930 [Thread-13] DEBUG spoon.Launcher - [INFO] Downloaded from google-maven-central: https://maven-central.storage-download.googleapis.com/maven2/org/mongodb/mongo-java-driver/3.4.2/mongo-java-driver-3.4.2.pom (2.1 kB at 83 kB/s)
04:02:55.933 [Thread-13] DEBUG spoon.Launcher - [INFO] Downloading from google-maven-central: https://maven-central.storage-download.googleapis.com/maven2/de/flapdoodle/embed/de.flapdoodle.embed.mongo/2.0.0/de.flapdoodle.embed.mongo-2.0.0.pom
04:02:55.962 [Thread-13] DEBUG spoon.Launcher - [INFO] Downloaded from google-maven-central: https://maven-central.storage-download.googleapis.com/maven2/de/flapdoodle/embed/de.flapdoodle.embed.mongo/2.0.0/de.flapdoodle.embed.mongo-2.0.0.pom (10 kB at 371 kB/s)
04:02:55.965 [Thread-13] DEBUG spoon.Launcher - [INFO] Downloading from google-maven-central: https://maven-central.storage-download.googleapis.com/maven2/de/flapdoodle/embed/de.flapdoodle.embed.process/2.0.1/de.flapdoodle.embed.process-2.0.1.pom
04:02:55.991 [Thread-13] DEBUG spoon.Launcher - [INFO] Downloaded from google-maven-central: https://maven-central.storage-download.googleapis.com/maven2/de/flapdoodle/embed/de.flapdoodle.embed.process/2.0.1/de.flapdoodle.embed.process-2.0.1.pom (13 kB at 506 kB/s)
04:02:55.997 [Thread-13] DEBUG spoon.Launcher - [INFO] Downloading from google-maven-central: https://maven-central.storage-download.googleapis.com/maven2/org/apache/commons/commons-lang3/3.1/commons-lang3-3.1.pom
04:02:56.002 [Thread-13] DEBUG spoon.Launcher - [INFO] Downloaded from google-maven-central: https://maven-central.storage-download.googleapis.com/maven2/org/apache/commons/commons-lang3/3.1/commons-lang3-3.1.pom (17 kB at 3.3 MB/s)
04:02:56.007 [Thread-13] DEBUG spoon.Launcher - [INFO] Downloading from google-maven-central: https://maven-central.storage-download.googleapis.com/maven2/net/java/dev/jna/jna/4.0.0/jna-4.0.0.pom
04:02:56.035 [Thread-13] DEBUG spoon.Launcher - [INFO] Downloaded from google-maven-central: https://maven-central.storage-download.googleapis.com/maven2/net/java/dev/jna/jna/4.0.0/jna-4.0.0.pom (1.3 kB at 44 kB/s)
04:02:56.037 [Thread-13] DEBUG spoon.Launcher - [INFO] Downloading from google-maven-central: https://maven-central.storage-download.googleapis.com/maven2/net/java/dev/jna/jna-platform/4.0.0/jna-platform-4.0.0.pom
04:02:56.062 [Thread-13] DEBUG spoon.Launcher - [INFO] Downloaded from google-maven-central: https://maven-central.storage-download.googleapis.com/maven2/net/java/dev/jna/jna-platform/4.0.0/jna-platform-4.0.0.pom (1.5 kB at 60 kB/s)
04:02:56.065 [Thread-13] DEBUG spoon.Launcher - [INFO] Downloading from google-maven-central: https://maven-central.storage-download.googleapis.com/maven2/org/apache/commons/commons-compress/1.10/commons-compress-1.10.pom
04:02:56.071 [Thread-13] DEBUG spoon.Launcher - [INFO] Downloaded from google-maven-central: https://maven-central.storage-download.googleapis.com/maven2/org/apache/commons/commons-compress/1.10/commons-compress-1.10.pom (13 kB at 2.5 MB/s)
04:02:56.077 [Thread-13] DEBUG spoon.Launcher - [INFO] Downloading from google-maven-central: https://maven-central.storage-download.googleapis.com/maven2/org/mongodb/mongo-java-driver/3.4.2/mongo-java-driver-3.4.2.jar
04:02:56.077 [Thread-13] DEBUG spoon.Launcher - [INFO] Downloading from google-maven-central: https://maven-central.storage-download.googleapis.com/maven2/de/flapdoodle/embed/de.flapdoodle.embed.mongo/2.0.0/de.flapdoodle.embed.mongo-2.0.0.jar
04:02:56.078 [Thread-13] DEBUG spoon.Launcher - [INFO] Downloading from google-maven-central: https://maven-central.storage-download.googleapis.com/maven2/de/flapdoodle/embed/de.flapdoodle.embed.process/2.0.1/de.flapdoodle.embed.process-2.0.1.jar
04:02:56.079 [Thread-13] DEBUG spoon.Launcher - [INFO] Downloading from google-maven-central: https://maven-central.storage-download.googleapis.com/maven2/org/apache/commons/commons-lang3/3.1/commons-lang3-3.1.jar
04:02:56.086 [Thread-13] DEBUG spoon.Launcher - [INFO] Downloading from google-maven-central: https://maven-central.storage-download.googleapis.com/maven2/net/java/dev/jna/jna/4.0.0/jna-4.0.0.jar
04:02:56.104 [Thread-13] DEBUG spoon.Launcher - [INFO] Downloaded from google-maven-central: https://maven-central.storage-download.googleapis.com/maven2/de/flapdoodle/embed/de.flapdoodle.embed.process/2.0.1/de.flapdoodle.embed.process-2.0.1.jar (158 kB at 6.1 MB/s)
04:02:56.104 [Thread-13] DEBUG spoon.Launcher - [INFO] Downloading from google-maven-central: https://maven-central.storage-download.googleapis.com/maven2/net/java/dev/jna/jna-platform/4.0.0/jna-platform-4.0.0.jar
04:02:56.112 [Thread-13] DEBUG spoon.Launcher - [INFO] Downloaded from google-maven-central: https://maven-central.storage-download.googleapis.com/maven2/org/apache/commons/commons-lang3/3.1/commons-lang3-3.1.jar (316 kB at 9.6 MB/s)
04:02:56.114 [Thread-13] DEBUG spoon.Launcher - [INFO] Downloading from google-maven-central: https://maven-central.storage-download.googleapis.com/maven2/org/apache/commons/commons-compress/1.10/commons-compress-1.10.jar
04:02:56.155 [Thread-13] DEBUG spoon.Launcher - [INFO] Downloaded from google-maven-central: https://maven-central.storage-download.googleapis.com/maven2/org/apache/commons/commons-compress/1.10/commons-compress-1.10.jar (409 kB at 5.5 MB/s)
04:02:56.183 [Thread-13] DEBUG spoon.Launcher - [INFO] Downloaded from google-maven-central: https://maven-central.storage-download.googleapis.com/maven2/de/flapdoodle/embed/de.flapdoodle.embed.mongo/2.0.0/de.flapdoodle.embed.mongo-2.0.0.jar (114 kB at 1.1 MB/s)
04:02:56.184 [Thread-13] DEBUG spoon.Launcher - [INFO] Downloaded from google-maven-central: https://maven-central.storage-download.googleapis.com/maven2/org/mongodb/mongo-java-driver/3.4.2/mongo-java-driver-3.4.2.jar (1.7 MB at 15 MB/s)
04:02:56.187 [Thread-13] DEBUG spoon.Launcher - [INFO] Downloaded from google-maven-central: https://maven-central.storage-download.googleapis.com/maven2/net/java/dev/jna/jna-platform/4.0.0/jna-platform-4.0.0.jar (1.2 MB at 11 MB/s)
04:02:56.187 [Thread-13] DEBUG spoon.Launcher - [INFO] Downloaded from google-maven-central: https://maven-central.storage-download.googleapis.com/maven2/net/java/dev/jna/jna/4.0.0/jna-4.0.0.jar (915 kB at 8.5 MB/s)
04:02:56.191 [Thread-13] DEBUG spoon.Launcher - [INFO] 
04:02:56.192 [Thread-13] DEBUG spoon.Launcher - [INFO] --- maven-dependency-plugin:2.8:build-classpath (default-cli) @ pac4j-mongo ---
04:02:56.195 [Thread-13] DEBUG spoon.Launcher - [INFO] Wrote classpath file '/home/travis/build/SpoonLabs/spoon-ci-external/spoon/src/test/resources/maven-launcher/pac4j/pac4j-mongo/spoon.classpath.tmp'.
04:02:56.195 [Thread-13] DEBUG spoon.Launcher - [INFO] 
04:02:56.196 [Thread-13] DEBUG spoon.Launcher - [INFO] -----------------------< org.pac4j:pac4j-couch >------------------------
04:02:56.197 [Thread-13] DEBUG spoon.Launcher - [INFO] Building pac4j for CouchDB 3.0.0                                 [15/16]
04:02:56.198 [Thread-13] DEBUG spoon.Launcher - [INFO] --------------------------------[ jar ]---------------------------------
04:02:56.202 [Thread-13] DEBUG spoon.Launcher - [INFO] Downloading from google-maven-central: https://maven-central.storage-download.googleapis.com/maven2/org/ektorp/org.ektorp/1.4.4/org.ektorp-1.4.4.pom
04:02:56.212 [Thread-13] DEBUG spoon.Launcher - [INFO] Downloaded from google-maven-central: https://maven-central.storage-download.googleapis.com/maven2/org/ektorp/org.ektorp/1.4.4/org.ektorp-1.4.4.pom (2.9 kB at 266 kB/s)
04:02:56.214 [Thread-13] DEBUG spoon.Launcher - [INFO] Downloading from google-maven-central: https://maven-central.storage-download.googleapis.com/maven2/org/ektorp/org.ektorp.parent/1.4.4/org.ektorp.parent-1.4.4.pom
04:02:56.224 [Thread-13] DEBUG spoon.Launcher - [INFO] Downloaded from google-maven-central: https://maven-central.storage-download.googleapis.com/maven2/org/ektorp/org.ektorp.parent/1.4.4/org.ektorp.parent-1.4.4.pom (14 kB at 1.2 MB/s)
04:02:56.227 [Thread-13] DEBUG spoon.Launcher - [INFO] Downloading from google-maven-central: https://maven-central.storage-download.googleapis.com/maven2/org/apache/httpcomponents/httpclient/4.3/httpclient-4.3.pom
04:02:56.244 [Thread-13] DEBUG spoon.Launcher - [INFO] Downloaded from google-maven-central: https://maven-central.storage-download.googleapis.com/maven2/org/apache/httpcomponents/httpclient/4.3/httpclient-4.3.pom (5.2 kB at 289 kB/s)
04:02:56.247 [Thread-13] DEBUG spoon.Launcher - [INFO] Downloading from google-maven-central: https://maven-central.storage-download.googleapis.com/maven2/org/apache/httpcomponents/httpcomponents-client/4.3/httpcomponents-client-4.3.pom
04:02:56.260 [Thread-13] DEBUG spoon.Launcher - [INFO] Downloaded from google-maven-central: https://maven-central.storage-download.googleapis.com/maven2/org/apache/httpcomponents/httpcomponents-client/4.3/httpcomponents-client-4.3.pom (15 kB at 1.2 MB/s)
04:02:56.278 [Thread-13] DEBUG spoon.Launcher - [INFO] Downloading from google-maven-central: https://maven-central.storage-download.googleapis.com/maven2/org/apache/httpcomponents/httpcore/4.3/httpcore-4.3.pom
04:02:56.286 [Thread-13] DEBUG spoon.Launcher - [INFO] Downloaded from google-maven-central: https://maven-central.storage-download.googleapis.com/maven2/org/apache/httpcomponents/httpcore/4.3/httpcore-4.3.pom (4.1 kB at 460 kB/s)
04:02:56.288 [Thread-13] DEBUG spoon.Launcher - [INFO] Downloading from google-maven-central: https://maven-central.storage-download.googleapis.com/maven2/org/apache/httpcomponents/httpcomponents-core/4.3/httpcomponents-core-4.3.pom
04:02:56.299 [Thread-13] DEBUG spoon.Launcher - [INFO] Downloaded from google-maven-central: https://maven-central.storage-download.googleapis.com/maven2/org/apache/httpcomponents/httpcomponents-core/4.3/httpcomponents-core-4.3.pom (12 kB at 1.2 MB/s)
04:02:56.307 [Thread-13] DEBUG spoon.Launcher - [INFO] Downloading from google-maven-central: https://maven-central.storage-download.googleapis.com/maven2/org/apache/httpcomponents/httpclient-cache/4.3/httpclient-cache-4.3.pom
04:02:56.316 [Thread-13] DEBUG spoon.Launcher - [INFO] Downloaded from google-maven-central: https://maven-central.storage-download.googleapis.com/maven2/org/apache/httpcomponents/httpclient-cache/4.3/httpclient-cache-4.3.pom (6.0 kB at 747 kB/s)
04:02:56.328 [Thread-13] DEBUG spoon.Launcher - [INFO] Downloading from google-maven-central: https://maven-central.storage-download.googleapis.com/maven2/commons-io/commons-io/2.0.1/commons-io-2.0.1.pom
04:02:56.342 [Thread-13] DEBUG spoon.Launcher - [INFO] Downloaded from google-maven-central: https://maven-central.storage-download.googleapis.com/maven2/commons-io/commons-io/2.0.1/commons-io-2.0.1.pom (9.0 kB at 693 kB/s)
04:02:56.351 [Thread-13] DEBUG spoon.Launcher - [INFO] Downloading from google-maven-central: https://maven-central.storage-download.googleapis.com/maven2/org/apache/commons/commons-parent/15/commons-parent-15.pom
04:02:56.365 [Thread-13] DEBUG spoon.Launcher - [INFO] Downloaded from google-maven-central: https://maven-central.storage-download.googleapis.com/maven2/org/apache/commons/commons-parent/15/commons-parent-15.pom (32 kB at 2.4 MB/s)
04:02:56.371 [Thread-13] DEBUG spoon.Launcher - [INFO] Downloading from google-maven-central: https://maven-central.storage-download.googleapis.com/maven2/com/fasterxml/jackson/core/jackson-annotations/2.3.3/jackson-annotations-2.3.3.pom
04:02:56.378 [Thread-13] DEBUG spoon.Launcher - [INFO] Downloaded from google-maven-central: https://maven-central.storage-download.googleapis.com/maven2/com/fasterxml/jackson/core/jackson-annotations/2.3.3/jackson-annotations-2.3.3.pom (1.7 kB at 213 kB/s)
04:02:56.388 [Thread-13] DEBUG spoon.Launcher - [INFO] Downloading from google-maven-central: https://maven-central.storage-download.googleapis.com/maven2/com/fasterxml/jackson/core/jackson-core/2.3.3/jackson-core-2.3.3.pom
04:02:56.407 [Thread-13] DEBUG spoon.Launcher - [INFO] Downloaded from google-maven-central: https://maven-central.storage-download.googleapis.com/maven2/com/fasterxml/jackson/core/jackson-core/2.3.3/jackson-core-2.3.3.pom (6.0 kB at 351 kB/s)
04:02:56.440 [Thread-13] DEBUG spoon.Launcher - [INFO] Downloading from google-maven-central: https://maven-central.storage-download.googleapis.com/maven2/net/sourceforge/findbugs/annotations/1.3.2/annotations-1.3.2.pom
04:02:56.450 [Thread-13] DEBUG spoon.Launcher - [INFO] Downloaded from google-maven-central: https://maven-central.storage-download.googleapis.com/maven2/net/sourceforge/findbugs/annotations/1.3.2/annotations-1.3.2.pom (764 B at 69 kB/s)
04:02:56.452 [Thread-13] DEBUG spoon.Launcher - [INFO] Downloading from google-maven-central: https://maven-central.storage-download.googleapis.com/maven2/com/fasterxml/jackson/core/jackson-databind/2.3.3/jackson-databind-2.3.3.pom
04:02:56.473 [Thread-13] DEBUG spoon.Launcher - [INFO] Downloaded from google-maven-central: https://maven-central.storage-download.googleapis.com/maven2/com/fasterxml/jackson/core/jackson-databind/2.3.3/jackson-databind-2.3.3.pom (5.9 kB at 296 kB/s)
04:02:56.503 [Thread-13] DEBUG spoon.Launcher - [INFO] Downloading from google-maven-central: https://maven-central.storage-download.googleapis.com/maven2/io/bdrc/mcouch-ektorp/1.0.0/mcouch-ektorp-1.0.0.pom
04:02:56.514 [Thread-13] DEBUG spoon.Launcher - [INFO] Downloaded from google-maven-central: https://maven-central.storage-download.googleapis.com/maven2/io/bdrc/mcouch-ektorp/1.0.0/mcouch-ektorp-1.0.0.pom (1.3 kB at 133 kB/s)
04:02:56.525 [Thread-13] DEBUG spoon.Launcher - [INFO] Downloading from google-maven-central: https://maven-central.storage-download.googleapis.com/maven2/io/bdrc/mcouch/1.0.0/mcouch-1.0.0.pom
04:02:56.544 [Thread-13] DEBUG spoon.Launcher - [INFO] Downloaded from google-maven-central: https://maven-central.storage-download.googleapis.com/maven2/io/bdrc/mcouch/1.0.0/mcouch-1.0.0.pom (4.6 kB at 241 kB/s)
04:02:56.565 [Thread-13] DEBUG spoon.Launcher - [INFO] Downloading from google-maven-central: https://maven-central.storage-download.googleapis.com/maven2/io/bdrc/mcouch-core/1.0.0/mcouch-core-1.0.0.pom
04:02:56.585 [Thread-13] DEBUG spoon.Launcher - [INFO] Downloaded from google-maven-central: https://maven-central.storage-download.googleapis.com/maven2/io/bdrc/mcouch-core/1.0.0/mcouch-core-1.0.0.pom (1.3 kB at 68 kB/s)
04:02:56.608 [Thread-13] DEBUG spoon.Launcher - [INFO] Downloading from google-maven-central: https://maven-central.storage-download.googleapis.com/maven2/org/codehaus/jackson/jackson-mapper-asl/1.9.13/jackson-mapper-asl-1.9.13.pom
04:02:56.624 [Thread-13] DEBUG spoon.Launcher - [INFO] Downloaded from google-maven-central: https://maven-central.storage-download.googleapis.com/maven2/org/codehaus/jackson/jackson-mapper-asl/1.9.13/jackson-mapper-asl-1.9.13.pom (1.5 kB at 50 kB/s)
04:02:56.633 [Thread-13] DEBUG spoon.Launcher - [INFO] Downloading from google-maven-central: https://maven-central.storage-download.googleapis.com/maven2/org/codehaus/jackson/jackson-core-asl/1.9.13/jackson-core-asl-1.9.13.pom
04:02:56.638 [Thread-13] DEBUG spoon.Launcher - [INFO] Downloaded from google-maven-central: https://maven-central.storage-download.googleapis.com/maven2/org/codehaus/jackson/jackson-core-asl/1.9.13/jackson-core-asl-1.9.13.pom (1.3 kB at 320 kB/s)
04:02:56.640 [Thread-13] DEBUG spoon.Launcher - [INFO] Downloading from google-maven-central: https://maven-central.storage-download.googleapis.com/maven2/org/mozilla/rhino/1.7.7.1/rhino-1.7.7.1.pom
04:02:56.656 [Thread-13] DEBUG spoon.Launcher - [INFO] Downloaded from google-maven-central: https://maven-central.storage-download.googleapis.com/maven2/org/mozilla/rhino/1.7.7.1/rhino-1.7.7.1.pom (1.3 kB at 120 kB/s)
04:02:56.683 [Thread-13] DEBUG spoon.Launcher - [INFO] Downloading from google-maven-central: https://maven-central.storage-download.googleapis.com/maven2/org/apache/httpcomponents/httpclient/4.5.3/httpclient-4.5.3.pom
04:02:56.714 [Thread-13] DEBUG spoon.Launcher - [INFO] Downloaded from google-maven-central: https://maven-central.storage-download.googleapis.com/maven2/org/apache/httpcomponents/httpclient/4.5.3/httpclient-4.5.3.pom (6.4 kB at 200 kB/s)
04:02:56.740 [Thread-13] DEBUG spoon.Launcher - [INFO] Downloading from google-maven-central: https://maven-central.storage-download.googleapis.com/maven2/org/apache/httpcomponents/httpcomponents-client/4.5.3/httpcomponents-client-4.5.3.pom
04:02:56.752 [Thread-13] DEBUG spoon.Launcher - [INFO] Downloaded from google-maven-central: https://maven-central.storage-download.googleapis.com/maven2/org/apache/httpcomponents/httpcomponents-client/4.5.3/httpcomponents-client-4.5.3.pom (16 kB at 825 kB/s)
04:02:56.755 [Thread-13] DEBUG spoon.Launcher - [INFO] Downloading from google-maven-central: https://maven-central.storage-download.googleapis.com/maven2/org/apache/httpcomponents/httpcore/4.4.6/httpcore-4.4.6.pom
04:02:56.760 [Thread-13] DEBUG spoon.Launcher - [INFO] Downloaded from google-maven-central: https://maven-central.storage-download.googleapis.com/maven2/org/apache/httpcomponents/httpcore/4.4.6/httpcore-4.4.6.pom (5.1 kB at 1.3 MB/s)
04:02:56.762 [Thread-13] DEBUG spoon.Launcher - [INFO] Downloading from google-maven-central: https://maven-central.storage-download.googleapis.com/maven2/org/apache/httpcomponents/httpcomponents-core/4.4.6/httpcomponents-core-4.4.6.pom
04:02:56.769 [Thread-13] DEBUG spoon.Launcher - [INFO] Downloaded from google-maven-central: https://maven-central.storage-download.googleapis.com/maven2/org/apache/httpcomponents/httpcomponents-core/4.4.6/httpcomponents-core-4.4.6.pom (13 kB at 1.9 MB/s)
04:02:56.774 [Thread-13] DEBUG spoon.Launcher - [INFO] Downloading from google-maven-central: https://maven-central.storage-download.googleapis.com/maven2/org/springframework/spring-core/4.3.8.RELEASE/spring-core-4.3.8.RELEASE.pom
04:02:56.779 [Thread-13] DEBUG spoon.Launcher - [INFO] Downloaded from google-maven-central: https://maven-central.storage-download.googleapis.com/maven2/org/springframework/spring-core/4.3.8.RELEASE/spring-core-4.3.8.RELEASE.pom (2.5 kB at 412 kB/s)
04:02:56.782 [Thread-13] DEBUG spoon.Launcher - [INFO] Downloading from google-maven-central: https://maven-central.storage-download.googleapis.com/maven2/org/ektorp/org.ektorp.spring/1.4.4/org.ektorp.spring-1.4.4.pom
04:02:56.787 [Thread-13] DEBUG spoon.Launcher - [INFO] Downloaded from google-maven-central: https://maven-central.storage-download.googleapis.com/maven2/org/ektorp/org.ektorp.spring/1.4.4/org.ektorp.spring-1.4.4.pom (1.9 kB at 373 kB/s)
04:02:56.792 [Thread-13] DEBUG spoon.Launcher - [INFO] Downloading from google-maven-central: https://maven-central.storage-download.googleapis.com/maven2/org/springframework/spring-context/3.1.1.RELEASE/spring-context-3.1.1.RELEASE.pom
04:02:56.800 [Thread-13] DEBUG spoon.Launcher - [INFO] Downloaded from google-maven-central: https://maven-central.storage-download.googleapis.com/maven2/org/springframework/spring-context/3.1.1.RELEASE/spring-context-3.1.1.RELEASE.pom (8.7 kB at 1.1 MB/s)
04:02:56.804 [Thread-13] DEBUG spoon.Launcher - [INFO] Downloading from google-maven-central: https://maven-central.storage-download.googleapis.com/maven2/org/springframework/spring-parent/3.1.1.RELEASE/spring-parent-3.1.1.RELEASE.pom
04:02:56.812 [Thread-13] DEBUG spoon.Launcher - [INFO] Downloaded from google-maven-central: https://maven-central.storage-download.googleapis.com/maven2/org/springframework/spring-parent/3.1.1.RELEASE/spring-parent-3.1.1.RELEASE.pom (8.7 kB at 1.1 MB/s)
04:02:56.817 [Thread-13] DEBUG spoon.Launcher - [INFO] Downloading from google-maven-central: https://maven-central.storage-download.googleapis.com/maven2/org/springframework/spring-aop/3.1.1.RELEASE/spring-aop-3.1.1.RELEASE.pom
04:02:56.825 [Thread-13] DEBUG spoon.Launcher - [INFO] Downloaded from google-maven-central: https://maven-central.storage-download.googleapis.com/maven2/org/springframework/spring-aop/3.1.1.RELEASE/spring-aop-3.1.1.RELEASE.pom (2.8 kB at 399 kB/s)
04:02:56.831 [Thread-13] DEBUG spoon.Launcher - [INFO] Downloading from google-maven-central: https://maven-central.storage-download.googleapis.com/maven2/org/springframework/spring-asm/3.1.1.RELEASE/spring-asm-3.1.1.RELEASE.pom
04:02:56.837 [Thread-13] DEBUG spoon.Launcher - [INFO] Downloaded from google-maven-central: https://maven-central.storage-download.googleapis.com/maven2/org/springframework/spring-asm/3.1.1.RELEASE/spring-asm-3.1.1.RELEASE.pom (2.5 kB at 360 kB/s)
04:02:56.841 [Thread-13] DEBUG spoon.Launcher - [INFO] Downloading from google-maven-central: https://maven-central.storage-download.googleapis.com/maven2/org/springframework/spring-beans/3.1.1.RELEASE/spring-beans-3.1.1.RELEASE.pom
04:02:56.850 [Thread-13] DEBUG spoon.Launcher - [INFO] Downloaded from google-maven-central: https://maven-central.storage-download.googleapis.com/maven2/org/springframework/spring-beans/3.1.1.RELEASE/spring-beans-3.1.1.RELEASE.pom (2.6 kB at 324 kB/s)
04:02:56.855 [Thread-13] DEBUG spoon.Launcher - [INFO] Downloading from google-maven-central: https://maven-central.storage-download.googleapis.com/maven2/org/springframework/spring-core/3.1.1.RELEASE/spring-core-3.1.1.RELEASE.pom
04:02:56.859 [Thread-13] DEBUG spoon.Launcher - [INFO] Downloaded from google-maven-central: https://maven-central.storage-download.googleapis.com/maven2/org/springframework/spring-core/3.1.1.RELEASE/spring-core-3.1.1.RELEASE.pom (2.6 kB at 523 kB/s)
04:02:56.862 [Thread-13] DEBUG spoon.Launcher - [INFO] Downloading from google-maven-central: https://maven-central.storage-download.googleapis.com/maven2/org/springframework/spring-expression/3.1.1.RELEASE/spring-expression-3.1.1.RELEASE.pom
04:02:56.867 [Thread-13] DEBUG spoon.Launcher - [INFO] Downloaded from google-maven-central: https://maven-central.storage-download.googleapis.com/maven2/org/springframework/spring-expression/3.1.1.RELEASE/spring-expression-3.1.1.RELEASE.pom (1.8 kB at 358 kB/s)
04:02:56.869 [Thread-13] DEBUG spoon.Launcher - [INFO] Downloading from google-maven-central: https://maven-central.storage-download.googleapis.com/maven2/org/aspectj/aspectjweaver/1.6.9/aspectjweaver-1.6.9.pom
04:02:56.873 [Thread-13] DEBUG spoon.Launcher - [INFO] Downloaded from google-maven-central: https://maven-central.storage-download.googleapis.com/maven2/org/aspectj/aspectjweaver/1.6.9/aspectjweaver-1.6.9.pom (908 B at 227 kB/s)
04:02:56.881 [Thread-13] DEBUG spoon.Launcher - [INFO] Downloading from google-maven-central: https://maven-central.storage-download.googleapis.com/maven2/org/ektorp/org.ektorp/1.4.4/org.ektorp-1.4.4.jar
04:02:56.882 [Thread-13] DEBUG spoon.Launcher - [INFO] Downloading from google-maven-central: https://maven-central.storage-download.googleapis.com/maven2/org/apache/httpcomponents/httpclient/4.3/httpclient-4.3.jar
04:02:56.892 [Thread-13] DEBUG spoon.Launcher - [INFO] Downloading from google-maven-central: https://maven-central.storage-download.googleapis.com/maven2/org/apache/httpcomponents/httpcore/4.3/httpcore-4.3.jar
04:02:56.894 [Thread-13] DEBUG spoon.Launcher - [INFO] Downloading from google-maven-central: https://maven-central.storage-download.googleapis.com/maven2/org/apache/httpcomponents/httpclient-cache/4.3/httpclient-cache-4.3.jar
04:02:56.914 [Thread-13] DEBUG spoon.Launcher - [INFO] Downloading from google-maven-central: https://maven-central.storage-download.googleapis.com/maven2/commons-io/commons-io/2.0.1/commons-io-2.0.1.jar
04:02:56.918 [Thread-13] DEBUG spoon.Launcher - [INFO] Downloaded from google-maven-central: https://maven-central.storage-download.googleapis.com/maven2/org/apache/httpcomponents/httpclient-cache/4.3/httpclient-cache-4.3.jar (148 kB at 5.9 MB/s)
04:02:56.920 [Thread-13] DEBUG spoon.Launcher - [INFO] Downloading from google-maven-central: https://maven-central.storage-download.googleapis.com/maven2/com/fasterxml/jackson/core/jackson-annotations/2.3.3/jackson-annotations-2.3.3.jar
04:02:56.922 [Thread-13] DEBUG spoon.Launcher - [INFO] Downloaded from google-maven-central: https://maven-central.storage-download.googleapis.com/maven2/org/apache/httpcomponents/httpcore/4.3/httpcore-4.3.jar (282 kB at 8.1 MB/s)
04:02:56.925 [Thread-13] DEBUG spoon.Launcher - [INFO] Downloading from google-maven-central: https://maven-central.storage-download.googleapis.com/maven2/com/fasterxml/jackson/core/jackson-core/2.3.3/jackson-core-2.3.3.jar
04:02:56.931 [Thread-13] DEBUG spoon.Launcher - [INFO] Downloaded from google-maven-central: https://maven-central.storage-download.googleapis.com/maven2/com/fasterxml/jackson/core/jackson-annotations/2.3.3/jackson-annotations-2.3.3.jar (37 kB at 1.6 MB/s)
04:02:56.931 [Thread-13] DEBUG spoon.Launcher - [INFO] Downloaded from google-maven-central: https://maven-central.storage-download.googleapis.com/maven2/org/ektorp/org.ektorp/1.4.4/org.ektorp-1.4.4.jar (294 kB at 7.0 MB/s)
04:02:56.932 [Thread-13] DEBUG spoon.Launcher - [INFO] Downloading from google-maven-central: https://maven-central.storage-download.googleapis.com/maven2/net/sourceforge/findbugs/annotations/1.3.2/annotations-1.3.2.jar
04:02:56.932 [Thread-13] DEBUG spoon.Launcher - [INFO] Downloading from google-maven-central: https://maven-central.storage-download.googleapis.com/maven2/com/fasterxml/jackson/core/jackson-databind/2.3.3/jackson-databind-2.3.3.jar
04:02:56.941 [Thread-13] DEBUG spoon.Launcher - [INFO] Downloaded from google-maven-central: https://maven-central.storage-download.googleapis.com/maven2/org/apache/httpcomponents/httpclient/4.3/httpclient-4.3.jar (585 kB at 9.8 MB/s)
04:02:56.942 [Thread-13] DEBUG spoon.Launcher - [INFO] Downloading from google-maven-central: https://maven-central.storage-download.googleapis.com/maven2/io/bdrc/mcouch-ektorp/1.0.0/mcouch-ektorp-1.0.0.jar
04:02:56.947 [Thread-13] DEBUG spoon.Launcher - [INFO] Downloaded from google-maven-central: https://maven-central.storage-download.googleapis.com/maven2/commons-io/commons-io/2.0.1/commons-io-2.0.1.jar (160 kB at 3.1 MB/s)
04:02:56.948 [Thread-13] DEBUG spoon.Launcher - [INFO] Downloaded from google-maven-central: https://maven-central.storage-download.googleapis.com/maven2/io/bdrc/mcouch-ektorp/1.0.0/mcouch-ektorp-1.0.0.jar (2.4 kB at 62 kB/s)
04:02:56.948 [Thread-13] DEBUG spoon.Launcher - [INFO] Downloading from google-maven-central: https://maven-central.storage-download.googleapis.com/maven2/io/bdrc/mcouch-core/1.0.0/mcouch-core-1.0.0.jar
04:02:56.948 [Thread-13] DEBUG spoon.Launcher - [INFO] Downloading from google-maven-central: https://maven-central.storage-download.googleapis.com/maven2/org/codehaus/jackson/jackson-mapper-asl/1.9.13/jackson-mapper-asl-1.9.13.jar
04:02:56.952 [Thread-13] DEBUG spoon.Launcher - [INFO] Downloaded from google-maven-central: https://maven-central.storage-download.googleapis.com/maven2/net/sourceforge/findbugs/annotations/1.3.2/annotations-1.3.2.jar (12 kB at 251 kB/s)
04:02:56.955 [Thread-13] DEBUG spoon.Launcher - [INFO] Downloading from google-maven-central: https://maven-central.storage-download.googleapis.com/maven2/org/codehaus/jackson/jackson-core-asl/1.9.13/jackson-core-asl-1.9.13.jar
04:02:56.967 [Thread-13] DEBUG spoon.Launcher - [INFO] Downloaded from google-maven-central: https://maven-central.storage-download.googleapis.com/maven2/com/fasterxml/jackson/core/jackson-core/2.3.3/jackson-core-2.3.3.jar (200 kB at 3.7 MB/s)
04:02:56.968 [Thread-13] DEBUG spoon.Launcher - [INFO] Downloaded from google-maven-central: https://maven-central.storage-download.googleapis.com/maven2/org/codehaus/jackson/jackson-core-asl/1.9.13/jackson-core-asl-1.9.13.jar (232 kB at 3.9 MB/s)
04:02:56.968 [Thread-13] DEBUG spoon.Launcher - [INFO] Downloading from google-maven-central: https://maven-central.storage-download.googleapis.com/maven2/org/mozilla/rhino/1.7.7.1/rhino-1.7.7.1.jar
04:02:56.969 [Thread-13] DEBUG spoon.Launcher - [INFO] Downloading from google-maven-central: https://maven-central.storage-download.googleapis.com/maven2/org/ektorp/org.ektorp.spring/1.4.4/org.ektorp.spring-1.4.4.jar
04:02:57.001 [Thread-13] DEBUG spoon.Launcher - [INFO] Downloaded from google-maven-central: https://maven-central.storage-download.googleapis.com/maven2/com/fasterxml/jackson/core/jackson-databind/2.3.3/jackson-databind-2.3.3.jar (915 kB at 9.7 MB/s)
04:02:57.001 [Thread-13] DEBUG spoon.Launcher - [INFO] Downloading from google-maven-central: https://maven-central.storage-download.googleapis.com/maven2/org/springframework/spring-context/3.1.1.RELEASE/spring-context-3.1.1.RELEASE.jar
04:02:57.007 [Thread-13] DEBUG spoon.Launcher - [INFO] Downloaded from google-maven-central: https://maven-central.storage-download.googleapis.com/maven2/org/mozilla/rhino/1.7.7.1/rhino-1.7.7.1.jar (1.3 MB at 13 MB/s)
04:02:57.010 [Thread-13] DEBUG spoon.Launcher - [INFO] Downloading from google-maven-central: https://maven-central.storage-download.googleapis.com/maven2/org/springframework/spring-aop/3.1.1.RELEASE/spring-aop-3.1.1.RELEASE.jar
04:02:57.070 [Thread-13] DEBUG spoon.Launcher - [INFO] Downloaded from google-maven-central: https://maven-central.storage-download.googleapis.com/maven2/org/ektorp/org.ektorp.spring/1.4.4/org.ektorp.spring-1.4.4.jar (16 kB at 95 kB/s)
04:02:57.070 [Thread-13] DEBUG spoon.Launcher - [INFO] Downloading from google-maven-central: https://maven-central.storage-download.googleapis.com/maven2/org/springframework/spring-beans/3.1.1.RELEASE/spring-beans-3.1.1.RELEASE.jar
04:02:57.073 [Thread-13] DEBUG spoon.Launcher - [INFO] Downloaded from google-maven-central: https://maven-central.storage-download.googleapis.com/maven2/org/springframework/spring-aop/3.1.1.RELEASE/spring-aop-3.1.1.RELEASE.jar (331 kB at 2.0 MB/s)
04:02:57.073 [Thread-13] DEBUG spoon.Launcher - [INFO] Downloading from google-maven-central: https://maven-central.storage-download.googleapis.com/maven2/org/springframework/spring-expression/3.1.1.RELEASE/spring-expression-3.1.1.RELEASE.jar
04:02:57.079 [Thread-13] DEBUG spoon.Launcher - [INFO] Downloaded from google-maven-central: https://maven-central.storage-download.googleapis.com/maven2/org/springframework/spring-context/3.1.1.RELEASE/spring-context-3.1.1.RELEASE.jar (831 kB at 4.8 MB/s)
04:02:57.079 [Thread-13] DEBUG spoon.Launcher - [INFO] Downloading from google-maven-central: https://maven-central.storage-download.googleapis.com/maven2/org/springframework/spring-asm/3.1.1.RELEASE/spring-asm-3.1.1.RELEASE.jar
04:02:57.088 [Thread-13] DEBUG spoon.Launcher - [INFO] Downloaded from google-maven-central: https://maven-central.storage-download.googleapis.com/maven2/io/bdrc/mcouch-core/1.0.0/mcouch-core-1.0.0.jar (56 kB at 311 kB/s)
04:02:57.088 [Thread-13] DEBUG spoon.Launcher - [INFO] Downloading from google-maven-central: https://maven-central.storage-download.googleapis.com/maven2/org/aspectj/aspectjweaver/1.6.9/aspectjweaver-1.6.9.jar
04:02:57.096 [Thread-13] DEBUG spoon.Launcher - [INFO] Downloaded from google-maven-central: https://maven-central.storage-download.googleapis.com/maven2/org/codehaus/jackson/jackson-mapper-asl/1.9.13/jackson-mapper-asl-1.9.13.jar (781 kB at 4.1 MB/s)
04:02:57.098 [Thread-13] DEBUG spoon.Launcher - [INFO] Downloading from google-maven-central: https://maven-central.storage-download.googleapis.com/maven2/org/springframework/spring-core/4.3.8.RELEASE/spring-core-4.3.8.RELEASE.jar
04:02:57.107 [Thread-13] DEBUG spoon.Launcher - [INFO] Downloaded from google-maven-central: https://maven-central.storage-download.googleapis.com/maven2/org/springframework/spring-expression/3.1.1.RELEASE/spring-expression-3.1.1.RELEASE.jar (176 kB at 882 kB/s)
04:02:57.121 [Thread-13] DEBUG spoon.Launcher - [INFO] Downloaded from google-maven-central: https://maven-central.storage-download.googleapis.com/maven2/org/springframework/spring-beans/3.1.1.RELEASE/spring-beans-3.1.1.RELEASE.jar (590 kB at 2.8 MB/s)
04:02:57.139 [Thread-13] DEBUG spoon.Launcher - [INFO] Downloaded from google-maven-central: https://maven-central.storage-download.googleapis.com/maven2/org/springframework/spring-core/4.3.8.RELEASE/spring-core-4.3.8.RELEASE.jar (1.1 MB at 4.9 MB/s)
04:02:57.178 [Thread-13] DEBUG spoon.Launcher - [INFO] Downloaded from google-maven-central: https://maven-central.storage-download.googleapis.com/maven2/org/springframework/spring-asm/3.1.1.RELEASE/spring-asm-3.1.1.RELEASE.jar (53 kB at 195 kB/s)
04:02:57.320 [Thread-13] DEBUG spoon.Launcher - [INFO] Downloaded from google-maven-central: https://maven-central.storage-download.googleapis.com/maven2/org/aspectj/aspectjweaver/1.6.9/aspectjweaver-1.6.9.jar (1.7 MB at 4.0 MB/s)
04:02:57.338 [Thread-13] DEBUG spoon.Launcher - [INFO] 
04:02:57.338 [Thread-13] DEBUG spoon.Launcher - [INFO] --- maven-dependency-plugin:2.8:build-classpath (default-cli) @ pac4j-couch ---
04:02:57.342 [Thread-13] DEBUG spoon.Launcher - [INFO] Wrote classpath file '/home/travis/build/SpoonLabs/spoon-ci-external/spoon/src/test/resources/maven-launcher/pac4j/pac4j-couch/spoon.classpath.tmp'.
04:02:57.342 [Thread-13] DEBUG spoon.Launcher - [INFO] 
04:02:57.342 [Thread-13] DEBUG spoon.Launcher - [INFO] ----------------------< org.pac4j:pac4j-kerberos >----------------------
04:02:57.342 [Thread-13] DEBUG spoon.Launcher - [INFO] Building pac4j for Kerberos 3.0.0                                [16/16]
04:02:57.342 [Thread-13] DEBUG spoon.Launcher - [INFO] --------------------------------[ jar ]---------------------------------
04:02:57.354 [Thread-13] DEBUG spoon.Launcher - [INFO] Downloading from google-maven-central: https://maven-central.storage-download.googleapis.com/maven2/org/apache/kerby/kerby-kdc/1.0.0/kerby-kdc-1.0.0.pom
04:02:57.380 [Thread-13] DEBUG spoon.Launcher - [INFO] Downloaded from google-maven-central: https://maven-central.storage-download.googleapis.com/maven2/org/apache/kerby/kerby-kdc/1.0.0/kerby-kdc-1.0.0.pom (2.3 kB at 84 kB/s)
04:02:57.401 [Thread-13] DEBUG spoon.Launcher - [INFO] Downloading from google-maven-central: https://maven-central.storage-download.googleapis.com/maven2/org/apache/kerby/kerby-all/1.0.0/kerby-all-1.0.0.pom
04:02:57.427 [Thread-13] DEBUG spoon.Launcher - [INFO] Downloaded from google-maven-central: https://maven-central.storage-download.googleapis.com/maven2/org/apache/kerby/kerby-all/1.0.0/kerby-all-1.0.0.pom (15 kB at 576 kB/s)
04:02:57.430 [Thread-13] DEBUG spoon.Launcher - [INFO] Downloading from google-maven-central: https://maven-central.storage-download.googleapis.com/maven2/org/apache/kerby/kerb-server-api-all/1.0.0/kerb-server-api-all-1.0.0.pom
04:02:57.452 [Thread-13] DEBUG spoon.Launcher - [INFO] Downloaded from google-maven-central: https://maven-central.storage-download.googleapis.com/maven2/org/apache/kerby/kerb-server-api-all/1.0.0/kerb-server-api-all-1.0.0.pom (2.3 kB at 105 kB/s)
04:02:57.454 [Thread-13] DEBUG spoon.Launcher - [INFO] Downloading from google-maven-central: https://maven-central.storage-download.googleapis.com/maven2/org/apache/kerby/kerby-kerb/1.0.0/kerby-kerb-1.0.0.pom
04:02:57.484 [Thread-13] DEBUG spoon.Launcher - [INFO] Downloaded from google-maven-central: https://maven-central.storage-download.googleapis.com/maven2/org/apache/kerby/kerby-kerb/1.0.0/kerby-kerb-1.0.0.pom (1.7 kB at 57 kB/s)
04:02:57.486 [Thread-13] DEBUG spoon.Launcher - [INFO] Downloading from google-maven-central: https://maven-central.storage-download.googleapis.com/maven2/org/apache/kerby/kerb-admin/1.0.0/kerb-admin-1.0.0.pom
04:02:57.509 [Thread-13] DEBUG spoon.Launcher - [INFO] Downloaded from google-maven-central: https://maven-central.storage-download.googleapis.com/maven2/org/apache/kerby/kerb-admin/1.0.0/kerb-admin-1.0.0.pom (1.7 kB at 72 kB/s)
04:02:57.512 [Thread-13] DEBUG spoon.Launcher - [INFO] Downloading from google-maven-central: https://maven-central.storage-download.googleapis.com/maven2/org/apache/kerby/kerb-server/1.0.0/kerb-server-1.0.0.pom
04:02:57.538 [Thread-13] DEBUG spoon.Launcher - [INFO] Downloaded from google-maven-central: https://maven-central.storage-download.googleapis.com/maven2/org/apache/kerby/kerb-server/1.0.0/kerb-server-1.0.0.pom (1.7 kB at 67 kB/s)
04:02:57.541 [Thread-13] DEBUG spoon.Launcher - [INFO] Downloading from google-maven-central: https://maven-central.storage-download.googleapis.com/maven2/org/apache/kerby/kerb-common/1.0.0/kerb-common-1.0.0.pom
04:02:57.568 [Thread-13] DEBUG spoon.Launcher - [INFO] Downloaded from google-maven-central: https://maven-central.storage-download.googleapis.com/maven2/org/apache/kerby/kerb-common/1.0.0/kerb-common-1.0.0.pom (1.7 kB at 61 kB/s)
04:02:57.573 [Thread-13] DEBUG spoon.Launcher - [INFO] Downloading from google-maven-central: https://maven-central.storage-download.googleapis.com/maven2/org/apache/kerby/kerby-config/1.0.0/kerby-config-1.0.0.pom
04:02:57.599 [Thread-13] DEBUG spoon.Launcher - [INFO] Downloaded from google-maven-central: https://maven-central.storage-download.googleapis.com/maven2/org/apache/kerby/kerby-config/1.0.0/kerby-config-1.0.0.pom (1.5 kB at 55 kB/s)
04:02:57.601 [Thread-13] DEBUG spoon.Launcher - [INFO] Downloading from google-maven-central: https://maven-central.storage-download.googleapis.com/maven2/org/apache/kerby/kerby-common/1.0.0/kerby-common-1.0.0.pom
04:02:57.624 [Thread-13] DEBUG spoon.Launcher - [INFO] Downloaded from google-maven-central: https://maven-central.storage-download.googleapis.com/maven2/org/apache/kerby/kerby-common/1.0.0/kerby-common-1.0.0.pom (1.3 kB at 55 kB/s)
04:02:57.627 [Thread-13] DEBUG spoon.Launcher - [INFO] Downloading from google-maven-central: https://maven-central.storage-download.googleapis.com/maven2/org/apache/kerby/kerb-crypto/1.0.0/kerb-crypto-1.0.0.pom
04:02:57.659 [Thread-13] DEBUG spoon.Launcher - [INFO] Downloaded from google-maven-central: https://maven-central.storage-download.googleapis.com/maven2/org/apache/kerby/kerb-crypto/1.0.0/kerb-crypto-1.0.0.pom (1.5 kB at 47 kB/s)
04:02:57.662 [Thread-13] DEBUG spoon.Launcher - [INFO] Downloading from google-maven-central: https://maven-central.storage-download.googleapis.com/maven2/org/apache/kerby/kerby-util/1.0.0/kerby-util-1.0.0.pom
04:02:57.693 [Thread-13] DEBUG spoon.Launcher - [INFO] Downloaded from google-maven-central: https://maven-central.storage-download.googleapis.com/maven2/org/apache/kerby/kerby-util/1.0.0/kerby-util-1.0.0.pom (1.2 kB at 38 kB/s)
04:02:57.695 [Thread-13] DEBUG spoon.Launcher - [INFO] Downloading from google-maven-central: https://maven-central.storage-download.googleapis.com/maven2/org/apache/kerby/kerb-core/1.0.0/kerb-core-1.0.0.pom
04:02:57.725 [Thread-13] DEBUG spoon.Launcher - [INFO] Downloaded from google-maven-central: https://maven-central.storage-download.googleapis.com/maven2/org/apache/kerby/kerb-core/1.0.0/kerb-core-1.0.0.pom (1.3 kB at 46 kB/s)
04:02:57.728 [Thread-13] DEBUG spoon.Launcher - [INFO] Downloading from google-maven-central: https://maven-central.storage-download.googleapis.com/maven2/org/apache/kerby/kerby-pkix/1.0.0/kerby-pkix-1.0.0.pom
04:02:57.753 [Thread-13] DEBUG spoon.Launcher - [INFO] Downloaded from google-maven-central: https://maven-central.storage-download.googleapis.com/maven2/org/apache/kerby/kerby-pkix/1.0.0/kerby-pkix-1.0.0.pom (2.0 kB at 77 kB/s)
04:02:57.755 [Thread-13] DEBUG spoon.Launcher - [INFO] Downloading from google-maven-central: https://maven-central.storage-download.googleapis.com/maven2/org/apache/kerby/kerby-asn1/1.0.0/kerby-asn1-1.0.0.pom
04:02:57.781 [Thread-13] DEBUG spoon.Launcher - [INFO] Downloaded from google-maven-central: https://maven-central.storage-download.googleapis.com/maven2/org/apache/kerby/kerby-asn1/1.0.0/kerby-asn1-1.0.0.pom (1.1 kB at 43 kB/s)
04:02:57.784 [Thread-13] DEBUG spoon.Launcher - [INFO] Downloading from google-maven-central: https://maven-central.storage-download.googleapis.com/maven2/org/apache/kerby/kerb-identity/1.0.0/kerb-identity-1.0.0.pom
04:02:57.807 [Thread-13] DEBUG spoon.Launcher - [INFO] Downloaded from google-maven-central: https://maven-central.storage-download.googleapis.com/maven2/org/apache/kerby/kerb-identity/1.0.0/kerb-identity-1.0.0.pom (1.5 kB at 65 kB/s)
04:02:57.810 [Thread-13] DEBUG spoon.Launcher - [INFO] Downloading from google-maven-central: https://maven-central.storage-download.googleapis.com/maven2/org/apache/kerby/kerb-util/1.0.0/kerb-util-1.0.0.pom
04:02:57.850 [Thread-13] DEBUG spoon.Launcher - [INFO] Downloaded from google-maven-central: https://maven-central.storage-download.googleapis.com/maven2/org/apache/kerby/kerb-util/1.0.0/kerb-util-1.0.0.pom (1.8 kB at 46 kB/s)
04:02:57.854 [Thread-13] DEBUG spoon.Launcher - [INFO] Downloading from google-maven-central: https://maven-central.storage-download.googleapis.com/maven2/org/apache/kerby/kerby-xdr/1.0.0/kerby-xdr-1.0.0.pom
04:02:57.893 [Thread-13] DEBUG spoon.Launcher - [INFO] Downloaded from google-maven-central: https://maven-central.storage-download.googleapis.com/maven2/org/apache/kerby/kerby-xdr/1.0.0/kerby-xdr-1.0.0.pom (1.1 kB at 28 kB/s)
04:02:57.897 [Thread-13] DEBUG spoon.Launcher - [INFO] Downloading from google-maven-central: https://maven-central.storage-download.googleapis.com/maven2/io/netty/netty-transport/4.0.29.Final/netty-transport-4.0.29.Final.pom
04:02:57.923 [Thread-13] DEBUG spoon.Launcher - [INFO] Downloaded from google-maven-central: https://maven-central.storage-download.googleapis.com/maven2/io/netty/netty-transport/4.0.29.Final/netty-transport-4.0.29.Final.pom (1.4 kB at 53 kB/s)
04:02:57.925 [Thread-13] DEBUG spoon.Launcher - [INFO] Downloading from google-maven-central: https://maven-central.storage-download.googleapis.com/maven2/io/netty/netty-parent/4.0.29.Final/netty-parent-4.0.29.Final.pom
04:02:57.950 [Thread-13] DEBUG spoon.Launcher - [INFO] Downloaded from google-maven-central: https://maven-central.storage-download.googleapis.com/maven2/io/netty/netty-parent/4.0.29.Final/netty-parent-4.0.29.Final.pom (51 kB at 2.0 MB/s)
04:02:57.956 [Thread-13] DEBUG spoon.Launcher - [INFO] Downloading from google-maven-central: https://maven-central.storage-download.googleapis.com/maven2/io/netty/netty-buffer/4.0.29.Final/netty-buffer-4.0.29.Final.pom
04:02:57.991 [Thread-13] DEBUG spoon.Launcher - [INFO] Downloaded from google-maven-central: https://maven-central.storage-download.googleapis.com/maven2/io/netty/netty-buffer/4.0.29.Final/netty-buffer-4.0.29.Final.pom (1.4 kB at 37 kB/s)
04:02:57.997 [Thread-13] DEBUG spoon.Launcher - [INFO] Downloading from google-maven-central: https://maven-central.storage-download.googleapis.com/maven2/io/netty/netty-common/4.0.29.Final/netty-common-4.0.29.Final.pom
04:02:58.021 [Thread-13] DEBUG spoon.Launcher - [INFO] Downloaded from google-maven-central: https://maven-central.storage-download.googleapis.com/maven2/io/netty/netty-common/4.0.29.Final/netty-common-4.0.29.Final.pom (2.0 kB at 80 kB/s)
04:02:58.025 [Thread-13] DEBUG spoon.Launcher - [INFO] Downloading from google-maven-central: https://maven-central.storage-download.googleapis.com/maven2/io/netty/netty-handler/4.0.29.Final/netty-handler-4.0.29.Final.pom
04:02:58.052 [Thread-13] DEBUG spoon.Launcher - [INFO] Downloaded from google-maven-central: https://maven-central.storage-download.googleapis.com/maven2/io/netty/netty-handler/4.0.29.Final/netty-handler-4.0.29.Final.pom (2.8 kB at 102 kB/s)
04:02:58.055 [Thread-13] DEBUG spoon.Launcher - [INFO] Downloading from google-maven-central: https://maven-central.storage-download.googleapis.com/maven2/io/netty/netty-codec/4.0.29.Final/netty-codec-4.0.29.Final.pom
04:02:58.083 [Thread-13] DEBUG spoon.Launcher - [INFO] Downloaded from google-maven-central: https://maven-central.storage-download.googleapis.com/maven2/io/netty/netty-codec/4.0.29.Final/netty-codec-4.0.29.Final.pom (2.2 kB at 80 kB/s)
04:02:58.086 [Thread-13] DEBUG spoon.Launcher - [INFO] Downloading from google-maven-central: https://maven-central.storage-download.googleapis.com/maven2/org/apache/kerby/kerb-simplekdc/1.0.0/kerb-simplekdc-1.0.0.pom
04:02:58.111 [Thread-13] DEBUG spoon.Launcher - [INFO] Downloaded from google-maven-central: https://maven-central.storage-download.googleapis.com/maven2/org/apache/kerby/kerb-simplekdc/1.0.0/kerb-simplekdc-1.0.0.pom (1.5 kB at 59 kB/s)
04:02:58.115 [Thread-13] DEBUG spoon.Launcher - [INFO] Downloading from google-maven-central: https://maven-central.storage-download.googleapis.com/maven2/org/apache/kerby/kerb-client/1.0.0/kerb-client-1.0.0.pom
04:02:58.139 [Thread-13] DEBUG spoon.Launcher - [INFO] Downloaded from google-maven-central: https://maven-central.storage-download.googleapis.com/maven2/org/apache/kerby/kerb-client/1.0.0/kerb-client-1.0.0.pom (2.0 kB at 80 kB/s)
04:02:58.142 [Thread-13] DEBUG spoon.Launcher - [INFO] Downloading from google-maven-central: https://maven-central.storage-download.googleapis.com/maven2/org/apache/kerby/token-provider/1.0.0/token-provider-1.0.0.pom
04:02:58.174 [Thread-13] DEBUG spoon.Launcher - [INFO] Downloaded from google-maven-central: https://maven-central.storage-download.googleapis.com/maven2/org/apache/kerby/token-provider/1.0.0/token-provider-1.0.0.pom (1.5 kB at 47 kB/s)
04:02:58.176 [Thread-13] DEBUG spoon.Launcher - [INFO] Downloading from google-maven-central: https://maven-central.storage-download.googleapis.com/maven2/org/apache/kerby/kerby-provider/1.0.0/kerby-provider-1.0.0.pom
04:02:58.197 [Thread-13] DEBUG spoon.Launcher - [INFO] Downloaded from google-maven-central: https://maven-central.storage-download.googleapis.com/maven2/org/apache/kerby/kerby-provider/1.0.0/kerby-provider-1.0.0.pom (1.2 kB at 56 kB/s)
04:02:58.202 [Thread-13] DEBUG spoon.Launcher - [INFO] Downloading from apache.snapshots: https://repository.apache.org/content/repositories/snapshots/net/minidev/json-smart/maven-metadata.xml
04:02:58.528 [Thread-13] DEBUG spoon.Launcher - [INFO] Downloading from google-maven-central: https://maven-central.storage-download.googleapis.com/maven2/org/apache/kerby/integration-test/1.0.0/integration-test-1.0.0.pom
04:02:58.553 [Thread-13] DEBUG spoon.Launcher - [INFO] Downloaded from google-maven-central: https://maven-central.storage-download.googleapis.com/maven2/org/apache/kerby/integration-test/1.0.0/integration-test-1.0.0.pom (2.1 kB at 83 kB/s)
04:02:58.556 [Thread-13] DEBUG spoon.Launcher - [INFO] Downloading from google-maven-central: https://maven-central.storage-download.googleapis.com/maven2/org/apache/kerby/kerb-kdc-test/1.0.0/kerb-kdc-test-1.0.0.pom
04:02:58.581 [Thread-13] DEBUG spoon.Launcher - [INFO] Downloaded from google-maven-central: https://maven-central.storage-download.googleapis.com/maven2/org/apache/kerby/kerb-kdc-test/1.0.0/kerb-kdc-test-1.0.0.pom (2.8 kB at 114 kB/s)
04:02:58.589 [Thread-13] DEBUG spoon.Launcher - [INFO] Downloading from google-maven-central: https://maven-central.storage-download.googleapis.com/maven2/org/apache/kerby/kerby-kdc/1.0.0/kerby-kdc-1.0.0.jar
04:02:58.590 [Thread-13] DEBUG spoon.Launcher - [INFO] Downloading from google-maven-central: https://maven-central.storage-download.googleapis.com/maven2/org/apache/kerby/kerb-server-api-all/1.0.0/kerb-server-api-all-1.0.0.jar
04:02:58.590 [Thread-13] DEBUG spoon.Launcher - [INFO] Downloading from google-maven-central: https://maven-central.storage-download.googleapis.com/maven2/io/netty/netty-transport/4.0.29.Final/netty-transport-4.0.29.Final.jar
04:02:58.591 [Thread-13] DEBUG spoon.Launcher - [INFO] Downloading from google-maven-central: https://maven-central.storage-download.googleapis.com/maven2/io/netty/netty-handler/4.0.29.Final/netty-handler-4.0.29.Final.jar
04:02:58.601 [Thread-13] DEBUG spoon.Launcher - [INFO] Downloading from google-maven-central: https://maven-central.storage-download.googleapis.com/maven2/io/netty/netty-common/4.0.29.Final/netty-common-4.0.29.Final.jar
04:02:58.604 [Thread-13] DEBUG spoon.Launcher - [INFO] Downloaded from google-maven-central: https://maven-central.storage-download.googleapis.com/maven2/org/apache/kerby/kerb-server-api-all/1.0.0/kerb-server-api-all-1.0.0.jar (7.4 kB at 527 kB/s)
04:02:58.604 [Thread-13] DEBUG spoon.Launcher - [INFO] Downloaded from google-maven-central: https://maven-central.storage-download.googleapis.com/maven2/org/apache/kerby/kerby-kdc/1.0.0/kerby-kdc-1.0.0.jar (19 kB at 1.2 MB/s)
04:02:58.605 [Thread-13] DEBUG spoon.Launcher - [INFO] Downloading from google-maven-central: https://maven-central.storage-download.googleapis.com/maven2/io/netty/netty-codec/4.0.29.Final/netty-codec-4.0.29.Final.jar
04:02:58.605 [Thread-13] DEBUG spoon.Launcher - [INFO] Downloading from google-maven-central: https://maven-central.storage-download.googleapis.com/maven2/io/netty/netty-buffer/4.0.29.Final/netty-buffer-4.0.29.Final.jar
04:02:58.627 [Thread-13] DEBUG spoon.Launcher - [INFO] Downloaded from google-maven-central: https://maven-central.storage-download.googleapis.com/maven2/io/netty/netty-codec/4.0.29.Final/netty-codec-4.0.29.Final.jar (146 kB at 4.1 MB/s)
04:02:58.630 [Thread-13] DEBUG spoon.Launcher - [INFO] Downloaded from google-maven-central: https://maven-central.storage-download.googleapis.com/maven2/io/netty/netty-transport/4.0.29.Final/netty-transport-4.0.29.Final.jar (343 kB at 8.6 MB/s)
04:02:58.648 [Thread-13] DEBUG spoon.Launcher - [INFO] Downloaded from google-maven-central: https://maven-central.storage-download.googleapis.com/maven2/io/netty/netty-common/4.0.29.Final/netty-common-4.0.29.Final.jar (439 kB at 11 MB/s)
04:02:58.649 [Thread-13] DEBUG spoon.Launcher - [INFO] Downloading from google-maven-central: https://maven-central.storage-download.googleapis.com/maven2/org/apache/kerby/kerb-admin/1.0.0/kerb-admin-1.0.0.jar
04:02:58.649 [Thread-13] DEBUG spoon.Launcher - [INFO] Downloading from google-maven-central: https://maven-central.storage-download.googleapis.com/maven2/org/apache/kerby/kerb-simplekdc/1.0.0/kerb-simplekdc-1.0.0.jar
04:02:58.652 [Thread-13] DEBUG spoon.Launcher - [INFO] Downloading from google-maven-central: https://maven-central.storage-download.googleapis.com/maven2/org/apache/kerby/kerb-server/1.0.0/kerb-server-1.0.0.jar
04:02:58.660 [Thread-13] DEBUG spoon.Launcher - [INFO] Downloaded from google-maven-central: https://maven-central.storage-download.googleapis.com/maven2/io/netty/netty-buffer/4.0.29.Final/netty-buffer-4.0.29.Final.jar (184 kB at 2.7 MB/s)
04:02:58.661 [Thread-13] DEBUG spoon.Launcher - [INFO] Downloading from google-maven-central: https://maven-central.storage-download.googleapis.com/maven2/org/apache/kerby/kerb-identity/1.0.0/kerb-identity-1.0.0.jar
04:02:58.673 [Thread-13] DEBUG spoon.Launcher - [INFO] Downloaded from google-maven-central: https://maven-central.storage-download.googleapis.com/maven2/org/apache/kerby/kerb-simplekdc/1.0.0/kerb-simplekdc-1.0.0.jar (20 kB at 248 kB/s)
04:02:58.673 [Thread-13] DEBUG spoon.Launcher - [INFO] Downloading from google-maven-central: https://maven-central.storage-download.googleapis.com/maven2/org/apache/kerby/kerby-xdr/1.0.0/kerby-xdr-1.0.0.jar
04:02:58.679 [Thread-13] DEBUG spoon.Launcher - [INFO] Downloaded from google-maven-central: https://maven-central.storage-download.googleapis.com/maven2/org/apache/kerby/kerby-xdr/1.0.0/kerby-xdr-1.0.0.jar (29 kB at 339 kB/s)
04:02:58.682 [Thread-13] DEBUG spoon.Launcher - [INFO] Downloading from google-maven-central: https://maven-central.storage-download.googleapis.com/maven2/org/apache/kerby/kerb-client/1.0.0/kerb-client-1.0.0.jar
04:02:58.683 [Thread-13] DEBUG spoon.Launcher - [INFO] Downloaded from google-maven-central: https://maven-central.storage-download.googleapis.com/maven2/org/apache/kerby/kerb-server/1.0.0/kerb-server-1.0.0.jar (82 kB at 938 kB/s)
04:02:58.684 [Thread-13] DEBUG spoon.Launcher - [INFO] Downloaded from google-maven-central: https://maven-central.storage-download.googleapis.com/maven2/io/netty/netty-handler/4.0.29.Final/netty-handler-4.0.29.Final.jar (248 kB at 2.7 MB/s)
04:02:58.684 [Thread-13] DEBUG spoon.Launcher - [INFO] Downloading from google-maven-central: https://maven-central.storage-download.googleapis.com/maven2/org/apache/kerby/kerby-config/1.0.0/kerby-config-1.0.0.jar
04:02:58.684 [Thread-13] DEBUG spoon.Launcher - [INFO] Downloaded from google-maven-central: https://maven-central.storage-download.googleapis.com/maven2/org/apache/kerby/kerb-identity/1.0.0/kerb-identity-1.0.0.jar (19 kB at 208 kB/s)
04:02:58.685 [Thread-13] DEBUG spoon.Launcher - [INFO] Downloading from google-maven-central: https://maven-central.storage-download.googleapis.com/maven2/org/apache/kerby/kerb-core/1.0.0/kerb-core-1.0.0.jar
04:02:58.685 [Thread-13] DEBUG spoon.Launcher - [INFO] Downloading from google-maven-central: https://maven-central.storage-download.googleapis.com/maven2/org/apache/kerby/kerby-pkix/1.0.0/kerby-pkix-1.0.0.jar
04:02:58.689 [Thread-13] DEBUG spoon.Launcher - [INFO] Downloaded from google-maven-central: https://maven-central.storage-download.googleapis.com/maven2/org/apache/kerby/kerb-admin/1.0.0/kerb-admin-1.0.0.jar (81 kB at 826 kB/s)
04:02:58.690 [Thread-13] DEBUG spoon.Launcher - [INFO] Downloading from google-maven-central: https://maven-central.storage-download.googleapis.com/maven2/org/apache/kerby/kerby-asn1/1.0.0/kerby-asn1-1.0.0.jar
04:02:58.711 [Thread-13] DEBUG spoon.Launcher - [INFO] Downloaded from google-maven-central: https://maven-central.storage-download.googleapis.com/maven2/org/apache/kerby/kerby-config/1.0.0/kerby-config-1.0.0.jar (31 kB at 260 kB/s)
04:02:58.711 [Thread-13] DEBUG spoon.Launcher - [INFO] Downloading from google-maven-central: https://maven-central.storage-download.googleapis.com/maven2/org/apache/kerby/kerby-util/1.0.0/kerby-util-1.0.0.jar
04:02:58.711 [Thread-13] DEBUG spoon.Launcher - [INFO] Downloaded from google-maven-central: https://maven-central.storage-download.googleapis.com/maven2/org/apache/kerby/kerby-pkix/1.0.0/kerby-pkix-1.0.0.jar (205 kB at 1.7 MB/s)
04:02:58.711 [Thread-13] DEBUG spoon.Launcher - [INFO] Downloading from google-maven-central: https://maven-central.storage-download.googleapis.com/maven2/org/apache/kerby/kerb-common/1.0.0/kerb-common-1.0.0.jar
04:02:58.716 [Thread-13] DEBUG spoon.Launcher - [INFO] Downloaded from google-maven-central: https://maven-central.storage-download.googleapis.com/maven2/org/apache/kerby/kerby-util/1.0.0/kerby-util-1.0.0.jar (40 kB at 322 kB/s)
04:02:58.717 [Thread-13] DEBUG spoon.Launcher - [INFO] Downloading from google-maven-central: https://maven-central.storage-download.googleapis.com/maven2/org/apache/kerby/kerb-crypto/1.0.0/kerb-crypto-1.0.0.jar
04:02:58.718 [Thread-13] DEBUG spoon.Launcher - [INFO] Downloaded from google-maven-central: https://maven-central.storage-download.googleapis.com/maven2/org/apache/kerby/kerby-asn1/1.0.0/kerby-asn1-1.0.0.jar (102 kB at 811 kB/s)
04:02:58.721 [Thread-13] DEBUG spoon.Launcher - [INFO] Downloading from google-maven-central: https://maven-central.storage-download.googleapis.com/maven2/org/apache/kerby/kerb-util/1.0.0/kerb-util-1.0.0.jar
04:02:58.725 [Thread-13] DEBUG spoon.Launcher - [INFO] Downloaded from google-maven-central: https://maven-central.storage-download.googleapis.com/maven2/org/apache/kerby/kerb-common/1.0.0/kerb-common-1.0.0.jar (65 kB at 500 kB/s)
04:02:58.727 [Thread-13] DEBUG spoon.Launcher - [INFO] Downloading from google-maven-central: https://maven-central.storage-download.googleapis.com/maven2/org/apache/kerby/token-provider/1.0.0/token-provider-1.0.0.jar
04:02:58.729 [Thread-13] DEBUG spoon.Launcher - [INFO] Downloaded from google-maven-central: https://maven-central.storage-download.googleapis.com/maven2/org/apache/kerby/kerb-core/1.0.0/kerb-core-1.0.0.jar (225 kB at 1.7 MB/s)
04:02:58.737 [Thread-13] DEBUG spoon.Launcher - [INFO] Downloading from google-maven-central: https://maven-central.storage-download.googleapis.com/maven2/org/apache/kerby/integration-test/1.0.0/integration-test-1.0.0.jar
04:02:58.744 [Thread-13] DEBUG spoon.Launcher - [INFO] Downloaded from google-maven-central: https://maven-central.storage-download.googleapis.com/maven2/org/apache/kerby/integration-test/1.0.0/integration-test-1.0.0.jar (37 kB at 242 kB/s)
04:02:58.745 [Thread-13] DEBUG spoon.Launcher - [INFO] Downloading from google-maven-central: https://maven-central.storage-download.googleapis.com/maven2/org/apache/kerby/kerb-kdc-test/1.0.0/kerb-kdc-test-1.0.0.jar
04:02:58.748 [Thread-13] DEBUG spoon.Launcher - [INFO] Downloaded from google-maven-central: https://maven-central.storage-download.googleapis.com/maven2/org/apache/kerby/kerb-util/1.0.0/kerb-util-1.0.0.jar (37 kB at 236 kB/s)
04:02:58.749 [Thread-13] DEBUG spoon.Launcher - [INFO] Downloaded from google-maven-central: https://maven-central.storage-download.googleapis.com/maven2/org/apache/kerby/kerb-crypto/1.0.0/kerb-crypto-1.0.0.jar (116 kB at 745 kB/s)
04:02:58.754 [Thread-13] DEBUG spoon.Launcher - [INFO] Downloaded from google-maven-central: https://maven-central.storage-download.googleapis.com/maven2/org/apache/kerby/token-provider/1.0.0/token-provider-1.0.0.jar (19 kB at 117 kB/s)
04:02:58.767 [Thread-13] DEBUG spoon.Launcher - [INFO] Downloaded from google-maven-central: https://maven-central.storage-download.googleapis.com/maven2/org/apache/kerby/kerb-kdc-test/1.0.0/kerb-kdc-test-1.0.0.jar (7.3 kB at 42 kB/s)
04:02:58.878 [Thread-13] DEBUG spoon.Launcher - [INFO] Downloaded from google-maven-central: https://maven-central.storage-download.googleapis.com/maven2/org/apache/kerby/kerb-client/1.0.0/kerb-client-1.0.0.jar (99 kB at 347 kB/s)
04:02:58.891 [Thread-13] DEBUG spoon.Launcher - [INFO] 
04:02:58.892 [Thread-13] DEBUG spoon.Launcher - [INFO] --- maven-dependency-plugin:2.8:build-classpath (default-cli) @ pac4j-kerberos ---
04:02:58.915 [Thread-13] DEBUG spoon.Launcher - [INFO] Wrote classpath file '/home/travis/build/SpoonLabs/spoon-ci-external/spoon/src/test/resources/maven-launcher/pac4j/pac4j-kerberos/spoon.classpath.tmp'.
04:02:58.916 [Thread-13] DEBUG spoon.Launcher - [INFO] ------------------------------------------------------------------------
04:02:58.917 [Thread-13] DEBUG spoon.Launcher - [INFO] Reactor Summary for pac4j 3.0.0:
04:02:58.917 [Thread-13] DEBUG spoon.Launcher - [INFO] 
04:02:58.919 [Thread-13] DEBUG spoon.Launcher - [INFO] pac4j .............................................. SUCCESS [  0.517 s]
04:02:58.920 [Thread-13] DEBUG spoon.Launcher - [INFO] pac4j core ......................................... SUCCESS [  1.741 s]
04:02:58.920 [Thread-13] DEBUG spoon.Launcher - [INFO] pac4j for CAS protocol ............................. SUCCESS [  0.132 s]
04:02:58.920 [Thread-13] DEBUG spoon.Launcher - [INFO] pac4j for SAML protocol ............................ SUCCESS [  0.935 s]
04:02:58.921 [Thread-13] DEBUG spoon.Launcher - [INFO] pac4j for OAuth protocol ........................... SUCCESS [  0.182 s]
04:02:58.921 [Thread-13] DEBUG spoon.Launcher - [INFO] pac4j for OpenID Connect protocol .................. SUCCESS [  1.137 s]
04:02:58.922 [Thread-13] DEBUG spoon.Launcher - [INFO] pac4j for LDAP ..................................... SUCCESS [  0.154 s]
04:02:58.922 [Thread-13] DEBUG spoon.Launcher - [INFO] pac4j for HTTP protocol ............................ SUCCESS [  0.292 s]
04:02:58.922 [Thread-13] DEBUG spoon.Launcher - [INFO] pac4j for relational DB ............................ SUCCESS [  0.300 s]
04:02:58.923 [Thread-13] DEBUG spoon.Launcher - [INFO] pac4j configuration ................................ SUCCESS [  0.031 s]
04:02:58.925 [Thread-13] DEBUG spoon.Launcher - [INFO] pac4j for OpenId protocol .......................... SUCCESS [  0.542 s]
04:02:58.925 [Thread-13] DEBUG spoon.Launcher - [INFO] pac4j for GAE UserService mechanism ................ SUCCESS [  0.824 s]
04:02:58.925 [Thread-13] DEBUG spoon.Launcher - [INFO] pac4j for JWT ...................................... SUCCESS [  0.116 s]
04:02:58.925 [Thread-13] DEBUG spoon.Launcher - [INFO] pac4j for MongoDB .................................. SUCCESS [  0.292 s]
04:02:58.925 [Thread-13] DEBUG spoon.Launcher - [INFO] pac4j for CouchDB .................................. SUCCESS [  1.147 s]
04:02:58.925 [Thread-13] DEBUG spoon.Launcher - [INFO] pac4j for Kerberos ................................. SUCCESS [  1.573 s]
04:02:58.928 [Thread-13] DEBUG spoon.Launcher - [INFO] ------------------------------------------------------------------------
04:02:58.928 [Thread-13] DEBUG spoon.Launcher - [INFO] BUILD SUCCESS
04:02:58.930 [Thread-13] DEBUG spoon.Launcher - [INFO] ------------------------------------------------------------------------
04:02:58.931 [Thread-13] DEBUG spoon.Launcher - [INFO] Total time:  11.343 s
04:02:58.932 [Thread-13] DEBUG spoon.Launcher - [INFO] Finished at: 2020-10-29T04:02:58Z
04:02:58.933 [Thread-13] DEBUG spoon.Launcher - [INFO] ------------------------------------------------------------------------
]]></system-out>
  </testcase>
  <testcase name="mavenLauncherOnANotExistingFileTest" classname="spoon.MavenLauncherTest" time="0.043">
    <system-out><![CDATA[04:02:59.111 [main] INFO spoon.Launcher - Running in NOCLASSPATH mode (doc: http://spoon.gforge.inria.fr/launcher.html).
]]></system-out>
  </testcase>
  <testcase name="spoonMavenLauncherTest" classname="spoon.MavenLauncherTest" time="15.659">
    <system-out><![CDATA[04:02:59.157 [main] INFO spoon.Launcher - Running in NOCLASSPATH mode (doc: http://spoon.gforge.inria.fr/launcher.html).
04:03:00.989 [Thread-16] DEBUG spoon.Launcher - [INFO] Scanning for projects...
04:03:02.101 [Thread-16] DEBUG spoon.Launcher - [INFO] Inspecting build with total of 1 modules...
04:03:02.102 [Thread-16] DEBUG spoon.Launcher - [INFO] Installing Nexus Staging features:
04:03:02.103 [Thread-16] DEBUG spoon.Launcher - [INFO]   ... total of 1 executions of maven-deploy-plugin replaced with nexus-staging-maven-plugin
04:03:02.388 [Thread-16] DEBUG spoon.Launcher - [INFO] Downloading from google-maven-central: https://maven-central.storage-download.googleapis.com/maven2/org/apache/maven/plugins/maven-deploy-plugin/2.8.2/maven-deploy-plugin-2.8.2.pom
04:03:02.813 [Thread-16] DEBUG spoon.Launcher - [INFO] Downloaded from google-maven-central: https://maven-central.storage-download.googleapis.com/maven2/org/apache/maven/plugins/maven-deploy-plugin/2.8.2/maven-deploy-plugin-2.8.2.pom (7.1 kB at 16 kB/s)
04:03:02.830 [Thread-16] DEBUG spoon.Launcher - [INFO] Downloading from google-maven-central: https://maven-central.storage-download.googleapis.com/maven2/org/apache/maven/plugins/maven-deploy-plugin/2.8.2/maven-deploy-plugin-2.8.2.jar
04:03:02.881 [Thread-16] DEBUG spoon.Launcher - [INFO] Downloaded from google-maven-central: https://maven-central.storage-download.googleapis.com/maven2/org/apache/maven/plugins/maven-deploy-plugin/2.8.2/maven-deploy-plugin-2.8.2.jar (34 kB at 697 kB/s)
04:03:02.944 [Thread-16] DEBUG spoon.Launcher - [INFO] 
04:03:02.945 [Thread-16] DEBUG spoon.Launcher - [INFO] ------------------< fr.inria.gforge.spoon:spoon-core >------------------
04:03:02.945 [Thread-16] DEBUG spoon.Launcher - [INFO] Building Spoon Core 8.4.0-SNAPSHOT
04:03:02.946 [Thread-16] DEBUG spoon.Launcher - [INFO] --------------------------------[ jar ]---------------------------------
04:03:03.144 [Thread-16] DEBUG spoon.Launcher - [INFO] Downloading from sonatype: https://oss.sonatype.org/content/repositories/releases/junit/junit-dep/maven-metadata.xml
04:03:03.146 [Thread-16] DEBUG spoon.Launcher - [INFO] Downloading from sonatype-apache: https://repository.apache.org/content/repositories/releases/junit/junit-dep/maven-metadata.xml
04:03:03.148 [Thread-16] DEBUG spoon.Launcher - [INFO] Downloading from apache-snapshots: https://repository.apache.org/snapshots/junit/junit-dep/maven-metadata.xml
04:03:03.385 [Thread-16] DEBUG spoon.Launcher - [INFO] Downloaded from sonatype: https://oss.sonatype.org/content/repositories/releases/junit/junit-dep/maven-metadata.xml (563 B at 2.3 kB/s)
04:03:03.638 [Thread-16] DEBUG spoon.Launcher - [INFO] 
04:03:03.638 [Thread-16] DEBUG spoon.Launcher - [INFO] --- maven-dependency-plugin:3.1.2:build-classpath (default-cli) @ spoon-core ---
04:03:03.660 [Thread-16] DEBUG spoon.Launcher - [INFO] Downloading from google-maven-central: https://maven-central.storage-download.googleapis.com/maven2/org/codehaus/plexus/plexus-component-annotations/2.0.0/plexus-component-annotations-2.0.0.pom
04:03:03.672 [Thread-16] DEBUG spoon.Launcher - [INFO] Downloaded from google-maven-central: https://maven-central.storage-download.googleapis.com/maven2/org/codehaus/plexus/plexus-component-annotations/2.0.0/plexus-component-annotations-2.0.0.pom (750 B at 54 kB/s)
04:03:03.675 [Thread-16] DEBUG spoon.Launcher - [INFO] Downloading from google-maven-central: https://maven-central.storage-download.googleapis.com/maven2/org/codehaus/plexus/plexus-containers/2.0.0/plexus-containers-2.0.0.pom
04:03:03.685 [Thread-16] DEBUG spoon.Launcher - [INFO] Downloaded from google-maven-central: https://maven-central.storage-download.googleapis.com/maven2/org/codehaus/plexus/plexus-containers/2.0.0/plexus-containers-2.0.0.pom (4.8 kB at 480 kB/s)
04:03:03.742 [Thread-16] DEBUG spoon.Launcher - [INFO] Downloading from google-maven-central: https://maven-central.storage-download.googleapis.com/maven2/org/apache/maven/reporting/maven-reporting-impl/3.0.0/maven-reporting-impl-3.0.0.pom
04:03:03.753 [Thread-16] DEBUG spoon.Launcher - [INFO] Downloaded from google-maven-central: https://maven-central.storage-download.googleapis.com/maven2/org/apache/maven/reporting/maven-reporting-impl/3.0.0/maven-reporting-impl-3.0.0.pom (7.6 kB at 692 kB/s)
04:03:03.761 [Thread-16] DEBUG spoon.Launcher - [INFO] Downloading from google-maven-central: https://maven-central.storage-download.googleapis.com/maven2/org/apache/maven/shared/maven-shared-utils/3.2.0/maven-shared-utils-3.2.0.pom
04:03:03.771 [Thread-16] DEBUG spoon.Launcher - [INFO] Downloaded from google-maven-central: https://maven-central.storage-download.googleapis.com/maven2/org/apache/maven/shared/maven-shared-utils/3.2.0/maven-shared-utils-3.2.0.pom (4.9 kB at 446 kB/s)
04:03:03.779 [Thread-16] DEBUG spoon.Launcher - [INFO] Downloading from google-maven-central: https://maven-central.storage-download.googleapis.com/maven2/org/apache/maven/doxia/doxia-sink-api/1.7/doxia-sink-api-1.7.pom
04:03:03.795 [Thread-16] DEBUG spoon.Launcher - [INFO] Downloaded from google-maven-central: https://maven-central.storage-download.googleapis.com/maven2/org/apache/maven/doxia/doxia-sink-api/1.7/doxia-sink-api-1.7.pom (1.5 kB at 96 kB/s)
04:03:03.797 [Thread-16] DEBUG spoon.Launcher - [INFO] Downloading from google-maven-central: https://maven-central.storage-download.googleapis.com/maven2/org/apache/maven/doxia/doxia/1.7/doxia-1.7.pom
04:03:03.815 [Thread-16] DEBUG spoon.Launcher - [INFO] Downloaded from google-maven-central: https://maven-central.storage-download.googleapis.com/maven2/org/apache/maven/doxia/doxia/1.7/doxia-1.7.pom (15 kB at 953 kB/s)
04:03:03.822 [Thread-16] DEBUG spoon.Launcher - [INFO] Downloading from google-maven-central: https://maven-central.storage-download.googleapis.com/maven2/org/apache/maven/doxia/doxia-logging-api/1.7/doxia-logging-api-1.7.pom
04:03:03.836 [Thread-16] DEBUG spoon.Launcher - [INFO] Downloaded from google-maven-central: https://maven-central.storage-download.googleapis.com/maven2/org/apache/maven/doxia/doxia-logging-api/1.7/doxia-logging-api-1.7.pom (1.5 kB at 118 kB/s)
04:03:03.858 [Thread-16] DEBUG spoon.Launcher - [INFO] Downloading from google-maven-central: https://maven-central.storage-download.googleapis.com/maven2/org/apache/maven/doxia/doxia-decoration-model/1.7.4/doxia-decoration-model-1.7.4.pom
04:03:03.875 [Thread-16] DEBUG spoon.Launcher - [INFO] Downloaded from google-maven-central: https://maven-central.storage-download.googleapis.com/maven2/org/apache/maven/doxia/doxia-decoration-model/1.7.4/doxia-decoration-model-1.7.4.pom (3.4 kB at 212 kB/s)
04:03:03.880 [Thread-16] DEBUG spoon.Launcher - [INFO] Downloading from google-maven-central: https://maven-central.storage-download.googleapis.com/maven2/org/apache/maven/doxia/doxia-sitetools/1.7.4/doxia-sitetools-1.7.4.pom
04:03:03.891 [Thread-16] DEBUG spoon.Launcher - [INFO] Downloaded from google-maven-central: https://maven-central.storage-download.googleapis.com/maven2/org/apache/maven/doxia/doxia-sitetools/1.7.4/doxia-sitetools-1.7.4.pom (14 kB at 1.1 MB/s)
04:03:03.898 [Thread-16] DEBUG spoon.Launcher - [INFO] Downloading from google-maven-central: https://maven-central.storage-download.googleapis.com/maven2/org/apache/maven/doxia/doxia-core/1.7/doxia-core-1.7.pom
04:03:03.911 [Thread-16] DEBUG spoon.Launcher - [INFO] Downloaded from google-maven-central: https://maven-central.storage-download.googleapis.com/maven2/org/apache/maven/doxia/doxia-core/1.7/doxia-core-1.7.pom (4.1 kB at 313 kB/s)
04:03:03.929 [Thread-16] DEBUG spoon.Launcher - [INFO] Downloading from google-maven-central: https://maven-central.storage-download.googleapis.com/maven2/org/apache/httpcomponents/httpclient/4.0.2/httpclient-4.0.2.pom
04:03:03.937 [Thread-16] DEBUG spoon.Launcher - [INFO] Downloaded from google-maven-central: https://maven-central.storage-download.googleapis.com/maven2/org/apache/httpcomponents/httpclient/4.0.2/httpclient-4.0.2.pom (7.5 kB at 937 kB/s)
04:03:03.942 [Thread-16] DEBUG spoon.Launcher - [INFO] Downloading from google-maven-central: https://maven-central.storage-download.googleapis.com/maven2/org/apache/httpcomponents/httpcomponents-client/4.0.2/httpcomponents-client-4.0.2.pom
04:03:03.954 [Thread-16] DEBUG spoon.Launcher - [INFO] Downloaded from google-maven-central: https://maven-central.storage-download.googleapis.com/maven2/org/apache/httpcomponents/httpcomponents-client/4.0.2/httpcomponents-client-4.0.2.pom (9.0 kB at 690 kB/s)
04:03:03.958 [Thread-16] DEBUG spoon.Launcher - [INFO] Downloading from google-maven-central: https://maven-central.storage-download.googleapis.com/maven2/org/apache/httpcomponents/project/4.1/project-4.1.pom
04:03:03.966 [Thread-16] DEBUG spoon.Launcher - [INFO] Downloaded from google-maven-central: https://maven-central.storage-download.googleapis.com/maven2/org/apache/httpcomponents/project/4.1/project-4.1.pom (16 kB at 2.0 MB/s)
04:03:03.970 [Thread-16] DEBUG spoon.Launcher - [INFO] Downloading from google-maven-central: https://maven-central.storage-download.googleapis.com/maven2/org/apache/httpcomponents/httpcore/4.0.1/httpcore-4.0.1.pom
04:03:03.979 [Thread-16] DEBUG spoon.Launcher - [INFO] Downloaded from google-maven-central: https://maven-central.storage-download.googleapis.com/maven2/org/apache/httpcomponents/httpcore/4.0.1/httpcore-4.0.1.pom (4.9 kB at 543 kB/s)
04:03:03.982 [Thread-16] DEBUG spoon.Launcher - [INFO] Downloading from google-maven-central: https://maven-central.storage-download.googleapis.com/maven2/org/apache/httpcomponents/httpcomponents-core/4.0.1/httpcomponents-core-4.0.1.pom
04:03:03.991 [Thread-16] DEBUG spoon.Launcher - [INFO] Downloaded from google-maven-central: https://maven-central.storage-download.googleapis.com/maven2/org/apache/httpcomponents/httpcomponents-core/4.0.1/httpcomponents-core-4.0.1.pom (9.4 kB at 1.0 MB/s)
04:03:03.994 [Thread-16] DEBUG spoon.Launcher - [INFO] Downloading from google-maven-central: https://maven-central.storage-download.googleapis.com/maven2/org/apache/httpcomponents/project/4.0/project-4.0.pom
04:03:04.005 [Thread-16] DEBUG spoon.Launcher - [INFO] Downloaded from google-maven-central: https://maven-central.storage-download.googleapis.com/maven2/org/apache/httpcomponents/project/4.0/project-4.0.pom (13 kB at 1.1 MB/s)
04:03:04.009 [Thread-16] DEBUG spoon.Launcher - [INFO] Downloading from google-maven-central: https://maven-central.storage-download.googleapis.com/maven2/commons-logging/commons-logging/1.1.1/commons-logging-1.1.1.pom
04:03:04.021 [Thread-16] DEBUG spoon.Launcher - [INFO] Downloaded from google-maven-central: https://maven-central.storage-download.googleapis.com/maven2/commons-logging/commons-logging/1.1.1/commons-logging-1.1.1.pom (18 kB at 1.4 MB/s)
04:03:04.024 [Thread-16] DEBUG spoon.Launcher - [INFO] Downloading from google-maven-central: https://maven-central.storage-download.googleapis.com/maven2/org/apache/commons/commons-parent/5/commons-parent-5.pom
04:03:04.032 [Thread-16] DEBUG spoon.Launcher - [INFO] Downloaded from google-maven-central: https://maven-central.storage-download.googleapis.com/maven2/org/apache/commons/commons-parent/5/commons-parent-5.pom (16 kB at 2.0 MB/s)
04:03:04.035 [Thread-16] DEBUG spoon.Launcher - [INFO] Downloading from google-maven-central: https://maven-central.storage-download.googleapis.com/maven2/commons-codec/commons-codec/1.3/commons-codec-1.3.pom
04:03:04.042 [Thread-16] DEBUG spoon.Launcher - [INFO] Downloaded from google-maven-central: https://maven-central.storage-download.googleapis.com/maven2/commons-codec/commons-codec/1.3/commons-codec-1.3.pom (6.1 kB at 1.0 MB/s)
04:03:04.045 [Thread-16] DEBUG spoon.Launcher - [INFO] Downloading from google-maven-central: https://maven-central.storage-download.googleapis.com/maven2/xmlunit/xmlunit/1.5/xmlunit-1.5.pom
04:03:04.053 [Thread-16] DEBUG spoon.Launcher - [INFO] Downloaded from google-maven-central: https://maven-central.storage-download.googleapis.com/maven2/xmlunit/xmlunit/1.5/xmlunit-1.5.pom (3.0 kB at 381 kB/s)
04:03:04.055 [Thread-16] DEBUG spoon.Launcher - [INFO] Downloading from google-maven-central: https://maven-central.storage-download.googleapis.com/maven2/org/apache/maven/doxia/doxia-site-renderer/1.7.4/doxia-site-renderer-1.7.4.pom
04:03:04.062 [Thread-16] DEBUG spoon.Launcher - [INFO] Downloaded from google-maven-central: https://maven-central.storage-download.googleapis.com/maven2/org/apache/maven/doxia/doxia-site-renderer/1.7.4/doxia-site-renderer-1.7.4.pom (6.7 kB at 1.1 MB/s)
04:03:04.067 [Thread-16] DEBUG spoon.Launcher - [INFO] Downloading from google-maven-central: https://maven-central.storage-download.googleapis.com/maven2/org/apache/maven/doxia/doxia-skin-model/1.7.4/doxia-skin-model-1.7.4.pom
04:03:04.074 [Thread-16] DEBUG spoon.Launcher - [INFO] Downloaded from google-maven-central: https://maven-central.storage-download.googleapis.com/maven2/org/apache/maven/doxia/doxia-skin-model/1.7.4/doxia-skin-model-1.7.4.pom (3.0 kB at 504 kB/s)
04:03:04.078 [Thread-16] DEBUG spoon.Launcher - [INFO] Downloading from google-maven-central: https://maven-central.storage-download.googleapis.com/maven2/org/apache/maven/doxia/doxia-module-xhtml/1.7/doxia-module-xhtml-1.7.pom
04:03:04.088 [Thread-16] DEBUG spoon.Launcher - [INFO] Downloaded from google-maven-central: https://maven-central.storage-download.googleapis.com/maven2/org/apache/maven/doxia/doxia-module-xhtml/1.7/doxia-module-xhtml-1.7.pom (1.6 kB at 181 kB/s)
04:03:04.090 [Thread-16] DEBUG spoon.Launcher - [INFO] Downloading from google-maven-central: https://maven-central.storage-download.googleapis.com/maven2/org/apache/maven/doxia/doxia-modules/1.7/doxia-modules-1.7.pom
04:03:04.102 [Thread-16] DEBUG spoon.Launcher - [INFO] Downloaded from google-maven-central: https://maven-central.storage-download.googleapis.com/maven2/org/apache/maven/doxia/doxia-modules/1.7/doxia-modules-1.7.pom (2.6 kB at 238 kB/s)
04:03:04.118 [Thread-16] DEBUG spoon.Launcher - [INFO] Downloading from google-maven-central: https://maven-central.storage-download.googleapis.com/maven2/org/codehaus/plexus/plexus-velocity/1.2/plexus-velocity-1.2.pom
04:03:04.128 [Thread-16] DEBUG spoon.Launcher - [INFO] Downloaded from google-maven-central: https://maven-central.storage-download.googleapis.com/maven2/org/codehaus/plexus/plexus-velocity/1.2/plexus-velocity-1.2.pom (2.8 kB at 403 kB/s)
04:03:04.141 [Thread-16] DEBUG spoon.Launcher - [INFO] Downloading from google-maven-central: https://maven-central.storage-download.googleapis.com/maven2/org/apache/velocity/velocity-tools/2.0/velocity-tools-2.0.pom
04:03:04.153 [Thread-16] DEBUG spoon.Launcher - [INFO] Downloaded from google-maven-central: https://maven-central.storage-download.googleapis.com/maven2/org/apache/velocity/velocity-tools/2.0/velocity-tools-2.0.pom (18 kB at 1.1 MB/s)
04:03:04.165 [Thread-16] DEBUG spoon.Launcher - [INFO] Downloading from google-maven-central: https://maven-central.storage-download.googleapis.com/maven2/commons-digester/commons-digester/1.8/commons-digester-1.8.pom
04:03:04.180 [Thread-16] DEBUG spoon.Launcher - [INFO] Downloaded from google-maven-central: https://maven-central.storage-download.googleapis.com/maven2/commons-digester/commons-digester/1.8/commons-digester-1.8.pom (7.0 kB at 467 kB/s)
04:03:04.189 [Thread-16] DEBUG spoon.Launcher - [INFO] Downloading from google-maven-central: https://maven-central.storage-download.googleapis.com/maven2/commons-logging/commons-logging/1.1/commons-logging-1.1.pom
04:03:04.207 [Thread-16] DEBUG spoon.Launcher - [INFO] Downloaded from google-maven-central: https://maven-central.storage-download.googleapis.com/maven2/commons-logging/commons-logging/1.1/commons-logging-1.1.pom (6.2 kB at 364 kB/s)
04:03:04.218 [Thread-16] DEBUG spoon.Launcher - [INFO] Downloading from google-maven-central: https://maven-central.storage-download.googleapis.com/maven2/logkit/logkit/1.0.1/logkit-1.0.1.pom
04:03:04.232 [Thread-16] DEBUG spoon.Launcher - [INFO] Downloaded from google-maven-central: https://maven-central.storage-download.googleapis.com/maven2/logkit/logkit/1.0.1/logkit-1.0.1.pom (147 B at 8.6 kB/s)
04:03:04.245 [Thread-16] DEBUG spoon.Launcher - [INFO] Downloading from google-maven-central: https://maven-central.storage-download.googleapis.com/maven2/avalon-framework/avalon-framework/4.1.3/avalon-framework-4.1.3.pom
04:03:04.253 [Thread-16] DEBUG spoon.Launcher - [INFO] Downloaded from google-maven-central: https://maven-central.storage-download.googleapis.com/maven2/avalon-framework/avalon-framework/4.1.3/avalon-framework-4.1.3.pom (167 B at 21 kB/s)
04:03:04.258 [Thread-16] DEBUG spoon.Launcher - [INFO] Downloading from google-maven-central: https://maven-central.storage-download.googleapis.com/maven2/javax/servlet/servlet-api/2.3/servlet-api-2.3.pom
04:03:04.265 [Thread-16] DEBUG spoon.Launcher - [INFO] Downloaded from google-maven-central: https://maven-central.storage-download.googleapis.com/maven2/javax/servlet/servlet-api/2.3/servlet-api-2.3.pom (156 B at 22 kB/s)
04:03:04.269 [Thread-16] DEBUG spoon.Launcher - [INFO] Downloading from google-maven-central: https://maven-central.storage-download.googleapis.com/maven2/commons-chain/commons-chain/1.1/commons-chain-1.1.pom
04:03:04.283 [Thread-16] DEBUG spoon.Launcher - [INFO] Downloaded from google-maven-central: https://maven-central.storage-download.googleapis.com/maven2/commons-chain/commons-chain/1.1/commons-chain-1.1.pom (6.0 kB at 752 kB/s)
04:03:04.292 [Thread-16] DEBUG spoon.Launcher - [INFO] Downloading from google-maven-central: https://maven-central.storage-download.googleapis.com/maven2/commons-validator/commons-validator/1.3.1/commons-validator-1.3.1.pom
04:03:04.302 [Thread-16] DEBUG spoon.Launcher - [INFO] Downloaded from google-maven-central: https://maven-central.storage-download.googleapis.com/maven2/commons-validator/commons-validator/1.3.1/commons-validator-1.3.1.pom (9.0 kB at 1.0 MB/s)
04:03:04.317 [Thread-16] DEBUG spoon.Launcher - [INFO] Downloading from google-maven-central: https://maven-central.storage-download.googleapis.com/maven2/dom4j/dom4j/1.1/dom4j-1.1.pom
04:03:04.326 [Thread-16] DEBUG spoon.Launcher - [INFO] Downloaded from google-maven-central: https://maven-central.storage-download.googleapis.com/maven2/dom4j/dom4j/1.1/dom4j-1.1.pom (142 B at 13 kB/s)
04:03:04.331 [Thread-16] DEBUG spoon.Launcher - [INFO] Downloading from google-maven-central: https://maven-central.storage-download.googleapis.com/maven2/sslext/sslext/1.2-0/sslext-1.2-0.pom
04:03:04.343 [Thread-16] DEBUG spoon.Launcher - [INFO] Downloaded from google-maven-central: https://maven-central.storage-download.googleapis.com/maven2/sslext/sslext/1.2-0/sslext-1.2-0.pom (653 B at 50 kB/s)
04:03:04.347 [Thread-16] DEBUG spoon.Launcher - [INFO] Downloading from google-maven-central: https://maven-central.storage-download.googleapis.com/maven2/org/apache/struts/struts-core/1.3.8/struts-core-1.3.8.pom
04:03:04.364 [Thread-16] DEBUG spoon.Launcher - [INFO] Downloaded from google-maven-central: https://maven-central.storage-download.googleapis.com/maven2/org/apache/struts/struts-core/1.3.8/struts-core-1.3.8.pom (4.3 kB at 287 kB/s)
04:03:04.370 [Thread-16] DEBUG spoon.Launcher - [INFO] Downloading from google-maven-central: https://maven-central.storage-download.googleapis.com/maven2/org/apache/struts/struts-parent/1.3.8/struts-parent-1.3.8.pom
04:03:04.382 [Thread-16] DEBUG spoon.Launcher - [INFO] Downloaded from google-maven-central: https://maven-central.storage-download.googleapis.com/maven2/org/apache/struts/struts-parent/1.3.8/struts-parent-1.3.8.pom (9.8 kB at 820 kB/s)
04:03:04.388 [Thread-16] DEBUG spoon.Launcher - [INFO] Downloading from google-maven-central: https://maven-central.storage-download.googleapis.com/maven2/org/apache/struts/struts-master/4/struts-master-4.pom
04:03:04.400 [Thread-16] DEBUG spoon.Launcher - [INFO] Downloaded from google-maven-central: https://maven-central.storage-download.googleapis.com/maven2/org/apache/struts/struts-master/4/struts-master-4.pom (12 kB at 845 kB/s)
04:03:04.405 [Thread-16] DEBUG spoon.Launcher - [INFO] Downloading from google-maven-central: https://maven-central.storage-download.googleapis.com/maven2/org/apache/apache/2/apache-2.pom
04:03:04.413 [Thread-16] DEBUG spoon.Launcher - [INFO] Downloaded from google-maven-central: https://maven-central.storage-download.googleapis.com/maven2/org/apache/apache/2/apache-2.pom (3.4 kB at 426 kB/s)
04:03:04.418 [Thread-16] DEBUG spoon.Launcher - [INFO] Downloading from google-maven-central: https://maven-central.storage-download.googleapis.com/maven2/antlr/antlr/2.7.2/antlr-2.7.2.pom
04:03:04.426 [Thread-16] DEBUG spoon.Launcher - [INFO] Downloaded from google-maven-central: https://maven-central.storage-download.googleapis.com/maven2/antlr/antlr/2.7.2/antlr-2.7.2.pom (145 B at 18 kB/s)
04:03:04.433 [Thread-16] DEBUG spoon.Launcher - [INFO] Downloading from google-maven-central: https://maven-central.storage-download.googleapis.com/maven2/org/apache/struts/struts-taglib/1.3.8/struts-taglib-1.3.8.pom
04:03:04.443 [Thread-16] DEBUG spoon.Launcher - [INFO] Downloaded from google-maven-central: https://maven-central.storage-download.googleapis.com/maven2/org/apache/struts/struts-taglib/1.3.8/struts-taglib-1.3.8.pom (3.1 kB at 308 kB/s)
04:03:04.455 [Thread-16] DEBUG spoon.Launcher - [INFO] Downloading from google-maven-central: https://maven-central.storage-download.googleapis.com/maven2/org/apache/struts/struts-tiles/1.3.8/struts-tiles-1.3.8.pom
04:03:04.463 [Thread-16] DEBUG spoon.Launcher - [INFO] Downloaded from google-maven-central: https://maven-central.storage-download.googleapis.com/maven2/org/apache/struts/struts-tiles/1.3.8/struts-tiles-1.3.8.pom (2.9 kB at 323 kB/s)
04:03:04.469 [Thread-16] DEBUG spoon.Launcher - [INFO] Downloading from google-maven-central: https://maven-central.storage-download.googleapis.com/maven2/org/apache/velocity/velocity/1.6.2/velocity-1.6.2.pom
04:03:04.480 [Thread-16] DEBUG spoon.Launcher - [INFO] Downloaded from google-maven-central: https://maven-central.storage-download.googleapis.com/maven2/org/apache/velocity/velocity/1.6.2/velocity-1.6.2.pom (11 kB at 965 kB/s)
04:03:04.485 [Thread-16] DEBUG spoon.Launcher - [INFO] Downloading from google-maven-central: https://maven-central.storage-download.googleapis.com/maven2/org/codehaus/plexus/plexus-utils/3.0.24/plexus-utils-3.0.24.pom
04:03:04.503 [Thread-16] DEBUG spoon.Launcher - [INFO] Downloaded from google-maven-central: https://maven-central.storage-download.googleapis.com/maven2/org/codehaus/plexus/plexus-utils/3.0.24/plexus-utils-3.0.24.pom (4.1 kB at 243 kB/s)
04:03:04.509 [Thread-16] DEBUG spoon.Launcher - [INFO] Downloading from google-maven-central: https://maven-central.storage-download.googleapis.com/maven2/commons-io/commons-io/2.6/commons-io-2.6.pom
04:03:04.521 [Thread-16] DEBUG spoon.Launcher - [INFO] Downloaded from google-maven-central: https://maven-central.storage-download.googleapis.com/maven2/commons-io/commons-io/2.6/commons-io-2.6.pom (14 kB at 1.0 MB/s)
04:03:04.528 [Thread-16] DEBUG spoon.Launcher - [INFO] Downloading from google-maven-central: https://maven-central.storage-download.googleapis.com/maven2/org/apache/maven/doxia/doxia-sink-api/1.9/doxia-sink-api-1.9.pom
04:03:04.555 [Thread-16] DEBUG spoon.Launcher - [INFO] Downloaded from google-maven-central: https://maven-central.storage-download.googleapis.com/maven2/org/apache/maven/doxia/doxia-sink-api/1.9/doxia-sink-api-1.9.pom (1.6 kB at 58 kB/s)
04:03:04.558 [Thread-16] DEBUG spoon.Launcher - [INFO] Downloading from google-maven-central: https://maven-central.storage-download.googleapis.com/maven2/org/apache/maven/doxia/doxia/1.9/doxia-1.9.pom
04:03:04.586 [Thread-16] DEBUG spoon.Launcher - [INFO] Downloaded from google-maven-central: https://maven-central.storage-download.googleapis.com/maven2/org/apache/maven/doxia/doxia/1.9/doxia-1.9.pom (19 kB at 698 kB/s)
04:03:04.591 [Thread-16] DEBUG spoon.Launcher - [INFO] Downloading from google-maven-central: https://maven-central.storage-download.googleapis.com/maven2/org/apache/maven/doxia/doxia-logging-api/1.9/doxia-logging-api-1.9.pom
04:03:04.619 [Thread-16] DEBUG spoon.Launcher - [INFO] Downloaded from google-maven-central: https://maven-central.storage-download.googleapis.com/maven2/org/apache/maven/doxia/doxia-logging-api/1.9/doxia-logging-api-1.9.pom (1.6 kB at 56 kB/s)
04:03:04.623 [Thread-16] DEBUG spoon.Launcher - [INFO] Downloading from google-maven-central: https://maven-central.storage-download.googleapis.com/maven2/org/codehaus/plexus/plexus-container-default/1.7.1/plexus-container-default-1.7.1.pom
04:03:04.630 [Thread-16] DEBUG spoon.Launcher - [INFO] Downloaded from google-maven-central: https://maven-central.storage-download.googleapis.com/maven2/org/codehaus/plexus/plexus-container-default/1.7.1/plexus-container-default-1.7.1.pom (2.8 kB at 394 kB/s)
04:03:04.634 [Thread-16] DEBUG spoon.Launcher - [INFO] Downloading from google-maven-central: https://maven-central.storage-download.googleapis.com/maven2/org/codehaus/plexus/plexus-utils/3.0.20/plexus-utils-3.0.20.pom
04:03:04.642 [Thread-16] DEBUG spoon.Launcher - [INFO] Downloaded from google-maven-central: https://maven-central.storage-download.googleapis.com/maven2/org/codehaus/plexus/plexus-utils/3.0.20/plexus-utils-3.0.20.pom (3.8 kB at 423 kB/s)
04:03:04.646 [Thread-16] DEBUG spoon.Launcher - [INFO] Downloading from google-maven-central: https://maven-central.storage-download.googleapis.com/maven2/org/codehaus/plexus/plexus-classworlds/2.5.1/plexus-classworlds-2.5.1.pom
04:03:04.653 [Thread-16] DEBUG spoon.Launcher - [INFO] Downloaded from google-maven-central: https://maven-central.storage-download.googleapis.com/maven2/org/codehaus/plexus/plexus-classworlds/2.5.1/plexus-classworlds-2.5.1.pom (5.0 kB at 716 kB/s)
04:03:04.671 [Thread-16] DEBUG spoon.Launcher - [INFO] Downloading from google-maven-central: https://maven-central.storage-download.googleapis.com/maven2/org/apache/xbean/xbean-reflect/3.7/xbean-reflect-3.7.pom
04:03:04.681 [Thread-16] DEBUG spoon.Launcher - [INFO] Downloaded from google-maven-central: https://maven-central.storage-download.googleapis.com/maven2/org/apache/xbean/xbean-reflect/3.7/xbean-reflect-3.7.pom (5.1 kB at 509 kB/s)
04:03:04.685 [Thread-16] DEBUG spoon.Launcher - [INFO] Downloading from google-maven-central: https://maven-central.storage-download.googleapis.com/maven2/org/apache/xbean/xbean/3.7/xbean-3.7.pom
04:03:04.711 [Thread-16] DEBUG spoon.Launcher - [INFO] Downloaded from google-maven-central: https://maven-central.storage-download.googleapis.com/maven2/org/apache/xbean/xbean/3.7/xbean-3.7.pom (15 kB at 594 kB/s)
04:03:04.716 [Thread-16] DEBUG spoon.Launcher - [INFO] Downloading from google-maven-central: https://maven-central.storage-download.googleapis.com/maven2/org/apache/geronimo/genesis/genesis-java5-flava/2.0/genesis-java5-flava-2.0.pom
04:03:04.727 [Thread-16] DEBUG spoon.Launcher - [INFO] Downloaded from google-maven-central: https://maven-central.storage-download.googleapis.com/maven2/org/apache/geronimo/genesis/genesis-java5-flava/2.0/genesis-java5-flava-2.0.pom (5.5 kB at 548 kB/s)
04:03:04.730 [Thread-16] DEBUG spoon.Launcher - [INFO] Downloading from google-maven-central: https://maven-central.storage-download.googleapis.com/maven2/org/apache/geronimo/genesis/genesis-default-flava/2.0/genesis-default-flava-2.0.pom
04:03:04.748 [Thread-16] DEBUG spoon.Launcher - [INFO] Downloaded from google-maven-central: https://maven-central.storage-download.googleapis.com/maven2/org/apache/geronimo/genesis/genesis-default-flava/2.0/genesis-default-flava-2.0.pom (18 kB at 989 kB/s)
04:03:04.753 [Thread-16] DEBUG spoon.Launcher - [INFO] Downloading from google-maven-central: https://maven-central.storage-download.googleapis.com/maven2/org/apache/geronimo/genesis/genesis/2.0/genesis-2.0.pom
04:03:04.767 [Thread-16] DEBUG spoon.Launcher - [INFO] Downloaded from google-maven-central: https://maven-central.storage-download.googleapis.com/maven2/org/apache/geronimo/genesis/genesis/2.0/genesis-2.0.pom (18 kB at 1.3 MB/s)
04:03:04.798 [Thread-16] DEBUG spoon.Launcher - [INFO] Downloading from google-maven-central: https://maven-central.storage-download.googleapis.com/maven2/org/apache/maven/doxia/doxia-core/1.9/doxia-core-1.9.pom
04:03:04.822 [Thread-16] DEBUG spoon.Launcher - [INFO] Downloaded from google-maven-central: https://maven-central.storage-download.googleapis.com/maven2/org/apache/maven/doxia/doxia-core/1.9/doxia-core-1.9.pom (4.4 kB at 112 kB/s)
04:03:04.831 [Thread-16] DEBUG spoon.Launcher - [INFO] Downloading from google-maven-central: https://maven-central.storage-download.googleapis.com/maven2/org/codehaus/plexus/plexus-utils/3.1.0/plexus-utils-3.1.0.pom
04:03:04.849 [Thread-16] DEBUG spoon.Launcher - [INFO] Downloaded from google-maven-central: https://maven-central.storage-download.googleapis.com/maven2/org/codehaus/plexus/plexus-utils/3.1.0/plexus-utils-3.1.0.pom (4.7 kB at 245 kB/s)
04:03:04.881 [Thread-16] DEBUG spoon.Launcher - [INFO] Downloading from google-maven-central: https://maven-central.storage-download.googleapis.com/maven2/org/apache/httpcomponents/httpclient/4.5.8/httpclient-4.5.8.pom
04:03:04.902 [Thread-16] DEBUG spoon.Launcher - [INFO] Downloaded from google-maven-central: https://maven-central.storage-download.googleapis.com/maven2/org/apache/httpcomponents/httpclient/4.5.8/httpclient-4.5.8.pom (6.6 kB at 315 kB/s)
04:03:04.906 [Thread-16] DEBUG spoon.Launcher - [INFO] Downloading from google-maven-central: https://maven-central.storage-download.googleapis.com/maven2/org/apache/httpcomponents/httpcomponents-client/4.5.8/httpcomponents-client-4.5.8.pom
04:03:04.922 [Thread-16] DEBUG spoon.Launcher - [INFO] Downloaded from google-maven-central: https://maven-central.storage-download.googleapis.com/maven2/org/apache/httpcomponents/httpcomponents-client/4.5.8/httpcomponents-client-4.5.8.pom (16 kB at 1.0 MB/s)
04:03:04.936 [Thread-16] DEBUG spoon.Launcher - [INFO] Downloading from google-maven-central: https://maven-central.storage-download.googleapis.com/maven2/org/apache/httpcomponents/httpcomponents-parent/11/httpcomponents-parent-11.pom
04:03:04.958 [Thread-16] DEBUG spoon.Launcher - [INFO] Downloaded from google-maven-central: https://maven-central.storage-download.googleapis.com/maven2/org/apache/httpcomponents/httpcomponents-parent/11/httpcomponents-parent-11.pom (35 kB at 1.3 MB/s)
04:03:04.971 [Thread-16] DEBUG spoon.Launcher - [INFO] Downloading from google-maven-central: https://maven-central.storage-download.googleapis.com/maven2/org/apache/httpcomponents/httpcore/4.4.11/httpcore-4.4.11.pom
04:03:04.985 [Thread-16] DEBUG spoon.Launcher - [INFO] Downloaded from google-maven-central: https://maven-central.storage-download.googleapis.com/maven2/org/apache/httpcomponents/httpcore/4.4.11/httpcore-4.4.11.pom (5.2 kB at 345 kB/s)
04:03:04.994 [Thread-16] DEBUG spoon.Launcher - [INFO] Downloading from google-maven-central: https://maven-central.storage-download.googleapis.com/maven2/org/apache/httpcomponents/httpcomponents-core/4.4.11/httpcomponents-core-4.4.11.pom
04:03:05.008 [Thread-16] DEBUG spoon.Launcher - [INFO] Downloaded from google-maven-central: https://maven-central.storage-download.googleapis.com/maven2/org/apache/httpcomponents/httpcomponents-core/4.4.11/httpcomponents-core-4.4.11.pom (13 kB at 676 kB/s)
04:03:05.026 [Thread-16] DEBUG spoon.Launcher - [INFO] Downloading from google-maven-central: https://maven-central.storage-download.googleapis.com/maven2/org/apache/maven/doxia/doxia-site-renderer/1.9/doxia-site-renderer-1.9.pom
04:03:05.060 [Thread-16] DEBUG spoon.Launcher - [INFO] Downloaded from google-maven-central: https://maven-central.storage-download.googleapis.com/maven2/org/apache/maven/doxia/doxia-site-renderer/1.9/doxia-site-renderer-1.9.pom (6.7 kB at 193 kB/s)
04:03:05.063 [Thread-16] DEBUG spoon.Launcher - [INFO] Downloading from google-maven-central: https://maven-central.storage-download.googleapis.com/maven2/org/apache/maven/doxia/doxia-sitetools/1.9/doxia-sitetools-1.9.pom
04:03:05.092 [Thread-16] DEBUG spoon.Launcher - [INFO] Downloaded from google-maven-central: https://maven-central.storage-download.googleapis.com/maven2/org/apache/maven/doxia/doxia-sitetools/1.9/doxia-sitetools-1.9.pom (16 kB at 577 kB/s)
04:03:05.096 [Thread-16] DEBUG spoon.Launcher - [INFO] Downloading from google-maven-central: https://maven-central.storage-download.googleapis.com/maven2/org/apache/maven/doxia/doxia-decoration-model/1.9/doxia-decoration-model-1.9.pom
04:03:05.123 [Thread-16] DEBUG spoon.Launcher - [INFO] Downloaded from google-maven-central: https://maven-central.storage-download.googleapis.com/maven2/org/apache/maven/doxia/doxia-decoration-model/1.9/doxia-decoration-model-1.9.pom (3.4 kB at 126 kB/s)
04:03:05.135 [Thread-16] DEBUG spoon.Launcher - [INFO] Downloading from google-maven-central: https://maven-central.storage-download.googleapis.com/maven2/org/apache/maven/doxia/doxia-skin-model/1.9/doxia-skin-model-1.9.pom
04:03:05.170 [Thread-16] DEBUG spoon.Launcher - [INFO] Downloaded from google-maven-central: https://maven-central.storage-download.googleapis.com/maven2/org/apache/maven/doxia/doxia-skin-model/1.9/doxia-skin-model-1.9.pom (3.0 kB at 72 kB/s)
04:03:05.178 [Thread-16] DEBUG spoon.Launcher - [INFO] Downloading from google-maven-central: https://maven-central.storage-download.googleapis.com/maven2/org/apache/maven/doxia/doxia-module-xhtml/1.9/doxia-module-xhtml-1.9.pom
04:03:05.205 [Thread-16] DEBUG spoon.Launcher - [INFO] Downloaded from google-maven-central: https://maven-central.storage-download.googleapis.com/maven2/org/apache/maven/doxia/doxia-module-xhtml/1.9/doxia-module-xhtml-1.9.pom (2.0 kB at 66 kB/s)
04:03:05.214 [Thread-16] DEBUG spoon.Launcher - [INFO] Downloading from google-maven-central: https://maven-central.storage-download.googleapis.com/maven2/org/apache/maven/doxia/doxia-modules/1.9/doxia-modules-1.9.pom
04:03:05.249 [Thread-16] DEBUG spoon.Launcher - [INFO] Downloaded from google-maven-central: https://maven-central.storage-download.googleapis.com/maven2/org/apache/maven/doxia/doxia-modules/1.9/doxia-modules-1.9.pom (2.7 kB at 78 kB/s)
04:03:05.264 [Thread-16] DEBUG spoon.Launcher - [INFO] Downloading from google-maven-central: https://maven-central.storage-download.googleapis.com/maven2/org/apache/maven/doxia/doxia-module-xhtml5/1.9/doxia-module-xhtml5-1.9.pom
04:03:05.294 [Thread-16] DEBUG spoon.Launcher - [INFO] Downloaded from google-maven-central: https://maven-central.storage-download.googleapis.com/maven2/org/apache/maven/doxia/doxia-module-xhtml5/1.9/doxia-module-xhtml5-1.9.pom (2.0 kB at 62 kB/s)
04:03:05.311 [Thread-16] DEBUG spoon.Launcher - [INFO] Downloading from google-maven-central: https://maven-central.storage-download.googleapis.com/maven2/org/codehaus/plexus/plexus-i18n/1.0-beta-10/plexus-i18n-1.0-beta-10.pom
04:03:05.326 [Thread-16] DEBUG spoon.Launcher - [INFO] Downloaded from google-maven-central: https://maven-central.storage-download.googleapis.com/maven2/org/codehaus/plexus/plexus-i18n/1.0-beta-10/plexus-i18n-1.0-beta-10.pom (2.1 kB at 130 kB/s)
04:03:05.359 [Thread-16] DEBUG spoon.Launcher - [INFO] Downloading from google-maven-central: https://maven-central.storage-download.googleapis.com/maven2/org/apache/commons/commons-lang3/3.8.1/commons-lang3-3.8.1.pom
04:03:05.368 [Thread-16] DEBUG spoon.Launcher - [INFO] Downloaded from google-maven-central: https://maven-central.storage-download.googleapis.com/maven2/org/apache/commons/commons-lang3/3.8.1/commons-lang3-3.8.1.pom (28 kB at 2.8 MB/s)
04:03:05.376 [Thread-16] DEBUG spoon.Launcher - [INFO] Downloading from google-maven-central: https://maven-central.storage-download.googleapis.com/maven2/org/apache/commons/commons-parent/47/commons-parent-47.pom
04:03:05.386 [Thread-16] DEBUG spoon.Launcher - [INFO] Downloaded from google-maven-central: https://maven-central.storage-download.googleapis.com/maven2/org/apache/commons/commons-parent/47/commons-parent-47.pom (78 kB at 6.5 MB/s)
04:03:05.392 [Thread-16] DEBUG spoon.Launcher - [INFO] Downloading from google-maven-central: https://maven-central.storage-download.googleapis.com/maven2/org/codehaus/plexus/plexus-archiver/4.2.2/plexus-archiver-4.2.2.pom
04:03:05.412 [Thread-16] DEBUG spoon.Launcher - [INFO] Downloaded from google-maven-central: https://maven-central.storage-download.googleapis.com/maven2/org/codehaus/plexus/plexus-archiver/4.2.2/plexus-archiver-4.2.2.pom (4.4 kB at 243 kB/s)
04:03:05.414 [Thread-16] DEBUG spoon.Launcher - [INFO] Downloading from google-maven-central: https://maven-central.storage-download.googleapis.com/maven2/org/codehaus/plexus/plexus/6.1/plexus-6.1.pom
04:03:05.420 [Thread-16] DEBUG spoon.Launcher - [INFO] Downloaded from google-maven-central: https://maven-central.storage-download.googleapis.com/maven2/org/codehaus/plexus/plexus/6.1/plexus-6.1.pom (24 kB at 4.0 MB/s)
04:03:05.424 [Thread-16] DEBUG spoon.Launcher - [INFO] Downloading from google-maven-central: https://maven-central.storage-download.googleapis.com/maven2/org/codehaus/plexus/plexus-utils/3.3.0/plexus-utils-3.3.0.pom
04:03:05.430 [Thread-16] DEBUG spoon.Launcher - [INFO] Downloaded from google-maven-central: https://maven-central.storage-download.googleapis.com/maven2/org/codehaus/plexus/plexus-utils/3.3.0/plexus-utils-3.3.0.pom (5.2 kB at 864 kB/s)
04:03:05.434 [Thread-16] DEBUG spoon.Launcher - [INFO] Downloading from google-maven-central: https://maven-central.storage-download.googleapis.com/maven2/org/codehaus/plexus/plexus-io/3.2.0/plexus-io-3.2.0.pom
04:03:05.443 [Thread-16] DEBUG spoon.Launcher - [INFO] Downloaded from google-maven-central: https://maven-central.storage-download.googleapis.com/maven2/org/codehaus/plexus/plexus-io/3.2.0/plexus-io-3.2.0.pom (4.5 kB at 758 kB/s)
04:03:05.467 [Thread-16] DEBUG spoon.Launcher - [INFO] Downloading from google-maven-central: https://maven-central.storage-download.googleapis.com/maven2/org/iq80/snappy/snappy/0.4/snappy-0.4.pom
04:03:05.476 [Thread-16] DEBUG spoon.Launcher - [INFO] Downloaded from google-maven-central: https://maven-central.storage-download.googleapis.com/maven2/org/iq80/snappy/snappy/0.4/snappy-0.4.pom (15 kB at 1.5 MB/s)
04:03:05.481 [Thread-16] DEBUG spoon.Launcher - [INFO] Downloading from google-maven-central: https://maven-central.storage-download.googleapis.com/maven2/org/apache/maven/shared/file-management/3.0.0/file-management-3.0.0.pom
04:03:05.492 [Thread-16] DEBUG spoon.Launcher - [INFO] Downloaded from google-maven-central: https://maven-central.storage-download.googleapis.com/maven2/org/apache/maven/shared/file-management/3.0.0/file-management-3.0.0.pom (4.7 kB at 426 kB/s)
04:03:05.495 [Thread-16] DEBUG spoon.Launcher - [INFO] Downloading from google-maven-central: https://maven-central.storage-download.googleapis.com/maven2/org/apache/maven/shared/maven-shared-components/22/maven-shared-components-22.pom
04:03:05.501 [Thread-16] DEBUG spoon.Launcher - [INFO] Downloaded from google-maven-central: https://maven-central.storage-download.googleapis.com/maven2/org/apache/maven/shared/maven-shared-components/22/maven-shared-components-22.pom (5.1 kB at 852 kB/s)
04:03:05.504 [Thread-16] DEBUG spoon.Launcher - [INFO] Downloading from google-maven-central: https://maven-central.storage-download.googleapis.com/maven2/org/apache/maven/shared/maven-shared-io/3.0.0/maven-shared-io-3.0.0.pom
04:03:05.512 [Thread-16] DEBUG spoon.Launcher - [INFO] Downloaded from google-maven-central: https://maven-central.storage-download.googleapis.com/maven2/org/apache/maven/shared/maven-shared-io/3.0.0/maven-shared-io-3.0.0.pom (4.2 kB at 594 kB/s)
04:03:05.515 [Thread-16] DEBUG spoon.Launcher - [INFO] Downloading from google-maven-central: https://maven-central.storage-download.googleapis.com/maven2/org/apache/maven/maven-compat/3.0/maven-compat-3.0.pom
04:03:05.531 [Thread-16] DEBUG spoon.Launcher - [INFO] Downloaded from google-maven-central: https://maven-central.storage-download.googleapis.com/maven2/org/apache/maven/maven-compat/3.0/maven-compat-3.0.pom (4.0 kB at 268 kB/s)
04:03:05.536 [Thread-16] DEBUG spoon.Launcher - [INFO] Downloading from google-maven-central: https://maven-central.storage-download.googleapis.com/maven2/org/apache/maven/wagon/wagon-provider-api/1.0-beta-6/wagon-provider-api-1.0-beta-6.pom
04:03:05.546 [Thread-16] DEBUG spoon.Launcher - [INFO] Downloaded from google-maven-central: https://maven-central.storage-download.googleapis.com/maven2/org/apache/maven/wagon/wagon-provider-api/1.0-beta-6/wagon-provider-api-1.0-beta-6.pom (1.8 kB at 176 kB/s)
04:03:05.548 [Thread-16] DEBUG spoon.Launcher - [INFO] Downloading from google-maven-central: https://maven-central.storage-download.googleapis.com/maven2/org/apache/maven/wagon/wagon/1.0-beta-6/wagon-1.0-beta-6.pom
04:03:05.560 [Thread-16] DEBUG spoon.Launcher - [INFO] Downloaded from google-maven-central: https://maven-central.storage-download.googleapis.com/maven2/org/apache/maven/wagon/wagon/1.0-beta-6/wagon-1.0-beta-6.pom (12 kB at 1.1 MB/s)
04:03:05.612 [Thread-16] DEBUG spoon.Launcher - [INFO] Downloading from google-maven-central: https://maven-central.storage-download.googleapis.com/maven2/org/codehaus/plexus/plexus-utils/1.4.2/plexus-utils-1.4.2.pom
04:03:05.634 [Thread-16] DEBUG spoon.Launcher - [INFO] Downloaded from google-maven-central: https://maven-central.storage-download.googleapis.com/maven2/org/codehaus/plexus/plexus-utils/1.4.2/plexus-utils-1.4.2.pom (2.0 kB at 78 kB/s)
04:03:05.655 [Thread-16] DEBUG spoon.Launcher - [INFO] Downloading from google-maven-central: https://maven-central.storage-download.googleapis.com/maven2/org/apache/maven/wagon/wagon-provider-api/2.10/wagon-provider-api-2.10.pom
04:03:05.671 [Thread-16] DEBUG spoon.Launcher - [INFO] Downloaded from google-maven-central: https://maven-central.storage-download.googleapis.com/maven2/org/apache/maven/wagon/wagon-provider-api/2.10/wagon-provider-api-2.10.pom (1.7 kB at 96 kB/s)
04:03:05.694 [Thread-16] DEBUG spoon.Launcher - [INFO] Downloading from google-maven-central: https://maven-central.storage-download.googleapis.com/maven2/org/apache/maven/wagon/wagon/2.10/wagon-2.10.pom
04:03:05.709 [Thread-16] DEBUG spoon.Launcher - [INFO] Downloaded from google-maven-central: https://maven-central.storage-download.googleapis.com/maven2/org/apache/maven/wagon/wagon/2.10/wagon-2.10.pom (21 kB at 1.3 MB/s)
04:03:05.727 [Thread-16] DEBUG spoon.Launcher - [INFO] Downloading from google-maven-central: https://maven-central.storage-download.googleapis.com/maven2/org/codehaus/plexus/plexus-utils/3.0.15/plexus-utils-3.0.15.pom
04:03:05.740 [Thread-16] DEBUG spoon.Launcher - [INFO] Downloaded from google-maven-central: https://maven-central.storage-download.googleapis.com/maven2/org/codehaus/plexus/plexus-utils/3.0.15/plexus-utils-3.0.15.pom (3.1 kB at 286 kB/s)
04:03:05.763 [Thread-16] DEBUG spoon.Launcher - [INFO] Downloading from google-maven-central: https://maven-central.storage-download.googleapis.com/maven2/org/apache/maven/shared/maven-shared-utils/3.0.0/maven-shared-utils-3.0.0.pom
04:03:05.782 [Thread-16] DEBUG spoon.Launcher - [INFO] Downloaded from google-maven-central: https://maven-central.storage-download.googleapis.com/maven2/org/apache/maven/shared/maven-shared-utils/3.0.0/maven-shared-utils-3.0.0.pom (5.6 kB at 310 kB/s)
04:03:05.792 [Thread-16] DEBUG spoon.Launcher - [INFO] Downloading from google-maven-central: https://maven-central.storage-download.googleapis.com/maven2/org/apache/maven/shared/maven-shared-components/21/maven-shared-components-21.pom
04:03:05.808 [Thread-16] DEBUG spoon.Launcher - [INFO] Downloaded from google-maven-central: https://maven-central.storage-download.googleapis.com/maven2/org/apache/maven/shared/maven-shared-components/21/maven-shared-components-21.pom (5.1 kB at 300 kB/s)
04:03:05.816 [Thread-16] DEBUG spoon.Launcher - [INFO] Downloading from google-maven-central: https://maven-central.storage-download.googleapis.com/maven2/org/apache/maven/maven-parent/25/maven-parent-25.pom
04:03:05.842 [Thread-16] DEBUG spoon.Launcher - [INFO] Downloaded from google-maven-central: https://maven-central.storage-download.googleapis.com/maven2/org/apache/maven/maven-parent/25/maven-parent-25.pom (37 kB at 1.3 MB/s)
04:03:05.865 [Thread-16] DEBUG spoon.Launcher - [INFO] Downloading from google-maven-central: https://maven-central.storage-download.googleapis.com/maven2/org/apache/maven/shared/maven-dependency-analyzer/1.11.1/maven-dependency-analyzer-1.11.1.pom
04:03:05.873 [Thread-16] DEBUG spoon.Launcher - [INFO] Downloaded from google-maven-central: https://maven-central.storage-download.googleapis.com/maven2/org/apache/maven/shared/maven-dependency-analyzer/1.11.1/maven-dependency-analyzer-1.11.1.pom (6.7 kB at 557 kB/s)
04:03:05.885 [Thread-16] DEBUG spoon.Launcher - [INFO] Downloading from google-maven-central: https://maven-central.storage-download.googleapis.com/maven2/org/ow2/asm/asm/7.3.1/asm-7.3.1.pom
04:03:05.912 [Thread-16] DEBUG spoon.Launcher - [INFO] Downloaded from google-maven-central: https://maven-central.storage-download.googleapis.com/maven2/org/ow2/asm/asm/7.3.1/asm-7.3.1.pom (2.9 kB at 102 kB/s)
04:03:05.920 [Thread-16] DEBUG spoon.Launcher - [INFO] Downloading from google-maven-central: https://maven-central.storage-download.googleapis.com/maven2/org/apache/maven/shared/maven-dependency-tree/3.0.1/maven-dependency-tree-3.0.1.pom
04:03:05.931 [Thread-16] DEBUG spoon.Launcher - [INFO] Downloaded from google-maven-central: https://maven-central.storage-download.googleapis.com/maven2/org/apache/maven/shared/maven-dependency-tree/3.0.1/maven-dependency-tree-3.0.1.pom (7.5 kB at 682 kB/s)
04:03:05.939 [Thread-16] DEBUG spoon.Launcher - [INFO] Downloading from google-maven-central: https://maven-central.storage-download.googleapis.com/maven2/org/apache/maven/shared/maven-shared-utils/3.1.0/maven-shared-utils-3.1.0.pom
04:03:05.961 [Thread-16] DEBUG spoon.Launcher - [INFO] Downloaded from google-maven-central: https://maven-central.storage-download.googleapis.com/maven2/org/apache/maven/shared/maven-shared-utils/3.1.0/maven-shared-utils-3.1.0.pom (5.0 kB at 226 kB/s)
04:03:05.967 [Thread-16] DEBUG spoon.Launcher - [INFO] Downloading from google-maven-central: https://maven-central.storage-download.googleapis.com/maven2/org/apache/maven/shared/maven-common-artifact-filters/3.0.1/maven-common-artifact-filters-3.0.1.pom
04:03:05.979 [Thread-16] DEBUG spoon.Launcher - [INFO] Downloaded from google-maven-central: https://maven-central.storage-download.googleapis.com/maven2/org/apache/maven/shared/maven-common-artifact-filters/3.0.1/maven-common-artifact-filters-3.0.1.pom (4.8 kB at 440 kB/s)
04:03:05.989 [Thread-16] DEBUG spoon.Launcher - [INFO] Downloading from google-maven-central: https://maven-central.storage-download.googleapis.com/maven2/org/codehaus/plexus/plexus-utils/3.1.1/plexus-utils-3.1.1.pom
04:03:06.016 [Thread-16] DEBUG spoon.Launcher - [INFO] Downloaded from google-maven-central: https://maven-central.storage-download.googleapis.com/maven2/org/codehaus/plexus/plexus-utils/3.1.1/plexus-utils-3.1.1.pom (5.1 kB at 149 kB/s)
04:03:06.019 [Thread-16] DEBUG spoon.Launcher - [INFO] Downloading from google-maven-central: https://maven-central.storage-download.googleapis.com/maven2/org/slf4j/slf4j-api/1.7.5/slf4j-api-1.7.5.pom
04:03:06.027 [Thread-16] DEBUG spoon.Launcher - [INFO] Downloaded from google-maven-central: https://maven-central.storage-download.googleapis.com/maven2/org/slf4j/slf4j-api/1.7.5/slf4j-api-1.7.5.pom (2.7 kB at 336 kB/s)
04:03:06.029 [Thread-16] DEBUG spoon.Launcher - [INFO] Downloading from google-maven-central: https://maven-central.storage-download.googleapis.com/maven2/org/slf4j/slf4j-parent/1.7.5/slf4j-parent-1.7.5.pom
04:03:06.037 [Thread-16] DEBUG spoon.Launcher - [INFO] Downloaded from google-maven-central: https://maven-central.storage-download.googleapis.com/maven2/org/slf4j/slf4j-parent/1.7.5/slf4j-parent-1.7.5.pom (12 kB at 1.7 MB/s)
04:03:06.109 [Thread-16] DEBUG spoon.Launcher - [INFO] Downloading from google-maven-central: https://maven-central.storage-download.googleapis.com/maven2/org/codehaus/plexus/plexus-component-annotations/2.0.0/plexus-component-annotations-2.0.0.jar
04:03:06.128 [Thread-16] DEBUG spoon.Launcher - [INFO] Downloading from google-maven-central: https://maven-central.storage-download.googleapis.com/maven2/org/apache/maven/doxia/doxia-decoration-model/1.7.4/doxia-decoration-model-1.7.4.jar
04:03:06.130 [Thread-16] DEBUG spoon.Launcher - [INFO] Downloaded from google-maven-central: https://maven-central.storage-download.googleapis.com/maven2/org/codehaus/plexus/plexus-component-annotations/2.0.0/plexus-component-annotations-2.0.0.jar (4.2 kB at 94 kB/s)
04:03:06.131 [Thread-16] DEBUG spoon.Launcher - [INFO] Downloading from google-maven-central: https://maven-central.storage-download.googleapis.com/maven2/org/apache/maven/reporting/maven-reporting-impl/3.0.0/maven-reporting-impl-3.0.0.jar
04:03:06.132 [Thread-16] DEBUG spoon.Launcher - [INFO] Downloading from google-maven-central: https://maven-central.storage-download.googleapis.com/maven2/commons-io/commons-io/2.6/commons-io-2.6.jar
04:03:06.140 [Thread-16] DEBUG spoon.Launcher - [INFO] Downloading from google-maven-central: https://maven-central.storage-download.googleapis.com/maven2/org/apache/maven/doxia/doxia-sink-api/1.9/doxia-sink-api-1.9.jar
04:03:06.141 [Thread-16] DEBUG spoon.Launcher - [INFO] Downloading from google-maven-central: https://maven-central.storage-download.googleapis.com/maven2/org/apache/maven/doxia/doxia-logging-api/1.9/doxia-logging-api-1.9.jar
04:03:06.163 [Thread-16] DEBUG spoon.Launcher - [INFO] Downloaded from google-maven-central: https://maven-central.storage-download.googleapis.com/maven2/org/apache/maven/doxia/doxia-logging-api/1.9/doxia-logging-api-1.9.jar (12 kB at 490 kB/s)
04:03:06.164 [Thread-16] DEBUG spoon.Launcher - [INFO] Downloading from google-maven-central: https://maven-central.storage-download.googleapis.com/maven2/org/apache/maven/doxia/doxia-core/1.9/doxia-core-1.9.jar
04:03:06.216 [Thread-16] DEBUG spoon.Launcher - [INFO] Downloaded from google-maven-central: https://maven-central.storage-download.googleapis.com/maven2/org/apache/maven/reporting/maven-reporting-impl/3.0.0/maven-reporting-impl-3.0.0.jar (18 kB at 138 kB/s)
04:03:06.237 [Thread-16] DEBUG spoon.Launcher - [INFO] Downloaded from google-maven-central: https://maven-central.storage-download.googleapis.com/maven2/org/apache/maven/doxia/doxia-decoration-model/1.7.4/doxia-decoration-model-1.7.4.jar (61 kB at 612 kB/s)
04:03:06.240 [Thread-16] DEBUG spoon.Launcher - [INFO] Downloaded from google-maven-central: https://maven-central.storage-download.googleapis.com/maven2/commons-io/commons-io/2.6/commons-io-2.6.jar (215 kB at 1.9 MB/s)
04:03:06.241 [Thread-16] DEBUG spoon.Launcher - [INFO] Downloading from google-maven-central: https://maven-central.storage-download.googleapis.com/maven2/org/codehaus/plexus/plexus-container-default/1.7.1/plexus-container-default-1.7.1.jar
04:03:06.243 [Thread-16] DEBUG spoon.Launcher - [INFO] Downloading from google-maven-central: https://maven-central.storage-download.googleapis.com/maven2/com/google/collections/google-collections/1.0/google-collections-1.0.jar
04:03:06.243 [Thread-16] DEBUG spoon.Launcher - [INFO] Downloaded from google-maven-central: https://maven-central.storage-download.googleapis.com/maven2/org/apache/maven/doxia/doxia-sink-api/1.9/doxia-sink-api-1.9.jar (12 kB at 109 kB/s)
04:03:06.243 [Thread-16] DEBUG spoon.Launcher - [INFO] Downloading from google-maven-central: https://maven-central.storage-download.googleapis.com/maven2/org/apache/xbean/xbean-reflect/3.7/xbean-reflect-3.7.jar
04:03:06.243 [Thread-16] DEBUG spoon.Launcher - [INFO] Downloading from google-maven-central: https://maven-central.storage-download.googleapis.com/maven2/org/apache/httpcomponents/httpclient/4.5.8/httpclient-4.5.8.jar
04:03:06.266 [Thread-16] DEBUG spoon.Launcher - [INFO] Downloaded from google-maven-central: https://maven-central.storage-download.googleapis.com/maven2/org/apache/maven/doxia/doxia-core/1.9/doxia-core-1.9.jar (219 kB at 1.7 MB/s)
04:03:06.267 [Thread-16] DEBUG spoon.Launcher - [INFO] Downloading from google-maven-central: https://maven-central.storage-download.googleapis.com/maven2/org/apache/httpcomponents/httpcore/4.4.11/httpcore-4.4.11.jar
04:03:06.284 [Thread-16] DEBUG spoon.Launcher - [INFO] Downloaded from google-maven-central: https://maven-central.storage-download.googleapis.com/maven2/org/apache/xbean/xbean-reflect/3.7/xbean-reflect-3.7.jar (148 kB at 1.1 MB/s)
04:03:06.292 [Thread-16] DEBUG spoon.Launcher - [INFO] Downloading from google-maven-central: https://maven-central.storage-download.googleapis.com/maven2/org/apache/maven/doxia/doxia-site-renderer/1.9/doxia-site-renderer-1.9.jar
04:03:06.296 [Thread-16] DEBUG spoon.Launcher - [INFO] Downloaded from google-maven-central: https://maven-central.storage-download.googleapis.com/maven2/org/codehaus/plexus/plexus-container-default/1.7.1/plexus-container-default-1.7.1.jar (231 kB at 1.5 MB/s)
04:03:06.298 [Thread-16] DEBUG spoon.Launcher - [INFO] Downloading from google-maven-central: https://maven-central.storage-download.googleapis.com/maven2/org/apache/maven/doxia/doxia-skin-model/1.9/doxia-skin-model-1.9.jar
04:03:06.343 [Thread-16] DEBUG spoon.Launcher - [INFO] Downloaded from google-maven-central: https://maven-central.storage-download.googleapis.com/maven2/org/apache/maven/doxia/doxia-site-renderer/1.9/doxia-site-renderer-1.9.jar (66 kB at 340 kB/s)
04:03:06.344 [Thread-16] DEBUG spoon.Launcher - [INFO] Downloaded from google-maven-central: https://maven-central.storage-download.googleapis.com/maven2/org/apache/maven/doxia/doxia-skin-model/1.9/doxia-skin-model-1.9.jar (17 kB at 86 kB/s)
04:03:06.344 [Thread-16] DEBUG spoon.Launcher - [INFO] Downloading from google-maven-central: https://maven-central.storage-download.googleapis.com/maven2/org/apache/maven/doxia/doxia-module-xhtml/1.9/doxia-module-xhtml-1.9.jar
04:03:06.347 [Thread-16] DEBUG spoon.Launcher - [INFO] Downloading from google-maven-central: https://maven-central.storage-download.googleapis.com/maven2/org/apache/maven/doxia/doxia-module-xhtml5/1.9/doxia-module-xhtml5-1.9.jar
04:03:06.348 [Thread-16] DEBUG spoon.Launcher - [INFO] Downloaded from google-maven-central: https://maven-central.storage-download.googleapis.com/maven2/org/apache/httpcomponents/httpcore/4.4.11/httpcore-4.4.11.jar (327 kB at 1.6 MB/s)
04:03:06.356 [Thread-16] DEBUG spoon.Launcher - [INFO] Downloading from google-maven-central: https://maven-central.storage-download.googleapis.com/maven2/org/codehaus/plexus/plexus-i18n/1.0-beta-10/plexus-i18n-1.0-beta-10.jar
04:03:06.364 [Thread-16] DEBUG spoon.Launcher - [INFO] Downloaded from google-maven-central: https://maven-central.storage-download.googleapis.com/maven2/org/codehaus/plexus/plexus-i18n/1.0-beta-10/plexus-i18n-1.0-beta-10.jar (12 kB at 53 kB/s)
04:03:06.368 [Thread-16] DEBUG spoon.Launcher - [INFO] Downloaded from google-maven-central: https://maven-central.storage-download.googleapis.com/maven2/org/apache/maven/doxia/doxia-module-xhtml5/1.9/doxia-module-xhtml5-1.9.jar (18 kB at 79 kB/s)
04:03:06.370 [Thread-16] DEBUG spoon.Launcher - [INFO] Downloading from google-maven-central: https://maven-central.storage-download.googleapis.com/maven2/org/codehaus/plexus/plexus-velocity/1.2/plexus-velocity-1.2.jar
04:03:06.372 [Thread-16] DEBUG spoon.Launcher - [INFO] Downloading from google-maven-central: https://maven-central.storage-download.googleapis.com/maven2/org/apache/velocity/velocity-tools/2.0/velocity-tools-2.0.jar
04:03:06.372 [Thread-16] DEBUG spoon.Launcher - [INFO] Downloaded from google-maven-central: https://maven-central.storage-download.googleapis.com/maven2/org/apache/maven/doxia/doxia-module-xhtml/1.9/doxia-module-xhtml-1.9.jar (18 kB at 76 kB/s)
04:03:06.372 [Thread-16] DEBUG spoon.Launcher - [INFO] Downloading from google-maven-central: https://maven-central.storage-download.googleapis.com/maven2/commons-digester/commons-digester/1.8/commons-digester-1.8.jar
04:03:06.386 [Thread-16] DEBUG spoon.Launcher - [INFO] Downloaded from google-maven-central: https://maven-central.storage-download.googleapis.com/maven2/com/google/collections/google-collections/1.0/google-collections-1.0.jar (640 kB at 2.6 MB/s)
04:03:06.388 [Thread-16] DEBUG spoon.Launcher - [INFO] Downloading from google-maven-central: https://maven-central.storage-download.googleapis.com/maven2/commons-chain/commons-chain/1.1/commons-chain-1.1.jar
04:03:06.395 [Thread-16] DEBUG spoon.Launcher - [INFO] Downloaded from google-maven-central: https://maven-central.storage-download.googleapis.com/maven2/org/codehaus/plexus/plexus-velocity/1.2/plexus-velocity-1.2.jar (8.1 kB at 32 kB/s)
04:03:06.400 [Thread-16] DEBUG spoon.Launcher - [INFO] Downloaded from google-maven-central: https://maven-central.storage-download.googleapis.com/maven2/commons-digester/commons-digester/1.8/commons-digester-1.8.jar (144 kB at 552 kB/s)
04:03:06.403 [Thread-16] DEBUG spoon.Launcher - [INFO] Downloading from google-maven-central: https://maven-central.storage-download.googleapis.com/maven2/commons-validator/commons-validator/1.3.1/commons-validator-1.3.1.jar
04:03:06.406 [Thread-16] DEBUG spoon.Launcher - [INFO] Downloading from google-maven-central: https://maven-central.storage-download.googleapis.com/maven2/dom4j/dom4j/1.1/dom4j-1.1.jar
04:03:06.423 [Thread-16] DEBUG spoon.Launcher - [INFO] Downloaded from google-maven-central: https://maven-central.storage-download.googleapis.com/maven2/commons-chain/commons-chain/1.1/commons-chain-1.1.jar (90 kB at 324 kB/s)
04:03:06.429 [Thread-16] DEBUG spoon.Launcher - [INFO] Downloading from google-maven-central: https://maven-central.storage-download.googleapis.com/maven2/sslext/sslext/1.2-0/sslext-1.2-0.jar
04:03:06.450 [Thread-16] DEBUG spoon.Launcher - [INFO] Downloaded from google-maven-central: https://maven-central.storage-download.googleapis.com/maven2/org/apache/httpcomponents/httpclient/4.5.8/httpclient-4.5.8.jar (772 kB at 2.5 MB/s)
04:03:06.454 [Thread-16] DEBUG spoon.Launcher - [INFO] Downloading from google-maven-central: https://maven-central.storage-download.googleapis.com/maven2/org/apache/struts/struts-core/1.3.8/struts-core-1.3.8.jar
04:03:06.463 [Thread-16] DEBUG spoon.Launcher - [INFO] Downloaded from google-maven-central: https://maven-central.storage-download.googleapis.com/maven2/org/apache/velocity/velocity-tools/2.0/velocity-tools-2.0.jar (347 kB at 1.1 MB/s)
04:03:06.463 [Thread-16] DEBUG spoon.Launcher - [INFO] Downloaded from google-maven-central: https://maven-central.storage-download.googleapis.com/maven2/commons-validator/commons-validator/1.3.1/commons-validator-1.3.1.jar (139 kB at 460 kB/s)
04:03:06.464 [Thread-16] DEBUG spoon.Launcher - [INFO] Downloading from google-maven-central: https://maven-central.storage-download.googleapis.com/maven2/org/apache/struts/struts-taglib/1.3.8/struts-taglib-1.3.8.jar
04:03:06.465 [Thread-16] DEBUG spoon.Launcher - [INFO] Downloaded from google-maven-central: https://maven-central.storage-download.googleapis.com/maven2/sslext/sslext/1.2-0/sslext-1.2-0.jar (26 kB at 83 kB/s)
04:03:06.465 [Thread-16] DEBUG spoon.Launcher - [INFO] Downloading from google-maven-central: https://maven-central.storage-download.googleapis.com/maven2/org/apache/struts/struts-tiles/1.3.8/struts-tiles-1.3.8.jar
04:03:06.467 [Thread-16] DEBUG spoon.Launcher - [INFO] Downloading from google-maven-central: https://maven-central.storage-download.googleapis.com/maven2/antlr/antlr/2.7.2/antlr-2.7.2.jar
04:03:06.509 [Thread-16] DEBUG spoon.Launcher - [INFO] Downloaded from google-maven-central: https://maven-central.storage-download.googleapis.com/maven2/org/apache/struts/struts-tiles/1.3.8/struts-tiles-1.3.8.jar (120 kB at 324 kB/s)
04:03:06.510 [Thread-16] DEBUG spoon.Launcher - [INFO] Downloaded from google-maven-central: https://maven-central.storage-download.googleapis.com/maven2/org/apache/struts/struts-taglib/1.3.8/struts-taglib-1.3.8.jar (252 kB at 678 kB/s)
04:03:06.511 [Thread-16] DEBUG spoon.Launcher - [INFO] Downloading from google-maven-central: https://maven-central.storage-download.googleapis.com/maven2/org/codehaus/plexus/plexus-archiver/4.2.2/plexus-archiver-4.2.2.jar
04:03:06.512 [Thread-16] DEBUG spoon.Launcher - [INFO] Downloading from google-maven-central: https://maven-central.storage-download.googleapis.com/maven2/org/iq80/snappy/snappy/0.4/snappy-0.4.jar
04:03:06.525 [Thread-16] DEBUG spoon.Launcher - [INFO] Downloaded from google-maven-central: https://maven-central.storage-download.googleapis.com/maven2/dom4j/dom4j/1.1/dom4j-1.1.jar (457 kB at 1.2 MB/s)
04:03:06.525 [Thread-16] DEBUG spoon.Launcher - [INFO] Downloaded from google-maven-central: https://maven-central.storage-download.googleapis.com/maven2/org/apache/struts/struts-core/1.3.8/struts-core-1.3.8.jar (329 kB at 856 kB/s)
04:03:06.528 [Thread-16] DEBUG spoon.Launcher - [INFO] Downloading from google-maven-central: https://maven-central.storage-download.googleapis.com/maven2/org/codehaus/plexus/plexus-utils/3.3.0/plexus-utils-3.3.0.jar
04:03:06.531 [Thread-16] DEBUG spoon.Launcher - [INFO] Downloading from google-maven-central: https://maven-central.storage-download.googleapis.com/maven2/org/apache/maven/shared/file-management/3.0.0/file-management-3.0.0.jar
04:03:06.536 [Thread-16] DEBUG spoon.Launcher - [INFO] Downloaded from google-maven-central: https://maven-central.storage-download.googleapis.com/maven2/org/iq80/snappy/snappy/0.4/snappy-0.4.jar (58 kB at 146 kB/s)
04:03:06.536 [Thread-16] DEBUG spoon.Launcher - [INFO] Downloading from google-maven-central: https://maven-central.storage-download.googleapis.com/maven2/org/apache/maven/shared/maven-shared-io/3.0.0/maven-shared-io-3.0.0.jar
04:03:06.540 [Thread-16] DEBUG spoon.Launcher - [INFO] Downloaded from google-maven-central: https://maven-central.storage-download.googleapis.com/maven2/org/codehaus/plexus/plexus-archiver/4.2.2/plexus-archiver-4.2.2.jar (194 kB at 484 kB/s)
04:03:06.540 [Thread-16] DEBUG spoon.Launcher - [INFO] Downloading from google-maven-central: https://maven-central.storage-download.googleapis.com/maven2/org/apache/maven/maven-compat/3.0/maven-compat-3.0.jar
04:03:06.548 [Thread-16] DEBUG spoon.Launcher - [INFO] Downloaded from google-maven-central: https://maven-central.storage-download.googleapis.com/maven2/org/apache/maven/shared/file-management/3.0.0/file-management-3.0.0.jar (35 kB at 87 kB/s)
04:03:06.548 [Thread-16] DEBUG spoon.Launcher - [INFO] Downloading from google-maven-central: https://maven-central.storage-download.googleapis.com/maven2/org/apache/maven/wagon/wagon-provider-api/2.10/wagon-provider-api-2.10.jar
04:03:06.556 [Thread-16] DEBUG spoon.Launcher - [INFO] Downloaded from google-maven-central: https://maven-central.storage-download.googleapis.com/maven2/org/codehaus/plexus/plexus-utils/3.3.0/plexus-utils-3.3.0.jar (263 kB at 633 kB/s)
04:03:06.556 [Thread-16] DEBUG spoon.Launcher - [INFO] Downloading from google-maven-central: https://maven-central.storage-download.googleapis.com/maven2/org/codehaus/plexus/plexus-io/3.2.0/plexus-io-3.2.0.jar
04:03:06.558 [Thread-16] DEBUG spoon.Launcher - [INFO] Downloaded from google-maven-central: https://maven-central.storage-download.googleapis.com/maven2/org/apache/maven/shared/maven-shared-io/3.0.0/maven-shared-io-3.0.0.jar (41 kB at 99 kB/s)
04:03:06.558 [Thread-16] DEBUG spoon.Launcher - [INFO] Downloading from google-maven-central: https://maven-central.storage-download.googleapis.com/maven2/org/apache/maven/shared/maven-dependency-analyzer/1.11.1/maven-dependency-analyzer-1.11.1.jar
04:03:06.561 [Thread-16] DEBUG spoon.Launcher - [INFO] Downloaded from google-maven-central: https://maven-central.storage-download.googleapis.com/maven2/org/apache/maven/wagon/wagon-provider-api/2.10/wagon-provider-api-2.10.jar (54 kB at 128 kB/s)
04:03:06.561 [Thread-16] DEBUG spoon.Launcher - [INFO] Downloading from google-maven-central: https://maven-central.storage-download.googleapis.com/maven2/org/ow2/asm/asm/7.3.1/asm-7.3.1.jar
04:03:06.562 [Thread-16] DEBUG spoon.Launcher - [INFO] Downloaded from google-maven-central: https://maven-central.storage-download.googleapis.com/maven2/antlr/antlr/2.7.2/antlr-2.7.2.jar (358 kB at 847 kB/s)
04:03:06.562 [Thread-16] DEBUG spoon.Launcher - [INFO] Downloading from google-maven-central: https://maven-central.storage-download.googleapis.com/maven2/org/apache/maven/shared/maven-dependency-tree/3.0.1/maven-dependency-tree-3.0.1.jar
04:03:06.568 [Thread-16] DEBUG spoon.Launcher - [INFO] Downloaded from google-maven-central: https://maven-central.storage-download.googleapis.com/maven2/org/codehaus/plexus/plexus-io/3.2.0/plexus-io-3.2.0.jar (76 kB at 177 kB/s)
04:03:06.568 [Thread-16] DEBUG spoon.Launcher - [INFO] Downloading from google-maven-central: https://maven-central.storage-download.googleapis.com/maven2/org/slf4j/slf4j-api/1.7.5/slf4j-api-1.7.5.jar
04:03:06.570 [Thread-16] DEBUG spoon.Launcher - [INFO] Downloaded from google-maven-central: https://maven-central.storage-download.googleapis.com/maven2/org/apache/maven/shared/maven-dependency-analyzer/1.11.1/maven-dependency-analyzer-1.11.1.jar (35 kB at 83 kB/s)
04:03:06.571 [Thread-16] DEBUG spoon.Launcher - [INFO] Downloaded from google-maven-central: https://maven-central.storage-download.googleapis.com/maven2/org/apache/maven/shared/maven-dependency-tree/3.0.1/maven-dependency-tree-3.0.1.jar (37 kB at 85 kB/s)
04:03:06.575 [Thread-16] DEBUG spoon.Launcher - [INFO] Downloaded from google-maven-central: https://maven-central.storage-download.googleapis.com/maven2/org/apache/maven/maven-compat/3.0/maven-compat-3.0.jar (285 kB at 658 kB/s)
04:03:06.580 [Thread-16] DEBUG spoon.Launcher - [INFO] Downloaded from google-maven-central: https://maven-central.storage-download.googleapis.com/maven2/org/slf4j/slf4j-api/1.7.5/slf4j-api-1.7.5.jar (26 kB at 59 kB/s)
04:03:06.593 [Thread-16] DEBUG spoon.Launcher - [INFO] Downloaded from google-maven-central: https://maven-central.storage-download.googleapis.com/maven2/org/ow2/asm/asm/7.3.1/asm-7.3.1.jar (122 kB at 270 kB/s)
04:03:06.942 [Thread-16] DEBUG spoon.Launcher - [INFO] Wrote classpath file '/home/travis/build/SpoonLabs/spoon-ci-external/spoon/spoon.classpath-app.tmp'.
04:03:06.944 [Thread-16] DEBUG spoon.Launcher - [INFO] ------------------------------------------------------------------------
04:03:06.945 [Thread-16] DEBUG spoon.Launcher - [INFO] BUILD SUCCESS
04:03:06.945 [Thread-16] DEBUG spoon.Launcher - [INFO] ------------------------------------------------------------------------
04:03:06.947 [Thread-16] DEBUG spoon.Launcher - [INFO] Total time:  5.979 s
04:03:06.947 [Thread-16] DEBUG spoon.Launcher - [INFO] Finished at: 2020-10-29T04:03:06Z
04:03:06.948 [Thread-16] DEBUG spoon.Launcher - [INFO] ------------------------------------------------------------------------
04:03:07.050 [main] INFO spoon.Launcher - Running in NOCLASSPATH mode (doc: http://spoon.gforge.inria.fr/launcher.html).
04:03:08.528 [Thread-19] DEBUG spoon.Launcher - [INFO] Scanning for projects...
04:03:09.567 [Thread-19] DEBUG spoon.Launcher - [INFO] Inspecting build with total of 1 modules...
04:03:09.569 [Thread-19] DEBUG spoon.Launcher - [INFO] Installing Nexus Staging features:
04:03:09.570 [Thread-19] DEBUG spoon.Launcher - [INFO]   ... total of 1 executions of maven-deploy-plugin replaced with nexus-staging-maven-plugin
04:03:09.644 [Thread-19] DEBUG spoon.Launcher - [INFO] 
04:03:09.645 [Thread-19] DEBUG spoon.Launcher - [INFO] ------------------< fr.inria.gforge.spoon:spoon-core >------------------
04:03:09.645 [Thread-19] DEBUG spoon.Launcher - [INFO] Building Spoon Core 8.4.0-SNAPSHOT
04:03:09.646 [Thread-19] DEBUG spoon.Launcher - [INFO] --------------------------------[ jar ]---------------------------------
04:03:10.285 [Thread-19] DEBUG spoon.Launcher - [INFO] Downloading from sonatype-apache: https://repository.apache.org/content/repositories/releases/junit/junit-dep/maven-metadata.xml
04:03:10.287 [Thread-19] DEBUG spoon.Launcher - [INFO] Downloading from apache-snapshots: https://repository.apache.org/snapshots/junit/junit-dep/maven-metadata.xml
04:03:10.288 [Thread-19] DEBUG spoon.Launcher - [INFO] Downloading from sonatype: https://oss.sonatype.org/content/repositories/releases/junit/junit-dep/maven-metadata.xml
04:03:11.017 [Thread-19] DEBUG spoon.Launcher - [INFO] Downloaded from sonatype: https://oss.sonatype.org/content/repositories/releases/junit/junit-dep/maven-metadata.xml (563 B at 639 B/s)
04:03:11.056 [Thread-19] DEBUG spoon.Launcher - [INFO] 
04:03:11.057 [Thread-19] DEBUG spoon.Launcher - [INFO] --- maven-dependency-plugin:3.1.2:build-classpath (default-cli) @ spoon-core ---
04:03:11.855 [Thread-19] DEBUG spoon.Launcher - [INFO] Wrote classpath file '/home/travis/build/SpoonLabs/spoon-ci-external/spoon/spoon.classpath.tmp'.
04:03:11.855 [Thread-19] DEBUG spoon.Launcher - [INFO] ------------------------------------------------------------------------
04:03:11.855 [Thread-19] DEBUG spoon.Launcher - [INFO] BUILD SUCCESS
04:03:11.855 [Thread-19] DEBUG spoon.Launcher - [INFO] ------------------------------------------------------------------------
04:03:11.857 [Thread-19] DEBUG spoon.Launcher - [INFO] Total time:  3.351 s
04:03:11.857 [Thread-19] DEBUG spoon.Launcher - [INFO] Finished at: 2020-10-29T04:03:11Z
04:03:11.858 [Thread-19] DEBUG spoon.Launcher - [INFO] ------------------------------------------------------------------------
04:03:11.981 [main] INFO spoon.Launcher - Running in NOCLASSPATH mode (doc: http://spoon.gforge.inria.fr/launcher.html).
04:03:12.163 [main] INFO spoon.Launcher - Running in NOCLASSPATH mode (doc: http://spoon.gforge.inria.fr/launcher.html).
04:03:13.558 [Thread-22] DEBUG spoon.Launcher - [INFO] Scanning for projects...
04:03:13.947 [Thread-22] DEBUG spoon.Launcher - [INFO] 
04:03:13.948 [Thread-22] DEBUG spoon.Launcher - [INFO] -------------------------< org.foo.bar:foobar >-------------------------
04:03:13.949 [Thread-22] DEBUG spoon.Launcher - [INFO] Building foobar 1.0.0-SNAPSHOT
04:03:13.950 [Thread-22] DEBUG spoon.Launcher - [INFO] --------------------------------[ jar ]---------------------------------
04:03:13.966 [Thread-22] DEBUG spoon.Launcher - [INFO] 
04:03:13.967 [Thread-22] DEBUG spoon.Launcher - [INFO] --- maven-dependency-plugin:2.8:build-classpath (default-cli) @ foobar ---
04:03:14.750 [Thread-22] DEBUG spoon.Launcher - [INFO] No dependencies found.
04:03:14.752 [Thread-22] DEBUG spoon.Launcher - [INFO] Wrote classpath file '/home/travis/build/SpoonLabs/spoon-ci-external/spoon/src/test/resources/maven-launcher/java-11/spoon.classpath-app.tmp'.
04:03:14.755 [Thread-22] DEBUG spoon.Launcher - [INFO] ------------------------------------------------------------------------
04:03:14.755 [Thread-22] DEBUG spoon.Launcher - [INFO] BUILD SUCCESS
04:03:14.756 [Thread-22] DEBUG spoon.Launcher - [INFO] ------------------------------------------------------------------------
04:03:14.758 [Thread-22] DEBUG spoon.Launcher - [INFO] Total time:  1.224 s
04:03:14.758 [Thread-22] DEBUG spoon.Launcher - [INFO] Finished at: 2020-10-29T04:03:14Z
04:03:14.759 [Thread-22] DEBUG spoon.Launcher - [INFO] ------------------------------------------------------------------------
04:03:14.782 [main] INFO spoon.Launcher - Running in NOCLASSPATH mode (doc: http://spoon.gforge.inria.fr/launcher.html).
]]></system-out>
  </testcase>
  <testcase name="mavenLauncherTestWithVerySimpleProject" classname="spoon.MavenLauncherTest" time="3.078">
    <system-out><![CDATA[04:03:14.811 [main] INFO spoon.Launcher - Running in NOCLASSPATH mode (doc: http://spoon.gforge.inria.fr/launcher.html).
04:03:16.618 [Thread-25] DEBUG spoon.Launcher - [INFO] Scanning for projects...
04:03:16.991 [Thread-25] DEBUG spoon.Launcher - [INFO] 
04:03:16.992 [Thread-25] DEBUG spoon.Launcher - [INFO] -------------------------< org.foo.bar:foobar >-------------------------
04:03:16.992 [Thread-25] DEBUG spoon.Launcher - [INFO] Building foobar 1.0.0-SNAPSHOT
04:03:16.999 [Thread-25] DEBUG spoon.Launcher - [INFO] --------------------------------[ jar ]---------------------------------
04:03:17.018 [Thread-25] DEBUG spoon.Launcher - [INFO] 
04:03:17.023 [Thread-25] DEBUG spoon.Launcher - [INFO] --- maven-dependency-plugin:2.8:build-classpath (default-cli) @ foobar ---
04:03:17.855 [Thread-25] DEBUG spoon.Launcher - [INFO] No dependencies found.
04:03:17.857 [Thread-25] DEBUG spoon.Launcher - [INFO] Wrote classpath file '/home/travis/build/SpoonLabs/spoon-ci-external/spoon/src/test/resources/maven-launcher/very-simple/spoon.classpath.tmp'.
04:03:17.859 [Thread-25] DEBUG spoon.Launcher - [INFO] ------------------------------------------------------------------------
04:03:17.860 [Thread-25] DEBUG spoon.Launcher - [INFO] BUILD SUCCESS
04:03:17.860 [Thread-25] DEBUG spoon.Launcher - [INFO] ------------------------------------------------------------------------
04:03:17.862 [Thread-25] DEBUG spoon.Launcher - [INFO] Total time:  1.269 s
04:03:17.863 [Thread-25] DEBUG spoon.Launcher - [INFO] Finished at: 2020-10-29T04:03:17Z
04:03:17.864 [Thread-25] DEBUG spoon.Launcher - [INFO] ------------------------------------------------------------------------
]]></system-out>
  </testcase>
  <testcase name="testGuessMavenHome" classname="spoon.MavenLauncherTest" time="0.154"/>
  <testcase name="testPomSourceDirectory" classname="spoon.MavenLauncherTest" time="2.69">
    <system-out><![CDATA[04:03:18.042 [main] INFO spoon.Launcher - Running in NOCLASSPATH mode (doc: http://spoon.gforge.inria.fr/launcher.html).
04:03:19.464 [Thread-28] DEBUG spoon.Launcher - [INFO] Scanning for projects...
04:03:19.817 [Thread-28] DEBUG spoon.Launcher - [INFO] 
04:03:19.818 [Thread-28] DEBUG spoon.Launcher - [INFO] -------------------------< org.foo.bar:foobar >-------------------------
04:03:19.818 [Thread-28] DEBUG spoon.Launcher - [INFO] Building foobar 1.0.0-SNAPSHOT
04:03:19.819 [Thread-28] DEBUG spoon.Launcher - [INFO] --------------------------------[ jar ]---------------------------------
04:03:19.833 [Thread-28] DEBUG spoon.Launcher - [INFO] 
04:03:19.838 [Thread-28] DEBUG spoon.Launcher - [INFO] --- maven-dependency-plugin:2.8:build-classpath (default-cli) @ foobar ---
04:03:20.699 [Thread-28] DEBUG spoon.Launcher - [INFO] No dependencies found.
04:03:20.703 [Thread-28] DEBUG spoon.Launcher - [INFO] Wrote classpath file '/home/travis/build/SpoonLabs/spoon-ci-external/spoon/src/test/resources/maven-launcher/source-directory/spoon.classpath.tmp'.
04:03:20.703 [Thread-28] DEBUG spoon.Launcher - [INFO] ------------------------------------------------------------------------
04:03:20.703 [Thread-28] DEBUG spoon.Launcher - [INFO] BUILD SUCCESS
04:03:20.705 [Thread-28] DEBUG spoon.Launcher - [INFO] ------------------------------------------------------------------------
04:03:20.706 [Thread-28] DEBUG spoon.Launcher - [INFO] Total time:  1.266 s
04:03:20.706 [Thread-28] DEBUG spoon.Launcher - [INFO] Finished at: 2020-10-29T04:03:20Z
04:03:20.706 [Thread-28] DEBUG spoon.Launcher - [INFO] ------------------------------------------------------------------------
]]></system-out>
  </testcase>
  <testcase name="mavenLauncherOnDirectoryWithoutPomTest" classname="spoon.MavenLauncherTest" time="0.002">
    <system-out><![CDATA[04:03:20.733 [main] INFO spoon.Launcher - Running in NOCLASSPATH mode (doc: http://spoon.gforge.inria.fr/launcher.html).
]]></system-out>
  </testcase>
</testsuite>