<?xml version="1.0" encoding="UTF-8"?>
<testsuite xmlns:xsi="http://www.w3.org/2001/XMLSchema-instance" xsi:noNamespaceSchemaLocation="https://maven.apache.org/surefire/maven-surefire-plugin/xsd/surefire-test-report-3.0.xsd" version="3.0" name="spoon.MavenLauncherTest" time="73.392" tests="12" errors="0" skipped="1" failures="0">
  <properties>
    <property name="awt.toolkit" value="sun.awt.X11.XToolkit"/>
    <property name="file.encoding.pkg" value="sun.io"/>
    <property name="java.specification.version" value="1.8"/>
    <property name="sun.cpu.isalist" value=""/>
    <property name="sun.jnu.encoding" value="UTF-8"/>
    <property name="java.class.path" value="/home/travis/.m2/repository/org/apache/maven/surefire/surefire-booter/3.0.0-M5/surefire-booter-3.0.0-M5.jar:/home/travis/.m2/repository/org/apache/maven/surefire/surefire-api/3.0.0-M5/surefire-api-3.0.0-M5.jar:/home/travis/.m2/repository/org/apache/maven/surefire/surefire-logger-api/3.0.0-M5/surefire-logger-api-3.0.0-M5.jar:/home/travis/.m2/repository/org/apache/maven/surefire/surefire-shared-utils/3.0.0-M4/surefire-shared-utils-3.0.0-M4.jar:/home/travis/.m2/repository/org/apache/maven/surefire/surefire-extensions-spi/3.0.0-M5/surefire-extensions-spi-3.0.0-M5.jar:/home/travis/build/SpoonLabs/spoon-ci-external/spoon/target/test-classes:/home/travis/build/SpoonLabs/spoon-ci-external/spoon/target/classes:/home/travis/.m2/repository/org/eclipse/jdt/org.eclipse.jdt.core/3.23.0/org.eclipse.jdt.core-3.23.0.jar:/home/travis/.m2/repository/com/martiansoftware/jsap/2.1/jsap-2.1.jar:/home/travis/.m2/repository/org/apache/logging/log4j/log4j-api/2.14.0/log4j-api-2.14.0.jar:/home/travis/.m2/repository/org/apache/logging/log4j/log4j-to-slf4j/2.14.0/log4j-to-slf4j-2.14.0.jar:/home/travis/.m2/repository/org/slf4j/slf4j-api/1.7.25/slf4j-api-1.7.25.jar:/home/travis/.m2/repository/commons-io/commons-io/2.8.0/commons-io-2.8.0.jar:/home/travis/.m2/repository/org/apache/maven/maven-model/3.6.3/maven-model-3.6.3.jar:/home/travis/.m2/repository/org/codehaus/plexus/plexus-utils/3.2.1/plexus-utils-3.2.1.jar:/home/travis/.m2/repository/org/apache/commons/commons-lang3/3.11/commons-lang3-3.11.jar:/home/travis/.m2/repository/org/tukaani/xz/1.8/xz-1.8.jar:/home/travis/.m2/repository/com/fasterxml/jackson/core/jackson-databind/2.11.3/jackson-databind-2.11.3.jar:/home/travis/.m2/repository/com/fasterxml/jackson/core/jackson-annotations/2.11.3/jackson-annotations-2.11.3.jar:/home/travis/.m2/repository/com/fasterxml/jackson/core/jackson-core/2.11.3/jackson-core-2.11.3.jar:/home/travis/.m2/repository/org/apache/commons/commons-compress/1.20/commons-compress-1.20.jar:/home/travis/.m2/repository/com/google/guava/guava/30.0-jre/guava-30.0-jre.jar:/home/travis/.m2/repository/com/google/guava/failureaccess/1.0.1/failureaccess-1.0.1.jar:/home/travis/.m2/repository/com/google/guava/listenablefuture/9999.0-empty-to-avoid-conflict-with-guava/listenablefuture-9999.0-empty-to-avoid-conflict-with-guava.jar:/home/travis/.m2/repository/com/google/code/findbugs/jsr305/3.0.2/jsr305-3.0.2.jar:/home/travis/.m2/repository/org/checkerframework/checker-qual/3.5.0/checker-qual-3.5.0.jar:/home/travis/.m2/repository/com/google/errorprone/error_prone_annotations/2.3.4/error_prone_annotations-2.3.4.jar:/home/travis/.m2/repository/com/google/j2objc/j2objc-annotations/1.3/j2objc-annotations-1.3.jar:/home/travis/.m2/repository/ch/qos/logback/logback-classic/1.2.3/logback-classic-1.2.3.jar:/home/travis/.m2/repository/ch/qos/logback/logback-core/1.2.3/logback-core-1.2.3.jar:/home/travis/.m2/repository/com/mysema/querydsl/querydsl-core/3.6.9/querydsl-core-3.6.9.jar:/home/travis/.m2/repository/org/apache/maven/shared/maven-invoker/3.0.1/maven-invoker-3.0.1.jar:/home/travis/.m2/repository/org/apache/maven/shared/maven-shared-utils/3.2.1/maven-shared-utils-3.2.1.jar:/home/travis/.m2/repository/org/codehaus/plexus/plexus-component-annotations/1.7.1/plexus-component-annotations-1.7.1.jar:/home/travis/.m2/repository/javax/validation/validation-api/2.0.1.Final/validation-api-2.0.1.Final.jar:/home/travis/.m2/repository/com/google/code/gson/gson/2.8.6/gson-2.8.6.jar:/home/travis/.m2/repository/org/junit/vintage/junit-vintage-engine/5.7.0/junit-vintage-engine-5.7.0.jar:/home/travis/.m2/repository/org/apiguardian/apiguardian-api/1.1.0/apiguardian-api-1.1.0.jar:/home/travis/.m2/repository/org/junit/platform/junit-platform-engine/1.7.0/junit-platform-engine-1.7.0.jar:/home/travis/.m2/repository/org/opentest4j/opentest4j/1.2.0/opentest4j-1.2.0.jar:/home/travis/.m2/repository/org/junit/platform/junit-platform-commons/1.7.0/junit-platform-commons-1.7.0.jar:/home/travis/.m2/repository/junit/junit/4.13/junit-4.13.jar:/home/travis/.m2/repository/org/hamcrest/hamcrest-core/1.3/hamcrest-core-1.3.jar:/home/travis/.m2/repository/org/mockito/mockito-core/3.6.0/mockito-core-3.6.0.jar:/home/travis/.m2/repository/net/bytebuddy/byte-buddy/1.10.15/byte-buddy-1.10.15.jar:/home/travis/.m2/repository/net/bytebuddy/byte-buddy-agent/1.10.15/byte-buddy-agent-1.10.15.jar:/home/travis/.m2/repository/org/objenesis/objenesis/3.1/objenesis-3.1.jar:/home/travis/.m2/repository/org/junit/jupiter/junit-jupiter-engine/5.7.0/junit-jupiter-engine-5.7.0.jar:/home/travis/.m2/repository/org/junit/jupiter/junit-jupiter-api/5.7.0/junit-jupiter-api-5.7.0.jar:/home/travis/.m2/repository/com/github/stefanbirkner/system-rules/1.19.0/system-rules-1.19.0.jar:/home/travis/.m2/repository/org/apache/maven/surefire/surefire-junit-platform/3.0.0-M5/surefire-junit-platform-3.0.0-M5.jar:/home/travis/.m2/repository/org/apache/maven/surefire/common-java5/3.0.0-M5/common-java5-3.0.0-M5.jar:/home/travis/.m2/repository/org/junit/platform/junit-platform-launcher/1.7.0/junit-platform-launcher-1.7.0.jar:/home/travis/.m2/repository/org/jacoco/org.jacoco.agent/0.8.6/org.jacoco.agent-0.8.6-runtime.jar"/>
    <property name="java.vm.vendor" value="Private Build"/>
    <property name="sun.arch.data.model" value="64"/>
    <property name="java.vendor.url" value="http://java.oracle.com/"/>
    <property name="user.timezone" value="UTC"/>
    <property name="java.vm.specification.version" value="1.8"/>
    <property name="os.name" value="Linux"/>
    <property name="spoon.log.path" value="${java.io.tmpdir}/spoon-log.log"/>
    <property name="user.country" value="US"/>
    <property name="sun.java.launcher" value="SUN_STANDARD"/>
    <property name="sun.boot.library.path" value="/usr/lib/jvm/java-8-openjdk-amd64/jre/lib/amd64"/>
    <property name="sun.java.command" value="org.apache.maven.surefire.booter.ForkedBooter /home/travis/build/SpoonLabs/spoon-ci-external/spoon/target/surefire 2020-11-17T17-36-26_012-jvmRun1 surefire8447956280237280490tmp surefire_05803262862365616114tmp"/>
    <property name="surefire.test.class.path" value="/home/travis/build/SpoonLabs/spoon-ci-external/spoon/target/test-classes:/home/travis/build/SpoonLabs/spoon-ci-external/spoon/target/classes:/home/travis/.m2/repository/org/eclipse/jdt/org.eclipse.jdt.core/3.23.0/org.eclipse.jdt.core-3.23.0.jar:/home/travis/.m2/repository/com/martiansoftware/jsap/2.1/jsap-2.1.jar:/home/travis/.m2/repository/org/apache/logging/log4j/log4j-api/2.14.0/log4j-api-2.14.0.jar:/home/travis/.m2/repository/org/apache/logging/log4j/log4j-to-slf4j/2.14.0/log4j-to-slf4j-2.14.0.jar:/home/travis/.m2/repository/org/slf4j/slf4j-api/1.7.25/slf4j-api-1.7.25.jar:/home/travis/.m2/repository/commons-io/commons-io/2.8.0/commons-io-2.8.0.jar:/home/travis/.m2/repository/org/apache/maven/maven-model/3.6.3/maven-model-3.6.3.jar:/home/travis/.m2/repository/org/codehaus/plexus/plexus-utils/3.2.1/plexus-utils-3.2.1.jar:/home/travis/.m2/repository/org/apache/commons/commons-lang3/3.11/commons-lang3-3.11.jar:/home/travis/.m2/repository/org/tukaani/xz/1.8/xz-1.8.jar:/home/travis/.m2/repository/com/fasterxml/jackson/core/jackson-databind/2.11.3/jackson-databind-2.11.3.jar:/home/travis/.m2/repository/com/fasterxml/jackson/core/jackson-annotations/2.11.3/jackson-annotations-2.11.3.jar:/home/travis/.m2/repository/com/fasterxml/jackson/core/jackson-core/2.11.3/jackson-core-2.11.3.jar:/home/travis/.m2/repository/org/apache/commons/commons-compress/1.20/commons-compress-1.20.jar:/home/travis/.m2/repository/com/google/guava/guava/30.0-jre/guava-30.0-jre.jar:/home/travis/.m2/repository/com/google/guava/failureaccess/1.0.1/failureaccess-1.0.1.jar:/home/travis/.m2/repository/com/google/guava/listenablefuture/9999.0-empty-to-avoid-conflict-with-guava/listenablefuture-9999.0-empty-to-avoid-conflict-with-guava.jar:/home/travis/.m2/repository/com/google/code/findbugs/jsr305/3.0.2/jsr305-3.0.2.jar:/home/travis/.m2/repository/org/checkerframework/checker-qual/3.5.0/checker-qual-3.5.0.jar:/home/travis/.m2/repository/com/google/errorprone/error_prone_annotations/2.3.4/error_prone_annotations-2.3.4.jar:/home/travis/.m2/repository/com/google/j2objc/j2objc-annotations/1.3/j2objc-annotations-1.3.jar:/home/travis/.m2/repository/ch/qos/logback/logback-classic/1.2.3/logback-classic-1.2.3.jar:/home/travis/.m2/repository/ch/qos/logback/logback-core/1.2.3/logback-core-1.2.3.jar:/home/travis/.m2/repository/com/mysema/querydsl/querydsl-core/3.6.9/querydsl-core-3.6.9.jar:/home/travis/.m2/repository/org/apache/maven/shared/maven-invoker/3.0.1/maven-invoker-3.0.1.jar:/home/travis/.m2/repository/org/apache/maven/shared/maven-shared-utils/3.2.1/maven-shared-utils-3.2.1.jar:/home/travis/.m2/repository/org/codehaus/plexus/plexus-component-annotations/1.7.1/plexus-component-annotations-1.7.1.jar:/home/travis/.m2/repository/javax/validation/validation-api/2.0.1.Final/validation-api-2.0.1.Final.jar:/home/travis/.m2/repository/com/google/code/gson/gson/2.8.6/gson-2.8.6.jar:/home/travis/.m2/repository/org/junit/vintage/junit-vintage-engine/5.7.0/junit-vintage-engine-5.7.0.jar:/home/travis/.m2/repository/org/apiguardian/apiguardian-api/1.1.0/apiguardian-api-1.1.0.jar:/home/travis/.m2/repository/org/junit/platform/junit-platform-engine/1.7.0/junit-platform-engine-1.7.0.jar:/home/travis/.m2/repository/org/opentest4j/opentest4j/1.2.0/opentest4j-1.2.0.jar:/home/travis/.m2/repository/org/junit/platform/junit-platform-commons/1.7.0/junit-platform-commons-1.7.0.jar:/home/travis/.m2/repository/junit/junit/4.13/junit-4.13.jar:/home/travis/.m2/repository/org/hamcrest/hamcrest-core/1.3/hamcrest-core-1.3.jar:/home/travis/.m2/repository/org/mockito/mockito-core/3.6.0/mockito-core-3.6.0.jar:/home/travis/.m2/repository/net/bytebuddy/byte-buddy/1.10.15/byte-buddy-1.10.15.jar:/home/travis/.m2/repository/net/bytebuddy/byte-buddy-agent/1.10.15/byte-buddy-agent-1.10.15.jar:/home/travis/.m2/repository/org/objenesis/objenesis/3.1/objenesis-3.1.jar:/home/travis/.m2/repository/org/junit/jupiter/junit-jupiter-engine/5.7.0/junit-jupiter-engine-5.7.0.jar:/home/travis/.m2/repository/org/junit/jupiter/junit-jupiter-api/5.7.0/junit-jupiter-api-5.7.0.jar:/home/travis/.m2/repository/com/github/stefanbirkner/system-rules/1.19.0/system-rules-1.19.0.jar:"/>
    <property name="sun.cpu.endian" value="little"/>
    <property name="user.home" value="/home/travis"/>
    <property name="user.language" value="en"/>
    <property name="java.specification.vendor" value="Oracle Corporation"/>
    <property name="java.home" value="/usr/lib/jvm/java-8-openjdk-amd64/jre"/>
    <property name="basedir" value="/home/travis/build/SpoonLabs/spoon-ci-external/spoon"/>
    <property name="file.separator" value="/"/>
    <property name="line.separator" value="&#10;"/>
    <property name="java.vm.specification.vendor" value="Oracle Corporation"/>
    <property name="java.specification.name" value="Java Platform API Specification"/>
    <property name="java.awt.graphicsenv" value="sun.awt.X11GraphicsEnvironment"/>
    <property name="sun.boot.class.path" value="/usr/lib/jvm/java-8-openjdk-amd64/jre/lib/resources.jar:/usr/lib/jvm/java-8-openjdk-amd64/jre/lib/rt.jar:/usr/lib/jvm/java-8-openjdk-amd64/jre/lib/sunrsasign.jar:/usr/lib/jvm/java-8-openjdk-amd64/jre/lib/jsse.jar:/usr/lib/jvm/java-8-openjdk-amd64/jre/lib/jce.jar:/usr/lib/jvm/java-8-openjdk-amd64/jre/lib/charsets.jar:/usr/lib/jvm/java-8-openjdk-amd64/jre/lib/jfr.jar:/usr/lib/jvm/java-8-openjdk-amd64/jre/classes"/>
    <property name="sun.management.compiler" value="HotSpot 64-Bit Tiered Compilers"/>
    <property name="java.runtime.version" value="1.8.0_252-8u252-b09-1~16.04-b09"/>
    <property name="user.name" value="travis"/>
    <property name="path.separator" value=":"/>
    <property name="os.version" value="4.15.0-1077-gcp"/>
    <property name="java.endorsed.dirs" value="/usr/lib/jvm/java-8-openjdk-amd64/jre/lib/endorsed"/>
    <property name="java.runtime.name" value="OpenJDK Runtime Environment"/>
    <property name="file.encoding" value="UTF-8"/>
    <property name="java.vm.name" value="OpenJDK 64-Bit Server VM"/>
    <property name="localRepository" value="/home/travis/.m2/repository"/>
    <property name="java.vendor.url.bug" value="http://bugreport.sun.com/bugreport/"/>
    <property name="java.io.tmpdir" value="/tmp"/>
    <property name="java.version" value="1.8.0_252"/>
    <property name="user.dir" value="/home/travis/build/SpoonLabs/spoon-ci-external/spoon"/>
    <property name="os.arch" value="amd64"/>
    <property name="java.vm.specification.name" value="Java Virtual Machine Specification"/>
    <property name="java.awt.printerjob" value="sun.print.PSPrinterJob"/>
    <property name="sun.os.patch.level" value="unknown"/>
    <property name="java.library.path" value="/usr/java/packages/lib/amd64:/usr/lib/x86_64-linux-gnu/jni:/lib/x86_64-linux-gnu:/usr/lib/x86_64-linux-gnu:/usr/lib/jni:/lib:/usr/lib"/>
    <property name="java.vm.info" value="mixed mode"/>
    <property name="java.vendor" value="Private Build"/>
    <property name="java.vm.version" value="25.252-b09"/>
    <property name="java.ext.dirs" value="/usr/lib/jvm/java-8-openjdk-amd64/jre/lib/ext:/usr/java/packages/lib/ext"/>
    <property name="sun.io.unicode.encoding" value="UnicodeLittle"/>
    <property name="java.class.version" value="52.0"/>
  </properties>
  <testcase name="testForceRefresh" classname="spoon.MavenLauncherTest" time="6.539">
    <system-out><![CDATA[17:36:45.326 [main] INFO spoon.Launcher - Running in NOCLASSPATH mode (doc: http://spoon.gforge.inria.fr/launcher.html).
17:36:45.528 [main] INFO spoon.Launcher - Running in NOCLASSPATH mode (doc: http://spoon.gforge.inria.fr/launcher.html).
17:36:46.990 [Thread-4] DEBUG spoon.Launcher - [INFO] Scanning for projects...
17:36:47.047 [Thread-4] DEBUG spoon.Launcher - [WARNING] 
17:36:47.049 [Thread-4] DEBUG spoon.Launcher - [WARNING] Some problems were encountered while building the effective model for org.foo.bar:foobar:jar:1.0.0-SNAPSHOT
17:36:47.054 [Thread-4] DEBUG spoon.Launcher - [WARNING] 'dependencies.dependency.systemPath' for com.infradna.tool:bridge-method-annotation:jar should not point at files within the project directory, ${basedir}/lib/bridge-method-annotation-1.13.jar will be unresolvable by dependent projects @ line 18, column 25
17:36:47.055 [Thread-4] DEBUG spoon.Launcher - [WARNING] 
17:36:47.060 [Thread-4] DEBUG spoon.Launcher - [WARNING] It is highly recommended to fix these problems because they threaten the stability of your build.
17:36:47.060 [Thread-4] DEBUG spoon.Launcher - [WARNING] 
17:36:47.067 [Thread-4] DEBUG spoon.Launcher - [WARNING] For this reason, future Maven versions might no longer support building such malformed projects.
17:36:47.067 [Thread-4] DEBUG spoon.Launcher - [WARNING] 
17:36:47.409 [Thread-4] DEBUG spoon.Launcher - [INFO] Downloading from google-maven-central: https://maven-central.storage-download.googleapis.com/maven2/org/apache/maven/plugins/maven-clean-plugin/2.5/maven-clean-plugin-2.5.pom
17:36:47.779 [Thread-4] DEBUG spoon.Launcher - [INFO] Downloaded from google-maven-central: https://maven-central.storage-download.googleapis.com/maven2/org/apache/maven/plugins/maven-clean-plugin/2.5/maven-clean-plugin-2.5.pom (3.9 kB at 10 kB/s)
17:36:47.931 [Thread-4] DEBUG spoon.Launcher - [INFO] Downloading from google-maven-central: https://maven-central.storage-download.googleapis.com/maven2/org/apache/maven/plugins/maven-clean-plugin/2.5/maven-clean-plugin-2.5.jar
17:36:47.957 [Thread-4] DEBUG spoon.Launcher - [INFO] Downloaded from google-maven-central: https://maven-central.storage-download.googleapis.com/maven2/org/apache/maven/plugins/maven-clean-plugin/2.5/maven-clean-plugin-2.5.jar (25 kB at 947 kB/s)
17:36:48.022 [Thread-4] DEBUG spoon.Launcher - [INFO] Downloading from google-maven-central: https://maven-central.storage-download.googleapis.com/maven2/org/apache/maven/plugins/maven-compiler-plugin/3.1/maven-compiler-plugin-3.1.pom
17:36:48.034 [Thread-4] DEBUG spoon.Launcher - [INFO] Downloaded from google-maven-central: https://maven-central.storage-download.googleapis.com/maven2/org/apache/maven/plugins/maven-compiler-plugin/3.1/maven-compiler-plugin-3.1.pom (10 kB at 785 kB/s)
17:36:48.040 [Thread-4] DEBUG spoon.Launcher - [INFO] Downloading from google-maven-central: https://maven-central.storage-download.googleapis.com/maven2/org/apache/maven/plugins/maven-plugins/24/maven-plugins-24.pom
17:36:48.052 [Thread-4] DEBUG spoon.Launcher - [INFO] Downloaded from google-maven-central: https://maven-central.storage-download.googleapis.com/maven2/org/apache/maven/plugins/maven-plugins/24/maven-plugins-24.pom (11 kB at 900 kB/s)
17:36:48.071 [Thread-4] DEBUG spoon.Launcher - [INFO] Downloading from google-maven-central: https://maven-central.storage-download.googleapis.com/maven2/org/apache/maven/plugins/maven-compiler-plugin/3.1/maven-compiler-plugin-3.1.jar
17:36:48.095 [Thread-4] DEBUG spoon.Launcher - [INFO] Downloaded from google-maven-central: https://maven-central.storage-download.googleapis.com/maven2/org/apache/maven/plugins/maven-compiler-plugin/3.1/maven-compiler-plugin-3.1.jar (43 kB at 1.8 MB/s)
17:36:48.107 [Thread-4] DEBUG spoon.Launcher - [INFO] Downloading from google-maven-central: https://maven-central.storage-download.googleapis.com/maven2/org/apache/maven/plugins/maven-surefire-plugin/2.12.4/maven-surefire-plugin-2.12.4.pom
17:36:48.121 [Thread-4] DEBUG spoon.Launcher - [INFO] Downloaded from google-maven-central: https://maven-central.storage-download.googleapis.com/maven2/org/apache/maven/plugins/maven-surefire-plugin/2.12.4/maven-surefire-plugin-2.12.4.pom (10 kB at 748 kB/s)
17:36:48.128 [Thread-4] DEBUG spoon.Launcher - [INFO] Downloading from google-maven-central: https://maven-central.storage-download.googleapis.com/maven2/org/apache/maven/surefire/surefire/2.12.4/surefire-2.12.4.pom
17:36:48.151 [Thread-4] DEBUG spoon.Launcher - [INFO] Downloaded from google-maven-central: https://maven-central.storage-download.googleapis.com/maven2/org/apache/maven/surefire/surefire/2.12.4/surefire-2.12.4.pom (14 kB at 726 kB/s)
17:36:48.164 [Thread-4] DEBUG spoon.Launcher - [INFO] Downloading from google-maven-central: https://maven-central.storage-download.googleapis.com/maven2/org/apache/maven/plugins/maven-surefire-plugin/2.12.4/maven-surefire-plugin-2.12.4.jar
17:36:48.190 [Thread-4] DEBUG spoon.Launcher - [INFO] Downloaded from google-maven-central: https://maven-central.storage-download.googleapis.com/maven2/org/apache/maven/plugins/maven-surefire-plugin/2.12.4/maven-surefire-plugin-2.12.4.jar (30 kB at 1.2 MB/s)
17:36:48.200 [Thread-4] DEBUG spoon.Launcher - [INFO] Downloading from google-maven-central: https://maven-central.storage-download.googleapis.com/maven2/org/apache/maven/plugins/maven-install-plugin/2.4/maven-install-plugin-2.4.pom
17:36:48.214 [Thread-4] DEBUG spoon.Launcher - [INFO] Downloaded from google-maven-central: https://maven-central.storage-download.googleapis.com/maven2/org/apache/maven/plugins/maven-install-plugin/2.4/maven-install-plugin-2.4.pom (6.4 kB at 491 kB/s)
17:36:48.232 [Thread-4] DEBUG spoon.Launcher - [INFO] Downloading from google-maven-central: https://maven-central.storage-download.googleapis.com/maven2/org/apache/maven/plugins/maven-install-plugin/2.4/maven-install-plugin-2.4.jar
17:36:48.243 [Thread-4] DEBUG spoon.Launcher - [INFO] Downloaded from google-maven-central: https://maven-central.storage-download.googleapis.com/maven2/org/apache/maven/plugins/maven-install-plugin/2.4/maven-install-plugin-2.4.jar (27 kB at 1.7 MB/s)
17:36:48.251 [Thread-4] DEBUG spoon.Launcher - [INFO] Downloading from google-maven-central: https://maven-central.storage-download.googleapis.com/maven2/org/apache/maven/plugins/maven-deploy-plugin/2.7/maven-deploy-plugin-2.7.pom
17:36:48.282 [Thread-4] DEBUG spoon.Launcher - [INFO] Downloaded from google-maven-central: https://maven-central.storage-download.googleapis.com/maven2/org/apache/maven/plugins/maven-deploy-plugin/2.7/maven-deploy-plugin-2.7.pom (5.6 kB at 170 kB/s)
17:36:48.289 [Thread-4] DEBUG spoon.Launcher - [INFO] Downloading from google-maven-central: https://maven-central.storage-download.googleapis.com/maven2/org/apache/maven/plugins/maven-deploy-plugin/2.7/maven-deploy-plugin-2.7.jar
17:36:48.336 [Thread-4] DEBUG spoon.Launcher - [INFO] Downloaded from google-maven-central: https://maven-central.storage-download.googleapis.com/maven2/org/apache/maven/plugins/maven-deploy-plugin/2.7/maven-deploy-plugin-2.7.jar (27 kB at 725 kB/s)
17:36:48.345 [Thread-4] DEBUG spoon.Launcher - [INFO] Downloading from google-maven-central: https://maven-central.storage-download.googleapis.com/maven2/org/apache/maven/plugins/maven-site-plugin/3.3/maven-site-plugin-3.3.pom
17:36:48.357 [Thread-4] DEBUG spoon.Launcher - [INFO] Downloaded from google-maven-central: https://maven-central.storage-download.googleapis.com/maven2/org/apache/maven/plugins/maven-site-plugin/3.3/maven-site-plugin-3.3.pom (21 kB at 1.9 MB/s)
17:36:48.374 [Thread-4] DEBUG spoon.Launcher - [INFO] Downloading from google-maven-central: https://maven-central.storage-download.googleapis.com/maven2/org/apache/maven/plugins/maven-site-plugin/3.3/maven-site-plugin-3.3.jar
17:36:48.412 [Thread-4] DEBUG spoon.Launcher - [INFO] Downloaded from google-maven-central: https://maven-central.storage-download.googleapis.com/maven2/org/apache/maven/plugins/maven-site-plugin/3.3/maven-site-plugin-3.3.jar (124 kB at 3.1 MB/s)
17:36:48.422 [Thread-4] DEBUG spoon.Launcher - [INFO] Downloading from google-maven-central: https://maven-central.storage-download.googleapis.com/maven2/org/apache/maven/plugins/maven-antrun-plugin/1.3/maven-antrun-plugin-1.3.pom
17:36:48.464 [Thread-4] DEBUG spoon.Launcher - [INFO] Downloaded from google-maven-central: https://maven-central.storage-download.googleapis.com/maven2/org/apache/maven/plugins/maven-antrun-plugin/1.3/maven-antrun-plugin-1.3.pom (4.7 kB at 113 kB/s)
17:36:48.469 [Thread-4] DEBUG spoon.Launcher - [INFO] Downloading from google-maven-central: https://maven-central.storage-download.googleapis.com/maven2/org/apache/maven/plugins/maven-plugins/12/maven-plugins-12.pom
17:36:48.505 [Thread-4] DEBUG spoon.Launcher - [INFO] Downloaded from google-maven-central: https://maven-central.storage-download.googleapis.com/maven2/org/apache/maven/plugins/maven-plugins/12/maven-plugins-12.pom (12 kB at 318 kB/s)
17:36:48.513 [Thread-4] DEBUG spoon.Launcher - [INFO] Downloading from google-maven-central: https://maven-central.storage-download.googleapis.com/maven2/org/apache/maven/plugins/maven-antrun-plugin/1.3/maven-antrun-plugin-1.3.jar
17:36:48.553 [Thread-4] DEBUG spoon.Launcher - [INFO] Downloaded from google-maven-central: https://maven-central.storage-download.googleapis.com/maven2/org/apache/maven/plugins/maven-antrun-plugin/1.3/maven-antrun-plugin-1.3.jar (24 kB at 589 kB/s)
17:36:48.557 [Thread-4] DEBUG spoon.Launcher - [INFO] Downloading from google-maven-central: https://maven-central.storage-download.googleapis.com/maven2/org/apache/maven/plugins/maven-assembly-plugin/2.2-beta-5/maven-assembly-plugin-2.2-beta-5.pom
17:36:48.565 [Thread-4] DEBUG spoon.Launcher - [INFO] Downloaded from google-maven-central: https://maven-central.storage-download.googleapis.com/maven2/org/apache/maven/plugins/maven-assembly-plugin/2.2-beta-5/maven-assembly-plugin-2.2-beta-5.pom (15 kB at 1.9 MB/s)
17:36:48.569 [Thread-4] DEBUG spoon.Launcher - [INFO] Downloading from google-maven-central: https://maven-central.storage-download.googleapis.com/maven2/org/apache/maven/plugins/maven-plugins/16/maven-plugins-16.pom
17:36:48.599 [Thread-4] DEBUG spoon.Launcher - [INFO] Downloaded from google-maven-central: https://maven-central.storage-download.googleapis.com/maven2/org/apache/maven/plugins/maven-plugins/16/maven-plugins-16.pom (13 kB at 418 kB/s)
17:36:48.610 [Thread-4] DEBUG spoon.Launcher - [INFO] Downloading from google-maven-central: https://maven-central.storage-download.googleapis.com/maven2/org/apache/maven/plugins/maven-assembly-plugin/2.2-beta-5/maven-assembly-plugin-2.2-beta-5.jar
17:36:48.635 [Thread-4] DEBUG spoon.Launcher - [INFO] Downloaded from google-maven-central: https://maven-central.storage-download.googleapis.com/maven2/org/apache/maven/plugins/maven-assembly-plugin/2.2-beta-5/maven-assembly-plugin-2.2-beta-5.jar (209 kB at 8.4 MB/s)
17:36:48.644 [Thread-4] DEBUG spoon.Launcher - [INFO] Downloading from google-maven-central: https://maven-central.storage-download.googleapis.com/maven2/org/apache/maven/plugins/maven-dependency-plugin/2.8/maven-dependency-plugin-2.8.pom
17:36:48.673 [Thread-4] DEBUG spoon.Launcher - [INFO] Downloaded from google-maven-central: https://maven-central.storage-download.googleapis.com/maven2/org/apache/maven/plugins/maven-dependency-plugin/2.8/maven-dependency-plugin-2.8.pom (11 kB at 409 kB/s)
17:36:48.684 [Thread-4] DEBUG spoon.Launcher - [INFO] Downloading from google-maven-central: https://maven-central.storage-download.googleapis.com/maven2/org/apache/maven/plugins/maven-dependency-plugin/2.8/maven-dependency-plugin-2.8.jar
17:36:48.727 [Thread-4] DEBUG spoon.Launcher - [INFO] Downloaded from google-maven-central: https://maven-central.storage-download.googleapis.com/maven2/org/apache/maven/plugins/maven-dependency-plugin/2.8/maven-dependency-plugin-2.8.jar (153 kB at 3.4 MB/s)
17:36:48.754 [Thread-4] DEBUG spoon.Launcher - [INFO] 
17:36:48.754 [Thread-4] DEBUG spoon.Launcher - [INFO] -------------------------< org.foo.bar:foobar >-------------------------
17:36:48.754 [Thread-4] DEBUG spoon.Launcher - [INFO] Building foobar 1.0.0-SNAPSHOT
17:36:48.754 [Thread-4] DEBUG spoon.Launcher - [INFO] --------------------------------[ jar ]---------------------------------
17:36:48.780 [Thread-4] DEBUG spoon.Launcher - [INFO] 
17:36:48.781 [Thread-4] DEBUG spoon.Launcher - [INFO] --- maven-dependency-plugin:2.8:build-classpath (default-cli) @ foobar ---
17:36:48.798 [Thread-4] DEBUG spoon.Launcher - [INFO] Downloading from google-maven-central: https://maven-central.storage-download.googleapis.com/maven2/org/apache/maven/maven-artifact/2.0.9/maven-artifact-2.0.9.pom
17:36:48.816 [Thread-4] DEBUG spoon.Launcher - [INFO] Downloaded from google-maven-central: https://maven-central.storage-download.googleapis.com/maven2/org/apache/maven/maven-artifact/2.0.9/maven-artifact-2.0.9.pom (1.6 kB at 90 kB/s)
17:36:48.822 [Thread-4] DEBUG spoon.Launcher - [INFO] Downloading from google-maven-central: https://maven-central.storage-download.googleapis.com/maven2/org/apache/maven/maven/2.0.9/maven-2.0.9.pom
17:36:48.833 [Thread-4] DEBUG spoon.Launcher - [INFO] Downloaded from google-maven-central: https://maven-central.storage-download.googleapis.com/maven2/org/apache/maven/maven/2.0.9/maven-2.0.9.pom (19 kB at 1.7 MB/s)
17:36:48.836 [Thread-4] DEBUG spoon.Launcher - [INFO] Downloading from google-maven-central: https://maven-central.storage-download.googleapis.com/maven2/org/apache/maven/maven-parent/8/maven-parent-8.pom
17:36:48.854 [Thread-4] DEBUG spoon.Launcher - [INFO] Downloaded from google-maven-central: https://maven-central.storage-download.googleapis.com/maven2/org/apache/maven/maven-parent/8/maven-parent-8.pom (24 kB at 1.3 MB/s)
17:36:48.865 [Thread-4] DEBUG spoon.Launcher - [INFO] Downloading from google-maven-central: https://maven-central.storage-download.googleapis.com/maven2/org/codehaus/plexus/plexus-utils/1.5.1/plexus-utils-1.5.1.pom
17:36:48.875 [Thread-4] DEBUG spoon.Launcher - [INFO] Downloaded from google-maven-central: https://maven-central.storage-download.googleapis.com/maven2/org/codehaus/plexus/plexus-utils/1.5.1/plexus-utils-1.5.1.pom (2.3 kB at 230 kB/s)
17:36:48.886 [Thread-4] DEBUG spoon.Launcher - [INFO] Downloading from google-maven-central: https://maven-central.storage-download.googleapis.com/maven2/org/apache/maven/maven-plugin-api/2.0.9/maven-plugin-api-2.0.9.pom
17:36:48.896 [Thread-4] DEBUG spoon.Launcher - [INFO] Downloaded from google-maven-central: https://maven-central.storage-download.googleapis.com/maven2/org/apache/maven/maven-plugin-api/2.0.9/maven-plugin-api-2.0.9.pom (1.5 kB at 149 kB/s)
17:36:48.907 [Thread-4] DEBUG spoon.Launcher - [INFO] Downloading from google-maven-central: https://maven-central.storage-download.googleapis.com/maven2/org/apache/maven/maven-project/2.0.9/maven-project-2.0.9.pom
17:36:48.914 [Thread-4] DEBUG spoon.Launcher - [INFO] Downloaded from google-maven-central: https://maven-central.storage-download.googleapis.com/maven2/org/apache/maven/maven-project/2.0.9/maven-project-2.0.9.pom (2.7 kB at 387 kB/s)
17:36:48.928 [Thread-4] DEBUG spoon.Launcher - [INFO] Downloading from google-maven-central: https://maven-central.storage-download.googleapis.com/maven2/org/apache/maven/maven-settings/2.0.9/maven-settings-2.0.9.pom
17:36:48.934 [Thread-4] DEBUG spoon.Launcher - [INFO] Downloaded from google-maven-central: https://maven-central.storage-download.googleapis.com/maven2/org/apache/maven/maven-settings/2.0.9/maven-settings-2.0.9.pom (2.1 kB at 343 kB/s)
17:36:48.945 [Thread-4] DEBUG spoon.Launcher - [INFO] Downloading from google-maven-central: https://maven-central.storage-download.googleapis.com/maven2/org/apache/maven/maven-model/2.0.9/maven-model-2.0.9.pom
17:36:48.952 [Thread-4] DEBUG spoon.Launcher - [INFO] Downloaded from google-maven-central: https://maven-central.storage-download.googleapis.com/maven2/org/apache/maven/maven-model/2.0.9/maven-model-2.0.9.pom (3.1 kB at 392 kB/s)
17:36:48.979 [Thread-4] DEBUG spoon.Launcher - [INFO] Downloading from google-maven-central: https://maven-central.storage-download.googleapis.com/maven2/org/apache/maven/maven-profile/2.0.9/maven-profile-2.0.9.pom
17:36:48.986 [Thread-4] DEBUG spoon.Launcher - [INFO] Downloaded from google-maven-central: https://maven-central.storage-download.googleapis.com/maven2/org/apache/maven/maven-profile/2.0.9/maven-profile-2.0.9.pom (2.0 kB at 293 kB/s)
17:36:48.993 [Thread-4] DEBUG spoon.Launcher - [INFO] Downloading from google-maven-central: https://maven-central.storage-download.googleapis.com/maven2/org/apache/maven/maven-artifact-manager/2.0.9/maven-artifact-manager-2.0.9.pom
17:36:49.006 [Thread-4] DEBUG spoon.Launcher - [INFO] Downloaded from google-maven-central: https://maven-central.storage-download.googleapis.com/maven2/org/apache/maven/maven-artifact-manager/2.0.9/maven-artifact-manager-2.0.9.pom (2.7 kB at 193 kB/s)
17:36:49.012 [Thread-4] DEBUG spoon.Launcher - [INFO] Downloading from google-maven-central: https://maven-central.storage-download.googleapis.com/maven2/org/apache/maven/maven-repository-metadata/2.0.9/maven-repository-metadata-2.0.9.pom
17:36:49.025 [Thread-4] DEBUG spoon.Launcher - [INFO] Downloaded from google-maven-central: https://maven-central.storage-download.googleapis.com/maven2/org/apache/maven/maven-repository-metadata/2.0.9/maven-repository-metadata-2.0.9.pom (1.9 kB at 158 kB/s)
17:36:49.032 [Thread-4] DEBUG spoon.Launcher - [INFO] Downloading from google-maven-central: https://maven-central.storage-download.googleapis.com/maven2/org/apache/maven/maven-plugin-registry/2.0.9/maven-plugin-registry-2.0.9.pom
17:36:49.043 [Thread-4] DEBUG spoon.Launcher - [INFO] Downloaded from google-maven-central: https://maven-central.storage-download.googleapis.com/maven2/org/apache/maven/maven-plugin-registry/2.0.9/maven-plugin-registry-2.0.9.pom (2.0 kB at 164 kB/s)
17:36:49.052 [Thread-4] DEBUG spoon.Launcher - [INFO] Downloading from google-maven-central: https://maven-central.storage-download.googleapis.com/maven2/org/apache/maven/maven-core/2.0.9/maven-core-2.0.9.pom
17:36:49.060 [Thread-4] DEBUG spoon.Launcher - [INFO] Downloaded from google-maven-central: https://maven-central.storage-download.googleapis.com/maven2/org/apache/maven/maven-core/2.0.9/maven-core-2.0.9.pom (7.8 kB at 1.1 MB/s)
17:36:49.068 [Thread-4] DEBUG spoon.Launcher - [INFO] Downloading from google-maven-central: https://maven-central.storage-download.googleapis.com/maven2/org/apache/maven/maven-plugin-parameter-documenter/2.0.9/maven-plugin-parameter-documenter-2.0.9.pom
17:36:49.080 [Thread-4] DEBUG spoon.Launcher - [INFO] Downloaded from google-maven-central: https://maven-central.storage-download.googleapis.com/maven2/org/apache/maven/maven-plugin-parameter-documenter/2.0.9/maven-plugin-parameter-documenter-2.0.9.pom (2.0 kB at 151 kB/s)
17:36:49.086 [Thread-4] DEBUG spoon.Launcher - [INFO] Downloading from google-maven-central: https://maven-central.storage-download.googleapis.com/maven2/org/apache/maven/reporting/maven-reporting-api/2.0.9/maven-reporting-api-2.0.9.pom
17:36:49.093 [Thread-4] DEBUG spoon.Launcher - [INFO] Downloaded from google-maven-central: https://maven-central.storage-download.googleapis.com/maven2/org/apache/maven/reporting/maven-reporting-api/2.0.9/maven-reporting-api-2.0.9.pom (1.8 kB at 300 kB/s)
17:36:49.097 [Thread-4] DEBUG spoon.Launcher - [INFO] Downloading from google-maven-central: https://maven-central.storage-download.googleapis.com/maven2/org/apache/maven/reporting/maven-reporting/2.0.9/maven-reporting-2.0.9.pom
17:36:49.104 [Thread-4] DEBUG spoon.Launcher - [INFO] Downloaded from google-maven-central: https://maven-central.storage-download.googleapis.com/maven2/org/apache/maven/reporting/maven-reporting/2.0.9/maven-reporting-2.0.9.pom (1.5 kB at 211 kB/s)
17:36:49.112 [Thread-4] DEBUG spoon.Launcher - [INFO] Downloading from google-maven-central: https://maven-central.storage-download.googleapis.com/maven2/org/apache/maven/doxia/doxia-sink-api/1.0-alpha-10/doxia-sink-api-1.0-alpha-10.pom
17:36:49.122 [Thread-4] DEBUG spoon.Launcher - [INFO] Downloaded from google-maven-central: https://maven-central.storage-download.googleapis.com/maven2/org/apache/maven/doxia/doxia-sink-api/1.0-alpha-10/doxia-sink-api-1.0-alpha-10.pom (1.3 kB at 135 kB/s)
17:36:49.125 [Thread-4] DEBUG spoon.Launcher - [INFO] Downloading from google-maven-central: https://maven-central.storage-download.googleapis.com/maven2/org/apache/maven/doxia/doxia/1.0-alpha-10/doxia-1.0-alpha-10.pom
17:36:49.137 [Thread-4] DEBUG spoon.Launcher - [INFO] Downloaded from google-maven-central: https://maven-central.storage-download.googleapis.com/maven2/org/apache/maven/doxia/doxia/1.0-alpha-10/doxia-1.0-alpha-10.pom (9.2 kB at 833 kB/s)
17:36:49.140 [Thread-4] DEBUG spoon.Launcher - [INFO] Downloading from google-maven-central: https://maven-central.storage-download.googleapis.com/maven2/org/apache/maven/maven-parent/6/maven-parent-6.pom
17:36:49.148 [Thread-4] DEBUG spoon.Launcher - [INFO] Downloaded from google-maven-central: https://maven-central.storage-download.googleapis.com/maven2/org/apache/maven/maven-parent/6/maven-parent-6.pom (20 kB at 2.5 MB/s)
17:36:49.156 [Thread-4] DEBUG spoon.Launcher - [INFO] Downloading from google-maven-central: https://maven-central.storage-download.googleapis.com/maven2/org/apache/maven/maven-error-diagnostics/2.0.9/maven-error-diagnostics-2.0.9.pom
17:36:49.164 [Thread-4] DEBUG spoon.Launcher - [INFO] Downloaded from google-maven-central: https://maven-central.storage-download.googleapis.com/maven2/org/apache/maven/maven-error-diagnostics/2.0.9/maven-error-diagnostics-2.0.9.pom (1.7 kB at 218 kB/s)
17:36:49.175 [Thread-4] DEBUG spoon.Launcher - [INFO] Downloading from google-maven-central: https://maven-central.storage-download.googleapis.com/maven2/org/apache/maven/maven-plugin-descriptor/2.0.9/maven-plugin-descriptor-2.0.9.pom
17:36:49.189 [Thread-4] DEBUG spoon.Launcher - [INFO] Downloaded from google-maven-central: https://maven-central.storage-download.googleapis.com/maven2/org/apache/maven/maven-plugin-descriptor/2.0.9/maven-plugin-descriptor-2.0.9.pom (2.1 kB at 160 kB/s)
17:36:49.197 [Thread-4] DEBUG spoon.Launcher - [INFO] Downloading from google-maven-central: https://maven-central.storage-download.googleapis.com/maven2/org/apache/maven/maven-monitor/2.0.9/maven-monitor-2.0.9.pom
17:36:49.203 [Thread-4] DEBUG spoon.Launcher - [INFO] Downloaded from google-maven-central: https://maven-central.storage-download.googleapis.com/maven2/org/apache/maven/maven-monitor/2.0.9/maven-monitor-2.0.9.pom (1.3 kB at 214 kB/s)
17:36:49.229 [Thread-4] DEBUG spoon.Launcher - [INFO] Downloading from google-maven-central: https://maven-central.storage-download.googleapis.com/maven2/org/apache/maven/reporting/maven-reporting-impl/2.0.5/maven-reporting-impl-2.0.5.pom
17:36:49.235 [Thread-4] DEBUG spoon.Launcher - [INFO] Downloaded from google-maven-central: https://maven-central.storage-download.googleapis.com/maven2/org/apache/maven/reporting/maven-reporting-impl/2.0.5/maven-reporting-impl-2.0.5.pom (4.2 kB at 528 kB/s)
17:36:49.281 [Thread-4] DEBUG spoon.Launcher - [INFO] Downloading from google-maven-central: https://maven-central.storage-download.googleapis.com/maven2/org/apache/maven/doxia/doxia-core/1.0/doxia-core-1.0.pom
17:36:49.287 [Thread-4] DEBUG spoon.Launcher - [INFO] Downloaded from google-maven-central: https://maven-central.storage-download.googleapis.com/maven2/org/apache/maven/doxia/doxia-core/1.0/doxia-core-1.0.pom (2.4 kB at 399 kB/s)
17:36:49.292 [Thread-4] DEBUG spoon.Launcher - [INFO] Downloading from google-maven-central: https://maven-central.storage-download.googleapis.com/maven2/org/codehaus/plexus/plexus-utils/1.5.7/plexus-utils-1.5.7.pom
17:36:49.301 [Thread-4] DEBUG spoon.Launcher - [INFO] Downloaded from google-maven-central: https://maven-central.storage-download.googleapis.com/maven2/org/codehaus/plexus/plexus-utils/1.5.7/plexus-utils-1.5.7.pom (8.1 kB at 1.0 MB/s)
17:36:49.317 [Thread-4] DEBUG spoon.Launcher - [INFO] Downloading from google-maven-central: https://maven-central.storage-download.googleapis.com/maven2/org/apache/maven/doxia/doxia-site-renderer/1.0/doxia-site-renderer-1.0.pom
17:36:49.330 [Thread-4] DEBUG spoon.Launcher - [INFO] Downloaded from google-maven-central: https://maven-central.storage-download.googleapis.com/maven2/org/apache/maven/doxia/doxia-site-renderer/1.0/doxia-site-renderer-1.0.pom (4.4 kB at 341 kB/s)
17:36:49.334 [Thread-4] DEBUG spoon.Launcher - [INFO] Downloading from google-maven-central: https://maven-central.storage-download.googleapis.com/maven2/org/apache/maven/doxia/doxia-sitetools/1.0/doxia-sitetools-1.0.pom
17:36:49.340 [Thread-4] DEBUG spoon.Launcher - [INFO] Downloaded from google-maven-central: https://maven-central.storage-download.googleapis.com/maven2/org/apache/maven/doxia/doxia-sitetools/1.0/doxia-sitetools-1.0.pom (9.6 kB at 1.6 MB/s)
17:36:49.370 [Thread-4] DEBUG spoon.Launcher - [INFO] Downloading from google-maven-central: https://maven-central.storage-download.googleapis.com/maven2/commons-collections/commons-collections/3.1/commons-collections-3.1.pom
17:36:49.376 [Thread-4] DEBUG spoon.Launcher - [INFO] Downloaded from google-maven-central: https://maven-central.storage-download.googleapis.com/maven2/commons-collections/commons-collections/3.1/commons-collections-3.1.pom (6.1 kB at 1.0 MB/s)
17:36:49.403 [Thread-4] DEBUG spoon.Launcher - [INFO] Downloading from google-maven-central: https://maven-central.storage-download.googleapis.com/maven2/org/apache/maven/doxia/doxia-decoration-model/1.0/doxia-decoration-model-1.0.pom
17:36:49.414 [Thread-4] DEBUG spoon.Launcher - [INFO] Downloaded from google-maven-central: https://maven-central.storage-download.googleapis.com/maven2/org/apache/maven/doxia/doxia-decoration-model/1.0/doxia-decoration-model-1.0.pom (3.2 kB at 287 kB/s)
17:36:49.424 [Thread-4] DEBUG spoon.Launcher - [INFO] Downloading from google-maven-central: https://maven-central.storage-download.googleapis.com/maven2/commons-collections/commons-collections/3.2/commons-collections-3.2.pom
17:36:49.432 [Thread-4] DEBUG spoon.Launcher - [INFO] Downloaded from google-maven-central: https://maven-central.storage-download.googleapis.com/maven2/commons-collections/commons-collections/3.2/commons-collections-3.2.pom (11 kB at 1.6 MB/s)
17:36:49.453 [Thread-4] DEBUG spoon.Launcher - [INFO] Downloading from google-maven-central: https://maven-central.storage-download.googleapis.com/maven2/org/apache/maven/doxia/doxia-module-apt/1.0/doxia-module-apt-1.0.pom
17:36:49.460 [Thread-4] DEBUG spoon.Launcher - [INFO] Downloaded from google-maven-central: https://maven-central.storage-download.googleapis.com/maven2/org/apache/maven/doxia/doxia-module-apt/1.0/doxia-module-apt-1.0.pom (2.3 kB at 282 kB/s)
17:36:49.465 [Thread-4] DEBUG spoon.Launcher - [INFO] Downloading from google-maven-central: https://maven-central.storage-download.googleapis.com/maven2/org/apache/maven/doxia/doxia-modules/1.0/doxia-modules-1.0.pom
17:36:49.472 [Thread-4] DEBUG spoon.Launcher - [INFO] Downloaded from google-maven-central: https://maven-central.storage-download.googleapis.com/maven2/org/apache/maven/doxia/doxia-modules/1.0/doxia-modules-1.0.pom (2.4 kB at 299 kB/s)
17:36:49.506 [Thread-4] DEBUG spoon.Launcher - [INFO] Downloading from google-maven-central: https://maven-central.storage-download.googleapis.com/maven2/org/apache/maven/doxia/doxia-module-fml/1.0/doxia-module-fml-1.0.pom
17:36:49.513 [Thread-4] DEBUG spoon.Launcher - [INFO] Downloaded from google-maven-central: https://maven-central.storage-download.googleapis.com/maven2/org/apache/maven/doxia/doxia-module-fml/1.0/doxia-module-fml-1.0.pom (2.7 kB at 385 kB/s)
17:36:49.518 [Thread-4] DEBUG spoon.Launcher - [INFO] Downloading from google-maven-central: https://maven-central.storage-download.googleapis.com/maven2/org/apache/maven/doxia/doxia-module-xdoc/1.0/doxia-module-xdoc-1.0.pom
17:36:49.528 [Thread-4] DEBUG spoon.Launcher - [INFO] Downloaded from google-maven-central: https://maven-central.storage-download.googleapis.com/maven2/org/apache/maven/doxia/doxia-module-xdoc/1.0/doxia-module-xdoc-1.0.pom (2.2 kB at 224 kB/s)
17:36:49.538 [Thread-4] DEBUG spoon.Launcher - [INFO] Downloading from google-maven-central: https://maven-central.storage-download.googleapis.com/maven2/org/apache/maven/doxia/doxia-module-xhtml/1.0/doxia-module-xhtml-1.0.pom
17:36:49.545 [Thread-4] DEBUG spoon.Launcher - [INFO] Downloaded from google-maven-central: https://maven-central.storage-download.googleapis.com/maven2/org/apache/maven/doxia/doxia-module-xhtml/1.0/doxia-module-xhtml-1.0.pom (1.6 kB at 200 kB/s)
17:36:49.550 [Thread-4] DEBUG spoon.Launcher - [INFO] Downloading from google-maven-central: https://maven-central.storage-download.googleapis.com/maven2/org/apache/maven/shared/maven-doxia-tools/1.0.2/maven-doxia-tools-1.0.2.pom
17:36:49.562 [Thread-4] DEBUG spoon.Launcher - [INFO] Downloaded from google-maven-central: https://maven-central.storage-download.googleapis.com/maven2/org/apache/maven/shared/maven-doxia-tools/1.0.2/maven-doxia-tools-1.0.2.pom (5.9 kB at 489 kB/s)
17:36:49.564 [Thread-4] DEBUG spoon.Launcher - [INFO] Downloading from google-maven-central: https://maven-central.storage-download.googleapis.com/maven2/org/apache/maven/shared/maven-shared-components/11/maven-shared-components-11.pom
17:36:49.575 [Thread-4] DEBUG spoon.Launcher - [INFO] Downloaded from google-maven-central: https://maven-central.storage-download.googleapis.com/maven2/org/apache/maven/shared/maven-shared-components/11/maven-shared-components-11.pom (8.3 kB at 758 kB/s)
17:36:49.579 [Thread-4] DEBUG spoon.Launcher - [INFO] Downloading from google-maven-central: https://maven-central.storage-download.googleapis.com/maven2/commons-io/commons-io/1.4/commons-io-1.4.pom
17:36:49.585 [Thread-4] DEBUG spoon.Launcher - [INFO] Downloaded from google-maven-central: https://maven-central.storage-download.googleapis.com/maven2/commons-io/commons-io/1.4/commons-io-1.4.pom (13 kB at 1.9 MB/s)
17:36:49.589 [Thread-4] DEBUG spoon.Launcher - [INFO] Downloading from google-maven-central: https://maven-central.storage-download.googleapis.com/maven2/org/apache/commons/commons-parent/7/commons-parent-7.pom
17:36:49.595 [Thread-4] DEBUG spoon.Launcher - [INFO] Downloaded from google-maven-central: https://maven-central.storage-download.googleapis.com/maven2/org/apache/commons/commons-parent/7/commons-parent-7.pom (17 kB at 2.9 MB/s)
17:36:49.622 [Thread-4] DEBUG spoon.Launcher - [INFO] Downloading from google-maven-central: https://maven-central.storage-download.googleapis.com/maven2/commons-collections/commons-collections/2.0/commons-collections-2.0.pom
17:36:49.630 [Thread-4] DEBUG spoon.Launcher - [INFO] Downloaded from google-maven-central: https://maven-central.storage-download.googleapis.com/maven2/commons-collections/commons-collections/2.0/commons-collections-2.0.pom (171 B at 21 kB/s)
17:36:49.633 [Thread-4] DEBUG spoon.Launcher - [INFO] Downloading from google-maven-central: https://maven-central.storage-download.googleapis.com/maven2/commons-collections/commons-collections/2.1/commons-collections-2.1.pom
17:36:49.642 [Thread-4] DEBUG spoon.Launcher - [INFO] Downloaded from google-maven-central: https://maven-central.storage-download.googleapis.com/maven2/commons-collections/commons-collections/2.1/commons-collections-2.1.pom (3.3 kB at 417 kB/s)
17:36:49.658 [Thread-4] DEBUG spoon.Launcher - [INFO] Downloading from google-maven-central: https://maven-central.storage-download.googleapis.com/maven2/org/codehaus/plexus/plexus-archiver/2.3/plexus-archiver-2.3.pom
17:36:49.694 [Thread-4] DEBUG spoon.Launcher - [INFO] Downloaded from google-maven-central: https://maven-central.storage-download.googleapis.com/maven2/org/codehaus/plexus/plexus-archiver/2.3/plexus-archiver-2.3.pom (3.4 kB at 99 kB/s)
17:36:49.699 [Thread-4] DEBUG spoon.Launcher - [INFO] Downloading from google-maven-central: https://maven-central.storage-download.googleapis.com/maven2/org/codehaus/plexus/plexus-components/1.3/plexus-components-1.3.pom
17:36:49.730 [Thread-4] DEBUG spoon.Launcher - [INFO] Downloaded from google-maven-central: https://maven-central.storage-download.googleapis.com/maven2/org/codehaus/plexus/plexus-components/1.3/plexus-components-1.3.pom (3.1 kB at 96 kB/s)
17:36:49.734 [Thread-4] DEBUG spoon.Launcher - [INFO] Downloading from google-maven-central: https://maven-central.storage-download.googleapis.com/maven2/org/codehaus/plexus/plexus/3.3/plexus-3.3.pom
17:36:49.744 [Thread-4] DEBUG spoon.Launcher - [INFO] Downloaded from google-maven-central: https://maven-central.storage-download.googleapis.com/maven2/org/codehaus/plexus/plexus/3.3/plexus-3.3.pom (20 kB at 2.0 MB/s)
17:36:49.774 [Thread-4] DEBUG spoon.Launcher - [INFO] Downloading from google-maven-central: https://maven-central.storage-download.googleapis.com/maven2/org/codehaus/plexus/plexus-utils/3.0.10/plexus-utils-3.0.10.pom
17:36:49.782 [Thread-4] DEBUG spoon.Launcher - [INFO] Downloaded from google-maven-central: https://maven-central.storage-download.googleapis.com/maven2/org/codehaus/plexus/plexus-utils/3.0.10/plexus-utils-3.0.10.pom (3.1 kB at 393 kB/s)
17:36:49.789 [Thread-4] DEBUG spoon.Launcher - [INFO] Downloading from google-maven-central: https://maven-central.storage-download.googleapis.com/maven2/org/codehaus/plexus/plexus-io/2.0.6/plexus-io-2.0.6.pom
17:36:49.797 [Thread-4] DEBUG spoon.Launcher - [INFO] Downloaded from google-maven-central: https://maven-central.storage-download.googleapis.com/maven2/org/codehaus/plexus/plexus-io/2.0.6/plexus-io-2.0.6.pom (2.2 kB at 276 kB/s)
17:36:49.801 [Thread-4] DEBUG spoon.Launcher - [INFO] Downloading from google-maven-central: https://maven-central.storage-download.googleapis.com/maven2/org/codehaus/plexus/plexus-components/1.2/plexus-components-1.2.pom
17:36:49.808 [Thread-4] DEBUG spoon.Launcher - [INFO] Downloaded from google-maven-central: https://maven-central.storage-download.googleapis.com/maven2/org/codehaus/plexus/plexus-components/1.2/plexus-components-1.2.pom (3.1 kB at 437 kB/s)
17:36:49.821 [Thread-4] DEBUG spoon.Launcher - [INFO] Downloading from google-maven-central: https://maven-central.storage-download.googleapis.com/maven2/org/codehaus/plexus/plexus-utils/3.0.9/plexus-utils-3.0.9.pom
17:36:49.854 [Thread-4] DEBUG spoon.Launcher - [INFO] Downloaded from google-maven-central: https://maven-central.storage-download.googleapis.com/maven2/org/codehaus/plexus/plexus-utils/3.0.9/plexus-utils-3.0.9.pom (3.1 kB at 92 kB/s)
17:36:49.882 [Thread-4] DEBUG spoon.Launcher - [INFO] Downloading from google-maven-central: https://maven-central.storage-download.googleapis.com/maven2/org/apache/maven/shared/maven-dependency-analyzer/1.4/maven-dependency-analyzer-1.4.pom
17:36:49.913 [Thread-4] DEBUG spoon.Launcher - [INFO] Downloaded from google-maven-central: https://maven-central.storage-download.googleapis.com/maven2/org/apache/maven/shared/maven-dependency-analyzer/1.4/maven-dependency-analyzer-1.4.pom (5.2 kB at 172 kB/s)
17:36:49.925 [Thread-4] DEBUG spoon.Launcher - [INFO] Downloading from google-maven-central: https://maven-central.storage-download.googleapis.com/maven2/asm/asm/3.3.1/asm-3.3.1.pom
17:36:49.937 [Thread-4] DEBUG spoon.Launcher - [INFO] Downloaded from google-maven-central: https://maven-central.storage-download.googleapis.com/maven2/asm/asm/3.3.1/asm-3.3.1.pom (266 B at 16 kB/s)
17:36:49.938 [Thread-4] DEBUG spoon.Launcher - [INFO] Downloading from google-maven-central: https://maven-central.storage-download.googleapis.com/maven2/asm/asm-parent/3.3.1/asm-parent-3.3.1.pom
17:36:49.944 [Thread-4] DEBUG spoon.Launcher - [INFO] Downloaded from google-maven-central: https://maven-central.storage-download.googleapis.com/maven2/asm/asm-parent/3.3.1/asm-parent-3.3.1.pom (4.3 kB at 722 kB/s)
17:36:49.950 [Thread-4] DEBUG spoon.Launcher - [INFO] Downloading from google-maven-central: https://maven-central.storage-download.googleapis.com/maven2/org/apache/maven/maven-project/2.0.5/maven-project-2.0.5.pom
17:36:49.964 [Thread-4] DEBUG spoon.Launcher - [INFO] Downloaded from google-maven-central: https://maven-central.storage-download.googleapis.com/maven2/org/apache/maven/maven-project/2.0.5/maven-project-2.0.5.pom (1.8 kB at 142 kB/s)
17:36:49.966 [Thread-4] DEBUG spoon.Launcher - [INFO] Downloading from google-maven-central: https://maven-central.storage-download.googleapis.com/maven2/org/apache/maven/maven/2.0.5/maven-2.0.5.pom
17:36:49.990 [Thread-4] DEBUG spoon.Launcher - [INFO] Downloaded from google-maven-central: https://maven-central.storage-download.googleapis.com/maven2/org/apache/maven/maven/2.0.5/maven-2.0.5.pom (5.7 kB at 228 kB/s)
17:36:49.993 [Thread-4] DEBUG spoon.Launcher - [INFO] Downloading from google-maven-central: https://maven-central.storage-download.googleapis.com/maven2/org/apache/maven/maven-settings/2.0.5/maven-settings-2.0.5.pom
17:36:50.001 [Thread-4] DEBUG spoon.Launcher - [INFO] Downloaded from google-maven-central: https://maven-central.storage-download.googleapis.com/maven2/org/apache/maven/maven-settings/2.0.5/maven-settings-2.0.5.pom (1.7 kB at 279 kB/s)
17:36:50.007 [Thread-4] DEBUG spoon.Launcher - [INFO] Downloading from google-maven-central: https://maven-central.storage-download.googleapis.com/maven2/org/apache/maven/maven-model/2.0.5/maven-model-2.0.5.pom
17:36:50.037 [Thread-4] DEBUG spoon.Launcher - [INFO] Downloaded from google-maven-central: https://maven-central.storage-download.googleapis.com/maven2/org/apache/maven/maven-model/2.0.5/maven-model-2.0.5.pom (2.7 kB at 101 kB/s)
17:36:50.037 [Thread-4] DEBUG spoon.Launcher - [INFO] Downloading from google-maven-central: https://maven-central.storage-download.googleapis.com/maven2/org/apache/maven/maven-profile/2.0.5/maven-profile-2.0.5.pom
17:36:50.044 [Thread-4] DEBUG spoon.Launcher - [INFO] Downloaded from google-maven-central: https://maven-central.storage-download.googleapis.com/maven2/org/apache/maven/maven-profile/2.0.5/maven-profile-2.0.5.pom (1.7 kB at 236 kB/s)
17:36:50.049 [Thread-4] DEBUG spoon.Launcher - [INFO] Downloading from google-maven-central: https://maven-central.storage-download.googleapis.com/maven2/org/apache/maven/maven-artifact-manager/2.0.5/maven-artifact-manager-2.0.5.pom
17:36:50.054 [Thread-4] DEBUG spoon.Launcher - [INFO] Downloaded from google-maven-central: https://maven-central.storage-download.googleapis.com/maven2/org/apache/maven/maven-artifact-manager/2.0.5/maven-artifact-manager-2.0.5.pom (1.8 kB at 367 kB/s)
17:36:50.057 [Thread-4] DEBUG spoon.Launcher - [INFO] Downloading from google-maven-central: https://maven-central.storage-download.googleapis.com/maven2/org/apache/maven/maven-repository-metadata/2.0.5/maven-repository-metadata-2.0.5.pom
17:36:50.066 [Thread-4] DEBUG spoon.Launcher - [INFO] Downloaded from google-maven-central: https://maven-central.storage-download.googleapis.com/maven2/org/apache/maven/maven-repository-metadata/2.0.5/maven-repository-metadata-2.0.5.pom (1.5 kB at 248 kB/s)
17:36:50.067 [Thread-4] DEBUG spoon.Launcher - [INFO] Downloading from google-maven-central: https://maven-central.storage-download.googleapis.com/maven2/org/apache/maven/maven-artifact/2.0.5/maven-artifact-2.0.5.pom
17:36:50.092 [Thread-4] DEBUG spoon.Launcher - [INFO] Downloaded from google-maven-central: https://maven-central.storage-download.googleapis.com/maven2/org/apache/maven/maven-artifact/2.0.5/maven-artifact-2.0.5.pom (727 B at 29 kB/s)
17:36:50.096 [Thread-4] DEBUG spoon.Launcher - [INFO] Downloading from google-maven-central: https://maven-central.storage-download.googleapis.com/maven2/org/apache/maven/shared/maven-dependency-tree/2.1/maven-dependency-tree-2.1.pom
17:36:50.106 [Thread-4] DEBUG spoon.Launcher - [INFO] Downloaded from google-maven-central: https://maven-central.storage-download.googleapis.com/maven2/org/apache/maven/shared/maven-dependency-tree/2.1/maven-dependency-tree-2.1.pom (6.8 kB at 754 kB/s)
17:36:50.113 [Thread-4] DEBUG spoon.Launcher - [INFO] Downloading from google-maven-central: https://maven-central.storage-download.googleapis.com/maven2/org/apache/maven/maven-project/2.2.0/maven-project-2.2.0.pom
17:36:50.120 [Thread-4] DEBUG spoon.Launcher - [INFO] Downloaded from google-maven-central: https://maven-central.storage-download.googleapis.com/maven2/org/apache/maven/maven-project/2.2.0/maven-project-2.2.0.pom (2.8 kB at 347 kB/s)
17:36:50.124 [Thread-4] DEBUG spoon.Launcher - [INFO] Downloading from google-maven-central: https://maven-central.storage-download.googleapis.com/maven2/org/apache/maven/maven/2.2.0/maven-2.2.0.pom
17:36:50.129 [Thread-4] DEBUG spoon.Launcher - [INFO] Downloaded from google-maven-central: https://maven-central.storage-download.googleapis.com/maven2/org/apache/maven/maven/2.2.0/maven-2.2.0.pom (22 kB at 3.7 MB/s)
17:36:50.134 [Thread-4] DEBUG spoon.Launcher - [INFO] Downloading from google-maven-central: https://maven-central.storage-download.googleapis.com/maven2/org/apache/maven/maven-settings/2.2.0/maven-settings-2.2.0.pom
17:36:50.142 [Thread-4] DEBUG spoon.Launcher - [INFO] Downloaded from google-maven-central: https://maven-central.storage-download.googleapis.com/maven2/org/apache/maven/maven-settings/2.2.0/maven-settings-2.2.0.pom (2.2 kB at 272 kB/s)
17:36:50.174 [Thread-4] DEBUG spoon.Launcher - [INFO] Downloading from google-maven-central: https://maven-central.storage-download.googleapis.com/maven2/org/apache/maven/maven-model/2.2.0/maven-model-2.2.0.pom
17:36:50.222 [Thread-4] DEBUG spoon.Launcher - [INFO] Downloaded from google-maven-central: https://maven-central.storage-download.googleapis.com/maven2/org/apache/maven/maven-model/2.2.0/maven-model-2.2.0.pom (3.2 kB at 66 kB/s)
17:36:50.291 [Thread-4] DEBUG spoon.Launcher - [INFO] Downloading from google-maven-central: https://maven-central.storage-download.googleapis.com/maven2/org/apache/maven/maven-profile/2.2.0/maven-profile-2.2.0.pom
17:36:50.305 [Thread-4] DEBUG spoon.Launcher - [INFO] Downloaded from google-maven-central: https://maven-central.storage-download.googleapis.com/maven2/org/apache/maven/maven-profile/2.2.0/maven-profile-2.2.0.pom (2.2 kB at 78 kB/s)
17:36:50.339 [Thread-4] DEBUG spoon.Launcher - [INFO] Downloading from google-maven-central: https://maven-central.storage-download.googleapis.com/maven2/org/apache/maven/maven-artifact-manager/2.2.0/maven-artifact-manager-2.2.0.pom
17:36:50.346 [Thread-4] DEBUG spoon.Launcher - [INFO] Downloaded from google-maven-central: https://maven-central.storage-download.googleapis.com/maven2/org/apache/maven/maven-artifact-manager/2.2.0/maven-artifact-manager-2.2.0.pom (3.1 kB at 135 kB/s)
17:36:50.366 [Thread-4] DEBUG spoon.Launcher - [INFO] Downloading from google-maven-central: https://maven-central.storage-download.googleapis.com/maven2/org/apache/maven/maven-repository-metadata/2.2.0/maven-repository-metadata-2.2.0.pom
17:36:50.376 [Thread-4] DEBUG spoon.Launcher - [INFO] Downloaded from google-maven-central: https://maven-central.storage-download.googleapis.com/maven2/org/apache/maven/maven-repository-metadata/2.2.0/maven-repository-metadata-2.2.0.pom (1.9 kB at 208 kB/s)
17:36:50.398 [Thread-4] DEBUG spoon.Launcher - [INFO] Downloading from google-maven-central: https://maven-central.storage-download.googleapis.com/maven2/org/apache/maven/maven-artifact/2.2.0/maven-artifact-2.2.0.pom
17:36:50.411 [Thread-4] DEBUG spoon.Launcher - [INFO] Downloaded from google-maven-central: https://maven-central.storage-download.googleapis.com/maven2/org/apache/maven/maven-artifact/2.2.0/maven-artifact-2.2.0.pom (1.6 kB at 132 kB/s)
17:36:50.437 [Thread-4] DEBUG spoon.Launcher - [INFO] Downloading from google-maven-central: https://maven-central.storage-download.googleapis.com/maven2/org/apache/maven/maven-plugin-registry/2.2.0/maven-plugin-registry-2.2.0.pom
17:36:50.452 [Thread-4] DEBUG spoon.Launcher - [INFO] Downloaded from google-maven-central: https://maven-central.storage-download.googleapis.com/maven2/org/apache/maven/maven-plugin-registry/2.2.0/maven-plugin-registry-2.2.0.pom (1.9 kB at 138 kB/s)
17:36:50.471 [Thread-4] DEBUG spoon.Launcher - [INFO] Downloading from google-maven-central: https://maven-central.storage-download.googleapis.com/maven2/org/eclipse/aether/aether-util/0.9.0.M2/aether-util-0.9.0.M2.pom
17:36:50.488 [Thread-4] DEBUG spoon.Launcher - [INFO] Downloaded from google-maven-central: https://maven-central.storage-download.googleapis.com/maven2/org/eclipse/aether/aether-util/0.9.0.M2/aether-util-0.9.0.M2.pom (2.0 kB at 127 kB/s)
17:36:50.492 [Thread-4] DEBUG spoon.Launcher - [INFO] Downloading from google-maven-central: https://maven-central.storage-download.googleapis.com/maven2/org/eclipse/aether/aether/0.9.0.M2/aether-0.9.0.M2.pom
17:36:50.507 [Thread-4] DEBUG spoon.Launcher - [INFO] Downloaded from google-maven-central: https://maven-central.storage-download.googleapis.com/maven2/org/eclipse/aether/aether/0.9.0.M2/aether-0.9.0.M2.pom (28 kB at 1.9 MB/s)
17:36:50.524 [Thread-4] DEBUG spoon.Launcher - [INFO] Downloading from google-maven-central: https://maven-central.storage-download.googleapis.com/maven2/org/apache/maven/shared/maven-common-artifact-filters/1.4/maven-common-artifact-filters-1.4.pom
17:36:50.536 [Thread-4] DEBUG spoon.Launcher - [INFO] Downloaded from google-maven-central: https://maven-central.storage-download.googleapis.com/maven2/org/apache/maven/shared/maven-common-artifact-filters/1.4/maven-common-artifact-filters-1.4.pom (3.8 kB at 313 kB/s)
17:36:50.564 [Thread-4] DEBUG spoon.Launcher - [INFO] Downloading from google-maven-central: https://maven-central.storage-download.googleapis.com/maven2/org/apache/maven/maven-artifact/2.0.8/maven-artifact-2.0.8.pom
17:36:50.573 [Thread-4] DEBUG spoon.Launcher - [INFO] Downloaded from google-maven-central: https://maven-central.storage-download.googleapis.com/maven2/org/apache/maven/maven-artifact/2.0.8/maven-artifact-2.0.8.pom (1.6 kB at 180 kB/s)
17:36:50.579 [Thread-4] DEBUG spoon.Launcher - [INFO] Downloading from google-maven-central: https://maven-central.storage-download.googleapis.com/maven2/org/apache/maven/maven/2.0.8/maven-2.0.8.pom
17:36:50.596 [Thread-4] DEBUG spoon.Launcher - [INFO] Downloaded from google-maven-central: https://maven-central.storage-download.googleapis.com/maven2/org/apache/maven/maven/2.0.8/maven-2.0.8.pom (12 kB at 711 kB/s)
17:36:50.600 [Thread-4] DEBUG spoon.Launcher - [INFO] Downloading from google-maven-central: https://maven-central.storage-download.googleapis.com/maven2/org/apache/maven/maven-model/2.0.8/maven-model-2.0.8.pom
17:36:50.608 [Thread-4] DEBUG spoon.Launcher - [INFO] Downloaded from google-maven-central: https://maven-central.storage-download.googleapis.com/maven2/org/apache/maven/maven-model/2.0.8/maven-model-2.0.8.pom (3.1 kB at 349 kB/s)
17:36:50.633 [Thread-4] DEBUG spoon.Launcher - [INFO] Downloading from google-maven-central: https://maven-central.storage-download.googleapis.com/maven2/org/apache/maven/maven-project/2.0.8/maven-project-2.0.8.pom
17:36:50.638 [Thread-4] DEBUG spoon.Launcher - [INFO] Downloaded from google-maven-central: https://maven-central.storage-download.googleapis.com/maven2/org/apache/maven/maven-project/2.0.8/maven-project-2.0.8.pom (2.7 kB at 542 kB/s)
17:36:50.641 [Thread-4] DEBUG spoon.Launcher - [INFO] Downloading from google-maven-central: https://maven-central.storage-download.googleapis.com/maven2/org/apache/maven/maven-settings/2.0.8/maven-settings-2.0.8.pom
17:36:50.653 [Thread-4] DEBUG spoon.Launcher - [INFO] Downloaded from google-maven-central: https://maven-central.storage-download.googleapis.com/maven2/org/apache/maven/maven-settings/2.0.8/maven-settings-2.0.8.pom (2.1 kB at 172 kB/s)
17:36:50.661 [Thread-4] DEBUG spoon.Launcher - [INFO] Downloading from google-maven-central: https://maven-central.storage-download.googleapis.com/maven2/org/apache/maven/maven-profile/2.0.8/maven-profile-2.0.8.pom
17:36:50.669 [Thread-4] DEBUG spoon.Launcher - [INFO] Downloaded from google-maven-central: https://maven-central.storage-download.googleapis.com/maven2/org/apache/maven/maven-profile/2.0.8/maven-profile-2.0.8.pom (2.0 kB at 226 kB/s)
17:36:50.677 [Thread-4] DEBUG spoon.Launcher - [INFO] Downloading from google-maven-central: https://maven-central.storage-download.googleapis.com/maven2/org/apache/maven/maven-artifact-manager/2.0.8/maven-artifact-manager-2.0.8.pom
17:36:50.686 [Thread-4] DEBUG spoon.Launcher - [INFO] Downloaded from google-maven-central: https://maven-central.storage-download.googleapis.com/maven2/org/apache/maven/maven-artifact-manager/2.0.8/maven-artifact-manager-2.0.8.pom (2.7 kB at 300 kB/s)
17:36:50.689 [Thread-4] DEBUG spoon.Launcher - [INFO] Downloading from google-maven-central: https://maven-central.storage-download.googleapis.com/maven2/org/apache/maven/maven-repository-metadata/2.0.8/maven-repository-metadata-2.0.8.pom
17:36:50.697 [Thread-4] DEBUG spoon.Launcher - [INFO] Downloaded from google-maven-central: https://maven-central.storage-download.googleapis.com/maven2/org/apache/maven/maven-repository-metadata/2.0.8/maven-repository-metadata-2.0.8.pom (1.9 kB at 272 kB/s)
17:36:50.700 [Thread-4] DEBUG spoon.Launcher - [INFO] Downloading from google-maven-central: https://maven-central.storage-download.googleapis.com/maven2/org/apache/maven/maven-plugin-registry/2.0.8/maven-plugin-registry-2.0.8.pom
17:36:50.712 [Thread-4] DEBUG spoon.Launcher - [INFO] Downloaded from google-maven-central: https://maven-central.storage-download.googleapis.com/maven2/org/apache/maven/maven-plugin-registry/2.0.8/maven-plugin-registry-2.0.8.pom (2.0 kB at 182 kB/s)
17:36:50.715 [Thread-4] DEBUG spoon.Launcher - [INFO] Downloading from google-maven-central: https://maven-central.storage-download.googleapis.com/maven2/org/apache/maven/maven-plugin-api/2.0.8/maven-plugin-api-2.0.8.pom
17:36:50.727 [Thread-4] DEBUG spoon.Launcher - [INFO] Downloaded from google-maven-central: https://maven-central.storage-download.googleapis.com/maven2/org/apache/maven/maven-plugin-api/2.0.8/maven-plugin-api-2.0.8.pom (1.5 kB at 124 kB/s)
17:36:50.730 [Thread-4] DEBUG spoon.Launcher - [INFO] Downloading from google-maven-central: https://maven-central.storage-download.googleapis.com/maven2/org/codehaus/plexus/plexus-container-default/1.5.5/plexus-container-default-1.5.5.pom
17:36:50.740 [Thread-4] DEBUG spoon.Launcher - [INFO] Downloaded from google-maven-central: https://maven-central.storage-download.googleapis.com/maven2/org/codehaus/plexus/plexus-container-default/1.5.5/plexus-container-default-1.5.5.pom (2.8 kB at 276 kB/s)
17:36:50.743 [Thread-4] DEBUG spoon.Launcher - [INFO] Downloading from google-maven-central: https://maven-central.storage-download.googleapis.com/maven2/org/codehaus/plexus/plexus-classworlds/2.2.2/plexus-classworlds-2.2.2.pom
17:36:50.756 [Thread-4] DEBUG spoon.Launcher - [INFO] Downloaded from google-maven-central: https://maven-central.storage-download.googleapis.com/maven2/org/codehaus/plexus/plexus-classworlds/2.2.2/plexus-classworlds-2.2.2.pom (4.0 kB at 367 kB/s)
17:36:50.765 [Thread-4] DEBUG spoon.Launcher - [INFO] Downloading from google-maven-central: https://maven-central.storage-download.googleapis.com/maven2/org/apache/xbean/xbean-reflect/3.4/xbean-reflect-3.4.pom
17:36:50.771 [Thread-4] DEBUG spoon.Launcher - [INFO] Downloaded from google-maven-central: https://maven-central.storage-download.googleapis.com/maven2/org/apache/xbean/xbean-reflect/3.4/xbean-reflect-3.4.pom (2.8 kB at 401 kB/s)
17:36:50.785 [Thread-4] DEBUG spoon.Launcher - [INFO] Downloading from google-maven-central: https://maven-central.storage-download.googleapis.com/maven2/org/apache/xbean/xbean/3.4/xbean-3.4.pom
17:36:50.796 [Thread-4] DEBUG spoon.Launcher - [INFO] Downloaded from google-maven-central: https://maven-central.storage-download.googleapis.com/maven2/org/apache/xbean/xbean/3.4/xbean-3.4.pom (19 kB at 1.7 MB/s)
17:36:50.800 [Thread-4] DEBUG spoon.Launcher - [INFO] Downloading from google-maven-central: https://maven-central.storage-download.googleapis.com/maven2/log4j/log4j/1.2.12/log4j-1.2.12.pom
17:36:50.812 [Thread-4] DEBUG spoon.Launcher - [INFO] Downloaded from google-maven-central: https://maven-central.storage-download.googleapis.com/maven2/log4j/log4j/1.2.12/log4j-1.2.12.pom (145 B at 13 kB/s)
17:36:50.814 [Thread-4] DEBUG spoon.Launcher - [INFO] Downloading from google-maven-central: https://maven-central.storage-download.googleapis.com/maven2/commons-logging/commons-logging-api/1.1/commons-logging-api-1.1.pom
17:36:50.825 [Thread-4] DEBUG spoon.Launcher - [INFO] Downloaded from google-maven-central: https://maven-central.storage-download.googleapis.com/maven2/commons-logging/commons-logging-api/1.1/commons-logging-api-1.1.pom (5.3 kB at 486 kB/s)
17:36:50.831 [Thread-4] DEBUG spoon.Launcher - [INFO] Downloading from google-maven-central: https://maven-central.storage-download.googleapis.com/maven2/com/google/collections/google-collections/1.0/google-collections-1.0.pom
17:36:50.838 [Thread-4] DEBUG spoon.Launcher - [INFO] Downloaded from google-maven-central: https://maven-central.storage-download.googleapis.com/maven2/com/google/collections/google-collections/1.0/google-collections-1.0.pom (2.5 kB at 310 kB/s)
17:36:50.841 [Thread-4] DEBUG spoon.Launcher - [INFO] Downloading from google-maven-central: https://maven-central.storage-download.googleapis.com/maven2/com/google/google/1/google-1.pom
17:36:50.851 [Thread-4] DEBUG spoon.Launcher - [INFO] Downloaded from google-maven-central: https://maven-central.storage-download.googleapis.com/maven2/com/google/google/1/google-1.pom (1.6 kB at 155 kB/s)
17:36:50.857 [Thread-4] DEBUG spoon.Launcher - [INFO] Downloading from google-maven-central: https://maven-central.storage-download.googleapis.com/maven2/junit/junit/3.8.2/junit-3.8.2.pom
17:36:50.863 [Thread-4] DEBUG spoon.Launcher - [INFO] Downloaded from google-maven-central: https://maven-central.storage-download.googleapis.com/maven2/junit/junit/3.8.2/junit-3.8.2.pom (747 B at 149 kB/s)
17:36:50.866 [Thread-4] DEBUG spoon.Launcher - [INFO] Downloading from google-maven-central: https://maven-central.storage-download.googleapis.com/maven2/org/codehaus/plexus/plexus-utils/2.1/plexus-utils-2.1.pom
17:36:50.874 [Thread-4] DEBUG spoon.Launcher - [INFO] Downloaded from google-maven-central: https://maven-central.storage-download.googleapis.com/maven2/org/codehaus/plexus/plexus-utils/2.1/plexus-utils-2.1.pom (4.0 kB at 448 kB/s)
17:36:50.876 [Thread-4] DEBUG spoon.Launcher - [INFO] Downloading from google-maven-central: https://maven-central.storage-download.googleapis.com/maven2/org/sonatype/spice/spice-parent/16/spice-parent-16.pom
17:36:50.886 [Thread-4] DEBUG spoon.Launcher - [INFO] Downloaded from google-maven-central: https://maven-central.storage-download.googleapis.com/maven2/org/sonatype/spice/spice-parent/16/spice-parent-16.pom (8.4 kB at 836 kB/s)
17:36:50.896 [Thread-4] DEBUG spoon.Launcher - [INFO] Downloading from google-maven-central: https://maven-central.storage-download.googleapis.com/maven2/org/apache/maven/shared/maven-invoker/2.0.11/maven-invoker-2.0.11.pom
17:36:50.902 [Thread-4] DEBUG spoon.Launcher - [INFO] Downloaded from google-maven-central: https://maven-central.storage-download.googleapis.com/maven2/org/apache/maven/shared/maven-invoker/2.0.11/maven-invoker-2.0.11.pom (5.1 kB at 846 kB/s)
17:36:50.906 [Thread-4] DEBUG spoon.Launcher - [INFO] Downloading from google-maven-central: https://maven-central.storage-download.googleapis.com/maven2/org/apache/maven/shared/maven-shared-components/12/maven-shared-components-12.pom
17:36:50.915 [Thread-4] DEBUG spoon.Launcher - [INFO] Downloaded from google-maven-central: https://maven-central.storage-download.googleapis.com/maven2/org/apache/maven/shared/maven-shared-components/12/maven-shared-components-12.pom (9.3 kB at 1.2 MB/s)
17:36:50.917 [Thread-4] DEBUG spoon.Launcher - [INFO] Downloading from google-maven-central: https://maven-central.storage-download.googleapis.com/maven2/org/apache/maven/maven-parent/13/maven-parent-13.pom
17:36:50.929 [Thread-4] DEBUG spoon.Launcher - [INFO] Downloaded from google-maven-central: https://maven-central.storage-download.googleapis.com/maven2/org/apache/maven/maven-parent/13/maven-parent-13.pom (23 kB at 2.1 MB/s)
17:36:50.955 [Thread-4] DEBUG spoon.Launcher - [INFO] Downloading from google-maven-central: https://maven-central.storage-download.googleapis.com/maven2/commons-collections/commons-collections/3.2.1/commons-collections-3.2.1.pom
17:36:50.970 [Thread-4] DEBUG spoon.Launcher - [INFO] Downloaded from google-maven-central: https://maven-central.storage-download.googleapis.com/maven2/commons-collections/commons-collections/3.2.1/commons-collections-3.2.1.pom (13 kB at 834 kB/s)
17:36:51.072 [Thread-4] DEBUG spoon.Launcher - [INFO] Downloading from google-maven-central: https://maven-central.storage-download.googleapis.com/maven2/org/apache/maven/maven-artifact/2.0.9/maven-artifact-2.0.9.jar
17:36:51.075 [Thread-4] DEBUG spoon.Launcher - [INFO] Downloading from google-maven-central: https://maven-central.storage-download.googleapis.com/maven2/org/apache/maven/maven-plugin-api/2.0.9/maven-plugin-api-2.0.9.jar
17:36:51.079 [Thread-4] DEBUG spoon.Launcher - [INFO] Downloading from google-maven-central: https://maven-central.storage-download.googleapis.com/maven2/org/apache/maven/maven-project/2.0.9/maven-project-2.0.9.jar
17:36:51.114 [Thread-4] DEBUG spoon.Launcher - [INFO] Downloading from google-maven-central: https://maven-central.storage-download.googleapis.com/maven2/org/apache/maven/maven-profile/2.0.9/maven-profile-2.0.9.jar
17:36:51.119 [Thread-4] DEBUG spoon.Launcher - [INFO] Downloaded from google-maven-central: https://maven-central.storage-download.googleapis.com/maven2/org/apache/maven/maven-plugin-api/2.0.9/maven-plugin-api-2.0.9.jar (13 kB at 391 kB/s)
17:36:51.119 [Thread-4] DEBUG spoon.Launcher - [INFO] Downloading from google-maven-central: https://maven-central.storage-download.googleapis.com/maven2/org/apache/maven/maven-plugin-registry/2.0.9/maven-plugin-registry-2.0.9.jar
17:36:51.119 [Thread-4] DEBUG spoon.Launcher - [INFO] Downloading from google-maven-central: https://maven-central.storage-download.googleapis.com/maven2/org/apache/maven/maven-settings/2.0.9/maven-settings-2.0.9.jar
17:36:51.133 [Thread-4] DEBUG spoon.Launcher - [INFO] Downloaded from google-maven-central: https://maven-central.storage-download.googleapis.com/maven2/org/apache/maven/maven-plugin-registry/2.0.9/maven-plugin-registry-2.0.9.jar (29 kB at 692 kB/s)
17:36:51.139 [Thread-4] DEBUG spoon.Launcher - [INFO] Downloading from google-maven-central: https://maven-central.storage-download.googleapis.com/maven2/org/apache/maven/maven-model/2.0.9/maven-model-2.0.9.jar
17:36:51.166 [Thread-4] DEBUG spoon.Launcher - [INFO] Downloaded from google-maven-central: https://maven-central.storage-download.googleapis.com/maven2/org/apache/maven/maven-model/2.0.9/maven-model-2.0.9.jar (87 kB at 1.3 MB/s)
17:36:51.166 [Thread-4] DEBUG spoon.Launcher - [INFO] Downloaded from google-maven-central: https://maven-central.storage-download.googleapis.com/maven2/org/apache/maven/maven-artifact/2.0.9/maven-artifact-2.0.9.jar (89 kB at 741 kB/s)
17:36:51.171 [Thread-4] DEBUG spoon.Launcher - [INFO] Downloading from google-maven-central: https://maven-central.storage-download.googleapis.com/maven2/org/apache/maven/maven-core/2.0.9/maven-core-2.0.9.jar
17:36:51.171 [Thread-4] DEBUG spoon.Launcher - [INFO] Downloading from google-maven-central: https://maven-central.storage-download.googleapis.com/maven2/org/apache/maven/maven-plugin-parameter-documenter/2.0.9/maven-plugin-parameter-documenter-2.0.9.jar
17:36:51.183 [Thread-4] DEBUG spoon.Launcher - [INFO] Downloaded from google-maven-central: https://maven-central.storage-download.googleapis.com/maven2/org/apache/maven/maven-plugin-parameter-documenter/2.0.9/maven-plugin-parameter-documenter-2.0.9.jar (21 kB at 222 kB/s)
17:36:51.187 [Thread-4] DEBUG spoon.Launcher - [INFO] Downloading from google-maven-central: https://maven-central.storage-download.googleapis.com/maven2/org/apache/maven/maven-error-diagnostics/2.0.9/maven-error-diagnostics-2.0.9.jar
17:36:51.189 [Thread-4] DEBUG spoon.Launcher - [INFO] Downloaded from google-maven-central: https://maven-central.storage-download.googleapis.com/maven2/org/apache/maven/maven-settings/2.0.9/maven-settings-2.0.9.jar (49 kB at 431 kB/s)
17:36:51.195 [Thread-4] DEBUG spoon.Launcher - [INFO] Downloading from google-maven-central: https://maven-central.storage-download.googleapis.com/maven2/org/apache/maven/maven-plugin-descriptor/2.0.9/maven-plugin-descriptor-2.0.9.jar
17:36:51.207 [Thread-4] DEBUG spoon.Launcher - [INFO] Downloaded from google-maven-central: https://maven-central.storage-download.googleapis.com/maven2/org/apache/maven/maven-error-diagnostics/2.0.9/maven-error-diagnostics-2.0.9.jar (14 kB at 118 kB/s)
17:36:51.208 [Thread-4] DEBUG spoon.Launcher - [INFO] Downloading from google-maven-central: https://maven-central.storage-download.googleapis.com/maven2/org/apache/maven/maven-monitor/2.0.9/maven-monitor-2.0.9.jar
17:36:51.209 [Thread-4] DEBUG spoon.Launcher - [INFO] Downloaded from google-maven-central: https://maven-central.storage-download.googleapis.com/maven2/org/apache/maven/maven-profile/2.0.9/maven-profile-2.0.9.jar (35 kB at 290 kB/s)
17:36:51.210 [Thread-4] DEBUG spoon.Launcher - [INFO] Downloading from google-maven-central: https://maven-central.storage-download.googleapis.com/maven2/org/apache/maven/maven-artifact-manager/2.0.9/maven-artifact-manager-2.0.9.jar
17:36:51.217 [Thread-4] DEBUG spoon.Launcher - [INFO] Downloaded from google-maven-central: https://maven-central.storage-download.googleapis.com/maven2/org/apache/maven/maven-monitor/2.0.9/maven-monitor-2.0.9.jar (10 kB at 82 kB/s)
17:36:51.227 [Thread-4] DEBUG spoon.Launcher - [INFO] Downloading from google-maven-central: https://maven-central.storage-download.googleapis.com/maven2/org/apache/maven/maven-repository-metadata/2.0.9/maven-repository-metadata-2.0.9.jar
17:36:51.230 [Thread-4] DEBUG spoon.Launcher - [INFO] Downloaded from google-maven-central: https://maven-central.storage-download.googleapis.com/maven2/org/apache/maven/maven-core/2.0.9/maven-core-2.0.9.jar (160 kB at 1.2 MB/s)
17:36:51.230 [Thread-4] DEBUG spoon.Launcher - [INFO] Downloaded from google-maven-central: https://maven-central.storage-download.googleapis.com/maven2/org/apache/maven/maven-artifact-manager/2.0.9/maven-artifact-manager-2.0.9.jar (58 kB at 428 kB/s)
17:36:51.231 [Thread-4] DEBUG spoon.Launcher - [INFO] Downloading from google-maven-central: https://maven-central.storage-download.googleapis.com/maven2/org/apache/maven/reporting/maven-reporting-impl/2.0.5/maven-reporting-impl-2.0.5.jar
17:36:51.231 [Thread-4] DEBUG spoon.Launcher - [INFO] Downloaded from google-maven-central: https://maven-central.storage-download.googleapis.com/maven2/org/apache/maven/maven-project/2.0.9/maven-project-2.0.9.jar (122 kB at 796 kB/s)
17:36:51.231 [Thread-4] DEBUG spoon.Launcher - [INFO] Downloading from google-maven-central: https://maven-central.storage-download.googleapis.com/maven2/org/apache/maven/doxia/doxia-core/1.0/doxia-core-1.0.jar
17:36:51.232 [Thread-4] DEBUG spoon.Launcher - [INFO] Downloading from google-maven-central: https://maven-central.storage-download.googleapis.com/maven2/org/apache/maven/shared/maven-doxia-tools/1.0.2/maven-doxia-tools-1.0.2.jar
17:36:51.235 [Thread-4] DEBUG spoon.Launcher - [INFO] Downloaded from google-maven-central: https://maven-central.storage-download.googleapis.com/maven2/org/apache/maven/maven-plugin-descriptor/2.0.9/maven-plugin-descriptor-2.0.9.jar (37 kB at 259 kB/s)
17:36:51.236 [Thread-4] DEBUG spoon.Launcher - [INFO] Downloading from google-maven-central: https://maven-central.storage-download.googleapis.com/maven2/commons-io/commons-io/1.4/commons-io-1.4.jar
17:36:51.237 [Thread-4] DEBUG spoon.Launcher - [INFO] Downloaded from google-maven-central: https://maven-central.storage-download.googleapis.com/maven2/org/apache/maven/maven-repository-metadata/2.0.9/maven-repository-metadata-2.0.9.jar (25 kB at 169 kB/s)
17:36:51.238 [Thread-4] DEBUG spoon.Launcher - [INFO] Downloading from google-maven-central: https://maven-central.storage-download.googleapis.com/maven2/org/apache/maven/doxia/doxia-site-renderer/1.0/doxia-site-renderer-1.0.jar
17:36:51.240 [Thread-4] DEBUG spoon.Launcher - [INFO] Downloaded from google-maven-central: https://maven-central.storage-download.googleapis.com/maven2/org/apache/maven/doxia/doxia-core/1.0/doxia-core-1.0.jar (55 kB at 364 kB/s)
17:36:51.240 [Thread-4] DEBUG spoon.Launcher - [INFO] Downloading from google-maven-central: https://maven-central.storage-download.googleapis.com/maven2/org/apache/maven/doxia/doxia-decoration-model/1.0/doxia-decoration-model-1.0.jar
17:36:51.246 [Thread-4] DEBUG spoon.Launcher - [INFO] Downloaded from google-maven-central: https://maven-central.storage-download.googleapis.com/maven2/org/apache/maven/shared/maven-doxia-tools/1.0.2/maven-doxia-tools-1.0.2.jar (41 kB at 263 kB/s)
17:36:51.246 [Thread-4] DEBUG spoon.Launcher - [INFO] Downloading from google-maven-central: https://maven-central.storage-download.googleapis.com/maven2/org/apache/maven/doxia/doxia-module-apt/1.0/doxia-module-apt-1.0.jar
17:36:51.253 [Thread-4] DEBUG spoon.Launcher - [INFO] Downloaded from google-maven-central: https://maven-central.storage-download.googleapis.com/maven2/org/apache/maven/doxia/doxia-module-apt/1.0/doxia-module-apt-1.0.jar (47 kB at 292 kB/s)
17:36:51.253 [Thread-4] DEBUG spoon.Launcher - [INFO] Downloading from google-maven-central: https://maven-central.storage-download.googleapis.com/maven2/org/apache/maven/doxia/doxia-module-fml/1.0/doxia-module-fml-1.0.jar
17:36:51.260 [Thread-4] DEBUG spoon.Launcher - [INFO] Downloaded from google-maven-central: https://maven-central.storage-download.googleapis.com/maven2/org/apache/maven/reporting/maven-reporting-impl/2.0.5/maven-reporting-impl-2.0.5.jar (21 kB at 121 kB/s)
17:36:51.260 [Thread-4] DEBUG spoon.Launcher - [INFO] Downloading from google-maven-central: https://maven-central.storage-download.googleapis.com/maven2/org/apache/maven/doxia/doxia-module-xdoc/1.0/doxia-module-xdoc-1.0.jar
17:36:51.261 [Thread-4] DEBUG spoon.Launcher - [INFO] Downloaded from google-maven-central: https://maven-central.storage-download.googleapis.com/maven2/org/apache/maven/doxia/doxia-decoration-model/1.0/doxia-decoration-model-1.0.jar (49 kB at 285 kB/s)
17:36:51.262 [Thread-4] DEBUG spoon.Launcher - [INFO] Downloading from google-maven-central: https://maven-central.storage-download.googleapis.com/maven2/org/apache/maven/doxia/doxia-module-xhtml/1.0/doxia-module-xhtml-1.0.jar
17:36:51.266 [Thread-4] DEBUG spoon.Launcher - [INFO] Downloaded from google-maven-central: https://maven-central.storage-download.googleapis.com/maven2/org/apache/maven/doxia/doxia-site-renderer/1.0/doxia-site-renderer-1.0.jar (47 kB at 269 kB/s)
17:36:51.266 [Thread-4] DEBUG spoon.Launcher - [INFO] Downloading from google-maven-central: https://maven-central.storage-download.googleapis.com/maven2/org/codehaus/plexus/plexus-archiver/2.3/plexus-archiver-2.3.jar
17:36:51.270 [Thread-4] DEBUG spoon.Launcher - [INFO] Downloaded from google-maven-central: https://maven-central.storage-download.googleapis.com/maven2/org/apache/maven/doxia/doxia-module-fml/1.0/doxia-module-fml-1.0.jar (19 kB at 104 kB/s)
17:36:51.276 [Thread-4] DEBUG spoon.Launcher - [INFO] Downloaded from google-maven-central: https://maven-central.storage-download.googleapis.com/maven2/commons-io/commons-io/1.4/commons-io-1.4.jar (109 kB at 613 kB/s)
17:36:51.276 [Thread-4] DEBUG spoon.Launcher - [INFO] Downloaded from google-maven-central: https://maven-central.storage-download.googleapis.com/maven2/org/apache/maven/doxia/doxia-module-xhtml/1.0/doxia-module-xhtml-1.0.jar (22 kB at 120 kB/s)
17:36:51.276 [Thread-4] DEBUG spoon.Launcher - [INFO] Downloading from google-maven-central: https://maven-central.storage-download.googleapis.com/maven2/org/apache/maven/shared/maven-dependency-analyzer/1.4/maven-dependency-analyzer-1.4.jar
17:36:51.277 [Thread-4] DEBUG spoon.Launcher - [INFO] Downloading from google-maven-central: https://maven-central.storage-download.googleapis.com/maven2/org/codehaus/plexus/plexus-utils/3.0.9/plexus-utils-3.0.9.jar
17:36:51.278 [Thread-4] DEBUG spoon.Launcher - [INFO] Downloading from google-maven-central: https://maven-central.storage-download.googleapis.com/maven2/org/codehaus/plexus/plexus-io/2.0.6/plexus-io-2.0.6.jar
17:36:51.283 [Thread-4] DEBUG spoon.Launcher - [INFO] Downloaded from google-maven-central: https://maven-central.storage-download.googleapis.com/maven2/org/codehaus/plexus/plexus-archiver/2.3/plexus-archiver-2.3.jar (186 kB at 987 kB/s)
17:36:51.284 [Thread-4] DEBUG spoon.Launcher - [INFO] Downloaded from google-maven-central: https://maven-central.storage-download.googleapis.com/maven2/org/codehaus/plexus/plexus-io/2.0.6/plexus-io-2.0.6.jar (58 kB at 297 kB/s)
17:36:51.286 [Thread-4] DEBUG spoon.Launcher - [INFO] Downloading from google-maven-central: https://maven-central.storage-download.googleapis.com/maven2/asm/asm/3.3.1/asm-3.3.1.jar
17:36:51.286 [Thread-4] DEBUG spoon.Launcher - [INFO] Downloaded from google-maven-central: https://maven-central.storage-download.googleapis.com/maven2/org/apache/maven/doxia/doxia-module-xdoc/1.0/doxia-module-xdoc-1.0.jar (28 kB at 146 kB/s)
17:36:51.287 [Thread-4] DEBUG spoon.Launcher - [INFO] Downloading from google-maven-central: https://maven-central.storage-download.googleapis.com/maven2/org/apache/maven/shared/maven-dependency-tree/2.1/maven-dependency-tree-2.1.jar
17:36:51.296 [Thread-4] DEBUG spoon.Launcher - [INFO] Downloading from google-maven-central: https://maven-central.storage-download.googleapis.com/maven2/org/eclipse/aether/aether-util/0.9.0.M2/aether-util-0.9.0.M2.jar
17:36:51.314 [Thread-4] DEBUG spoon.Launcher - [INFO] Downloaded from google-maven-central: https://maven-central.storage-download.googleapis.com/maven2/asm/asm/3.3.1/asm-3.3.1.jar (44 kB at 209 kB/s)
17:36:51.314 [Thread-4] DEBUG spoon.Launcher - [INFO] Downloaded from google-maven-central: https://maven-central.storage-download.googleapis.com/maven2/org/apache/maven/shared/maven-dependency-tree/2.1/maven-dependency-tree-2.1.jar (60 kB at 266 kB/s)
17:36:51.315 [Thread-4] DEBUG spoon.Launcher - [INFO] Downloading from google-maven-central: https://maven-central.storage-download.googleapis.com/maven2/org/apache/maven/shared/maven-common-artifact-filters/1.4/maven-common-artifact-filters-1.4.jar
17:36:51.315 [Thread-4] DEBUG spoon.Launcher - [INFO] Downloaded from google-maven-central: https://maven-central.storage-download.googleapis.com/maven2/org/codehaus/plexus/plexus-utils/3.0.9/plexus-utils-3.0.9.jar (232 kB at 1.0 MB/s)
17:36:51.315 [Thread-4] DEBUG spoon.Launcher - [INFO] Downloaded from google-maven-central: https://maven-central.storage-download.googleapis.com/maven2/org/apache/maven/shared/maven-dependency-analyzer/1.4/maven-dependency-analyzer-1.4.jar (27 kB at 125 kB/s)
17:36:51.315 [Thread-4] DEBUG spoon.Launcher - [INFO] Downloading from google-maven-central: https://maven-central.storage-download.googleapis.com/maven2/commons-collections/commons-collections/3.2.1/commons-collections-3.2.1.jar
17:36:51.316 [Thread-4] DEBUG spoon.Launcher - [INFO] Downloading from google-maven-central: https://maven-central.storage-download.googleapis.com/maven2/org/apache/maven/shared/maven-invoker/2.0.11/maven-invoker-2.0.11.jar
17:36:51.322 [Thread-4] DEBUG spoon.Launcher - [INFO] Downloaded from google-maven-central: https://maven-central.storage-download.googleapis.com/maven2/org/apache/maven/shared/maven-invoker/2.0.11/maven-invoker-2.0.11.jar (29 kB at 125 kB/s)
17:36:51.340 [Thread-4] DEBUG spoon.Launcher - [INFO] Downloaded from google-maven-central: https://maven-central.storage-download.googleapis.com/maven2/org/apache/maven/shared/maven-common-artifact-filters/1.4/maven-common-artifact-filters-1.4.jar (32 kB at 126 kB/s)
17:36:51.348 [Thread-4] DEBUG spoon.Launcher - [INFO] Downloaded from google-maven-central: https://maven-central.storage-download.googleapis.com/maven2/commons-collections/commons-collections/3.2.1/commons-collections-3.2.1.jar (575 kB at 2.2 MB/s)
17:36:51.349 [Thread-4] DEBUG spoon.Launcher - [INFO] Downloaded from google-maven-central: https://maven-central.storage-download.googleapis.com/maven2/org/eclipse/aether/aether-util/0.9.0.M2/aether-util-0.9.0.M2.jar (134 kB at 516 kB/s)
17:36:51.835 [Thread-4] DEBUG spoon.Launcher - [INFO] Wrote classpath file '/home/travis/build/SpoonLabs/spoon-ci-external/spoon/src/test/resources/maven-launcher/system-dependency/spoon.classpath.tmp'.
17:36:51.838 [Thread-4] DEBUG spoon.Launcher - [INFO] ------------------------------------------------------------------------
17:36:51.838 [Thread-4] DEBUG spoon.Launcher - [INFO] BUILD SUCCESS
17:36:51.839 [Thread-4] DEBUG spoon.Launcher - [INFO] ------------------------------------------------------------------------
17:36:51.841 [Thread-4] DEBUG spoon.Launcher - [INFO] Total time:  4.877 s
17:36:51.842 [Thread-4] DEBUG spoon.Launcher - [INFO] Finished at: 2020-11-17T17:36:51Z
17:36:51.842 [Thread-4] DEBUG spoon.Launcher - [INFO] ------------------------------------------------------------------------
]]></system-out>
  </testcase>
  <testcase name="mavenLauncherTestMultiModulesAndVariables" classname="spoon.MavenLauncherTest" time="20.491">
    <system-out><![CDATA[17:36:51.863 [main] INFO spoon.Launcher - Running in NOCLASSPATH mode (doc: http://spoon.gforge.inria.fr/launcher.html).
17:36:53.828 [Thread-7] DEBUG spoon.Launcher - [INFO] Scanning for projects...
17:36:54.313 [Thread-7] DEBUG spoon.Launcher - [INFO] Downloading from google-maven-central: https://maven-central.storage-download.googleapis.com/maven2/org/apache/felix/maven-bundle-plugin/3.0.1/maven-bundle-plugin-3.0.1.pom
17:36:54.789 [Thread-7] DEBUG spoon.Launcher - [INFO] Downloaded from google-maven-central: https://maven-central.storage-download.googleapis.com/maven2/org/apache/felix/maven-bundle-plugin/3.0.1/maven-bundle-plugin-3.0.1.pom (8.4 kB at 21 kB/s)
17:36:54.815 [Thread-7] DEBUG spoon.Launcher - [INFO] Downloading from google-maven-central: https://maven-central.storage-download.googleapis.com/maven2/org/apache/felix/felix-parent/3/felix-parent-3.pom
17:36:54.840 [Thread-7] DEBUG spoon.Launcher - [INFO] Downloaded from google-maven-central: https://maven-central.storage-download.googleapis.com/maven2/org/apache/felix/felix-parent/3/felix-parent-3.pom (17 kB at 612 kB/s)
17:36:54.848 [Thread-7] DEBUG spoon.Launcher - [INFO] Downloading from google-maven-central: https://maven-central.storage-download.googleapis.com/maven2/org/apache/apache/17/apache-17.pom
17:36:54.870 [Thread-7] DEBUG spoon.Launcher - [INFO] Downloaded from google-maven-central: https://maven-central.storage-download.googleapis.com/maven2/org/apache/apache/17/apache-17.pom (16 kB at 892 kB/s)
17:36:54.888 [Thread-7] DEBUG spoon.Launcher - [INFO] Downloading from google-maven-central: https://maven-central.storage-download.googleapis.com/maven2/org/osgi/org.osgi.core/4.3.1/org.osgi.core-4.3.1.pom
17:36:54.898 [Thread-7] DEBUG spoon.Launcher - [INFO] Downloaded from google-maven-central: https://maven-central.storage-download.googleapis.com/maven2/org/osgi/org.osgi.core/4.3.1/org.osgi.core-4.3.1.pom (1.4 kB at 157 kB/s)
17:36:54.903 [Thread-7] DEBUG spoon.Launcher - [INFO] Downloading from google-maven-central: https://maven-central.storage-download.googleapis.com/maven2/biz/aQute/bnd/biz.aQute.bndlib/3.0.0/biz.aQute.bndlib-3.0.0.pom
17:36:54.917 [Thread-7] DEBUG spoon.Launcher - [INFO] Downloaded from google-maven-central: https://maven-central.storage-download.googleapis.com/maven2/biz/aQute/bnd/biz.aQute.bndlib/3.0.0/biz.aQute.bndlib-3.0.0.pom (1.3 kB at 93 kB/s)
17:36:54.923 [Thread-7] DEBUG spoon.Launcher - [INFO] Downloading from google-maven-central: https://maven-central.storage-download.googleapis.com/maven2/org/apache/felix/org.apache.felix.bundlerepository/1.6.6/org.apache.felix.bundlerepository-1.6.6.pom
17:36:54.937 [Thread-7] DEBUG spoon.Launcher - [INFO] Downloaded from google-maven-central: https://maven-central.storage-download.googleapis.com/maven2/org/apache/felix/org.apache.felix.bundlerepository/1.6.6/org.apache.felix.bundlerepository-1.6.6.pom (5.9 kB at 654 kB/s)
17:36:54.944 [Thread-7] DEBUG spoon.Launcher - [INFO] Downloading from google-maven-central: https://maven-central.storage-download.googleapis.com/maven2/org/apache/felix/felix-parent/2.1/felix-parent-2.1.pom
17:36:54.956 [Thread-7] DEBUG spoon.Launcher - [INFO] Downloaded from google-maven-central: https://maven-central.storage-download.googleapis.com/maven2/org/apache/felix/felix-parent/2.1/felix-parent-2.1.pom (9.7 kB at 690 kB/s)
17:36:54.972 [Thread-7] DEBUG spoon.Launcher - [INFO] Downloading from google-maven-central: https://maven-central.storage-download.googleapis.com/maven2/org/osgi/org.osgi.core/4.1.0/org.osgi.core-4.1.0.pom
17:36:54.985 [Thread-7] DEBUG spoon.Launcher - [INFO] Downloaded from google-maven-central: https://maven-central.storage-download.googleapis.com/maven2/org/osgi/org.osgi.core/4.1.0/org.osgi.core-4.1.0.pom (193 B at 14 kB/s)
17:36:54.990 [Thread-7] DEBUG spoon.Launcher - [INFO] Downloading from google-maven-central: https://maven-central.storage-download.googleapis.com/maven2/org/easymock/easymock/2.5.2/easymock-2.5.2.pom
17:36:54.999 [Thread-7] DEBUG spoon.Launcher - [INFO] Downloaded from google-maven-central: https://maven-central.storage-download.googleapis.com/maven2/org/easymock/easymock/2.5.2/easymock-2.5.2.pom (12 kB at 1.2 MB/s)
17:36:55.008 [Thread-7] DEBUG spoon.Launcher - [INFO] Downloading from google-maven-central: https://maven-central.storage-download.googleapis.com/maven2/org/apache/felix/org.apache.felix.utils/1.6.0/org.apache.felix.utils-1.6.0.pom
17:36:55.019 [Thread-7] DEBUG spoon.Launcher - [INFO] Downloaded from google-maven-central: https://maven-central.storage-download.googleapis.com/maven2/org/apache/felix/org.apache.felix.utils/1.6.0/org.apache.felix.utils-1.6.0.pom (3.3 kB at 298 kB/s)
17:36:55.031 [Thread-7] DEBUG spoon.Launcher - [INFO] Downloading from google-maven-central: https://maven-central.storage-download.googleapis.com/maven2/org/osgi/org.osgi.compendium/4.2.0/org.osgi.compendium-4.2.0.pom
17:36:55.045 [Thread-7] DEBUG spoon.Launcher - [INFO] Downloaded from google-maven-central: https://maven-central.storage-download.googleapis.com/maven2/org/osgi/org.osgi.compendium/4.2.0/org.osgi.compendium-4.2.0.pom (463 B at 33 kB/s)
17:36:55.049 [Thread-7] DEBUG spoon.Launcher - [INFO] Downloading from google-maven-central: https://maven-central.storage-download.googleapis.com/maven2/org/apache/maven/maven-core/2.2.0/maven-core-2.2.0.pom
17:36:55.066 [Thread-7] DEBUG spoon.Launcher - [INFO] Downloaded from google-maven-central: https://maven-central.storage-download.googleapis.com/maven2/org/apache/maven/maven-core/2.2.0/maven-core-2.2.0.pom (11 kB at 623 kB/s)
17:36:55.141 [Thread-7] DEBUG spoon.Launcher - [INFO] Downloading from google-maven-central: https://maven-central.storage-download.googleapis.com/maven2/org/apache/maven/maven-plugin-parameter-documenter/2.2.0/maven-plugin-parameter-documenter-2.2.0.pom
17:36:55.152 [Thread-7] DEBUG spoon.Launcher - [INFO] Downloaded from google-maven-central: https://maven-central.storage-download.googleapis.com/maven2/org/apache/maven/maven-plugin-parameter-documenter/2.2.0/maven-plugin-parameter-documenter-2.2.0.pom (2.0 kB at 163 kB/s)
17:36:55.173 [Thread-7] DEBUG spoon.Launcher - [INFO] Downloading from google-maven-central: https://maven-central.storage-download.googleapis.com/maven2/org/apache/maven/reporting/maven-reporting-api/2.2.0/maven-reporting-api-2.2.0.pom
17:36:55.186 [Thread-7] DEBUG spoon.Launcher - [INFO] Downloaded from google-maven-central: https://maven-central.storage-download.googleapis.com/maven2/org/apache/maven/reporting/maven-reporting-api/2.2.0/maven-reporting-api-2.2.0.pom (1.9 kB at 142 kB/s)
17:36:55.189 [Thread-7] DEBUG spoon.Launcher - [INFO] Downloading from google-maven-central: https://maven-central.storage-download.googleapis.com/maven2/org/apache/maven/reporting/maven-reporting/2.2.0/maven-reporting-2.2.0.pom
17:36:55.207 [Thread-7] DEBUG spoon.Launcher - [INFO] Downloaded from google-maven-central: https://maven-central.storage-download.googleapis.com/maven2/org/apache/maven/reporting/maven-reporting/2.2.0/maven-reporting-2.2.0.pom (1.4 kB at 80 kB/s)
17:36:55.217 [Thread-7] DEBUG spoon.Launcher - [INFO] Downloading from google-maven-central: https://maven-central.storage-download.googleapis.com/maven2/org/apache/maven/doxia/doxia-sink-api/1.1/doxia-sink-api-1.1.pom
17:36:55.236 [Thread-7] DEBUG spoon.Launcher - [INFO] Downloaded from google-maven-central: https://maven-central.storage-download.googleapis.com/maven2/org/apache/maven/doxia/doxia-sink-api/1.1/doxia-sink-api-1.1.pom (2.0 kB at 102 kB/s)
17:36:55.251 [Thread-7] DEBUG spoon.Launcher - [INFO] Downloading from google-maven-central: https://maven-central.storage-download.googleapis.com/maven2/org/apache/maven/doxia/doxia/1.1/doxia-1.1.pom
17:36:55.264 [Thread-7] DEBUG spoon.Launcher - [INFO] Downloaded from google-maven-central: https://maven-central.storage-download.googleapis.com/maven2/org/apache/maven/doxia/doxia/1.1/doxia-1.1.pom (15 kB at 1.2 MB/s)
17:36:55.271 [Thread-7] DEBUG spoon.Launcher - [INFO] Downloading from google-maven-central: https://maven-central.storage-download.googleapis.com/maven2/org/apache/maven/doxia/doxia-logging-api/1.1/doxia-logging-api-1.1.pom
17:36:55.279 [Thread-7] DEBUG spoon.Launcher - [INFO] Downloaded from google-maven-central: https://maven-central.storage-download.googleapis.com/maven2/org/apache/maven/doxia/doxia-logging-api/1.1/doxia-logging-api-1.1.pom (1.6 kB at 197 kB/s)
17:36:55.300 [Thread-7] DEBUG spoon.Launcher - [INFO] Downloading from google-maven-central: https://maven-central.storage-download.googleapis.com/maven2/org/apache/maven/maven-error-diagnostics/2.2.0/maven-error-diagnostics-2.2.0.pom
17:36:55.306 [Thread-7] DEBUG spoon.Launcher - [INFO] Downloaded from google-maven-central: https://maven-central.storage-download.googleapis.com/maven2/org/apache/maven/maven-error-diagnostics/2.2.0/maven-error-diagnostics-2.2.0.pom (1.7 kB at 244 kB/s)
17:36:55.333 [Thread-7] DEBUG spoon.Launcher - [INFO] Downloading from google-maven-central: https://maven-central.storage-download.googleapis.com/maven2/commons-cli/commons-cli/1.2/commons-cli-1.2.pom
17:36:55.344 [Thread-7] DEBUG spoon.Launcher - [INFO] Downloaded from google-maven-central: https://maven-central.storage-download.googleapis.com/maven2/commons-cli/commons-cli/1.2/commons-cli-1.2.pom (8.0 kB at 665 kB/s)
17:36:55.348 [Thread-7] DEBUG spoon.Launcher - [INFO] Downloading from google-maven-central: https://maven-central.storage-download.googleapis.com/maven2/org/apache/commons/commons-parent/11/commons-parent-11.pom
17:36:55.361 [Thread-7] DEBUG spoon.Launcher - [INFO] Downloaded from google-maven-central: https://maven-central.storage-download.googleapis.com/maven2/org/apache/commons/commons-parent/11/commons-parent-11.pom (25 kB at 1.9 MB/s)
17:36:55.376 [Thread-7] DEBUG spoon.Launcher - [INFO] Downloading from google-maven-central: https://maven-central.storage-download.googleapis.com/maven2/org/apache/maven/maven-plugin-api/2.2.0/maven-plugin-api-2.2.0.pom
17:36:55.387 [Thread-7] DEBUG spoon.Launcher - [INFO] Downloaded from google-maven-central: https://maven-central.storage-download.googleapis.com/maven2/org/apache/maven/maven-plugin-api/2.2.0/maven-plugin-api-2.2.0.pom (1.5 kB at 133 kB/s)
17:36:55.396 [Thread-7] DEBUG spoon.Launcher - [INFO] Downloading from google-maven-central: https://maven-central.storage-download.googleapis.com/maven2/org/apache/maven/maven-plugin-descriptor/2.2.0/maven-plugin-descriptor-2.2.0.pom
17:36:55.402 [Thread-7] DEBUG spoon.Launcher - [INFO] Downloaded from google-maven-central: https://maven-central.storage-download.googleapis.com/maven2/org/apache/maven/maven-plugin-descriptor/2.2.0/maven-plugin-descriptor-2.2.0.pom (2.1 kB at 295 kB/s)
17:36:55.411 [Thread-7] DEBUG spoon.Launcher - [INFO] Downloading from google-maven-central: https://maven-central.storage-download.googleapis.com/maven2/org/apache/maven/maven-monitor/2.2.0/maven-monitor-2.2.0.pom
17:36:55.419 [Thread-7] DEBUG spoon.Launcher - [INFO] Downloaded from google-maven-central: https://maven-central.storage-download.googleapis.com/maven2/org/apache/maven/maven-monitor/2.2.0/maven-monitor-2.2.0.pom (1.3 kB at 157 kB/s)
17:36:55.431 [Thread-7] DEBUG spoon.Launcher - [INFO] Downloading from google-maven-central: https://maven-central.storage-download.googleapis.com/maven2/org/apache/maven/maven-archiver/2.5/maven-archiver-2.5.pom
17:36:55.446 [Thread-7] DEBUG spoon.Launcher - [INFO] Downloaded from google-maven-central: https://maven-central.storage-download.googleapis.com/maven2/org/apache/maven/maven-archiver/2.5/maven-archiver-2.5.pom (4.5 kB at 284 kB/s)
17:36:55.512 [Thread-7] DEBUG spoon.Launcher - [INFO] Downloading from google-maven-central: https://maven-central.storage-download.googleapis.com/maven2/org/codehaus/plexus/plexus-archiver/2.1/plexus-archiver-2.1.pom
17:36:55.549 [Thread-7] DEBUG spoon.Launcher - [INFO] Downloaded from google-maven-central: https://maven-central.storage-download.googleapis.com/maven2/org/codehaus/plexus/plexus-archiver/2.1/plexus-archiver-2.1.pom (2.8 kB at 70 kB/s)
17:36:55.555 [Thread-7] DEBUG spoon.Launcher - [INFO] Downloading from google-maven-central: https://maven-central.storage-download.googleapis.com/maven2/org/codehaus/plexus/plexus-utils/3.0/plexus-utils-3.0.pom
17:36:55.564 [Thread-7] DEBUG spoon.Launcher - [INFO] Downloaded from google-maven-central: https://maven-central.storage-download.googleapis.com/maven2/org/codehaus/plexus/plexus-utils/3.0/plexus-utils-3.0.pom (4.1 kB at 508 kB/s)
17:36:55.570 [Thread-7] DEBUG spoon.Launcher - [INFO] Downloading from google-maven-central: https://maven-central.storage-download.googleapis.com/maven2/org/codehaus/plexus/plexus-io/2.0.2/plexus-io-2.0.2.pom
17:36:55.590 [Thread-7] DEBUG spoon.Launcher - [INFO] Downloaded from google-maven-central: https://maven-central.storage-download.googleapis.com/maven2/org/codehaus/plexus/plexus-io/2.0.2/plexus-io-2.0.2.pom (1.7 kB at 87 kB/s)
17:36:55.594 [Thread-7] DEBUG spoon.Launcher - [INFO] Downloading from google-maven-central: https://maven-central.storage-download.googleapis.com/maven2/org/codehaus/plexus/plexus-components/1.1.19/plexus-components-1.1.19.pom
17:36:55.628 [Thread-7] DEBUG spoon.Launcher - [INFO] Downloaded from google-maven-central: https://maven-central.storage-download.googleapis.com/maven2/org/codehaus/plexus/plexus-components/1.1.19/plexus-components-1.1.19.pom (2.7 kB at 77 kB/s)
17:36:55.655 [Thread-7] DEBUG spoon.Launcher - [INFO] Downloading from google-maven-central: https://maven-central.storage-download.googleapis.com/maven2/org/sonatype/plexus/plexus-build-api/0.0.7/plexus-build-api-0.0.7.pom
17:36:55.666 [Thread-7] DEBUG spoon.Launcher - [INFO] Downloaded from google-maven-central: https://maven-central.storage-download.googleapis.com/maven2/org/sonatype/plexus/plexus-build-api/0.0.7/plexus-build-api-0.0.7.pom (3.2 kB at 356 kB/s)
17:36:55.733 [Thread-7] DEBUG spoon.Launcher - [INFO] Downloading from google-maven-central: https://maven-central.storage-download.googleapis.com/maven2/org/jdom/jdom/1.1/jdom-1.1.pom
17:36:55.741 [Thread-7] DEBUG spoon.Launcher - [INFO] Downloaded from google-maven-central: https://maven-central.storage-download.googleapis.com/maven2/org/jdom/jdom/1.1/jdom-1.1.pom (2.2 kB at 219 kB/s)
17:36:55.772 [Thread-7] DEBUG spoon.Launcher - [INFO] Downloading from google-maven-central: https://maven-central.storage-download.googleapis.com/maven2/org/apache/felix/maven-bundle-plugin/3.0.1/maven-bundle-plugin-3.0.1.jar
17:36:55.774 [Thread-7] DEBUG spoon.Launcher - [INFO] Downloading from google-maven-central: https://maven-central.storage-download.googleapis.com/maven2/biz/aQute/bnd/biz.aQute.bndlib/3.0.0/biz.aQute.bndlib-3.0.0.jar
17:36:55.779 [Thread-7] DEBUG spoon.Launcher - [INFO] Downloading from google-maven-central: https://maven-central.storage-download.googleapis.com/maven2/org/osgi/org.osgi.core/4.3.1/org.osgi.core-4.3.1.jar
17:36:55.789 [Thread-7] DEBUG spoon.Launcher - [INFO] Downloading from google-maven-central: https://maven-central.storage-download.googleapis.com/maven2/org/apache/felix/org.apache.felix.bundlerepository/1.6.6/org.apache.felix.bundlerepository-1.6.6.jar
17:36:55.804 [Thread-7] DEBUG spoon.Launcher - [INFO] Downloading from google-maven-central: https://maven-central.storage-download.googleapis.com/maven2/org/easymock/easymock/2.5.2/easymock-2.5.2.jar
17:36:55.834 [Thread-7] DEBUG spoon.Launcher - [INFO] Downloaded from google-maven-central: https://maven-central.storage-download.googleapis.com/maven2/org/apache/felix/maven-bundle-plugin/3.0.1/maven-bundle-plugin-3.0.1.jar (210 kB at 3.4 MB/s)
17:36:55.840 [Thread-7] DEBUG spoon.Launcher - [INFO] Downloading from google-maven-central: https://maven-central.storage-download.googleapis.com/maven2/org/apache/felix/org.apache.felix.utils/1.6.0/org.apache.felix.utils-1.6.0.jar
17:36:55.868 [Thread-7] DEBUG spoon.Launcher - [INFO] Downloaded from google-maven-central: https://maven-central.storage-download.googleapis.com/maven2/org/apache/felix/org.apache.felix.utils/1.6.0/org.apache.felix.utils-1.6.0.jar (68 kB at 994 kB/s)
17:36:55.874 [Thread-7] DEBUG spoon.Launcher - [INFO] Downloading from google-maven-central: https://maven-central.storage-download.googleapis.com/maven2/org/osgi/org.osgi.compendium/4.2.0/org.osgi.compendium-4.2.0.jar
17:36:55.896 [Thread-7] DEBUG spoon.Launcher - [INFO] Downloaded from google-maven-central: https://maven-central.storage-download.googleapis.com/maven2/org/apache/felix/org.apache.felix.bundlerepository/1.6.6/org.apache.felix.bundlerepository-1.6.6.jar (168 kB at 1.4 MB/s)
17:36:55.897 [Thread-7] DEBUG spoon.Launcher - [INFO] Downloading from google-maven-central: https://maven-central.storage-download.googleapis.com/maven2/org/apache/maven/maven-core/2.2.0/maven-core-2.2.0.jar
17:36:55.916 [Thread-7] DEBUG spoon.Launcher - [INFO] Downloaded from google-maven-central: https://maven-central.storage-download.googleapis.com/maven2/org/easymock/easymock/2.5.2/easymock-2.5.2.jar (95 kB at 716 kB/s)
17:36:55.918 [Thread-7] DEBUG spoon.Launcher - [INFO] Downloading from google-maven-central: https://maven-central.storage-download.googleapis.com/maven2/org/apache/maven/maven-settings/2.2.0/maven-settings-2.2.0.jar
17:36:55.958 [Thread-7] DEBUG spoon.Launcher - [INFO] Downloaded from google-maven-central: https://maven-central.storage-download.googleapis.com/maven2/org/apache/maven/maven-settings/2.2.0/maven-settings-2.2.0.jar (49 kB at 329 kB/s)
17:36:55.960 [Thread-7] DEBUG spoon.Launcher - [INFO] Downloading from google-maven-central: https://maven-central.storage-download.googleapis.com/maven2/org/apache/maven/maven-plugin-parameter-documenter/2.2.0/maven-plugin-parameter-documenter-2.2.0.jar
17:36:55.963 [Thread-7] DEBUG spoon.Launcher - [INFO] Downloaded from google-maven-central: https://maven-central.storage-download.googleapis.com/maven2/org/apache/maven/maven-core/2.2.0/maven-core-2.2.0.jar (175 kB at 1.1 MB/s)
17:36:55.966 [Thread-7] DEBUG spoon.Launcher - [INFO] Downloading from google-maven-central: https://maven-central.storage-download.googleapis.com/maven2/org/slf4j/slf4j-jdk14/1.5.6/slf4j-jdk14-1.5.6.jar
17:36:55.974 [Thread-7] DEBUG spoon.Launcher - [INFO] Downloaded from google-maven-central: https://maven-central.storage-download.googleapis.com/maven2/org/apache/maven/maven-plugin-parameter-documenter/2.2.0/maven-plugin-parameter-documenter-2.2.0.jar (22 kB at 128 kB/s)
17:36:55.975 [Thread-7] DEBUG spoon.Launcher - [INFO] Downloaded from google-maven-central: https://maven-central.storage-download.googleapis.com/maven2/org/slf4j/slf4j-jdk14/1.5.6/slf4j-jdk14-1.5.6.jar (8.8 kB at 50 kB/s)
17:36:55.975 [Thread-7] DEBUG spoon.Launcher - [INFO] Downloading from google-maven-central: https://maven-central.storage-download.googleapis.com/maven2/org/slf4j/slf4j-api/1.5.6/slf4j-api-1.5.6.jar
17:36:55.976 [Thread-7] DEBUG spoon.Launcher - [INFO] Downloading from google-maven-central: https://maven-central.storage-download.googleapis.com/maven2/org/slf4j/jcl-over-slf4j/1.5.6/jcl-over-slf4j-1.5.6.jar
17:36:55.986 [Thread-7] DEBUG spoon.Launcher - [INFO] Downloaded from google-maven-central: https://maven-central.storage-download.googleapis.com/maven2/org/osgi/org.osgi.core/4.3.1/org.osgi.core-4.3.1.jar (350 kB at 1.7 MB/s)
17:36:55.987 [Thread-7] DEBUG spoon.Launcher - [INFO] Downloading from google-maven-central: https://maven-central.storage-download.googleapis.com/maven2/org/apache/maven/reporting/maven-reporting-api/2.2.0/maven-reporting-api-2.2.0.jar
17:36:55.995 [Thread-7] DEBUG spoon.Launcher - [INFO] Downloaded from google-maven-central: https://maven-central.storage-download.googleapis.com/maven2/org/slf4j/slf4j-api/1.5.6/slf4j-api-1.5.6.jar (22 kB at 115 kB/s)
17:36:56.001 [Thread-7] DEBUG spoon.Launcher - [INFO] Downloaded from google-maven-central: https://maven-central.storage-download.googleapis.com/maven2/org/apache/maven/reporting/maven-reporting-api/2.2.0/maven-reporting-api-2.2.0.jar (9.8 kB at 50 kB/s)
17:36:56.002 [Thread-7] DEBUG spoon.Launcher - [INFO] Downloading from google-maven-central: https://maven-central.storage-download.googleapis.com/maven2/org/apache/maven/doxia/doxia-logging-api/1.1/doxia-logging-api-1.1.jar
17:36:56.003 [Thread-7] DEBUG spoon.Launcher - [INFO] Downloading from google-maven-central: https://maven-central.storage-download.googleapis.com/maven2/org/apache/maven/maven-profile/2.2.0/maven-profile-2.2.0.jar
17:36:56.004 [Thread-7] DEBUG spoon.Launcher - [INFO] Downloaded from google-maven-central: https://maven-central.storage-download.googleapis.com/maven2/org/slf4j/jcl-over-slf4j/1.5.6/jcl-over-slf4j-1.5.6.jar (17 kB at 85 kB/s)
17:36:56.004 [Thread-7] DEBUG spoon.Launcher - [INFO] Downloading from google-maven-central: https://maven-central.storage-download.googleapis.com/maven2/org/apache/maven/maven-model/2.2.0/maven-model-2.2.0.jar
17:36:56.013 [Thread-7] DEBUG spoon.Launcher - [INFO] Downloaded from google-maven-central: https://maven-central.storage-download.googleapis.com/maven2/org/apache/maven/doxia/doxia-logging-api/1.1/doxia-logging-api-1.1.jar (11 kB at 53 kB/s)
17:36:56.013 [Thread-7] DEBUG spoon.Launcher - [INFO] Downloading from google-maven-central: https://maven-central.storage-download.googleapis.com/maven2/org/apache/maven/maven-artifact/2.2.0/maven-artifact-2.2.0.jar
17:36:56.022 [Thread-7] DEBUG spoon.Launcher - [INFO] Downloaded from google-maven-central: https://maven-central.storage-download.googleapis.com/maven2/org/osgi/org.osgi.compendium/4.2.0/org.osgi.compendium-4.2.0.jar (614 kB at 2.8 MB/s)
17:36:56.023 [Thread-7] DEBUG spoon.Launcher - [INFO] Downloading from google-maven-central: https://maven-central.storage-download.googleapis.com/maven2/junit/junit/4.11/junit-4.11.jar
17:36:56.024 [Thread-7] DEBUG spoon.Launcher - [INFO] Downloaded from google-maven-central: https://maven-central.storage-download.googleapis.com/maven2/org/apache/maven/maven-model/2.2.0/maven-model-2.2.0.jar (87 kB at 390 kB/s)
17:36:56.025 [Thread-7] DEBUG spoon.Launcher - [INFO] Downloading from google-maven-central: https://maven-central.storage-download.googleapis.com/maven2/org/apache/maven/maven-repository-metadata/2.2.0/maven-repository-metadata-2.2.0.jar
17:36:56.026 [Thread-7] DEBUG spoon.Launcher - [INFO] Downloaded from google-maven-central: https://maven-central.storage-download.googleapis.com/maven2/org/apache/maven/maven-artifact/2.2.0/maven-artifact-2.2.0.jar (80 kB at 354 kB/s)
17:36:56.039 [Thread-7] DEBUG spoon.Launcher - [INFO] Downloaded from google-maven-central: https://maven-central.storage-download.googleapis.com/maven2/org/apache/maven/maven-profile/2.2.0/maven-profile-2.2.0.jar (35 kB at 155 kB/s)
17:36:56.040 [Thread-7] DEBUG spoon.Launcher - [INFO] Downloaded from google-maven-central: https://maven-central.storage-download.googleapis.com/maven2/org/apache/maven/maven-repository-metadata/2.2.0/maven-repository-metadata-2.2.0.jar (26 kB at 108 kB/s)
17:36:56.040 [Thread-7] DEBUG spoon.Launcher - [INFO] Downloading from google-maven-central: https://maven-central.storage-download.googleapis.com/maven2/org/apache/maven/maven-error-diagnostics/2.2.0/maven-error-diagnostics-2.2.0.jar
17:36:56.042 [Thread-7] DEBUG spoon.Launcher - [INFO] Downloading from google-maven-central: https://maven-central.storage-download.googleapis.com/maven2/org/apache/maven/maven-project/2.2.0/maven-project-2.2.0.jar
17:36:56.044 [Thread-7] DEBUG spoon.Launcher - [INFO] Downloading from google-maven-central: https://maven-central.storage-download.googleapis.com/maven2/org/apache/maven/maven-plugin-registry/2.2.0/maven-plugin-registry-2.2.0.jar
17:36:56.048 [Thread-7] DEBUG spoon.Launcher - [INFO] Downloaded from google-maven-central: https://maven-central.storage-download.googleapis.com/maven2/org/apache/maven/maven-error-diagnostics/2.2.0/maven-error-diagnostics-2.2.0.jar (13 kB at 53 kB/s)
17:36:56.049 [Thread-7] DEBUG spoon.Launcher - [INFO] Downloading from google-maven-central: https://maven-central.storage-download.googleapis.com/maven2/commons-cli/commons-cli/1.2/commons-cli-1.2.jar
17:36:56.050 [Thread-7] DEBUG spoon.Launcher - [INFO] Downloaded from google-maven-central: https://maven-central.storage-download.googleapis.com/maven2/org/apache/maven/maven-plugin-registry/2.2.0/maven-plugin-registry-2.2.0.jar (30 kB at 119 kB/s)
17:36:56.054 [Thread-7] DEBUG spoon.Launcher - [INFO] Downloading from google-maven-central: https://maven-central.storage-download.googleapis.com/maven2/org/apache/maven/maven-plugin-api/2.2.0/maven-plugin-api-2.2.0.jar
17:36:56.061 [Thread-7] DEBUG spoon.Launcher - [INFO] Downloaded from google-maven-central: https://maven-central.storage-download.googleapis.com/maven2/commons-cli/commons-cli/1.2/commons-cli-1.2.jar (41 kB at 158 kB/s)
17:36:56.063 [Thread-7] DEBUG spoon.Launcher - [INFO] Downloaded from google-maven-central: https://maven-central.storage-download.googleapis.com/maven2/org/apache/maven/maven-plugin-api/2.2.0/maven-plugin-api-2.2.0.jar (12 kB at 47 kB/s)
17:36:56.063 [Thread-7] DEBUG spoon.Launcher - [INFO] Downloading from google-maven-central: https://maven-central.storage-download.googleapis.com/maven2/org/apache/maven/maven-plugin-descriptor/2.2.0/maven-plugin-descriptor-2.2.0.jar
17:36:56.064 [Thread-7] DEBUG spoon.Launcher - [INFO] Downloading from google-maven-central: https://maven-central.storage-download.googleapis.com/maven2/org/apache/maven/maven-artifact-manager/2.2.0/maven-artifact-manager-2.2.0.jar
17:36:56.083 [Thread-7] DEBUG spoon.Launcher - [INFO] Downloaded from google-maven-central: https://maven-central.storage-download.googleapis.com/maven2/org/apache/maven/maven-plugin-descriptor/2.2.0/maven-plugin-descriptor-2.2.0.jar (39 kB at 141 kB/s)
17:36:56.083 [Thread-7] DEBUG spoon.Launcher - [INFO] Downloading from google-maven-central: https://maven-central.storage-download.googleapis.com/maven2/backport-util-concurrent/backport-util-concurrent/3.1/backport-util-concurrent-3.1.jar
17:36:56.085 [Thread-7] DEBUG spoon.Launcher - [INFO] Downloaded from google-maven-central: https://maven-central.storage-download.googleapis.com/maven2/org/apache/maven/maven-project/2.2.0/maven-project-2.2.0.jar (156 kB at 558 kB/s)
17:36:56.087 [Thread-7] DEBUG spoon.Launcher - [INFO] Downloading from google-maven-central: https://maven-central.storage-download.googleapis.com/maven2/org/apache/maven/maven-monitor/2.2.0/maven-monitor-2.2.0.jar
17:36:56.091 [Thread-7] DEBUG spoon.Launcher - [INFO] Downloaded from google-maven-central: https://maven-central.storage-download.googleapis.com/maven2/junit/junit/4.11/junit-4.11.jar (245 kB at 848 kB/s)
17:36:56.092 [Thread-7] DEBUG spoon.Launcher - [INFO] Downloaded from google-maven-central: https://maven-central.storage-download.googleapis.com/maven2/org/apache/maven/maven-artifact-manager/2.2.0/maven-artifact-manager-2.2.0.jar (65 kB at 229 kB/s)
17:36:56.092 [Thread-7] DEBUG spoon.Launcher - [INFO] Downloading from google-maven-central: https://maven-central.storage-download.googleapis.com/maven2/org/apache/maven/maven-archiver/2.5/maven-archiver-2.5.jar
17:36:56.094 [Thread-7] DEBUG spoon.Launcher - [INFO] Downloading from google-maven-central: https://maven-central.storage-download.googleapis.com/maven2/org/codehaus/plexus/plexus-archiver/2.1/plexus-archiver-2.1.jar
17:36:56.106 [Thread-7] DEBUG spoon.Launcher - [INFO] Downloaded from google-maven-central: https://maven-central.storage-download.googleapis.com/maven2/org/apache/maven/maven-monitor/2.2.0/maven-monitor-2.2.0.jar (10 kB at 35 kB/s)
17:36:56.108 [Thread-7] DEBUG spoon.Launcher - [INFO] Downloading from google-maven-central: https://maven-central.storage-download.googleapis.com/maven2/org/codehaus/plexus/plexus-io/2.0.2/plexus-io-2.0.2.jar
17:36:56.116 [Thread-7] DEBUG spoon.Launcher - [INFO] Downloaded from google-maven-central: https://maven-central.storage-download.googleapis.com/maven2/org/apache/maven/maven-archiver/2.5/maven-archiver-2.5.jar (22 kB at 69 kB/s)
17:36:56.116 [Thread-7] DEBUG spoon.Launcher - [INFO] Downloading from google-maven-central: https://maven-central.storage-download.googleapis.com/maven2/org/codehaus/plexus/plexus-utils/3.0.10/plexus-utils-3.0.10.jar
17:36:56.118 [Thread-7] DEBUG spoon.Launcher - [INFO] Downloaded from google-maven-central: https://maven-central.storage-download.googleapis.com/maven2/org/codehaus/plexus/plexus-io/2.0.2/plexus-io-2.0.2.jar (58 kB at 184 kB/s)
17:36:56.120 [Thread-7] DEBUG spoon.Launcher - [INFO] Downloading from google-maven-central: https://maven-central.storage-download.googleapis.com/maven2/org/sonatype/plexus/plexus-build-api/0.0.7/plexus-build-api-0.0.7.jar
17:36:56.131 [Thread-7] DEBUG spoon.Launcher - [INFO] Downloaded from google-maven-central: https://maven-central.storage-download.googleapis.com/maven2/org/codehaus/plexus/plexus-archiver/2.1/plexus-archiver-2.1.jar (184 kB at 564 kB/s)
17:36:56.143 [Thread-7] DEBUG spoon.Launcher - [INFO] Downloading from google-maven-central: https://maven-central.storage-download.googleapis.com/maven2/commons-lang/commons-lang/2.1/commons-lang-2.1.jar
17:36:56.153 [Thread-7] DEBUG spoon.Launcher - [INFO] Downloaded from google-maven-central: https://maven-central.storage-download.googleapis.com/maven2/org/sonatype/plexus/plexus-build-api/0.0.7/plexus-build-api-0.0.7.jar (8.5 kB at 25 kB/s)
17:36:56.155 [Thread-7] DEBUG spoon.Launcher - [INFO] Downloading from google-maven-central: https://maven-central.storage-download.googleapis.com/maven2/commons-collections/commons-collections/3.2/commons-collections-3.2.jar
17:36:56.160 [Thread-7] DEBUG spoon.Launcher - [INFO] Downloaded from google-maven-central: https://maven-central.storage-download.googleapis.com/maven2/backport-util-concurrent/backport-util-concurrent/3.1/backport-util-concurrent-3.1.jar (332 kB at 924 kB/s)
17:36:56.160 [Thread-7] DEBUG spoon.Launcher - [INFO] Downloading from google-maven-central: https://maven-central.storage-download.googleapis.com/maven2/org/jdom/jdom/1.1/jdom-1.1.jar
17:36:56.176 [Thread-7] DEBUG spoon.Launcher - [INFO] Downloaded from google-maven-central: https://maven-central.storage-download.googleapis.com/maven2/org/codehaus/plexus/plexus-utils/3.0.10/plexus-utils-3.0.10.jar (231 kB at 616 kB/s)
17:36:56.184 [Thread-7] DEBUG spoon.Launcher - [INFO] Downloaded from google-maven-central: https://maven-central.storage-download.googleapis.com/maven2/org/jdom/jdom/1.1/jdom-1.1.jar (153 kB at 400 kB/s)
17:36:56.197 [Thread-7] DEBUG spoon.Launcher - [INFO] Downloaded from google-maven-central: https://maven-central.storage-download.googleapis.com/maven2/commons-lang/commons-lang/2.1/commons-lang-2.1.jar (208 kB at 526 kB/s)
17:36:56.199 [Thread-7] DEBUG spoon.Launcher - [INFO] Downloaded from google-maven-central: https://maven-central.storage-download.googleapis.com/maven2/biz/aQute/bnd/biz.aQute.bndlib/3.0.0/biz.aQute.bndlib-3.0.0.jar (2.2 MB at 5.2 MB/s)
17:36:56.225 [Thread-7] DEBUG spoon.Launcher - [INFO] Downloaded from google-maven-central: https://maven-central.storage-download.googleapis.com/maven2/commons-collections/commons-collections/3.2/commons-collections-3.2.jar (571 kB at 1.3 MB/s)
17:36:56.592 [Thread-7] DEBUG spoon.Launcher - [INFO] Downloading from google-maven-central: https://maven-central.storage-download.googleapis.com/maven2/org/apache/maven/plugins/maven-enforcer-plugin/1.2/maven-enforcer-plugin-1.2.pom
17:36:56.617 [Thread-7] DEBUG spoon.Launcher - [INFO] Downloaded from google-maven-central: https://maven-central.storage-download.googleapis.com/maven2/org/apache/maven/plugins/maven-enforcer-plugin/1.2/maven-enforcer-plugin-1.2.pom (5.8 kB at 208 kB/s)
17:36:56.620 [Thread-7] DEBUG spoon.Launcher - [INFO] Downloading from google-maven-central: https://maven-central.storage-download.googleapis.com/maven2/org/apache/maven/enforcer/enforcer/1.2/enforcer-1.2.pom
17:36:56.645 [Thread-7] DEBUG spoon.Launcher - [INFO] Downloaded from google-maven-central: https://maven-central.storage-download.googleapis.com/maven2/org/apache/maven/enforcer/enforcer/1.2/enforcer-1.2.pom (11 kB at 423 kB/s)
17:36:56.652 [Thread-7] DEBUG spoon.Launcher - [INFO] Downloading from google-maven-central: https://maven-central.storage-download.googleapis.com/maven2/org/apache/maven/plugins/maven-enforcer-plugin/1.2/maven-enforcer-plugin-1.2.jar
17:36:56.682 [Thread-7] DEBUG spoon.Launcher - [INFO] Downloaded from google-maven-central: https://maven-central.storage-download.googleapis.com/maven2/org/apache/maven/plugins/maven-enforcer-plugin/1.2/maven-enforcer-plugin-1.2.jar (25 kB at 848 kB/s)
17:36:56.688 [Thread-7] DEBUG spoon.Launcher - [INFO] Downloading from google-maven-central: https://maven-central.storage-download.googleapis.com/maven2/org/apache/maven/plugins/maven-shade-plugin/2.3/maven-shade-plugin-2.3.pom
17:36:56.718 [Thread-7] DEBUG spoon.Launcher - [INFO] Downloaded from google-maven-central: https://maven-central.storage-download.googleapis.com/maven2/org/apache/maven/plugins/maven-shade-plugin/2.3/maven-shade-plugin-2.3.pom (7.3 kB at 237 kB/s)
17:36:56.720 [Thread-7] DEBUG spoon.Launcher - [INFO] Downloading from google-maven-central: https://maven-central.storage-download.googleapis.com/maven2/org/apache/maven/plugins/maven-plugins/25/maven-plugins-25.pom
17:36:56.727 [Thread-7] DEBUG spoon.Launcher - [INFO] Downloaded from google-maven-central: https://maven-central.storage-download.googleapis.com/maven2/org/apache/maven/plugins/maven-plugins/25/maven-plugins-25.pom (9.6 kB at 1.6 MB/s)
17:36:56.729 [Thread-7] DEBUG spoon.Launcher - [INFO] Downloading from google-maven-central: https://maven-central.storage-download.googleapis.com/maven2/org/apache/maven/maven-parent/24/maven-parent-24.pom
17:36:56.735 [Thread-7] DEBUG spoon.Launcher - [INFO] Downloaded from google-maven-central: https://maven-central.storage-download.googleapis.com/maven2/org/apache/maven/maven-parent/24/maven-parent-24.pom (37 kB at 6.1 MB/s)
17:36:56.739 [Thread-7] DEBUG spoon.Launcher - [INFO] Downloading from google-maven-central: https://maven-central.storage-download.googleapis.com/maven2/org/apache/apache/14/apache-14.pom
17:36:56.743 [Thread-7] DEBUG spoon.Launcher - [INFO] Downloaded from google-maven-central: https://maven-central.storage-download.googleapis.com/maven2/org/apache/apache/14/apache-14.pom (15 kB at 2.9 MB/s)
17:36:56.747 [Thread-7] DEBUG spoon.Launcher - [INFO] Downloading from google-maven-central: https://maven-central.storage-download.googleapis.com/maven2/org/apache/maven/plugins/maven-shade-plugin/2.3/maven-shade-plugin-2.3.jar
17:36:56.791 [Thread-7] DEBUG spoon.Launcher - [INFO] Downloaded from google-maven-central: https://maven-central.storage-download.googleapis.com/maven2/org/apache/maven/plugins/maven-shade-plugin/2.3/maven-shade-plugin-2.3.jar (101 kB at 2.4 MB/s)
17:36:56.795 [Thread-7] DEBUG spoon.Launcher - [INFO] Downloading from google-maven-central: https://maven-central.storage-download.googleapis.com/maven2/org/apache/maven/plugins/maven-surefire-plugin/2.19.1/maven-surefire-plugin-2.19.1.pom
17:36:56.822 [Thread-7] DEBUG spoon.Launcher - [INFO] Downloaded from google-maven-central: https://maven-central.storage-download.googleapis.com/maven2/org/apache/maven/plugins/maven-surefire-plugin/2.19.1/maven-surefire-plugin-2.19.1.pom (5.6 kB at 199 kB/s)
17:36:56.825 [Thread-7] DEBUG spoon.Launcher - [INFO] Downloading from google-maven-central: https://maven-central.storage-download.googleapis.com/maven2/org/apache/maven/surefire/surefire/2.19.1/surefire-2.19.1.pom
17:36:56.856 [Thread-7] DEBUG spoon.Launcher - [INFO] Downloaded from google-maven-central: https://maven-central.storage-download.googleapis.com/maven2/org/apache/maven/surefire/surefire/2.19.1/surefire-2.19.1.pom (18 kB at 577 kB/s)
17:36:56.864 [Thread-7] DEBUG spoon.Launcher - [INFO] Downloading from google-maven-central: https://maven-central.storage-download.googleapis.com/maven2/org/apache/maven/plugins/maven-surefire-plugin/2.19.1/maven-surefire-plugin-2.19.1.jar
17:36:56.893 [Thread-7] DEBUG spoon.Launcher - [INFO] Downloaded from google-maven-central: https://maven-central.storage-download.googleapis.com/maven2/org/apache/maven/plugins/maven-surefire-plugin/2.19.1/maven-surefire-plugin-2.19.1.jar (38 kB at 1.4 MB/s)
17:36:56.901 [Thread-7] DEBUG spoon.Launcher - [INFO] Downloading from google-maven-central: https://maven-central.storage-download.googleapis.com/maven2/org/apache/maven/plugins/maven-checkstyle-plugin/2.17/maven-checkstyle-plugin-2.17.pom
17:36:56.925 [Thread-7] DEBUG spoon.Launcher - [INFO] Downloaded from google-maven-central: https://maven-central.storage-download.googleapis.com/maven2/org/apache/maven/plugins/maven-checkstyle-plugin/2.17/maven-checkstyle-plugin-2.17.pom (13 kB at 494 kB/s)
17:36:56.928 [Thread-7] DEBUG spoon.Launcher - [INFO] Downloading from google-maven-central: https://maven-central.storage-download.googleapis.com/maven2/org/apache/maven/plugins/maven-plugins/28/maven-plugins-28.pom
17:36:56.962 [Thread-7] DEBUG spoon.Launcher - [INFO] Downloaded from google-maven-central: https://maven-central.storage-download.googleapis.com/maven2/org/apache/maven/plugins/maven-plugins/28/maven-plugins-28.pom (12 kB at 376 kB/s)
17:36:56.964 [Thread-7] DEBUG spoon.Launcher - [INFO] Downloading from google-maven-central: https://maven-central.storage-download.googleapis.com/maven2/org/apache/maven/maven-parent/27/maven-parent-27.pom
17:36:56.971 [Thread-7] DEBUG spoon.Launcher - [INFO] Downloaded from google-maven-central: https://maven-central.storage-download.googleapis.com/maven2/org/apache/maven/maven-parent/27/maven-parent-27.pom (41 kB at 5.1 MB/s)
17:36:56.976 [Thread-7] DEBUG spoon.Launcher - [INFO] Downloading from google-maven-central: https://maven-central.storage-download.googleapis.com/maven2/org/apache/maven/plugins/maven-checkstyle-plugin/2.17/maven-checkstyle-plugin-2.17.jar
17:36:57.007 [Thread-7] DEBUG spoon.Launcher - [INFO] Downloaded from google-maven-central: https://maven-central.storage-download.googleapis.com/maven2/org/apache/maven/plugins/maven-checkstyle-plugin/2.17/maven-checkstyle-plugin-2.17.jar (109 kB at 3.6 MB/s)
17:36:57.012 [Thread-7] DEBUG spoon.Launcher - [INFO] Downloading from google-maven-central: https://maven-central.storage-download.googleapis.com/maven2/org/apache/maven/plugins/maven-failsafe-plugin/2.6/maven-failsafe-plugin-2.6.pom
17:36:57.281 [Thread-7] DEBUG spoon.Launcher - [INFO] Downloaded from google-maven-central: https://maven-central.storage-download.googleapis.com/maven2/org/apache/maven/plugins/maven-failsafe-plugin/2.6/maven-failsafe-plugin-2.6.pom (12 kB at 44 kB/s)
17:36:57.281 [Thread-7] DEBUG spoon.Launcher - [INFO] Downloading from google-maven-central: https://maven-central.storage-download.googleapis.com/maven2/org/apache/maven/surefire/surefire/2.6/surefire-2.6.pom
17:36:57.397 [Thread-7] DEBUG spoon.Launcher - [INFO] Downloaded from google-maven-central: https://maven-central.storage-download.googleapis.com/maven2/org/apache/maven/surefire/surefire/2.6/surefire-2.6.pom (8.8 kB at 78 kB/s)
17:36:57.407 [Thread-7] DEBUG spoon.Launcher - [INFO] Downloading from google-maven-central: https://maven-central.storage-download.googleapis.com/maven2/org/apache/maven/plugins/maven-failsafe-plugin/2.6/maven-failsafe-plugin-2.6.jar
17:36:57.563 [Thread-7] DEBUG spoon.Launcher - [INFO] Downloaded from google-maven-central: https://maven-central.storage-download.googleapis.com/maven2/org/apache/maven/plugins/maven-failsafe-plugin/2.6/maven-failsafe-plugin-2.6.jar (44 kB at 287 kB/s)
17:36:57.569 [Thread-7] DEBUG spoon.Launcher - [INFO] Downloading from google-maven-central: https://maven-central.storage-download.googleapis.com/maven2/org/apache/maven/plugins/maven-compiler-plugin/3.5/maven-compiler-plugin-3.5.pom
17:36:57.595 [Thread-7] DEBUG spoon.Launcher - [INFO] Downloaded from google-maven-central: https://maven-central.storage-download.googleapis.com/maven2/org/apache/maven/plugins/maven-compiler-plugin/3.5/maven-compiler-plugin-3.5.pom (10 kB at 362 kB/s)
17:36:57.606 [Thread-7] DEBUG spoon.Launcher - [INFO] Downloading from google-maven-central: https://maven-central.storage-download.googleapis.com/maven2/org/apache/maven/plugins/maven-compiler-plugin/3.5/maven-compiler-plugin-3.5.jar
17:36:57.644 [Thread-7] DEBUG spoon.Launcher - [INFO] Downloaded from google-maven-central: https://maven-central.storage-download.googleapis.com/maven2/org/apache/maven/plugins/maven-compiler-plugin/3.5/maven-compiler-plugin-3.5.jar (50 kB at 1.2 MB/s)
17:36:57.654 [Thread-7] DEBUG spoon.Launcher - [INFO] Downloading from google-maven-central: https://maven-central.storage-download.googleapis.com/maven2/org/codehaus/mojo/build-helper-maven-plugin/1.7/build-helper-maven-plugin-1.7.pom
17:36:57.666 [Thread-7] DEBUG spoon.Launcher - [INFO] Downloaded from google-maven-central: https://maven-central.storage-download.googleapis.com/maven2/org/codehaus/mojo/build-helper-maven-plugin/1.7/build-helper-maven-plugin-1.7.pom (5.4 kB at 418 kB/s)
17:36:57.672 [Thread-7] DEBUG spoon.Launcher - [INFO] Downloading from google-maven-central: https://maven-central.storage-download.googleapis.com/maven2/org/codehaus/mojo/mojo-parent/28/mojo-parent-28.pom
17:36:57.682 [Thread-7] DEBUG spoon.Launcher - [INFO] Downloaded from google-maven-central: https://maven-central.storage-download.googleapis.com/maven2/org/codehaus/mojo/mojo-parent/28/mojo-parent-28.pom (26 kB at 2.4 MB/s)
17:36:57.747 [Thread-7] DEBUG spoon.Launcher - [INFO] Downloading from google-maven-central: https://maven-central.storage-download.googleapis.com/maven2/org/codehaus/mojo/build-helper-maven-plugin/1.7/build-helper-maven-plugin-1.7.jar
17:36:57.781 [Thread-7] DEBUG spoon.Launcher - [INFO] Downloaded from google-maven-central: https://maven-central.storage-download.googleapis.com/maven2/org/codehaus/mojo/build-helper-maven-plugin/1.7/build-helper-maven-plugin-1.7.jar (33 kB at 740 kB/s)
17:36:57.808 [Thread-7] DEBUG spoon.Launcher - [INFO] Downloading from google-maven-central: https://maven-central.storage-download.googleapis.com/maven2/org/apache/maven/plugins/maven-source-plugin/2.4/maven-source-plugin-2.4.pom
17:36:57.817 [Thread-7] DEBUG spoon.Launcher - [INFO] Downloaded from google-maven-central: https://maven-central.storage-download.googleapis.com/maven2/org/apache/maven/plugins/maven-source-plugin/2.4/maven-source-plugin-2.4.pom (6.6 kB at 475 kB/s)
17:36:57.830 [Thread-7] DEBUG spoon.Launcher - [INFO] Downloading from google-maven-central: https://maven-central.storage-download.googleapis.com/maven2/org/apache/maven/plugins/maven-source-plugin/2.4/maven-source-plugin-2.4.jar
17:36:57.844 [Thread-7] DEBUG spoon.Launcher - [INFO] Downloaded from google-maven-central: https://maven-central.storage-download.googleapis.com/maven2/org/apache/maven/plugins/maven-source-plugin/2.4/maven-source-plugin-2.4.jar (31 kB at 2.0 MB/s)
17:36:57.849 [Thread-7] DEBUG spoon.Launcher - [INFO] Downloading from google-maven-central: https://maven-central.storage-download.googleapis.com/maven2/org/apache/maven/plugins/maven-javadoc-plugin/2.10.3/maven-javadoc-plugin-2.10.3.pom
17:36:58.064 [Thread-7] DEBUG spoon.Launcher - [INFO] Downloaded from google-maven-central: https://maven-central.storage-download.googleapis.com/maven2/org/apache/maven/plugins/maven-javadoc-plugin/2.10.3/maven-javadoc-plugin-2.10.3.pom (16 kB at 76 kB/s)
17:36:58.070 [Thread-7] DEBUG spoon.Launcher - [INFO] Downloading from google-maven-central: https://maven-central.storage-download.googleapis.com/maven2/org/apache/maven/plugins/maven-javadoc-plugin/2.10.3/maven-javadoc-plugin-2.10.3.jar
17:36:58.228 [Thread-7] DEBUG spoon.Launcher - [INFO] Downloaded from google-maven-central: https://maven-central.storage-download.googleapis.com/maven2/org/apache/maven/plugins/maven-javadoc-plugin/2.10.3/maven-javadoc-plugin-2.10.3.jar (405 kB at 2.6 MB/s)
17:36:58.399 [Thread-7] DEBUG spoon.Launcher - [INFO] Downloading from google-maven-central: https://maven-central.storage-download.googleapis.com/maven2/org/codehaus/mojo/findbugs-maven-plugin/3.0.3/findbugs-maven-plugin-3.0.3.pom
17:36:58.595 [Thread-7] DEBUG spoon.Launcher - [INFO] Downloaded from google-maven-central: https://maven-central.storage-download.googleapis.com/maven2/org/codehaus/mojo/findbugs-maven-plugin/3.0.3/findbugs-maven-plugin-3.0.3.pom (22 kB at 112 kB/s)
17:36:58.596 [Thread-7] DEBUG spoon.Launcher - [INFO] Downloading from google-maven-central: https://maven-central.storage-download.googleapis.com/maven2/org/codehaus/mojo/mojo-parent/35/mojo-parent-35.pom
17:36:58.624 [Thread-7] DEBUG spoon.Launcher - [INFO] Downloaded from google-maven-central: https://maven-central.storage-download.googleapis.com/maven2/org/codehaus/mojo/mojo-parent/35/mojo-parent-35.pom (25 kB at 922 kB/s)
17:36:58.628 [Thread-7] DEBUG spoon.Launcher - [INFO] Downloading from google-maven-central: https://maven-central.storage-download.googleapis.com/maven2/org/codehaus/codehaus-parent/4/codehaus-parent-4.pom
17:36:58.650 [Thread-7] DEBUG spoon.Launcher - [INFO] Downloaded from google-maven-central: https://maven-central.storage-download.googleapis.com/maven2/org/codehaus/codehaus-parent/4/codehaus-parent-4.pom (4.8 kB at 219 kB/s)
17:36:58.654 [Thread-7] DEBUG spoon.Launcher - [INFO] Downloading from google-maven-central: https://maven-central.storage-download.googleapis.com/maven2/org/codehaus/mojo/findbugs-maven-plugin/3.0.3/findbugs-maven-plugin-3.0.3.jar
17:36:58.847 [Thread-7] DEBUG spoon.Launcher - [INFO] Downloaded from google-maven-central: https://maven-central.storage-download.googleapis.com/maven2/org/codehaus/mojo/findbugs-maven-plugin/3.0.3/findbugs-maven-plugin-3.0.3.jar (145 kB at 756 kB/s)
17:36:58.854 [Thread-7] DEBUG spoon.Launcher - [INFO] Downloading from google-maven-central: https://maven-central.storage-download.googleapis.com/maven2/org/apache/maven/plugins/maven-pmd-plugin/3.6/maven-pmd-plugin-3.6.pom
17:36:59.074 [Thread-7] DEBUG spoon.Launcher - [INFO] Downloaded from google-maven-central: https://maven-central.storage-download.googleapis.com/maven2/org/apache/maven/plugins/maven-pmd-plugin/3.6/maven-pmd-plugin-3.6.pom (12 kB at 56 kB/s)
17:36:59.080 [Thread-7] DEBUG spoon.Launcher - [INFO] Downloading from google-maven-central: https://maven-central.storage-download.googleapis.com/maven2/org/apache/maven/plugins/maven-pmd-plugin/3.6/maven-pmd-plugin-3.6.jar
17:36:59.276 [Thread-7] DEBUG spoon.Launcher - [INFO] Downloaded from google-maven-central: https://maven-central.storage-download.googleapis.com/maven2/org/apache/maven/plugins/maven-pmd-plugin/3.6/maven-pmd-plugin-3.6.jar (98 kB at 502 kB/s)
17:36:59.296 [Thread-7] DEBUG spoon.Launcher - [INFO] Downloading from google-maven-central: https://maven-central.storage-download.googleapis.com/maven2/org/apache/maven/plugins/maven-jar-plugin/2.6/maven-jar-plugin-2.6.pom
17:36:59.331 [Thread-7] DEBUG spoon.Launcher - [INFO] Downloaded from google-maven-central: https://maven-central.storage-download.googleapis.com/maven2/org/apache/maven/plugins/maven-jar-plugin/2.6/maven-jar-plugin-2.6.pom (5.9 kB at 168 kB/s)
17:36:59.336 [Thread-7] DEBUG spoon.Launcher - [INFO] Downloading from google-maven-central: https://maven-central.storage-download.googleapis.com/maven2/org/apache/maven/plugins/maven-jar-plugin/2.6/maven-jar-plugin-2.6.jar
17:36:59.361 [Thread-7] DEBUG spoon.Launcher - [INFO] Downloaded from google-maven-central: https://maven-central.storage-download.googleapis.com/maven2/org/apache/maven/plugins/maven-jar-plugin/2.6/maven-jar-plugin-2.6.jar (26 kB at 1.1 MB/s)
17:36:59.418 [Thread-7] DEBUG spoon.Launcher - [INFO] 
17:36:59.419 [Thread-7] DEBUG spoon.Launcher - [INFO] -----------------------< org.pac4j:pac4j-config >-----------------------
17:36:59.420 [Thread-7] DEBUG spoon.Launcher - [INFO] Building pac4j configuration 3.0.0
17:36:59.421 [Thread-7] DEBUG spoon.Launcher - [INFO] --------------------------------[ jar ]---------------------------------
17:36:59.434 [Thread-7] DEBUG spoon.Launcher - [INFO] Downloading from google-maven-central: https://maven-central.storage-download.googleapis.com/maven2/org/pac4j/pac4j-core/3.0.0/pac4j-core-3.0.0.pom
17:36:59.633 [Thread-7] DEBUG spoon.Launcher - [INFO] Downloaded from google-maven-central: https://maven-central.storage-download.googleapis.com/maven2/org/pac4j/pac4j-core/3.0.0/pac4j-core-3.0.0.pom (4.3 kB at 22 kB/s)
17:36:59.637 [Thread-7] DEBUG spoon.Launcher - [INFO] Downloading from google-maven-central: https://maven-central.storage-download.googleapis.com/maven2/org/pac4j/pac4j/3.0.0/pac4j-3.0.0.pom
17:36:59.808 [Thread-7] DEBUG spoon.Launcher - [INFO] Downloaded from google-maven-central: https://maven-central.storage-download.googleapis.com/maven2/org/pac4j/pac4j/3.0.0/pac4j-3.0.0.pom (16 kB at 92 kB/s)
17:36:59.816 [Thread-7] DEBUG spoon.Launcher - [INFO] Downloading from google-maven-central: https://maven-central.storage-download.googleapis.com/maven2/org/pac4j/pac4j-cas/3.0.0/pac4j-cas-3.0.0.pom
17:36:59.963 [Thread-7] DEBUG spoon.Launcher - [INFO] Downloaded from google-maven-central: https://maven-central.storage-download.googleapis.com/maven2/org/pac4j/pac4j-cas/3.0.0/pac4j-cas-3.0.0.pom (2.7 kB at 18 kB/s)
17:36:59.968 [Thread-7] DEBUG spoon.Launcher - [INFO] Downloading from google-maven-central: https://maven-central.storage-download.googleapis.com/maven2/org/jasig/cas/client/cas-client-core/3.5.0/cas-client-core-3.5.0.pom
17:37:00.130 [Thread-7] DEBUG spoon.Launcher - [INFO] Downloaded from google-maven-central: https://maven-central.storage-download.googleapis.com/maven2/org/jasig/cas/client/cas-client-core/3.5.0/cas-client-core-3.5.0.pom (3.0 kB at 18 kB/s)
17:37:00.133 [Thread-7] DEBUG spoon.Launcher - [INFO] Downloading from google-maven-central: https://maven-central.storage-download.googleapis.com/maven2/org/jasig/cas/client/cas-client/3.5.0/cas-client-3.5.0.pom
17:37:00.328 [Thread-7] DEBUG spoon.Launcher - [INFO] Downloaded from google-maven-central: https://maven-central.storage-download.googleapis.com/maven2/org/jasig/cas/client/cas-client/3.5.0/cas-client-3.5.0.pom (11 kB at 55 kB/s)
17:37:00.330 [Thread-7] DEBUG spoon.Launcher - [INFO] Downloading from google-maven-central: https://maven-central.storage-download.googleapis.com/maven2/org/jasig/parent/jasig-parent/39/jasig-parent-39.pom
17:37:00.362 [Thread-7] DEBUG spoon.Launcher - [INFO] Downloaded from google-maven-central: https://maven-central.storage-download.googleapis.com/maven2/org/jasig/parent/jasig-parent/39/jasig-parent-39.pom (17 kB at 578 kB/s)
17:37:00.366 [Thread-7] DEBUG spoon.Launcher - [INFO] Downloading from google-maven-central: https://maven-central.storage-download.googleapis.com/maven2/com/fasterxml/jackson/core/jackson-databind/2.8.7/jackson-databind-2.8.7.pom
17:37:00.391 [Thread-7] DEBUG spoon.Launcher - [INFO] Downloaded from google-maven-central: https://maven-central.storage-download.googleapis.com/maven2/com/fasterxml/jackson/core/jackson-databind/2.8.7/jackson-databind-2.8.7.pom (5.4 kB at 217 kB/s)
17:37:00.393 [Thread-7] DEBUG spoon.Launcher - [INFO] Downloading from google-maven-central: https://maven-central.storage-download.googleapis.com/maven2/com/fasterxml/jackson/jackson-parent/2.8/jackson-parent-2.8.pom
17:37:00.397 [Thread-7] DEBUG spoon.Launcher - [INFO] Downloaded from google-maven-central: https://maven-central.storage-download.googleapis.com/maven2/com/fasterxml/jackson/jackson-parent/2.8/jackson-parent-2.8.pom (8.0 kB at 1.6 MB/s)
17:37:00.399 [Thread-7] DEBUG spoon.Launcher - [INFO] Downloading from google-maven-central: https://maven-central.storage-download.googleapis.com/maven2/com/fasterxml/oss-parent/27/oss-parent-27.pom
17:37:00.403 [Thread-7] DEBUG spoon.Launcher - [INFO] Downloaded from google-maven-central: https://maven-central.storage-download.googleapis.com/maven2/com/fasterxml/oss-parent/27/oss-parent-27.pom (20 kB at 4.9 MB/s)
17:37:00.407 [Thread-7] DEBUG spoon.Launcher - [INFO] Downloading from google-maven-central: https://maven-central.storage-download.googleapis.com/maven2/com/fasterxml/jackson/core/jackson-annotations/2.8.0/jackson-annotations-2.8.0.pom
17:37:00.434 [Thread-7] DEBUG spoon.Launcher - [INFO] Downloaded from google-maven-central: https://maven-central.storage-download.googleapis.com/maven2/com/fasterxml/jackson/core/jackson-annotations/2.8.0/jackson-annotations-2.8.0.pom (1.8 kB at 68 kB/s)
17:37:00.438 [Thread-7] DEBUG spoon.Launcher - [INFO] Downloading from google-maven-central: https://maven-central.storage-download.googleapis.com/maven2/com/fasterxml/jackson/core/jackson-core/2.8.7/jackson-core-2.8.7.pom
17:37:00.467 [Thread-7] DEBUG spoon.Launcher - [INFO] Downloaded from google-maven-central: https://maven-central.storage-download.googleapis.com/maven2/com/fasterxml/jackson/core/jackson-core/2.8.7/jackson-core-2.8.7.pom (5.4 kB at 193 kB/s)
17:37:00.471 [Thread-7] DEBUG spoon.Launcher - [INFO] Downloading from google-maven-central: https://maven-central.storage-download.googleapis.com/maven2/org/jasig/cas/client/cas-client-support-saml/3.5.0/cas-client-support-saml-3.5.0.pom
17:37:00.717 [Thread-7] DEBUG spoon.Launcher - [INFO] Downloaded from google-maven-central: https://maven-central.storage-download.googleapis.com/maven2/org/jasig/cas/client/cas-client-support-saml/3.5.0/cas-client-support-saml-3.5.0.pom (1.6 kB at 6.5 kB/s)
17:37:00.721 [Thread-7] DEBUG spoon.Launcher - [INFO] Downloading from google-maven-central: https://maven-central.storage-download.googleapis.com/maven2/joda-time/joda-time/2.7/joda-time-2.7.pom
17:37:00.745 [Thread-7] DEBUG spoon.Launcher - [INFO] Downloaded from google-maven-central: https://maven-central.storage-download.googleapis.com/maven2/joda-time/joda-time/2.7/joda-time-2.7.pom (29 kB at 1.2 MB/s)
17:37:00.749 [Thread-7] DEBUG spoon.Launcher - [INFO] Downloading from google-maven-central: https://maven-central.storage-download.googleapis.com/maven2/com/google/guava/guava/21.0/guava-21.0.pom
17:37:00.755 [Thread-7] DEBUG spoon.Launcher - [INFO] Downloaded from google-maven-central: https://maven-central.storage-download.googleapis.com/maven2/com/google/guava/guava/21.0/guava-21.0.pom (7.0 kB at 1.4 MB/s)
17:37:00.762 [Thread-7] DEBUG spoon.Launcher - [INFO] Downloading from google-maven-central: https://maven-central.storage-download.googleapis.com/maven2/com/google/guava/guava-parent/21.0/guava-parent-21.0.pom
17:37:00.773 [Thread-7] DEBUG spoon.Launcher - [INFO] Downloaded from google-maven-central: https://maven-central.storage-download.googleapis.com/maven2/com/google/guava/guava-parent/21.0/guava-parent-21.0.pom (9.7 kB at 879 kB/s)
17:37:00.782 [Thread-7] DEBUG spoon.Launcher - [INFO] Downloading from google-maven-central: https://maven-central.storage-download.googleapis.com/maven2/org/pac4j/pac4j-saml/3.0.0/pac4j-saml-3.0.0.pom
17:37:00.964 [Thread-7] DEBUG spoon.Launcher - [INFO] Downloaded from google-maven-central: https://maven-central.storage-download.googleapis.com/maven2/org/pac4j/pac4j-saml/3.0.0/pac4j-saml-3.0.0.pom (8.0 kB at 43 kB/s)
17:37:00.968 [Thread-7] DEBUG spoon.Launcher - [INFO] Downloading from google-maven-central: https://maven-central.storage-download.googleapis.com/maven2/org/opensaml/opensaml-core/3.3.1/opensaml-core-3.3.1.pom
17:37:01.119 [Thread-7] DEBUG spoon.Launcher - [INFO] Downloaded from google-maven-central: https://maven-central.storage-download.googleapis.com/maven2/org/opensaml/opensaml-core/3.3.1/opensaml-core-3.3.1.pom (2.4 kB at 16 kB/s)
17:37:01.121 [Thread-7] DEBUG spoon.Launcher - [INFO] Downloading from google-maven-central: https://maven-central.storage-download.googleapis.com/maven2/org/opensaml/opensaml-parent/3.3.1/opensaml-parent-3.3.1.pom
17:37:01.243 [Thread-7] DEBUG spoon.Launcher - [INFO] Downloaded from google-maven-central: https://maven-central.storage-download.googleapis.com/maven2/org/opensaml/opensaml-parent/3.3.1/opensaml-parent-3.3.1.pom (5.7 kB at 47 kB/s)
17:37:01.246 [Thread-7] DEBUG spoon.Launcher - [INFO] Downloading from google-maven-central: https://maven-central.storage-download.googleapis.com/maven2/net/shibboleth/parent-v3/10/parent-v3-10.pom
17:37:01.361 [Thread-7] DEBUG spoon.Launcher - [INFO] Downloaded from google-maven-central: https://maven-central.storage-download.googleapis.com/maven2/net/shibboleth/parent-v3/10/parent-v3-10.pom (46 kB at 400 kB/s)
17:37:01.368 [Thread-7] DEBUG spoon.Launcher - [INFO] Downloading from google-maven-central: https://maven-central.storage-download.googleapis.com/maven2/joda-time/joda-time/2.9/joda-time-2.9.pom
17:37:01.398 [Thread-7] DEBUG spoon.Launcher - [INFO] Downloaded from google-maven-central: https://maven-central.storage-download.googleapis.com/maven2/joda-time/joda-time/2.9/joda-time-2.9.pom (29 kB at 919 kB/s)
17:37:01.402 [Thread-7] DEBUG spoon.Launcher - [INFO] Downloading from google-maven-central: https://maven-central.storage-download.googleapis.com/maven2/io/dropwizard/metrics/metrics-core/3.1.2/metrics-core-3.1.2.pom
17:37:01.407 [Thread-7] DEBUG spoon.Launcher - [INFO] Downloaded from google-maven-central: https://maven-central.storage-download.googleapis.com/maven2/io/dropwizard/metrics/metrics-core/3.1.2/metrics-core-3.1.2.pom (846 B at 141 kB/s)
17:37:01.410 [Thread-7] DEBUG spoon.Launcher - [INFO] Downloading from google-maven-central: https://maven-central.storage-download.googleapis.com/maven2/io/dropwizard/metrics/metrics-parent/3.1.2/metrics-parent-3.1.2.pom
17:37:01.418 [Thread-7] DEBUG spoon.Launcher - [INFO] Downloaded from google-maven-central: https://maven-central.storage-download.googleapis.com/maven2/io/dropwizard/metrics/metrics-parent/3.1.2/metrics-parent-3.1.2.pom (12 kB at 3.0 MB/s)
17:37:01.418 [Thread-7] DEBUG spoon.Launcher - [INFO] Downloading from google-maven-central: https://maven-central.storage-download.googleapis.com/maven2/net/shibboleth/utilities/java-support/7.3.0/java-support-7.3.0.pom
17:37:01.520 [Thread-7] DEBUG spoon.Launcher - [INFO] Downloaded from google-maven-central: https://maven-central.storage-download.googleapis.com/maven2/net/shibboleth/utilities/java-support/7.3.0/java-support-7.3.0.pom (4.8 kB at 47 kB/s)
17:37:01.524 [Thread-7] DEBUG spoon.Launcher - [INFO] Downloading from google-maven-central: https://maven-central.storage-download.googleapis.com/maven2/commons-codec/commons-codec/1.10/commons-codec-1.10.pom
17:37:01.530 [Thread-7] DEBUG spoon.Launcher - [INFO] Downloaded from google-maven-central: https://maven-central.storage-download.googleapis.com/maven2/commons-codec/commons-codec/1.10/commons-codec-1.10.pom (12 kB at 2.3 MB/s)
17:37:01.533 [Thread-7] DEBUG spoon.Launcher - [INFO] Downloading from google-maven-central: https://maven-central.storage-download.googleapis.com/maven2/org/apache/commons/commons-parent/35/commons-parent-35.pom
17:37:01.545 [Thread-7] DEBUG spoon.Launcher - [INFO] Downloaded from google-maven-central: https://maven-central.storage-download.googleapis.com/maven2/org/apache/commons/commons-parent/35/commons-parent-35.pom (58 kB at 4.4 MB/s)
17:37:01.554 [Thread-7] DEBUG spoon.Launcher - [INFO] Downloading from google-maven-central: https://maven-central.storage-download.googleapis.com/maven2/org/apache/apache/15/apache-15.pom
17:37:01.564 [Thread-7] DEBUG spoon.Launcher - [INFO] Downloaded from google-maven-central: https://maven-central.storage-download.googleapis.com/maven2/org/apache/apache/15/apache-15.pom (15 kB at 1.5 MB/s)
17:37:01.568 [Thread-7] DEBUG spoon.Launcher - [INFO] Downloading from google-maven-central: https://maven-central.storage-download.googleapis.com/maven2/com/google/code/findbugs/jsr305/3.0.1/jsr305-3.0.1.pom
17:37:01.575 [Thread-7] DEBUG spoon.Launcher - [INFO] Downloaded from google-maven-central: https://maven-central.storage-download.googleapis.com/maven2/com/google/code/findbugs/jsr305/3.0.1/jsr305-3.0.1.pom (4.3 kB at 612 kB/s)
17:37:01.578 [Thread-7] DEBUG spoon.Launcher - [INFO] Downloading from google-maven-central: https://maven-central.storage-download.googleapis.com/maven2/org/opensaml/opensaml-saml-api/3.3.1/opensaml-saml-api-3.3.1.pom
17:37:01.718 [Thread-7] DEBUG spoon.Launcher - [INFO] Downloaded from google-maven-central: https://maven-central.storage-download.googleapis.com/maven2/org/opensaml/opensaml-saml-api/3.3.1/opensaml-saml-api-3.3.1.pom (2.5 kB at 18 kB/s)
17:37:01.723 [Thread-7] DEBUG spoon.Launcher - [INFO] Downloading from google-maven-central: https://maven-central.storage-download.googleapis.com/maven2/org/opensaml/opensaml-xmlsec-api/3.3.1/opensaml-xmlsec-api-3.3.1.pom
17:37:01.906 [Thread-7] DEBUG spoon.Launcher - [INFO] Downloaded from google-maven-central: https://maven-central.storage-download.googleapis.com/maven2/org/opensaml/opensaml-xmlsec-api/3.3.1/opensaml-xmlsec-api-3.3.1.pom (2.0 kB at 11 kB/s)
17:37:01.910 [Thread-7] DEBUG spoon.Launcher - [INFO] Downloading from google-maven-central: https://maven-central.storage-download.googleapis.com/maven2/org/opensaml/opensaml-security-api/3.3.1/opensaml-security-api-3.3.1.pom
17:37:02.157 [Thread-7] DEBUG spoon.Launcher - [INFO] Downloaded from google-maven-central: https://maven-central.storage-download.googleapis.com/maven2/org/opensaml/opensaml-security-api/3.3.1/opensaml-security-api-3.3.1.pom (2.4 kB at 9.7 kB/s)
17:37:02.162 [Thread-7] DEBUG spoon.Launcher - [INFO] Downloading from google-maven-central: https://maven-central.storage-download.googleapis.com/maven2/org/opensaml/opensaml-messaging-api/3.3.1/opensaml-messaging-api-3.3.1.pom
17:37:02.306 [Thread-7] DEBUG spoon.Launcher - [INFO] Downloaded from google-maven-central: https://maven-central.storage-download.googleapis.com/maven2/org/opensaml/opensaml-messaging-api/3.3.1/opensaml-messaging-api-3.3.1.pom (1.7 kB at 12 kB/s)
17:37:02.310 [Thread-7] DEBUG spoon.Launcher - [INFO] Downloading from google-maven-central: https://maven-central.storage-download.googleapis.com/maven2/org/apache/httpcomponents/httpclient/4.3.6/httpclient-4.3.6.pom
17:37:02.315 [Thread-7] DEBUG spoon.Launcher - [INFO] Downloaded from google-maven-central: https://maven-central.storage-download.googleapis.com/maven2/org/apache/httpcomponents/httpclient/4.3.6/httpclient-4.3.6.pom (5.2 kB at 1.0 MB/s)
17:37:02.318 [Thread-7] DEBUG spoon.Launcher - [INFO] Downloading from google-maven-central: https://maven-central.storage-download.googleapis.com/maven2/org/apache/httpcomponents/httpcomponents-client/4.3.6/httpcomponents-client-4.3.6.pom
17:37:02.322 [Thread-7] DEBUG spoon.Launcher - [INFO] Downloaded from google-maven-central: https://maven-central.storage-download.googleapis.com/maven2/org/apache/httpcomponents/httpcomponents-client/4.3.6/httpcomponents-client-4.3.6.pom (16 kB at 3.2 MB/s)
17:37:02.331 [Thread-7] DEBUG spoon.Launcher - [INFO] Downloading from google-maven-central: https://maven-central.storage-download.googleapis.com/maven2/org/apache/httpcomponents/httpcore/4.3.3/httpcore-4.3.3.pom
17:37:02.337 [Thread-7] DEBUG spoon.Launcher - [INFO] Downloaded from google-maven-central: https://maven-central.storage-download.googleapis.com/maven2/org/apache/httpcomponents/httpcore/4.3.3/httpcore-4.3.3.pom (4.6 kB at 919 kB/s)
17:37:02.339 [Thread-7] DEBUG spoon.Launcher - [INFO] Downloading from google-maven-central: https://maven-central.storage-download.googleapis.com/maven2/org/apache/httpcomponents/httpcomponents-core/4.3.3/httpcomponents-core-4.3.3.pom
17:37:02.344 [Thread-7] DEBUG spoon.Launcher - [INFO] Downloaded from google-maven-central: https://maven-central.storage-download.googleapis.com/maven2/org/apache/httpcomponents/httpcomponents-core/4.3.3/httpcomponents-core-4.3.3.pom (13 kB at 2.6 MB/s)
17:37:02.349 [Thread-7] DEBUG spoon.Launcher - [INFO] Downloading from google-maven-central: https://maven-central.storage-download.googleapis.com/maven2/org/apache/santuario/xmlsec/2.0.5/xmlsec-2.0.5.pom
17:37:02.525 [Thread-7] DEBUG spoon.Launcher - [INFO] Downloaded from google-maven-central: https://maven-central.storage-download.googleapis.com/maven2/org/apache/santuario/xmlsec/2.0.5/xmlsec-2.0.5.pom (24 kB at 133 kB/s)
17:37:02.529 [Thread-7] DEBUG spoon.Launcher - [INFO] Downloading from google-maven-central: https://maven-central.storage-download.googleapis.com/maven2/org/codehaus/woodstox/woodstox-core-asl/4.4.1/woodstox-core-asl-4.4.1.pom
17:37:02.555 [Thread-7] DEBUG spoon.Launcher - [INFO] Downloaded from google-maven-central: https://maven-central.storage-download.googleapis.com/maven2/org/codehaus/woodstox/woodstox-core-asl/4.4.1/woodstox-core-asl-4.4.1.pom (1.8 kB at 67 kB/s)
17:37:02.558 [Thread-7] DEBUG spoon.Launcher - [INFO] Downloading from google-maven-central: https://maven-central.storage-download.googleapis.com/maven2/javax/xml/stream/stax-api/1.0-2/stax-api-1.0-2.pom
17:37:02.564 [Thread-7] DEBUG spoon.Launcher - [INFO] Downloaded from google-maven-central: https://maven-central.storage-download.googleapis.com/maven2/javax/xml/stream/stax-api/1.0-2/stax-api-1.0-2.pom (962 B at 160 kB/s)
17:37:02.567 [Thread-7] DEBUG spoon.Launcher - [INFO] Downloading from google-maven-central: https://maven-central.storage-download.googleapis.com/maven2/org/codehaus/woodstox/stax2-api/3.1.4/stax2-api-3.1.4.pom
17:37:02.572 [Thread-7] DEBUG spoon.Launcher - [INFO] Downloaded from google-maven-central: https://maven-central.storage-download.googleapis.com/maven2/org/codehaus/woodstox/stax2-api/3.1.4/stax2-api-3.1.4.pom (5.5 kB at 1.4 MB/s)
17:37:02.575 [Thread-7] DEBUG spoon.Launcher - [INFO] Downloading from google-maven-central: https://maven-central.storage-download.googleapis.com/maven2/org/cryptacular/cryptacular/1.1.1/cryptacular-1.1.1.pom
17:37:02.732 [Thread-7] DEBUG spoon.Launcher - [INFO] Downloaded from google-maven-central: https://maven-central.storage-download.googleapis.com/maven2/org/cryptacular/cryptacular/1.1.1/cryptacular-1.1.1.pom (12 kB at 75 kB/s)
17:37:02.735 [Thread-7] DEBUG spoon.Launcher - [INFO] Downloading from google-maven-central: https://maven-central.storage-download.googleapis.com/maven2/org/bouncycastle/bcprov-jdk15on/1.54/bcprov-jdk15on-1.54.pom
17:37:02.879 [Thread-7] DEBUG spoon.Launcher - [INFO] Downloaded from google-maven-central: https://maven-central.storage-download.googleapis.com/maven2/org/bouncycastle/bcprov-jdk15on/1.54/bcprov-jdk15on-1.54.pom (1.2 kB at 8.1 kB/s)
17:37:02.882 [Thread-7] DEBUG spoon.Launcher - [INFO] Downloading from google-maven-central: https://maven-central.storage-download.googleapis.com/maven2/org/opensaml/opensaml-soap-api/3.3.1/opensaml-soap-api-3.3.1.pom
17:37:03.073 [Thread-7] DEBUG spoon.Launcher - [INFO] Downloaded from google-maven-central: https://maven-central.storage-download.googleapis.com/maven2/org/opensaml/opensaml-soap-api/3.3.1/opensaml-soap-api-3.3.1.pom (1.6 kB at 8.4 kB/s)
17:37:03.078 [Thread-7] DEBUG spoon.Launcher - [INFO] Downloading from google-maven-central: https://maven-central.storage-download.googleapis.com/maven2/org/opensaml/opensaml-profile-api/3.3.1/opensaml-profile-api-3.3.1.pom
17:37:03.292 [Thread-7] DEBUG spoon.Launcher - [INFO] Downloaded from google-maven-central: https://maven-central.storage-download.googleapis.com/maven2/org/opensaml/opensaml-profile-api/3.3.1/opensaml-profile-api-3.3.1.pom (2.4 kB at 11 kB/s)
17:37:03.296 [Thread-7] DEBUG spoon.Launcher - [INFO] Downloading from google-maven-central: https://maven-central.storage-download.googleapis.com/maven2/org/opensaml/opensaml-storage-api/3.3.1/opensaml-storage-api-3.3.1.pom
17:37:03.388 [Thread-7] DEBUG spoon.Launcher - [INFO] Downloaded from google-maven-central: https://maven-central.storage-download.googleapis.com/maven2/org/opensaml/opensaml-storage-api/3.3.1/opensaml-storage-api-3.3.1.pom (1.2 kB at 13 kB/s)
17:37:03.393 [Thread-7] DEBUG spoon.Launcher - [INFO] Downloading from google-maven-central: https://maven-central.storage-download.googleapis.com/maven2/org/opensaml/opensaml-saml-impl/3.3.1/opensaml-saml-impl-3.3.1.pom
17:37:03.540 [Thread-7] DEBUG spoon.Launcher - [INFO] Downloaded from google-maven-central: https://maven-central.storage-download.googleapis.com/maven2/org/opensaml/opensaml-saml-impl/3.3.1/opensaml-saml-impl-3.3.1.pom (5.5 kB at 37 kB/s)
17:37:03.544 [Thread-7] DEBUG spoon.Launcher - [INFO] Downloading from google-maven-central: https://maven-central.storage-download.googleapis.com/maven2/org/opensaml/opensaml-security-impl/3.3.1/opensaml-security-impl-3.3.1.pom
17:37:03.661 [Thread-7] DEBUG spoon.Launcher - [INFO] Downloaded from google-maven-central: https://maven-central.storage-download.googleapis.com/maven2/org/opensaml/opensaml-security-impl/3.3.1/opensaml-security-impl-3.3.1.pom (2.1 kB at 19 kB/s)
17:37:03.661 [Thread-7] DEBUG spoon.Launcher - [INFO] Downloading from google-maven-central: https://maven-central.storage-download.googleapis.com/maven2/org/opensaml/opensaml-xmlsec-impl/3.3.1/opensaml-xmlsec-impl-3.3.1.pom
17:37:03.888 [Thread-7] DEBUG spoon.Launcher - [INFO] Downloaded from google-maven-central: https://maven-central.storage-download.googleapis.com/maven2/org/opensaml/opensaml-xmlsec-impl/3.3.1/opensaml-xmlsec-impl-3.3.1.pom (2.1 kB at 9.3 kB/s)
17:37:03.892 [Thread-7] DEBUG spoon.Launcher - [INFO] Downloading from google-maven-central: https://maven-central.storage-download.googleapis.com/maven2/org/opensaml/opensaml-soap-impl/3.3.1/opensaml-soap-impl-3.3.1.pom
17:37:04.054 [Thread-7] DEBUG spoon.Launcher - [INFO] Downloaded from google-maven-central: https://maven-central.storage-download.googleapis.com/maven2/org/opensaml/opensaml-soap-impl/3.3.1/opensaml-soap-impl-3.3.1.pom (2.7 kB at 17 kB/s)
17:37:04.060 [Thread-7] DEBUG spoon.Launcher - [INFO] Downloading from google-maven-central: https://maven-central.storage-download.googleapis.com/maven2/org/apache/velocity/velocity/1.7/velocity-1.7.pom
17:37:04.064 [Thread-7] DEBUG spoon.Launcher - [INFO] Downloaded from google-maven-central: https://maven-central.storage-download.googleapis.com/maven2/org/apache/velocity/velocity/1.7/velocity-1.7.pom (11 kB at 2.2 MB/s)
17:37:04.071 [Thread-7] DEBUG spoon.Launcher - [INFO] Downloading from google-maven-central: https://maven-central.storage-download.googleapis.com/maven2/org/opensaml/opensaml-profile-impl/3.3.1/opensaml-profile-impl-3.3.1.pom
17:37:04.321 [Thread-7] DEBUG spoon.Launcher - [INFO] Downloaded from google-maven-central: https://maven-central.storage-download.googleapis.com/maven2/org/opensaml/opensaml-profile-impl/3.3.1/opensaml-profile-impl-3.3.1.pom (3.3 kB at 13 kB/s)
17:37:04.326 [Thread-7] DEBUG spoon.Launcher - [INFO] Downloading from google-maven-central: https://maven-central.storage-download.googleapis.com/maven2/org/opensaml/opensaml-messaging-impl/3.3.1/opensaml-messaging-impl-3.3.1.pom
17:37:04.470 [Thread-7] DEBUG spoon.Launcher - [INFO] Downloaded from google-maven-central: https://maven-central.storage-download.googleapis.com/maven2/org/opensaml/opensaml-messaging-impl/3.3.1/opensaml-messaging-impl-3.3.1.pom (2.1 kB at 15 kB/s)
17:37:04.474 [Thread-7] DEBUG spoon.Launcher - [INFO] Downloading from google-maven-central: https://maven-central.storage-download.googleapis.com/maven2/org/cryptacular/cryptacular/1.2.1/cryptacular-1.2.1.pom
17:37:04.660 [Thread-7] DEBUG spoon.Launcher - [INFO] Downloaded from google-maven-central: https://maven-central.storage-download.googleapis.com/maven2/org/cryptacular/cryptacular/1.2.1/cryptacular-1.2.1.pom (12 kB at 63 kB/s)
17:37:04.664 [Thread-7] DEBUG spoon.Launcher - [INFO] Downloading from google-maven-central: https://maven-central.storage-download.googleapis.com/maven2/joda-time/joda-time/2.9.9/joda-time-2.9.9.pom
17:37:04.672 [Thread-7] DEBUG spoon.Launcher - [INFO] Downloaded from google-maven-central: https://maven-central.storage-download.googleapis.com/maven2/joda-time/joda-time/2.9.9/joda-time-2.9.9.pom (35 kB at 5.8 MB/s)
17:37:04.677 [Thread-7] DEBUG spoon.Launcher - [INFO] Downloading from google-maven-central: https://maven-central.storage-download.googleapis.com/maven2/xalan/xalan/2.7.2/xalan-2.7.2.pom
17:37:04.682 [Thread-7] DEBUG spoon.Launcher - [INFO] Downloaded from google-maven-central: https://maven-central.storage-download.googleapis.com/maven2/xalan/xalan/2.7.2/xalan-2.7.2.pom (1.3 kB at 255 kB/s)
17:37:04.685 [Thread-7] DEBUG spoon.Launcher - [INFO] Downloading from google-maven-central: https://maven-central.storage-download.googleapis.com/maven2/xalan/serializer/2.7.2/serializer-2.7.2.pom
17:37:04.689 [Thread-7] DEBUG spoon.Launcher - [INFO] Downloaded from google-maven-central: https://maven-central.storage-download.googleapis.com/maven2/xalan/serializer/2.7.2/serializer-2.7.2.pom (1.1 kB at 218 kB/s)
17:37:04.692 [Thread-7] DEBUG spoon.Launcher - [INFO] Downloading from google-maven-central: https://maven-central.storage-download.googleapis.com/maven2/xml-apis/xml-apis/1.3.04/xml-apis-1.3.04.pom
17:37:04.696 [Thread-7] DEBUG spoon.Launcher - [INFO] Downloaded from google-maven-central: https://maven-central.storage-download.googleapis.com/maven2/xml-apis/xml-apis/1.3.04/xml-apis-1.3.04.pom (1.8 kB at 456 kB/s)
17:37:04.710 [Thread-7] DEBUG spoon.Launcher - [INFO] Downloading from google-maven-central: https://maven-central.storage-download.googleapis.com/maven2/org/slf4j/jcl-over-slf4j/1.7.25/jcl-over-slf4j-1.7.25.pom
17:37:04.714 [Thread-7] DEBUG spoon.Launcher - [INFO] Downloaded from google-maven-central: https://maven-central.storage-download.googleapis.com/maven2/org/slf4j/jcl-over-slf4j/1.7.25/jcl-over-slf4j-1.7.25.pom (959 B at 192 kB/s)
17:37:04.717 [Thread-7] DEBUG spoon.Launcher - [INFO] Downloading from google-maven-central: https://maven-central.storage-download.googleapis.com/maven2/org/springframework/spring-core/5.0.2.RELEASE/spring-core-5.0.2.RELEASE.pom
17:37:04.870 [Thread-7] DEBUG spoon.Launcher - [INFO] Downloaded from google-maven-central: https://maven-central.storage-download.googleapis.com/maven2/org/springframework/spring-core/5.0.2.RELEASE/spring-core-5.0.2.RELEASE.pom (4.0 kB at 27 kB/s)
17:37:04.873 [Thread-7] DEBUG spoon.Launcher - [INFO] Downloading from google-maven-central: https://maven-central.storage-download.googleapis.com/maven2/io/projectreactor/reactor-bom/Bismuth-SR4/reactor-bom-Bismuth-SR4.pom
17:37:05.114 [Thread-7] DEBUG spoon.Launcher - [INFO] Downloaded from google-maven-central: https://maven-central.storage-download.googleapis.com/maven2/io/projectreactor/reactor-bom/Bismuth-SR4/reactor-bom-Bismuth-SR4.pom (3.6 kB at 15 kB/s)
17:37:05.117 [Thread-7] DEBUG spoon.Launcher - [INFO] Downloading from google-maven-central: https://maven-central.storage-download.googleapis.com/maven2/io/netty/netty-bom/4.1.17.Final/netty-bom-4.1.17.Final.pom
17:37:05.143 [Thread-7] DEBUG spoon.Launcher - [INFO] Downloaded from google-maven-central: https://maven-central.storage-download.googleapis.com/maven2/io/netty/netty-bom/4.1.17.Final/netty-bom-4.1.17.Final.pom (7.9 kB at 316 kB/s)
17:37:05.146 [Thread-7] DEBUG spoon.Launcher - [INFO] Downloading from google-maven-central: https://maven-central.storage-download.googleapis.com/maven2/org/springframework/spring-jcl/5.0.2.RELEASE/spring-jcl-5.0.2.RELEASE.pom
17:37:05.261 [Thread-7] DEBUG spoon.Launcher - [INFO] Downloaded from google-maven-central: https://maven-central.storage-download.googleapis.com/maven2/org/springframework/spring-jcl/5.0.2.RELEASE/spring-jcl-5.0.2.RELEASE.pom (1.9 kB at 17 kB/s)
17:37:05.264 [Thread-7] DEBUG spoon.Launcher - [INFO] Downloading from google-maven-central: https://maven-central.storage-download.googleapis.com/maven2/org/pac4j/pac4j-oauth/3.0.0/pac4j-oauth-3.0.0.pom
17:37:05.454 [Thread-7] DEBUG spoon.Launcher - [INFO] Downloaded from google-maven-central: https://maven-central.storage-download.googleapis.com/maven2/org/pac4j/pac4j-oauth/3.0.0/pac4j-oauth-3.0.0.pom (2.7 kB at 14 kB/s)
17:37:05.458 [Thread-7] DEBUG spoon.Launcher - [INFO] Downloading from google-maven-central: https://maven-central.storage-download.googleapis.com/maven2/com/github/scribejava/scribejava-apis/5.3.0/scribejava-apis-5.3.0.pom
17:37:05.659 [Thread-7] DEBUG spoon.Launcher - [INFO] Downloaded from google-maven-central: https://maven-central.storage-download.googleapis.com/maven2/com/github/scribejava/scribejava-apis/5.3.0/scribejava-apis-5.3.0.pom (2.2 kB at 11 kB/s)
17:37:05.662 [Thread-7] DEBUG spoon.Launcher - [INFO] Downloading from google-maven-central: https://maven-central.storage-download.googleapis.com/maven2/com/github/scribejava/scribejava/5.3.0/scribejava-5.3.0.pom
17:37:05.809 [Thread-7] DEBUG spoon.Launcher - [INFO] Downloaded from google-maven-central: https://maven-central.storage-download.googleapis.com/maven2/com/github/scribejava/scribejava/5.3.0/scribejava-5.3.0.pom (10 kB at 69 kB/s)
17:37:05.813 [Thread-7] DEBUG spoon.Launcher - [INFO] Downloading from google-maven-central: https://maven-central.storage-download.googleapis.com/maven2/com/github/scribejava/scribejava-core/5.3.0/scribejava-core-5.3.0.pom
17:37:05.994 [Thread-7] DEBUG spoon.Launcher - [INFO] Downloaded from google-maven-central: https://maven-central.storage-download.googleapis.com/maven2/com/github/scribejava/scribejava-core/5.3.0/scribejava-core-5.3.0.pom (1.3 kB at 7.0 kB/s)
17:37:05.999 [Thread-7] DEBUG spoon.Launcher - [INFO] Downloading from google-maven-central: https://maven-central.storage-download.googleapis.com/maven2/org/pac4j/pac4j-oidc/3.0.0/pac4j-oidc-3.0.0.pom
17:37:06.152 [Thread-7] DEBUG spoon.Launcher - [INFO] Downloaded from google-maven-central: https://maven-central.storage-download.googleapis.com/maven2/org/pac4j/pac4j-oidc/3.0.0/pac4j-oidc-3.0.0.pom (2.9 kB at 19 kB/s)
17:37:06.155 [Thread-7] DEBUG spoon.Launcher - [INFO] Downloading from google-maven-central: https://maven-central.storage-download.googleapis.com/maven2/com/nimbusds/oauth2-oidc-sdk/5.45/oauth2-oidc-sdk-5.45.pom
17:37:06.266 [Thread-7] DEBUG spoon.Launcher - [INFO] Downloaded from google-maven-central: https://maven-central.storage-download.googleapis.com/maven2/com/nimbusds/oauth2-oidc-sdk/5.45/oauth2-oidc-sdk-5.45.pom (11 kB at 98 kB/s)
17:37:06.269 [Thread-7] DEBUG spoon.Launcher - [INFO] Downloading from google-maven-central: https://maven-central.storage-download.googleapis.com/maven2/javax/mail/mail/1.4.7/mail-1.4.7.pom
17:37:06.278 [Thread-7] DEBUG spoon.Launcher - [INFO] Downloaded from google-maven-central: https://maven-central.storage-download.googleapis.com/maven2/javax/mail/mail/1.4.7/mail-1.4.7.pom (5.3 kB at 664 kB/s)
17:37:06.288 [Thread-7] DEBUG spoon.Launcher - [INFO] Downloading from google-maven-central: https://maven-central.storage-download.googleapis.com/maven2/com/sun/mail/all/1.4.7/all-1.4.7.pom
17:37:06.294 [Thread-7] DEBUG spoon.Launcher - [INFO] Downloaded from google-maven-central: https://maven-central.storage-download.googleapis.com/maven2/com/sun/mail/all/1.4.7/all-1.4.7.pom (20 kB at 3.4 MB/s)
17:37:06.305 [Thread-7] DEBUG spoon.Launcher - [INFO] Downloading from google-maven-central: https://maven-central.storage-download.googleapis.com/maven2/javax/activation/activation/1.1/activation-1.1.pom
17:37:06.342 [Thread-7] DEBUG spoon.Launcher - [INFO] Downloaded from google-maven-central: https://maven-central.storage-download.googleapis.com/maven2/javax/activation/activation/1.1/activation-1.1.pom (1.1 kB at 29 kB/s)
17:37:06.345 [Thread-7] DEBUG spoon.Launcher - [INFO] Downloading from google-maven-central: https://maven-central.storage-download.googleapis.com/maven2/com/github/stephenc/jcip/jcip-annotations/1.0-1/jcip-annotations-1.0-1.pom
17:37:06.349 [Thread-7] DEBUG spoon.Launcher - [INFO] Downloaded from google-maven-central: https://maven-central.storage-download.googleapis.com/maven2/com/github/stephenc/jcip/jcip-annotations/1.0-1/jcip-annotations-1.0-1.pom (5.4 kB at 1.1 MB/s)
17:37:06.352 [Thread-7] DEBUG spoon.Launcher - [INFO] Downloading from google-maven-central: https://maven-central.storage-download.googleapis.com/maven2/org/apache/commons/commons-lang3/3.7/commons-lang3-3.7.pom
17:37:06.356 [Thread-7] DEBUG spoon.Launcher - [INFO] Downloaded from google-maven-central: https://maven-central.storage-download.googleapis.com/maven2/org/apache/commons/commons-lang3/3.7/commons-lang3-3.7.pom (28 kB at 5.5 MB/s)
17:37:06.364 [Thread-7] DEBUG spoon.Launcher - [INFO] Downloading from google-maven-central: https://maven-central.storage-download.googleapis.com/maven2/org/apache/commons/commons-collections4/4.1/commons-collections4-4.1.pom
17:37:06.368 [Thread-7] DEBUG spoon.Launcher - [INFO] Downloaded from google-maven-central: https://maven-central.storage-download.googleapis.com/maven2/org/apache/commons/commons-collections4/4.1/commons-collections4-4.1.pom (21 kB at 4.3 MB/s)
17:37:06.371 [Thread-7] DEBUG spoon.Launcher - [INFO] Downloading from google-maven-central: https://maven-central.storage-download.googleapis.com/maven2/org/apache/commons/commons-parent/38/commons-parent-38.pom
17:37:06.376 [Thread-7] DEBUG spoon.Launcher - [INFO] Downloaded from google-maven-central: https://maven-central.storage-download.googleapis.com/maven2/org/apache/commons/commons-parent/38/commons-parent-38.pom (62 kB at 12 MB/s)
17:37:06.396 [Thread-7] DEBUG spoon.Launcher - [INFO] Downloading from google-maven-central: https://maven-central.storage-download.googleapis.com/maven2/net/minidev/json-smart/maven-metadata.xml
17:37:06.398 [Thread-7] DEBUG spoon.Launcher - [INFO] Downloading from sonatype: https://oss.sonatype.org/content/repositories/releases/net/minidev/json-smart/maven-metadata.xml
17:37:06.401 [Thread-7] DEBUG spoon.Launcher - [INFO] Downloading from sonatype-apache: https://repository.apache.org/content/repositories/releases/net/minidev/json-smart/maven-metadata.xml
17:37:06.402 [Thread-7] DEBUG spoon.Launcher - [INFO] Downloaded from google-maven-central: https://maven-central.storage-download.googleapis.com/maven2/net/minidev/json-smart/maven-metadata.xml (849 B at 142 kB/s)
17:37:06.404 [Thread-7] DEBUG spoon.Launcher - [INFO] Downloading from sonatype-snapshots: https://oss.sonatype.org/content/repositories/snapshots/net/minidev/json-smart/maven-metadata.xml
17:37:06.404 [Thread-7] DEBUG spoon.Launcher - [INFO] Downloading from apache-snapshots: https://repository.apache.org/snapshots/net/minidev/json-smart/maven-metadata.xml
17:37:06.583 [Thread-7] DEBUG spoon.Launcher - [INFO] Downloading from sonatype-nexus-snapshots: https://oss.sonatype.org/content/repositories/snapshots/net/minidev/json-smart/maven-metadata.xml
17:37:06.784 [Thread-7] DEBUG spoon.Launcher - [INFO] Downloaded from sonatype: https://oss.sonatype.org/content/repositories/releases/net/minidev/json-smart/maven-metadata.xml (849 B at 2.2 kB/s)
17:37:06.936 [Thread-7] DEBUG spoon.Launcher - [INFO] Downloading from google-maven-central: https://maven-central.storage-download.googleapis.com/maven2/net/minidev/json-smart/1.3.1/json-smart-1.3.1.pom
17:37:06.941 [Thread-7] DEBUG spoon.Launcher - [INFO] Downloaded from google-maven-central: https://maven-central.storage-download.googleapis.com/maven2/net/minidev/json-smart/1.3.1/json-smart-1.3.1.pom (2.0 kB at 504 kB/s)
17:37:06.943 [Thread-7] DEBUG spoon.Launcher - [INFO] Downloading from google-maven-central: https://maven-central.storage-download.googleapis.com/maven2/net/minidev/parent/1.3.1/parent-1.3.1.pom
17:37:06.952 [Thread-7] DEBUG spoon.Launcher - [INFO] Downloaded from google-maven-central: https://maven-central.storage-download.googleapis.com/maven2/net/minidev/parent/1.3.1/parent-1.3.1.pom (8.5 kB at 943 kB/s)
17:37:06.955 [Thread-7] DEBUG spoon.Launcher - [INFO] Downloading from google-maven-central: https://maven-central.storage-download.googleapis.com/maven2/net/minidev/json-smart/2.0-RC1/json-smart-2.0-RC1.pom
17:37:06.967 [Thread-7] DEBUG spoon.Launcher - [INFO] Downloaded from google-maven-central: https://maven-central.storage-download.googleapis.com/maven2/net/minidev/json-smart/2.0-RC1/json-smart-2.0-RC1.pom (1.4 kB at 121 kB/s)
17:37:06.969 [Thread-7] DEBUG spoon.Launcher - [INFO] Downloading from google-maven-central: https://maven-central.storage-download.googleapis.com/maven2/net/minidev/parent/2.0-RC1/parent-2.0-RC1.pom
17:37:06.975 [Thread-7] DEBUG spoon.Launcher - [INFO] Downloaded from google-maven-central: https://maven-central.storage-download.googleapis.com/maven2/net/minidev/parent/2.0-RC1/parent-2.0-RC1.pom (11 kB at 1.8 MB/s)
17:37:06.978 [Thread-7] DEBUG spoon.Launcher - [INFO] Downloading from google-maven-central: https://maven-central.storage-download.googleapis.com/maven2/net/minidev/asm/1.0-RC1/asm-1.0-RC1.pom
17:37:06.989 [Thread-7] DEBUG spoon.Launcher - [INFO] Downloaded from google-maven-central: https://maven-central.storage-download.googleapis.com/maven2/net/minidev/asm/1.0-RC1/asm-1.0-RC1.pom (1.6 kB at 157 kB/s)
17:37:06.993 [Thread-7] DEBUG spoon.Launcher - [INFO] Downloading from google-maven-central: https://maven-central.storage-download.googleapis.com/maven2/net/minidev/json-smart/2.0-RC2/json-smart-2.0-RC2.pom
17:37:07.005 [Thread-7] DEBUG spoon.Launcher - [INFO] Downloaded from google-maven-central: https://maven-central.storage-download.googleapis.com/maven2/net/minidev/json-smart/2.0-RC2/json-smart-2.0-RC2.pom (1.4 kB at 109 kB/s)
17:37:07.008 [Thread-7] DEBUG spoon.Launcher - [INFO] Downloading from google-maven-central: https://maven-central.storage-download.googleapis.com/maven2/net/minidev/parent/2.0-RC2/parent-2.0-RC2.pom
17:37:07.012 [Thread-7] DEBUG spoon.Launcher - [INFO] Downloaded from google-maven-central: https://maven-central.storage-download.googleapis.com/maven2/net/minidev/parent/2.0-RC2/parent-2.0-RC2.pom (11 kB at 2.8 MB/s)
17:37:07.016 [Thread-7] DEBUG spoon.Launcher - [INFO] Downloading from google-maven-central: https://maven-central.storage-download.googleapis.com/maven2/net/minidev/json-smart/2.0-RC3/json-smart-2.0-RC3.pom
17:37:07.030 [Thread-7] DEBUG spoon.Launcher - [INFO] Downloaded from google-maven-central: https://maven-central.storage-download.googleapis.com/maven2/net/minidev/json-smart/2.0-RC3/json-smart-2.0-RC3.pom (1.4 kB at 109 kB/s)
17:37:07.032 [Thread-7] DEBUG spoon.Launcher - [INFO] Downloading from google-maven-central: https://maven-central.storage-download.googleapis.com/maven2/net/minidev/parent/2.0-RC3/parent-2.0-RC3.pom
17:37:07.037 [Thread-7] DEBUG spoon.Launcher - [INFO] Downloaded from google-maven-central: https://maven-central.storage-download.googleapis.com/maven2/net/minidev/parent/2.0-RC3/parent-2.0-RC3.pom (8.4 kB at 1.7 MB/s)
17:37:07.040 [Thread-7] DEBUG spoon.Launcher - [INFO] Downloading from google-maven-central: https://maven-central.storage-download.googleapis.com/maven2/net/minidev/asm/1.0-RC3/asm-1.0-RC3.pom
17:37:07.049 [Thread-7] DEBUG spoon.Launcher - [INFO] Downloaded from google-maven-central: https://maven-central.storage-download.googleapis.com/maven2/net/minidev/asm/1.0-RC3/asm-1.0-RC3.pom (1.6 kB at 157 kB/s)
17:37:07.053 [Thread-7] DEBUG spoon.Launcher - [INFO] Downloading from google-maven-central: https://maven-central.storage-download.googleapis.com/maven2/net/minidev/json-smart/2.0/json-smart-2.0.pom
17:37:07.065 [Thread-7] DEBUG spoon.Launcher - [INFO] Downloaded from google-maven-central: https://maven-central.storage-download.googleapis.com/maven2/net/minidev/json-smart/2.0/json-smart-2.0.pom (1.4 kB at 109 kB/s)
17:37:07.068 [Thread-7] DEBUG spoon.Launcher - [INFO] Downloading from google-maven-central: https://maven-central.storage-download.googleapis.com/maven2/net/minidev/parent/2.0/parent-2.0.pom
17:37:07.075 [Thread-7] DEBUG spoon.Launcher - [INFO] Downloaded from google-maven-central: https://maven-central.storage-download.googleapis.com/maven2/net/minidev/parent/2.0/parent-2.0.pom (8.6 kB at 1.2 MB/s)
17:37:07.078 [Thread-7] DEBUG spoon.Launcher - [INFO] Downloading from google-maven-central: https://maven-central.storage-download.googleapis.com/maven2/net/minidev/asm/1.0/asm-1.0.pom
17:37:07.084 [Thread-7] DEBUG spoon.Launcher - [INFO] Downloaded from google-maven-central: https://maven-central.storage-download.googleapis.com/maven2/net/minidev/asm/1.0/asm-1.0.pom (1.6 kB at 267 kB/s)
17:37:07.087 [Thread-7] DEBUG spoon.Launcher - [INFO] Downloading from google-maven-central: https://maven-central.storage-download.googleapis.com/maven2/net/minidev/json-smart/2.1.0/json-smart-2.1.0.pom
17:37:07.096 [Thread-7] DEBUG spoon.Launcher - [INFO] Downloaded from google-maven-central: https://maven-central.storage-download.googleapis.com/maven2/net/minidev/json-smart/2.1.0/json-smart-2.1.0.pom (2.2 kB at 240 kB/s)
17:37:07.098 [Thread-7] DEBUG spoon.Launcher - [INFO] Downloading from google-maven-central: https://maven-central.storage-download.googleapis.com/maven2/net/minidev/parent/2.1.0/parent-2.1.0.pom
17:37:07.102 [Thread-7] DEBUG spoon.Launcher - [INFO] Downloaded from google-maven-central: https://maven-central.storage-download.googleapis.com/maven2/net/minidev/parent/2.1.0/parent-2.1.0.pom (8.6 kB at 2.2 MB/s)
17:37:07.117 [Thread-7] DEBUG spoon.Launcher - [INFO] Downloading from google-maven-central: https://maven-central.storage-download.googleapis.com/maven2/net/minidev/asm/1.0.2/asm-1.0.2.pom
17:37:07.121 [Thread-7] DEBUG spoon.Launcher - [INFO] Downloaded from google-maven-central: https://maven-central.storage-download.googleapis.com/maven2/net/minidev/asm/1.0.2/asm-1.0.2.pom (1.8 kB at 447 kB/s)
17:37:07.135 [Thread-7] DEBUG spoon.Launcher - [INFO] Downloading from google-maven-central: https://maven-central.storage-download.googleapis.com/maven2/net/minidev/json-smart/2.1.1/json-smart-2.1.1.pom
17:37:07.139 [Thread-7] DEBUG spoon.Launcher - [INFO] Downloaded from google-maven-central: https://maven-central.storage-download.googleapis.com/maven2/net/minidev/json-smart/2.1.1/json-smart-2.1.1.pom (2.2 kB at 552 kB/s)
17:37:07.142 [Thread-7] DEBUG spoon.Launcher - [INFO] Downloading from google-maven-central: https://maven-central.storage-download.googleapis.com/maven2/net/minidev/json-smart/2.2/json-smart-2.2.pom
17:37:07.146 [Thread-7] DEBUG spoon.Launcher - [INFO] Downloaded from google-maven-central: https://maven-central.storage-download.googleapis.com/maven2/net/minidev/json-smart/2.2/json-smart-2.2.pom (2.3 kB at 579 kB/s)
17:37:07.148 [Thread-7] DEBUG spoon.Launcher - [INFO] Downloading from google-maven-central: https://maven-central.storage-download.googleapis.com/maven2/net/minidev/minidev-parent/2.2/minidev-parent-2.2.pom
17:37:07.158 [Thread-7] DEBUG spoon.Launcher - [INFO] Downloaded from google-maven-central: https://maven-central.storage-download.googleapis.com/maven2/net/minidev/minidev-parent/2.2/minidev-parent-2.2.pom (9.1 kB at 1.0 MB/s)
17:37:07.160 [Thread-7] DEBUG spoon.Launcher - [INFO] Downloading from google-maven-central: https://maven-central.storage-download.googleapis.com/maven2/net/minidev/accessors-smart/1.1/accessors-smart-1.1.pom
17:37:07.168 [Thread-7] DEBUG spoon.Launcher - [INFO] Downloaded from google-maven-central: https://maven-central.storage-download.googleapis.com/maven2/net/minidev/accessors-smart/1.1/accessors-smart-1.1.pom (2.1 kB at 298 kB/s)
17:37:07.170 [Thread-7] DEBUG spoon.Launcher - [INFO] Downloading from google-maven-central: https://maven-central.storage-download.googleapis.com/maven2/org/ow2/asm/asm/5.0.3/asm-5.0.3.pom
17:37:07.178 [Thread-7] DEBUG spoon.Launcher - [INFO] Downloaded from google-maven-central: https://maven-central.storage-download.googleapis.com/maven2/org/ow2/asm/asm/5.0.3/asm-5.0.3.pom (1.9 kB at 242 kB/s)
17:37:07.180 [Thread-7] DEBUG spoon.Launcher - [INFO] Downloading from google-maven-central: https://maven-central.storage-download.googleapis.com/maven2/org/ow2/asm/asm-parent/5.0.3/asm-parent-5.0.3.pom
17:37:07.187 [Thread-7] DEBUG spoon.Launcher - [INFO] Downloaded from google-maven-central: https://maven-central.storage-download.googleapis.com/maven2/org/ow2/asm/asm-parent/5.0.3/asm-parent-5.0.3.pom (5.5 kB at 785 kB/s)
17:37:07.189 [Thread-7] DEBUG spoon.Launcher - [INFO] Downloading from google-maven-central: https://maven-central.storage-download.googleapis.com/maven2/org/ow2/ow2/1.3/ow2-1.3.pom
17:37:07.197 [Thread-7] DEBUG spoon.Launcher - [INFO] Downloaded from google-maven-central: https://maven-central.storage-download.googleapis.com/maven2/org/ow2/ow2/1.3/ow2-1.3.pom (9.5 kB at 1.4 MB/s)
17:37:07.207 [Thread-7] DEBUG spoon.Launcher - [INFO] Downloading from google-maven-central: https://maven-central.storage-download.googleapis.com/maven2/net/minidev/json-smart/2.2.1/json-smart-2.2.1.pom
17:37:07.214 [Thread-7] DEBUG spoon.Launcher - [INFO] Downloaded from google-maven-central: https://maven-central.storage-download.googleapis.com/maven2/net/minidev/json-smart/2.2.1/json-smart-2.2.1.pom (12 kB at 1.5 MB/s)
17:37:07.220 [Thread-7] DEBUG spoon.Launcher - [INFO] Downloading from google-maven-central: https://maven-central.storage-download.googleapis.com/maven2/net/minidev/json-smart/2.3/json-smart-2.3.pom
17:37:07.228 [Thread-7] DEBUG spoon.Launcher - [INFO] Downloaded from google-maven-central: https://maven-central.storage-download.googleapis.com/maven2/net/minidev/json-smart/2.3/json-smart-2.3.pom (9.0 kB at 1.0 MB/s)
17:37:07.231 [Thread-7] DEBUG spoon.Launcher - [INFO] Downloading from google-maven-central: https://maven-central.storage-download.googleapis.com/maven2/net/minidev/minidev-parent/2.3/minidev-parent-2.3.pom
17:37:07.237 [Thread-7] DEBUG spoon.Launcher - [INFO] Downloaded from google-maven-central: https://maven-central.storage-download.googleapis.com/maven2/net/minidev/minidev-parent/2.3/minidev-parent-2.3.pom (8.5 kB at 1.7 MB/s)
17:37:07.242 [Thread-7] DEBUG spoon.Launcher - [INFO] Downloading from google-maven-central: https://maven-central.storage-download.googleapis.com/maven2/net/minidev/accessors-smart/1.2/accessors-smart-1.2.pom
17:37:07.248 [Thread-7] DEBUG spoon.Launcher - [INFO] Downloaded from google-maven-central: https://maven-central.storage-download.googleapis.com/maven2/net/minidev/accessors-smart/1.2/accessors-smart-1.2.pom (12 kB at 1.9 MB/s)
17:37:07.252 [Thread-7] DEBUG spoon.Launcher - [INFO] Downloading from google-maven-central: https://maven-central.storage-download.googleapis.com/maven2/org/ow2/asm/asm/5.0.4/asm-5.0.4.pom
17:37:07.262 [Thread-7] DEBUG spoon.Launcher - [INFO] Downloaded from google-maven-central: https://maven-central.storage-download.googleapis.com/maven2/org/ow2/asm/asm/5.0.4/asm-5.0.4.pom (1.9 kB at 215 kB/s)
17:37:07.265 [Thread-7] DEBUG spoon.Launcher - [INFO] Downloading from google-maven-central: https://maven-central.storage-download.googleapis.com/maven2/org/ow2/asm/asm-parent/5.0.4/asm-parent-5.0.4.pom
17:37:07.270 [Thread-7] DEBUG spoon.Launcher - [INFO] Downloaded from google-maven-central: https://maven-central.storage-download.googleapis.com/maven2/org/ow2/asm/asm-parent/5.0.4/asm-parent-5.0.4.pom (5.5 kB at 1.1 MB/s)
17:37:07.275 [Thread-7] DEBUG spoon.Launcher - [INFO] Downloading from google-maven-central: https://maven-central.storage-download.googleapis.com/maven2/com/nimbusds/lang-tag/maven-metadata.xml
17:37:07.281 [Thread-7] DEBUG spoon.Launcher - [INFO] Downloading from sonatype: https://oss.sonatype.org/content/repositories/releases/com/nimbusds/lang-tag/maven-metadata.xml
17:37:07.283 [Thread-7] DEBUG spoon.Launcher - [INFO] Downloaded from google-maven-central: https://maven-central.storage-download.googleapis.com/maven2/com/nimbusds/lang-tag/maven-metadata.xml (563 B at 70 kB/s)
17:37:07.285 [Thread-7] DEBUG spoon.Launcher - [INFO] Downloading from sonatype-snapshots: https://oss.sonatype.org/content/repositories/snapshots/com/nimbusds/lang-tag/maven-metadata.xml
17:37:07.292 [Thread-7] DEBUG spoon.Launcher - [INFO] Downloading from apache-snapshots: https://repository.apache.org/snapshots/com/nimbusds/lang-tag/maven-metadata.xml
17:37:07.295 [Thread-7] DEBUG spoon.Launcher - [INFO] Downloading from sonatype-apache: https://repository.apache.org/content/repositories/releases/com/nimbusds/lang-tag/maven-metadata.xml
17:37:07.318 [Thread-7] DEBUG spoon.Launcher - [INFO] Downloading from sonatype-nexus-snapshots: https://oss.sonatype.org/content/repositories/snapshots/com/nimbusds/lang-tag/maven-metadata.xml
17:37:07.465 [Thread-7] DEBUG spoon.Launcher - [INFO] Downloaded from sonatype: https://oss.sonatype.org/content/repositories/releases/com/nimbusds/lang-tag/maven-metadata.xml (563 B at 3.0 kB/s)
17:37:07.642 [Thread-7] DEBUG spoon.Launcher - [INFO] Downloading from google-maven-central: https://maven-central.storage-download.googleapis.com/maven2/com/nimbusds/lang-tag/1.4.3/lang-tag-1.4.3.pom
17:37:07.648 [Thread-7] DEBUG spoon.Launcher - [INFO] Downloaded from google-maven-central: https://maven-central.storage-download.googleapis.com/maven2/com/nimbusds/lang-tag/1.4.3/lang-tag-1.4.3.pom (7.5 kB at 1.5 MB/s)
17:37:07.652 [Thread-7] DEBUG spoon.Launcher - [INFO] Downloading from google-maven-central: https://maven-central.storage-download.googleapis.com/maven2/com/nimbusds/lang-tag/1.4.4/lang-tag-1.4.4.pom
17:37:07.658 [Thread-7] DEBUG spoon.Launcher - [INFO] Downloaded from google-maven-central: https://maven-central.storage-download.googleapis.com/maven2/com/nimbusds/lang-tag/1.4.4/lang-tag-1.4.4.pom (9.5 kB at 1.9 MB/s)
17:37:07.661 [Thread-7] DEBUG spoon.Launcher - [INFO] Downloading from google-maven-central: https://maven-central.storage-download.googleapis.com/maven2/com/nimbusds/lang-tag/1.5/lang-tag-1.5.pom
17:37:07.667 [Thread-7] DEBUG spoon.Launcher - [INFO] Downloaded from google-maven-central: https://maven-central.storage-download.googleapis.com/maven2/com/nimbusds/lang-tag/1.5/lang-tag-1.5.pom (9.2 kB at 1.5 MB/s)
17:37:07.670 [Thread-7] DEBUG spoon.Launcher - [INFO] Downloading from google-maven-central: https://maven-central.storage-download.googleapis.com/maven2/com/nimbusds/nimbus-jose-jwt/4.35/nimbus-jose-jwt-4.35.pom
17:37:07.823 [Thread-7] DEBUG spoon.Launcher - [INFO] Downloaded from google-maven-central: https://maven-central.storage-download.googleapis.com/maven2/com/nimbusds/nimbus-jose-jwt/4.35/nimbus-jose-jwt-4.35.pom (13 kB at 85 kB/s)
17:37:07.827 [Thread-7] DEBUG spoon.Launcher - [INFO] Downloading from google-maven-central: https://maven-central.storage-download.googleapis.com/maven2/org/bouncycastle/bcpkix-jdk15on/1.55/bcpkix-jdk15on-1.55.pom
17:37:07.850 [Thread-7] DEBUG spoon.Launcher - [INFO] Downloaded from google-maven-central: https://maven-central.storage-download.googleapis.com/maven2/org/bouncycastle/bcpkix-jdk15on/1.55/bcpkix-jdk15on-1.55.pom (1.5 kB at 62 kB/s)
17:37:07.853 [Thread-7] DEBUG spoon.Launcher - [INFO] Downloading from google-maven-central: https://maven-central.storage-download.googleapis.com/maven2/org/bouncycastle/bcprov-jdk15on/1.55/bcprov-jdk15on-1.55.pom
17:37:07.881 [Thread-7] DEBUG spoon.Launcher - [INFO] Downloaded from google-maven-central: https://maven-central.storage-download.googleapis.com/maven2/org/bouncycastle/bcprov-jdk15on/1.55/bcprov-jdk15on-1.55.pom (1.2 kB at 41 kB/s)
17:37:07.885 [Thread-7] DEBUG spoon.Launcher - [INFO] Downloading from google-maven-central: https://maven-central.storage-download.googleapis.com/maven2/org/pac4j/pac4j-ldap/3.0.0/pac4j-ldap-3.0.0.pom
17:37:08.194 [Thread-7] DEBUG spoon.Launcher - [INFO] Downloaded from google-maven-central: https://maven-central.storage-download.googleapis.com/maven2/org/pac4j/pac4j-ldap/3.0.0/pac4j-ldap-3.0.0.pom (3.7 kB at 12 kB/s)
17:37:08.198 [Thread-7] DEBUG spoon.Launcher - [INFO] Downloading from google-maven-central: https://maven-central.storage-download.googleapis.com/maven2/org/ldaptive/ldaptive/1.2.3/ldaptive-1.2.3.pom
17:37:08.373 [Thread-7] DEBUG spoon.Launcher - [INFO] Downloaded from google-maven-central: https://maven-central.storage-download.googleapis.com/maven2/org/ldaptive/ldaptive/1.2.3/ldaptive-1.2.3.pom (1.1 kB at 6.1 kB/s)
17:37:08.375 [Thread-7] DEBUG spoon.Launcher - [INFO] Downloading from google-maven-central: https://maven-central.storage-download.googleapis.com/maven2/org/ldaptive/ldaptive-parent/1.2.3/ldaptive-parent-1.2.3.pom
17:37:08.603 [Thread-7] DEBUG spoon.Launcher - [INFO] Downloaded from google-maven-central: https://maven-central.storage-download.googleapis.com/maven2/org/ldaptive/ldaptive-parent/1.2.3/ldaptive-parent-1.2.3.pom (20 kB at 87 kB/s)
17:37:08.608 [Thread-7] DEBUG spoon.Launcher - [INFO] Downloading from google-maven-central: https://maven-central.storage-download.googleapis.com/maven2/commons-cli/commons-cli/1.4/commons-cli-1.4.pom
17:37:08.613 [Thread-7] DEBUG spoon.Launcher - [INFO] Downloaded from google-maven-central: https://maven-central.storage-download.googleapis.com/maven2/commons-cli/commons-cli/1.4/commons-cli-1.4.pom (11 kB at 2.1 MB/s)
17:37:08.617 [Thread-7] DEBUG spoon.Launcher - [INFO] Downloading from google-maven-central: https://maven-central.storage-download.googleapis.com/maven2/org/pac4j/pac4j-http/3.0.0/pac4j-http-3.0.0.pom
17:37:08.800 [Thread-7] DEBUG spoon.Launcher - [INFO] Downloaded from google-maven-central: https://maven-central.storage-download.googleapis.com/maven2/org/pac4j/pac4j-http/3.0.0/pac4j-http-3.0.0.pom (4.3 kB at 23 kB/s)
17:37:08.803 [Thread-7] DEBUG spoon.Launcher - [INFO] Downloading from google-maven-central: https://maven-central.storage-download.googleapis.com/maven2/com/zaxxer/HikariCP/2.6.1/HikariCP-2.6.1.pom
17:37:08.808 [Thread-7] DEBUG spoon.Launcher - [INFO] Downloaded from google-maven-central: https://maven-central.storage-download.googleapis.com/maven2/com/zaxxer/HikariCP/2.6.1/HikariCP-2.6.1.pom (18 kB at 4.6 MB/s)
17:37:08.812 [Thread-7] DEBUG spoon.Launcher - [INFO] Downloading from google-maven-central: https://maven-central.storage-download.googleapis.com/maven2/org/pac4j/pac4j-sql/3.0.0/pac4j-sql-3.0.0.pom
17:37:08.958 [Thread-7] DEBUG spoon.Launcher - [INFO] Downloaded from google-maven-central: https://maven-central.storage-download.googleapis.com/maven2/org/pac4j/pac4j-sql/3.0.0/pac4j-sql-3.0.0.pom (3.8 kB at 26 kB/s)
17:37:08.963 [Thread-7] DEBUG spoon.Launcher - [INFO] Downloading from google-maven-central: https://maven-central.storage-download.googleapis.com/maven2/org/jdbi/jdbi/2.78/jdbi-2.78.pom
17:37:08.968 [Thread-7] DEBUG spoon.Launcher - [INFO] Downloaded from google-maven-central: https://maven-central.storage-download.googleapis.com/maven2/org/jdbi/jdbi/2.78/jdbi-2.78.pom (11 kB at 2.2 MB/s)
17:37:08.970 [Thread-7] DEBUG spoon.Launcher - [INFO] Downloading from google-maven-central: https://maven-central.storage-download.googleapis.com/maven2/org/basepom/basepom-oss/19/basepom-oss-19.pom
17:37:08.974 [Thread-7] DEBUG spoon.Launcher - [INFO] Downloaded from google-maven-central: https://maven-central.storage-download.googleapis.com/maven2/org/basepom/basepom-oss/19/basepom-oss-19.pom (9.6 kB at 2.4 MB/s)
17:37:08.977 [Thread-7] DEBUG spoon.Launcher - [INFO] Downloading from google-maven-central: https://maven-central.storage-download.googleapis.com/maven2/org/basepom/basepom-minimal/19/basepom-minimal-19.pom
17:37:08.982 [Thread-7] DEBUG spoon.Launcher - [INFO] Downloaded from google-maven-central: https://maven-central.storage-download.googleapis.com/maven2/org/basepom/basepom-minimal/19/basepom-minimal-19.pom (12 kB at 2.9 MB/s)
17:37:08.985 [Thread-7] DEBUG spoon.Launcher - [INFO] Downloading from google-maven-central: https://maven-central.storage-download.googleapis.com/maven2/org/basepom/basepom-foundation/19/basepom-foundation-19.pom
17:37:08.993 [Thread-7] DEBUG spoon.Launcher - [INFO] Downloaded from google-maven-central: https://maven-central.storage-download.googleapis.com/maven2/org/basepom/basepom-foundation/19/basepom-foundation-19.pom (47 kB at 6.8 MB/s)
17:37:08.999 [Thread-7] DEBUG spoon.Launcher - [INFO] Downloading from google-maven-central: https://maven-central.storage-download.googleapis.com/maven2/org/springframework/security/spring-security-crypto/4.2.2.RELEASE/spring-security-crypto-4.2.2.RELEASE.pom
17:37:09.100 [Thread-7] DEBUG spoon.Launcher - [INFO] Downloaded from google-maven-central: https://maven-central.storage-download.googleapis.com/maven2/org/springframework/security/spring-security-crypto/4.2.2.RELEASE/spring-security-crypto-4.2.2.RELEASE.pom (3.4 kB at 33 kB/s)
17:37:09.103 [Thread-7] DEBUG spoon.Launcher - [INFO] Downloading from google-maven-central: https://maven-central.storage-download.googleapis.com/maven2/org/springframework/spring-framework-bom/4.3.5.RELEASE/spring-framework-bom-4.3.5.RELEASE.pom
17:37:09.270 [Thread-7] DEBUG spoon.Launcher - [INFO] Downloaded from google-maven-central: https://maven-central.storage-download.googleapis.com/maven2/org/springframework/spring-framework-bom/4.3.5.RELEASE/spring-framework-bom-4.3.5.RELEASE.pom (5.1 kB at 31 kB/s)
17:37:09.273 [Thread-7] DEBUG spoon.Launcher - [INFO] Downloading from google-maven-central: https://maven-central.storage-download.googleapis.com/maven2/org/apache/shiro/shiro-core/1.3.2/shiro-core-1.3.2.pom
17:37:09.429 [Thread-7] DEBUG spoon.Launcher - [INFO] Downloaded from google-maven-central: https://maven-central.storage-download.googleapis.com/maven2/org/apache/shiro/shiro-core/1.3.2/shiro-core-1.3.2.pom (4.2 kB at 27 kB/s)
17:37:09.431 [Thread-7] DEBUG spoon.Launcher - [INFO] Downloading from google-maven-central: https://maven-central.storage-download.googleapis.com/maven2/org/apache/shiro/shiro-root/1.3.2/shiro-root-1.3.2.pom
17:37:09.643 [Thread-7] DEBUG spoon.Launcher - [INFO] Downloaded from google-maven-central: https://maven-central.storage-download.googleapis.com/maven2/org/apache/shiro/shiro-root/1.3.2/shiro-root-1.3.2.pom (46 kB at 216 kB/s)
17:37:09.651 [Thread-7] DEBUG spoon.Launcher - [INFO] Downloading from google-maven-central: https://maven-central.storage-download.googleapis.com/maven2/commons-beanutils/commons-beanutils/1.8.3/commons-beanutils-1.8.3.pom
17:37:09.655 [Thread-7] DEBUG spoon.Launcher - [INFO] Downloaded from google-maven-central: https://maven-central.storage-download.googleapis.com/maven2/commons-beanutils/commons-beanutils/1.8.3/commons-beanutils-1.8.3.pom (11 kB at 2.2 MB/s)
17:37:09.658 [Thread-7] DEBUG spoon.Launcher - [INFO] Downloading from google-maven-central: https://maven-central.storage-download.googleapis.com/maven2/org/apache/commons/commons-parent/14/commons-parent-14.pom
17:37:09.662 [Thread-7] DEBUG spoon.Launcher - [INFO] Downloaded from google-maven-central: https://maven-central.storage-download.googleapis.com/maven2/org/apache/commons/commons-parent/14/commons-parent-14.pom (31 kB at 6.3 MB/s)
17:37:09.696 [Thread-7] DEBUG spoon.Launcher - [INFO] Downloading from google-maven-central: https://maven-central.storage-download.googleapis.com/maven2/junit/junit/4.12/junit-4.12.pom
17:37:09.701 [Thread-7] DEBUG spoon.Launcher - [INFO] Downloaded from google-maven-central: https://maven-central.storage-download.googleapis.com/maven2/junit/junit/4.12/junit-4.12.pom (24 kB at 3.9 MB/s)
17:37:09.705 [Thread-7] DEBUG spoon.Launcher - [INFO] Downloading from google-maven-central: https://maven-central.storage-download.googleapis.com/maven2/ch/qos/logback/logback-classic/1.2.2/logback-classic-1.2.2.pom
17:37:09.911 [Thread-7] DEBUG spoon.Launcher - [INFO] Downloaded from google-maven-central: https://maven-central.storage-download.googleapis.com/maven2/ch/qos/logback/logback-classic/1.2.2/logback-classic-1.2.2.pom (13 kB at 64 kB/s)
17:37:09.914 [Thread-7] DEBUG spoon.Launcher - [INFO] Downloading from google-maven-central: https://maven-central.storage-download.googleapis.com/maven2/ch/qos/logback/logback-parent/1.2.2/logback-parent-1.2.2.pom
17:37:09.994 [Thread-7] DEBUG spoon.Launcher - [INFO] Downloaded from google-maven-central: https://maven-central.storage-download.googleapis.com/maven2/ch/qos/logback/logback-parent/1.2.2/logback-parent-1.2.2.pom (18 kB at 220 kB/s)
17:37:09.999 [Thread-7] DEBUG spoon.Launcher - [INFO] Downloading from google-maven-central: https://maven-central.storage-download.googleapis.com/maven2/ch/qos/logback/logback-core/1.2.2/logback-core-1.2.2.pom
17:37:10.146 [Thread-7] DEBUG spoon.Launcher - [INFO] Downloaded from google-maven-central: https://maven-central.storage-download.googleapis.com/maven2/ch/qos/logback/logback-core/1.2.2/logback-core-1.2.2.pom (4.2 kB at 28 kB/s)
17:37:10.150 [Thread-7] DEBUG spoon.Launcher - [INFO] Downloading from google-maven-central: https://maven-central.storage-download.googleapis.com/maven2/com/unboundid/unboundid-ldapsdk/3.2.1/unboundid-ldapsdk-3.2.1.pom
17:37:10.331 [Thread-7] DEBUG spoon.Launcher - [INFO] Downloaded from google-maven-central: https://maven-central.storage-download.googleapis.com/maven2/com/unboundid/unboundid-ldapsdk/3.2.1/unboundid-ldapsdk-3.2.1.pom (3.1 kB at 17 kB/s)
17:37:10.352 [Thread-7] DEBUG spoon.Launcher - [INFO] Downloading from google-maven-central: https://maven-central.storage-download.googleapis.com/maven2/org/pac4j/pac4j-core/3.0.0/pac4j-core-3.0.0.jar
17:37:10.353 [Thread-7] DEBUG spoon.Launcher - [INFO] Downloading from google-maven-central: https://maven-central.storage-download.googleapis.com/maven2/org/pac4j/pac4j-cas/3.0.0/pac4j-cas-3.0.0.jar
17:37:10.356 [Thread-7] DEBUG spoon.Launcher - [INFO] Downloading from google-maven-central: https://maven-central.storage-download.googleapis.com/maven2/org/jasig/cas/client/cas-client-core/3.5.0/cas-client-core-3.5.0.jar
17:37:10.357 [Thread-7] DEBUG spoon.Launcher - [INFO] Downloading from google-maven-central: https://maven-central.storage-download.googleapis.com/maven2/org/jasig/cas/client/cas-client-support-saml/3.5.0/cas-client-support-saml-3.5.0.jar
17:37:10.368 [Thread-7] DEBUG spoon.Launcher - [INFO] Downloading from google-maven-central: https://maven-central.storage-download.googleapis.com/maven2/com/google/guava/guava/21.0/guava-21.0.jar
17:37:10.395 [Thread-7] DEBUG spoon.Launcher - [INFO] Downloaded from google-maven-central: https://maven-central.storage-download.googleapis.com/maven2/org/jasig/cas/client/cas-client-support-saml/3.5.0/cas-client-support-saml-3.5.0.jar (12 kB at 319 kB/s)
17:37:10.395 [Thread-7] DEBUG spoon.Launcher - [INFO] Downloading from google-maven-central: https://maven-central.storage-download.googleapis.com/maven2/org/pac4j/pac4j-saml/3.0.0/pac4j-saml-3.0.0.jar
17:37:10.399 [Thread-7] DEBUG spoon.Launcher - [INFO] Downloaded from google-maven-central: https://maven-central.storage-download.googleapis.com/maven2/org/pac4j/pac4j-cas/3.0.0/pac4j-cas-3.0.0.jar (43 kB at 909 kB/s)
17:37:10.399 [Thread-7] DEBUG spoon.Launcher - [INFO] Downloading from google-maven-central: https://maven-central.storage-download.googleapis.com/maven2/org/opensaml/opensaml-core/3.3.1/opensaml-core-3.3.1.jar
17:37:10.429 [Thread-7] DEBUG spoon.Launcher - [INFO] Downloaded from google-maven-central: https://maven-central.storage-download.googleapis.com/maven2/org/opensaml/opensaml-core/3.3.1/opensaml-core-3.3.1.jar (178 kB at 2.5 MB/s)
17:37:10.429 [Thread-7] DEBUG spoon.Launcher - [INFO] Downloading from google-maven-central: https://maven-central.storage-download.googleapis.com/maven2/io/dropwizard/metrics/metrics-core/3.1.2/metrics-core-3.1.2.jar
17:37:10.430 [Thread-7] DEBUG spoon.Launcher - [INFO] Downloaded from google-maven-central: https://maven-central.storage-download.googleapis.com/maven2/org/pac4j/pac4j-saml/3.0.0/pac4j-saml-3.0.0.jar (126 kB at 1.8 MB/s)
17:37:10.430 [Thread-7] DEBUG spoon.Launcher - [INFO] Downloading from google-maven-central: https://maven-central.storage-download.googleapis.com/maven2/net/shibboleth/utilities/java-support/7.3.0/java-support-7.3.0.jar
17:37:10.436 [Thread-7] DEBUG spoon.Launcher - [INFO] Downloaded from google-maven-central: https://maven-central.storage-download.googleapis.com/maven2/com/google/guava/guava/21.0/guava-21.0.jar (2.5 MB at 32 MB/s)
17:37:10.441 [Thread-7] DEBUG spoon.Launcher - [INFO] Downloading from google-maven-central: https://maven-central.storage-download.googleapis.com/maven2/com/google/code/findbugs/jsr305/3.0.1/jsr305-3.0.1.jar
17:37:10.448 [Thread-7] DEBUG spoon.Launcher - [INFO] Downloaded from google-maven-central: https://maven-central.storage-download.googleapis.com/maven2/com/google/code/findbugs/jsr305/3.0.1/jsr305-3.0.1.jar (20 kB at 224 kB/s)
17:37:10.450 [Thread-7] DEBUG spoon.Launcher - [INFO] Downloading from google-maven-central: https://maven-central.storage-download.googleapis.com/maven2/org/opensaml/opensaml-saml-api/3.3.1/opensaml-saml-api-3.3.1.jar
17:37:10.459 [Thread-7] DEBUG spoon.Launcher - [INFO] Downloaded from google-maven-central: https://maven-central.storage-download.googleapis.com/maven2/io/dropwizard/metrics/metrics-core/3.1.2/metrics-core-3.1.2.jar (113 kB at 1.1 MB/s)
17:37:10.459 [Thread-7] DEBUG spoon.Launcher - [INFO] Downloading from google-maven-central: https://maven-central.storage-download.googleapis.com/maven2/org/opensaml/opensaml-storage-api/3.3.1/opensaml-storage-api-3.3.1.jar
17:37:10.480 [Thread-7] DEBUG spoon.Launcher - [INFO] Downloaded from google-maven-central: https://maven-central.storage-download.googleapis.com/maven2/org/jasig/cas/client/cas-client-core/3.5.0/cas-client-core-3.5.0.jar (150 kB at 1.2 MB/s)
17:37:10.480 [Thread-7] DEBUG spoon.Launcher - [INFO] Downloading from google-maven-central: https://maven-central.storage-download.googleapis.com/maven2/org/opensaml/opensaml-saml-impl/3.3.1/opensaml-saml-impl-3.3.1.jar
17:37:10.496 [Thread-7] DEBUG spoon.Launcher - [INFO] Downloaded from google-maven-central: https://maven-central.storage-download.googleapis.com/maven2/org/opensaml/opensaml-storage-api/3.3.1/opensaml-storage-api-3.3.1.jar (24 kB at 171 kB/s)
17:37:10.497 [Thread-7] DEBUG spoon.Launcher - [INFO] Downloading from google-maven-central: https://maven-central.storage-download.googleapis.com/maven2/org/opensaml/opensaml-soap-impl/3.3.1/opensaml-soap-impl-3.3.1.jar
17:37:10.500 [Thread-7] DEBUG spoon.Launcher - [INFO] Downloaded from google-maven-central: https://maven-central.storage-download.googleapis.com/maven2/org/opensaml/opensaml-saml-api/3.3.1/opensaml-saml-api-3.3.1.jar (400 kB at 2.8 MB/s)
17:37:10.500 [Thread-7] DEBUG spoon.Launcher - [INFO] Downloading from google-maven-central: https://maven-central.storage-download.googleapis.com/maven2/org/apache/httpcomponents/httpclient/4.3.6/httpclient-4.3.6.jar
17:37:10.532 [Thread-7] DEBUG spoon.Launcher - [INFO] Downloaded from google-maven-central: https://maven-central.storage-download.googleapis.com/maven2/org/apache/httpcomponents/httpclient/4.3.6/httpclient-4.3.6.jar (592 kB at 3.4 MB/s)
17:37:10.533 [Thread-7] DEBUG spoon.Launcher - [INFO] Downloading from google-maven-central: https://maven-central.storage-download.googleapis.com/maven2/org/apache/httpcomponents/httpcore/4.3.3/httpcore-4.3.3.jar
17:37:10.554 [Thread-7] DEBUG spoon.Launcher - [INFO] Downloaded from google-maven-central: https://maven-central.storage-download.googleapis.com/maven2/org/pac4j/pac4j-core/3.0.0/pac4j-core-3.0.0.jar (198 kB at 976 kB/s)
17:37:10.555 [Thread-7] DEBUG spoon.Launcher - [INFO] Downloading from google-maven-central: https://maven-central.storage-download.googleapis.com/maven2/org/opensaml/opensaml-soap-api/3.3.1/opensaml-soap-api-3.3.1.jar
17:37:10.559 [Thread-7] DEBUG spoon.Launcher - [INFO] Downloaded from google-maven-central: https://maven-central.storage-download.googleapis.com/maven2/org/apache/httpcomponents/httpcore/4.3.3/httpcore-4.3.3.jar (283 kB at 1.4 MB/s)
17:37:10.561 [Thread-7] DEBUG spoon.Launcher - [INFO] Downloading from google-maven-central: https://maven-central.storage-download.googleapis.com/maven2/org/opensaml/opensaml-xmlsec-api/3.3.1/opensaml-xmlsec-api-3.3.1.jar
17:37:10.564 [Thread-7] DEBUG spoon.Launcher - [INFO] Downloaded from google-maven-central: https://maven-central.storage-download.googleapis.com/maven2/org/opensaml/opensaml-saml-impl/3.3.1/opensaml-saml-impl-3.3.1.jar (1.1 MB at 5.5 MB/s)
17:37:10.564 [Thread-7] DEBUG spoon.Launcher - [INFO] Downloading from google-maven-central: https://maven-central.storage-download.googleapis.com/maven2/org/opensaml/opensaml-security-api/3.3.1/opensaml-security-api-3.3.1.jar
17:37:10.607 [Thread-7] DEBUG spoon.Launcher - [INFO] Downloaded from google-maven-central: https://maven-central.storage-download.googleapis.com/maven2/org/opensaml/opensaml-security-api/3.3.1/opensaml-security-api-3.3.1.jar (61 kB at 246 kB/s)
17:37:10.608 [Thread-7] DEBUG spoon.Launcher - [INFO] Downloading from google-maven-central: https://maven-central.storage-download.googleapis.com/maven2/org/apache/santuario/xmlsec/2.0.5/xmlsec-2.0.5.jar
17:37:10.632 [Thread-7] DEBUG spoon.Launcher - [INFO] Downloaded from google-maven-central: https://maven-central.storage-download.googleapis.com/maven2/net/shibboleth/utilities/java-support/7.3.0/java-support-7.3.0.jar (233 kB at 855 kB/s)
17:37:10.632 [Thread-7] DEBUG spoon.Launcher - [INFO] Downloading from google-maven-central: https://maven-central.storage-download.googleapis.com/maven2/org/codehaus/woodstox/woodstox-core-asl/4.4.1/woodstox-core-asl-4.4.1.jar
17:37:10.665 [Thread-7] DEBUG spoon.Launcher - [INFO] Downloaded from google-maven-central: https://maven-central.storage-download.googleapis.com/maven2/org/opensaml/opensaml-xmlsec-api/3.3.1/opensaml-xmlsec-api-3.3.1.jar (210 kB at 688 kB/s)
17:37:10.665 [Thread-7] DEBUG spoon.Launcher - [INFO] Downloading from google-maven-central: https://maven-central.storage-download.googleapis.com/maven2/javax/xml/stream/stax-api/1.0-2/stax-api-1.0-2.jar
17:37:10.669 [Thread-7] DEBUG spoon.Launcher - [INFO] Downloaded from google-maven-central: https://maven-central.storage-download.googleapis.com/maven2/javax/xml/stream/stax-api/1.0-2/stax-api-1.0-2.jar (23 kB at 75 kB/s)
17:37:10.671 [Thread-7] DEBUG spoon.Launcher - [INFO] Downloading from google-maven-central: https://maven-central.storage-download.googleapis.com/maven2/org/codehaus/woodstox/stax2-api/3.1.4/stax2-api-3.1.4.jar
17:37:10.682 [Thread-7] DEBUG spoon.Launcher - [INFO] Downloaded from google-maven-central: https://maven-central.storage-download.googleapis.com/maven2/org/codehaus/woodstox/woodstox-core-asl/4.4.1/woodstox-core-asl-4.4.1.jar (486 kB at 1.5 MB/s)
17:37:10.683 [Thread-7] DEBUG spoon.Launcher - [INFO] Downloading from google-maven-central: https://maven-central.storage-download.googleapis.com/maven2/org/bouncycastle/bcprov-jdk15on/1.54/bcprov-jdk15on-1.54.jar
17:37:10.685 [Thread-7] DEBUG spoon.Launcher - [INFO] Downloaded from google-maven-central: https://maven-central.storage-download.googleapis.com/maven2/org/codehaus/woodstox/stax2-api/3.1.4/stax2-api-3.1.4.jar (162 kB at 497 kB/s)
17:37:10.686 [Thread-7] DEBUG spoon.Launcher - [INFO] Downloading from google-maven-central: https://maven-central.storage-download.googleapis.com/maven2/org/opensaml/opensaml-security-impl/3.3.1/opensaml-security-impl-3.3.1.jar
17:37:10.690 [Thread-7] DEBUG spoon.Launcher - [INFO] Downloaded from google-maven-central: https://maven-central.storage-download.googleapis.com/maven2/org/apache/santuario/xmlsec/2.0.5/xmlsec-2.0.5.jar (1.1 MB at 3.4 MB/s)
17:37:10.691 [Thread-7] DEBUG spoon.Launcher - [INFO] Downloading from google-maven-central: https://maven-central.storage-download.googleapis.com/maven2/org/opensaml/opensaml-profile-api/3.3.1/opensaml-profile-api-3.3.1.jar
17:37:10.716 [Thread-7] DEBUG spoon.Launcher - [INFO] Downloaded from google-maven-central: https://maven-central.storage-download.googleapis.com/maven2/org/opensaml/opensaml-security-impl/3.3.1/opensaml-security-impl-3.3.1.jar (98 kB at 272 kB/s)
17:37:10.717 [Thread-7] DEBUG spoon.Launcher - [INFO] Downloading from google-maven-central: https://maven-central.storage-download.googleapis.com/maven2/org/opensaml/opensaml-profile-impl/3.3.1/opensaml-profile-impl-3.3.1.jar
17:37:10.741 [Thread-7] DEBUG spoon.Launcher - [INFO] Downloaded from google-maven-central: https://maven-central.storage-download.googleapis.com/maven2/org/opensaml/opensaml-soap-api/3.3.1/opensaml-soap-api-3.3.1.jar (162 kB at 425 kB/s)
17:37:10.741 [Thread-7] DEBUG spoon.Launcher - [INFO] Downloading from google-maven-central: https://maven-central.storage-download.googleapis.com/maven2/org/opensaml/opensaml-messaging-api/3.3.1/opensaml-messaging-api-3.3.1.jar
17:37:10.753 [Thread-7] DEBUG spoon.Launcher - [INFO] Downloaded from google-maven-central: https://maven-central.storage-download.googleapis.com/maven2/org/opensaml/opensaml-soap-impl/3.3.1/opensaml-soap-impl-3.3.1.jar (401 kB at 1.0 MB/s)
17:37:10.753 [Thread-7] DEBUG spoon.Launcher - [INFO] Downloading from google-maven-central: https://maven-central.storage-download.googleapis.com/maven2/org/opensaml/opensaml-messaging-impl/3.3.1/opensaml-messaging-impl-3.3.1.jar
17:37:10.766 [Thread-7] DEBUG spoon.Launcher - [INFO] Downloaded from google-maven-central: https://maven-central.storage-download.googleapis.com/maven2/org/bouncycastle/bcprov-jdk15on/1.54/bcprov-jdk15on-1.54.jar (3.3 MB at 8.0 MB/s)
17:37:10.766 [Thread-7] DEBUG spoon.Launcher - [INFO] Downloading from google-maven-central: https://maven-central.storage-download.googleapis.com/maven2/org/opensaml/opensaml-xmlsec-impl/3.3.1/opensaml-xmlsec-impl-3.3.1.jar
17:37:10.768 [Thread-7] DEBUG spoon.Launcher - [INFO] Downloaded from google-maven-central: https://maven-central.storage-download.googleapis.com/maven2/org/opensaml/opensaml-messaging-api/3.3.1/opensaml-messaging-api-3.3.1.jar (53 kB at 130 kB/s)
17:37:10.768 [Thread-7] DEBUG spoon.Launcher - [INFO] Downloading from google-maven-central: https://maven-central.storage-download.googleapis.com/maven2/org/cryptacular/cryptacular/1.2.1/cryptacular-1.2.1.jar
17:37:10.775 [Thread-7] DEBUG spoon.Launcher - [INFO] Downloaded from google-maven-central: https://maven-central.storage-download.googleapis.com/maven2/org/opensaml/opensaml-messaging-impl/3.3.1/opensaml-messaging-impl-3.3.1.jar (13 kB at 30 kB/s)
17:37:10.776 [Thread-7] DEBUG spoon.Launcher - [INFO] Downloading from google-maven-central: https://maven-central.storage-download.googleapis.com/maven2/joda-time/joda-time/2.9.9/joda-time-2.9.9.jar
17:37:10.795 [Thread-7] DEBUG spoon.Launcher - [INFO] Downloaded from google-maven-central: https://maven-central.storage-download.googleapis.com/maven2/org/cryptacular/cryptacular/1.2.1/cryptacular-1.2.1.jar (150 kB at 344 kB/s)
17:37:10.796 [Thread-7] DEBUG spoon.Launcher - [INFO] Downloading from google-maven-central: https://maven-central.storage-download.googleapis.com/maven2/xalan/xalan/2.7.2/xalan-2.7.2.jar
17:37:10.798 [Thread-7] DEBUG spoon.Launcher - [INFO] Downloaded from google-maven-central: https://maven-central.storage-download.googleapis.com/maven2/joda-time/joda-time/2.9.9/joda-time-2.9.9.jar (634 kB at 1.4 MB/s)
17:37:10.799 [Thread-7] DEBUG spoon.Launcher - [INFO] Downloading from google-maven-central: https://maven-central.storage-download.googleapis.com/maven2/xalan/serializer/2.7.2/serializer-2.7.2.jar
17:37:10.831 [Thread-7] DEBUG spoon.Launcher - [INFO] Downloaded from google-maven-central: https://maven-central.storage-download.googleapis.com/maven2/xalan/serializer/2.7.2/serializer-2.7.2.jar (276 kB at 586 kB/s)
17:37:10.833 [Thread-7] DEBUG spoon.Launcher - [INFO] Downloading from google-maven-central: https://maven-central.storage-download.googleapis.com/maven2/xml-apis/xml-apis/1.3.04/xml-apis-1.3.04.jar
17:37:10.835 [Thread-7] DEBUG spoon.Launcher - [INFO] Downloaded from google-maven-central: https://maven-central.storage-download.googleapis.com/maven2/org/opensaml/opensaml-xmlsec-impl/3.3.1/opensaml-xmlsec-impl-3.3.1.jar (293 kB at 618 kB/s)
17:37:10.835 [Thread-7] DEBUG spoon.Launcher - [INFO] Downloading from google-maven-central: https://maven-central.storage-download.googleapis.com/maven2/org/apache/velocity/velocity/1.7/velocity-1.7.jar
17:37:10.861 [Thread-7] DEBUG spoon.Launcher - [INFO] Downloaded from google-maven-central: https://maven-central.storage-download.googleapis.com/maven2/xml-apis/xml-apis/1.3.04/xml-apis-1.3.04.jar (194 kB at 389 kB/s)
17:37:10.865 [Thread-7] DEBUG spoon.Launcher - [INFO] Downloading from google-maven-central: https://maven-central.storage-download.googleapis.com/maven2/org/slf4j/jcl-over-slf4j/1.7.25/jcl-over-slf4j-1.7.25.jar
17:37:10.882 [Thread-7] DEBUG spoon.Launcher - [INFO] Downloaded from google-maven-central: https://maven-central.storage-download.googleapis.com/maven2/org/slf4j/jcl-over-slf4j/1.7.25/jcl-over-slf4j-1.7.25.jar (17 kB at 32 kB/s)
17:37:10.890 [Thread-7] DEBUG spoon.Launcher - [INFO] Downloading from google-maven-central: https://maven-central.storage-download.googleapis.com/maven2/org/springframework/spring-core/5.0.2.RELEASE/spring-core-5.0.2.RELEASE.jar
17:37:10.894 [Thread-7] DEBUG spoon.Launcher - [INFO] Downloaded from google-maven-central: https://maven-central.storage-download.googleapis.com/maven2/org/opensaml/opensaml-profile-impl/3.3.1/opensaml-profile-impl-3.3.1.jar (28 kB at 53 kB/s)
17:37:10.895 [Thread-7] DEBUG spoon.Launcher - [INFO] Downloaded from google-maven-central: https://maven-central.storage-download.googleapis.com/maven2/org/opensaml/opensaml-profile-api/3.3.1/opensaml-profile-api-3.3.1.jar (27 kB at 51 kB/s)
17:37:10.895 [Thread-7] DEBUG spoon.Launcher - [INFO] Downloading from google-maven-central: https://maven-central.storage-download.googleapis.com/maven2/org/pac4j/pac4j-oauth/3.0.0/pac4j-oauth-3.0.0.jar
17:37:10.895 [Thread-7] DEBUG spoon.Launcher - [INFO] Downloading from google-maven-central: https://maven-central.storage-download.googleapis.com/maven2/org/springframework/spring-jcl/5.0.2.RELEASE/spring-jcl-5.0.2.RELEASE.jar
17:37:10.921 [Thread-7] DEBUG spoon.Launcher - [INFO] Downloaded from google-maven-central: https://maven-central.storage-download.googleapis.com/maven2/org/springframework/spring-jcl/5.0.2.RELEASE/spring-jcl-5.0.2.RELEASE.jar (16 kB at 28 kB/s)
17:37:10.921 [Thread-7] DEBUG spoon.Launcher - [INFO] Downloading from google-maven-central: https://maven-central.storage-download.googleapis.com/maven2/commons-codec/commons-codec/1.10/commons-codec-1.10.jar
17:37:10.932 [Thread-7] DEBUG spoon.Launcher - [INFO] Downloaded from google-maven-central: https://maven-central.storage-download.googleapis.com/maven2/org/apache/velocity/velocity/1.7/velocity-1.7.jar (450 kB at 784 kB/s)
17:37:10.934 [Thread-7] DEBUG spoon.Launcher - [INFO] Downloaded from google-maven-central: https://maven-central.storage-download.googleapis.com/maven2/xalan/xalan/2.7.2/xalan-2.7.2.jar (3.2 MB at 5.5 MB/s)
17:37:10.944 [Thread-7] DEBUG spoon.Launcher - [INFO] Downloading from google-maven-central: https://maven-central.storage-download.googleapis.com/maven2/com/github/scribejava/scribejava-apis/5.3.0/scribejava-apis-5.3.0.jar
17:37:10.945 [Thread-7] DEBUG spoon.Launcher - [INFO] Downloading from google-maven-central: https://maven-central.storage-download.googleapis.com/maven2/com/github/scribejava/scribejava-core/5.3.0/scribejava-core-5.3.0.jar
17:37:10.946 [Thread-7] DEBUG spoon.Launcher - [INFO] Downloaded from google-maven-central: https://maven-central.storage-download.googleapis.com/maven2/commons-codec/commons-codec/1.10/commons-codec-1.10.jar (284 kB at 483 kB/s)
17:37:10.953 [Thread-7] DEBUG spoon.Launcher - [INFO] Downloading from google-maven-central: https://maven-central.storage-download.googleapis.com/maven2/com/fasterxml/jackson/core/jackson-databind/2.8.7/jackson-databind-2.8.7.jar
17:37:10.969 [Thread-7] DEBUG spoon.Launcher - [INFO] Downloaded from google-maven-central: https://maven-central.storage-download.googleapis.com/maven2/org/springframework/spring-core/5.0.2.RELEASE/spring-core-5.0.2.RELEASE.jar (1.2 MB at 2.0 MB/s)
17:37:10.969 [Thread-7] DEBUG spoon.Launcher - [INFO] Downloading from google-maven-central: https://maven-central.storage-download.googleapis.com/maven2/com/fasterxml/jackson/core/jackson-annotations/2.8.0/jackson-annotations-2.8.0.jar
17:37:10.972 [Thread-7] DEBUG spoon.Launcher - [INFO] Downloaded from google-maven-central: https://maven-central.storage-download.googleapis.com/maven2/com/github/scribejava/scribejava-apis/5.3.0/scribejava-apis-5.3.0.jar (95 kB at 155 kB/s)
17:37:10.972 [Thread-7] DEBUG spoon.Launcher - [INFO] Downloading from google-maven-central: https://maven-central.storage-download.googleapis.com/maven2/com/fasterxml/jackson/core/jackson-core/2.8.7/jackson-core-2.8.7.jar
17:37:10.985 [Thread-7] DEBUG spoon.Launcher - [INFO] Downloaded from google-maven-central: https://maven-central.storage-download.googleapis.com/maven2/com/github/scribejava/scribejava-core/5.3.0/scribejava-core-5.3.0.jar (114 kB at 182 kB/s)
17:37:10.985 [Thread-7] DEBUG spoon.Launcher - [INFO] Downloading from google-maven-central: https://maven-central.storage-download.googleapis.com/maven2/org/pac4j/pac4j-oidc/3.0.0/pac4j-oidc-3.0.0.jar
17:37:10.999 [Thread-7] DEBUG spoon.Launcher - [INFO] Downloaded from google-maven-central: https://maven-central.storage-download.googleapis.com/maven2/com/fasterxml/jackson/core/jackson-annotations/2.8.0/jackson-annotations-2.8.0.jar (56 kB at 87 kB/s)
17:37:10.999 [Thread-7] DEBUG spoon.Launcher - [INFO] Downloading from google-maven-central: https://maven-central.storage-download.googleapis.com/maven2/com/nimbusds/oauth2-oidc-sdk/5.45/oauth2-oidc-sdk-5.45.jar
17:37:11.033 [Thread-7] DEBUG spoon.Launcher - [INFO] Downloaded from google-maven-central: https://maven-central.storage-download.googleapis.com/maven2/com/nimbusds/oauth2-oidc-sdk/5.45/oauth2-oidc-sdk-5.45.jar (404 kB at 604 kB/s)
17:37:11.033 [Thread-7] DEBUG spoon.Launcher - [INFO] Downloading from google-maven-central: https://maven-central.storage-download.googleapis.com/maven2/javax/mail/mail/1.4.7/mail-1.4.7.jar
17:37:11.086 [Thread-7] DEBUG spoon.Launcher - [INFO] Downloaded from google-maven-central: https://maven-central.storage-download.googleapis.com/maven2/javax/mail/mail/1.4.7/mail-1.4.7.jar (521 kB at 721 kB/s)
17:37:11.087 [Thread-7] DEBUG spoon.Launcher - [INFO] Downloading from google-maven-central: https://maven-central.storage-download.googleapis.com/maven2/javax/activation/activation/1.1/activation-1.1.jar
17:37:11.106 [Thread-7] DEBUG spoon.Launcher - [INFO] Downloaded from google-maven-central: https://maven-central.storage-download.googleapis.com/maven2/javax/activation/activation/1.1/activation-1.1.jar (63 kB at 85 kB/s)
17:37:11.107 [Thread-7] DEBUG spoon.Launcher - [INFO] Downloading from google-maven-central: https://maven-central.storage-download.googleapis.com/maven2/com/github/stephenc/jcip/jcip-annotations/1.0-1/jcip-annotations-1.0-1.jar
17:37:11.122 [Thread-7] DEBUG spoon.Launcher - [INFO] Downloaded from google-maven-central: https://maven-central.storage-download.googleapis.com/maven2/com/github/stephenc/jcip/jcip-annotations/1.0-1/jcip-annotations-1.0-1.jar (4.7 kB at 6.2 kB/s)
17:37:11.125 [Thread-7] DEBUG spoon.Launcher - [INFO] Downloading from google-maven-central: https://maven-central.storage-download.googleapis.com/maven2/org/apache/commons/commons-lang3/3.7/commons-lang3-3.7.jar
17:37:11.145 [Thread-7] DEBUG spoon.Launcher - [INFO] Downloaded from google-maven-central: https://maven-central.storage-download.googleapis.com/maven2/org/pac4j/pac4j-oauth/3.0.0/pac4j-oauth-3.0.0.jar (205 kB at 260 kB/s)
17:37:11.146 [Thread-7] DEBUG spoon.Launcher - [INFO] Downloading from google-maven-central: https://maven-central.storage-download.googleapis.com/maven2/org/apache/commons/commons-collections4/4.1/commons-collections4-4.1.jar
17:37:11.164 [Thread-7] DEBUG spoon.Launcher - [INFO] Downloaded from google-maven-central: https://maven-central.storage-download.googleapis.com/maven2/com/fasterxml/jackson/core/jackson-core/2.8.7/jackson-core-2.8.7.jar (282 kB at 352 kB/s)
17:37:11.165 [Thread-7] DEBUG spoon.Launcher - [INFO] Downloading from google-maven-central: https://maven-central.storage-download.googleapis.com/maven2/net/minidev/json-smart/2.3/json-smart-2.3.jar
17:37:11.173 [Thread-7] DEBUG spoon.Launcher - [INFO] Downloaded from google-maven-central: https://maven-central.storage-download.googleapis.com/maven2/net/minidev/json-smart/2.3/json-smart-2.3.jar (120 kB at 149 kB/s)
17:37:11.174 [Thread-7] DEBUG spoon.Launcher - [INFO] Downloaded from google-maven-central: https://maven-central.storage-download.googleapis.com/maven2/org/pac4j/pac4j-oidc/3.0.0/pac4j-oidc-3.0.0.jar (48 kB at 59 kB/s)
17:37:11.174 [Thread-7] DEBUG spoon.Launcher - [INFO] Downloading from google-maven-central: https://maven-central.storage-download.googleapis.com/maven2/net/minidev/accessors-smart/1.2/accessors-smart-1.2.jar
17:37:11.176 [Thread-7] DEBUG spoon.Launcher - [INFO] Downloading from google-maven-central: https://maven-central.storage-download.googleapis.com/maven2/org/ow2/asm/asm/5.0.4/asm-5.0.4.jar
17:37:11.179 [Thread-7] DEBUG spoon.Launcher - [INFO] Downloaded from google-maven-central: https://maven-central.storage-download.googleapis.com/maven2/net/minidev/accessors-smart/1.2/accessors-smart-1.2.jar (30 kB at 37 kB/s)
17:37:11.179 [Thread-7] DEBUG spoon.Launcher - [INFO] Downloading from google-maven-central: https://maven-central.storage-download.googleapis.com/maven2/com/nimbusds/lang-tag/1.5/lang-tag-1.5.jar
17:37:11.192 [Thread-7] DEBUG spoon.Launcher - [INFO] Downloaded from google-maven-central: https://maven-central.storage-download.googleapis.com/maven2/org/ow2/asm/asm/5.0.4/asm-5.0.4.jar (53 kB at 65 kB/s)
17:37:11.195 [Thread-7] DEBUG spoon.Launcher - [INFO] Downloading from google-maven-central: https://maven-central.storage-download.googleapis.com/maven2/com/nimbusds/nimbus-jose-jwt/4.35/nimbus-jose-jwt-4.35.jar
17:37:11.202 [Thread-7] DEBUG spoon.Launcher - [INFO] Downloaded from google-maven-central: https://maven-central.storage-download.googleapis.com/maven2/org/apache/commons/commons-lang3/3.7/commons-lang3-3.7.jar (500 kB at 600 kB/s)
17:37:11.205 [Thread-7] DEBUG spoon.Launcher - [INFO] Downloading from google-maven-central: https://maven-central.storage-download.googleapis.com/maven2/org/bouncycastle/bcpkix-jdk15on/1.55/bcpkix-jdk15on-1.55.jar
17:37:11.207 [Thread-7] DEBUG spoon.Launcher - [INFO] Downloaded from google-maven-central: https://maven-central.storage-download.googleapis.com/maven2/com/nimbusds/lang-tag/1.5/lang-tag-1.5.jar (11 kB at 13 kB/s)
17:37:11.207 [Thread-7] DEBUG spoon.Launcher - [INFO] Downloading from google-maven-central: https://maven-central.storage-download.googleapis.com/maven2/org/pac4j/pac4j-ldap/3.0.0/pac4j-ldap-3.0.0.jar
17:37:11.216 [Thread-7] DEBUG spoon.Launcher - [INFO] Downloaded from google-maven-central: https://maven-central.storage-download.googleapis.com/maven2/org/apache/commons/commons-collections4/4.1/commons-collections4-4.1.jar (751 kB at 890 kB/s)
17:37:11.219 [Thread-7] DEBUG spoon.Launcher - [INFO] Downloading from google-maven-central: https://maven-central.storage-download.googleapis.com/maven2/org/ldaptive/ldaptive/1.2.3/ldaptive-1.2.3.jar
17:37:11.240 [Thread-7] DEBUG spoon.Launcher - [INFO] Downloaded from google-maven-central: https://maven-central.storage-download.googleapis.com/maven2/com/nimbusds/nimbus-jose-jwt/4.35/nimbus-jose-jwt-4.35.jar (295 kB at 337 kB/s)
17:37:11.241 [Thread-7] DEBUG spoon.Launcher - [INFO] Downloading from google-maven-central: https://maven-central.storage-download.googleapis.com/maven2/commons-cli/commons-cli/1.4/commons-cli-1.4.jar
17:37:11.246 [Thread-7] DEBUG spoon.Launcher - [INFO] Downloaded from google-maven-central: https://maven-central.storage-download.googleapis.com/maven2/commons-cli/commons-cli/1.4/commons-cli-1.4.jar (54 kB at 61 kB/s)
17:37:11.248 [Thread-7] DEBUG spoon.Launcher - [INFO] Downloading from google-maven-central: https://maven-central.storage-download.googleapis.com/maven2/org/pac4j/pac4j-http/3.0.0/pac4j-http-3.0.0.jar
17:37:11.278 [Thread-7] DEBUG spoon.Launcher - [INFO] Downloaded from google-maven-central: https://maven-central.storage-download.googleapis.com/maven2/com/fasterxml/jackson/core/jackson-databind/2.8.7/jackson-databind-2.8.7.jar (1.2 MB at 1.3 MB/s)
17:37:11.279 [Thread-7] DEBUG spoon.Launcher - [INFO] Downloading from google-maven-central: https://maven-central.storage-download.googleapis.com/maven2/com/zaxxer/HikariCP/2.6.1/HikariCP-2.6.1.jar
17:37:11.279 [Thread-7] DEBUG spoon.Launcher - [INFO] Downloaded from google-maven-central: https://maven-central.storage-download.googleapis.com/maven2/org/pac4j/pac4j-http/3.0.0/pac4j-http-3.0.0.jar (40 kB at 43 kB/s)
17:37:11.279 [Thread-7] DEBUG spoon.Launcher - [INFO] Downloading from google-maven-central: https://maven-central.storage-download.googleapis.com/maven2/org/pac4j/pac4j-sql/3.0.0/pac4j-sql-3.0.0.jar
17:37:11.281 [Thread-7] DEBUG spoon.Launcher - [INFO] Downloaded from google-maven-central: https://maven-central.storage-download.googleapis.com/maven2/org/bouncycastle/bcpkix-jdk15on/1.55/bcpkix-jdk15on-1.55.jar (682 kB at 746 kB/s)
17:37:11.282 [Thread-7] DEBUG spoon.Launcher - [INFO] Downloading from google-maven-central: https://maven-central.storage-download.googleapis.com/maven2/org/jdbi/jdbi/2.78/jdbi-2.78.jar
17:37:11.302 [Thread-7] DEBUG spoon.Launcher - [INFO] Downloaded from google-maven-central: https://maven-central.storage-download.googleapis.com/maven2/org/ldaptive/ldaptive/1.2.3/ldaptive-1.2.3.jar (802 kB at 857 kB/s)
17:37:11.302 [Thread-7] DEBUG spoon.Launcher - [INFO] Downloading from google-maven-central: https://maven-central.storage-download.googleapis.com/maven2/org/springframework/security/spring-security-crypto/4.2.2.RELEASE/spring-security-crypto-4.2.2.RELEASE.jar
17:37:11.304 [Thread-7] DEBUG spoon.Launcher - [INFO] Downloaded from google-maven-central: https://maven-central.storage-download.googleapis.com/maven2/com/zaxxer/HikariCP/2.6.1/HikariCP-2.6.1.jar (134 kB at 143 kB/s)
17:37:11.304 [Thread-7] DEBUG spoon.Launcher - [INFO] Downloading from google-maven-central: https://maven-central.storage-download.googleapis.com/maven2/org/apache/shiro/shiro-core/1.3.2/shiro-core-1.3.2.jar
17:37:11.306 [Thread-7] DEBUG spoon.Launcher - [INFO] Downloaded from google-maven-central: https://maven-central.storage-download.googleapis.com/maven2/org/pac4j/pac4j-sql/3.0.0/pac4j-sql-3.0.0.jar (7.3 kB at 7.7 kB/s)
17:37:11.306 [Thread-7] DEBUG spoon.Launcher - [INFO] Downloading from google-maven-central: https://maven-central.storage-download.googleapis.com/maven2/commons-beanutils/commons-beanutils/1.8.3/commons-beanutils-1.8.3.jar
17:37:11.386 [Thread-7] DEBUG spoon.Launcher - [INFO] Downloaded from google-maven-central: https://maven-central.storage-download.googleapis.com/maven2/commons-beanutils/commons-beanutils/1.8.3/commons-beanutils-1.8.3.jar (232 kB at 227 kB/s)
17:37:11.387 [Thread-7] DEBUG spoon.Launcher - [INFO] Downloading from google-maven-central: https://maven-central.storage-download.googleapis.com/maven2/org/pac4j/pac4j-core/3.0.0/pac4j-core-3.0.0-tests.jar
17:37:11.420 [Thread-7] DEBUG spoon.Launcher - [INFO] Downloaded from google-maven-central: https://maven-central.storage-download.googleapis.com/maven2/org/jdbi/jdbi/2.78/jdbi-2.78.jar (1.0 MB at 995 kB/s)
17:37:11.421 [Thread-7] DEBUG spoon.Launcher - [INFO] Downloading from google-maven-central: https://maven-central.storage-download.googleapis.com/maven2/junit/junit/4.12/junit-4.12.jar
17:37:11.435 [Thread-7] DEBUG spoon.Launcher - [INFO] Downloaded from google-maven-central: https://maven-central.storage-download.googleapis.com/maven2/junit/junit/4.12/junit-4.12.jar (315 kB at 295 kB/s)
17:37:11.438 [Thread-7] DEBUG spoon.Launcher - [INFO] Downloading from google-maven-central: https://maven-central.storage-download.googleapis.com/maven2/ch/qos/logback/logback-classic/1.2.2/logback-classic-1.2.2.jar
17:37:11.448 [Thread-7] DEBUG spoon.Launcher - [INFO] Downloaded from google-maven-central: https://maven-central.storage-download.googleapis.com/maven2/org/pac4j/pac4j-core/3.0.0/pac4j-core-3.0.0-tests.jar (130 kB at 120 kB/s)
17:37:11.448 [Thread-7] DEBUG spoon.Launcher - [INFO] Downloading from google-maven-central: https://maven-central.storage-download.googleapis.com/maven2/ch/qos/logback/logback-core/1.2.2/logback-core-1.2.2.jar
17:37:11.467 [Thread-7] DEBUG spoon.Launcher - [INFO] Downloaded from google-maven-central: https://maven-central.storage-download.googleapis.com/maven2/org/springframework/security/spring-security-crypto/4.2.2.RELEASE/spring-security-crypto-4.2.2.RELEASE.jar (55 kB at 50 kB/s)
17:37:11.467 [Thread-7] DEBUG spoon.Launcher - [INFO] Downloading from google-maven-central: https://maven-central.storage-download.googleapis.com/maven2/org/pac4j/pac4j-ldap/3.0.0/pac4j-ldap-3.0.0-tests.jar
17:37:11.484 [Thread-7] DEBUG spoon.Launcher - [INFO] Downloaded from google-maven-central: https://maven-central.storage-download.googleapis.com/maven2/org/apache/shiro/shiro-core/1.3.2/shiro-core-1.3.2.jar (409 kB at 366 kB/s)
17:37:11.484 [Thread-7] DEBUG spoon.Launcher - [INFO] Downloading from google-maven-central: https://maven-central.storage-download.googleapis.com/maven2/com/unboundid/unboundid-ldapsdk/3.2.1/unboundid-ldapsdk-3.2.1.jar
17:37:11.489 [Thread-7] DEBUG spoon.Launcher - [INFO] Downloaded from google-maven-central: https://maven-central.storage-download.googleapis.com/maven2/org/pac4j/pac4j-ldap/3.0.0/pac4j-ldap-3.0.0.jar (9.1 kB at 8.1 kB/s)
17:37:11.489 [Thread-7] DEBUG spoon.Launcher - [INFO] Downloading from google-maven-central: https://maven-central.storage-download.googleapis.com/maven2/org/pac4j/pac4j-sql/3.0.0/pac4j-sql-3.0.0-tests.jar
17:37:11.491 [Thread-7] DEBUG spoon.Launcher - [INFO] Downloaded from google-maven-central: https://maven-central.storage-download.googleapis.com/maven2/org/pac4j/pac4j-ldap/3.0.0/pac4j-ldap-3.0.0-tests.jar (10 kB at 8.9 kB/s)
17:37:11.500 [Thread-7] DEBUG spoon.Launcher - [INFO] Downloaded from google-maven-central: https://maven-central.storage-download.googleapis.com/maven2/ch/qos/logback/logback-core/1.2.2/logback-core-1.2.2.jar (473 kB at 416 kB/s)
17:37:11.597 [Thread-7] DEBUG spoon.Launcher - [INFO] Downloaded from google-maven-central: https://maven-central.storage-download.googleapis.com/maven2/ch/qos/logback/logback-classic/1.2.2/logback-classic-1.2.2.jar (291 kB at 236 kB/s)
17:37:11.606 [Thread-7] DEBUG spoon.Launcher - [INFO] Downloaded from google-maven-central: https://maven-central.storage-download.googleapis.com/maven2/com/unboundid/unboundid-ldapsdk/3.2.1/unboundid-ldapsdk-3.2.1.jar (2.0 MB at 1.6 MB/s)
17:37:11.638 [Thread-7] DEBUG spoon.Launcher - [INFO] Downloaded from google-maven-central: https://maven-central.storage-download.googleapis.com/maven2/org/pac4j/pac4j-sql/3.0.0/pac4j-sql-3.0.0-tests.jar (8.2 kB at 6.4 kB/s)
17:37:11.725 [Thread-7] DEBUG spoon.Launcher - [INFO] 
17:37:11.727 [Thread-7] DEBUG spoon.Launcher - [INFO] --- maven-dependency-plugin:2.8:build-classpath (default-cli) @ pac4j-config ---
17:37:12.318 [Thread-7] DEBUG spoon.Launcher - [INFO] Wrote classpath file '/home/travis/build/SpoonLabs/spoon-ci-external/spoon/src/test/resources/maven-launcher/pac4j/pac4j-config/spoon.classpath.tmp'.
17:37:12.321 [Thread-7] DEBUG spoon.Launcher - [INFO] ------------------------------------------------------------------------
17:37:12.321 [Thread-7] DEBUG spoon.Launcher - [INFO] BUILD SUCCESS
17:37:12.322 [Thread-7] DEBUG spoon.Launcher - [INFO] ------------------------------------------------------------------------
17:37:12.324 [Thread-7] DEBUG spoon.Launcher - [INFO] Total time:  18.523 s
17:37:12.325 [Thread-7] DEBUG spoon.Launcher - [INFO] Finished at: 2020-11-17T17:37:12Z
17:37:12.325 [Thread-7] DEBUG spoon.Launcher - [INFO] ------------------------------------------------------------------------
]]></system-out>
  </testcase>
  <testcase name="testSystemDependency" classname="spoon.MavenLauncherTest" time="0.301">
    <system-out><![CDATA[17:37:12.353 [main] INFO spoon.Launcher - Running in NOCLASSPATH mode (doc: http://spoon.gforge.inria.fr/launcher.html).
]]></system-out>
  </testcase>
  <testcase name="testRebuildClasspath" classname="spoon.MavenLauncherTest" time="2.835">
    <system-out><![CDATA[17:37:12.655 [main] INFO spoon.Launcher - Running in NOCLASSPATH mode (doc: http://spoon.gforge.inria.fr/launcher.html).
17:37:14.189 [Thread-10] DEBUG spoon.Launcher - [INFO] Scanning for projects...
17:37:14.247 [Thread-10] DEBUG spoon.Launcher - [WARNING] 
17:37:14.248 [Thread-10] DEBUG spoon.Launcher - [WARNING] Some problems were encountered while building the effective model for org.foo.bar:foobar:jar:1.0.0-SNAPSHOT
17:37:14.254 [Thread-10] DEBUG spoon.Launcher - [WARNING] 'dependencies.dependency.systemPath' for com.infradna.tool:bridge-method-annotation:jar should not point at files within the project directory, ${basedir}/lib/bridge-method-annotation-1.13.jar will be unresolvable by dependent projects @ line 18, column 25
17:37:14.255 [Thread-10] DEBUG spoon.Launcher - [WARNING] 
17:37:14.255 [Thread-10] DEBUG spoon.Launcher - [WARNING] It is highly recommended to fix these problems because they threaten the stability of your build.
17:37:14.255 [Thread-10] DEBUG spoon.Launcher - [WARNING] 
17:37:14.255 [Thread-10] DEBUG spoon.Launcher - [WARNING] For this reason, future Maven versions might no longer support building such malformed projects.
17:37:14.255 [Thread-10] DEBUG spoon.Launcher - [WARNING] 
17:37:14.596 [Thread-10] DEBUG spoon.Launcher - [INFO] 
17:37:14.597 [Thread-10] DEBUG spoon.Launcher - [INFO] -------------------------< org.foo.bar:foobar >-------------------------
17:37:14.600 [Thread-10] DEBUG spoon.Launcher - [INFO] Building foobar 1.0.0-SNAPSHOT
17:37:14.600 [Thread-10] DEBUG spoon.Launcher - [INFO] --------------------------------[ jar ]---------------------------------
17:37:14.624 [Thread-10] DEBUG spoon.Launcher - [INFO] 
17:37:14.624 [Thread-10] DEBUG spoon.Launcher - [INFO] --- maven-dependency-plugin:2.8:build-classpath (default-cli) @ foobar ---
17:37:15.457 [Thread-10] DEBUG spoon.Launcher - [INFO] Wrote classpath file '/home/travis/build/SpoonLabs/spoon-ci-external/spoon/src/test/resources/maven-launcher/system-dependency/spoon.classpath.tmp'.
17:37:15.457 [Thread-10] DEBUG spoon.Launcher - [INFO] ------------------------------------------------------------------------
17:37:15.457 [Thread-10] DEBUG spoon.Launcher - [INFO] BUILD SUCCESS
17:37:15.457 [Thread-10] DEBUG spoon.Launcher - [INFO] ------------------------------------------------------------------------
17:37:15.459 [Thread-10] DEBUG spoon.Launcher - [INFO] Total time:  1.291 s
17:37:15.459 [Thread-10] DEBUG spoon.Launcher - [INFO] Finished at: 2020-11-17T17:37:15Z
17:37:15.459 [Thread-10] DEBUG spoon.Launcher - [INFO] ------------------------------------------------------------------------
]]></system-out>
  </testcase>
  <testcase name="testTypeResolution" classname="spoon.MavenLauncherTest" time="0">
    <skipped/>
  </testcase>
  <testcase name="multiModulesProjectTest" classname="spoon.MavenLauncherTest" time="21.84">
    <system-out><![CDATA[17:37:15.492 [main] INFO spoon.Launcher - Running in NOCLASSPATH mode (doc: http://spoon.gforge.inria.fr/launcher.html).
17:37:17.006 [Thread-13] DEBUG spoon.Launcher - [INFO] Scanning for projects...
17:37:18.064 [Thread-13] DEBUG spoon.Launcher - [INFO] ------------------------------------------------------------------------
17:37:18.066 [Thread-13] DEBUG spoon.Launcher - [INFO] Reactor Build Order:
17:37:18.066 [Thread-13] DEBUG spoon.Launcher - [INFO] 
17:37:18.068 [Thread-13] DEBUG spoon.Launcher - [INFO] pac4j                                                              [pom]
17:37:18.077 [Thread-13] DEBUG spoon.Launcher - [INFO] pac4j core                                                         [jar]
17:37:18.078 [Thread-13] DEBUG spoon.Launcher - [INFO] pac4j for CAS protocol                                             [jar]
17:37:18.080 [Thread-13] DEBUG spoon.Launcher - [INFO] pac4j for SAML protocol                                            [jar]
17:37:18.081 [Thread-13] DEBUG spoon.Launcher - [INFO] pac4j for OAuth protocol                                           [jar]
17:37:18.082 [Thread-13] DEBUG spoon.Launcher - [INFO] pac4j for OpenID Connect protocol                                  [jar]
17:37:18.086 [Thread-13] DEBUG spoon.Launcher - [INFO] pac4j for LDAP                                                     [jar]
17:37:18.087 [Thread-13] DEBUG spoon.Launcher - [INFO] pac4j for HTTP protocol                                            [jar]
17:37:18.088 [Thread-13] DEBUG spoon.Launcher - [INFO] pac4j for relational DB                                            [jar]
17:37:18.088 [Thread-13] DEBUG spoon.Launcher - [INFO] pac4j configuration                                                [jar]
17:37:18.089 [Thread-13] DEBUG spoon.Launcher - [INFO] pac4j for OpenId protocol                                          [jar]
17:37:18.090 [Thread-13] DEBUG spoon.Launcher - [INFO] pac4j for GAE UserService mechanism                                [jar]
17:37:18.091 [Thread-13] DEBUG spoon.Launcher - [INFO] pac4j for JWT                                                      [jar]
17:37:18.092 [Thread-13] DEBUG spoon.Launcher - [INFO] pac4j for MongoDB                                                  [jar]
17:37:18.092 [Thread-13] DEBUG spoon.Launcher - [INFO] pac4j for CouchDB                                                  [jar]
17:37:18.093 [Thread-13] DEBUG spoon.Launcher - [INFO] pac4j for Kerberos                                                 [jar]
17:37:18.296 [Thread-13] DEBUG spoon.Launcher - [INFO] 
17:37:18.297 [Thread-13] DEBUG spoon.Launcher - [INFO] --------------------------< org.pac4j:pac4j >---------------------------
17:37:18.298 [Thread-13] DEBUG spoon.Launcher - [INFO] Building pac4j 3.0.0                                              [1/16]
17:37:18.298 [Thread-13] DEBUG spoon.Launcher - [INFO] --------------------------------[ pom ]---------------------------------
17:37:18.308 [Thread-13] DEBUG spoon.Launcher - [INFO] 
17:37:18.309 [Thread-13] DEBUG spoon.Launcher - [INFO] --- maven-dependency-plugin:2.8:build-classpath (default-cli) @ pac4j ---
17:37:18.840 [Thread-13] DEBUG spoon.Launcher - [INFO] No dependencies found.
17:37:18.842 [Thread-13] DEBUG spoon.Launcher - [INFO] Wrote classpath file '/home/travis/build/SpoonLabs/spoon-ci-external/spoon/src/test/resources/maven-launcher/pac4j/spoon.classpath.tmp'.
17:37:18.843 [Thread-13] DEBUG spoon.Launcher - [INFO] 
17:37:18.844 [Thread-13] DEBUG spoon.Launcher - [INFO] ------------------------< org.pac4j:pac4j-core >------------------------
17:37:18.845 [Thread-13] DEBUG spoon.Launcher - [INFO] Building pac4j core 3.0.0                                         [2/16]
17:37:18.845 [Thread-13] DEBUG spoon.Launcher - [INFO] --------------------------------[ jar ]---------------------------------
17:37:19.367 [Thread-13] DEBUG spoon.Launcher - [INFO] Downloading from google-maven-central: https://maven-central.storage-download.googleapis.com/maven2/javax/servlet/javax.servlet-api/3.1.0/javax.servlet-api-3.1.0.pom
17:37:19.734 [Thread-13] DEBUG spoon.Launcher - [INFO] Downloaded from google-maven-central: https://maven-central.storage-download.googleapis.com/maven2/javax/servlet/javax.servlet-api/3.1.0/javax.servlet-api-3.1.0.pom (14 kB at 36 kB/s)
17:37:19.753 [Thread-13] DEBUG spoon.Launcher - [INFO] Downloading from google-maven-central: https://maven-central.storage-download.googleapis.com/maven2/net/java/jvnet-parent/3/jvnet-parent-3.pom
17:37:19.765 [Thread-13] DEBUG spoon.Launcher - [INFO] Downloaded from google-maven-central: https://maven-central.storage-download.googleapis.com/maven2/net/java/jvnet-parent/3/jvnet-parent-3.pom (4.8 kB at 399 kB/s)
17:37:19.801 [Thread-13] DEBUG spoon.Launcher - [INFO] Downloading from google-maven-central: https://maven-central.storage-download.googleapis.com/maven2/org/springframework/spring-test/4.3.7.RELEASE/spring-test-4.3.7.RELEASE.pom
17:37:19.882 [Thread-13] DEBUG spoon.Launcher - [INFO] Downloaded from google-maven-central: https://maven-central.storage-download.googleapis.com/maven2/org/springframework/spring-test/4.3.7.RELEASE/spring-test-4.3.7.RELEASE.pom (8.0 kB at 98 kB/s)
17:37:19.888 [Thread-13] DEBUG spoon.Launcher - [INFO] Downloading from google-maven-central: https://maven-central.storage-download.googleapis.com/maven2/org/springframework/spring-core/4.3.7.RELEASE/spring-core-4.3.7.RELEASE.pom
17:37:19.927 [Thread-13] DEBUG spoon.Launcher - [INFO] Downloaded from google-maven-central: https://maven-central.storage-download.googleapis.com/maven2/org/springframework/spring-core/4.3.7.RELEASE/spring-core-4.3.7.RELEASE.pom (2.5 kB at 64 kB/s)
17:37:19.939 [Thread-13] DEBUG spoon.Launcher - [INFO] Downloading from google-maven-central: https://maven-central.storage-download.googleapis.com/maven2/org/mockito/mockito-core/2.7.19/mockito-core-2.7.19.pom
17:37:19.981 [Thread-13] DEBUG spoon.Launcher - [INFO] Downloaded from google-maven-central: https://maven-central.storage-download.googleapis.com/maven2/org/mockito/mockito-core/2.7.19/mockito-core-2.7.19.pom (2.3 kB at 54 kB/s)
17:37:19.985 [Thread-13] DEBUG spoon.Launcher - [INFO] Downloading from google-maven-central: https://maven-central.storage-download.googleapis.com/maven2/net/bytebuddy/byte-buddy/1.6.11/byte-buddy-1.6.11.pom
17:37:20.001 [Thread-13] DEBUG spoon.Launcher - [INFO] Downloaded from google-maven-central: https://maven-central.storage-download.googleapis.com/maven2/net/bytebuddy/byte-buddy/1.6.11/byte-buddy-1.6.11.pom (12 kB at 786 kB/s)
17:37:20.007 [Thread-13] DEBUG spoon.Launcher - [INFO] Downloading from google-maven-central: https://maven-central.storage-download.googleapis.com/maven2/net/bytebuddy/byte-buddy-parent/1.6.11/byte-buddy-parent-1.6.11.pom
17:37:20.030 [Thread-13] DEBUG spoon.Launcher - [INFO] Downloaded from google-maven-central: https://maven-central.storage-download.googleapis.com/maven2/net/bytebuddy/byte-buddy-parent/1.6.11/byte-buddy-parent-1.6.11.pom (26 kB at 1.1 MB/s)
17:37:20.037 [Thread-13] DEBUG spoon.Launcher - [INFO] Downloading from google-maven-central: https://maven-central.storage-download.googleapis.com/maven2/net/bytebuddy/byte-buddy-agent/1.6.11/byte-buddy-agent-1.6.11.pom
17:37:20.050 [Thread-13] DEBUG spoon.Launcher - [INFO] Downloaded from google-maven-central: https://maven-central.storage-download.googleapis.com/maven2/net/bytebuddy/byte-buddy-agent/1.6.11/byte-buddy-agent-1.6.11.pom (4.5 kB at 346 kB/s)
17:37:20.056 [Thread-13] DEBUG spoon.Launcher - [INFO] Downloading from google-maven-central: https://maven-central.storage-download.googleapis.com/maven2/org/objenesis/objenesis/2.5/objenesis-2.5.pom
17:37:20.069 [Thread-13] DEBUG spoon.Launcher - [INFO] Downloaded from google-maven-central: https://maven-central.storage-download.googleapis.com/maven2/org/objenesis/objenesis/2.5/objenesis-2.5.pom (2.8 kB at 232 kB/s)
17:37:20.075 [Thread-13] DEBUG spoon.Launcher - [INFO] Downloading from google-maven-central: https://maven-central.storage-download.googleapis.com/maven2/org/objenesis/objenesis-parent/2.5/objenesis-parent-2.5.pom
17:37:20.098 [Thread-13] DEBUG spoon.Launcher - [INFO] Downloaded from google-maven-central: https://maven-central.storage-download.googleapis.com/maven2/org/objenesis/objenesis-parent/2.5/objenesis-parent-2.5.pom (17 kB at 718 kB/s)
17:37:20.113 [Thread-13] DEBUG spoon.Launcher - [INFO] Downloading from google-maven-central: https://maven-central.storage-download.googleapis.com/maven2/javax/servlet/javax.servlet-api/3.1.0/javax.servlet-api-3.1.0.jar
17:37:20.116 [Thread-13] DEBUG spoon.Launcher - [INFO] Downloading from google-maven-central: https://maven-central.storage-download.googleapis.com/maven2/org/springframework/spring-test/4.3.7.RELEASE/spring-test-4.3.7.RELEASE.jar
17:37:20.123 [Thread-13] DEBUG spoon.Launcher - [INFO] Downloading from google-maven-central: https://maven-central.storage-download.googleapis.com/maven2/org/springframework/spring-core/4.3.7.RELEASE/spring-core-4.3.7.RELEASE.jar
17:37:20.131 [Thread-13] DEBUG spoon.Launcher - [INFO] Downloading from google-maven-central: https://maven-central.storage-download.googleapis.com/maven2/org/mockito/mockito-core/2.7.19/mockito-core-2.7.19.jar
17:37:20.170 [Thread-13] DEBUG spoon.Launcher - [INFO] Downloading from google-maven-central: https://maven-central.storage-download.googleapis.com/maven2/net/bytebuddy/byte-buddy/1.6.11/byte-buddy-1.6.11.jar
17:37:20.208 [Thread-13] DEBUG spoon.Launcher - [INFO] Downloaded from google-maven-central: https://maven-central.storage-download.googleapis.com/maven2/javax/servlet/javax.servlet-api/3.1.0/javax.servlet-api-3.1.0.jar (96 kB at 1.1 MB/s)
17:37:20.219 [Thread-13] DEBUG spoon.Launcher - [INFO] Downloading from google-maven-central: https://maven-central.storage-download.googleapis.com/maven2/net/bytebuddy/byte-buddy-agent/1.6.11/byte-buddy-agent-1.6.11.jar
17:37:20.305 [Thread-13] DEBUG spoon.Launcher - [INFO] Downloaded from google-maven-central: https://maven-central.storage-download.googleapis.com/maven2/net/bytebuddy/byte-buddy-agent/1.6.11/byte-buddy-agent-1.6.11.jar (31 kB at 184 kB/s)
17:37:20.305 [Thread-13] DEBUG spoon.Launcher - [INFO] Downloading from google-maven-central: https://maven-central.storage-download.googleapis.com/maven2/org/objenesis/objenesis/2.5/objenesis-2.5.jar
17:37:20.368 [Thread-13] DEBUG spoon.Launcher - [INFO] Downloaded from google-maven-central: https://maven-central.storage-download.googleapis.com/maven2/org/objenesis/objenesis/2.5/objenesis-2.5.jar (54 kB at 233 kB/s)
17:37:20.608 [Thread-13] DEBUG spoon.Launcher - [INFO] Downloaded from google-maven-central: https://maven-central.storage-download.googleapis.com/maven2/org/mockito/mockito-core/2.7.19/mockito-core-2.7.19.jar (533 kB at 1.1 MB/s)
17:37:20.617 [Thread-13] DEBUG spoon.Launcher - [INFO] Downloaded from google-maven-central: https://maven-central.storage-download.googleapis.com/maven2/org/springframework/spring-test/4.3.7.RELEASE/spring-test-4.3.7.RELEASE.jar (599 kB at 1.2 MB/s)
17:37:20.767 [Thread-13] DEBUG spoon.Launcher - [INFO] Downloaded from google-maven-central: https://maven-central.storage-download.googleapis.com/maven2/org/springframework/spring-core/4.3.7.RELEASE/spring-core-4.3.7.RELEASE.jar (1.1 MB at 1.7 MB/s)
17:37:20.979 [Thread-13] DEBUG spoon.Launcher - [INFO] Downloaded from google-maven-central: https://maven-central.storage-download.googleapis.com/maven2/net/bytebuddy/byte-buddy/1.6.11/byte-buddy-1.6.11.jar (2.8 MB at 3.3 MB/s)
17:37:20.984 [Thread-13] DEBUG spoon.Launcher - [INFO] 
17:37:20.984 [Thread-13] DEBUG spoon.Launcher - [INFO] --- maven-dependency-plugin:2.8:build-classpath (default-cli) @ pac4j-core ---
17:37:21.266 [Thread-13] DEBUG spoon.Launcher - [INFO] Wrote classpath file '/home/travis/build/SpoonLabs/spoon-ci-external/spoon/src/test/resources/maven-launcher/pac4j/pac4j-core/spoon.classpath.tmp'.
17:37:21.267 [Thread-13] DEBUG spoon.Launcher - [INFO] 
17:37:21.268 [Thread-13] DEBUG spoon.Launcher - [INFO] ------------------------< org.pac4j:pac4j-cas >-------------------------
17:37:21.269 [Thread-13] DEBUG spoon.Launcher - [INFO] Building pac4j for CAS protocol 3.0.0                             [3/16]
17:37:21.269 [Thread-13] DEBUG spoon.Launcher - [INFO] --------------------------------[ jar ]---------------------------------
17:37:21.277 [Thread-13] DEBUG spoon.Launcher - [INFO] Downloading from google-maven-central: https://maven-central.storage-download.googleapis.com/maven2/org/jasig/cas/client/cas-client-core/3.4.1/cas-client-core-3.4.1.pom
17:37:21.316 [Thread-13] DEBUG spoon.Launcher - [INFO] Downloaded from google-maven-central: https://maven-central.storage-download.googleapis.com/maven2/org/jasig/cas/client/cas-client-core/3.4.1/cas-client-core-3.4.1.pom (3.1 kB at 77 kB/s)
17:37:21.319 [Thread-13] DEBUG spoon.Launcher - [INFO] Downloading from google-maven-central: https://maven-central.storage-download.googleapis.com/maven2/org/jasig/cas/client/cas-client/3.4.1/cas-client-3.4.1.pom
17:37:21.358 [Thread-13] DEBUG spoon.Launcher - [INFO] Downloaded from google-maven-central: https://maven-central.storage-download.googleapis.com/maven2/org/jasig/cas/client/cas-client/3.4.1/cas-client-3.4.1.pom (10 kB at 278 kB/s)
17:37:21.363 [Thread-13] DEBUG spoon.Launcher - [INFO] Downloading from google-maven-central: https://maven-central.storage-download.googleapis.com/maven2/org/jasig/cas/client/cas-client-support-saml/3.4.1/cas-client-support-saml-3.4.1.pom
17:37:21.400 [Thread-13] DEBUG spoon.Launcher - [INFO] Downloaded from google-maven-central: https://maven-central.storage-download.googleapis.com/maven2/org/jasig/cas/client/cas-client-support-saml/3.4.1/cas-client-support-saml-3.4.1.pom (1.7 kB at 44 kB/s)
17:37:21.413 [Thread-13] DEBUG spoon.Launcher - [INFO] Downloading from google-maven-central: https://maven-central.storage-download.googleapis.com/maven2/org/jasig/cas/client/cas-client-core/3.4.1/cas-client-core-3.4.1.jar
17:37:21.418 [Thread-13] DEBUG spoon.Launcher - [INFO] Downloading from google-maven-central: https://maven-central.storage-download.googleapis.com/maven2/org/jasig/cas/client/cas-client-support-saml/3.4.1/cas-client-support-saml-3.4.1.jar
17:37:21.420 [Thread-13] DEBUG spoon.Launcher - [INFO] Downloading from google-maven-central: https://maven-central.storage-download.googleapis.com/maven2/joda-time/joda-time/2.7/joda-time-2.7.jar
17:37:21.465 [Thread-13] DEBUG spoon.Launcher - [INFO] Downloaded from google-maven-central: https://maven-central.storage-download.googleapis.com/maven2/org/jasig/cas/client/cas-client-core/3.4.1/cas-client-core-3.4.1.jar (137 kB at 2.5 MB/s)
17:37:21.478 [Thread-13] DEBUG spoon.Launcher - [INFO] Downloaded from google-maven-central: https://maven-central.storage-download.googleapis.com/maven2/joda-time/joda-time/2.7/joda-time-2.7.jar (589 kB at 9.1 MB/s)
17:37:21.541 [Thread-13] DEBUG spoon.Launcher - [INFO] Downloaded from google-maven-central: https://maven-central.storage-download.googleapis.com/maven2/org/jasig/cas/client/cas-client-support-saml/3.4.1/cas-client-support-saml-3.4.1.jar (12 kB at 95 kB/s)
17:37:21.544 [Thread-13] DEBUG spoon.Launcher - [INFO] 
17:37:21.544 [Thread-13] DEBUG spoon.Launcher - [INFO] --- maven-dependency-plugin:2.8:build-classpath (default-cli) @ pac4j-cas ---
17:37:21.553 [Thread-13] DEBUG spoon.Launcher - [INFO] Wrote classpath file '/home/travis/build/SpoonLabs/spoon-ci-external/spoon/src/test/resources/maven-launcher/pac4j/pac4j-cas/spoon.classpath.tmp'.
17:37:21.553 [Thread-13] DEBUG spoon.Launcher - [INFO] 
17:37:21.554 [Thread-13] DEBUG spoon.Launcher - [INFO] ------------------------< org.pac4j:pac4j-saml >------------------------
17:37:21.555 [Thread-13] DEBUG spoon.Launcher - [INFO] Building pac4j for SAML protocol 3.0.0                            [4/16]
17:37:21.555 [Thread-13] DEBUG spoon.Launcher - [INFO] --------------------------------[ jar ]---------------------------------
17:37:21.563 [Thread-13] DEBUG spoon.Launcher - [INFO] Downloading from google-maven-central: https://maven-central.storage-download.googleapis.com/maven2/org/opensaml/opensaml-core/3.3.0/opensaml-core-3.3.0.pom
17:37:21.593 [Thread-13] DEBUG spoon.Launcher - [INFO] Downloaded from google-maven-central: https://maven-central.storage-download.googleapis.com/maven2/org/opensaml/opensaml-core/3.3.0/opensaml-core-3.3.0.pom (2.4 kB at 72 kB/s)
17:37:21.596 [Thread-13] DEBUG spoon.Launcher - [INFO] Downloading from google-maven-central: https://maven-central.storage-download.googleapis.com/maven2/org/opensaml/opensaml-parent/3.3.0/opensaml-parent-3.3.0.pom
17:37:21.622 [Thread-13] DEBUG spoon.Launcher - [INFO] Downloaded from google-maven-central: https://maven-central.storage-download.googleapis.com/maven2/org/opensaml/opensaml-parent/3.3.0/opensaml-parent-3.3.0.pom (5.6 kB at 224 kB/s)
17:37:21.648 [Thread-13] DEBUG spoon.Launcher - [INFO] Downloading from google-maven-central: https://maven-central.storage-download.googleapis.com/maven2/org/opensaml/opensaml-saml-api/3.3.0/opensaml-saml-api-3.3.0.pom
17:37:21.684 [Thread-13] DEBUG spoon.Launcher - [INFO] Downloaded from google-maven-central: https://maven-central.storage-download.googleapis.com/maven2/org/opensaml/opensaml-saml-api/3.3.0/opensaml-saml-api-3.3.0.pom (2.5 kB at 71 kB/s)
17:37:21.692 [Thread-13] DEBUG spoon.Launcher - [INFO] Downloading from google-maven-central: https://maven-central.storage-download.googleapis.com/maven2/org/opensaml/opensaml-xmlsec-api/3.3.0/opensaml-xmlsec-api-3.3.0.pom
17:37:21.724 [Thread-13] DEBUG spoon.Launcher - [INFO] Downloaded from google-maven-central: https://maven-central.storage-download.googleapis.com/maven2/org/opensaml/opensaml-xmlsec-api/3.3.0/opensaml-xmlsec-api-3.3.0.pom (2.0 kB at 61 kB/s)
17:37:21.735 [Thread-13] DEBUG spoon.Launcher - [INFO] Downloading from google-maven-central: https://maven-central.storage-download.googleapis.com/maven2/org/opensaml/opensaml-security-api/3.3.0/opensaml-security-api-3.3.0.pom
17:37:21.762 [Thread-13] DEBUG spoon.Launcher - [INFO] Downloaded from google-maven-central: https://maven-central.storage-download.googleapis.com/maven2/org/opensaml/opensaml-security-api/3.3.0/opensaml-security-api-3.3.0.pom (2.4 kB at 85 kB/s)
17:37:21.766 [Thread-13] DEBUG spoon.Launcher - [INFO] Downloading from google-maven-central: https://maven-central.storage-download.googleapis.com/maven2/org/opensaml/opensaml-messaging-api/3.3.0/opensaml-messaging-api-3.3.0.pom
17:37:21.795 [Thread-13] DEBUG spoon.Launcher - [INFO] Downloaded from google-maven-central: https://maven-central.storage-download.googleapis.com/maven2/org/opensaml/opensaml-messaging-api/3.3.0/opensaml-messaging-api-3.3.0.pom (1.7 kB at 58 kB/s)
17:37:21.831 [Thread-13] DEBUG spoon.Launcher - [INFO] Downloading from google-maven-central: https://maven-central.storage-download.googleapis.com/maven2/org/opensaml/opensaml-soap-api/3.3.0/opensaml-soap-api-3.3.0.pom
17:37:21.868 [Thread-13] DEBUG spoon.Launcher - [INFO] Downloaded from google-maven-central: https://maven-central.storage-download.googleapis.com/maven2/org/opensaml/opensaml-soap-api/3.3.0/opensaml-soap-api-3.3.0.pom (1.6 kB at 42 kB/s)
17:37:21.873 [Thread-13] DEBUG spoon.Launcher - [INFO] Downloading from google-maven-central: https://maven-central.storage-download.googleapis.com/maven2/org/opensaml/opensaml-profile-api/3.3.0/opensaml-profile-api-3.3.0.pom
17:37:21.898 [Thread-13] DEBUG spoon.Launcher - [INFO] Downloaded from google-maven-central: https://maven-central.storage-download.googleapis.com/maven2/org/opensaml/opensaml-profile-api/3.3.0/opensaml-profile-api-3.3.0.pom (2.4 kB at 91 kB/s)
17:37:21.903 [Thread-13] DEBUG spoon.Launcher - [INFO] Downloading from google-maven-central: https://maven-central.storage-download.googleapis.com/maven2/org/opensaml/opensaml-storage-api/3.3.0/opensaml-storage-api-3.3.0.pom
17:37:21.933 [Thread-13] DEBUG spoon.Launcher - [INFO] Downloaded from google-maven-central: https://maven-central.storage-download.googleapis.com/maven2/org/opensaml/opensaml-storage-api/3.3.0/opensaml-storage-api-3.3.0.pom (1.2 kB at 40 kB/s)
17:37:21.938 [Thread-13] DEBUG spoon.Launcher - [INFO] Downloading from google-maven-central: https://maven-central.storage-download.googleapis.com/maven2/org/opensaml/opensaml-saml-impl/3.3.0/opensaml-saml-impl-3.3.0.pom
17:37:21.974 [Thread-13] DEBUG spoon.Launcher - [INFO] Downloaded from google-maven-central: https://maven-central.storage-download.googleapis.com/maven2/org/opensaml/opensaml-saml-impl/3.3.0/opensaml-saml-impl-3.3.0.pom (5.5 kB at 157 kB/s)
17:37:21.978 [Thread-13] DEBUG spoon.Launcher - [INFO] Downloading from google-maven-central: https://maven-central.storage-download.googleapis.com/maven2/org/opensaml/opensaml-security-impl/3.3.0/opensaml-security-impl-3.3.0.pom
17:37:22.005 [Thread-13] DEBUG spoon.Launcher - [INFO] Downloaded from google-maven-central: https://maven-central.storage-download.googleapis.com/maven2/org/opensaml/opensaml-security-impl/3.3.0/opensaml-security-impl-3.3.0.pom (2.1 kB at 77 kB/s)
17:37:22.010 [Thread-13] DEBUG spoon.Launcher - [INFO] Downloading from google-maven-central: https://maven-central.storage-download.googleapis.com/maven2/org/opensaml/opensaml-xmlsec-impl/3.3.0/opensaml-xmlsec-impl-3.3.0.pom
17:37:22.039 [Thread-13] DEBUG spoon.Launcher - [INFO] Downloaded from google-maven-central: https://maven-central.storage-download.googleapis.com/maven2/org/opensaml/opensaml-xmlsec-impl/3.3.0/opensaml-xmlsec-impl-3.3.0.pom (2.1 kB at 75 kB/s)
17:37:22.053 [Thread-13] DEBUG spoon.Launcher - [INFO] Downloading from google-maven-central: https://maven-central.storage-download.googleapis.com/maven2/org/opensaml/opensaml-soap-impl/3.3.0/opensaml-soap-impl-3.3.0.pom
17:37:22.085 [Thread-13] DEBUG spoon.Launcher - [INFO] Downloaded from google-maven-central: https://maven-central.storage-download.googleapis.com/maven2/org/opensaml/opensaml-soap-impl/3.3.0/opensaml-soap-impl-3.3.0.pom (2.7 kB at 85 kB/s)
17:37:22.100 [Thread-13] DEBUG spoon.Launcher - [INFO] Downloading from google-maven-central: https://maven-central.storage-download.googleapis.com/maven2/org/opensaml/opensaml-profile-impl/3.3.0/opensaml-profile-impl-3.3.0.pom
17:37:22.147 [Thread-13] DEBUG spoon.Launcher - [INFO] Downloaded from google-maven-central: https://maven-central.storage-download.googleapis.com/maven2/org/opensaml/opensaml-profile-impl/3.3.0/opensaml-profile-impl-3.3.0.pom (3.3 kB at 67 kB/s)
17:37:22.159 [Thread-13] DEBUG spoon.Launcher - [INFO] Downloading from google-maven-central: https://maven-central.storage-download.googleapis.com/maven2/org/opensaml/opensaml-messaging-impl/3.3.0/opensaml-messaging-impl-3.3.0.pom
17:37:22.194 [Thread-13] DEBUG spoon.Launcher - [INFO] Downloaded from google-maven-central: https://maven-central.storage-download.googleapis.com/maven2/org/opensaml/opensaml-messaging-impl/3.3.0/opensaml-messaging-impl-3.3.0.pom (2.1 kB at 60 kB/s)
17:37:22.203 [Thread-13] DEBUG spoon.Launcher - [INFO] Downloading from google-maven-central: https://maven-central.storage-download.googleapis.com/maven2/org/cryptacular/cryptacular/1.1.0/cryptacular-1.1.0.pom
17:37:22.243 [Thread-13] DEBUG spoon.Launcher - [INFO] Downloaded from google-maven-central: https://maven-central.storage-download.googleapis.com/maven2/org/cryptacular/cryptacular/1.1.0/cryptacular-1.1.0.pom (10.0 kB at 250 kB/s)
17:37:22.248 [Thread-13] DEBUG spoon.Launcher - [INFO] Downloading from google-maven-central: https://maven-central.storage-download.googleapis.com/maven2/joda-time/joda-time/2.9.2/joda-time-2.9.2.pom
17:37:22.281 [Thread-13] DEBUG spoon.Launcher - [INFO] Downloaded from google-maven-central: https://maven-central.storage-download.googleapis.com/maven2/joda-time/joda-time/2.9.2/joda-time-2.9.2.pom (30 kB at 931 kB/s)
17:37:22.323 [Thread-13] DEBUG spoon.Launcher - [INFO] Downloading from google-maven-central: https://maven-central.storage-download.googleapis.com/maven2/commons-logging/commons-logging/1.2/commons-logging-1.2.pom
17:37:22.335 [Thread-13] DEBUG spoon.Launcher - [INFO] Downloaded from google-maven-central: https://maven-central.storage-download.googleapis.com/maven2/commons-logging/commons-logging/1.2/commons-logging-1.2.pom (19 kB at 1.3 MB/s)
17:37:22.341 [Thread-13] DEBUG spoon.Launcher - [INFO] Downloading from google-maven-central: https://maven-central.storage-download.googleapis.com/maven2/org/apache/commons/commons-parent/34/commons-parent-34.pom
17:37:22.353 [Thread-13] DEBUG spoon.Launcher - [INFO] Downloaded from google-maven-central: https://maven-central.storage-download.googleapis.com/maven2/org/apache/commons/commons-parent/34/commons-parent-34.pom (56 kB at 4.7 MB/s)
17:37:22.364 [Thread-13] DEBUG spoon.Launcher - [INFO] Downloading from google-maven-central: https://maven-central.storage-download.googleapis.com/maven2/org/springframework/spring-web/4.3.7.RELEASE/spring-web-4.3.7.RELEASE.pom
17:37:22.402 [Thread-13] DEBUG spoon.Launcher - [INFO] Downloaded from google-maven-central: https://maven-central.storage-download.googleapis.com/maven2/org/springframework/spring-web/4.3.7.RELEASE/spring-web-4.3.7.RELEASE.pom (8.0 kB at 210 kB/s)
17:37:22.408 [Thread-13] DEBUG spoon.Launcher - [INFO] Downloading from google-maven-central: https://maven-central.storage-download.googleapis.com/maven2/org/springframework/spring-aop/4.3.7.RELEASE/spring-aop-4.3.7.RELEASE.pom
17:37:22.439 [Thread-13] DEBUG spoon.Launcher - [INFO] Downloaded from google-maven-central: https://maven-central.storage-download.googleapis.com/maven2/org/springframework/spring-aop/4.3.7.RELEASE/spring-aop-4.3.7.RELEASE.pom (2.7 kB at 84 kB/s)
17:37:22.441 [Thread-13] DEBUG spoon.Launcher - [INFO] Downloading from google-maven-central: https://maven-central.storage-download.googleapis.com/maven2/org/springframework/spring-beans/4.3.7.RELEASE/spring-beans-4.3.7.RELEASE.pom
17:37:22.475 [Thread-13] DEBUG spoon.Launcher - [INFO] Downloaded from google-maven-central: https://maven-central.storage-download.googleapis.com/maven2/org/springframework/spring-beans/4.3.7.RELEASE/spring-beans-4.3.7.RELEASE.pom (2.5 kB at 83 kB/s)
17:37:22.477 [Thread-13] DEBUG spoon.Launcher - [INFO] Downloading from google-maven-central: https://maven-central.storage-download.googleapis.com/maven2/org/springframework/spring-context/4.3.7.RELEASE/spring-context-4.3.7.RELEASE.pom
17:37:22.505 [Thread-13] DEBUG spoon.Launcher - [INFO] Downloaded from google-maven-central: https://maven-central.storage-download.googleapis.com/maven2/org/springframework/spring-context/4.3.7.RELEASE/spring-context-4.3.7.RELEASE.pom (5.0 kB at 180 kB/s)
17:37:22.508 [Thread-13] DEBUG spoon.Launcher - [INFO] Downloading from google-maven-central: https://maven-central.storage-download.googleapis.com/maven2/org/springframework/spring-expression/4.3.7.RELEASE/spring-expression-4.3.7.RELEASE.pom
17:37:22.538 [Thread-13] DEBUG spoon.Launcher - [INFO] Downloaded from google-maven-central: https://maven-central.storage-download.googleapis.com/maven2/org/springframework/spring-expression/4.3.7.RELEASE/spring-expression-4.3.7.RELEASE.pom (1.7 kB at 57 kB/s)
17:37:22.557 [Thread-13] DEBUG spoon.Launcher - [INFO] Downloading from google-maven-central: https://maven-central.storage-download.googleapis.com/maven2/org/opensaml/opensaml-core/3.3.0/opensaml-core-3.3.0.jar
17:37:22.559 [Thread-13] DEBUG spoon.Launcher - [INFO] Downloading from google-maven-central: https://maven-central.storage-download.googleapis.com/maven2/org/opensaml/opensaml-saml-api/3.3.0/opensaml-saml-api-3.3.0.jar
17:37:22.561 [Thread-13] DEBUG spoon.Launcher - [INFO] Downloading from google-maven-central: https://maven-central.storage-download.googleapis.com/maven2/org/opensaml/opensaml-storage-api/3.3.0/opensaml-storage-api-3.3.0.jar
17:37:22.563 [Thread-13] DEBUG spoon.Launcher - [INFO] Downloading from google-maven-central: https://maven-central.storage-download.googleapis.com/maven2/org/opensaml/opensaml-saml-impl/3.3.0/opensaml-saml-impl-3.3.0.jar
17:37:22.567 [Thread-13] DEBUG spoon.Launcher - [INFO] Downloading from google-maven-central: https://maven-central.storage-download.googleapis.com/maven2/org/opensaml/opensaml-soap-impl/3.3.0/opensaml-soap-impl-3.3.0.jar
17:37:22.602 [Thread-13] DEBUG spoon.Launcher - [INFO] Downloaded from google-maven-central: https://maven-central.storage-download.googleapis.com/maven2/org/opensaml/opensaml-core/3.3.0/opensaml-core-3.3.0.jar (178 kB at 4.0 MB/s)
17:37:22.603 [Thread-13] DEBUG spoon.Launcher - [INFO] Downloading from google-maven-central: https://maven-central.storage-download.googleapis.com/maven2/org/opensaml/opensaml-soap-api/3.3.0/opensaml-soap-api-3.3.0.jar
17:37:22.611 [Thread-13] DEBUG spoon.Launcher - [INFO] Downloaded from google-maven-central: https://maven-central.storage-download.googleapis.com/maven2/org/opensaml/opensaml-storage-api/3.3.0/opensaml-storage-api-3.3.0.jar (24 kB at 444 kB/s)
17:37:22.611 [Thread-13] DEBUG spoon.Launcher - [INFO] Downloading from google-maven-central: https://maven-central.storage-download.googleapis.com/maven2/org/opensaml/opensaml-xmlsec-api/3.3.0/opensaml-xmlsec-api-3.3.0.jar
17:37:22.621 [Thread-13] DEBUG spoon.Launcher - [INFO] Downloaded from google-maven-central: https://maven-central.storage-download.googleapis.com/maven2/org/opensaml/opensaml-soap-impl/3.3.0/opensaml-soap-impl-3.3.0.jar (403 kB at 6.8 MB/s)
17:37:22.621 [Thread-13] DEBUG spoon.Launcher - [INFO] Downloading from google-maven-central: https://maven-central.storage-download.googleapis.com/maven2/org/opensaml/opensaml-security-api/3.3.0/opensaml-security-api-3.3.0.jar
17:37:22.626 [Thread-13] DEBUG spoon.Launcher - [INFO] Downloaded from google-maven-central: https://maven-central.storage-download.googleapis.com/maven2/org/opensaml/opensaml-saml-api/3.3.0/opensaml-saml-api-3.3.0.jar (397 kB at 5.8 MB/s)
17:37:22.626 [Thread-13] DEBUG spoon.Launcher - [INFO] Downloading from google-maven-central: https://maven-central.storage-download.googleapis.com/maven2/org/opensaml/opensaml-security-impl/3.3.0/opensaml-security-impl-3.3.0.jar
17:37:22.640 [Thread-13] DEBUG spoon.Launcher - [INFO] Downloaded from google-maven-central: https://maven-central.storage-download.googleapis.com/maven2/org/opensaml/opensaml-xmlsec-api/3.3.0/opensaml-xmlsec-api-3.3.0.jar (206 kB at 2.7 MB/s)
17:37:22.640 [Thread-13] DEBUG spoon.Launcher - [INFO] Downloading from google-maven-central: https://maven-central.storage-download.googleapis.com/maven2/org/opensaml/opensaml-profile-api/3.3.0/opensaml-profile-api-3.3.0.jar
17:37:22.649 [Thread-13] DEBUG spoon.Launcher - [INFO] Downloaded from google-maven-central: https://maven-central.storage-download.googleapis.com/maven2/org/opensaml/opensaml-security-api/3.3.0/opensaml-security-api-3.3.0.jar (61 kB at 724 kB/s)
17:37:22.649 [Thread-13] DEBUG spoon.Launcher - [INFO] Downloading from google-maven-central: https://maven-central.storage-download.googleapis.com/maven2/org/opensaml/opensaml-profile-impl/3.3.0/opensaml-profile-impl-3.3.0.jar
17:37:22.652 [Thread-13] DEBUG spoon.Launcher - [INFO] Downloaded from google-maven-central: https://maven-central.storage-download.googleapis.com/maven2/org/opensaml/opensaml-saml-impl/3.3.0/opensaml-saml-impl-3.3.0.jar (1.1 MB at 12 MB/s)
17:37:22.652 [Thread-13] DEBUG spoon.Launcher - [INFO] Downloading from google-maven-central: https://maven-central.storage-download.googleapis.com/maven2/org/opensaml/opensaml-messaging-api/3.3.0/opensaml-messaging-api-3.3.0.jar
17:37:22.671 [Thread-13] DEBUG spoon.Launcher - [INFO] Downloaded from google-maven-central: https://maven-central.storage-download.googleapis.com/maven2/org/opensaml/opensaml-profile-api/3.3.0/opensaml-profile-api-3.3.0.jar (27 kB at 258 kB/s)
17:37:22.672 [Thread-13] DEBUG spoon.Launcher - [INFO] Downloading from google-maven-central: https://maven-central.storage-download.googleapis.com/maven2/org/opensaml/opensaml-messaging-impl/3.3.0/opensaml-messaging-impl-3.3.0.jar
17:37:22.676 [Thread-13] DEBUG spoon.Launcher - [INFO] Downloaded from google-maven-central: https://maven-central.storage-download.googleapis.com/maven2/org/opensaml/opensaml-messaging-api/3.3.0/opensaml-messaging-api-3.3.0.jar (53 kB at 479 kB/s)
17:37:22.677 [Thread-13] DEBUG spoon.Launcher - [INFO] Downloading from google-maven-central: https://maven-central.storage-download.googleapis.com/maven2/org/opensaml/opensaml-xmlsec-impl/3.3.0/opensaml-xmlsec-impl-3.3.0.jar
17:37:22.684 [Thread-13] DEBUG spoon.Launcher - [INFO] Downloaded from google-maven-central: https://maven-central.storage-download.googleapis.com/maven2/org/opensaml/opensaml-profile-impl/3.3.0/opensaml-profile-impl-3.3.0.jar (28 kB at 237 kB/s)
17:37:22.684 [Thread-13] DEBUG spoon.Launcher - [INFO] Downloading from google-maven-central: https://maven-central.storage-download.googleapis.com/maven2/org/cryptacular/cryptacular/1.1.0/cryptacular-1.1.0.jar
17:37:22.701 [Thread-13] DEBUG spoon.Launcher - [INFO] Downloaded from google-maven-central: https://maven-central.storage-download.googleapis.com/maven2/org/opensaml/opensaml-soap-api/3.3.0/opensaml-soap-api-3.3.0.jar (161 kB at 1.2 MB/s)
17:37:22.701 [Thread-13] DEBUG spoon.Launcher - [INFO] Downloading from google-maven-central: https://maven-central.storage-download.googleapis.com/maven2/joda-time/joda-time/2.9.2/joda-time-2.9.2.jar
17:37:22.705 [Thread-13] DEBUG spoon.Launcher - [INFO] Downloaded from google-maven-central: https://maven-central.storage-download.googleapis.com/maven2/org/opensaml/opensaml-messaging-impl/3.3.0/opensaml-messaging-impl-3.3.0.jar (13 kB at 91 kB/s)
17:37:22.706 [Thread-13] DEBUG spoon.Launcher - [INFO] Downloading from google-maven-central: https://maven-central.storage-download.googleapis.com/maven2/commons-logging/commons-logging/1.2/commons-logging-1.2.jar
17:37:22.715 [Thread-13] DEBUG spoon.Launcher - [INFO] Downloaded from google-maven-central: https://maven-central.storage-download.googleapis.com/maven2/org/cryptacular/cryptacular/1.1.0/cryptacular-1.1.0.jar (151 kB at 997 kB/s)
17:37:22.716 [Thread-13] DEBUG spoon.Launcher - [INFO] Downloading from google-maven-central: https://maven-central.storage-download.googleapis.com/maven2/org/springframework/spring-web/4.3.7.RELEASE/spring-web-4.3.7.RELEASE.jar
17:37:22.724 [Thread-13] DEBUG spoon.Launcher - [INFO] Downloaded from google-maven-central: https://maven-central.storage-download.googleapis.com/maven2/commons-logging/commons-logging/1.2/commons-logging-1.2.jar (62 kB at 389 kB/s)
17:37:22.724 [Thread-13] DEBUG spoon.Launcher - [INFO] Downloading from google-maven-central: https://maven-central.storage-download.googleapis.com/maven2/org/springframework/spring-aop/4.3.7.RELEASE/spring-aop-4.3.7.RELEASE.jar
17:37:22.746 [Thread-13] DEBUG spoon.Launcher - [INFO] Downloaded from google-maven-central: https://maven-central.storage-download.googleapis.com/maven2/joda-time/joda-time/2.9.2/joda-time-2.9.2.jar (626 kB at 3.5 MB/s)
17:37:22.746 [Thread-13] DEBUG spoon.Launcher - [INFO] Downloading from google-maven-central: https://maven-central.storage-download.googleapis.com/maven2/org/springframework/spring-beans/4.3.7.RELEASE/spring-beans-4.3.7.RELEASE.jar
17:37:22.773 [Thread-13] DEBUG spoon.Launcher - [INFO] Downloaded from google-maven-central: https://maven-central.storage-download.googleapis.com/maven2/org/springframework/spring-aop/4.3.7.RELEASE/spring-aop-4.3.7.RELEASE.jar (380 kB at 1.8 MB/s)
17:37:22.775 [Thread-13] DEBUG spoon.Launcher - [INFO] Downloading from google-maven-central: https://maven-central.storage-download.googleapis.com/maven2/org/springframework/spring-context/4.3.7.RELEASE/spring-context-4.3.7.RELEASE.jar
17:37:22.796 [Thread-13] DEBUG spoon.Launcher - [INFO] Downloaded from google-maven-central: https://maven-central.storage-download.googleapis.com/maven2/org/springframework/spring-web/4.3.7.RELEASE/spring-web-4.3.7.RELEASE.jar (818 kB at 3.6 MB/s)
17:37:22.796 [Thread-13] DEBUG spoon.Launcher - [INFO] Downloading from google-maven-central: https://maven-central.storage-download.googleapis.com/maven2/org/springframework/spring-expression/4.3.7.RELEASE/spring-expression-4.3.7.RELEASE.jar
17:37:22.800 [Thread-13] DEBUG spoon.Launcher - [INFO] Downloaded from google-maven-central: https://maven-central.storage-download.googleapis.com/maven2/org/springframework/spring-beans/4.3.7.RELEASE/spring-beans-4.3.7.RELEASE.jar (763 kB at 3.2 MB/s)
17:37:22.824 [Thread-13] DEBUG spoon.Launcher - [INFO] Downloaded from google-maven-central: https://maven-central.storage-download.googleapis.com/maven2/org/springframework/spring-expression/4.3.7.RELEASE/spring-expression-4.3.7.RELEASE.jar (263 kB at 1.0 MB/s)
17:37:22.836 [Thread-13] DEBUG spoon.Launcher - [INFO] Downloaded from google-maven-central: https://maven-central.storage-download.googleapis.com/maven2/org/springframework/spring-context/4.3.7.RELEASE/spring-context-4.3.7.RELEASE.jar (1.1 MB at 4.2 MB/s)
17:37:22.900 [Thread-13] DEBUG spoon.Launcher - [INFO] Downloaded from google-maven-central: https://maven-central.storage-download.googleapis.com/maven2/org/opensaml/opensaml-security-impl/3.3.0/opensaml-security-impl-3.3.0.jar (98 kB at 291 kB/s)
17:37:22.988 [Thread-13] DEBUG spoon.Launcher - [INFO] Downloaded from google-maven-central: https://maven-central.storage-download.googleapis.com/maven2/org/opensaml/opensaml-xmlsec-impl/3.3.0/opensaml-xmlsec-impl-3.3.0.jar (292 kB at 690 kB/s)
17:37:22.997 [Thread-13] DEBUG spoon.Launcher - [INFO] 
17:37:22.997 [Thread-13] DEBUG spoon.Launcher - [INFO] --- maven-dependency-plugin:2.8:build-classpath (default-cli) @ pac4j-saml ---
17:37:23.014 [Thread-13] DEBUG spoon.Launcher - [INFO] Wrote classpath file '/home/travis/build/SpoonLabs/spoon-ci-external/spoon/src/test/resources/maven-launcher/pac4j/pac4j-saml/spoon.classpath.tmp'.
17:37:23.014 [Thread-13] DEBUG spoon.Launcher - [INFO] 
17:37:23.014 [Thread-13] DEBUG spoon.Launcher - [INFO] -----------------------< org.pac4j:pac4j-oauth >------------------------
17:37:23.014 [Thread-13] DEBUG spoon.Launcher - [INFO] Building pac4j for OAuth protocol 3.0.0                           [5/16]
17:37:23.015 [Thread-13] DEBUG spoon.Launcher - [INFO] --------------------------------[ jar ]---------------------------------
17:37:23.018 [Thread-13] DEBUG spoon.Launcher - [INFO] Downloading from google-maven-central: https://maven-central.storage-download.googleapis.com/maven2/com/github/scribejava/scribejava-apis/3.3.0/scribejava-apis-3.3.0.pom
17:37:23.171 [Thread-13] DEBUG spoon.Launcher - [INFO] Downloaded from google-maven-central: https://maven-central.storage-download.googleapis.com/maven2/com/github/scribejava/scribejava-apis/3.3.0/scribejava-apis-3.3.0.pom (1.8 kB at 11 kB/s)
17:37:23.173 [Thread-13] DEBUG spoon.Launcher - [INFO] Downloading from google-maven-central: https://maven-central.storage-download.googleapis.com/maven2/com/github/scribejava/scribejava/3.3.0/scribejava-3.3.0.pom
17:37:23.315 [Thread-13] DEBUG spoon.Launcher - [INFO] Downloaded from google-maven-central: https://maven-central.storage-download.googleapis.com/maven2/com/github/scribejava/scribejava/3.3.0/scribejava-3.3.0.pom (11 kB at 76 kB/s)
17:37:23.321 [Thread-13] DEBUG spoon.Launcher - [INFO] Downloading from google-maven-central: https://maven-central.storage-download.googleapis.com/maven2/com/github/scribejava/scribejava-core/3.3.0/scribejava-core-3.3.0.pom
17:37:23.550 [Thread-13] DEBUG spoon.Launcher - [INFO] Downloaded from google-maven-central: https://maven-central.storage-download.googleapis.com/maven2/com/github/scribejava/scribejava-core/3.3.0/scribejava-core-3.3.0.pom (1.0 kB at 4.5 kB/s)
17:37:23.568 [Thread-13] DEBUG spoon.Launcher - [INFO] Downloading from google-maven-central: https://maven-central.storage-download.googleapis.com/maven2/com/github/scribejava/scribejava-apis/3.3.0/scribejava-apis-3.3.0.jar
17:37:23.570 [Thread-13] DEBUG spoon.Launcher - [INFO] Downloading from google-maven-central: https://maven-central.storage-download.googleapis.com/maven2/com/github/scribejava/scribejava-core/3.3.0/scribejava-core-3.3.0.jar
17:37:23.727 [Thread-13] DEBUG spoon.Launcher - [INFO] Downloaded from google-maven-central: https://maven-central.storage-download.googleapis.com/maven2/com/github/scribejava/scribejava-apis/3.3.0/scribejava-apis-3.3.0.jar (83 kB at 492 kB/s)
17:37:23.787 [Thread-13] DEBUG spoon.Launcher - [INFO] Downloaded from google-maven-central: https://maven-central.storage-download.googleapis.com/maven2/com/github/scribejava/scribejava-core/3.3.0/scribejava-core-3.3.0.jar (82 kB at 372 kB/s)
17:37:23.788 [Thread-13] DEBUG spoon.Launcher - [INFO] 
17:37:23.789 [Thread-13] DEBUG spoon.Launcher - [INFO] --- maven-dependency-plugin:2.8:build-classpath (default-cli) @ pac4j-oauth ---
17:37:23.809 [Thread-13] DEBUG spoon.Launcher - [INFO] Wrote classpath file '/home/travis/build/SpoonLabs/spoon-ci-external/spoon/src/test/resources/maven-launcher/pac4j/pac4j-oauth/spoon.classpath.tmp'.
17:37:23.809 [Thread-13] DEBUG spoon.Launcher - [INFO] 
17:37:23.809 [Thread-13] DEBUG spoon.Launcher - [INFO] ------------------------< org.pac4j:pac4j-oidc >------------------------
17:37:23.809 [Thread-13] DEBUG spoon.Launcher - [INFO] Building pac4j for OpenID Connect protocol 3.0.0                  [6/16]
17:37:23.810 [Thread-13] DEBUG spoon.Launcher - [INFO] --------------------------------[ jar ]---------------------------------
17:37:23.815 [Thread-13] DEBUG spoon.Launcher - [INFO] Downloading from google-maven-central: https://maven-central.storage-download.googleapis.com/maven2/com/nimbusds/oauth2-oidc-sdk/5.24.2/oauth2-oidc-sdk-5.24.2.pom
17:37:24.006 [Thread-13] DEBUG spoon.Launcher - [INFO] Downloaded from google-maven-central: https://maven-central.storage-download.googleapis.com/maven2/com/nimbusds/oauth2-oidc-sdk/5.24.2/oauth2-oidc-sdk-5.24.2.pom (11 kB at 56 kB/s)
17:37:24.027 [Thread-13] DEBUG spoon.Launcher - [INFO] Downloading from google-maven-central: https://maven-central.storage-download.googleapis.com/maven2/org/apache/commons/commons-lang3/3.5/commons-lang3-3.5.pom
17:37:24.058 [Thread-13] DEBUG spoon.Launcher - [INFO] Downloaded from google-maven-central: https://maven-central.storage-download.googleapis.com/maven2/org/apache/commons/commons-lang3/3.5/commons-lang3-3.5.pom (23 kB at 649 kB/s)
17:37:24.061 [Thread-13] DEBUG spoon.Launcher - [INFO] Downloading from google-maven-central: https://maven-central.storage-download.googleapis.com/maven2/org/apache/commons/commons-parent/41/commons-parent-41.pom
17:37:24.068 [Thread-13] DEBUG spoon.Launcher - [INFO] Downloaded from google-maven-central: https://maven-central.storage-download.googleapis.com/maven2/org/apache/commons/commons-parent/41/commons-parent-41.pom (65 kB at 11 MB/s)
17:37:24.132 [Thread-13] DEBUG spoon.Launcher - [INFO] Downloading from sonatype: https://oss.sonatype.org/content/repositories/releases/com/nimbusds/lang-tag/maven-metadata.xml
17:37:24.147 [Thread-13] DEBUG spoon.Launcher - [INFO] Downloading from sonatype-apache: https://repository.apache.org/content/repositories/releases/com/nimbusds/lang-tag/maven-metadata.xml
17:37:24.152 [Thread-13] DEBUG spoon.Launcher - [INFO] Downloading from apache-snapshots: https://repository.apache.org/snapshots/com/nimbusds/lang-tag/maven-metadata.xml
17:37:24.488 [Thread-13] DEBUG spoon.Launcher - [INFO] Downloaded from sonatype: https://oss.sonatype.org/content/repositories/releases/com/nimbusds/lang-tag/maven-metadata.xml (563 B at 1.6 kB/s)
17:37:24.667 [Thread-13] DEBUG spoon.Launcher - [INFO] Downloading from sonatype: https://oss.sonatype.org/content/repositories/releases/net/minidev/json-smart/maven-metadata.xml
17:37:24.669 [Thread-13] DEBUG spoon.Launcher - [INFO] Downloading from sonatype-apache: https://repository.apache.org/content/repositories/releases/net/minidev/json-smart/maven-metadata.xml
17:37:24.671 [Thread-13] DEBUG spoon.Launcher - [INFO] Downloading from apache-snapshots: https://repository.apache.org/snapshots/net/minidev/json-smart/maven-metadata.xml
17:37:24.771 [Thread-13] DEBUG spoon.Launcher - [INFO] Downloaded from sonatype: https://oss.sonatype.org/content/repositories/releases/net/minidev/json-smart/maven-metadata.xml (849 B at 8.2 kB/s)
17:37:25.030 [Thread-13] DEBUG spoon.Launcher - [INFO] Downloading from google-maven-central: https://maven-central.storage-download.googleapis.com/maven2/com/nimbusds/oauth2-oidc-sdk/5.24.2/oauth2-oidc-sdk-5.24.2.jar
17:37:25.032 [Thread-13] DEBUG spoon.Launcher - [INFO] Downloading from google-maven-central: https://maven-central.storage-download.googleapis.com/maven2/net/minidev/json-smart/1.3.1/json-smart-1.3.1.jar
17:37:25.035 [Thread-13] DEBUG spoon.Launcher - [INFO] Downloading from google-maven-central: https://maven-central.storage-download.googleapis.com/maven2/org/bouncycastle/bcprov-jdk15on/1.55/bcprov-jdk15on-1.55.jar
17:37:25.038 [Thread-13] DEBUG spoon.Launcher - [INFO] Downloading from google-maven-central: https://maven-central.storage-download.googleapis.com/maven2/org/apache/commons/commons-lang3/3.5/commons-lang3-3.5.jar
17:37:25.051 [Thread-13] DEBUG spoon.Launcher - [INFO] Downloaded from google-maven-central: https://maven-central.storage-download.googleapis.com/maven2/net/minidev/json-smart/1.3.1/json-smart-1.3.1.jar (78 kB at 3.9 MB/s)
17:37:25.063 [Thread-13] DEBUG spoon.Launcher - [INFO] Downloaded from google-maven-central: https://maven-central.storage-download.googleapis.com/maven2/org/apache/commons/commons-lang3/3.5/commons-lang3-3.5.jar (480 kB at 15 MB/s)
17:37:25.156 [Thread-13] DEBUG spoon.Launcher - [INFO] Downloaded from google-maven-central: https://maven-central.storage-download.googleapis.com/maven2/org/bouncycastle/bcprov-jdk15on/1.55/bcprov-jdk15on-1.55.jar (3.4 MB at 27 MB/s)
17:37:25.248 [Thread-13] DEBUG spoon.Launcher - [INFO] Downloaded from google-maven-central: https://maven-central.storage-download.googleapis.com/maven2/com/nimbusds/oauth2-oidc-sdk/5.24.2/oauth2-oidc-sdk-5.24.2.jar (363 kB at 1.7 MB/s)
17:37:25.252 [Thread-13] DEBUG spoon.Launcher - [INFO] 
17:37:25.252 [Thread-13] DEBUG spoon.Launcher - [INFO] --- maven-dependency-plugin:2.8:build-classpath (default-cli) @ pac4j-oidc ---
17:37:25.253 [Thread-13] DEBUG spoon.Launcher - [INFO] Wrote classpath file '/home/travis/build/SpoonLabs/spoon-ci-external/spoon/src/test/resources/maven-launcher/pac4j/pac4j-oidc/spoon.classpath.tmp'.
17:37:25.254 [Thread-13] DEBUG spoon.Launcher - [INFO] 
17:37:25.254 [Thread-13] DEBUG spoon.Launcher - [INFO] ------------------------< org.pac4j:pac4j-ldap >------------------------
17:37:25.254 [Thread-13] DEBUG spoon.Launcher - [INFO] Building pac4j for LDAP 3.0.0                                     [7/16]
17:37:25.254 [Thread-13] DEBUG spoon.Launcher - [INFO] --------------------------------[ jar ]---------------------------------
17:37:25.257 [Thread-13] DEBUG spoon.Launcher - [INFO] Downloading from google-maven-central: https://maven-central.storage-download.googleapis.com/maven2/org/ldaptive/ldaptive/1.2.1/ldaptive-1.2.1.pom
17:37:25.523 [Thread-13] DEBUG spoon.Launcher - [INFO] Downloaded from google-maven-central: https://maven-central.storage-download.googleapis.com/maven2/org/ldaptive/ldaptive/1.2.1/ldaptive-1.2.1.pom (1.1 kB at 4.0 kB/s)
17:37:25.525 [Thread-13] DEBUG spoon.Launcher - [INFO] Downloading from google-maven-central: https://maven-central.storage-download.googleapis.com/maven2/org/ldaptive/ldaptive-parent/1.2.1/ldaptive-parent-1.2.1.pom
17:37:25.689 [Thread-13] DEBUG spoon.Launcher - [INFO] Downloaded from google-maven-central: https://maven-central.storage-download.googleapis.com/maven2/org/ldaptive/ldaptive-parent/1.2.1/ldaptive-parent-1.2.1.pom (20 kB at 120 kB/s)
17:37:25.694 [Thread-13] DEBUG spoon.Launcher - [INFO] Downloading from google-maven-central: https://maven-central.storage-download.googleapis.com/maven2/commons-cli/commons-cli/1.3.1/commons-cli-1.3.1.pom
17:37:25.700 [Thread-13] DEBUG spoon.Launcher - [INFO] Downloaded from google-maven-central: https://maven-central.storage-download.googleapis.com/maven2/commons-cli/commons-cli/1.3.1/commons-cli-1.3.1.pom (10 kB at 2.1 MB/s)
17:37:25.702 [Thread-13] DEBUG spoon.Launcher - [INFO] Downloading from google-maven-central: https://maven-central.storage-download.googleapis.com/maven2/org/apache/commons/commons-parent/37/commons-parent-37.pom
17:37:25.709 [Thread-13] DEBUG spoon.Launcher - [INFO] Downloaded from google-maven-central: https://maven-central.storage-download.googleapis.com/maven2/org/apache/commons/commons-parent/37/commons-parent-37.pom (63 kB at 11 MB/s)
17:37:25.715 [Thread-13] DEBUG spoon.Launcher - [INFO] Downloading from google-maven-central: https://maven-central.storage-download.googleapis.com/maven2/org/ldaptive/ldaptive/1.2.1/ldaptive-1.2.1.jar
17:37:25.729 [Thread-13] DEBUG spoon.Launcher - [INFO] Downloading from google-maven-central: https://maven-central.storage-download.googleapis.com/maven2/commons-cli/commons-cli/1.3.1/commons-cli-1.3.1.jar
17:37:25.736 [Thread-13] DEBUG spoon.Launcher - [INFO] Downloaded from google-maven-central: https://maven-central.storage-download.googleapis.com/maven2/commons-cli/commons-cli/1.3.1/commons-cli-1.3.1.jar (53 kB at 2.5 MB/s)
17:37:26.000 [Thread-13] DEBUG spoon.Launcher - [INFO] Downloaded from google-maven-central: https://maven-central.storage-download.googleapis.com/maven2/org/ldaptive/ldaptive/1.2.1/ldaptive-1.2.1.jar (788 kB at 2.8 MB/s)
17:37:26.003 [Thread-13] DEBUG spoon.Launcher - [INFO] 
17:37:26.003 [Thread-13] DEBUG spoon.Launcher - [INFO] --- maven-dependency-plugin:2.8:build-classpath (default-cli) @ pac4j-ldap ---
17:37:26.011 [Thread-13] DEBUG spoon.Launcher - [INFO] Wrote classpath file '/home/travis/build/SpoonLabs/spoon-ci-external/spoon/src/test/resources/maven-launcher/pac4j/pac4j-ldap/spoon.classpath.tmp'.
17:37:26.011 [Thread-13] DEBUG spoon.Launcher - [INFO] 
17:37:26.011 [Thread-13] DEBUG spoon.Launcher - [INFO] ------------------------< org.pac4j:pac4j-http >------------------------
17:37:26.011 [Thread-13] DEBUG spoon.Launcher - [INFO] Building pac4j for HTTP protocol 3.0.0                            [8/16]
17:37:26.011 [Thread-13] DEBUG spoon.Launcher - [INFO] --------------------------------[ jar ]---------------------------------
17:37:26.015 [Thread-13] DEBUG spoon.Launcher - [INFO] Downloading from google-maven-central: https://maven-central.storage-download.googleapis.com/maven2/org/nanohttpd/nanohttpd/2.3.1/nanohttpd-2.3.1.pom
17:37:26.041 [Thread-13] DEBUG spoon.Launcher - [INFO] Downloaded from google-maven-central: https://maven-central.storage-download.googleapis.com/maven2/org/nanohttpd/nanohttpd/2.3.1/nanohttpd-2.3.1.pom (915 B at 35 kB/s)
17:37:26.043 [Thread-13] DEBUG spoon.Launcher - [INFO] Downloading from google-maven-central: https://maven-central.storage-download.googleapis.com/maven2/org/nanohttpd/nanohttpd-project/2.3.1/nanohttpd-project-2.3.1.pom
17:37:26.069 [Thread-13] DEBUG spoon.Launcher - [INFO] Downloaded from google-maven-central: https://maven-central.storage-download.googleapis.com/maven2/org/nanohttpd/nanohttpd-project/2.3.1/nanohttpd-project-2.3.1.pom (14 kB at 548 kB/s)
17:37:26.073 [Thread-13] DEBUG spoon.Launcher - [INFO] Downloading from google-maven-central: https://maven-central.storage-download.googleapis.com/maven2/org/nanohttpd/nanohttpd/2.3.1/nanohttpd-2.3.1.jar
17:37:26.099 [Thread-13] DEBUG spoon.Launcher - [INFO] Downloaded from google-maven-central: https://maven-central.storage-download.googleapis.com/maven2/org/nanohttpd/nanohttpd/2.3.1/nanohttpd-2.3.1.jar (51 kB at 2.0 MB/s)
17:37:26.100 [Thread-13] DEBUG spoon.Launcher - [INFO] 
17:37:26.100 [Thread-13] DEBUG spoon.Launcher - [INFO] --- maven-dependency-plugin:2.8:build-classpath (default-cli) @ pac4j-http ---
17:37:26.102 [Thread-13] DEBUG spoon.Launcher - [INFO] Wrote classpath file '/home/travis/build/SpoonLabs/spoon-ci-external/spoon/src/test/resources/maven-launcher/pac4j/pac4j-http/spoon.classpath.tmp'.
17:37:26.102 [Thread-13] DEBUG spoon.Launcher - [INFO] 
17:37:26.102 [Thread-13] DEBUG spoon.Launcher - [INFO] ------------------------< org.pac4j:pac4j-sql >-------------------------
17:37:26.102 [Thread-13] DEBUG spoon.Launcher - [INFO] Building pac4j for relational DB 3.0.0                            [9/16]
17:37:26.102 [Thread-13] DEBUG spoon.Launcher - [INFO] --------------------------------[ jar ]---------------------------------
17:37:26.109 [Thread-13] DEBUG spoon.Launcher - [INFO] Downloading from google-maven-central: https://maven-central.storage-download.googleapis.com/maven2/com/h2database/h2/1.4.194/h2-1.4.194.pom
17:37:26.418 [Thread-13] DEBUG spoon.Launcher - [INFO] Downloaded from google-maven-central: https://maven-central.storage-download.googleapis.com/maven2/com/h2database/h2/1.4.194/h2-1.4.194.pom (960 B at 3.1 kB/s)
17:37:26.422 [Thread-13] DEBUG spoon.Launcher - [INFO] Downloading from google-maven-central: https://maven-central.storage-download.googleapis.com/maven2/com/h2database/h2/1.4.194/h2-1.4.194.jar
17:37:26.697 [Thread-13] DEBUG spoon.Launcher - [INFO] Downloaded from google-maven-central: https://maven-central.storage-download.googleapis.com/maven2/com/h2database/h2/1.4.194/h2-1.4.194.jar (1.8 MB at 6.5 MB/s)
17:37:26.698 [Thread-13] DEBUG spoon.Launcher - [INFO] 
17:37:26.698 [Thread-13] DEBUG spoon.Launcher - [INFO] --- maven-dependency-plugin:2.8:build-classpath (default-cli) @ pac4j-sql ---
17:37:26.700 [Thread-13] DEBUG spoon.Launcher - [INFO] Wrote classpath file '/home/travis/build/SpoonLabs/spoon-ci-external/spoon/src/test/resources/maven-launcher/pac4j/pac4j-sql/spoon.classpath.tmp'.
17:37:26.700 [Thread-13] DEBUG spoon.Launcher - [INFO] 
17:37:26.700 [Thread-13] DEBUG spoon.Launcher - [INFO] -----------------------< org.pac4j:pac4j-config >-----------------------
17:37:26.701 [Thread-13] DEBUG spoon.Launcher - [INFO] Building pac4j configuration 3.0.0                               [10/16]
17:37:26.701 [Thread-13] DEBUG spoon.Launcher - [INFO] --------------------------------[ jar ]---------------------------------
17:37:26.723 [Thread-13] DEBUG spoon.Launcher - [INFO] 
17:37:26.723 [Thread-13] DEBUG spoon.Launcher - [INFO] --- maven-dependency-plugin:2.8:build-classpath (default-cli) @ pac4j-config ---
17:37:26.725 [Thread-13] DEBUG spoon.Launcher - [INFO] Wrote classpath file '/home/travis/build/SpoonLabs/spoon-ci-external/spoon/src/test/resources/maven-launcher/pac4j/pac4j-config/spoon.classpath.tmp'.
17:37:26.725 [Thread-13] DEBUG spoon.Launcher - [INFO] 
17:37:26.726 [Thread-13] DEBUG spoon.Launcher - [INFO] -----------------------< org.pac4j:pac4j-openid >-----------------------
17:37:26.726 [Thread-13] DEBUG spoon.Launcher - [INFO] Building pac4j for OpenId protocol 3.0.0                         [11/16]
17:37:26.726 [Thread-13] DEBUG spoon.Launcher - [INFO] --------------------------------[ jar ]---------------------------------
17:37:26.729 [Thread-13] DEBUG spoon.Launcher - [INFO] Downloading from google-maven-central: https://maven-central.storage-download.googleapis.com/maven2/org/openid4java/openid4java/1.0.0/openid4java-1.0.0.pom
17:37:26.904 [Thread-13] DEBUG spoon.Launcher - [INFO] Downloaded from google-maven-central: https://maven-central.storage-download.googleapis.com/maven2/org/openid4java/openid4java/1.0.0/openid4java-1.0.0.pom (26 kB at 148 kB/s)
17:37:26.907 [Thread-13] DEBUG spoon.Launcher - [INFO] Downloading from google-maven-central: https://maven-central.storage-download.googleapis.com/maven2/org/apache/httpcomponents/httpclient/4.1/httpclient-4.1.pom
17:37:26.938 [Thread-13] DEBUG spoon.Launcher - [INFO] Downloaded from google-maven-central: https://maven-central.storage-download.googleapis.com/maven2/org/apache/httpcomponents/httpclient/4.1/httpclient-4.1.pom (6.0 kB at 195 kB/s)
17:37:26.941 [Thread-13] DEBUG spoon.Launcher - [INFO] Downloading from google-maven-central: https://maven-central.storage-download.googleapis.com/maven2/org/apache/httpcomponents/httpcomponents-client/4.1/httpcomponents-client-4.1.pom
17:37:26.963 [Thread-13] DEBUG spoon.Launcher - [INFO] Downloaded from google-maven-central: https://maven-central.storage-download.googleapis.com/maven2/org/apache/httpcomponents/httpcomponents-client/4.1/httpcomponents-client-4.1.pom (11 kB at 513 kB/s)
17:37:26.966 [Thread-13] DEBUG spoon.Launcher - [INFO] Downloading from google-maven-central: https://maven-central.storage-download.googleapis.com/maven2/org/apache/httpcomponents/project/4.1.1/project-4.1.1.pom
17:37:26.989 [Thread-13] DEBUG spoon.Launcher - [INFO] Downloaded from google-maven-central: https://maven-central.storage-download.googleapis.com/maven2/org/apache/httpcomponents/project/4.1.1/project-4.1.1.pom (17 kB at 729 kB/s)
17:37:26.992 [Thread-13] DEBUG spoon.Launcher - [INFO] Downloading from google-maven-central: https://maven-central.storage-download.googleapis.com/maven2/org/apache/httpcomponents/httpcore/4.1/httpcore-4.1.pom
17:37:27.023 [Thread-13] DEBUG spoon.Launcher - [INFO] Downloaded from google-maven-central: https://maven-central.storage-download.googleapis.com/maven2/org/apache/httpcomponents/httpcore/4.1/httpcore-4.1.pom (8.4 kB at 270 kB/s)
17:37:27.025 [Thread-13] DEBUG spoon.Launcher - [INFO] Downloading from google-maven-central: https://maven-central.storage-download.googleapis.com/maven2/org/apache/httpcomponents/httpcomponents-core/4.1/httpcomponents-core-4.1.pom
17:37:27.048 [Thread-13] DEBUG spoon.Launcher - [INFO] Downloaded from google-maven-central: https://maven-central.storage-download.googleapis.com/maven2/org/apache/httpcomponents/httpcomponents-core/4.1/httpcomponents-core-4.1.pom (9.0 kB at 377 kB/s)
17:37:27.052 [Thread-13] DEBUG spoon.Launcher - [INFO] Downloading from google-maven-central: https://maven-central.storage-download.googleapis.com/maven2/net/sourceforge/nekohtml/nekohtml/1.9.10/nekohtml-1.9.10.pom
17:37:27.244 [Thread-13] DEBUG spoon.Launcher - [INFO] Downloaded from google-maven-central: https://maven-central.storage-download.googleapis.com/maven2/net/sourceforge/nekohtml/nekohtml/1.9.10/nekohtml-1.9.10.pom (1.3 kB at 6.9 kB/s)
17:37:27.250 [Thread-13] DEBUG spoon.Launcher - [INFO] Downloading from google-maven-central: https://maven-central.storage-download.googleapis.com/maven2/com/google/inject/guice/2.0/guice-2.0.pom
17:37:27.257 [Thread-13] DEBUG spoon.Launcher - [INFO] Downloaded from google-maven-central: https://maven-central.storage-download.googleapis.com/maven2/com/google/inject/guice/2.0/guice-2.0.pom (771 B at 128 kB/s)
17:37:27.259 [Thread-13] DEBUG spoon.Launcher - [INFO] Downloading from google-maven-central: https://maven-central.storage-download.googleapis.com/maven2/com/google/inject/guice-parent/2.0/guice-parent-2.0.pom
17:37:27.267 [Thread-13] DEBUG spoon.Launcher - [INFO] Downloaded from google-maven-central: https://maven-central.storage-download.googleapis.com/maven2/com/google/inject/guice-parent/2.0/guice-parent-2.0.pom (2.6 kB at 287 kB/s)
17:37:27.269 [Thread-13] DEBUG spoon.Launcher - [INFO] Downloading from google-maven-central: https://maven-central.storage-download.googleapis.com/maven2/aopalliance/aopalliance/1.0/aopalliance-1.0.pom
17:37:27.273 [Thread-13] DEBUG spoon.Launcher - [INFO] Downloaded from google-maven-central: https://maven-central.storage-download.googleapis.com/maven2/aopalliance/aopalliance/1.0/aopalliance-1.0.pom (363 B at 91 kB/s)
17:37:27.275 [Thread-13] DEBUG spoon.Launcher - [WARNING] The artifact xml-apis:xml-apis:jar:2.0.2 has been relocated to xml-apis:xml-apis:jar:1.0.b2
17:37:27.279 [Thread-13] DEBUG spoon.Launcher - [INFO] Downloading from google-maven-central: https://maven-central.storage-download.googleapis.com/maven2/org/openid4java/openid4java/1.0.0/openid4java-1.0.0.jar
17:37:27.280 [Thread-13] DEBUG spoon.Launcher - [INFO] Downloading from google-maven-central: https://maven-central.storage-download.googleapis.com/maven2/org/apache/httpcomponents/httpclient/4.1/httpclient-4.1.jar
17:37:27.281 [Thread-13] DEBUG spoon.Launcher - [INFO] Downloading from google-maven-central: https://maven-central.storage-download.googleapis.com/maven2/org/apache/httpcomponents/httpcore/4.1/httpcore-4.1.jar
17:37:27.288 [Thread-13] DEBUG spoon.Launcher - [INFO] Downloading from google-maven-central: https://maven-central.storage-download.googleapis.com/maven2/net/sourceforge/nekohtml/nekohtml/1.9.10/nekohtml-1.9.10.jar
17:37:27.291 [Thread-13] DEBUG spoon.Launcher - [INFO] Downloading from google-maven-central: https://maven-central.storage-download.googleapis.com/maven2/com/google/inject/guice/2.0/guice-2.0.jar
17:37:27.317 [Thread-13] DEBUG spoon.Launcher - [INFO] Downloaded from google-maven-central: https://maven-central.storage-download.googleapis.com/maven2/org/openid4java/openid4java/1.0.0/openid4java-1.0.0.jar (206 kB at 5.6 MB/s)
17:37:27.319 [Thread-13] DEBUG spoon.Launcher - [INFO] Downloading from google-maven-central: https://maven-central.storage-download.googleapis.com/maven2/aopalliance/aopalliance/1.0/aopalliance-1.0.jar
17:37:27.324 [Thread-13] DEBUG spoon.Launcher - [INFO] Downloaded from google-maven-central: https://maven-central.storage-download.googleapis.com/maven2/org/apache/httpcomponents/httpcore/4.1/httpcore-4.1.jar (181 kB at 4.1 MB/s)
17:37:27.325 [Thread-13] DEBUG spoon.Launcher - [INFO] Downloaded from google-maven-central: https://maven-central.storage-download.googleapis.com/maven2/aopalliance/aopalliance/1.0/aopalliance-1.0.jar (4.5 kB at 118 kB/s)
17:37:27.328 [Thread-13] DEBUG spoon.Launcher - [INFO] Downloaded from google-maven-central: https://maven-central.storage-download.googleapis.com/maven2/net/sourceforge/nekohtml/nekohtml/1.9.10/nekohtml-1.9.10.jar (118 kB at 2.6 MB/s)
17:37:27.352 [Thread-13] DEBUG spoon.Launcher - [INFO] Downloaded from google-maven-central: https://maven-central.storage-download.googleapis.com/maven2/com/google/inject/guice/2.0/guice-2.0.jar (667 kB at 9.7 MB/s)
17:37:27.506 [Thread-13] DEBUG spoon.Launcher - [INFO] Downloaded from google-maven-central: https://maven-central.storage-download.googleapis.com/maven2/org/apache/httpcomponents/httpclient/4.1/httpclient-4.1.jar (350 kB at 1.5 MB/s)
17:37:27.510 [Thread-13] DEBUG spoon.Launcher - [INFO] 
17:37:27.510 [Thread-13] DEBUG spoon.Launcher - [INFO] --- maven-dependency-plugin:2.8:build-classpath (default-cli) @ pac4j-openid ---
17:37:27.513 [Thread-13] DEBUG spoon.Launcher - [INFO] Wrote classpath file '/home/travis/build/SpoonLabs/spoon-ci-external/spoon/src/test/resources/maven-launcher/pac4j/pac4j-openid/spoon.classpath.tmp'.
17:37:27.513 [Thread-13] DEBUG spoon.Launcher - [INFO] 
17:37:27.513 [Thread-13] DEBUG spoon.Launcher - [INFO] ------------------------< org.pac4j:pac4j-gae >-------------------------
17:37:27.513 [Thread-13] DEBUG spoon.Launcher - [INFO] Building pac4j for GAE UserService mechanism 3.0.0               [12/16]
17:37:27.513 [Thread-13] DEBUG spoon.Launcher - [INFO] --------------------------------[ jar ]---------------------------------
17:37:27.516 [Thread-13] DEBUG spoon.Launcher - [INFO] Downloading from google-maven-central: https://maven-central.storage-download.googleapis.com/maven2/com/google/appengine/appengine-api-1.0-sdk/1.9.50/appengine-api-1.0-sdk-1.9.50.pom
17:37:27.655 [Thread-13] DEBUG spoon.Launcher - [INFO] Downloaded from google-maven-central: https://maven-central.storage-download.googleapis.com/maven2/com/google/appengine/appengine-api-1.0-sdk/1.9.50/appengine-api-1.0-sdk-1.9.50.pom (607 B at 4.4 kB/s)
17:37:27.657 [Thread-13] DEBUG spoon.Launcher - [INFO] Downloading from google-maven-central: https://maven-central.storage-download.googleapis.com/maven2/com/google/appengine/appengine/1.9.50/appengine-1.9.50.pom
17:37:27.872 [Thread-13] DEBUG spoon.Launcher - [INFO] Downloaded from google-maven-central: https://maven-central.storage-download.googleapis.com/maven2/com/google/appengine/appengine/1.9.50/appengine-1.9.50.pom (845 B at 3.9 kB/s)
17:37:27.874 [Thread-13] DEBUG spoon.Launcher - [INFO] Downloading from google-maven-central: https://maven-central.storage-download.googleapis.com/maven2/org/sonatype/oss/oss-parent/4/oss-parent-4.pom
17:37:27.899 [Thread-13] DEBUG spoon.Launcher - [INFO] Downloaded from google-maven-central: https://maven-central.storage-download.googleapis.com/maven2/org/sonatype/oss/oss-parent/4/oss-parent-4.pom (4.0 kB at 160 kB/s)
17:37:27.903 [Thread-13] DEBUG spoon.Launcher - [INFO] Downloading from google-maven-central: https://maven-central.storage-download.googleapis.com/maven2/com/google/appengine/appengine-jsr107cache/1.9.50/appengine-jsr107cache-1.9.50.pom
17:37:28.096 [Thread-13] DEBUG spoon.Launcher - [INFO] Downloaded from google-maven-central: https://maven-central.storage-download.googleapis.com/maven2/com/google/appengine/appengine-jsr107cache/1.9.50/appengine-jsr107cache-1.9.50.pom (607 B at 3.1 kB/s)
17:37:28.098 [Thread-13] DEBUG spoon.Launcher - [INFO] Downloading from google-maven-central: https://maven-central.storage-download.googleapis.com/maven2/net/sf/jsr107cache/jsr107cache/1.1/jsr107cache-1.1.pom
17:37:28.390 [Thread-13] DEBUG spoon.Launcher - [INFO] Downloaded from google-maven-central: https://maven-central.storage-download.googleapis.com/maven2/net/sf/jsr107cache/jsr107cache/1.1/jsr107cache-1.1.pom (2.6 kB at 8.8 kB/s)
17:37:28.394 [Thread-13] DEBUG spoon.Launcher - [INFO] Downloading from google-maven-central: https://maven-central.storage-download.googleapis.com/maven2/com/google/appengine/appengine-testing/1.9.50/appengine-testing-1.9.50.pom
17:37:28.611 [Thread-13] DEBUG spoon.Launcher - [INFO] Downloaded from google-maven-central: https://maven-central.storage-download.googleapis.com/maven2/com/google/appengine/appengine-testing/1.9.50/appengine-testing-1.9.50.pom (603 B at 2.8 kB/s)
17:37:28.615 [Thread-13] DEBUG spoon.Launcher - [INFO] Downloading from google-maven-central: https://maven-central.storage-download.googleapis.com/maven2/com/google/appengine/appengine-api-labs/1.9.50/appengine-api-labs-1.9.50.pom
17:37:28.798 [Thread-13] DEBUG spoon.Launcher - [INFO] Downloaded from google-maven-central: https://maven-central.storage-download.googleapis.com/maven2/com/google/appengine/appengine-api-labs/1.9.50/appengine-api-labs-1.9.50.pom (604 B at 3.3 kB/s)
17:37:28.801 [Thread-13] DEBUG spoon.Launcher - [INFO] Downloading from google-maven-central: https://maven-central.storage-download.googleapis.com/maven2/com/google/appengine/appengine-api-stubs/1.9.50/appengine-api-stubs-1.9.50.pom
17:37:29.075 [Thread-13] DEBUG spoon.Launcher - [INFO] Downloaded from google-maven-central: https://maven-central.storage-download.googleapis.com/maven2/com/google/appengine/appengine-api-stubs/1.9.50/appengine-api-stubs-1.9.50.pom (605 B at 2.2 kB/s)
17:37:29.081 [Thread-13] DEBUG spoon.Launcher - [INFO] Downloading from google-maven-central: https://maven-central.storage-download.googleapis.com/maven2/com/google/appengine/appengine-api-1.0-sdk/1.9.50/appengine-api-1.0-sdk-1.9.50.jar
17:37:29.082 [Thread-13] DEBUG spoon.Launcher - [INFO] Downloading from google-maven-central: https://maven-central.storage-download.googleapis.com/maven2/com/google/appengine/appengine-jsr107cache/1.9.50/appengine-jsr107cache-1.9.50.jar
17:37:29.084 [Thread-13] DEBUG spoon.Launcher - [INFO] Downloading from google-maven-central: https://maven-central.storage-download.googleapis.com/maven2/net/sf/jsr107cache/jsr107cache/1.1/jsr107cache-1.1.jar
17:37:29.085 [Thread-13] DEBUG spoon.Launcher - [INFO] Downloading from google-maven-central: https://maven-central.storage-download.googleapis.com/maven2/com/google/appengine/appengine-testing/1.9.50/appengine-testing-1.9.50.jar
17:37:29.112 [Thread-13] DEBUG spoon.Launcher - [INFO] Downloading from google-maven-central: https://maven-central.storage-download.googleapis.com/maven2/com/google/appengine/appengine-api-labs/1.9.50/appengine-api-labs-1.9.50.jar
17:37:29.131 [Thread-13] DEBUG spoon.Launcher - [INFO] Downloaded from google-maven-central: https://maven-central.storage-download.googleapis.com/maven2/com/google/appengine/appengine-jsr107cache/1.9.50/appengine-jsr107cache-1.9.50.jar (7.0 kB at 137 kB/s)
17:37:29.131 [Thread-13] DEBUG spoon.Launcher - [INFO] Downloading from google-maven-central: https://maven-central.storage-download.googleapis.com/maven2/com/google/appengine/appengine-api-stubs/1.9.50/appengine-api-stubs-1.9.50.jar
17:37:29.174 [Thread-13] DEBUG spoon.Launcher - [INFO] Downloaded from google-maven-central: https://maven-central.storage-download.googleapis.com/maven2/net/sf/jsr107cache/jsr107cache/1.1/jsr107cache-1.1.jar (8.1 kB at 88 kB/s)
17:37:29.272 [Thread-13] DEBUG spoon.Launcher - [INFO] Downloaded from google-maven-central: https://maven-central.storage-download.googleapis.com/maven2/com/google/appengine/appengine-api-stubs/1.9.50/appengine-api-stubs-1.9.50.jar (6.9 MB at 37 MB/s)
17:37:29.412 [Thread-13] DEBUG spoon.Launcher - [INFO] Downloaded from google-maven-central: https://maven-central.storage-download.googleapis.com/maven2/com/google/appengine/appengine-api-labs/1.9.50/appengine-api-labs-1.9.50.jar (2.7 MB at 8.2 MB/s)
17:37:29.485 [Thread-13] DEBUG spoon.Launcher - [INFO] Downloaded from google-maven-central: https://maven-central.storage-download.googleapis.com/maven2/com/google/appengine/appengine-testing/1.9.50/appengine-testing-1.9.50.jar (6.2 MB at 15 MB/s)
17:37:30.217 [Thread-13] DEBUG spoon.Launcher - [INFO] Downloaded from google-maven-central: https://maven-central.storage-download.googleapis.com/maven2/com/google/appengine/appengine-api-1.0-sdk/1.9.50/appengine-api-1.0-sdk-1.9.50.jar (18 MB at 16 MB/s)
17:37:30.221 [Thread-13] DEBUG spoon.Launcher - [INFO] 
17:37:30.224 [Thread-13] DEBUG spoon.Launcher - [INFO] --- maven-dependency-plugin:2.8:build-classpath (default-cli) @ pac4j-gae ---
17:37:30.228 [Thread-13] DEBUG spoon.Launcher - [INFO] Wrote classpath file '/home/travis/build/SpoonLabs/spoon-ci-external/spoon/src/test/resources/maven-launcher/pac4j/pac4j-gae/spoon.classpath.tmp'.
17:37:30.228 [Thread-13] DEBUG spoon.Launcher - [INFO] 
17:37:30.228 [Thread-13] DEBUG spoon.Launcher - [INFO] ------------------------< org.pac4j:pac4j-jwt >-------------------------
17:37:30.228 [Thread-13] DEBUG spoon.Launcher - [INFO] Building pac4j for JWT 3.0.0                                     [13/16]
17:37:30.229 [Thread-13] DEBUG spoon.Launcher - [INFO] --------------------------------[ jar ]---------------------------------
17:37:30.233 [Thread-13] DEBUG spoon.Launcher - [INFO] Downloading from google-maven-central: https://maven-central.storage-download.googleapis.com/maven2/org/bouncycastle/bcprov-jdk15on/1.56/bcprov-jdk15on-1.56.pom
17:37:30.258 [Thread-13] DEBUG spoon.Launcher - [INFO] Downloaded from google-maven-central: https://maven-central.storage-download.googleapis.com/maven2/org/bouncycastle/bcprov-jdk15on/1.56/bcprov-jdk15on-1.56.pom (1.2 kB at 46 kB/s)
17:37:30.263 [Thread-13] DEBUG spoon.Launcher - [INFO] Downloading from google-maven-central: https://maven-central.storage-download.googleapis.com/maven2/org/bouncycastle/bcprov-jdk15on/1.56/bcprov-jdk15on-1.56.jar
17:37:30.329 [Thread-13] DEBUG spoon.Launcher - [INFO] Downloaded from google-maven-central: https://maven-central.storage-download.googleapis.com/maven2/org/bouncycastle/bcprov-jdk15on/1.56/bcprov-jdk15on-1.56.jar (3.4 MB at 53 MB/s)
17:37:30.329 [Thread-13] DEBUG spoon.Launcher - [INFO] 
17:37:30.330 [Thread-13] DEBUG spoon.Launcher - [INFO] --- maven-dependency-plugin:2.8:build-classpath (default-cli) @ pac4j-jwt ---
17:37:30.331 [Thread-13] DEBUG spoon.Launcher - [INFO] Wrote classpath file '/home/travis/build/SpoonLabs/spoon-ci-external/spoon/src/test/resources/maven-launcher/pac4j/pac4j-jwt/spoon.classpath.tmp'.
17:37:30.332 [Thread-13] DEBUG spoon.Launcher - [INFO] 
17:37:30.332 [Thread-13] DEBUG spoon.Launcher - [INFO] -----------------------< org.pac4j:pac4j-mongo >------------------------
17:37:30.332 [Thread-13] DEBUG spoon.Launcher - [INFO] Building pac4j for MongoDB 3.0.0                                 [14/16]
17:37:30.332 [Thread-13] DEBUG spoon.Launcher - [INFO] --------------------------------[ jar ]---------------------------------
17:37:30.335 [Thread-13] DEBUG spoon.Launcher - [INFO] Downloading from google-maven-central: https://maven-central.storage-download.googleapis.com/maven2/org/mongodb/mongo-java-driver/3.4.2/mongo-java-driver-3.4.2.pom
17:37:30.364 [Thread-13] DEBUG spoon.Launcher - [INFO] Downloaded from google-maven-central: https://maven-central.storage-download.googleapis.com/maven2/org/mongodb/mongo-java-driver/3.4.2/mongo-java-driver-3.4.2.pom (2.1 kB at 80 kB/s)
17:37:30.364 [Thread-13] DEBUG spoon.Launcher - [INFO] Downloading from google-maven-central: https://maven-central.storage-download.googleapis.com/maven2/de/flapdoodle/embed/de.flapdoodle.embed.mongo/2.0.0/de.flapdoodle.embed.mongo-2.0.0.pom
17:37:30.542 [Thread-13] DEBUG spoon.Launcher - [INFO] Downloaded from google-maven-central: https://maven-central.storage-download.googleapis.com/maven2/de/flapdoodle/embed/de.flapdoodle.embed.mongo/2.0.0/de.flapdoodle.embed.mongo-2.0.0.pom (10 kB at 58 kB/s)
17:37:30.545 [Thread-13] DEBUG spoon.Launcher - [INFO] Downloading from google-maven-central: https://maven-central.storage-download.googleapis.com/maven2/de/flapdoodle/embed/de.flapdoodle.embed.process/2.0.1/de.flapdoodle.embed.process-2.0.1.pom
17:37:30.684 [Thread-13] DEBUG spoon.Launcher - [INFO] Downloaded from google-maven-central: https://maven-central.storage-download.googleapis.com/maven2/de/flapdoodle/embed/de.flapdoodle.embed.process/2.0.1/de.flapdoodle.embed.process-2.0.1.pom (13 kB at 95 kB/s)
17:37:30.689 [Thread-13] DEBUG spoon.Launcher - [INFO] Downloading from google-maven-central: https://maven-central.storage-download.googleapis.com/maven2/org/apache/commons/commons-lang3/3.1/commons-lang3-3.1.pom
17:37:30.695 [Thread-13] DEBUG spoon.Launcher - [INFO] Downloaded from google-maven-central: https://maven-central.storage-download.googleapis.com/maven2/org/apache/commons/commons-lang3/3.1/commons-lang3-3.1.pom (17 kB at 3.3 MB/s)
17:37:30.700 [Thread-13] DEBUG spoon.Launcher - [INFO] Downloading from google-maven-central: https://maven-central.storage-download.googleapis.com/maven2/net/java/dev/jna/jna/4.0.0/jna-4.0.0.pom
17:37:30.703 [Thread-13] DEBUG spoon.Launcher - [INFO] Downloaded from google-maven-central: https://maven-central.storage-download.googleapis.com/maven2/net/java/dev/jna/jna/4.0.0/jna-4.0.0.pom (1.3 kB at 319 kB/s)
17:37:30.706 [Thread-13] DEBUG spoon.Launcher - [INFO] Downloading from google-maven-central: https://maven-central.storage-download.googleapis.com/maven2/net/java/dev/jna/jna-platform/4.0.0/jna-platform-4.0.0.pom
17:37:30.750 [Thread-13] DEBUG spoon.Launcher - [INFO] Downloaded from google-maven-central: https://maven-central.storage-download.googleapis.com/maven2/net/java/dev/jna/jna-platform/4.0.0/jna-platform-4.0.0.pom (1.5 kB at 33 kB/s)
17:37:30.753 [Thread-13] DEBUG spoon.Launcher - [INFO] Downloading from google-maven-central: https://maven-central.storage-download.googleapis.com/maven2/org/apache/commons/commons-compress/1.10/commons-compress-1.10.pom
17:37:30.782 [Thread-13] DEBUG spoon.Launcher - [INFO] Downloaded from google-maven-central: https://maven-central.storage-download.googleapis.com/maven2/org/apache/commons/commons-compress/1.10/commons-compress-1.10.pom (13 kB at 419 kB/s)
17:37:30.792 [Thread-13] DEBUG spoon.Launcher - [INFO] Downloading from google-maven-central: https://maven-central.storage-download.googleapis.com/maven2/org/mongodb/mongo-java-driver/3.4.2/mongo-java-driver-3.4.2.jar
17:37:30.794 [Thread-13] DEBUG spoon.Launcher - [INFO] Downloading from google-maven-central: https://maven-central.storage-download.googleapis.com/maven2/de/flapdoodle/embed/de.flapdoodle.embed.process/2.0.1/de.flapdoodle.embed.process-2.0.1.jar
17:37:30.795 [Thread-13] DEBUG spoon.Launcher - [INFO] Downloading from google-maven-central: https://maven-central.storage-download.googleapis.com/maven2/org/apache/commons/commons-lang3/3.1/commons-lang3-3.1.jar
17:37:30.798 [Thread-13] DEBUG spoon.Launcher - [INFO] Downloading from google-maven-central: https://maven-central.storage-download.googleapis.com/maven2/de/flapdoodle/embed/de.flapdoodle.embed.mongo/2.0.0/de.flapdoodle.embed.mongo-2.0.0.jar
17:37:30.804 [Thread-13] DEBUG spoon.Launcher - [INFO] Downloading from google-maven-central: https://maven-central.storage-download.googleapis.com/maven2/net/java/dev/jna/jna/4.0.0/jna-4.0.0.jar
17:37:30.816 [Thread-13] DEBUG spoon.Launcher - [INFO] Downloaded from google-maven-central: https://maven-central.storage-download.googleapis.com/maven2/de/flapdoodle/embed/de.flapdoodle.embed.mongo/2.0.0/de.flapdoodle.embed.mongo-2.0.0.jar (114 kB at 8.2 MB/s)
17:37:30.818 [Thread-13] DEBUG spoon.Launcher - [INFO] Downloading from google-maven-central: https://maven-central.storage-download.googleapis.com/maven2/net/java/dev/jna/jna-platform/4.0.0/jna-platform-4.0.0.jar
17:37:30.850 [Thread-13] DEBUG spoon.Launcher - [INFO] Downloaded from google-maven-central: https://maven-central.storage-download.googleapis.com/maven2/org/apache/commons/commons-lang3/3.1/commons-lang3-3.1.jar (316 kB at 5.7 MB/s)
17:37:30.851 [Thread-13] DEBUG spoon.Launcher - [INFO] Downloading from google-maven-central: https://maven-central.storage-download.googleapis.com/maven2/org/apache/commons/commons-compress/1.10/commons-compress-1.10.jar
17:37:30.877 [Thread-13] DEBUG spoon.Launcher - [INFO] Downloaded from google-maven-central: https://maven-central.storage-download.googleapis.com/maven2/net/java/dev/jna/jna/4.0.0/jna-4.0.0.jar (915 kB at 11 MB/s)
17:37:30.878 [Thread-13] DEBUG spoon.Launcher - [INFO] Downloaded from google-maven-central: https://maven-central.storage-download.googleapis.com/maven2/org/apache/commons/commons-compress/1.10/commons-compress-1.10.jar (409 kB at 5.1 MB/s)
17:37:30.889 [Thread-13] DEBUG spoon.Launcher - [INFO] Downloaded from google-maven-central: https://maven-central.storage-download.googleapis.com/maven2/org/mongodb/mongo-java-driver/3.4.2/mongo-java-driver-3.4.2.jar (1.7 MB at 17 MB/s)
17:37:30.901 [Thread-13] DEBUG spoon.Launcher - [INFO] Downloaded from google-maven-central: https://maven-central.storage-download.googleapis.com/maven2/net/java/dev/jna/jna-platform/4.0.0/jna-platform-4.0.0.jar (1.2 MB at 12 MB/s)
17:37:30.941 [Thread-13] DEBUG spoon.Launcher - [INFO] Downloaded from google-maven-central: https://maven-central.storage-download.googleapis.com/maven2/de/flapdoodle/embed/de.flapdoodle.embed.process/2.0.1/de.flapdoodle.embed.process-2.0.1.jar (158 kB at 1.1 MB/s)
17:37:30.946 [Thread-13] DEBUG spoon.Launcher - [INFO] 
17:37:30.946 [Thread-13] DEBUG spoon.Launcher - [INFO] --- maven-dependency-plugin:2.8:build-classpath (default-cli) @ pac4j-mongo ---
17:37:30.949 [Thread-13] DEBUG spoon.Launcher - [INFO] Wrote classpath file '/home/travis/build/SpoonLabs/spoon-ci-external/spoon/src/test/resources/maven-launcher/pac4j/pac4j-mongo/spoon.classpath.tmp'.
17:37:30.949 [Thread-13] DEBUG spoon.Launcher - [INFO] 
17:37:30.949 [Thread-13] DEBUG spoon.Launcher - [INFO] -----------------------< org.pac4j:pac4j-couch >------------------------
17:37:30.950 [Thread-13] DEBUG spoon.Launcher - [INFO] Building pac4j for CouchDB 3.0.0                                 [15/16]
17:37:30.950 [Thread-13] DEBUG spoon.Launcher - [INFO] --------------------------------[ jar ]---------------------------------
17:37:30.953 [Thread-13] DEBUG spoon.Launcher - [INFO] Downloading from google-maven-central: https://maven-central.storage-download.googleapis.com/maven2/org/ektorp/org.ektorp/1.4.4/org.ektorp-1.4.4.pom
17:37:31.096 [Thread-13] DEBUG spoon.Launcher - [INFO] Downloaded from google-maven-central: https://maven-central.storage-download.googleapis.com/maven2/org/ektorp/org.ektorp/1.4.4/org.ektorp-1.4.4.pom (2.9 kB at 20 kB/s)
17:37:31.099 [Thread-13] DEBUG spoon.Launcher - [INFO] Downloading from google-maven-central: https://maven-central.storage-download.googleapis.com/maven2/org/ektorp/org.ektorp.parent/1.4.4/org.ektorp.parent-1.4.4.pom
17:37:31.295 [Thread-13] DEBUG spoon.Launcher - [INFO] Downloaded from google-maven-central: https://maven-central.storage-download.googleapis.com/maven2/org/ektorp/org.ektorp.parent/1.4.4/org.ektorp.parent-1.4.4.pom (14 kB at 69 kB/s)
17:37:31.314 [Thread-13] DEBUG spoon.Launcher - [INFO] Downloading from google-maven-central: https://maven-central.storage-download.googleapis.com/maven2/org/apache/httpcomponents/httpclient/4.3/httpclient-4.3.pom
17:37:31.523 [Thread-13] DEBUG spoon.Launcher - [INFO] Downloaded from google-maven-central: https://maven-central.storage-download.googleapis.com/maven2/org/apache/httpcomponents/httpclient/4.3/httpclient-4.3.pom (5.2 kB at 25 kB/s)
17:37:31.527 [Thread-13] DEBUG spoon.Launcher - [INFO] Downloading from google-maven-central: https://maven-central.storage-download.googleapis.com/maven2/org/apache/httpcomponents/httpcomponents-client/4.3/httpcomponents-client-4.3.pom
17:37:31.692 [Thread-13] DEBUG spoon.Launcher - [INFO] Downloaded from google-maven-central: https://maven-central.storage-download.googleapis.com/maven2/org/apache/httpcomponents/httpcomponents-client/4.3/httpcomponents-client-4.3.pom (15 kB at 94 kB/s)
17:37:31.702 [Thread-13] DEBUG spoon.Launcher - [INFO] Downloading from google-maven-central: https://maven-central.storage-download.googleapis.com/maven2/org/apache/httpcomponents/httpcore/4.3/httpcore-4.3.pom
17:37:31.739 [Thread-13] DEBUG spoon.Launcher - [INFO] Downloaded from google-maven-central: https://maven-central.storage-download.googleapis.com/maven2/org/apache/httpcomponents/httpcore/4.3/httpcore-4.3.pom (4.1 kB at 109 kB/s)
17:37:31.742 [Thread-13] DEBUG spoon.Launcher - [INFO] Downloading from google-maven-central: https://maven-central.storage-download.googleapis.com/maven2/org/apache/httpcomponents/httpcomponents-core/4.3/httpcomponents-core-4.3.pom
17:37:31.776 [Thread-13] DEBUG spoon.Launcher - [INFO] Downloaded from google-maven-central: https://maven-central.storage-download.googleapis.com/maven2/org/apache/httpcomponents/httpcomponents-core/4.3/httpcomponents-core-4.3.pom (12 kB at 356 kB/s)
17:37:31.780 [Thread-13] DEBUG spoon.Launcher - [INFO] Downloading from google-maven-central: https://maven-central.storage-download.googleapis.com/maven2/org/apache/httpcomponents/httpclient-cache/4.3/httpclient-cache-4.3.pom
17:37:32.001 [Thread-13] DEBUG spoon.Launcher - [INFO] Downloaded from google-maven-central: https://maven-central.storage-download.googleapis.com/maven2/org/apache/httpcomponents/httpclient-cache/4.3/httpclient-cache-4.3.pom (6.0 kB at 27 kB/s)
17:37:32.005 [Thread-13] DEBUG spoon.Launcher - [INFO] Downloading from google-maven-central: https://maven-central.storage-download.googleapis.com/maven2/commons-io/commons-io/2.0.1/commons-io-2.0.1.pom
17:37:32.031 [Thread-13] DEBUG spoon.Launcher - [INFO] Downloaded from google-maven-central: https://maven-central.storage-download.googleapis.com/maven2/commons-io/commons-io/2.0.1/commons-io-2.0.1.pom (9.0 kB at 346 kB/s)
17:37:32.033 [Thread-13] DEBUG spoon.Launcher - [INFO] Downloading from google-maven-central: https://maven-central.storage-download.googleapis.com/maven2/org/apache/commons/commons-parent/15/commons-parent-15.pom
17:37:32.063 [Thread-13] DEBUG spoon.Launcher - [INFO] Downloaded from google-maven-central: https://maven-central.storage-download.googleapis.com/maven2/org/apache/commons/commons-parent/15/commons-parent-15.pom (32 kB at 1.1 MB/s)
17:37:32.066 [Thread-13] DEBUG spoon.Launcher - [INFO] Downloading from google-maven-central: https://maven-central.storage-download.googleapis.com/maven2/com/fasterxml/jackson/core/jackson-annotations/2.3.3/jackson-annotations-2.3.3.pom
17:37:32.321 [Thread-13] DEBUG spoon.Launcher - [INFO] Downloaded from google-maven-central: https://maven-central.storage-download.googleapis.com/maven2/com/fasterxml/jackson/core/jackson-annotations/2.3.3/jackson-annotations-2.3.3.pom (1.7 kB at 6.7 kB/s)
17:37:32.326 [Thread-13] DEBUG spoon.Launcher - [INFO] Downloading from google-maven-central: https://maven-central.storage-download.googleapis.com/maven2/com/fasterxml/jackson/core/jackson-core/2.3.3/jackson-core-2.3.3.pom
17:37:32.331 [Thread-13] DEBUG spoon.Launcher - [INFO] Downloaded from google-maven-central: https://maven-central.storage-download.googleapis.com/maven2/com/fasterxml/jackson/core/jackson-core/2.3.3/jackson-core-2.3.3.pom (6.0 kB at 994 kB/s)
17:37:32.335 [Thread-13] DEBUG spoon.Launcher - [INFO] Downloading from google-maven-central: https://maven-central.storage-download.googleapis.com/maven2/net/sourceforge/findbugs/annotations/1.3.2/annotations-1.3.2.pom
17:37:32.399 [Thread-13] DEBUG spoon.Launcher - [INFO] Downloaded from google-maven-central: https://maven-central.storage-download.googleapis.com/maven2/net/sourceforge/findbugs/annotations/1.3.2/annotations-1.3.2.pom (764 B at 12 kB/s)
17:37:32.402 [Thread-13] DEBUG spoon.Launcher - [INFO] Downloading from google-maven-central: https://maven-central.storage-download.googleapis.com/maven2/com/fasterxml/jackson/core/jackson-databind/2.3.3/jackson-databind-2.3.3.pom
17:37:32.410 [Thread-13] DEBUG spoon.Launcher - [INFO] Downloaded from google-maven-central: https://maven-central.storage-download.googleapis.com/maven2/com/fasterxml/jackson/core/jackson-databind/2.3.3/jackson-databind-2.3.3.pom (5.9 kB at 1.2 MB/s)
17:37:32.412 [Thread-13] DEBUG spoon.Launcher - [INFO] Downloading from google-maven-central: https://maven-central.storage-download.googleapis.com/maven2/io/bdrc/mcouch-ektorp/1.0.0/mcouch-ektorp-1.0.0.pom
17:37:32.567 [Thread-13] DEBUG spoon.Launcher - [INFO] Downloaded from google-maven-central: https://maven-central.storage-download.googleapis.com/maven2/io/bdrc/mcouch-ektorp/1.0.0/mcouch-ektorp-1.0.0.pom (1.3 kB at 8.5 kB/s)
17:37:32.569 [Thread-13] DEBUG spoon.Launcher - [INFO] Downloading from google-maven-central: https://maven-central.storage-download.googleapis.com/maven2/io/bdrc/mcouch/1.0.0/mcouch-1.0.0.pom
17:37:32.756 [Thread-13] DEBUG spoon.Launcher - [INFO] Downloaded from google-maven-central: https://maven-central.storage-download.googleapis.com/maven2/io/bdrc/mcouch/1.0.0/mcouch-1.0.0.pom (4.6 kB at 25 kB/s)
17:37:32.760 [Thread-13] DEBUG spoon.Launcher - [INFO] Downloading from google-maven-central: https://maven-central.storage-download.googleapis.com/maven2/io/bdrc/mcouch-core/1.0.0/mcouch-core-1.0.0.pom
17:37:32.953 [Thread-13] DEBUG spoon.Launcher - [INFO] Downloaded from google-maven-central: https://maven-central.storage-download.googleapis.com/maven2/io/bdrc/mcouch-core/1.0.0/mcouch-core-1.0.0.pom (1.3 kB at 6.7 kB/s)
17:37:32.962 [Thread-13] DEBUG spoon.Launcher - [INFO] Downloading from google-maven-central: https://maven-central.storage-download.googleapis.com/maven2/org/codehaus/jackson/jackson-mapper-asl/1.9.13/jackson-mapper-asl-1.9.13.pom
17:37:32.986 [Thread-13] DEBUG spoon.Launcher - [INFO] Downloaded from google-maven-central: https://maven-central.storage-download.googleapis.com/maven2/org/codehaus/jackson/jackson-mapper-asl/1.9.13/jackson-mapper-asl-1.9.13.pom (1.5 kB at 65 kB/s)
17:37:32.987 [Thread-13] DEBUG spoon.Launcher - [INFO] Downloading from google-maven-central: https://maven-central.storage-download.googleapis.com/maven2/org/codehaus/jackson/jackson-core-asl/1.9.13/jackson-core-asl-1.9.13.pom
17:37:32.993 [Thread-13] DEBUG spoon.Launcher - [INFO] Downloaded from google-maven-central: https://maven-central.storage-download.googleapis.com/maven2/org/codehaus/jackson/jackson-core-asl/1.9.13/jackson-core-asl-1.9.13.pom (1.3 kB at 256 kB/s)
17:37:32.995 [Thread-13] DEBUG spoon.Launcher - [INFO] Downloading from google-maven-central: https://maven-central.storage-download.googleapis.com/maven2/org/mozilla/rhino/1.7.7.1/rhino-1.7.7.1.pom
17:37:33.022 [Thread-13] DEBUG spoon.Launcher - [INFO] Downloaded from google-maven-central: https://maven-central.storage-download.googleapis.com/maven2/org/mozilla/rhino/1.7.7.1/rhino-1.7.7.1.pom (1.3 kB at 49 kB/s)
17:37:33.025 [Thread-13] DEBUG spoon.Launcher - [INFO] Downloading from google-maven-central: https://maven-central.storage-download.googleapis.com/maven2/org/apache/httpcomponents/httpclient/4.5.3/httpclient-4.5.3.pom
17:37:33.035 [Thread-13] DEBUG spoon.Launcher - [INFO] Downloaded from google-maven-central: https://maven-central.storage-download.googleapis.com/maven2/org/apache/httpcomponents/httpclient/4.5.3/httpclient-4.5.3.pom (6.4 kB at 581 kB/s)
17:37:33.040 [Thread-13] DEBUG spoon.Launcher - [INFO] Downloading from google-maven-central: https://maven-central.storage-download.googleapis.com/maven2/org/apache/httpcomponents/httpcomponents-client/4.5.3/httpcomponents-client-4.5.3.pom
17:37:33.045 [Thread-13] DEBUG spoon.Launcher - [INFO] Downloaded from google-maven-central: https://maven-central.storage-download.googleapis.com/maven2/org/apache/httpcomponents/httpcomponents-client/4.5.3/httpcomponents-client-4.5.3.pom (16 kB at 2.6 MB/s)
17:37:33.050 [Thread-13] DEBUG spoon.Launcher - [INFO] Downloading from google-maven-central: https://maven-central.storage-download.googleapis.com/maven2/org/apache/httpcomponents/httpcore/4.4.6/httpcore-4.4.6.pom
17:37:33.054 [Thread-13] DEBUG spoon.Launcher - [INFO] Downloaded from google-maven-central: https://maven-central.storage-download.googleapis.com/maven2/org/apache/httpcomponents/httpcore/4.4.6/httpcore-4.4.6.pom (5.1 kB at 1.3 MB/s)
17:37:33.056 [Thread-13] DEBUG spoon.Launcher - [INFO] Downloading from google-maven-central: https://maven-central.storage-download.googleapis.com/maven2/org/apache/httpcomponents/httpcomponents-core/4.4.6/httpcomponents-core-4.4.6.pom
17:37:33.062 [Thread-13] DEBUG spoon.Launcher - [INFO] Downloaded from google-maven-central: https://maven-central.storage-download.googleapis.com/maven2/org/apache/httpcomponents/httpcomponents-core/4.4.6/httpcomponents-core-4.4.6.pom (13 kB at 2.7 MB/s)
17:37:33.067 [Thread-13] DEBUG spoon.Launcher - [INFO] Downloading from google-maven-central: https://maven-central.storage-download.googleapis.com/maven2/org/springframework/spring-core/4.3.8.RELEASE/spring-core-4.3.8.RELEASE.pom
17:37:33.267 [Thread-13] DEBUG spoon.Launcher - [INFO] Downloaded from google-maven-central: https://maven-central.storage-download.googleapis.com/maven2/org/springframework/spring-core/4.3.8.RELEASE/spring-core-4.3.8.RELEASE.pom (2.5 kB at 12 kB/s)
17:37:33.270 [Thread-13] DEBUG spoon.Launcher - [INFO] Downloading from google-maven-central: https://maven-central.storage-download.googleapis.com/maven2/org/ektorp/org.ektorp.spring/1.4.4/org.ektorp.spring-1.4.4.pom
17:37:33.395 [Thread-13] DEBUG spoon.Launcher - [INFO] Downloaded from google-maven-central: https://maven-central.storage-download.googleapis.com/maven2/org/ektorp/org.ektorp.spring/1.4.4/org.ektorp.spring-1.4.4.pom (1.9 kB at 15 kB/s)
17:37:33.397 [Thread-13] DEBUG spoon.Launcher - [INFO] Downloading from google-maven-central: https://maven-central.storage-download.googleapis.com/maven2/org/springframework/spring-context/3.1.1.RELEASE/spring-context-3.1.1.RELEASE.pom
17:37:33.613 [Thread-13] DEBUG spoon.Launcher - [INFO] Downloaded from google-maven-central: https://maven-central.storage-download.googleapis.com/maven2/org/springframework/spring-context/3.1.1.RELEASE/spring-context-3.1.1.RELEASE.pom (8.7 kB at 40 kB/s)
17:37:33.615 [Thread-13] DEBUG spoon.Launcher - [INFO] Downloading from google-maven-central: https://maven-central.storage-download.googleapis.com/maven2/org/springframework/spring-parent/3.1.1.RELEASE/spring-parent-3.1.1.RELEASE.pom
17:37:33.834 [Thread-13] DEBUG spoon.Launcher - [INFO] Downloaded from google-maven-central: https://maven-central.storage-download.googleapis.com/maven2/org/springframework/spring-parent/3.1.1.RELEASE/spring-parent-3.1.1.RELEASE.pom (8.7 kB at 40 kB/s)
17:37:33.837 [Thread-13] DEBUG spoon.Launcher - [INFO] Downloading from google-maven-central: https://maven-central.storage-download.googleapis.com/maven2/org/springframework/spring-aop/3.1.1.RELEASE/spring-aop-3.1.1.RELEASE.pom
17:37:33.996 [Thread-13] DEBUG spoon.Launcher - [INFO] Downloaded from google-maven-central: https://maven-central.storage-download.googleapis.com/maven2/org/springframework/spring-aop/3.1.1.RELEASE/spring-aop-3.1.1.RELEASE.pom (2.8 kB at 18 kB/s)
17:37:33.999 [Thread-13] DEBUG spoon.Launcher - [INFO] Downloading from google-maven-central: https://maven-central.storage-download.googleapis.com/maven2/org/springframework/spring-asm/3.1.1.RELEASE/spring-asm-3.1.1.RELEASE.pom
17:37:34.212 [Thread-13] DEBUG spoon.Launcher - [INFO] Downloaded from google-maven-central: https://maven-central.storage-download.googleapis.com/maven2/org/springframework/spring-asm/3.1.1.RELEASE/spring-asm-3.1.1.RELEASE.pom (2.5 kB at 12 kB/s)
17:37:34.215 [Thread-13] DEBUG spoon.Launcher - [INFO] Downloading from google-maven-central: https://maven-central.storage-download.googleapis.com/maven2/org/springframework/spring-beans/3.1.1.RELEASE/spring-beans-3.1.1.RELEASE.pom
17:37:34.376 [Thread-13] DEBUG spoon.Launcher - [INFO] Downloaded from google-maven-central: https://maven-central.storage-download.googleapis.com/maven2/org/springframework/spring-beans/3.1.1.RELEASE/spring-beans-3.1.1.RELEASE.pom (2.6 kB at 16 kB/s)
17:37:34.379 [Thread-13] DEBUG spoon.Launcher - [INFO] Downloading from google-maven-central: https://maven-central.storage-download.googleapis.com/maven2/org/springframework/spring-core/3.1.1.RELEASE/spring-core-3.1.1.RELEASE.pom
17:37:34.538 [Thread-13] DEBUG spoon.Launcher - [INFO] Downloaded from google-maven-central: https://maven-central.storage-download.googleapis.com/maven2/org/springframework/spring-core/3.1.1.RELEASE/spring-core-3.1.1.RELEASE.pom (2.6 kB at 17 kB/s)
17:37:34.541 [Thread-13] DEBUG spoon.Launcher - [INFO] Downloading from google-maven-central: https://maven-central.storage-download.googleapis.com/maven2/org/springframework/spring-expression/3.1.1.RELEASE/spring-expression-3.1.1.RELEASE.pom
17:37:34.759 [Thread-13] DEBUG spoon.Launcher - [INFO] Downloaded from google-maven-central: https://maven-central.storage-download.googleapis.com/maven2/org/springframework/spring-expression/3.1.1.RELEASE/spring-expression-3.1.1.RELEASE.pom (1.8 kB at 8.2 kB/s)
17:37:34.762 [Thread-13] DEBUG spoon.Launcher - [INFO] Downloading from google-maven-central: https://maven-central.storage-download.googleapis.com/maven2/org/aspectj/aspectjweaver/1.6.9/aspectjweaver-1.6.9.pom
17:37:34.959 [Thread-13] DEBUG spoon.Launcher - [INFO] Downloaded from google-maven-central: https://maven-central.storage-download.googleapis.com/maven2/org/aspectj/aspectjweaver/1.6.9/aspectjweaver-1.6.9.pom (908 B at 4.6 kB/s)
17:37:34.968 [Thread-13] DEBUG spoon.Launcher - [INFO] Downloading from google-maven-central: https://maven-central.storage-download.googleapis.com/maven2/org/ektorp/org.ektorp/1.4.4/org.ektorp-1.4.4.jar
17:37:34.968 [Thread-13] DEBUG spoon.Launcher - [INFO] Downloading from google-maven-central: https://maven-central.storage-download.googleapis.com/maven2/org/apache/httpcomponents/httpclient-cache/4.3/httpclient-cache-4.3.jar
17:37:34.970 [Thread-13] DEBUG spoon.Launcher - [INFO] Downloading from google-maven-central: https://maven-central.storage-download.googleapis.com/maven2/org/apache/httpcomponents/httpclient/4.3/httpclient-4.3.jar
17:37:34.970 [Thread-13] DEBUG spoon.Launcher - [INFO] Downloading from google-maven-central: https://maven-central.storage-download.googleapis.com/maven2/org/apache/httpcomponents/httpcore/4.3/httpcore-4.3.jar
17:37:34.990 [Thread-13] DEBUG spoon.Launcher - [INFO] Downloading from google-maven-central: https://maven-central.storage-download.googleapis.com/maven2/commons-io/commons-io/2.0.1/commons-io-2.0.1.jar
17:37:35.006 [Thread-13] DEBUG spoon.Launcher - [INFO] Downloaded from google-maven-central: https://maven-central.storage-download.googleapis.com/maven2/org/apache/httpcomponents/httpclient-cache/4.3/httpclient-cache-4.3.jar (148 kB at 4.0 MB/s)
17:37:35.008 [Thread-13] DEBUG spoon.Launcher - [INFO] Downloading from google-maven-central: https://maven-central.storage-download.googleapis.com/maven2/com/fasterxml/jackson/core/jackson-annotations/2.3.3/jackson-annotations-2.3.3.jar
17:37:35.021 [Thread-13] DEBUG spoon.Launcher - [INFO] Downloaded from google-maven-central: https://maven-central.storage-download.googleapis.com/maven2/commons-io/commons-io/2.0.1/commons-io-2.0.1.jar (160 kB at 3.0 MB/s)
17:37:35.021 [Thread-13] DEBUG spoon.Launcher - [INFO] Downloading from google-maven-central: https://maven-central.storage-download.googleapis.com/maven2/com/fasterxml/jackson/core/jackson-core/2.3.3/jackson-core-2.3.3.jar
17:37:35.026 [Thread-13] DEBUG spoon.Launcher - [INFO] Downloaded from google-maven-central: https://maven-central.storage-download.googleapis.com/maven2/org/ektorp/org.ektorp/1.4.4/org.ektorp-1.4.4.jar (294 kB at 4.9 MB/s)
17:37:35.026 [Thread-13] DEBUG spoon.Launcher - [INFO] Downloading from google-maven-central: https://maven-central.storage-download.googleapis.com/maven2/net/sourceforge/findbugs/annotations/1.3.2/annotations-1.3.2.jar
17:37:35.031 [Thread-13] DEBUG spoon.Launcher - [INFO] Downloaded from google-maven-central: https://maven-central.storage-download.googleapis.com/maven2/org/apache/httpcomponents/httpcore/4.3/httpcore-4.3.jar (282 kB at 4.5 MB/s)
17:37:35.038 [Thread-13] DEBUG spoon.Launcher - [INFO] Downloading from google-maven-central: https://maven-central.storage-download.googleapis.com/maven2/com/fasterxml/jackson/core/jackson-databind/2.3.3/jackson-databind-2.3.3.jar
17:37:35.040 [Thread-13] DEBUG spoon.Launcher - [INFO] Downloaded from google-maven-central: https://maven-central.storage-download.googleapis.com/maven2/com/fasterxml/jackson/core/jackson-annotations/2.3.3/jackson-annotations-2.3.3.jar (37 kB at 507 kB/s)
17:37:35.040 [Thread-13] DEBUG spoon.Launcher - [INFO] Downloading from google-maven-central: https://maven-central.storage-download.googleapis.com/maven2/io/bdrc/mcouch-ektorp/1.0.0/mcouch-ektorp-1.0.0.jar
17:37:35.048 [Thread-13] DEBUG spoon.Launcher - [INFO] Downloaded from google-maven-central: https://maven-central.storage-download.googleapis.com/maven2/net/sourceforge/findbugs/annotations/1.3.2/annotations-1.3.2.jar (12 kB at 144 kB/s)
17:37:35.048 [Thread-13] DEBUG spoon.Launcher - [INFO] Downloading from google-maven-central: https://maven-central.storage-download.googleapis.com/maven2/io/bdrc/mcouch-core/1.0.0/mcouch-core-1.0.0.jar
17:37:35.056 [Thread-13] DEBUG spoon.Launcher - [INFO] Downloaded from google-maven-central: https://maven-central.storage-download.googleapis.com/maven2/com/fasterxml/jackson/core/jackson-core/2.3.3/jackson-core-2.3.3.jar (200 kB at 2.2 MB/s)
17:37:35.057 [Thread-13] DEBUG spoon.Launcher - [INFO] Downloading from google-maven-central: https://maven-central.storage-download.googleapis.com/maven2/org/codehaus/jackson/jackson-mapper-asl/1.9.13/jackson-mapper-asl-1.9.13.jar
17:37:35.076 [Thread-13] DEBUG spoon.Launcher - [INFO] Downloaded from google-maven-central: https://maven-central.storage-download.googleapis.com/maven2/io/bdrc/mcouch-ektorp/1.0.0/mcouch-ektorp-1.0.0.jar (2.4 kB at 22 kB/s)
17:37:35.076 [Thread-13] DEBUG spoon.Launcher - [INFO] Downloading from google-maven-central: https://maven-central.storage-download.googleapis.com/maven2/org/codehaus/jackson/jackson-core-asl/1.9.13/jackson-core-asl-1.9.13.jar
17:37:35.081 [Thread-13] DEBUG spoon.Launcher - [INFO] Downloaded from google-maven-central: https://maven-central.storage-download.googleapis.com/maven2/org/codehaus/jackson/jackson-mapper-asl/1.9.13/jackson-mapper-asl-1.9.13.jar (781 kB at 7.0 MB/s)
17:37:35.083 [Thread-13] DEBUG spoon.Launcher - [INFO] Downloading from google-maven-central: https://maven-central.storage-download.googleapis.com/maven2/org/mozilla/rhino/1.7.7.1/rhino-1.7.7.1.jar
17:37:35.087 [Thread-13] DEBUG spoon.Launcher - [INFO] Downloaded from google-maven-central: https://maven-central.storage-download.googleapis.com/maven2/org/codehaus/jackson/jackson-core-asl/1.9.13/jackson-core-asl-1.9.13.jar (232 kB at 2.0 MB/s)
17:37:35.087 [Thread-13] DEBUG spoon.Launcher - [INFO] Downloading from google-maven-central: https://maven-central.storage-download.googleapis.com/maven2/org/ektorp/org.ektorp.spring/1.4.4/org.ektorp.spring-1.4.4.jar
17:37:35.092 [Thread-13] DEBUG spoon.Launcher - [INFO] Downloaded from google-maven-central: https://maven-central.storage-download.googleapis.com/maven2/com/fasterxml/jackson/core/jackson-databind/2.3.3/jackson-databind-2.3.3.jar (915 kB at 7.4 MB/s)
17:37:35.094 [Thread-13] DEBUG spoon.Launcher - [INFO] Downloading from google-maven-central: https://maven-central.storage-download.googleapis.com/maven2/org/springframework/spring-context/3.1.1.RELEASE/spring-context-3.1.1.RELEASE.jar
17:37:35.122 [Thread-13] DEBUG spoon.Launcher - [INFO] Downloaded from google-maven-central: https://maven-central.storage-download.googleapis.com/maven2/org/mozilla/rhino/1.7.7.1/rhino-1.7.7.1.jar (1.3 MB at 8.2 MB/s)
17:37:35.122 [Thread-13] DEBUG spoon.Launcher - [INFO] Downloading from google-maven-central: https://maven-central.storage-download.googleapis.com/maven2/org/springframework/spring-aop/3.1.1.RELEASE/spring-aop-3.1.1.RELEASE.jar
17:37:35.124 [Thread-13] DEBUG spoon.Launcher - [INFO] Downloaded from google-maven-central: https://maven-central.storage-download.googleapis.com/maven2/org/ektorp/org.ektorp.spring/1.4.4/org.ektorp.spring-1.4.4.jar (16 kB at 100 kB/s)
17:37:35.124 [Thread-13] DEBUG spoon.Launcher - [INFO] Downloading from google-maven-central: https://maven-central.storage-download.googleapis.com/maven2/org/springframework/spring-beans/3.1.1.RELEASE/spring-beans-3.1.1.RELEASE.jar
17:37:35.127 [Thread-13] DEBUG spoon.Launcher - [INFO] Downloaded from google-maven-central: https://maven-central.storage-download.googleapis.com/maven2/org/apache/httpcomponents/httpclient/4.3/httpclient-4.3.jar (585 kB at 3.6 MB/s)
17:37:35.127 [Thread-13] DEBUG spoon.Launcher - [INFO] Downloading from google-maven-central: https://maven-central.storage-download.googleapis.com/maven2/org/springframework/spring-expression/3.1.1.RELEASE/spring-expression-3.1.1.RELEASE.jar
17:37:35.158 [Thread-13] DEBUG spoon.Launcher - [INFO] Downloaded from google-maven-central: https://maven-central.storage-download.googleapis.com/maven2/org/springframework/spring-expression/3.1.1.RELEASE/spring-expression-3.1.1.RELEASE.jar (176 kB at 928 kB/s)
17:37:35.158 [Thread-13] DEBUG spoon.Launcher - [INFO] Downloading from google-maven-central: https://maven-central.storage-download.googleapis.com/maven2/org/springframework/spring-asm/3.1.1.RELEASE/spring-asm-3.1.1.RELEASE.jar
17:37:35.235 [Thread-13] DEBUG spoon.Launcher - [INFO] Downloaded from google-maven-central: https://maven-central.storage-download.googleapis.com/maven2/org/springframework/spring-context/3.1.1.RELEASE/spring-context-3.1.1.RELEASE.jar (831 kB at 3.1 MB/s)
17:37:35.235 [Thread-13] DEBUG spoon.Launcher - [INFO] Downloaded from google-maven-central: https://maven-central.storage-download.googleapis.com/maven2/io/bdrc/mcouch-core/1.0.0/mcouch-core-1.0.0.jar (56 kB at 211 kB/s)
17:37:35.235 [Thread-13] DEBUG spoon.Launcher - [INFO] Downloading from google-maven-central: https://maven-central.storage-download.googleapis.com/maven2/org/springframework/spring-core/4.3.8.RELEASE/spring-core-4.3.8.RELEASE.jar
17:37:35.236 [Thread-13] DEBUG spoon.Launcher - [INFO] Downloading from google-maven-central: https://maven-central.storage-download.googleapis.com/maven2/org/aspectj/aspectjweaver/1.6.9/aspectjweaver-1.6.9.jar
17:37:35.238 [Thread-13] DEBUG spoon.Launcher - [INFO] Downloaded from google-maven-central: https://maven-central.storage-download.googleapis.com/maven2/org/springframework/spring-asm/3.1.1.RELEASE/spring-asm-3.1.1.RELEASE.jar (53 kB at 197 kB/s)
17:37:35.276 [Thread-13] DEBUG spoon.Launcher - [INFO] Downloaded from google-maven-central: https://maven-central.storage-download.googleapis.com/maven2/org/springframework/spring-core/4.3.8.RELEASE/spring-core-4.3.8.RELEASE.jar (1.1 MB at 3.7 MB/s)
17:37:35.306 [Thread-13] DEBUG spoon.Launcher - [INFO] Downloaded from google-maven-central: https://maven-central.storage-download.googleapis.com/maven2/org/springframework/spring-beans/3.1.1.RELEASE/spring-beans-3.1.1.RELEASE.jar (590 kB at 1.7 MB/s)
17:37:35.352 [Thread-13] DEBUG spoon.Launcher - [INFO] Downloaded from google-maven-central: https://maven-central.storage-download.googleapis.com/maven2/org/springframework/spring-aop/3.1.1.RELEASE/spring-aop-3.1.1.RELEASE.jar (331 kB at 865 kB/s)
17:37:35.482 [Thread-13] DEBUG spoon.Launcher - [INFO] Downloaded from google-maven-central: https://maven-central.storage-download.googleapis.com/maven2/org/aspectj/aspectjweaver/1.6.9/aspectjweaver-1.6.9.jar (1.7 MB at 3.2 MB/s)
17:37:35.501 [Thread-13] DEBUG spoon.Launcher - [INFO] 
17:37:35.501 [Thread-13] DEBUG spoon.Launcher - [INFO] --- maven-dependency-plugin:2.8:build-classpath (default-cli) @ pac4j-couch ---
17:37:35.504 [Thread-13] DEBUG spoon.Launcher - [INFO] Wrote classpath file '/home/travis/build/SpoonLabs/spoon-ci-external/spoon/src/test/resources/maven-launcher/pac4j/pac4j-couch/spoon.classpath.tmp'.
17:37:35.504 [Thread-13] DEBUG spoon.Launcher - [INFO] 
17:37:35.504 [Thread-13] DEBUG spoon.Launcher - [INFO] ----------------------< org.pac4j:pac4j-kerberos >----------------------
17:37:35.504 [Thread-13] DEBUG spoon.Launcher - [INFO] Building pac4j for Kerberos 3.0.0                                [16/16]
17:37:35.504 [Thread-13] DEBUG spoon.Launcher - [INFO] --------------------------------[ jar ]---------------------------------
17:37:35.515 [Thread-13] DEBUG spoon.Launcher - [INFO] Downloading from google-maven-central: https://maven-central.storage-download.googleapis.com/maven2/org/apache/kerby/kerby-kdc/1.0.0/kerby-kdc-1.0.0.pom
17:37:35.540 [Thread-13] DEBUG spoon.Launcher - [INFO] Downloaded from google-maven-central: https://maven-central.storage-download.googleapis.com/maven2/org/apache/kerby/kerby-kdc/1.0.0/kerby-kdc-1.0.0.pom (2.3 kB at 91 kB/s)
17:37:35.543 [Thread-13] DEBUG spoon.Launcher - [INFO] Downloading from google-maven-central: https://maven-central.storage-download.googleapis.com/maven2/org/apache/kerby/kerby-all/1.0.0/kerby-all-1.0.0.pom
17:37:35.564 [Thread-13] DEBUG spoon.Launcher - [INFO] Downloaded from google-maven-central: https://maven-central.storage-download.googleapis.com/maven2/org/apache/kerby/kerby-all/1.0.0/kerby-all-1.0.0.pom (15 kB at 713 kB/s)
17:37:35.568 [Thread-13] DEBUG spoon.Launcher - [INFO] Downloading from google-maven-central: https://maven-central.storage-download.googleapis.com/maven2/org/apache/kerby/kerb-server-api-all/1.0.0/kerb-server-api-all-1.0.0.pom
17:37:35.600 [Thread-13] DEBUG spoon.Launcher - [INFO] Downloaded from google-maven-central: https://maven-central.storage-download.googleapis.com/maven2/org/apache/kerby/kerb-server-api-all/1.0.0/kerb-server-api-all-1.0.0.pom (2.3 kB at 70 kB/s)
17:37:35.602 [Thread-13] DEBUG spoon.Launcher - [INFO] Downloading from google-maven-central: https://maven-central.storage-download.googleapis.com/maven2/org/apache/kerby/kerby-kerb/1.0.0/kerby-kerb-1.0.0.pom
17:37:35.626 [Thread-13] DEBUG spoon.Launcher - [INFO] Downloaded from google-maven-central: https://maven-central.storage-download.googleapis.com/maven2/org/apache/kerby/kerby-kerb/1.0.0/kerby-kerb-1.0.0.pom (1.7 kB at 72 kB/s)
17:37:35.632 [Thread-13] DEBUG spoon.Launcher - [INFO] Downloading from google-maven-central: https://maven-central.storage-download.googleapis.com/maven2/org/apache/kerby/kerb-admin/1.0.0/kerb-admin-1.0.0.pom
17:37:35.662 [Thread-13] DEBUG spoon.Launcher - [INFO] Downloaded from google-maven-central: https://maven-central.storage-download.googleapis.com/maven2/org/apache/kerby/kerb-admin/1.0.0/kerb-admin-1.0.0.pom (1.7 kB at 55 kB/s)
17:37:35.666 [Thread-13] DEBUG spoon.Launcher - [INFO] Downloading from google-maven-central: https://maven-central.storage-download.googleapis.com/maven2/org/apache/kerby/kerb-server/1.0.0/kerb-server-1.0.0.pom
17:37:35.690 [Thread-13] DEBUG spoon.Launcher - [INFO] Downloaded from google-maven-central: https://maven-central.storage-download.googleapis.com/maven2/org/apache/kerby/kerb-server/1.0.0/kerb-server-1.0.0.pom (1.7 kB at 70 kB/s)
17:37:35.696 [Thread-13] DEBUG spoon.Launcher - [INFO] Downloading from google-maven-central: https://maven-central.storage-download.googleapis.com/maven2/org/apache/kerby/kerb-common/1.0.0/kerb-common-1.0.0.pom
17:37:35.726 [Thread-13] DEBUG spoon.Launcher - [INFO] Downloaded from google-maven-central: https://maven-central.storage-download.googleapis.com/maven2/org/apache/kerby/kerb-common/1.0.0/kerb-common-1.0.0.pom (1.7 kB at 59 kB/s)
17:37:35.730 [Thread-13] DEBUG spoon.Launcher - [INFO] Downloading from google-maven-central: https://maven-central.storage-download.googleapis.com/maven2/org/apache/kerby/kerby-config/1.0.0/kerby-config-1.0.0.pom
17:37:35.766 [Thread-13] DEBUG spoon.Launcher - [INFO] Downloaded from google-maven-central: https://maven-central.storage-download.googleapis.com/maven2/org/apache/kerby/kerby-config/1.0.0/kerby-config-1.0.0.pom (1.5 kB at 42 kB/s)
17:37:35.774 [Thread-13] DEBUG spoon.Launcher - [INFO] Downloading from google-maven-central: https://maven-central.storage-download.googleapis.com/maven2/org/apache/kerby/kerby-common/1.0.0/kerby-common-1.0.0.pom
17:37:35.791 [Thread-13] DEBUG spoon.Launcher - [INFO] Downloaded from google-maven-central: https://maven-central.storage-download.googleapis.com/maven2/org/apache/kerby/kerby-common/1.0.0/kerby-common-1.0.0.pom (1.3 kB at 57 kB/s)
17:37:35.794 [Thread-13] DEBUG spoon.Launcher - [INFO] Downloading from google-maven-central: https://maven-central.storage-download.googleapis.com/maven2/org/apache/kerby/kerb-crypto/1.0.0/kerb-crypto-1.0.0.pom
17:37:35.818 [Thread-13] DEBUG spoon.Launcher - [INFO] Downloaded from google-maven-central: https://maven-central.storage-download.googleapis.com/maven2/org/apache/kerby/kerb-crypto/1.0.0/kerb-crypto-1.0.0.pom (1.5 kB at 71 kB/s)
17:37:35.821 [Thread-13] DEBUG spoon.Launcher - [INFO] Downloading from google-maven-central: https://maven-central.storage-download.googleapis.com/maven2/org/apache/kerby/kerby-util/1.0.0/kerby-util-1.0.0.pom
17:37:35.862 [Thread-13] DEBUG spoon.Launcher - [INFO] Downloaded from google-maven-central: https://maven-central.storage-download.googleapis.com/maven2/org/apache/kerby/kerby-util/1.0.0/kerby-util-1.0.0.pom (1.2 kB at 30 kB/s)
17:37:35.863 [Thread-13] DEBUG spoon.Launcher - [INFO] Downloading from google-maven-central: https://maven-central.storage-download.googleapis.com/maven2/org/apache/kerby/kerb-core/1.0.0/kerb-core-1.0.0.pom
17:37:35.884 [Thread-13] DEBUG spoon.Launcher - [INFO] Downloaded from google-maven-central: https://maven-central.storage-download.googleapis.com/maven2/org/apache/kerby/kerb-core/1.0.0/kerb-core-1.0.0.pom (1.3 kB at 60 kB/s)
17:37:35.887 [Thread-13] DEBUG spoon.Launcher - [INFO] Downloading from google-maven-central: https://maven-central.storage-download.googleapis.com/maven2/org/apache/kerby/kerby-pkix/1.0.0/kerby-pkix-1.0.0.pom
17:37:35.909 [Thread-13] DEBUG spoon.Launcher - [INFO] Downloaded from google-maven-central: https://maven-central.storage-download.googleapis.com/maven2/org/apache/kerby/kerby-pkix/1.0.0/kerby-pkix-1.0.0.pom (2.0 kB at 92 kB/s)
17:37:35.912 [Thread-13] DEBUG spoon.Launcher - [INFO] Downloading from google-maven-central: https://maven-central.storage-download.googleapis.com/maven2/org/apache/kerby/kerby-asn1/1.0.0/kerby-asn1-1.0.0.pom
17:37:35.938 [Thread-13] DEBUG spoon.Launcher - [INFO] Downloaded from google-maven-central: https://maven-central.storage-download.googleapis.com/maven2/org/apache/kerby/kerby-asn1/1.0.0/kerby-asn1-1.0.0.pom (1.1 kB at 43 kB/s)
17:37:35.941 [Thread-13] DEBUG spoon.Launcher - [INFO] Downloading from google-maven-central: https://maven-central.storage-download.googleapis.com/maven2/org/apache/kerby/kerb-identity/1.0.0/kerb-identity-1.0.0.pom
17:37:35.963 [Thread-13] DEBUG spoon.Launcher - [INFO] Downloaded from google-maven-central: https://maven-central.storage-download.googleapis.com/maven2/org/apache/kerby/kerb-identity/1.0.0/kerb-identity-1.0.0.pom (1.5 kB at 68 kB/s)
17:37:35.966 [Thread-13] DEBUG spoon.Launcher - [INFO] Downloading from google-maven-central: https://maven-central.storage-download.googleapis.com/maven2/org/apache/kerby/kerb-util/1.0.0/kerb-util-1.0.0.pom
17:37:35.989 [Thread-13] DEBUG spoon.Launcher - [INFO] Downloaded from google-maven-central: https://maven-central.storage-download.googleapis.com/maven2/org/apache/kerby/kerb-util/1.0.0/kerb-util-1.0.0.pom (1.8 kB at 80 kB/s)
17:37:35.992 [Thread-13] DEBUG spoon.Launcher - [INFO] Downloading from google-maven-central: https://maven-central.storage-download.googleapis.com/maven2/org/apache/kerby/kerby-xdr/1.0.0/kerby-xdr-1.0.0.pom
17:37:36.019 [Thread-13] DEBUG spoon.Launcher - [INFO] Downloaded from google-maven-central: https://maven-central.storage-download.googleapis.com/maven2/org/apache/kerby/kerby-xdr/1.0.0/kerby-xdr-1.0.0.pom (1.1 kB at 42 kB/s)
17:37:36.021 [Thread-13] DEBUG spoon.Launcher - [INFO] Downloading from google-maven-central: https://maven-central.storage-download.googleapis.com/maven2/io/netty/netty-transport/4.0.29.Final/netty-transport-4.0.29.Final.pom
17:37:36.052 [Thread-13] DEBUG spoon.Launcher - [INFO] Downloaded from google-maven-central: https://maven-central.storage-download.googleapis.com/maven2/io/netty/netty-transport/4.0.29.Final/netty-transport-4.0.29.Final.pom (1.4 kB at 46 kB/s)
17:37:36.056 [Thread-13] DEBUG spoon.Launcher - [INFO] Downloading from google-maven-central: https://maven-central.storage-download.googleapis.com/maven2/io/netty/netty-parent/4.0.29.Final/netty-parent-4.0.29.Final.pom
17:37:36.061 [Thread-13] DEBUG spoon.Launcher - [INFO] Downloaded from google-maven-central: https://maven-central.storage-download.googleapis.com/maven2/io/netty/netty-parent/4.0.29.Final/netty-parent-4.0.29.Final.pom (51 kB at 8.5 MB/s)
17:37:36.069 [Thread-13] DEBUG spoon.Launcher - [INFO] Downloading from google-maven-central: https://maven-central.storage-download.googleapis.com/maven2/io/netty/netty-buffer/4.0.29.Final/netty-buffer-4.0.29.Final.pom
17:37:36.097 [Thread-13] DEBUG spoon.Launcher - [INFO] Downloaded from google-maven-central: https://maven-central.storage-download.googleapis.com/maven2/io/netty/netty-buffer/4.0.29.Final/netty-buffer-4.0.29.Final.pom (1.4 kB at 51 kB/s)
17:37:36.103 [Thread-13] DEBUG spoon.Launcher - [INFO] Downloading from google-maven-central: https://maven-central.storage-download.googleapis.com/maven2/io/netty/netty-common/4.0.29.Final/netty-common-4.0.29.Final.pom
17:37:36.133 [Thread-13] DEBUG spoon.Launcher - [INFO] Downloaded from google-maven-central: https://maven-central.storage-download.googleapis.com/maven2/io/netty/netty-common/4.0.29.Final/netty-common-4.0.29.Final.pom (2.0 kB at 69 kB/s)
17:37:36.144 [Thread-13] DEBUG spoon.Launcher - [INFO] Downloading from google-maven-central: https://maven-central.storage-download.googleapis.com/maven2/io/netty/netty-handler/4.0.29.Final/netty-handler-4.0.29.Final.pom
17:37:36.172 [Thread-13] DEBUG spoon.Launcher - [INFO] Downloaded from google-maven-central: https://maven-central.storage-download.googleapis.com/maven2/io/netty/netty-handler/4.0.29.Final/netty-handler-4.0.29.Final.pom (2.8 kB at 95 kB/s)
17:37:36.179 [Thread-13] DEBUG spoon.Launcher - [INFO] Downloading from google-maven-central: https://maven-central.storage-download.googleapis.com/maven2/io/netty/netty-codec/4.0.29.Final/netty-codec-4.0.29.Final.pom
17:37:36.209 [Thread-13] DEBUG spoon.Launcher - [INFO] Downloaded from google-maven-central: https://maven-central.storage-download.googleapis.com/maven2/io/netty/netty-codec/4.0.29.Final/netty-codec-4.0.29.Final.pom (2.2 kB at 75 kB/s)
17:37:36.215 [Thread-13] DEBUG spoon.Launcher - [INFO] Downloading from google-maven-central: https://maven-central.storage-download.googleapis.com/maven2/org/apache/kerby/kerb-simplekdc/1.0.0/kerb-simplekdc-1.0.0.pom
17:37:36.244 [Thread-13] DEBUG spoon.Launcher - [INFO] Downloaded from google-maven-central: https://maven-central.storage-download.googleapis.com/maven2/org/apache/kerby/kerb-simplekdc/1.0.0/kerb-simplekdc-1.0.0.pom (1.5 kB at 50 kB/s)
17:37:36.249 [Thread-13] DEBUG spoon.Launcher - [INFO] Downloading from google-maven-central: https://maven-central.storage-download.googleapis.com/maven2/org/apache/kerby/kerb-client/1.0.0/kerb-client-1.0.0.pom
17:37:36.276 [Thread-13] DEBUG spoon.Launcher - [INFO] Downloaded from google-maven-central: https://maven-central.storage-download.googleapis.com/maven2/org/apache/kerby/kerb-client/1.0.0/kerb-client-1.0.0.pom (2.0 kB at 74 kB/s)
17:37:36.281 [Thread-13] DEBUG spoon.Launcher - [INFO] Downloading from google-maven-central: https://maven-central.storage-download.googleapis.com/maven2/org/apache/kerby/token-provider/1.0.0/token-provider-1.0.0.pom
17:37:36.305 [Thread-13] DEBUG spoon.Launcher - [INFO] Downloaded from google-maven-central: https://maven-central.storage-download.googleapis.com/maven2/org/apache/kerby/token-provider/1.0.0/token-provider-1.0.0.pom (1.5 kB at 62 kB/s)
17:37:36.310 [Thread-13] DEBUG spoon.Launcher - [INFO] Downloading from google-maven-central: https://maven-central.storage-download.googleapis.com/maven2/org/apache/kerby/kerby-provider/1.0.0/kerby-provider-1.0.0.pom
17:37:36.335 [Thread-13] DEBUG spoon.Launcher - [INFO] Downloaded from google-maven-central: https://maven-central.storage-download.googleapis.com/maven2/org/apache/kerby/kerby-provider/1.0.0/kerby-provider-1.0.0.pom (1.2 kB at 47 kB/s)
17:37:36.344 [Thread-13] DEBUG spoon.Launcher - [INFO] Downloading from apache.snapshots: https://repository.apache.org/content/repositories/snapshots/net/minidev/json-smart/maven-metadata.xml
17:37:36.714 [Thread-13] DEBUG spoon.Launcher - [INFO] Downloading from google-maven-central: https://maven-central.storage-download.googleapis.com/maven2/org/apache/kerby/integration-test/1.0.0/integration-test-1.0.0.pom
17:37:36.735 [Thread-13] DEBUG spoon.Launcher - [INFO] Downloaded from google-maven-central: https://maven-central.storage-download.googleapis.com/maven2/org/apache/kerby/integration-test/1.0.0/integration-test-1.0.0.pom (2.1 kB at 99 kB/s)
17:37:36.738 [Thread-13] DEBUG spoon.Launcher - [INFO] Downloading from google-maven-central: https://maven-central.storage-download.googleapis.com/maven2/org/apache/kerby/kerb-kdc-test/1.0.0/kerb-kdc-test-1.0.0.pom
17:37:36.766 [Thread-13] DEBUG spoon.Launcher - [INFO] Downloaded from google-maven-central: https://maven-central.storage-download.googleapis.com/maven2/org/apache/kerby/kerb-kdc-test/1.0.0/kerb-kdc-test-1.0.0.pom (2.8 kB at 98 kB/s)
17:37:36.775 [Thread-13] DEBUG spoon.Launcher - [INFO] Downloading from google-maven-central: https://maven-central.storage-download.googleapis.com/maven2/org/apache/kerby/kerb-server-api-all/1.0.0/kerb-server-api-all-1.0.0.jar
17:37:36.775 [Thread-13] DEBUG spoon.Launcher - [INFO] Downloading from google-maven-central: https://maven-central.storage-download.googleapis.com/maven2/io/netty/netty-common/4.0.29.Final/netty-common-4.0.29.Final.jar
17:37:36.775 [Thread-13] DEBUG spoon.Launcher - [INFO] Downloading from google-maven-central: https://maven-central.storage-download.googleapis.com/maven2/io/netty/netty-handler/4.0.29.Final/netty-handler-4.0.29.Final.jar
17:37:36.777 [Thread-13] DEBUG spoon.Launcher - [INFO] Downloading from google-maven-central: https://maven-central.storage-download.googleapis.com/maven2/io/netty/netty-transport/4.0.29.Final/netty-transport-4.0.29.Final.jar
17:37:36.782 [Thread-13] DEBUG spoon.Launcher - [INFO] Downloading from google-maven-central: https://maven-central.storage-download.googleapis.com/maven2/org/apache/kerby/kerby-kdc/1.0.0/kerby-kdc-1.0.0.jar
17:37:36.802 [Thread-13] DEBUG spoon.Launcher - [INFO] Downloaded from google-maven-central: https://maven-central.storage-download.googleapis.com/maven2/org/apache/kerby/kerby-kdc/1.0.0/kerby-kdc-1.0.0.jar (19 kB at 678 kB/s)
17:37:36.802 [Thread-13] DEBUG spoon.Launcher - [INFO] Downloading from google-maven-central: https://maven-central.storage-download.googleapis.com/maven2/io/netty/netty-codec/4.0.29.Final/netty-codec-4.0.29.Final.jar
17:37:36.813 [Thread-13] DEBUG spoon.Launcher - [INFO] Downloaded from google-maven-central: https://maven-central.storage-download.googleapis.com/maven2/org/apache/kerby/kerb-server-api-all/1.0.0/kerb-server-api-all-1.0.0.jar (7.4 kB at 184 kB/s)
17:37:36.814 [Thread-13] DEBUG spoon.Launcher - [INFO] Downloading from google-maven-central: https://maven-central.storage-download.googleapis.com/maven2/io/netty/netty-buffer/4.0.29.Final/netty-buffer-4.0.29.Final.jar
17:37:36.846 [Thread-13] DEBUG spoon.Launcher - [INFO] Downloaded from google-maven-central: https://maven-central.storage-download.googleapis.com/maven2/io/netty/netty-buffer/4.0.29.Final/netty-buffer-4.0.29.Final.jar (184 kB at 2.6 MB/s)
17:37:36.846 [Thread-13] DEBUG spoon.Launcher - [INFO] Downloading from google-maven-central: https://maven-central.storage-download.googleapis.com/maven2/org/apache/kerby/kerb-simplekdc/1.0.0/kerb-simplekdc-1.0.0.jar
17:37:36.878 [Thread-13] DEBUG spoon.Launcher - [INFO] Downloaded from google-maven-central: https://maven-central.storage-download.googleapis.com/maven2/org/apache/kerby/kerb-simplekdc/1.0.0/kerb-simplekdc-1.0.0.jar (20 kB at 195 kB/s)
17:37:36.878 [Thread-13] DEBUG spoon.Launcher - [INFO] Downloading from google-maven-central: https://maven-central.storage-download.googleapis.com/maven2/org/apache/kerby/kerb-admin/1.0.0/kerb-admin-1.0.0.jar
17:37:36.912 [Thread-13] DEBUG spoon.Launcher - [INFO] Downloaded from google-maven-central: https://maven-central.storage-download.googleapis.com/maven2/org/apache/kerby/kerb-admin/1.0.0/kerb-admin-1.0.0.jar (81 kB at 587 kB/s)
17:37:36.912 [Thread-13] DEBUG spoon.Launcher - [INFO] Downloading from google-maven-central: https://maven-central.storage-download.googleapis.com/maven2/org/apache/kerby/kerb-server/1.0.0/kerb-server-1.0.0.jar
17:37:36.918 [Thread-13] DEBUG spoon.Launcher - [INFO] Downloaded from google-maven-central: https://maven-central.storage-download.googleapis.com/maven2/io/netty/netty-codec/4.0.29.Final/netty-codec-4.0.29.Final.jar (146 kB at 1.0 MB/s)
17:37:36.919 [Thread-13] DEBUG spoon.Launcher - [INFO] Downloading from google-maven-central: https://maven-central.storage-download.googleapis.com/maven2/org/apache/kerby/kerb-identity/1.0.0/kerb-identity-1.0.0.jar
17:37:36.943 [Thread-13] DEBUG spoon.Launcher - [INFO] Downloaded from google-maven-central: https://maven-central.storage-download.googleapis.com/maven2/org/apache/kerby/kerb-server/1.0.0/kerb-server-1.0.0.jar (82 kB at 483 kB/s)
17:37:36.943 [Thread-13] DEBUG spoon.Launcher - [INFO] Downloading from google-maven-central: https://maven-central.storage-download.googleapis.com/maven2/org/apache/kerby/kerby-xdr/1.0.0/kerby-xdr-1.0.0.jar
17:37:36.955 [Thread-13] DEBUG spoon.Launcher - [INFO] Downloaded from google-maven-central: https://maven-central.storage-download.googleapis.com/maven2/io/netty/netty-handler/4.0.29.Final/netty-handler-4.0.29.Final.jar (248 kB at 1.4 MB/s)
17:37:36.955 [Thread-13] DEBUG spoon.Launcher - [INFO] Downloading from google-maven-central: https://maven-central.storage-download.googleapis.com/maven2/org/apache/kerby/kerb-client/1.0.0/kerb-client-1.0.0.jar
17:37:36.967 [Thread-13] DEBUG spoon.Launcher - [INFO] Downloaded from google-maven-central: https://maven-central.storage-download.googleapis.com/maven2/org/apache/kerby/kerby-xdr/1.0.0/kerby-xdr-1.0.0.jar (29 kB at 151 kB/s)
17:37:36.968 [Thread-13] DEBUG spoon.Launcher - [INFO] Downloading from google-maven-central: https://maven-central.storage-download.googleapis.com/maven2/org/apache/kerby/kerby-config/1.0.0/kerby-config-1.0.0.jar
17:37:36.980 [Thread-13] DEBUG spoon.Launcher - [INFO] Downloaded from google-maven-central: https://maven-central.storage-download.googleapis.com/maven2/io/netty/netty-transport/4.0.29.Final/netty-transport-4.0.29.Final.jar (343 kB at 1.7 MB/s)
17:37:36.980 [Thread-13] DEBUG spoon.Launcher - [INFO] Downloading from google-maven-central: https://maven-central.storage-download.googleapis.com/maven2/org/apache/kerby/kerb-core/1.0.0/kerb-core-1.0.0.jar
17:37:36.981 [Thread-13] DEBUG spoon.Launcher - [INFO] Downloaded from google-maven-central: https://maven-central.storage-download.googleapis.com/maven2/org/apache/kerby/kerb-identity/1.0.0/kerb-identity-1.0.0.jar (19 kB at 93 kB/s)
17:37:36.982 [Thread-13] DEBUG spoon.Launcher - [INFO] Downloading from google-maven-central: https://maven-central.storage-download.googleapis.com/maven2/org/apache/kerby/kerby-pkix/1.0.0/kerby-pkix-1.0.0.jar
17:37:36.984 [Thread-13] DEBUG spoon.Launcher - [INFO] Downloaded from google-maven-central: https://maven-central.storage-download.googleapis.com/maven2/org/apache/kerby/kerb-client/1.0.0/kerb-client-1.0.0.jar (99 kB at 472 kB/s)
17:37:36.985 [Thread-13] DEBUG spoon.Launcher - [INFO] Downloading from google-maven-central: https://maven-central.storage-download.googleapis.com/maven2/org/apache/kerby/kerby-asn1/1.0.0/kerby-asn1-1.0.0.jar
17:37:37.001 [Thread-13] DEBUG spoon.Launcher - [INFO] Downloaded from google-maven-central: https://maven-central.storage-download.googleapis.com/maven2/org/apache/kerby/kerby-config/1.0.0/kerby-config-1.0.0.jar (31 kB at 135 kB/s)
17:37:37.001 [Thread-13] DEBUG spoon.Launcher - [INFO] Downloading from google-maven-central: https://maven-central.storage-download.googleapis.com/maven2/org/apache/kerby/kerby-util/1.0.0/kerby-util-1.0.0.jar
17:37:37.004 [Thread-13] DEBUG spoon.Launcher - [INFO] Downloaded from google-maven-central: https://maven-central.storage-download.googleapis.com/maven2/io/netty/netty-common/4.0.29.Final/netty-common-4.0.29.Final.jar (439 kB at 1.9 MB/s)
17:37:37.004 [Thread-13] DEBUG spoon.Launcher - [INFO] Downloading from google-maven-central: https://maven-central.storage-download.googleapis.com/maven2/org/apache/kerby/kerb-common/1.0.0/kerb-common-1.0.0.jar
17:37:37.012 [Thread-13] DEBUG spoon.Launcher - [INFO] Downloaded from google-maven-central: https://maven-central.storage-download.googleapis.com/maven2/org/apache/kerby/kerby-asn1/1.0.0/kerby-asn1-1.0.0.jar (102 kB at 429 kB/s)
17:37:37.014 [Thread-13] DEBUG spoon.Launcher - [INFO] Downloading from google-maven-central: https://maven-central.storage-download.googleapis.com/maven2/org/apache/kerby/kerb-crypto/1.0.0/kerb-crypto-1.0.0.jar
17:37:37.024 [Thread-13] DEBUG spoon.Launcher - [INFO] Downloaded from google-maven-central: https://maven-central.storage-download.googleapis.com/maven2/org/apache/kerby/kerby-pkix/1.0.0/kerby-pkix-1.0.0.jar (205 kB at 819 kB/s)
17:37:37.025 [Thread-13] DEBUG spoon.Launcher - [INFO] Downloading from google-maven-central: https://maven-central.storage-download.googleapis.com/maven2/org/apache/kerby/kerb-util/1.0.0/kerb-util-1.0.0.jar
17:37:37.044 [Thread-13] DEBUG spoon.Launcher - [INFO] Downloaded from google-maven-central: https://maven-central.storage-download.googleapis.com/maven2/org/apache/kerby/kerb-core/1.0.0/kerb-core-1.0.0.jar (225 kB at 834 kB/s)
17:37:37.044 [Thread-13] DEBUG spoon.Launcher - [INFO] Downloading from google-maven-central: https://maven-central.storage-download.googleapis.com/maven2/org/apache/kerby/token-provider/1.0.0/token-provider-1.0.0.jar
17:37:37.052 [Thread-13] DEBUG spoon.Launcher - [INFO] Downloaded from google-maven-central: https://maven-central.storage-download.googleapis.com/maven2/org/apache/kerby/kerb-util/1.0.0/kerb-util-1.0.0.jar (37 kB at 132 kB/s)
17:37:37.052 [Thread-13] DEBUG spoon.Launcher - [INFO] Downloading from google-maven-central: https://maven-central.storage-download.googleapis.com/maven2/org/apache/kerby/integration-test/1.0.0/integration-test-1.0.0.jar
17:37:37.159 [Thread-13] DEBUG spoon.Launcher - [INFO] Downloaded from google-maven-central: https://maven-central.storage-download.googleapis.com/maven2/org/apache/kerby/kerby-util/1.0.0/kerby-util-1.0.0.jar (40 kB at 104 kB/s)
17:37:37.160 [Thread-13] DEBUG spoon.Launcher - [INFO] Downloading from google-maven-central: https://maven-central.storage-download.googleapis.com/maven2/org/apache/kerby/kerb-kdc-test/1.0.0/kerb-kdc-test-1.0.0.jar
17:37:37.165 [Thread-13] DEBUG spoon.Launcher - [INFO] Downloaded from google-maven-central: https://maven-central.storage-download.googleapis.com/maven2/org/apache/kerby/kerb-common/1.0.0/kerb-common-1.0.0.jar (65 kB at 167 kB/s)
17:37:37.169 [Thread-13] DEBUG spoon.Launcher - [INFO] Downloaded from google-maven-central: https://maven-central.storage-download.googleapis.com/maven2/org/apache/kerby/token-provider/1.0.0/token-provider-1.0.0.jar (19 kB at 48 kB/s)
17:37:37.172 [Thread-13] DEBUG spoon.Launcher - [INFO] Downloaded from google-maven-central: https://maven-central.storage-download.googleapis.com/maven2/org/apache/kerby/integration-test/1.0.0/integration-test-1.0.0.jar (37 kB at 92 kB/s)
17:37:37.237 [Thread-13] DEBUG spoon.Launcher - [INFO] Downloaded from google-maven-central: https://maven-central.storage-download.googleapis.com/maven2/org/apache/kerby/kerb-crypto/1.0.0/kerb-crypto-1.0.0.jar (116 kB at 251 kB/s)
17:37:37.291 [Thread-13] DEBUG spoon.Launcher - [INFO] Downloaded from google-maven-central: https://maven-central.storage-download.googleapis.com/maven2/org/apache/kerby/kerb-kdc-test/1.0.0/kerb-kdc-test-1.0.0.jar (7.3 kB at 14 kB/s)
17:37:37.300 [Thread-13] DEBUG spoon.Launcher - [INFO] 
17:37:37.300 [Thread-13] DEBUG spoon.Launcher - [INFO] --- maven-dependency-plugin:2.8:build-classpath (default-cli) @ pac4j-kerberos ---
17:37:37.302 [Thread-13] DEBUG spoon.Launcher - [INFO] Wrote classpath file '/home/travis/build/SpoonLabs/spoon-ci-external/spoon/src/test/resources/maven-launcher/pac4j/pac4j-kerberos/spoon.classpath.tmp'.
17:37:37.303 [Thread-13] DEBUG spoon.Launcher - [INFO] ------------------------------------------------------------------------
17:37:37.303 [Thread-13] DEBUG spoon.Launcher - [INFO] Reactor Summary for pac4j 3.0.0:
17:37:37.303 [Thread-13] DEBUG spoon.Launcher - [INFO] 
17:37:37.305 [Thread-13] DEBUG spoon.Launcher - [INFO] pac4j .............................................. SUCCESS [  0.548 s]
17:37:37.305 [Thread-13] DEBUG spoon.Launcher - [INFO] pac4j core ......................................... SUCCESS [  2.424 s]
17:37:37.305 [Thread-13] DEBUG spoon.Launcher - [INFO] pac4j for CAS protocol ............................. SUCCESS [  0.286 s]
17:37:37.305 [Thread-13] DEBUG spoon.Launcher - [INFO] pac4j for SAML protocol ............................ SUCCESS [  1.461 s]
17:37:37.305 [Thread-13] DEBUG spoon.Launcher - [INFO] pac4j for OAuth protocol ........................... SUCCESS [  0.795 s]
17:37:37.305 [Thread-13] DEBUG spoon.Launcher - [INFO] pac4j for OpenID Connect protocol .................. SUCCESS [  1.445 s]
17:37:37.305 [Thread-13] DEBUG spoon.Launcher - [INFO] pac4j for LDAP ..................................... SUCCESS [  0.757 s]
17:37:37.305 [Thread-13] DEBUG spoon.Launcher - [INFO] pac4j for HTTP protocol ............................ SUCCESS [  0.091 s]
17:37:37.305 [Thread-13] DEBUG spoon.Launcher - [INFO] pac4j for relational DB ............................ SUCCESS [  0.598 s]
17:37:37.305 [Thread-13] DEBUG spoon.Launcher - [INFO] pac4j configuration ................................ SUCCESS [  0.025 s]
17:37:37.305 [Thread-13] DEBUG spoon.Launcher - [INFO] pac4j for OpenId protocol .......................... SUCCESS [  0.788 s]
17:37:37.305 [Thread-13] DEBUG spoon.Launcher - [INFO] pac4j for GAE UserService mechanism ................ SUCCESS [  2.715 s]
17:37:37.305 [Thread-13] DEBUG spoon.Launcher - [INFO] pac4j for JWT ...................................... SUCCESS [  0.104 s]
17:37:37.305 [Thread-13] DEBUG spoon.Launcher - [INFO] pac4j for MongoDB .................................. SUCCESS [  0.617 s]
17:37:37.305 [Thread-13] DEBUG spoon.Launcher - [INFO] pac4j for CouchDB .................................. SUCCESS [  4.555 s]
17:37:37.305 [Thread-13] DEBUG spoon.Launcher - [INFO] pac4j for Kerberos ................................. SUCCESS [  1.798 s]
17:37:37.305 [Thread-13] DEBUG spoon.Launcher - [INFO] ------------------------------------------------------------------------
17:37:37.305 [Thread-13] DEBUG spoon.Launcher - [INFO] BUILD SUCCESS
17:37:37.305 [Thread-13] DEBUG spoon.Launcher - [INFO] ------------------------------------------------------------------------
17:37:37.305 [Thread-13] DEBUG spoon.Launcher - [INFO] Total time:  20.325 s
17:37:37.306 [Thread-13] DEBUG spoon.Launcher - [INFO] Finished at: 2020-11-17T17:37:37Z
17:37:37.306 [Thread-13] DEBUG spoon.Launcher - [INFO] ------------------------------------------------------------------------
]]></system-out>
  </testcase>
  <testcase name="mavenLauncherOnANotExistingFileTest" classname="spoon.MavenLauncherTest" time="0.012">
    <system-out><![CDATA[17:37:37.342 [main] INFO spoon.Launcher - Running in NOCLASSPATH mode (doc: http://spoon.gforge.inria.fr/launcher.html).
]]></system-out>
  </testcase>
  <testcase name="spoonMavenLauncherTest" classname="spoon.MavenLauncherTest" time="15.325">
    <system-out><![CDATA[17:37:37.353 [main] INFO spoon.Launcher - Running in NOCLASSPATH mode (doc: http://spoon.gforge.inria.fr/launcher.html).
17:37:38.888 [Thread-16] DEBUG spoon.Launcher - [INFO] Scanning for projects...
17:37:39.937 [Thread-16] DEBUG spoon.Launcher - [INFO] Inspecting build with total of 1 modules...
17:37:39.938 [Thread-16] DEBUG spoon.Launcher - [INFO] Installing Nexus Staging features:
17:37:39.942 [Thread-16] DEBUG spoon.Launcher - [INFO]   ... total of 1 executions of maven-deploy-plugin replaced with nexus-staging-maven-plugin
17:37:40.297 [Thread-16] DEBUG spoon.Launcher - [INFO] Downloading from google-maven-central: https://maven-central.storage-download.googleapis.com/maven2/org/apache/maven/plugins/maven-deploy-plugin/2.8.2/maven-deploy-plugin-2.8.2.pom
17:37:40.764 [Thread-16] DEBUG spoon.Launcher - [INFO] Downloaded from google-maven-central: https://maven-central.storage-download.googleapis.com/maven2/org/apache/maven/plugins/maven-deploy-plugin/2.8.2/maven-deploy-plugin-2.8.2.pom (7.1 kB at 15 kB/s)
17:37:40.800 [Thread-16] DEBUG spoon.Launcher - [INFO] Downloading from google-maven-central: https://maven-central.storage-download.googleapis.com/maven2/org/apache/maven/plugins/maven-deploy-plugin/2.8.2/maven-deploy-plugin-2.8.2.jar
17:37:40.829 [Thread-16] DEBUG spoon.Launcher - [INFO] Downloaded from google-maven-central: https://maven-central.storage-download.googleapis.com/maven2/org/apache/maven/plugins/maven-deploy-plugin/2.8.2/maven-deploy-plugin-2.8.2.jar (34 kB at 1.2 MB/s)
17:37:40.905 [Thread-16] DEBUG spoon.Launcher - [INFO] 
17:37:40.906 [Thread-16] DEBUG spoon.Launcher - [INFO] ------------------< fr.inria.gforge.spoon:spoon-core >------------------
17:37:40.906 [Thread-16] DEBUG spoon.Launcher - [INFO] Building Spoon Core 8.4.0-SNAPSHOT
17:37:40.907 [Thread-16] DEBUG spoon.Launcher - [INFO] --------------------------------[ jar ]---------------------------------
17:37:41.136 [Thread-16] DEBUG spoon.Launcher - [INFO] Downloading from sonatype: https://oss.sonatype.org/content/repositories/releases/junit/junit-dep/maven-metadata.xml
17:37:41.141 [Thread-16] DEBUG spoon.Launcher - [INFO] Downloading from sonatype-apache: https://repository.apache.org/content/repositories/releases/junit/junit-dep/maven-metadata.xml
17:37:41.144 [Thread-16] DEBUG spoon.Launcher - [INFO] Downloading from apache-snapshots: https://repository.apache.org/snapshots/junit/junit-dep/maven-metadata.xml
17:37:41.448 [Thread-16] DEBUG spoon.Launcher - [INFO] Downloaded from sonatype: https://oss.sonatype.org/content/repositories/releases/junit/junit-dep/maven-metadata.xml (563 B at 1.8 kB/s)
17:37:41.645 [Thread-16] DEBUG spoon.Launcher - [INFO] 
17:37:41.645 [Thread-16] DEBUG spoon.Launcher - [INFO] --- maven-dependency-plugin:3.1.2:build-classpath (default-cli) @ spoon-core ---
17:37:41.663 [Thread-16] DEBUG spoon.Launcher - [INFO] Downloading from google-maven-central: https://maven-central.storage-download.googleapis.com/maven2/org/codehaus/plexus/plexus-component-annotations/2.0.0/plexus-component-annotations-2.0.0.pom
17:37:41.673 [Thread-16] DEBUG spoon.Launcher - [INFO] Downloaded from google-maven-central: https://maven-central.storage-download.googleapis.com/maven2/org/codehaus/plexus/plexus-component-annotations/2.0.0/plexus-component-annotations-2.0.0.pom (750 B at 83 kB/s)
17:37:41.677 [Thread-16] DEBUG spoon.Launcher - [INFO] Downloading from google-maven-central: https://maven-central.storage-download.googleapis.com/maven2/org/codehaus/plexus/plexus-containers/2.0.0/plexus-containers-2.0.0.pom
17:37:41.694 [Thread-16] DEBUG spoon.Launcher - [INFO] Downloaded from google-maven-central: https://maven-central.storage-download.googleapis.com/maven2/org/codehaus/plexus/plexus-containers/2.0.0/plexus-containers-2.0.0.pom (4.8 kB at 300 kB/s)
17:37:41.754 [Thread-16] DEBUG spoon.Launcher - [INFO] Downloading from google-maven-central: https://maven-central.storage-download.googleapis.com/maven2/org/apache/maven/reporting/maven-reporting-impl/3.0.0/maven-reporting-impl-3.0.0.pom
17:37:41.770 [Thread-16] DEBUG spoon.Launcher - [INFO] Downloaded from google-maven-central: https://maven-central.storage-download.googleapis.com/maven2/org/apache/maven/reporting/maven-reporting-impl/3.0.0/maven-reporting-impl-3.0.0.pom (7.6 kB at 448 kB/s)
17:37:41.791 [Thread-16] DEBUG spoon.Launcher - [INFO] Downloading from google-maven-central: https://maven-central.storage-download.googleapis.com/maven2/org/apache/maven/shared/maven-shared-utils/3.2.0/maven-shared-utils-3.2.0.pom
17:37:41.802 [Thread-16] DEBUG spoon.Launcher - [INFO] Downloaded from google-maven-central: https://maven-central.storage-download.googleapis.com/maven2/org/apache/maven/shared/maven-shared-utils/3.2.0/maven-shared-utils-3.2.0.pom (4.9 kB at 377 kB/s)
17:37:41.810 [Thread-16] DEBUG spoon.Launcher - [INFO] Downloading from google-maven-central: https://maven-central.storage-download.googleapis.com/maven2/org/apache/maven/doxia/doxia-sink-api/1.7/doxia-sink-api-1.7.pom
17:37:41.824 [Thread-16] DEBUG spoon.Launcher - [INFO] Downloaded from google-maven-central: https://maven-central.storage-download.googleapis.com/maven2/org/apache/maven/doxia/doxia-sink-api/1.7/doxia-sink-api-1.7.pom (1.5 kB at 109 kB/s)
17:37:41.828 [Thread-16] DEBUG spoon.Launcher - [INFO] Downloading from google-maven-central: https://maven-central.storage-download.googleapis.com/maven2/org/apache/maven/doxia/doxia/1.7/doxia-1.7.pom
17:37:41.840 [Thread-16] DEBUG spoon.Launcher - [INFO] Downloaded from google-maven-central: https://maven-central.storage-download.googleapis.com/maven2/org/apache/maven/doxia/doxia/1.7/doxia-1.7.pom (15 kB at 1.1 MB/s)
17:37:41.846 [Thread-16] DEBUG spoon.Launcher - [INFO] Downloading from google-maven-central: https://maven-central.storage-download.googleapis.com/maven2/org/apache/maven/doxia/doxia-logging-api/1.7/doxia-logging-api-1.7.pom
17:37:41.854 [Thread-16] DEBUG spoon.Launcher - [INFO] Downloaded from google-maven-central: https://maven-central.storage-download.googleapis.com/maven2/org/apache/maven/doxia/doxia-logging-api/1.7/doxia-logging-api-1.7.pom (1.5 kB at 219 kB/s)
17:37:41.864 [Thread-16] DEBUG spoon.Launcher - [INFO] Downloading from google-maven-central: https://maven-central.storage-download.googleapis.com/maven2/org/apache/maven/doxia/doxia-decoration-model/1.7.4/doxia-decoration-model-1.7.4.pom
17:37:41.881 [Thread-16] DEBUG spoon.Launcher - [INFO] Downloaded from google-maven-central: https://maven-central.storage-download.googleapis.com/maven2/org/apache/maven/doxia/doxia-decoration-model/1.7.4/doxia-decoration-model-1.7.4.pom (3.4 kB at 200 kB/s)
17:37:41.886 [Thread-16] DEBUG spoon.Launcher - [INFO] Downloading from google-maven-central: https://maven-central.storage-download.googleapis.com/maven2/org/apache/maven/doxia/doxia-sitetools/1.7.4/doxia-sitetools-1.7.4.pom
17:37:41.897 [Thread-16] DEBUG spoon.Launcher - [INFO] Downloaded from google-maven-central: https://maven-central.storage-download.googleapis.com/maven2/org/apache/maven/doxia/doxia-sitetools/1.7.4/doxia-sitetools-1.7.4.pom (14 kB at 1.2 MB/s)
17:37:41.903 [Thread-16] DEBUG spoon.Launcher - [INFO] Downloading from google-maven-central: https://maven-central.storage-download.googleapis.com/maven2/org/apache/maven/doxia/doxia-core/1.7/doxia-core-1.7.pom
17:37:41.921 [Thread-16] DEBUG spoon.Launcher - [INFO] Downloaded from google-maven-central: https://maven-central.storage-download.googleapis.com/maven2/org/apache/maven/doxia/doxia-core/1.7/doxia-core-1.7.pom (4.1 kB at 226 kB/s)
17:37:41.929 [Thread-16] DEBUG spoon.Launcher - [INFO] Downloading from google-maven-central: https://maven-central.storage-download.googleapis.com/maven2/org/apache/httpcomponents/httpclient/4.0.2/httpclient-4.0.2.pom
17:37:41.939 [Thread-16] DEBUG spoon.Launcher - [INFO] Downloaded from google-maven-central: https://maven-central.storage-download.googleapis.com/maven2/org/apache/httpcomponents/httpclient/4.0.2/httpclient-4.0.2.pom (7.5 kB at 750 kB/s)
17:37:41.944 [Thread-16] DEBUG spoon.Launcher - [INFO] Downloading from google-maven-central: https://maven-central.storage-download.googleapis.com/maven2/org/apache/httpcomponents/httpcomponents-client/4.0.2/httpcomponents-client-4.0.2.pom
17:37:41.959 [Thread-16] DEBUG spoon.Launcher - [INFO] Downloaded from google-maven-central: https://maven-central.storage-download.googleapis.com/maven2/org/apache/httpcomponents/httpcomponents-client/4.0.2/httpcomponents-client-4.0.2.pom (9.0 kB at 560 kB/s)
17:37:41.962 [Thread-16] DEBUG spoon.Launcher - [INFO] Downloading from google-maven-central: https://maven-central.storage-download.googleapis.com/maven2/org/apache/httpcomponents/project/4.1/project-4.1.pom
17:37:41.979 [Thread-16] DEBUG spoon.Launcher - [INFO] Downloaded from google-maven-central: https://maven-central.storage-download.googleapis.com/maven2/org/apache/httpcomponents/project/4.1/project-4.1.pom (16 kB at 964 kB/s)
17:37:41.984 [Thread-16] DEBUG spoon.Launcher - [INFO] Downloading from google-maven-central: https://maven-central.storage-download.googleapis.com/maven2/org/apache/httpcomponents/httpcore/4.0.1/httpcore-4.0.1.pom
17:37:41.992 [Thread-16] DEBUG spoon.Launcher - [INFO] Downloaded from google-maven-central: https://maven-central.storage-download.googleapis.com/maven2/org/apache/httpcomponents/httpcore/4.0.1/httpcore-4.0.1.pom (4.9 kB at 698 kB/s)
17:37:41.995 [Thread-16] DEBUG spoon.Launcher - [INFO] Downloading from google-maven-central: https://maven-central.storage-download.googleapis.com/maven2/org/apache/httpcomponents/httpcomponents-core/4.0.1/httpcomponents-core-4.0.1.pom
17:37:42.005 [Thread-16] DEBUG spoon.Launcher - [INFO] Downloaded from google-maven-central: https://maven-central.storage-download.googleapis.com/maven2/org/apache/httpcomponents/httpcomponents-core/4.0.1/httpcomponents-core-4.0.1.pom (9.4 kB at 935 kB/s)
17:37:42.007 [Thread-16] DEBUG spoon.Launcher - [INFO] Downloading from google-maven-central: https://maven-central.storage-download.googleapis.com/maven2/org/apache/httpcomponents/project/4.0/project-4.0.pom
17:37:42.019 [Thread-16] DEBUG spoon.Launcher - [INFO] Downloaded from google-maven-central: https://maven-central.storage-download.googleapis.com/maven2/org/apache/httpcomponents/project/4.0/project-4.0.pom (13 kB at 1.1 MB/s)
17:37:42.023 [Thread-16] DEBUG spoon.Launcher - [INFO] Downloading from google-maven-central: https://maven-central.storage-download.googleapis.com/maven2/commons-logging/commons-logging/1.1.1/commons-logging-1.1.1.pom
17:37:42.035 [Thread-16] DEBUG spoon.Launcher - [INFO] Downloaded from google-maven-central: https://maven-central.storage-download.googleapis.com/maven2/commons-logging/commons-logging/1.1.1/commons-logging-1.1.1.pom (18 kB at 1.8 MB/s)
17:37:42.042 [Thread-16] DEBUG spoon.Launcher - [INFO] Downloading from google-maven-central: https://maven-central.storage-download.googleapis.com/maven2/org/apache/commons/commons-parent/5/commons-parent-5.pom
17:37:42.053 [Thread-16] DEBUG spoon.Launcher - [INFO] Downloaded from google-maven-central: https://maven-central.storage-download.googleapis.com/maven2/org/apache/commons/commons-parent/5/commons-parent-5.pom (16 kB at 1.1 MB/s)
17:37:42.057 [Thread-16] DEBUG spoon.Launcher - [INFO] Downloading from google-maven-central: https://maven-central.storage-download.googleapis.com/maven2/commons-codec/commons-codec/1.3/commons-codec-1.3.pom
17:37:42.063 [Thread-16] DEBUG spoon.Launcher - [INFO] Downloaded from google-maven-central: https://maven-central.storage-download.googleapis.com/maven2/commons-codec/commons-codec/1.3/commons-codec-1.3.pom (6.1 kB at 1.0 MB/s)
17:37:42.065 [Thread-16] DEBUG spoon.Launcher - [INFO] Downloading from google-maven-central: https://maven-central.storage-download.googleapis.com/maven2/xmlunit/xmlunit/1.5/xmlunit-1.5.pom
17:37:42.071 [Thread-16] DEBUG spoon.Launcher - [INFO] Downloaded from google-maven-central: https://maven-central.storage-download.googleapis.com/maven2/xmlunit/xmlunit/1.5/xmlunit-1.5.pom (3.0 kB at 508 kB/s)
17:37:42.075 [Thread-16] DEBUG spoon.Launcher - [INFO] Downloading from google-maven-central: https://maven-central.storage-download.googleapis.com/maven2/org/apache/maven/doxia/doxia-site-renderer/1.7.4/doxia-site-renderer-1.7.4.pom
17:37:42.081 [Thread-16] DEBUG spoon.Launcher - [INFO] Downloaded from google-maven-central: https://maven-central.storage-download.googleapis.com/maven2/org/apache/maven/doxia/doxia-site-renderer/1.7.4/doxia-site-renderer-1.7.4.pom (6.7 kB at 1.1 MB/s)
17:37:42.088 [Thread-16] DEBUG spoon.Launcher - [INFO] Downloading from google-maven-central: https://maven-central.storage-download.googleapis.com/maven2/org/apache/maven/doxia/doxia-skin-model/1.7.4/doxia-skin-model-1.7.4.pom
17:37:42.100 [Thread-16] DEBUG spoon.Launcher - [INFO] Downloaded from google-maven-central: https://maven-central.storage-download.googleapis.com/maven2/org/apache/maven/doxia/doxia-skin-model/1.7.4/doxia-skin-model-1.7.4.pom (3.0 kB at 252 kB/s)
17:37:42.114 [Thread-16] DEBUG spoon.Launcher - [INFO] Downloading from google-maven-central: https://maven-central.storage-download.googleapis.com/maven2/org/apache/maven/doxia/doxia-module-xhtml/1.7/doxia-module-xhtml-1.7.pom
17:37:42.127 [Thread-16] DEBUG spoon.Launcher - [INFO] Downloaded from google-maven-central: https://maven-central.storage-download.googleapis.com/maven2/org/apache/maven/doxia/doxia-module-xhtml/1.7/doxia-module-xhtml-1.7.pom (1.6 kB at 125 kB/s)
17:37:42.131 [Thread-16] DEBUG spoon.Launcher - [INFO] Downloading from google-maven-central: https://maven-central.storage-download.googleapis.com/maven2/org/apache/maven/doxia/doxia-modules/1.7/doxia-modules-1.7.pom
17:37:42.143 [Thread-16] DEBUG spoon.Launcher - [INFO] Downloaded from google-maven-central: https://maven-central.storage-download.googleapis.com/maven2/org/apache/maven/doxia/doxia-modules/1.7/doxia-modules-1.7.pom (2.6 kB at 218 kB/s)
17:37:42.153 [Thread-16] DEBUG spoon.Launcher - [INFO] Downloading from google-maven-central: https://maven-central.storage-download.googleapis.com/maven2/org/codehaus/plexus/plexus-velocity/1.2/plexus-velocity-1.2.pom
17:37:42.165 [Thread-16] DEBUG spoon.Launcher - [INFO] Downloaded from google-maven-central: https://maven-central.storage-download.googleapis.com/maven2/org/codehaus/plexus/plexus-velocity/1.2/plexus-velocity-1.2.pom (2.8 kB at 256 kB/s)
17:37:42.179 [Thread-16] DEBUG spoon.Launcher - [INFO] Downloading from google-maven-central: https://maven-central.storage-download.googleapis.com/maven2/org/apache/velocity/velocity-tools/2.0/velocity-tools-2.0.pom
17:37:42.198 [Thread-16] DEBUG spoon.Launcher - [INFO] Downloaded from google-maven-central: https://maven-central.storage-download.googleapis.com/maven2/org/apache/velocity/velocity-tools/2.0/velocity-tools-2.0.pom (18 kB at 1.0 MB/s)
17:37:42.205 [Thread-16] DEBUG spoon.Launcher - [INFO] Downloading from google-maven-central: https://maven-central.storage-download.googleapis.com/maven2/commons-digester/commons-digester/1.8/commons-digester-1.8.pom
17:37:42.224 [Thread-16] DEBUG spoon.Launcher - [INFO] Downloaded from google-maven-central: https://maven-central.storage-download.googleapis.com/maven2/commons-digester/commons-digester/1.8/commons-digester-1.8.pom (7.0 kB at 389 kB/s)
17:37:42.230 [Thread-16] DEBUG spoon.Launcher - [INFO] Downloading from google-maven-central: https://maven-central.storage-download.googleapis.com/maven2/commons-logging/commons-logging/1.1/commons-logging-1.1.pom
17:37:42.246 [Thread-16] DEBUG spoon.Launcher - [INFO] Downloaded from google-maven-central: https://maven-central.storage-download.googleapis.com/maven2/commons-logging/commons-logging/1.1/commons-logging-1.1.pom (6.2 kB at 412 kB/s)
17:37:42.255 [Thread-16] DEBUG spoon.Launcher - [INFO] Downloading from google-maven-central: https://maven-central.storage-download.googleapis.com/maven2/logkit/logkit/1.0.1/logkit-1.0.1.pom
17:37:42.273 [Thread-16] DEBUG spoon.Launcher - [INFO] Downloaded from google-maven-central: https://maven-central.storage-download.googleapis.com/maven2/logkit/logkit/1.0.1/logkit-1.0.1.pom (147 B at 8.2 kB/s)
17:37:42.276 [Thread-16] DEBUG spoon.Launcher - [INFO] Downloading from google-maven-central: https://maven-central.storage-download.googleapis.com/maven2/avalon-framework/avalon-framework/4.1.3/avalon-framework-4.1.3.pom
17:37:42.281 [Thread-16] DEBUG spoon.Launcher - [INFO] Downloaded from google-maven-central: https://maven-central.storage-download.googleapis.com/maven2/avalon-framework/avalon-framework/4.1.3/avalon-framework-4.1.3.pom (167 B at 28 kB/s)
17:37:42.284 [Thread-16] DEBUG spoon.Launcher - [INFO] Downloading from google-maven-central: https://maven-central.storage-download.googleapis.com/maven2/javax/servlet/servlet-api/2.3/servlet-api-2.3.pom
17:37:42.289 [Thread-16] DEBUG spoon.Launcher - [INFO] Downloaded from google-maven-central: https://maven-central.storage-download.googleapis.com/maven2/javax/servlet/servlet-api/2.3/servlet-api-2.3.pom (156 B at 26 kB/s)
17:37:42.292 [Thread-16] DEBUG spoon.Launcher - [INFO] Downloading from google-maven-central: https://maven-central.storage-download.googleapis.com/maven2/commons-chain/commons-chain/1.1/commons-chain-1.1.pom
17:37:42.298 [Thread-16] DEBUG spoon.Launcher - [INFO] Downloaded from google-maven-central: https://maven-central.storage-download.googleapis.com/maven2/commons-chain/commons-chain/1.1/commons-chain-1.1.pom (6.0 kB at 859 kB/s)
17:37:42.317 [Thread-16] DEBUG spoon.Launcher - [INFO] Downloading from google-maven-central: https://maven-central.storage-download.googleapis.com/maven2/commons-validator/commons-validator/1.3.1/commons-validator-1.3.1.pom
17:37:42.326 [Thread-16] DEBUG spoon.Launcher - [INFO] Downloaded from google-maven-central: https://maven-central.storage-download.googleapis.com/maven2/commons-validator/commons-validator/1.3.1/commons-validator-1.3.1.pom (9.0 kB at 602 kB/s)
17:37:42.330 [Thread-16] DEBUG spoon.Launcher - [INFO] Downloading from google-maven-central: https://maven-central.storage-download.googleapis.com/maven2/dom4j/dom4j/1.1/dom4j-1.1.pom
17:37:42.338 [Thread-16] DEBUG spoon.Launcher - [INFO] Downloaded from google-maven-central: https://maven-central.storage-download.googleapis.com/maven2/dom4j/dom4j/1.1/dom4j-1.1.pom (142 B at 24 kB/s)
17:37:42.339 [Thread-16] DEBUG spoon.Launcher - [INFO] Downloading from google-maven-central: https://maven-central.storage-download.googleapis.com/maven2/sslext/sslext/1.2-0/sslext-1.2-0.pom
17:37:42.346 [Thread-16] DEBUG spoon.Launcher - [INFO] Downloaded from google-maven-central: https://maven-central.storage-download.googleapis.com/maven2/sslext/sslext/1.2-0/sslext-1.2-0.pom (653 B at 82 kB/s)
17:37:42.350 [Thread-16] DEBUG spoon.Launcher - [INFO] Downloading from google-maven-central: https://maven-central.storage-download.googleapis.com/maven2/org/apache/struts/struts-core/1.3.8/struts-core-1.3.8.pom
17:37:42.361 [Thread-16] DEBUG spoon.Launcher - [INFO] Downloaded from google-maven-central: https://maven-central.storage-download.googleapis.com/maven2/org/apache/struts/struts-core/1.3.8/struts-core-1.3.8.pom (4.3 kB at 392 kB/s)
17:37:42.364 [Thread-16] DEBUG spoon.Launcher - [INFO] Downloading from google-maven-central: https://maven-central.storage-download.googleapis.com/maven2/org/apache/struts/struts-parent/1.3.8/struts-parent-1.3.8.pom
17:37:42.370 [Thread-16] DEBUG spoon.Launcher - [INFO] Downloaded from google-maven-central: https://maven-central.storage-download.googleapis.com/maven2/org/apache/struts/struts-parent/1.3.8/struts-parent-1.3.8.pom (9.8 kB at 1.6 MB/s)
17:37:42.372 [Thread-16] DEBUG spoon.Launcher - [INFO] Downloading from google-maven-central: https://maven-central.storage-download.googleapis.com/maven2/org/apache/struts/struts-master/4/struts-master-4.pom
17:37:42.380 [Thread-16] DEBUG spoon.Launcher - [INFO] Downloaded from google-maven-central: https://maven-central.storage-download.googleapis.com/maven2/org/apache/struts/struts-master/4/struts-master-4.pom (12 kB at 1.7 MB/s)
17:37:42.382 [Thread-16] DEBUG spoon.Launcher - [INFO] Downloading from google-maven-central: https://maven-central.storage-download.googleapis.com/maven2/org/apache/apache/2/apache-2.pom
17:37:42.389 [Thread-16] DEBUG spoon.Launcher - [INFO] Downloaded from google-maven-central: https://maven-central.storage-download.googleapis.com/maven2/org/apache/apache/2/apache-2.pom (3.4 kB at 426 kB/s)
17:37:42.391 [Thread-16] DEBUG spoon.Launcher - [INFO] Downloading from google-maven-central: https://maven-central.storage-download.googleapis.com/maven2/antlr/antlr/2.7.2/antlr-2.7.2.pom
17:37:42.397 [Thread-16] DEBUG spoon.Launcher - [INFO] Downloaded from google-maven-central: https://maven-central.storage-download.googleapis.com/maven2/antlr/antlr/2.7.2/antlr-2.7.2.pom (145 B at 29 kB/s)
17:37:42.399 [Thread-16] DEBUG spoon.Launcher - [INFO] Downloading from google-maven-central: https://maven-central.storage-download.googleapis.com/maven2/org/apache/struts/struts-taglib/1.3.8/struts-taglib-1.3.8.pom
17:37:42.406 [Thread-16] DEBUG spoon.Launcher - [INFO] Downloaded from google-maven-central: https://maven-central.storage-download.googleapis.com/maven2/org/apache/struts/struts-taglib/1.3.8/struts-taglib-1.3.8.pom (3.1 kB at 513 kB/s)
17:37:42.411 [Thread-16] DEBUG spoon.Launcher - [INFO] Downloading from google-maven-central: https://maven-central.storage-download.googleapis.com/maven2/org/apache/struts/struts-tiles/1.3.8/struts-tiles-1.3.8.pom
17:37:42.431 [Thread-16] DEBUG spoon.Launcher - [INFO] Downloaded from google-maven-central: https://maven-central.storage-download.googleapis.com/maven2/org/apache/struts/struts-tiles/1.3.8/struts-tiles-1.3.8.pom (2.9 kB at 153 kB/s)
17:37:42.440 [Thread-16] DEBUG spoon.Launcher - [INFO] Downloading from google-maven-central: https://maven-central.storage-download.googleapis.com/maven2/org/apache/velocity/velocity/1.6.2/velocity-1.6.2.pom
17:37:42.449 [Thread-16] DEBUG spoon.Launcher - [INFO] Downloaded from google-maven-central: https://maven-central.storage-download.googleapis.com/maven2/org/apache/velocity/velocity/1.6.2/velocity-1.6.2.pom (11 kB at 1.2 MB/s)
17:37:42.461 [Thread-16] DEBUG spoon.Launcher - [INFO] Downloading from google-maven-central: https://maven-central.storage-download.googleapis.com/maven2/org/codehaus/plexus/plexus-utils/3.0.24/plexus-utils-3.0.24.pom
17:37:42.475 [Thread-16] DEBUG spoon.Launcher - [INFO] Downloaded from google-maven-central: https://maven-central.storage-download.googleapis.com/maven2/org/codehaus/plexus/plexus-utils/3.0.24/plexus-utils-3.0.24.pom (4.1 kB at 317 kB/s)
17:37:42.487 [Thread-16] DEBUG spoon.Launcher - [INFO] Downloading from google-maven-central: https://maven-central.storage-download.googleapis.com/maven2/commons-io/commons-io/2.6/commons-io-2.6.pom
17:37:42.522 [Thread-16] DEBUG spoon.Launcher - [INFO] Downloaded from google-maven-central: https://maven-central.storage-download.googleapis.com/maven2/commons-io/commons-io/2.6/commons-io-2.6.pom (14 kB at 356 kB/s)
17:37:42.539 [Thread-16] DEBUG spoon.Launcher - [INFO] Downloading from google-maven-central: https://maven-central.storage-download.googleapis.com/maven2/org/apache/maven/doxia/doxia-sink-api/1.9/doxia-sink-api-1.9.pom
17:37:42.548 [Thread-16] DEBUG spoon.Launcher - [INFO] Downloaded from google-maven-central: https://maven-central.storage-download.googleapis.com/maven2/org/apache/maven/doxia/doxia-sink-api/1.9/doxia-sink-api-1.9.pom (1.6 kB at 112 kB/s)
17:37:42.557 [Thread-16] DEBUG spoon.Launcher - [INFO] Downloading from google-maven-central: https://maven-central.storage-download.googleapis.com/maven2/org/apache/maven/doxia/doxia/1.9/doxia-1.9.pom
17:37:42.569 [Thread-16] DEBUG spoon.Launcher - [INFO] Downloaded from google-maven-central: https://maven-central.storage-download.googleapis.com/maven2/org/apache/maven/doxia/doxia/1.9/doxia-1.9.pom (19 kB at 1.3 MB/s)
17:37:42.580 [Thread-16] DEBUG spoon.Launcher - [INFO] Downloading from google-maven-central: https://maven-central.storage-download.googleapis.com/maven2/org/apache/maven/doxia/doxia-logging-api/1.9/doxia-logging-api-1.9.pom
17:37:42.598 [Thread-16] DEBUG spoon.Launcher - [INFO] Downloaded from google-maven-central: https://maven-central.storage-download.googleapis.com/maven2/org/apache/maven/doxia/doxia-logging-api/1.9/doxia-logging-api-1.9.pom (1.6 kB at 88 kB/s)
17:37:42.612 [Thread-16] DEBUG spoon.Launcher - [INFO] Downloading from google-maven-central: https://maven-central.storage-download.googleapis.com/maven2/org/codehaus/plexus/plexus-container-default/1.7.1/plexus-container-default-1.7.1.pom
17:37:42.623 [Thread-16] DEBUG spoon.Launcher - [INFO] Downloaded from google-maven-central: https://maven-central.storage-download.googleapis.com/maven2/org/codehaus/plexus/plexus-container-default/1.7.1/plexus-container-default-1.7.1.pom (2.8 kB at 344 kB/s)
17:37:42.632 [Thread-16] DEBUG spoon.Launcher - [INFO] Downloading from google-maven-central: https://maven-central.storage-download.googleapis.com/maven2/org/codehaus/plexus/plexus-utils/3.0.20/plexus-utils-3.0.20.pom
17:37:42.642 [Thread-16] DEBUG spoon.Launcher - [INFO] Downloaded from google-maven-central: https://maven-central.storage-download.googleapis.com/maven2/org/codehaus/plexus/plexus-utils/3.0.20/plexus-utils-3.0.20.pom (3.8 kB at 293 kB/s)
17:37:42.648 [Thread-16] DEBUG spoon.Launcher - [INFO] Downloading from google-maven-central: https://maven-central.storage-download.googleapis.com/maven2/org/codehaus/plexus/plexus-classworlds/2.5.1/plexus-classworlds-2.5.1.pom
17:37:42.664 [Thread-16] DEBUG spoon.Launcher - [INFO] Downloaded from google-maven-central: https://maven-central.storage-download.googleapis.com/maven2/org/codehaus/plexus/plexus-classworlds/2.5.1/plexus-classworlds-2.5.1.pom (5.0 kB at 334 kB/s)
17:37:42.685 [Thread-16] DEBUG spoon.Launcher - [INFO] Downloading from google-maven-central: https://maven-central.storage-download.googleapis.com/maven2/org/apache/xbean/xbean-reflect/3.7/xbean-reflect-3.7.pom
17:37:42.707 [Thread-16] DEBUG spoon.Launcher - [INFO] Downloaded from google-maven-central: https://maven-central.storage-download.googleapis.com/maven2/org/apache/xbean/xbean-reflect/3.7/xbean-reflect-3.7.pom (5.1 kB at 231 kB/s)
17:37:42.711 [Thread-16] DEBUG spoon.Launcher - [INFO] Downloading from google-maven-central: https://maven-central.storage-download.googleapis.com/maven2/org/apache/xbean/xbean/3.7/xbean-3.7.pom
17:37:42.730 [Thread-16] DEBUG spoon.Launcher - [INFO] Downloaded from google-maven-central: https://maven-central.storage-download.googleapis.com/maven2/org/apache/xbean/xbean/3.7/xbean-3.7.pom (15 kB at 813 kB/s)
17:37:42.732 [Thread-16] DEBUG spoon.Launcher - [INFO] Downloading from google-maven-central: https://maven-central.storage-download.googleapis.com/maven2/org/apache/geronimo/genesis/genesis-java5-flava/2.0/genesis-java5-flava-2.0.pom
17:37:42.739 [Thread-16] DEBUG spoon.Launcher - [INFO] Downloaded from google-maven-central: https://maven-central.storage-download.googleapis.com/maven2/org/apache/geronimo/genesis/genesis-java5-flava/2.0/genesis-java5-flava-2.0.pom (5.5 kB at 914 kB/s)
17:37:42.741 [Thread-16] DEBUG spoon.Launcher - [INFO] Downloading from google-maven-central: https://maven-central.storage-download.googleapis.com/maven2/org/apache/geronimo/genesis/genesis-default-flava/2.0/genesis-default-flava-2.0.pom
17:37:42.752 [Thread-16] DEBUG spoon.Launcher - [INFO] Downloaded from google-maven-central: https://maven-central.storage-download.googleapis.com/maven2/org/apache/geronimo/genesis/genesis-default-flava/2.0/genesis-default-flava-2.0.pom (18 kB at 1.5 MB/s)
17:37:42.757 [Thread-16] DEBUG spoon.Launcher - [INFO] Downloading from google-maven-central: https://maven-central.storage-download.googleapis.com/maven2/org/apache/geronimo/genesis/genesis/2.0/genesis-2.0.pom
17:37:42.771 [Thread-16] DEBUG spoon.Launcher - [INFO] Downloaded from google-maven-central: https://maven-central.storage-download.googleapis.com/maven2/org/apache/geronimo/genesis/genesis/2.0/genesis-2.0.pom (18 kB at 1.2 MB/s)
17:37:42.793 [Thread-16] DEBUG spoon.Launcher - [INFO] Downloading from google-maven-central: https://maven-central.storage-download.googleapis.com/maven2/org/apache/maven/doxia/doxia-core/1.9/doxia-core-1.9.pom
17:37:42.804 [Thread-16] DEBUG spoon.Launcher - [INFO] Downloaded from google-maven-central: https://maven-central.storage-download.googleapis.com/maven2/org/apache/maven/doxia/doxia-core/1.9/doxia-core-1.9.pom (4.4 kB at 397 kB/s)
17:37:42.826 [Thread-16] DEBUG spoon.Launcher - [INFO] Downloading from google-maven-central: https://maven-central.storage-download.googleapis.com/maven2/org/codehaus/plexus/plexus-utils/3.1.0/plexus-utils-3.1.0.pom
17:37:42.839 [Thread-16] DEBUG spoon.Launcher - [INFO] Downloaded from google-maven-central: https://maven-central.storage-download.googleapis.com/maven2/org/codehaus/plexus/plexus-utils/3.1.0/plexus-utils-3.1.0.pom (4.7 kB at 311 kB/s)
17:37:42.864 [Thread-16] DEBUG spoon.Launcher - [INFO] Downloading from google-maven-central: https://maven-central.storage-download.googleapis.com/maven2/org/apache/httpcomponents/httpclient/4.5.8/httpclient-4.5.8.pom
17:37:42.878 [Thread-16] DEBUG spoon.Launcher - [INFO] Downloaded from google-maven-central: https://maven-central.storage-download.googleapis.com/maven2/org/apache/httpcomponents/httpclient/4.5.8/httpclient-4.5.8.pom (6.6 kB at 441 kB/s)
17:37:42.889 [Thread-16] DEBUG spoon.Launcher - [INFO] Downloading from google-maven-central: https://maven-central.storage-download.googleapis.com/maven2/org/apache/httpcomponents/httpcomponents-client/4.5.8/httpcomponents-client-4.5.8.pom
17:37:42.905 [Thread-16] DEBUG spoon.Launcher - [INFO] Downloaded from google-maven-central: https://maven-central.storage-download.googleapis.com/maven2/org/apache/httpcomponents/httpcomponents-client/4.5.8/httpcomponents-client-4.5.8.pom (16 kB at 1.1 MB/s)
17:37:42.919 [Thread-16] DEBUG spoon.Launcher - [INFO] Downloading from google-maven-central: https://maven-central.storage-download.googleapis.com/maven2/org/apache/httpcomponents/httpcomponents-parent/11/httpcomponents-parent-11.pom
17:37:42.934 [Thread-16] DEBUG spoon.Launcher - [INFO] Downloaded from google-maven-central: https://maven-central.storage-download.googleapis.com/maven2/org/apache/httpcomponents/httpcomponents-parent/11/httpcomponents-parent-11.pom (35 kB at 1.4 MB/s)
17:37:42.947 [Thread-16] DEBUG spoon.Launcher - [INFO] Downloading from google-maven-central: https://maven-central.storage-download.googleapis.com/maven2/org/apache/httpcomponents/httpcore/4.4.11/httpcore-4.4.11.pom
17:37:42.980 [Thread-16] DEBUG spoon.Launcher - [INFO] Downloaded from google-maven-central: https://maven-central.storage-download.googleapis.com/maven2/org/apache/httpcomponents/httpcore/4.4.11/httpcore-4.4.11.pom (5.2 kB at 162 kB/s)
17:37:42.982 [Thread-16] DEBUG spoon.Launcher - [INFO] Downloading from google-maven-central: https://maven-central.storage-download.googleapis.com/maven2/org/apache/httpcomponents/httpcomponents-core/4.4.11/httpcomponents-core-4.4.11.pom
17:37:43.010 [Thread-16] DEBUG spoon.Launcher - [INFO] Downloaded from google-maven-central: https://maven-central.storage-download.googleapis.com/maven2/org/apache/httpcomponents/httpcomponents-core/4.4.11/httpcomponents-core-4.4.11.pom (13 kB at 475 kB/s)
17:37:43.029 [Thread-16] DEBUG spoon.Launcher - [INFO] Downloading from google-maven-central: https://maven-central.storage-download.googleapis.com/maven2/org/apache/maven/doxia/doxia-site-renderer/1.9/doxia-site-renderer-1.9.pom
17:37:43.038 [Thread-16] DEBUG spoon.Launcher - [INFO] Downloaded from google-maven-central: https://maven-central.storage-download.googleapis.com/maven2/org/apache/maven/doxia/doxia-site-renderer/1.9/doxia-site-renderer-1.9.pom (6.7 kB at 675 kB/s)
17:37:43.043 [Thread-16] DEBUG spoon.Launcher - [INFO] Downloading from google-maven-central: https://maven-central.storage-download.googleapis.com/maven2/org/apache/maven/doxia/doxia-sitetools/1.9/doxia-sitetools-1.9.pom
17:37:43.052 [Thread-16] DEBUG spoon.Launcher - [INFO] Downloaded from google-maven-central: https://maven-central.storage-download.googleapis.com/maven2/org/apache/maven/doxia/doxia-sitetools/1.9/doxia-sitetools-1.9.pom (16 kB at 1.6 MB/s)
17:37:43.064 [Thread-16] DEBUG spoon.Launcher - [INFO] Downloading from google-maven-central: https://maven-central.storage-download.googleapis.com/maven2/org/apache/maven/doxia/doxia-decoration-model/1.9/doxia-decoration-model-1.9.pom
17:37:43.069 [Thread-16] DEBUG spoon.Launcher - [INFO] Downloaded from google-maven-central: https://maven-central.storage-download.googleapis.com/maven2/org/apache/maven/doxia/doxia-decoration-model/1.9/doxia-decoration-model-1.9.pom (3.4 kB at 567 kB/s)
17:37:43.075 [Thread-16] DEBUG spoon.Launcher - [INFO] Downloading from google-maven-central: https://maven-central.storage-download.googleapis.com/maven2/org/apache/maven/doxia/doxia-skin-model/1.9/doxia-skin-model-1.9.pom
17:37:43.083 [Thread-16] DEBUG spoon.Launcher - [INFO] Downloaded from google-maven-central: https://maven-central.storage-download.googleapis.com/maven2/org/apache/maven/doxia/doxia-skin-model/1.9/doxia-skin-model-1.9.pom (3.0 kB at 379 kB/s)
17:37:43.095 [Thread-16] DEBUG spoon.Launcher - [INFO] Downloading from google-maven-central: https://maven-central.storage-download.googleapis.com/maven2/org/apache/maven/doxia/doxia-module-xhtml/1.9/doxia-module-xhtml-1.9.pom
17:37:43.118 [Thread-16] DEBUG spoon.Launcher - [INFO] Downloaded from google-maven-central: https://maven-central.storage-download.googleapis.com/maven2/org/apache/maven/doxia/doxia-module-xhtml/1.9/doxia-module-xhtml-1.9.pom (2.0 kB at 86 kB/s)
17:37:43.121 [Thread-16] DEBUG spoon.Launcher - [INFO] Downloading from google-maven-central: https://maven-central.storage-download.googleapis.com/maven2/org/apache/maven/doxia/doxia-modules/1.9/doxia-modules-1.9.pom
17:37:43.130 [Thread-16] DEBUG spoon.Launcher - [INFO] Downloaded from google-maven-central: https://maven-central.storage-download.googleapis.com/maven2/org/apache/maven/doxia/doxia-modules/1.9/doxia-modules-1.9.pom (2.7 kB at 304 kB/s)
17:37:43.135 [Thread-16] DEBUG spoon.Launcher - [INFO] Downloading from google-maven-central: https://maven-central.storage-download.googleapis.com/maven2/org/apache/maven/doxia/doxia-module-xhtml5/1.9/doxia-module-xhtml5-1.9.pom
17:37:43.143 [Thread-16] DEBUG spoon.Launcher - [INFO] Downloaded from google-maven-central: https://maven-central.storage-download.googleapis.com/maven2/org/apache/maven/doxia/doxia-module-xhtml5/1.9/doxia-module-xhtml5-1.9.pom (2.0 kB at 248 kB/s)
17:37:43.152 [Thread-16] DEBUG spoon.Launcher - [INFO] Downloading from google-maven-central: https://maven-central.storage-download.googleapis.com/maven2/org/codehaus/plexus/plexus-i18n/1.0-beta-10/plexus-i18n-1.0-beta-10.pom
17:37:43.163 [Thread-16] DEBUG spoon.Launcher - [INFO] Downloaded from google-maven-central: https://maven-central.storage-download.googleapis.com/maven2/org/codehaus/plexus/plexus-i18n/1.0-beta-10/plexus-i18n-1.0-beta-10.pom (2.1 kB at 173 kB/s)
17:37:43.174 [Thread-16] DEBUG spoon.Launcher - [INFO] Downloading from google-maven-central: https://maven-central.storage-download.googleapis.com/maven2/org/apache/commons/commons-lang3/3.8.1/commons-lang3-3.8.1.pom
17:37:43.184 [Thread-16] DEBUG spoon.Launcher - [INFO] Downloaded from google-maven-central: https://maven-central.storage-download.googleapis.com/maven2/org/apache/commons/commons-lang3/3.8.1/commons-lang3-3.8.1.pom (28 kB at 2.8 MB/s)
17:37:43.192 [Thread-16] DEBUG spoon.Launcher - [INFO] Downloading from google-maven-central: https://maven-central.storage-download.googleapis.com/maven2/org/apache/commons/commons-parent/47/commons-parent-47.pom
17:37:43.219 [Thread-16] DEBUG spoon.Launcher - [INFO] Downloaded from google-maven-central: https://maven-central.storage-download.googleapis.com/maven2/org/apache/commons/commons-parent/47/commons-parent-47.pom (78 kB at 2.9 MB/s)
17:37:43.230 [Thread-16] DEBUG spoon.Launcher - [INFO] Downloading from google-maven-central: https://maven-central.storage-download.googleapis.com/maven2/org/codehaus/plexus/plexus-archiver/4.2.2/plexus-archiver-4.2.2.pom
17:37:43.238 [Thread-16] DEBUG spoon.Launcher - [INFO] Downloaded from google-maven-central: https://maven-central.storage-download.googleapis.com/maven2/org/codehaus/plexus/plexus-archiver/4.2.2/plexus-archiver-4.2.2.pom (4.4 kB at 546 kB/s)
17:37:43.241 [Thread-16] DEBUG spoon.Launcher - [INFO] Downloading from google-maven-central: https://maven-central.storage-download.googleapis.com/maven2/org/codehaus/plexus/plexus/6.1/plexus-6.1.pom
17:37:43.258 [Thread-16] DEBUG spoon.Launcher - [INFO] Downloaded from google-maven-central: https://maven-central.storage-download.googleapis.com/maven2/org/codehaus/plexus/plexus/6.1/plexus-6.1.pom (24 kB at 1.4 MB/s)
17:37:43.262 [Thread-16] DEBUG spoon.Launcher - [INFO] Downloading from google-maven-central: https://maven-central.storage-download.googleapis.com/maven2/org/codehaus/plexus/plexus-utils/3.3.0/plexus-utils-3.3.0.pom
17:37:43.272 [Thread-16] DEBUG spoon.Launcher - [INFO] Downloaded from google-maven-central: https://maven-central.storage-download.googleapis.com/maven2/org/codehaus/plexus/plexus-utils/3.3.0/plexus-utils-3.3.0.pom (5.2 kB at 518 kB/s)
17:37:43.275 [Thread-16] DEBUG spoon.Launcher - [INFO] Downloading from google-maven-central: https://maven-central.storage-download.googleapis.com/maven2/org/codehaus/plexus/plexus-io/3.2.0/plexus-io-3.2.0.pom
17:37:43.282 [Thread-16] DEBUG spoon.Launcher - [INFO] Downloaded from google-maven-central: https://maven-central.storage-download.googleapis.com/maven2/org/codehaus/plexus/plexus-io/3.2.0/plexus-io-3.2.0.pom (4.5 kB at 649 kB/s)
17:37:43.305 [Thread-16] DEBUG spoon.Launcher - [INFO] Downloading from google-maven-central: https://maven-central.storage-download.googleapis.com/maven2/org/iq80/snappy/snappy/0.4/snappy-0.4.pom
17:37:43.331 [Thread-16] DEBUG spoon.Launcher - [INFO] Downloaded from google-maven-central: https://maven-central.storage-download.googleapis.com/maven2/org/iq80/snappy/snappy/0.4/snappy-0.4.pom (15 kB at 538 kB/s)
17:37:43.336 [Thread-16] DEBUG spoon.Launcher - [INFO] Downloading from google-maven-central: https://maven-central.storage-download.googleapis.com/maven2/org/apache/maven/shared/file-management/3.0.0/file-management-3.0.0.pom
17:37:43.343 [Thread-16] DEBUG spoon.Launcher - [INFO] Downloaded from google-maven-central: https://maven-central.storage-download.googleapis.com/maven2/org/apache/maven/shared/file-management/3.0.0/file-management-3.0.0.pom (4.7 kB at 586 kB/s)
17:37:43.345 [Thread-16] DEBUG spoon.Launcher - [INFO] Downloading from google-maven-central: https://maven-central.storage-download.googleapis.com/maven2/org/apache/maven/shared/maven-shared-components/22/maven-shared-components-22.pom
17:37:43.350 [Thread-16] DEBUG spoon.Launcher - [INFO] Downloaded from google-maven-central: https://maven-central.storage-download.googleapis.com/maven2/org/apache/maven/shared/maven-shared-components/22/maven-shared-components-22.pom (5.1 kB at 1.3 MB/s)
17:37:43.353 [Thread-16] DEBUG spoon.Launcher - [INFO] Downloading from google-maven-central: https://maven-central.storage-download.googleapis.com/maven2/org/apache/maven/shared/maven-shared-io/3.0.0/maven-shared-io-3.0.0.pom
17:37:43.388 [Thread-16] DEBUG spoon.Launcher - [INFO] Downloaded from google-maven-central: https://maven-central.storage-download.googleapis.com/maven2/org/apache/maven/shared/maven-shared-io/3.0.0/maven-shared-io-3.0.0.pom (4.2 kB at 122 kB/s)
17:37:43.391 [Thread-16] DEBUG spoon.Launcher - [INFO] Downloading from google-maven-central: https://maven-central.storage-download.googleapis.com/maven2/org/apache/maven/maven-compat/3.0/maven-compat-3.0.pom
17:37:43.419 [Thread-16] DEBUG spoon.Launcher - [INFO] Downloaded from google-maven-central: https://maven-central.storage-download.googleapis.com/maven2/org/apache/maven/maven-compat/3.0/maven-compat-3.0.pom (4.0 kB at 144 kB/s)
17:37:43.424 [Thread-16] DEBUG spoon.Launcher - [INFO] Downloading from google-maven-central: https://maven-central.storage-download.googleapis.com/maven2/org/apache/maven/wagon/wagon-provider-api/1.0-beta-6/wagon-provider-api-1.0-beta-6.pom
17:37:43.429 [Thread-16] DEBUG spoon.Launcher - [INFO] Downloaded from google-maven-central: https://maven-central.storage-download.googleapis.com/maven2/org/apache/maven/wagon/wagon-provider-api/1.0-beta-6/wagon-provider-api-1.0-beta-6.pom (1.8 kB at 293 kB/s)
17:37:43.431 [Thread-16] DEBUG spoon.Launcher - [INFO] Downloading from google-maven-central: https://maven-central.storage-download.googleapis.com/maven2/org/apache/maven/wagon/wagon/1.0-beta-6/wagon-1.0-beta-6.pom
17:37:43.436 [Thread-16] DEBUG spoon.Launcher - [INFO] Downloaded from google-maven-central: https://maven-central.storage-download.googleapis.com/maven2/org/apache/maven/wagon/wagon/1.0-beta-6/wagon-1.0-beta-6.pom (12 kB at 2.5 MB/s)
17:37:43.483 [Thread-16] DEBUG spoon.Launcher - [INFO] Downloading from google-maven-central: https://maven-central.storage-download.googleapis.com/maven2/org/codehaus/plexus/plexus-utils/1.4.2/plexus-utils-1.4.2.pom
17:37:43.516 [Thread-16] DEBUG spoon.Launcher - [INFO] Downloaded from google-maven-central: https://maven-central.storage-download.googleapis.com/maven2/org/codehaus/plexus/plexus-utils/1.4.2/plexus-utils-1.4.2.pom (2.0 kB at 63 kB/s)
17:37:43.518 [Thread-16] DEBUG spoon.Launcher - [INFO] Downloading from google-maven-central: https://maven-central.storage-download.googleapis.com/maven2/org/apache/maven/wagon/wagon-provider-api/2.10/wagon-provider-api-2.10.pom
17:37:43.553 [Thread-16] DEBUG spoon.Launcher - [INFO] Downloaded from google-maven-central: https://maven-central.storage-download.googleapis.com/maven2/org/apache/maven/wagon/wagon-provider-api/2.10/wagon-provider-api-2.10.pom (1.7 kB at 56 kB/s)
17:37:43.561 [Thread-16] DEBUG spoon.Launcher - [INFO] Downloading from google-maven-central: https://maven-central.storage-download.googleapis.com/maven2/org/apache/maven/wagon/wagon/2.10/wagon-2.10.pom
17:37:43.583 [Thread-16] DEBUG spoon.Launcher - [INFO] Downloaded from google-maven-central: https://maven-central.storage-download.googleapis.com/maven2/org/apache/maven/wagon/wagon/2.10/wagon-2.10.pom (21 kB at 977 kB/s)
17:37:43.583 [Thread-16] DEBUG spoon.Launcher - [INFO] Downloading from google-maven-central: https://maven-central.storage-download.googleapis.com/maven2/org/codehaus/plexus/plexus-utils/3.0.15/plexus-utils-3.0.15.pom
17:37:43.604 [Thread-16] DEBUG spoon.Launcher - [INFO] Downloaded from google-maven-central: https://maven-central.storage-download.googleapis.com/maven2/org/codehaus/plexus/plexus-utils/3.0.15/plexus-utils-3.0.15.pom (3.1 kB at 157 kB/s)
17:37:43.609 [Thread-16] DEBUG spoon.Launcher - [INFO] Downloading from google-maven-central: https://maven-central.storage-download.googleapis.com/maven2/org/apache/maven/shared/maven-shared-utils/3.0.0/maven-shared-utils-3.0.0.pom
17:37:43.630 [Thread-16] DEBUG spoon.Launcher - [INFO] Downloaded from google-maven-central: https://maven-central.storage-download.googleapis.com/maven2/org/apache/maven/shared/maven-shared-utils/3.0.0/maven-shared-utils-3.0.0.pom (5.6 kB at 310 kB/s)
17:37:43.630 [Thread-16] DEBUG spoon.Launcher - [INFO] Downloading from google-maven-central: https://maven-central.storage-download.googleapis.com/maven2/org/apache/maven/shared/maven-shared-components/21/maven-shared-components-21.pom
17:37:43.652 [Thread-16] DEBUG spoon.Launcher - [INFO] Downloaded from google-maven-central: https://maven-central.storage-download.googleapis.com/maven2/org/apache/maven/shared/maven-shared-components/21/maven-shared-components-21.pom (5.1 kB at 243 kB/s)
17:37:43.701 [Thread-16] DEBUG spoon.Launcher - [INFO] Downloading from google-maven-central: https://maven-central.storage-download.googleapis.com/maven2/org/apache/maven/maven-parent/25/maven-parent-25.pom
17:37:43.748 [Thread-16] DEBUG spoon.Launcher - [INFO] Downloaded from google-maven-central: https://maven-central.storage-download.googleapis.com/maven2/org/apache/maven/maven-parent/25/maven-parent-25.pom (37 kB at 764 kB/s)
17:37:43.757 [Thread-16] DEBUG spoon.Launcher - [INFO] Downloading from google-maven-central: https://maven-central.storage-download.googleapis.com/maven2/org/apache/maven/shared/maven-dependency-analyzer/1.11.1/maven-dependency-analyzer-1.11.1.pom
17:37:43.779 [Thread-16] DEBUG spoon.Launcher - [INFO] Downloaded from google-maven-central: https://maven-central.storage-download.googleapis.com/maven2/org/apache/maven/shared/maven-dependency-analyzer/1.11.1/maven-dependency-analyzer-1.11.1.pom (6.7 kB at 372 kB/s)
17:37:43.828 [Thread-16] DEBUG spoon.Launcher - [INFO] Downloading from google-maven-central: https://maven-central.storage-download.googleapis.com/maven2/org/ow2/asm/asm/7.3.1/asm-7.3.1.pom
17:37:43.872 [Thread-16] DEBUG spoon.Launcher - [INFO] Downloaded from google-maven-central: https://maven-central.storage-download.googleapis.com/maven2/org/ow2/asm/asm/7.3.1/asm-7.3.1.pom (2.9 kB at 78 kB/s)
17:37:43.933 [Thread-16] DEBUG spoon.Launcher - [INFO] Downloading from google-maven-central: https://maven-central.storage-download.googleapis.com/maven2/org/apache/maven/shared/maven-dependency-tree/3.0.1/maven-dependency-tree-3.0.1.pom
17:37:43.943 [Thread-16] DEBUG spoon.Launcher - [INFO] Downloaded from google-maven-central: https://maven-central.storage-download.googleapis.com/maven2/org/apache/maven/shared/maven-dependency-tree/3.0.1/maven-dependency-tree-3.0.1.pom (7.5 kB at 833 kB/s)
17:37:43.977 [Thread-16] DEBUG spoon.Launcher - [INFO] Downloading from google-maven-central: https://maven-central.storage-download.googleapis.com/maven2/org/apache/maven/shared/maven-shared-utils/3.1.0/maven-shared-utils-3.1.0.pom
17:37:43.988 [Thread-16] DEBUG spoon.Launcher - [INFO] Downloaded from google-maven-central: https://maven-central.storage-download.googleapis.com/maven2/org/apache/maven/shared/maven-shared-utils/3.1.0/maven-shared-utils-3.1.0.pom (5.0 kB at 453 kB/s)
17:37:44.008 [Thread-16] DEBUG spoon.Launcher - [INFO] Downloading from google-maven-central: https://maven-central.storage-download.googleapis.com/maven2/org/apache/maven/shared/maven-common-artifact-filters/3.0.1/maven-common-artifact-filters-3.0.1.pom
17:37:44.016 [Thread-16] DEBUG spoon.Launcher - [INFO] Downloaded from google-maven-central: https://maven-central.storage-download.googleapis.com/maven2/org/apache/maven/shared/maven-common-artifact-filters/3.0.1/maven-common-artifact-filters-3.0.1.pom (4.8 kB at 691 kB/s)
17:37:44.023 [Thread-16] DEBUG spoon.Launcher - [INFO] Downloading from google-maven-central: https://maven-central.storage-download.googleapis.com/maven2/org/codehaus/plexus/plexus-utils/3.1.1/plexus-utils-3.1.1.pom
17:37:44.030 [Thread-16] DEBUG spoon.Launcher - [INFO] Downloaded from google-maven-central: https://maven-central.storage-download.googleapis.com/maven2/org/codehaus/plexus/plexus-utils/3.1.1/plexus-utils-3.1.1.pom (5.1 kB at 724 kB/s)
17:37:44.034 [Thread-16] DEBUG spoon.Launcher - [INFO] Downloading from google-maven-central: https://maven-central.storage-download.googleapis.com/maven2/org/slf4j/slf4j-api/1.7.5/slf4j-api-1.7.5.pom
17:37:44.040 [Thread-16] DEBUG spoon.Launcher - [INFO] Downloaded from google-maven-central: https://maven-central.storage-download.googleapis.com/maven2/org/slf4j/slf4j-api/1.7.5/slf4j-api-1.7.5.pom (2.7 kB at 448 kB/s)
17:37:44.043 [Thread-16] DEBUG spoon.Launcher - [INFO] Downloading from google-maven-central: https://maven-central.storage-download.googleapis.com/maven2/org/slf4j/slf4j-parent/1.7.5/slf4j-parent-1.7.5.pom
17:37:44.051 [Thread-16] DEBUG spoon.Launcher - [INFO] Downloaded from google-maven-central: https://maven-central.storage-download.googleapis.com/maven2/org/slf4j/slf4j-parent/1.7.5/slf4j-parent-1.7.5.pom (12 kB at 1.7 MB/s)
17:37:44.079 [Thread-16] DEBUG spoon.Launcher - [INFO] Downloading from google-maven-central: https://maven-central.storage-download.googleapis.com/maven2/org/codehaus/plexus/plexus-component-annotations/2.0.0/plexus-component-annotations-2.0.0.jar
17:37:44.081 [Thread-16] DEBUG spoon.Launcher - [INFO] Downloading from google-maven-central: https://maven-central.storage-download.googleapis.com/maven2/org/apache/maven/doxia/doxia-sink-api/1.9/doxia-sink-api-1.9.jar
17:37:44.081 [Thread-16] DEBUG spoon.Launcher - [INFO] Downloading from google-maven-central: https://maven-central.storage-download.googleapis.com/maven2/commons-io/commons-io/2.6/commons-io-2.6.jar
17:37:44.083 [Thread-16] DEBUG spoon.Launcher - [INFO] Downloading from google-maven-central: https://maven-central.storage-download.googleapis.com/maven2/org/apache/maven/doxia/doxia-decoration-model/1.7.4/doxia-decoration-model-1.7.4.jar
17:37:44.083 [Thread-16] DEBUG spoon.Launcher - [INFO] Downloading from google-maven-central: https://maven-central.storage-download.googleapis.com/maven2/org/apache/maven/reporting/maven-reporting-impl/3.0.0/maven-reporting-impl-3.0.0.jar
17:37:44.105 [Thread-16] DEBUG spoon.Launcher - [INFO] Downloaded from google-maven-central: https://maven-central.storage-download.googleapis.com/maven2/org/apache/maven/doxia/doxia-decoration-model/1.7.4/doxia-decoration-model-1.7.4.jar (61 kB at 2.3 MB/s)
17:37:44.105 [Thread-16] DEBUG spoon.Launcher - [INFO] Downloading from google-maven-central: https://maven-central.storage-download.googleapis.com/maven2/org/apache/maven/doxia/doxia-logging-api/1.9/doxia-logging-api-1.9.jar
17:37:44.113 [Thread-16] DEBUG spoon.Launcher - [INFO] Downloaded from google-maven-central: https://maven-central.storage-download.googleapis.com/maven2/org/codehaus/plexus/plexus-component-annotations/2.0.0/plexus-component-annotations-2.0.0.jar (4.2 kB at 114 kB/s)
17:37:44.113 [Thread-16] DEBUG spoon.Launcher - [INFO] Downloading from google-maven-central: https://maven-central.storage-download.googleapis.com/maven2/org/apache/maven/doxia/doxia-core/1.9/doxia-core-1.9.jar
17:37:44.116 [Thread-16] DEBUG spoon.Launcher - [INFO] Downloaded from google-maven-central: https://maven-central.storage-download.googleapis.com/maven2/org/apache/maven/reporting/maven-reporting-impl/3.0.0/maven-reporting-impl-3.0.0.jar (18 kB at 448 kB/s)
17:37:44.117 [Thread-16] DEBUG spoon.Launcher - [INFO] Downloading from google-maven-central: https://maven-central.storage-download.googleapis.com/maven2/org/codehaus/plexus/plexus-container-default/1.7.1/plexus-container-default-1.7.1.jar
17:37:44.126 [Thread-16] DEBUG spoon.Launcher - [INFO] Downloaded from google-maven-central: https://maven-central.storage-download.googleapis.com/maven2/org/apache/maven/doxia/doxia-sink-api/1.9/doxia-sink-api-1.9.jar (12 kB at 237 kB/s)
17:37:44.127 [Thread-16] DEBUG spoon.Launcher - [INFO] Downloading from google-maven-central: https://maven-central.storage-download.googleapis.com/maven2/org/apache/xbean/xbean-reflect/3.7/xbean-reflect-3.7.jar
17:37:44.146 [Thread-16] DEBUG spoon.Launcher - [INFO] Downloaded from google-maven-central: https://maven-central.storage-download.googleapis.com/maven2/org/apache/maven/doxia/doxia-logging-api/1.9/doxia-logging-api-1.9.jar (12 kB at 168 kB/s)
17:37:44.147 [Thread-16] DEBUG spoon.Launcher - [INFO] Downloading from google-maven-central: https://maven-central.storage-download.googleapis.com/maven2/com/google/collections/google-collections/1.0/google-collections-1.0.jar
17:37:44.161 [Thread-16] DEBUG spoon.Launcher - [INFO] Downloaded from google-maven-central: https://maven-central.storage-download.googleapis.com/maven2/commons-io/commons-io/2.6/commons-io-2.6.jar (215 kB at 2.6 MB/s)
17:37:44.161 [Thread-16] DEBUG spoon.Launcher - [INFO] Downloading from google-maven-central: https://maven-central.storage-download.googleapis.com/maven2/org/apache/httpcomponents/httpclient/4.5.8/httpclient-4.5.8.jar
17:37:44.170 [Thread-16] DEBUG spoon.Launcher - [INFO] Downloaded from google-maven-central: https://maven-central.storage-download.googleapis.com/maven2/org/codehaus/plexus/plexus-container-default/1.7.1/plexus-container-default-1.7.1.jar (231 kB at 2.5 MB/s)
17:37:44.170 [Thread-16] DEBUG spoon.Launcher - [INFO] Downloading from google-maven-central: https://maven-central.storage-download.googleapis.com/maven2/org/apache/httpcomponents/httpcore/4.4.11/httpcore-4.4.11.jar
17:37:44.173 [Thread-16] DEBUG spoon.Launcher - [INFO] Downloaded from google-maven-central: https://maven-central.storage-download.googleapis.com/maven2/org/apache/maven/doxia/doxia-core/1.9/doxia-core-1.9.jar (219 kB at 2.3 MB/s)
17:37:44.173 [Thread-16] DEBUG spoon.Launcher - [INFO] Downloading from google-maven-central: https://maven-central.storage-download.googleapis.com/maven2/org/apache/maven/doxia/doxia-site-renderer/1.9/doxia-site-renderer-1.9.jar
17:37:44.189 [Thread-16] DEBUG spoon.Launcher - [INFO] Downloaded from google-maven-central: https://maven-central.storage-download.googleapis.com/maven2/org/apache/xbean/xbean-reflect/3.7/xbean-reflect-3.7.jar (148 kB at 1.3 MB/s)
17:37:44.189 [Thread-16] DEBUG spoon.Launcher - [INFO] Downloading from google-maven-central: https://maven-central.storage-download.googleapis.com/maven2/org/apache/maven/doxia/doxia-skin-model/1.9/doxia-skin-model-1.9.jar
17:37:44.202 [Thread-16] DEBUG spoon.Launcher - [INFO] Downloaded from google-maven-central: https://maven-central.storage-download.googleapis.com/maven2/org/apache/maven/doxia/doxia-site-renderer/1.9/doxia-site-renderer-1.9.jar (66 kB at 529 kB/s)
17:37:44.203 [Thread-16] DEBUG spoon.Launcher - [INFO] Downloading from google-maven-central: https://maven-central.storage-download.googleapis.com/maven2/org/apache/maven/doxia/doxia-module-xhtml/1.9/doxia-module-xhtml-1.9.jar
17:37:44.211 [Thread-16] DEBUG spoon.Launcher - [INFO] Downloaded from google-maven-central: https://maven-central.storage-download.googleapis.com/maven2/org/apache/maven/doxia/doxia-module-xhtml/1.9/doxia-module-xhtml-1.9.jar (18 kB at 132 kB/s)
17:37:44.212 [Thread-16] DEBUG spoon.Launcher - [INFO] Downloading from google-maven-central: https://maven-central.storage-download.googleapis.com/maven2/org/apache/maven/doxia/doxia-module-xhtml5/1.9/doxia-module-xhtml5-1.9.jar
17:37:44.219 [Thread-16] DEBUG spoon.Launcher - [INFO] Downloaded from google-maven-central: https://maven-central.storage-download.googleapis.com/maven2/org/apache/httpcomponents/httpcore/4.4.11/httpcore-4.4.11.jar (327 kB at 2.3 MB/s)
17:37:44.220 [Thread-16] DEBUG spoon.Launcher - [INFO] Downloading from google-maven-central: https://maven-central.storage-download.googleapis.com/maven2/org/codehaus/plexus/plexus-i18n/1.0-beta-10/plexus-i18n-1.0-beta-10.jar
17:37:44.226 [Thread-16] DEBUG spoon.Launcher - [INFO] Downloaded from google-maven-central: https://maven-central.storage-download.googleapis.com/maven2/org/apache/maven/doxia/doxia-skin-model/1.9/doxia-skin-model-1.9.jar (17 kB at 114 kB/s)
17:37:44.226 [Thread-16] DEBUG spoon.Launcher - [INFO] Downloading from google-maven-central: https://maven-central.storage-download.googleapis.com/maven2/org/codehaus/plexus/plexus-velocity/1.2/plexus-velocity-1.2.jar
17:37:44.226 [Thread-16] DEBUG spoon.Launcher - [INFO] Downloaded from google-maven-central: https://maven-central.storage-download.googleapis.com/maven2/org/codehaus/plexus/plexus-velocity/1.2/plexus-velocity-1.2.jar (8.1 kB at 54 kB/s)
17:37:44.226 [Thread-16] DEBUG spoon.Launcher - [INFO] Downloading from google-maven-central: https://maven-central.storage-download.googleapis.com/maven2/org/apache/velocity/velocity-tools/2.0/velocity-tools-2.0.jar
17:37:44.230 [Thread-16] DEBUG spoon.Launcher - [INFO] Downloaded from google-maven-central: https://maven-central.storage-download.googleapis.com/maven2/org/apache/maven/doxia/doxia-module-xhtml5/1.9/doxia-module-xhtml5-1.9.jar (18 kB at 119 kB/s)
17:37:44.231 [Thread-16] DEBUG spoon.Launcher - [INFO] Downloading from google-maven-central: https://maven-central.storage-download.googleapis.com/maven2/commons-digester/commons-digester/1.8/commons-digester-1.8.jar
17:37:44.236 [Thread-16] DEBUG spoon.Launcher - [INFO] Downloaded from google-maven-central: https://maven-central.storage-download.googleapis.com/maven2/org/codehaus/plexus/plexus-i18n/1.0-beta-10/plexus-i18n-1.0-beta-10.jar (12 kB at 76 kB/s)
17:37:44.236 [Thread-16] DEBUG spoon.Launcher - [INFO] Downloading from google-maven-central: https://maven-central.storage-download.googleapis.com/maven2/commons-chain/commons-chain/1.1/commons-chain-1.1.jar
17:37:44.252 [Thread-16] DEBUG spoon.Launcher - [INFO] Downloaded from google-maven-central: https://maven-central.storage-download.googleapis.com/maven2/commons-digester/commons-digester/1.8/commons-digester-1.8.jar (144 kB at 821 kB/s)
17:37:44.253 [Thread-16] DEBUG spoon.Launcher - [INFO] Downloading from google-maven-central: https://maven-central.storage-download.googleapis.com/maven2/commons-validator/commons-validator/1.3.1/commons-validator-1.3.1.jar
17:37:44.253 [Thread-16] DEBUG spoon.Launcher - [INFO] Downloaded from google-maven-central: https://maven-central.storage-download.googleapis.com/maven2/commons-chain/commons-chain/1.1/commons-chain-1.1.jar (90 kB at 511 kB/s)
17:37:44.254 [Thread-16] DEBUG spoon.Launcher - [INFO] Downloading from google-maven-central: https://maven-central.storage-download.googleapis.com/maven2/dom4j/dom4j/1.1/dom4j-1.1.jar
17:37:44.260 [Thread-16] DEBUG spoon.Launcher - [INFO] Downloaded from google-maven-central: https://maven-central.storage-download.googleapis.com/maven2/com/google/collections/google-collections/1.0/google-collections-1.0.jar (640 kB at 3.5 MB/s)
17:37:44.260 [Thread-16] DEBUG spoon.Launcher - [INFO] Downloading from google-maven-central: https://maven-central.storage-download.googleapis.com/maven2/sslext/sslext/1.2-0/sslext-1.2-0.jar
17:37:44.266 [Thread-16] DEBUG spoon.Launcher - [INFO] Downloaded from google-maven-central: https://maven-central.storage-download.googleapis.com/maven2/org/apache/httpcomponents/httpclient/4.5.8/httpclient-4.5.8.jar (772 kB at 4.1 MB/s)
17:37:44.267 [Thread-16] DEBUG spoon.Launcher - [INFO] Downloading from google-maven-central: https://maven-central.storage-download.googleapis.com/maven2/org/apache/struts/struts-core/1.3.8/struts-core-1.3.8.jar
17:37:44.276 [Thread-16] DEBUG spoon.Launcher - [INFO] Downloaded from google-maven-central: https://maven-central.storage-download.googleapis.com/maven2/org/apache/velocity/velocity-tools/2.0/velocity-tools-2.0.jar (347 kB at 1.7 MB/s)
17:37:44.283 [Thread-16] DEBUG spoon.Launcher - [INFO] Downloaded from google-maven-central: https://maven-central.storage-download.googleapis.com/maven2/sslext/sslext/1.2-0/sslext-1.2-0.jar (26 kB at 127 kB/s)
17:37:44.284 [Thread-16] DEBUG spoon.Launcher - [INFO] Downloading from google-maven-central: https://maven-central.storage-download.googleapis.com/maven2/antlr/antlr/2.7.2/antlr-2.7.2.jar
17:37:44.284 [Thread-16] DEBUG spoon.Launcher - [INFO] Downloading from google-maven-central: https://maven-central.storage-download.googleapis.com/maven2/org/apache/struts/struts-taglib/1.3.8/struts-taglib-1.3.8.jar
17:37:44.311 [Thread-16] DEBUG spoon.Launcher - [INFO] Downloaded from google-maven-central: https://maven-central.storage-download.googleapis.com/maven2/commons-validator/commons-validator/1.3.1/commons-validator-1.3.1.jar (139 kB at 594 kB/s)
17:37:44.311 [Thread-16] DEBUG spoon.Launcher - [INFO] Downloading from google-maven-central: https://maven-central.storage-download.googleapis.com/maven2/org/apache/struts/struts-tiles/1.3.8/struts-tiles-1.3.8.jar
17:37:44.326 [Thread-16] DEBUG spoon.Launcher - [INFO] Downloaded from google-maven-central: https://maven-central.storage-download.googleapis.com/maven2/org/apache/struts/struts-core/1.3.8/struts-core-1.3.8.jar (329 kB at 1.3 MB/s)
17:37:44.326 [Thread-16] DEBUG spoon.Launcher - [INFO] Downloading from google-maven-central: https://maven-central.storage-download.googleapis.com/maven2/org/codehaus/plexus/plexus-archiver/4.2.2/plexus-archiver-4.2.2.jar
17:37:44.327 [Thread-16] DEBUG spoon.Launcher - [INFO] Downloaded from google-maven-central: https://maven-central.storage-download.googleapis.com/maven2/org/apache/struts/struts-taglib/1.3.8/struts-taglib-1.3.8.jar (252 kB at 1.0 MB/s)
17:37:44.328 [Thread-16] DEBUG spoon.Launcher - [INFO] Downloading from google-maven-central: https://maven-central.storage-download.googleapis.com/maven2/org/iq80/snappy/snappy/0.4/snappy-0.4.jar
17:37:44.335 [Thread-16] DEBUG spoon.Launcher - [INFO] Downloaded from google-maven-central: https://maven-central.storage-download.googleapis.com/maven2/dom4j/dom4j/1.1/dom4j-1.1.jar (457 kB at 1.8 MB/s)
17:37:44.335 [Thread-16] DEBUG spoon.Launcher - [INFO] Downloading from google-maven-central: https://maven-central.storage-download.googleapis.com/maven2/org/codehaus/plexus/plexus-utils/3.3.0/plexus-utils-3.3.0.jar
17:37:44.336 [Thread-16] DEBUG spoon.Launcher - [INFO] Downloaded from google-maven-central: https://maven-central.storage-download.googleapis.com/maven2/org/apache/struts/struts-tiles/1.3.8/struts-tiles-1.3.8.jar (120 kB at 467 kB/s)
17:37:44.337 [Thread-16] DEBUG spoon.Launcher - [INFO] Downloading from google-maven-central: https://maven-central.storage-download.googleapis.com/maven2/org/apache/maven/shared/file-management/3.0.0/file-management-3.0.0.jar
17:37:44.347 [Thread-16] DEBUG spoon.Launcher - [INFO] Downloaded from google-maven-central: https://maven-central.storage-download.googleapis.com/maven2/antlr/antlr/2.7.2/antlr-2.7.2.jar (358 kB at 1.3 MB/s)
17:37:44.347 [Thread-16] DEBUG spoon.Launcher - [INFO] Downloading from google-maven-central: https://maven-central.storage-download.googleapis.com/maven2/org/apache/maven/shared/maven-shared-io/3.0.0/maven-shared-io-3.0.0.jar
17:37:44.347 [Thread-16] DEBUG spoon.Launcher - [INFO] Downloaded from google-maven-central: https://maven-central.storage-download.googleapis.com/maven2/org/iq80/snappy/snappy/0.4/snappy-0.4.jar (58 kB at 215 kB/s)
17:37:44.347 [Thread-16] DEBUG spoon.Launcher - [INFO] Downloading from google-maven-central: https://maven-central.storage-download.googleapis.com/maven2/org/apache/maven/maven-compat/3.0/maven-compat-3.0.jar
17:37:44.349 [Thread-16] DEBUG spoon.Launcher - [INFO] Downloaded from google-maven-central: https://maven-central.storage-download.googleapis.com/maven2/org/codehaus/plexus/plexus-archiver/4.2.2/plexus-archiver-4.2.2.jar (194 kB at 717 kB/s)
17:37:44.349 [Thread-16] DEBUG spoon.Launcher - [INFO] Downloading from google-maven-central: https://maven-central.storage-download.googleapis.com/maven2/org/apache/maven/wagon/wagon-provider-api/2.10/wagon-provider-api-2.10.jar
17:37:44.353 [Thread-16] DEBUG spoon.Launcher - [INFO] Downloaded from google-maven-central: https://maven-central.storage-download.googleapis.com/maven2/org/apache/maven/shared/file-management/3.0.0/file-management-3.0.0.jar (35 kB at 128 kB/s)
17:37:44.353 [Thread-16] DEBUG spoon.Launcher - [INFO] Downloading from google-maven-central: https://maven-central.storage-download.googleapis.com/maven2/org/codehaus/plexus/plexus-io/3.2.0/plexus-io-3.2.0.jar
17:37:44.360 [Thread-16] DEBUG spoon.Launcher - [INFO] Downloaded from google-maven-central: https://maven-central.storage-download.googleapis.com/maven2/org/codehaus/plexus/plexus-io/3.2.0/plexus-io-3.2.0.jar (76 kB at 267 kB/s)
17:37:44.361 [Thread-16] DEBUG spoon.Launcher - [INFO] Downloaded from google-maven-central: https://maven-central.storage-download.googleapis.com/maven2/org/apache/maven/shared/maven-shared-io/3.0.0/maven-shared-io-3.0.0.jar (41 kB at 146 kB/s)
17:37:44.367 [Thread-16] DEBUG spoon.Launcher - [INFO] Downloading from google-maven-central: https://maven-central.storage-download.googleapis.com/maven2/org/apache/maven/shared/maven-dependency-analyzer/1.11.1/maven-dependency-analyzer-1.11.1.jar
17:37:44.368 [Thread-16] DEBUG spoon.Launcher - [INFO] Downloading from google-maven-central: https://maven-central.storage-download.googleapis.com/maven2/org/ow2/asm/asm/7.3.1/asm-7.3.1.jar
17:37:44.371 [Thread-16] DEBUG spoon.Launcher - [INFO] Downloaded from google-maven-central: https://maven-central.storage-download.googleapis.com/maven2/org/codehaus/plexus/plexus-utils/3.3.0/plexus-utils-3.3.0.jar (263 kB at 905 kB/s)
17:37:44.371 [Thread-16] DEBUG spoon.Launcher - [INFO] Downloading from google-maven-central: https://maven-central.storage-download.googleapis.com/maven2/org/apache/maven/shared/maven-dependency-tree/3.0.1/maven-dependency-tree-3.0.1.jar
17:37:44.372 [Thread-16] DEBUG spoon.Launcher - [INFO] Downloaded from google-maven-central: https://maven-central.storage-download.googleapis.com/maven2/org/apache/maven/wagon/wagon-provider-api/2.10/wagon-provider-api-2.10.jar (54 kB at 183 kB/s)
17:37:44.372 [Thread-16] DEBUG spoon.Launcher - [INFO] Downloading from google-maven-central: https://maven-central.storage-download.googleapis.com/maven2/org/slf4j/slf4j-api/1.7.5/slf4j-api-1.7.5.jar
17:37:44.374 [Thread-16] DEBUG spoon.Launcher - [INFO] Downloaded from google-maven-central: https://maven-central.storage-download.googleapis.com/maven2/org/apache/maven/maven-compat/3.0/maven-compat-3.0.jar (285 kB at 962 kB/s)
17:37:44.376 [Thread-16] DEBUG spoon.Launcher - [INFO] Downloaded from google-maven-central: https://maven-central.storage-download.googleapis.com/maven2/org/apache/maven/shared/maven-dependency-tree/3.0.1/maven-dependency-tree-3.0.1.jar (37 kB at 123 kB/s)
17:37:44.377 [Thread-16] DEBUG spoon.Launcher - [INFO] Downloaded from google-maven-central: https://maven-central.storage-download.googleapis.com/maven2/org/slf4j/slf4j-api/1.7.5/slf4j-api-1.7.5.jar (26 kB at 87 kB/s)
17:37:44.401 [Thread-16] DEBUG spoon.Launcher - [INFO] Downloaded from google-maven-central: https://maven-central.storage-download.googleapis.com/maven2/org/ow2/asm/asm/7.3.1/asm-7.3.1.jar (122 kB at 376 kB/s)
17:37:44.403 [Thread-16] DEBUG spoon.Launcher - [INFO] Downloaded from google-maven-central: https://maven-central.storage-download.googleapis.com/maven2/org/apache/maven/shared/maven-dependency-analyzer/1.11.1/maven-dependency-analyzer-1.11.1.jar (35 kB at 109 kB/s)
17:37:44.770 [Thread-16] DEBUG spoon.Launcher - [INFO] Wrote classpath file '/home/travis/build/SpoonLabs/spoon-ci-external/spoon/spoon.classpath-app.tmp'.
17:37:44.772 [Thread-16] DEBUG spoon.Launcher - [INFO] ------------------------------------------------------------------------
17:37:44.772 [Thread-16] DEBUG spoon.Launcher - [INFO] BUILD SUCCESS
17:37:44.773 [Thread-16] DEBUG spoon.Launcher - [INFO] ------------------------------------------------------------------------
17:37:44.774 [Thread-16] DEBUG spoon.Launcher - [INFO] Total time:  5.910 s
17:37:44.775 [Thread-16] DEBUG spoon.Launcher - [INFO] Finished at: 2020-11-17T17:37:44Z
17:37:44.776 [Thread-16] DEBUG spoon.Launcher - [INFO] ------------------------------------------------------------------------
17:37:44.862 [main] INFO spoon.Launcher - Running in NOCLASSPATH mode (doc: http://spoon.gforge.inria.fr/launcher.html).
17:37:46.267 [Thread-19] DEBUG spoon.Launcher - [INFO] Scanning for projects...
17:37:47.322 [Thread-19] DEBUG spoon.Launcher - [INFO] Inspecting build with total of 1 modules...
17:37:47.324 [Thread-19] DEBUG spoon.Launcher - [INFO] Installing Nexus Staging features:
17:37:47.324 [Thread-19] DEBUG spoon.Launcher - [INFO]   ... total of 1 executions of maven-deploy-plugin replaced with nexus-staging-maven-plugin
17:37:47.411 [Thread-19] DEBUG spoon.Launcher - [INFO] 
17:37:47.411 [Thread-19] DEBUG spoon.Launcher - [INFO] ------------------< fr.inria.gforge.spoon:spoon-core >------------------
17:37:47.412 [Thread-19] DEBUG spoon.Launcher - [INFO] Building Spoon Core 8.4.0-SNAPSHOT
17:37:47.413 [Thread-19] DEBUG spoon.Launcher - [INFO] --------------------------------[ jar ]---------------------------------
17:37:47.824 [Thread-19] DEBUG spoon.Launcher - [INFO] Downloading from sonatype-apache: https://repository.apache.org/content/repositories/releases/junit/junit-dep/maven-metadata.xml
17:37:47.947 [Thread-19] DEBUG spoon.Launcher - [INFO] Downloading from apache-snapshots: https://repository.apache.org/snapshots/junit/junit-dep/maven-metadata.xml
17:37:47.947 [Thread-19] DEBUG spoon.Launcher - [INFO] Downloading from sonatype: https://oss.sonatype.org/content/repositories/releases/junit/junit-dep/maven-metadata.xml
17:37:48.688 [Thread-19] DEBUG spoon.Launcher - [INFO] Downloaded from sonatype: https://oss.sonatype.org/content/repositories/releases/junit/junit-dep/maven-metadata.xml (563 B at 647 B/s)
17:37:48.732 [Thread-19] DEBUG spoon.Launcher - [INFO] 
17:37:48.732 [Thread-19] DEBUG spoon.Launcher - [INFO] --- maven-dependency-plugin:3.1.2:build-classpath (default-cli) @ spoon-core ---
17:37:49.511 [Thread-19] DEBUG spoon.Launcher - [INFO] Wrote classpath file '/home/travis/build/SpoonLabs/spoon-ci-external/spoon/spoon.classpath.tmp'.
17:37:49.513 [Thread-19] DEBUG spoon.Launcher - [INFO] ------------------------------------------------------------------------
17:37:49.514 [Thread-19] DEBUG spoon.Launcher - [INFO] BUILD SUCCESS
17:37:49.514 [Thread-19] DEBUG spoon.Launcher - [INFO] ------------------------------------------------------------------------
17:37:49.515 [Thread-19] DEBUG spoon.Launcher - [INFO] Total time:  3.269 s
17:37:49.516 [Thread-19] DEBUG spoon.Launcher - [INFO] Finished at: 2020-11-17T17:37:49Z
17:37:49.516 [Thread-19] DEBUG spoon.Launcher - [INFO] ------------------------------------------------------------------------
17:37:49.714 [main] INFO spoon.Launcher - Running in NOCLASSPATH mode (doc: http://spoon.gforge.inria.fr/launcher.html).
17:37:49.880 [main] INFO spoon.Launcher - Running in NOCLASSPATH mode (doc: http://spoon.gforge.inria.fr/launcher.html).
17:37:51.316 [Thread-22] DEBUG spoon.Launcher - [INFO] Scanning for projects...
17:37:51.676 [Thread-22] DEBUG spoon.Launcher - [INFO] 
17:37:51.677 [Thread-22] DEBUG spoon.Launcher - [INFO] -------------------------< org.foo.bar:foobar >-------------------------
17:37:51.677 [Thread-22] DEBUG spoon.Launcher - [INFO] Building foobar 1.0.0-SNAPSHOT
17:37:51.679 [Thread-22] DEBUG spoon.Launcher - [INFO] --------------------------------[ jar ]---------------------------------
17:37:51.696 [Thread-22] DEBUG spoon.Launcher - [INFO] 
17:37:51.704 [Thread-22] DEBUG spoon.Launcher - [INFO] --- maven-dependency-plugin:2.8:build-classpath (default-cli) @ foobar ---
17:37:52.613 [Thread-22] DEBUG spoon.Launcher - [INFO] No dependencies found.
17:37:52.615 [Thread-22] DEBUG spoon.Launcher - [INFO] Wrote classpath file '/home/travis/build/SpoonLabs/spoon-ci-external/spoon/src/test/resources/maven-launcher/java-11/spoon.classpath-app.tmp'.
17:37:52.617 [Thread-22] DEBUG spoon.Launcher - [INFO] ------------------------------------------------------------------------
17:37:52.618 [Thread-22] DEBUG spoon.Launcher - [INFO] BUILD SUCCESS
17:37:52.619 [Thread-22] DEBUG spoon.Launcher - [INFO] ------------------------------------------------------------------------
17:37:52.620 [Thread-22] DEBUG spoon.Launcher - [INFO] Total time:  1.328 s
17:37:52.621 [Thread-22] DEBUG spoon.Launcher - [INFO] Finished at: 2020-11-17T17:37:52Z
17:37:52.622 [Thread-22] DEBUG spoon.Launcher - [INFO] ------------------------------------------------------------------------
17:37:52.646 [main] INFO spoon.Launcher - Running in NOCLASSPATH mode (doc: http://spoon.gforge.inria.fr/launcher.html).
]]></system-out>
  </testcase>
  <testcase name="mavenLauncherTestWithVerySimpleProject" classname="spoon.MavenLauncherTest" time="3.257">
    <system-out><![CDATA[17:37:52.676 [main] INFO spoon.Launcher - Running in NOCLASSPATH mode (doc: http://spoon.gforge.inria.fr/launcher.html).
17:37:54.578 [Thread-25] DEBUG spoon.Launcher - [INFO] Scanning for projects...
17:37:54.979 [Thread-25] DEBUG spoon.Launcher - [INFO] 
17:37:54.981 [Thread-25] DEBUG spoon.Launcher - [INFO] -------------------------< org.foo.bar:foobar >-------------------------
17:37:54.983 [Thread-25] DEBUG spoon.Launcher - [INFO] Building foobar 1.0.0-SNAPSHOT
17:37:54.984 [Thread-25] DEBUG spoon.Launcher - [INFO] --------------------------------[ jar ]---------------------------------
17:37:55.004 [Thread-25] DEBUG spoon.Launcher - [INFO] 
17:37:55.012 [Thread-25] DEBUG spoon.Launcher - [INFO] --- maven-dependency-plugin:2.8:build-classpath (default-cli) @ foobar ---
17:37:55.900 [Thread-25] DEBUG spoon.Launcher - [INFO] No dependencies found.
17:37:55.905 [Thread-25] DEBUG spoon.Launcher - [INFO] Wrote classpath file '/home/travis/build/SpoonLabs/spoon-ci-external/spoon/src/test/resources/maven-launcher/very-simple/spoon.classpath.tmp'.
17:37:55.905 [Thread-25] DEBUG spoon.Launcher - [INFO] ------------------------------------------------------------------------
17:37:55.905 [Thread-25] DEBUG spoon.Launcher - [INFO] BUILD SUCCESS
17:37:55.906 [Thread-25] DEBUG spoon.Launcher - [INFO] ------------------------------------------------------------------------
17:37:55.907 [Thread-25] DEBUG spoon.Launcher - [INFO] Total time:  1.356 s
17:37:55.907 [Thread-25] DEBUG spoon.Launcher - [INFO] Finished at: 2020-11-17T17:37:55Z
17:37:55.907 [Thread-25] DEBUG spoon.Launcher - [INFO] ------------------------------------------------------------------------
]]></system-out>
  </testcase>
  <testcase name="testGuessMavenHome" classname="spoon.MavenLauncherTest" time="0.155"/>
  <testcase name="testPomSourceDirectory" classname="spoon.MavenLauncherTest" time="2.623">
    <system-out><![CDATA[17:37:56.085 [main] INFO spoon.Launcher - Running in NOCLASSPATH mode (doc: http://spoon.gforge.inria.fr/launcher.html).
17:37:57.497 [Thread-28] DEBUG spoon.Launcher - [INFO] Scanning for projects...
17:37:57.853 [Thread-28] DEBUG spoon.Launcher - [INFO] 
17:37:57.855 [Thread-28] DEBUG spoon.Launcher - [INFO] -------------------------< org.foo.bar:foobar >-------------------------
17:37:57.857 [Thread-28] DEBUG spoon.Launcher - [INFO] Building foobar 1.0.0-SNAPSHOT
17:37:57.858 [Thread-28] DEBUG spoon.Launcher - [INFO] --------------------------------[ jar ]---------------------------------
17:37:57.877 [Thread-28] DEBUG spoon.Launcher - [INFO] 
17:37:57.883 [Thread-28] DEBUG spoon.Launcher - [INFO] --- maven-dependency-plugin:2.8:build-classpath (default-cli) @ foobar ---
17:37:58.674 [Thread-28] DEBUG spoon.Launcher - [INFO] No dependencies found.
17:37:58.680 [Thread-28] DEBUG spoon.Launcher - [INFO] Wrote classpath file '/home/travis/build/SpoonLabs/spoon-ci-external/spoon/src/test/resources/maven-launcher/source-directory/spoon.classpath.tmp'.
17:37:58.680 [Thread-28] DEBUG spoon.Launcher - [INFO] ------------------------------------------------------------------------
17:37:58.680 [Thread-28] DEBUG spoon.Launcher - [INFO] BUILD SUCCESS
17:37:58.680 [Thread-28] DEBUG spoon.Launcher - [INFO] ------------------------------------------------------------------------
17:37:58.680 [Thread-28] DEBUG spoon.Launcher - [INFO] Total time:  1.206 s
17:37:58.680 [Thread-28] DEBUG spoon.Launcher - [INFO] Finished at: 2020-11-17T17:37:58Z
17:37:58.680 [Thread-28] DEBUG spoon.Launcher - [INFO] ------------------------------------------------------------------------
]]></system-out>
  </testcase>
  <testcase name="mavenLauncherOnDirectoryWithoutPomTest" classname="spoon.MavenLauncherTest" time="0.006">
    <system-out><![CDATA[17:37:58.709 [main] INFO spoon.Launcher - Running in NOCLASSPATH mode (doc: http://spoon.gforge.inria.fr/launcher.html).
]]></system-out>
  </testcase>
</testsuite>