<?xml version="1.0" encoding="UTF-8"?>
<testsuite xmlns:xsi="http://www.w3.org/2001/XMLSchema-instance" xsi:noNamespaceSchemaLocation="https://maven.apache.org/surefire/maven-surefire-plugin/xsd/surefire-test-report-3.0.xsd" version="3.0" name="spoon.MavenLauncherTest" time="38.998" tests="12" errors="0" skipped="1" failures="0">
  <properties>
    <property name="awt.toolkit" value="sun.awt.X11.XToolkit"/>
    <property name="file.encoding.pkg" value="sun.io"/>
    <property name="java.specification.version" value="1.8"/>
    <property name="sun.cpu.isalist" value=""/>
    <property name="sun.jnu.encoding" value="UTF-8"/>
    <property name="java.class.path" value="/home/travis/.m2/repository/org/apache/maven/surefire/surefire-booter/3.0.0-M5/surefire-booter-3.0.0-M5.jar:/home/travis/.m2/repository/org/apache/maven/surefire/surefire-api/3.0.0-M5/surefire-api-3.0.0-M5.jar:/home/travis/.m2/repository/org/apache/maven/surefire/surefire-logger-api/3.0.0-M5/surefire-logger-api-3.0.0-M5.jar:/home/travis/.m2/repository/org/apache/maven/surefire/surefire-shared-utils/3.0.0-M4/surefire-shared-utils-3.0.0-M4.jar:/home/travis/.m2/repository/org/apache/maven/surefire/surefire-extensions-spi/3.0.0-M5/surefire-extensions-spi-3.0.0-M5.jar:/home/travis/build/SpoonLabs/spoon-ci-external/spoon/target/test-classes:/home/travis/build/SpoonLabs/spoon-ci-external/spoon/target/classes:/home/travis/.m2/repository/org/eclipse/jdt/org.eclipse.jdt.core/3.20.0/org.eclipse.jdt.core-3.20.0.jar:/home/travis/.m2/repository/com/martiansoftware/jsap/2.1/jsap-2.1.jar:/home/travis/.m2/repository/org/apache/logging/log4j/log4j-api/2.13.3/log4j-api-2.13.3.jar:/home/travis/.m2/repository/org/apache/logging/log4j/log4j-to-slf4j/2.13.3/log4j-to-slf4j-2.13.3.jar:/home/travis/.m2/repository/org/slf4j/slf4j-api/1.7.25/slf4j-api-1.7.25.jar:/home/travis/.m2/repository/commons-io/commons-io/2.7/commons-io-2.7.jar:/home/travis/.m2/repository/org/apache/maven/maven-model/3.6.3/maven-model-3.6.3.jar:/home/travis/.m2/repository/org/codehaus/plexus/plexus-utils/3.2.1/plexus-utils-3.2.1.jar:/home/travis/.m2/repository/org/apache/commons/commons-lang3/3.11/commons-lang3-3.11.jar:/home/travis/.m2/repository/org/tukaani/xz/1.8/xz-1.8.jar:/home/travis/.m2/repository/com/fasterxml/jackson/core/jackson-databind/2.11.2/jackson-databind-2.11.2.jar:/home/travis/.m2/repository/com/fasterxml/jackson/core/jackson-annotations/2.11.2/jackson-annotations-2.11.2.jar:/home/travis/.m2/repository/com/fasterxml/jackson/core/jackson-core/2.11.2/jackson-core-2.11.2.jar:/home/travis/.m2/repository/org/apache/commons/commons-compress/1.20/commons-compress-1.20.jar:/home/travis/.m2/repository/com/google/guava/guava/29.0-jre/guava-29.0-jre.jar:/home/travis/.m2/repository/com/google/guava/failureaccess/1.0.1/failureaccess-1.0.1.jar:/home/travis/.m2/repository/com/google/guava/listenablefuture/9999.0-empty-to-avoid-conflict-with-guava/listenablefuture-9999.0-empty-to-avoid-conflict-with-guava.jar:/home/travis/.m2/repository/com/google/code/findbugs/jsr305/3.0.2/jsr305-3.0.2.jar:/home/travis/.m2/repository/org/checkerframework/checker-qual/2.11.1/checker-qual-2.11.1.jar:/home/travis/.m2/repository/com/google/errorprone/error_prone_annotations/2.3.4/error_prone_annotations-2.3.4.jar:/home/travis/.m2/repository/com/google/j2objc/j2objc-annotations/1.3/j2objc-annotations-1.3.jar:/home/travis/.m2/repository/ch/qos/logback/logback-classic/1.2.3/logback-classic-1.2.3.jar:/home/travis/.m2/repository/ch/qos/logback/logback-core/1.2.3/logback-core-1.2.3.jar:/home/travis/.m2/repository/com/mysema/querydsl/querydsl-core/3.6.9/querydsl-core-3.6.9.jar:/home/travis/.m2/repository/org/apache/maven/shared/maven-invoker/3.0.1/maven-invoker-3.0.1.jar:/home/travis/.m2/repository/org/apache/maven/shared/maven-shared-utils/3.2.1/maven-shared-utils-3.2.1.jar:/home/travis/.m2/repository/org/codehaus/plexus/plexus-component-annotations/1.7.1/plexus-component-annotations-1.7.1.jar:/home/travis/.m2/repository/javax/validation/validation-api/2.0.1.Final/validation-api-2.0.1.Final.jar:/home/travis/.m2/repository/com/google/code/gson/gson/2.8.6/gson-2.8.6.jar:/home/travis/.m2/repository/org/junit/vintage/junit-vintage-engine/5.6.2/junit-vintage-engine-5.6.2.jar:/home/travis/.m2/repository/org/apiguardian/apiguardian-api/1.1.0/apiguardian-api-1.1.0.jar:/home/travis/.m2/repository/org/junit/platform/junit-platform-engine/1.6.2/junit-platform-engine-1.6.2.jar:/home/travis/.m2/repository/org/opentest4j/opentest4j/1.2.0/opentest4j-1.2.0.jar:/home/travis/.m2/repository/org/junit/platform/junit-platform-commons/1.6.2/junit-platform-commons-1.6.2.jar:/home/travis/.m2/repository/junit/junit/4.13/junit-4.13.jar:/home/travis/.m2/repository/org/hamcrest/hamcrest-core/1.3/hamcrest-core-1.3.jar:/home/travis/.m2/repository/org/mockito/mockito-core/3.5.2/mockito-core-3.5.2.jar:/home/travis/.m2/repository/net/bytebuddy/byte-buddy/1.10.13/byte-buddy-1.10.13.jar:/home/travis/.m2/repository/net/bytebuddy/byte-buddy-agent/1.10.13/byte-buddy-agent-1.10.13.jar:/home/travis/.m2/repository/org/objenesis/objenesis/3.1/objenesis-3.1.jar:/home/travis/.m2/repository/org/junit/jupiter/junit-jupiter-engine/5.6.2/junit-jupiter-engine-5.6.2.jar:/home/travis/.m2/repository/org/junit/jupiter/junit-jupiter-api/5.6.2/junit-jupiter-api-5.6.2.jar:/home/travis/.m2/repository/com/github/stefanbirkner/system-rules/1.19.0/system-rules-1.19.0.jar:/home/travis/.m2/repository/org/apache/maven/surefire/surefire-junit-platform/3.0.0-M5/surefire-junit-platform-3.0.0-M5.jar:/home/travis/.m2/repository/org/apache/maven/surefire/common-java5/3.0.0-M5/common-java5-3.0.0-M5.jar:/home/travis/.m2/repository/org/junit/platform/junit-platform-launcher/1.6.2/junit-platform-launcher-1.6.2.jar"/>
    <property name="java.vm.vendor" value="Private Build"/>
    <property name="sun.arch.data.model" value="64"/>
    <property name="java.vendor.url" value="http://java.oracle.com/"/>
    <property name="user.timezone" value="UTC"/>
    <property name="java.vm.specification.version" value="1.8"/>
    <property name="os.name" value="Linux"/>
    <property name="spoon.log.path" value="${java.io.tmpdir}/spoon-log.log"/>
    <property name="user.country" value="US"/>
    <property name="sun.java.launcher" value="SUN_STANDARD"/>
    <property name="sun.boot.library.path" value="/usr/lib/jvm/java-8-openjdk-amd64/jre/lib/amd64"/>
    <property name="sun.java.command" value="org.apache.maven.surefire.booter.ForkedBooter /home/travis/build/SpoonLabs/spoon-ci-external/spoon/target/surefire 2020-08-19T18-10-10_094-jvmRun1 surefire1891010225373760823tmp surefire_0297951783572581702tmp"/>
    <property name="surefire.test.class.path" value="/home/travis/build/SpoonLabs/spoon-ci-external/spoon/target/test-classes:/home/travis/build/SpoonLabs/spoon-ci-external/spoon/target/classes:/home/travis/.m2/repository/org/eclipse/jdt/org.eclipse.jdt.core/3.20.0/org.eclipse.jdt.core-3.20.0.jar:/home/travis/.m2/repository/com/martiansoftware/jsap/2.1/jsap-2.1.jar:/home/travis/.m2/repository/org/apache/logging/log4j/log4j-api/2.13.3/log4j-api-2.13.3.jar:/home/travis/.m2/repository/org/apache/logging/log4j/log4j-to-slf4j/2.13.3/log4j-to-slf4j-2.13.3.jar:/home/travis/.m2/repository/org/slf4j/slf4j-api/1.7.25/slf4j-api-1.7.25.jar:/home/travis/.m2/repository/commons-io/commons-io/2.7/commons-io-2.7.jar:/home/travis/.m2/repository/org/apache/maven/maven-model/3.6.3/maven-model-3.6.3.jar:/home/travis/.m2/repository/org/codehaus/plexus/plexus-utils/3.2.1/plexus-utils-3.2.1.jar:/home/travis/.m2/repository/org/apache/commons/commons-lang3/3.11/commons-lang3-3.11.jar:/home/travis/.m2/repository/org/tukaani/xz/1.8/xz-1.8.jar:/home/travis/.m2/repository/com/fasterxml/jackson/core/jackson-databind/2.11.2/jackson-databind-2.11.2.jar:/home/travis/.m2/repository/com/fasterxml/jackson/core/jackson-annotations/2.11.2/jackson-annotations-2.11.2.jar:/home/travis/.m2/repository/com/fasterxml/jackson/core/jackson-core/2.11.2/jackson-core-2.11.2.jar:/home/travis/.m2/repository/org/apache/commons/commons-compress/1.20/commons-compress-1.20.jar:/home/travis/.m2/repository/com/google/guava/guava/29.0-jre/guava-29.0-jre.jar:/home/travis/.m2/repository/com/google/guava/failureaccess/1.0.1/failureaccess-1.0.1.jar:/home/travis/.m2/repository/com/google/guava/listenablefuture/9999.0-empty-to-avoid-conflict-with-guava/listenablefuture-9999.0-empty-to-avoid-conflict-with-guava.jar:/home/travis/.m2/repository/com/google/code/findbugs/jsr305/3.0.2/jsr305-3.0.2.jar:/home/travis/.m2/repository/org/checkerframework/checker-qual/2.11.1/checker-qual-2.11.1.jar:/home/travis/.m2/repository/com/google/errorprone/error_prone_annotations/2.3.4/error_prone_annotations-2.3.4.jar:/home/travis/.m2/repository/com/google/j2objc/j2objc-annotations/1.3/j2objc-annotations-1.3.jar:/home/travis/.m2/repository/ch/qos/logback/logback-classic/1.2.3/logback-classic-1.2.3.jar:/home/travis/.m2/repository/ch/qos/logback/logback-core/1.2.3/logback-core-1.2.3.jar:/home/travis/.m2/repository/com/mysema/querydsl/querydsl-core/3.6.9/querydsl-core-3.6.9.jar:/home/travis/.m2/repository/org/apache/maven/shared/maven-invoker/3.0.1/maven-invoker-3.0.1.jar:/home/travis/.m2/repository/org/apache/maven/shared/maven-shared-utils/3.2.1/maven-shared-utils-3.2.1.jar:/home/travis/.m2/repository/org/codehaus/plexus/plexus-component-annotations/1.7.1/plexus-component-annotations-1.7.1.jar:/home/travis/.m2/repository/javax/validation/validation-api/2.0.1.Final/validation-api-2.0.1.Final.jar:/home/travis/.m2/repository/com/google/code/gson/gson/2.8.6/gson-2.8.6.jar:/home/travis/.m2/repository/org/junit/vintage/junit-vintage-engine/5.6.2/junit-vintage-engine-5.6.2.jar:/home/travis/.m2/repository/org/apiguardian/apiguardian-api/1.1.0/apiguardian-api-1.1.0.jar:/home/travis/.m2/repository/org/junit/platform/junit-platform-engine/1.6.2/junit-platform-engine-1.6.2.jar:/home/travis/.m2/repository/org/opentest4j/opentest4j/1.2.0/opentest4j-1.2.0.jar:/home/travis/.m2/repository/org/junit/platform/junit-platform-commons/1.6.2/junit-platform-commons-1.6.2.jar:/home/travis/.m2/repository/junit/junit/4.13/junit-4.13.jar:/home/travis/.m2/repository/org/hamcrest/hamcrest-core/1.3/hamcrest-core-1.3.jar:/home/travis/.m2/repository/org/mockito/mockito-core/3.5.2/mockito-core-3.5.2.jar:/home/travis/.m2/repository/net/bytebuddy/byte-buddy/1.10.13/byte-buddy-1.10.13.jar:/home/travis/.m2/repository/net/bytebuddy/byte-buddy-agent/1.10.13/byte-buddy-agent-1.10.13.jar:/home/travis/.m2/repository/org/objenesis/objenesis/3.1/objenesis-3.1.jar:/home/travis/.m2/repository/org/junit/jupiter/junit-jupiter-engine/5.6.2/junit-jupiter-engine-5.6.2.jar:/home/travis/.m2/repository/org/junit/jupiter/junit-jupiter-api/5.6.2/junit-jupiter-api-5.6.2.jar:/home/travis/.m2/repository/com/github/stefanbirkner/system-rules/1.19.0/system-rules-1.19.0.jar:"/>
    <property name="sun.cpu.endian" value="little"/>
    <property name="user.home" value="/home/travis"/>
    <property name="user.language" value="en"/>
    <property name="java.specification.vendor" value="Oracle Corporation"/>
    <property name="java.home" value="/usr/lib/jvm/java-8-openjdk-amd64/jre"/>
    <property name="basedir" value="/home/travis/build/SpoonLabs/spoon-ci-external/spoon"/>
    <property name="file.separator" value="/"/>
    <property name="line.separator" value="&#10;"/>
    <property name="java.vm.specification.vendor" value="Oracle Corporation"/>
    <property name="java.specification.name" value="Java Platform API Specification"/>
    <property name="java.awt.graphicsenv" value="sun.awt.X11GraphicsEnvironment"/>
    <property name="sun.boot.class.path" value="/usr/lib/jvm/java-8-openjdk-amd64/jre/lib/resources.jar:/usr/lib/jvm/java-8-openjdk-amd64/jre/lib/rt.jar:/usr/lib/jvm/java-8-openjdk-amd64/jre/lib/sunrsasign.jar:/usr/lib/jvm/java-8-openjdk-amd64/jre/lib/jsse.jar:/usr/lib/jvm/java-8-openjdk-amd64/jre/lib/jce.jar:/usr/lib/jvm/java-8-openjdk-amd64/jre/lib/charsets.jar:/usr/lib/jvm/java-8-openjdk-amd64/jre/lib/jfr.jar:/usr/lib/jvm/java-8-openjdk-amd64/jre/classes"/>
    <property name="sun.management.compiler" value="HotSpot 64-Bit Tiered Compilers"/>
    <property name="java.runtime.version" value="1.8.0_252-8u252-b09-1~16.04-b09"/>
    <property name="user.name" value="travis"/>
    <property name="path.separator" value=":"/>
    <property name="os.version" value="4.15.0-1077-gcp"/>
    <property name="java.endorsed.dirs" value="/usr/lib/jvm/java-8-openjdk-amd64/jre/lib/endorsed"/>
    <property name="java.runtime.name" value="OpenJDK Runtime Environment"/>
    <property name="file.encoding" value="UTF-8"/>
    <property name="java.vm.name" value="OpenJDK 64-Bit Server VM"/>
    <property name="localRepository" value="/home/travis/.m2/repository"/>
    <property name="java.vendor.url.bug" value="http://bugreport.sun.com/bugreport/"/>
    <property name="java.io.tmpdir" value="/tmp"/>
    <property name="java.version" value="1.8.0_252"/>
    <property name="user.dir" value="/home/travis/build/SpoonLabs/spoon-ci-external/spoon"/>
    <property name="os.arch" value="amd64"/>
    <property name="java.vm.specification.name" value="Java Virtual Machine Specification"/>
    <property name="java.awt.printerjob" value="sun.print.PSPrinterJob"/>
    <property name="sun.os.patch.level" value="unknown"/>
    <property name="java.library.path" value="/usr/java/packages/lib/amd64:/usr/lib/x86_64-linux-gnu/jni:/lib/x86_64-linux-gnu:/usr/lib/x86_64-linux-gnu:/usr/lib/jni:/lib:/usr/lib"/>
    <property name="java.vm.info" value="mixed mode"/>
    <property name="java.vendor" value="Private Build"/>
    <property name="java.vm.version" value="25.252-b09"/>
    <property name="java.ext.dirs" value="/usr/lib/jvm/java-8-openjdk-amd64/jre/lib/ext:/usr/java/packages/lib/ext"/>
    <property name="sun.io.unicode.encoding" value="UnicodeLittle"/>
    <property name="java.class.version" value="52.0"/>
  </properties>
  <testcase name="testForceRefresh" classname="spoon.MavenLauncherTest" time="3.301">
    <system-out><![CDATA[18:10:22.205 [main] INFO spoon.Launcher - Running in NOCLASSPATH mode (doc: http://spoon.gforge.inria.fr/launcher.html).
18:10:22.393 [main] INFO spoon.Launcher - Running in NOCLASSPATH mode (doc: http://spoon.gforge.inria.fr/launcher.html).
18:10:24.020 [Thread-3] DEBUG spoon.Launcher - [INFO] Scanning for projects...
18:10:24.089 [Thread-3] DEBUG spoon.Launcher - [WARNING] 
18:10:24.091 [Thread-3] DEBUG spoon.Launcher - [WARNING] Some problems were encountered while building the effective model for org.foo.bar:foobar:jar:1.0.0-SNAPSHOT
18:10:24.103 [Thread-3] DEBUG spoon.Launcher - [WARNING] 'dependencies.dependency.systemPath' for com.infradna.tool:bridge-method-annotation:jar should not point at files within the project directory, ${basedir}/lib/bridge-method-annotation-1.13.jar will be unresolvable by dependent projects @ line 18, column 25
18:10:24.103 [Thread-3] DEBUG spoon.Launcher - [WARNING] 
18:10:24.103 [Thread-3] DEBUG spoon.Launcher - [WARNING] It is highly recommended to fix these problems because they threaten the stability of your build.
18:10:24.103 [Thread-3] DEBUG spoon.Launcher - [WARNING] 
18:10:24.103 [Thread-3] DEBUG spoon.Launcher - [WARNING] For this reason, future Maven versions might no longer support building such malformed projects.
18:10:24.103 [Thread-3] DEBUG spoon.Launcher - [WARNING] 
18:10:24.448 [Thread-3] DEBUG spoon.Launcher - [INFO] 
18:10:24.451 [Thread-3] DEBUG spoon.Launcher - [INFO] -------------------------< org.foo.bar:foobar >-------------------------
18:10:24.452 [Thread-3] DEBUG spoon.Launcher - [INFO] Building foobar 1.0.0-SNAPSHOT
18:10:24.453 [Thread-3] DEBUG spoon.Launcher - [INFO] --------------------------------[ jar ]---------------------------------
18:10:24.483 [Thread-3] DEBUG spoon.Launcher - [INFO] 
18:10:24.484 [Thread-3] DEBUG spoon.Launcher - [INFO] --- maven-dependency-plugin:2.8:build-classpath (default-cli) @ foobar ---
18:10:25.488 [Thread-3] DEBUG spoon.Launcher - [INFO] Wrote classpath file '/home/travis/build/SpoonLabs/spoon-ci-external/spoon/src/test/resources/maven-launcher/system-dependency/spoon.classpath.tmp'.
18:10:25.490 [Thread-3] DEBUG spoon.Launcher - [INFO] ------------------------------------------------------------------------
18:10:25.490 [Thread-3] DEBUG spoon.Launcher - [INFO] BUILD SUCCESS
18:10:25.490 [Thread-3] DEBUG spoon.Launcher - [INFO] ------------------------------------------------------------------------
18:10:25.492 [Thread-3] DEBUG spoon.Launcher - [INFO] Total time:  1.491 s
18:10:25.492 [Thread-3] DEBUG spoon.Launcher - [INFO] Finished at: 2020-08-19T18:10:25Z
18:10:25.492 [Thread-3] DEBUG spoon.Launcher - [INFO] ------------------------------------------------------------------------
]]></system-out>
  </testcase>
  <testcase name="mavenLauncherTestMultiModulesAndVariables" classname="spoon.MavenLauncherTest" time="5.509">
    <system-out><![CDATA[18:10:25.505 [main] INFO spoon.Launcher - Running in NOCLASSPATH mode (doc: http://spoon.gforge.inria.fr/launcher.html).
18:10:27.044 [Thread-6] DEBUG spoon.Launcher - [INFO] Scanning for projects...
18:10:28.420 [Thread-6] DEBUG spoon.Launcher - [INFO] 
18:10:28.422 [Thread-6] DEBUG spoon.Launcher - [INFO] -----------------------< org.pac4j:pac4j-config >-----------------------
18:10:28.424 [Thread-6] DEBUG spoon.Launcher - [INFO] Building pac4j configuration 3.0.0
18:10:28.425 [Thread-6] DEBUG spoon.Launcher - [INFO] --------------------------------[ jar ]---------------------------------
18:10:29.046 [Thread-6] DEBUG spoon.Launcher - [INFO] Downloading from sonatype-apache: https://repository.apache.org/content/repositories/releases/net/minidev/json-smart/maven-metadata.xml
18:10:29.046 [Thread-6] DEBUG spoon.Launcher - [INFO] Downloading from apache-snapshots: https://repository.apache.org/snapshots/net/minidev/json-smart/maven-metadata.xml
18:10:29.055 [Thread-6] DEBUG spoon.Launcher - [INFO] Downloading from sonatype: https://oss.sonatype.org/content/repositories/releases/net/minidev/json-smart/maven-metadata.xml
18:10:29.871 [Thread-6] DEBUG spoon.Launcher - [INFO] Downloaded from sonatype: https://oss.sonatype.org/content/repositories/releases/net/minidev/json-smart/maven-metadata.xml (849 B at 1.0 kB/s)
18:10:29.942 [Thread-6] DEBUG spoon.Launcher - [INFO] Downloading from sonatype: https://oss.sonatype.org/content/repositories/releases/com/nimbusds/lang-tag/maven-metadata.xml
18:10:29.946 [Thread-6] DEBUG spoon.Launcher - [INFO] Downloading from sonatype-apache: https://repository.apache.org/content/repositories/releases/com/nimbusds/lang-tag/maven-metadata.xml
18:10:29.951 [Thread-6] DEBUG spoon.Launcher - [INFO] Downloading from apache-snapshots: https://repository.apache.org/snapshots/com/nimbusds/lang-tag/maven-metadata.xml
18:10:30.045 [Thread-6] DEBUG spoon.Launcher - [INFO] Downloaded from sonatype: https://oss.sonatype.org/content/repositories/releases/com/nimbusds/lang-tag/maven-metadata.xml (563 B at 5.5 kB/s)
18:10:30.381 [Thread-6] DEBUG spoon.Launcher - [INFO] 
18:10:30.388 [Thread-6] DEBUG spoon.Launcher - [INFO] --- maven-dependency-plugin:2.8:build-classpath (default-cli) @ pac4j-config ---
18:10:30.958 [Thread-6] DEBUG spoon.Launcher - [INFO] Wrote classpath file '/home/travis/build/SpoonLabs/spoon-ci-external/spoon/src/test/resources/maven-launcher/pac4j/pac4j-config/spoon.classpath.tmp'.
18:10:30.960 [Thread-6] DEBUG spoon.Launcher - [INFO] ------------------------------------------------------------------------
18:10:30.961 [Thread-6] DEBUG spoon.Launcher - [INFO] BUILD SUCCESS
18:10:30.973 [Thread-6] DEBUG spoon.Launcher - [INFO] ------------------------------------------------------------------------
18:10:30.976 [Thread-6] DEBUG spoon.Launcher - [INFO] Total time:  3.963 s
18:10:30.977 [Thread-6] DEBUG spoon.Launcher - [INFO] Finished at: 2020-08-19T18:10:30Z
18:10:30.978 [Thread-6] DEBUG spoon.Launcher - [INFO] ------------------------------------------------------------------------
]]></system-out>
  </testcase>
  <testcase name="testSystemDependency" classname="spoon.MavenLauncherTest" time="0.195">
    <system-out><![CDATA[18:10:31.014 [main] INFO spoon.Launcher - Running in NOCLASSPATH mode (doc: http://spoon.gforge.inria.fr/launcher.html).
]]></system-out>
  </testcase>
  <testcase name="testRebuildClasspath" classname="spoon.MavenLauncherTest" time="3.006">
    <system-out><![CDATA[18:10:31.209 [main] INFO spoon.Launcher - Running in NOCLASSPATH mode (doc: http://spoon.gforge.inria.fr/launcher.html).
18:10:32.879 [Thread-9] DEBUG spoon.Launcher - [INFO] Scanning for projects...
18:10:32.964 [Thread-9] DEBUG spoon.Launcher - [WARNING] 
18:10:32.967 [Thread-9] DEBUG spoon.Launcher - [WARNING] Some problems were encountered while building the effective model for org.foo.bar:foobar:jar:1.0.0-SNAPSHOT
18:10:32.977 [Thread-9] DEBUG spoon.Launcher - [WARNING] 'dependencies.dependency.systemPath' for com.infradna.tool:bridge-method-annotation:jar should not point at files within the project directory, ${basedir}/lib/bridge-method-annotation-1.13.jar will be unresolvable by dependent projects @ line 18, column 25
18:10:32.978 [Thread-9] DEBUG spoon.Launcher - [WARNING] 
18:10:32.978 [Thread-9] DEBUG spoon.Launcher - [WARNING] It is highly recommended to fix these problems because they threaten the stability of your build.
18:10:32.978 [Thread-9] DEBUG spoon.Launcher - [WARNING] 
18:10:32.980 [Thread-9] DEBUG spoon.Launcher - [WARNING] For this reason, future Maven versions might no longer support building such malformed projects.
18:10:32.982 [Thread-9] DEBUG spoon.Launcher - [WARNING] 
18:10:33.346 [Thread-9] DEBUG spoon.Launcher - [INFO] 
18:10:33.347 [Thread-9] DEBUG spoon.Launcher - [INFO] -------------------------< org.foo.bar:foobar >-------------------------
18:10:33.347 [Thread-9] DEBUG spoon.Launcher - [INFO] Building foobar 1.0.0-SNAPSHOT
18:10:33.347 [Thread-9] DEBUG spoon.Launcher - [INFO] --------------------------------[ jar ]---------------------------------
18:10:33.371 [Thread-9] DEBUG spoon.Launcher - [INFO] 
18:10:33.371 [Thread-9] DEBUG spoon.Launcher - [INFO] --- maven-dependency-plugin:2.8:build-classpath (default-cli) @ foobar ---
18:10:34.190 [Thread-9] DEBUG spoon.Launcher - [INFO] Wrote classpath file '/home/travis/build/SpoonLabs/spoon-ci-external/spoon/src/test/resources/maven-launcher/system-dependency/spoon.classpath.tmp'.
18:10:34.191 [Thread-9] DEBUG spoon.Launcher - [INFO] ------------------------------------------------------------------------
18:10:34.191 [Thread-9] DEBUG spoon.Launcher - [INFO] BUILD SUCCESS
18:10:34.191 [Thread-9] DEBUG spoon.Launcher - [INFO] ------------------------------------------------------------------------
18:10:34.192 [Thread-9] DEBUG spoon.Launcher - [INFO] Total time:  1.341 s
18:10:34.194 [Thread-9] DEBUG spoon.Launcher - [INFO] Finished at: 2020-08-19T18:10:34Z
18:10:34.194 [Thread-9] DEBUG spoon.Launcher - [INFO] ------------------------------------------------------------------------
]]></system-out>
  </testcase>
  <testcase name="testTypeResolution" classname="spoon.MavenLauncherTest" time="0">
    <skipped/>
  </testcase>
  <testcase name="multiModulesProjectTest" classname="spoon.MavenLauncherTest" time="6.677">
    <system-out><![CDATA[18:10:34.243 [main] INFO spoon.Launcher - Running in NOCLASSPATH mode (doc: http://spoon.gforge.inria.fr/launcher.html).
18:10:35.900 [Thread-12] DEBUG spoon.Launcher - [INFO] Scanning for projects...
18:10:37.106 [Thread-12] DEBUG spoon.Launcher - [INFO] ------------------------------------------------------------------------
18:10:37.107 [Thread-12] DEBUG spoon.Launcher - [INFO] Reactor Build Order:
18:10:37.107 [Thread-12] DEBUG spoon.Launcher - [INFO] 
18:10:37.114 [Thread-12] DEBUG spoon.Launcher - [INFO] pac4j                                                              [pom]
18:10:37.123 [Thread-12] DEBUG spoon.Launcher - [INFO] pac4j core                                                         [jar]
18:10:37.123 [Thread-12] DEBUG spoon.Launcher - [INFO] pac4j for CAS protocol                                             [jar]
18:10:37.124 [Thread-12] DEBUG spoon.Launcher - [INFO] pac4j for SAML protocol                                            [jar]
18:10:37.124 [Thread-12] DEBUG spoon.Launcher - [INFO] pac4j for OAuth protocol                                           [jar]
18:10:37.124 [Thread-12] DEBUG spoon.Launcher - [INFO] pac4j for OpenID Connect protocol                                  [jar]
18:10:37.124 [Thread-12] DEBUG spoon.Launcher - [INFO] pac4j for LDAP                                                     [jar]
18:10:37.124 [Thread-12] DEBUG spoon.Launcher - [INFO] pac4j for HTTP protocol                                            [jar]
18:10:37.124 [Thread-12] DEBUG spoon.Launcher - [INFO] pac4j for relational DB                                            [jar]
18:10:37.124 [Thread-12] DEBUG spoon.Launcher - [INFO] pac4j configuration                                                [jar]
18:10:37.124 [Thread-12] DEBUG spoon.Launcher - [INFO] pac4j for OpenId protocol                                          [jar]
18:10:37.124 [Thread-12] DEBUG spoon.Launcher - [INFO] pac4j for GAE UserService mechanism                                [jar]
18:10:37.124 [Thread-12] DEBUG spoon.Launcher - [INFO] pac4j for JWT                                                      [jar]
18:10:37.124 [Thread-12] DEBUG spoon.Launcher - [INFO] pac4j for MongoDB                                                  [jar]
18:10:37.124 [Thread-12] DEBUG spoon.Launcher - [INFO] pac4j for CouchDB                                                  [jar]
18:10:37.124 [Thread-12] DEBUG spoon.Launcher - [INFO] pac4j for Kerberos                                                 [jar]
18:10:37.382 [Thread-12] DEBUG spoon.Launcher - [INFO] 
18:10:37.383 [Thread-12] DEBUG spoon.Launcher - [INFO] --------------------------< org.pac4j:pac4j >---------------------------
18:10:37.383 [Thread-12] DEBUG spoon.Launcher - [INFO] Building pac4j 3.0.0                                              [1/16]
18:10:37.383 [Thread-12] DEBUG spoon.Launcher - [INFO] --------------------------------[ pom ]---------------------------------
18:10:37.394 [Thread-12] DEBUG spoon.Launcher - [INFO] 
18:10:37.395 [Thread-12] DEBUG spoon.Launcher - [INFO] --- maven-dependency-plugin:2.8:build-classpath (default-cli) @ pac4j ---
18:10:37.958 [Thread-12] DEBUG spoon.Launcher - [INFO] No dependencies found.
18:10:37.960 [Thread-12] DEBUG spoon.Launcher - [INFO] Wrote classpath file '/home/travis/build/SpoonLabs/spoon-ci-external/spoon/src/test/resources/maven-launcher/pac4j/spoon.classpath.tmp'.
18:10:37.962 [Thread-12] DEBUG spoon.Launcher - [INFO] 
18:10:37.963 [Thread-12] DEBUG spoon.Launcher - [INFO] ------------------------< org.pac4j:pac4j-core >------------------------
18:10:37.964 [Thread-12] DEBUG spoon.Launcher - [INFO] Building pac4j core 3.0.0                                         [2/16]
18:10:37.965 [Thread-12] DEBUG spoon.Launcher - [INFO] --------------------------------[ jar ]---------------------------------
18:10:38.059 [Thread-12] DEBUG spoon.Launcher - [INFO] 
18:10:38.060 [Thread-12] DEBUG spoon.Launcher - [INFO] --- maven-dependency-plugin:2.8:build-classpath (default-cli) @ pac4j-core ---
18:10:38.626 [Thread-12] DEBUG spoon.Launcher - [INFO] Wrote classpath file '/home/travis/build/SpoonLabs/spoon-ci-external/spoon/src/test/resources/maven-launcher/pac4j/pac4j-core/spoon.classpath.tmp'.
18:10:38.629 [Thread-12] DEBUG spoon.Launcher - [INFO] 
18:10:38.630 [Thread-12] DEBUG spoon.Launcher - [INFO] ------------------------< org.pac4j:pac4j-cas >-------------------------
18:10:38.631 [Thread-12] DEBUG spoon.Launcher - [INFO] Building pac4j for CAS protocol 3.0.0                             [3/16]
18:10:38.632 [Thread-12] DEBUG spoon.Launcher - [INFO] --------------------------------[ jar ]---------------------------------
18:10:38.652 [Thread-12] DEBUG spoon.Launcher - [INFO] 
18:10:38.653 [Thread-12] DEBUG spoon.Launcher - [INFO] --- maven-dependency-plugin:2.8:build-classpath (default-cli) @ pac4j-cas ---
18:10:38.661 [Thread-12] DEBUG spoon.Launcher - [INFO] Wrote classpath file '/home/travis/build/SpoonLabs/spoon-ci-external/spoon/src/test/resources/maven-launcher/pac4j/pac4j-cas/spoon.classpath.tmp'.
18:10:38.662 [Thread-12] DEBUG spoon.Launcher - [INFO] 
18:10:38.663 [Thread-12] DEBUG spoon.Launcher - [INFO] ------------------------< org.pac4j:pac4j-saml >------------------------
18:10:38.664 [Thread-12] DEBUG spoon.Launcher - [INFO] Building pac4j for SAML protocol 3.0.0                            [4/16]
18:10:38.665 [Thread-12] DEBUG spoon.Launcher - [INFO] --------------------------------[ jar ]---------------------------------
18:10:38.842 [Thread-12] DEBUG spoon.Launcher - [INFO] 
18:10:38.842 [Thread-12] DEBUG spoon.Launcher - [INFO] --- maven-dependency-plugin:2.8:build-classpath (default-cli) @ pac4j-saml ---
18:10:38.846 [Thread-12] DEBUG spoon.Launcher - [INFO] Wrote classpath file '/home/travis/build/SpoonLabs/spoon-ci-external/spoon/src/test/resources/maven-launcher/pac4j/pac4j-saml/spoon.classpath.tmp'.
18:10:38.847 [Thread-12] DEBUG spoon.Launcher - [INFO] 
18:10:38.848 [Thread-12] DEBUG spoon.Launcher - [INFO] -----------------------< org.pac4j:pac4j-oauth >------------------------
18:10:38.855 [Thread-12] DEBUG spoon.Launcher - [INFO] Building pac4j for OAuth protocol 3.0.0                           [5/16]
18:10:38.861 [Thread-12] DEBUG spoon.Launcher - [INFO] --------------------------------[ jar ]---------------------------------
18:10:38.905 [Thread-12] DEBUG spoon.Launcher - [INFO] 
18:10:38.905 [Thread-12] DEBUG spoon.Launcher - [INFO] --- maven-dependency-plugin:2.8:build-classpath (default-cli) @ pac4j-oauth ---
18:10:38.918 [Thread-12] DEBUG spoon.Launcher - [INFO] Wrote classpath file '/home/travis/build/SpoonLabs/spoon-ci-external/spoon/src/test/resources/maven-launcher/pac4j/pac4j-oauth/spoon.classpath.tmp'.
18:10:38.918 [Thread-12] DEBUG spoon.Launcher - [INFO] 
18:10:38.918 [Thread-12] DEBUG spoon.Launcher - [INFO] ------------------------< org.pac4j:pac4j-oidc >------------------------
18:10:38.918 [Thread-12] DEBUG spoon.Launcher - [INFO] Building pac4j for OpenID Connect protocol 3.0.0                  [6/16]
18:10:38.919 [Thread-12] DEBUG spoon.Launcher - [INFO] --------------------------------[ jar ]---------------------------------
18:10:39.264 [Thread-12] DEBUG spoon.Launcher - [INFO] Downloading from apache-snapshots: https://repository.apache.org/snapshots/com/nimbusds/lang-tag/maven-metadata.xml
18:10:39.276 [Thread-12] DEBUG spoon.Launcher - [INFO] Downloading from sonatype: https://oss.sonatype.org/content/repositories/releases/com/nimbusds/lang-tag/maven-metadata.xml
18:10:39.277 [Thread-12] DEBUG spoon.Launcher - [INFO] Downloading from sonatype-apache: https://repository.apache.org/content/repositories/releases/com/nimbusds/lang-tag/maven-metadata.xml
18:10:40.055 [Thread-12] DEBUG spoon.Launcher - [INFO] Downloaded from sonatype: https://oss.sonatype.org/content/repositories/releases/com/nimbusds/lang-tag/maven-metadata.xml (563 B at 701 B/s)
18:10:40.076 [Thread-12] DEBUG spoon.Launcher - [INFO] Downloading from sonatype: https://oss.sonatype.org/content/repositories/releases/net/minidev/json-smart/maven-metadata.xml
18:10:40.080 [Thread-12] DEBUG spoon.Launcher - [INFO] Downloading from sonatype-apache: https://repository.apache.org/content/repositories/releases/net/minidev/json-smart/maven-metadata.xml
18:10:40.086 [Thread-12] DEBUG spoon.Launcher - [INFO] Downloading from apache-snapshots: https://repository.apache.org/snapshots/net/minidev/json-smart/maven-metadata.xml
18:10:40.176 [Thread-12] DEBUG spoon.Launcher - [INFO] Downloaded from sonatype: https://oss.sonatype.org/content/repositories/releases/net/minidev/json-smart/maven-metadata.xml (849 B at 8.6 kB/s)
18:10:40.474 [Thread-12] DEBUG spoon.Launcher - [INFO] 
18:10:40.475 [Thread-12] DEBUG spoon.Launcher - [INFO] --- maven-dependency-plugin:2.8:build-classpath (default-cli) @ pac4j-oidc ---
18:10:40.480 [Thread-12] DEBUG spoon.Launcher - [INFO] Wrote classpath file '/home/travis/build/SpoonLabs/spoon-ci-external/spoon/src/test/resources/maven-launcher/pac4j/pac4j-oidc/spoon.classpath.tmp'.
18:10:40.480 [Thread-12] DEBUG spoon.Launcher - [INFO] 
18:10:40.481 [Thread-12] DEBUG spoon.Launcher - [INFO] ------------------------< org.pac4j:pac4j-ldap >------------------------
18:10:40.481 [Thread-12] DEBUG spoon.Launcher - [INFO] Building pac4j for LDAP 3.0.0                                     [7/16]
18:10:40.482 [Thread-12] DEBUG spoon.Launcher - [INFO] --------------------------------[ jar ]---------------------------------
18:10:40.503 [Thread-12] DEBUG spoon.Launcher - [INFO] 
18:10:40.504 [Thread-12] DEBUG spoon.Launcher - [INFO] --- maven-dependency-plugin:2.8:build-classpath (default-cli) @ pac4j-ldap ---
18:10:40.514 [Thread-12] DEBUG spoon.Launcher - [INFO] Wrote classpath file '/home/travis/build/SpoonLabs/spoon-ci-external/spoon/src/test/resources/maven-launcher/pac4j/pac4j-ldap/spoon.classpath.tmp'.
18:10:40.514 [Thread-12] DEBUG spoon.Launcher - [INFO] 
18:10:40.514 [Thread-12] DEBUG spoon.Launcher - [INFO] ------------------------< org.pac4j:pac4j-http >------------------------
18:10:40.515 [Thread-12] DEBUG spoon.Launcher - [INFO] Building pac4j for HTTP protocol 3.0.0                            [8/16]
18:10:40.516 [Thread-12] DEBUG spoon.Launcher - [INFO] --------------------------------[ jar ]---------------------------------
18:10:40.524 [Thread-12] DEBUG spoon.Launcher - [INFO] 
18:10:40.524 [Thread-12] DEBUG spoon.Launcher - [INFO] --- maven-dependency-plugin:2.8:build-classpath (default-cli) @ pac4j-http ---
18:10:40.527 [Thread-12] DEBUG spoon.Launcher - [INFO] Wrote classpath file '/home/travis/build/SpoonLabs/spoon-ci-external/spoon/src/test/resources/maven-launcher/pac4j/pac4j-http/spoon.classpath.tmp'.
18:10:40.527 [Thread-12] DEBUG spoon.Launcher - [INFO] 
18:10:40.528 [Thread-12] DEBUG spoon.Launcher - [INFO] ------------------------< org.pac4j:pac4j-sql >-------------------------
18:10:40.528 [Thread-12] DEBUG spoon.Launcher - [INFO] Building pac4j for relational DB 3.0.0                            [9/16]
18:10:40.528 [Thread-12] DEBUG spoon.Launcher - [INFO] --------------------------------[ jar ]---------------------------------
18:10:40.540 [Thread-12] DEBUG spoon.Launcher - [INFO] 
18:10:40.540 [Thread-12] DEBUG spoon.Launcher - [INFO] --- maven-dependency-plugin:2.8:build-classpath (default-cli) @ pac4j-sql ---
18:10:40.544 [Thread-12] DEBUG spoon.Launcher - [INFO] Wrote classpath file '/home/travis/build/SpoonLabs/spoon-ci-external/spoon/src/test/resources/maven-launcher/pac4j/pac4j-sql/spoon.classpath.tmp'.
18:10:40.545 [Thread-12] DEBUG spoon.Launcher - [INFO] 
18:10:40.545 [Thread-12] DEBUG spoon.Launcher - [INFO] -----------------------< org.pac4j:pac4j-config >-----------------------
18:10:40.545 [Thread-12] DEBUG spoon.Launcher - [INFO] Building pac4j configuration 3.0.0                               [10/16]
18:10:40.545 [Thread-12] DEBUG spoon.Launcher - [INFO] --------------------------------[ jar ]---------------------------------
18:10:40.584 [Thread-12] DEBUG spoon.Launcher - [INFO] 
18:10:40.585 [Thread-12] DEBUG spoon.Launcher - [INFO] --- maven-dependency-plugin:2.8:build-classpath (default-cli) @ pac4j-config ---
18:10:40.590 [Thread-12] DEBUG spoon.Launcher - [INFO] Wrote classpath file '/home/travis/build/SpoonLabs/spoon-ci-external/spoon/src/test/resources/maven-launcher/pac4j/pac4j-config/spoon.classpath.tmp'.
18:10:40.590 [Thread-12] DEBUG spoon.Launcher - [INFO] 
18:10:40.591 [Thread-12] DEBUG spoon.Launcher - [INFO] -----------------------< org.pac4j:pac4j-openid >-----------------------
18:10:40.591 [Thread-12] DEBUG spoon.Launcher - [INFO] Building pac4j for OpenId protocol 3.0.0                         [11/16]
18:10:40.591 [Thread-12] DEBUG spoon.Launcher - [INFO] --------------------------------[ jar ]---------------------------------
18:10:40.613 [Thread-12] DEBUG spoon.Launcher - [WARNING] The artifact xml-apis:xml-apis:jar:2.0.2 has been relocated to xml-apis:xml-apis:jar:1.0.b2
18:10:40.615 [Thread-12] DEBUG spoon.Launcher - [INFO] 
18:10:40.615 [Thread-12] DEBUG spoon.Launcher - [INFO] --- maven-dependency-plugin:2.8:build-classpath (default-cli) @ pac4j-openid ---
18:10:40.619 [Thread-12] DEBUG spoon.Launcher - [INFO] Wrote classpath file '/home/travis/build/SpoonLabs/spoon-ci-external/spoon/src/test/resources/maven-launcher/pac4j/pac4j-openid/spoon.classpath.tmp'.
18:10:40.619 [Thread-12] DEBUG spoon.Launcher - [INFO] 
18:10:40.619 [Thread-12] DEBUG spoon.Launcher - [INFO] ------------------------< org.pac4j:pac4j-gae >-------------------------
18:10:40.619 [Thread-12] DEBUG spoon.Launcher - [INFO] Building pac4j for GAE UserService mechanism 3.0.0               [12/16]
18:10:40.619 [Thread-12] DEBUG spoon.Launcher - [INFO] --------------------------------[ jar ]---------------------------------
18:10:40.635 [Thread-12] DEBUG spoon.Launcher - [INFO] 
18:10:40.635 [Thread-12] DEBUG spoon.Launcher - [INFO] --- maven-dependency-plugin:2.8:build-classpath (default-cli) @ pac4j-gae ---
18:10:40.641 [Thread-12] DEBUG spoon.Launcher - [INFO] Wrote classpath file '/home/travis/build/SpoonLabs/spoon-ci-external/spoon/src/test/resources/maven-launcher/pac4j/pac4j-gae/spoon.classpath.tmp'.
18:10:40.642 [Thread-12] DEBUG spoon.Launcher - [INFO] 
18:10:40.642 [Thread-12] DEBUG spoon.Launcher - [INFO] ------------------------< org.pac4j:pac4j-jwt >-------------------------
18:10:40.642 [Thread-12] DEBUG spoon.Launcher - [INFO] Building pac4j for JWT 3.0.0                                     [13/16]
18:10:40.642 [Thread-12] DEBUG spoon.Launcher - [INFO] --------------------------------[ jar ]---------------------------------
18:10:40.652 [Thread-12] DEBUG spoon.Launcher - [INFO] 
18:10:40.652 [Thread-12] DEBUG spoon.Launcher - [INFO] --- maven-dependency-plugin:2.8:build-classpath (default-cli) @ pac4j-jwt ---
18:10:40.655 [Thread-12] DEBUG spoon.Launcher - [INFO] Wrote classpath file '/home/travis/build/SpoonLabs/spoon-ci-external/spoon/src/test/resources/maven-launcher/pac4j/pac4j-jwt/spoon.classpath.tmp'.
18:10:40.655 [Thread-12] DEBUG spoon.Launcher - [INFO] 
18:10:40.656 [Thread-12] DEBUG spoon.Launcher - [INFO] -----------------------< org.pac4j:pac4j-mongo >------------------------
18:10:40.656 [Thread-12] DEBUG spoon.Launcher - [INFO] Building pac4j for MongoDB 3.0.0                                 [14/16]
18:10:40.656 [Thread-12] DEBUG spoon.Launcher - [INFO] --------------------------------[ jar ]---------------------------------
18:10:40.678 [Thread-12] DEBUG spoon.Launcher - [INFO] 
18:10:40.678 [Thread-12] DEBUG spoon.Launcher - [INFO] --- maven-dependency-plugin:2.8:build-classpath (default-cli) @ pac4j-mongo ---
18:10:40.682 [Thread-12] DEBUG spoon.Launcher - [INFO] Wrote classpath file '/home/travis/build/SpoonLabs/spoon-ci-external/spoon/src/test/resources/maven-launcher/pac4j/pac4j-mongo/spoon.classpath.tmp'.
18:10:40.683 [Thread-12] DEBUG spoon.Launcher - [INFO] 
18:10:40.683 [Thread-12] DEBUG spoon.Launcher - [INFO] -----------------------< org.pac4j:pac4j-couch >------------------------
18:10:40.683 [Thread-12] DEBUG spoon.Launcher - [INFO] Building pac4j for CouchDB 3.0.0                                 [15/16]
18:10:40.683 [Thread-12] DEBUG spoon.Launcher - [INFO] --------------------------------[ jar ]---------------------------------
18:10:40.754 [Thread-12] DEBUG spoon.Launcher - [INFO] 
18:10:40.755 [Thread-12] DEBUG spoon.Launcher - [INFO] --- maven-dependency-plugin:2.8:build-classpath (default-cli) @ pac4j-couch ---
18:10:40.759 [Thread-12] DEBUG spoon.Launcher - [INFO] Wrote classpath file '/home/travis/build/SpoonLabs/spoon-ci-external/spoon/src/test/resources/maven-launcher/pac4j/pac4j-couch/spoon.classpath.tmp'.
18:10:40.759 [Thread-12] DEBUG spoon.Launcher - [INFO] 
18:10:40.759 [Thread-12] DEBUG spoon.Launcher - [INFO] ----------------------< org.pac4j:pac4j-kerberos >----------------------
18:10:40.759 [Thread-12] DEBUG spoon.Launcher - [INFO] Building pac4j for Kerberos 3.0.0                                [16/16]
18:10:40.760 [Thread-12] DEBUG spoon.Launcher - [INFO] --------------------------------[ jar ]---------------------------------
18:10:40.853 [Thread-12] DEBUG spoon.Launcher - [INFO] 
18:10:40.855 [Thread-12] DEBUG spoon.Launcher - [INFO] --- maven-dependency-plugin:2.8:build-classpath (default-cli) @ pac4j-kerberos ---
18:10:40.866 [Thread-12] DEBUG spoon.Launcher - [INFO] Wrote classpath file '/home/travis/build/SpoonLabs/spoon-ci-external/spoon/src/test/resources/maven-launcher/pac4j/pac4j-kerberos/spoon.classpath.tmp'.
18:10:40.867 [Thread-12] DEBUG spoon.Launcher - [INFO] ------------------------------------------------------------------------
18:10:40.868 [Thread-12] DEBUG spoon.Launcher - [INFO] Reactor Summary for pac4j 3.0.0:
18:10:40.868 [Thread-12] DEBUG spoon.Launcher - [INFO] 
18:10:40.869 [Thread-12] DEBUG spoon.Launcher - [INFO] pac4j .............................................. SUCCESS [  0.580 s]
18:10:40.870 [Thread-12] DEBUG spoon.Launcher - [INFO] pac4j core ......................................... SUCCESS [  0.666 s]
18:10:40.872 [Thread-12] DEBUG spoon.Launcher - [INFO] pac4j for CAS protocol ............................. SUCCESS [  0.033 s]
18:10:40.875 [Thread-12] DEBUG spoon.Launcher - [INFO] pac4j for SAML protocol ............................ SUCCESS [  0.185 s]
18:10:40.876 [Thread-12] DEBUG spoon.Launcher - [INFO] pac4j for OAuth protocol ........................... SUCCESS [  0.071 s]
18:10:40.877 [Thread-12] DEBUG spoon.Launcher - [INFO] pac4j for OpenID Connect protocol .................. SUCCESS [  1.562 s]
18:10:40.878 [Thread-12] DEBUG spoon.Launcher - [INFO] pac4j for LDAP ..................................... SUCCESS [  0.034 s]
18:10:40.879 [Thread-12] DEBUG spoon.Launcher - [INFO] pac4j for HTTP protocol ............................ SUCCESS [  0.013 s]
18:10:40.880 [Thread-12] DEBUG spoon.Launcher - [INFO] pac4j for relational DB ............................ SUCCESS [  0.017 s]
18:10:40.881 [Thread-12] DEBUG spoon.Launcher - [INFO] pac4j configuration ................................ SUCCESS [  0.046 s]
18:10:40.881 [Thread-12] DEBUG spoon.Launcher - [INFO] pac4j for OpenId protocol .......................... SUCCESS [  0.029 s]
18:10:40.882 [Thread-12] DEBUG spoon.Launcher - [INFO] pac4j for GAE UserService mechanism ................ SUCCESS [  0.022 s]
18:10:40.883 [Thread-12] DEBUG spoon.Launcher - [INFO] pac4j for JWT ...................................... SUCCESS [  0.014 s]
18:10:40.884 [Thread-12] DEBUG spoon.Launcher - [INFO] pac4j for MongoDB .................................. SUCCESS [  0.027 s]
18:10:40.885 [Thread-12] DEBUG spoon.Launcher - [INFO] pac4j for CouchDB .................................. SUCCESS [  0.077 s]
18:10:40.886 [Thread-12] DEBUG spoon.Launcher - [INFO] pac4j for Kerberos ................................. SUCCESS [  0.107 s]
18:10:40.886 [Thread-12] DEBUG spoon.Launcher - [INFO] ------------------------------------------------------------------------
18:10:40.887 [Thread-12] DEBUG spoon.Launcher - [INFO] BUILD SUCCESS
18:10:40.887 [Thread-12] DEBUG spoon.Launcher - [INFO] ------------------------------------------------------------------------
18:10:40.888 [Thread-12] DEBUG spoon.Launcher - [INFO] Total time:  5.018 s
18:10:40.889 [Thread-12] DEBUG spoon.Launcher - [INFO] Finished at: 2020-08-19T18:10:40Z
18:10:40.889 [Thread-12] DEBUG spoon.Launcher - [INFO] ------------------------------------------------------------------------
]]></system-out>
  </testcase>
  <testcase name="mavenLauncherOnANotExistingFileTest" classname="spoon.MavenLauncherTest" time="0.002">
    <system-out><![CDATA[18:10:40.941 [main] INFO spoon.Launcher - Running in NOCLASSPATH mode (doc: http://spoon.gforge.inria.fr/launcher.html).
]]></system-out>
  </testcase>
  <testcase name="spoonMavenLauncherTest" classname="spoon.MavenLauncherTest" time="13.941">
    <system-out><![CDATA[18:10:40.943 [main] INFO spoon.Launcher - Running in NOCLASSPATH mode (doc: http://spoon.gforge.inria.fr/launcher.html).
18:10:42.731 [Thread-15] DEBUG spoon.Launcher - [INFO] Scanning for projects...
18:10:43.995 [Thread-15] DEBUG spoon.Launcher - [INFO] Inspecting build with total of 1 modules...
18:10:43.997 [Thread-15] DEBUG spoon.Launcher - [INFO] Installing Nexus Staging features:
18:10:43.998 [Thread-15] DEBUG spoon.Launcher - [INFO]   ... total of 1 executions of maven-deploy-plugin replaced with nexus-staging-maven-plugin
18:10:44.117 [Thread-15] DEBUG spoon.Launcher - [INFO] 
18:10:44.125 [Thread-15] DEBUG spoon.Launcher - [INFO] ------------------< fr.inria.gforge.spoon:spoon-core >------------------
18:10:44.126 [Thread-15] DEBUG spoon.Launcher - [INFO] Building Spoon Core 8.3.0-SNAPSHOT
18:10:44.127 [Thread-15] DEBUG spoon.Launcher - [INFO] --------------------------------[ jar ]---------------------------------
18:10:44.589 [Thread-15] DEBUG spoon.Launcher - [INFO] Downloading from maven.inria.fr-snapshot: https://maven.irisa.fr/artifactory/spoon-public-snapshot/junit/junit-dep/maven-metadata.xml
18:10:44.765 [Thread-15] DEBUG spoon.Launcher - [INFO] Downloading from apache-snapshots: https://repository.apache.org/snapshots/junit/junit-dep/maven-metadata.xml
18:10:44.767 [Thread-15] DEBUG spoon.Launcher - [INFO] Downloading from sonatype: https://oss.sonatype.org/content/repositories/releases/junit/junit-dep/maven-metadata.xml
18:10:44.767 [Thread-15] DEBUG spoon.Launcher - [INFO] Downloading from sonatype-apache: https://repository.apache.org/content/repositories/releases/junit/junit-dep/maven-metadata.xml
18:10:45.416 [Thread-15] DEBUG spoon.Launcher - [INFO] Downloaded from sonatype: https://oss.sonatype.org/content/repositories/releases/junit/junit-dep/maven-metadata.xml (563 B at 674 B/s)
18:10:45.426 [Thread-15] DEBUG spoon.Launcher - [WARNING] Could not transfer metadata junit:junit-dep/maven-metadata.xml from/to maven.inria.fr-snapshot (https://maven.irisa.fr/artifactory/spoon-public-snapshot): Transfer failed for https://maven.irisa.fr/artifactory/spoon-public-snapshot/junit/junit-dep/maven-metadata.xml
18:10:45.473 [Thread-15] DEBUG spoon.Launcher - [INFO] 
18:10:45.474 [Thread-15] DEBUG spoon.Launcher - [INFO] --- maven-dependency-plugin:3.1.2:build-classpath (default-cli) @ spoon-core ---
18:10:46.358 [Thread-15] DEBUG spoon.Launcher - [INFO] Wrote classpath file '/home/travis/build/SpoonLabs/spoon-ci-external/spoon/spoon.classpath-app.tmp'.
18:10:46.361 [Thread-15] DEBUG spoon.Launcher - [INFO] ------------------------------------------------------------------------
18:10:46.361 [Thread-15] DEBUG spoon.Launcher - [INFO] BUILD SUCCESS
18:10:46.361 [Thread-15] DEBUG spoon.Launcher - [INFO] ------------------------------------------------------------------------
18:10:46.363 [Thread-15] DEBUG spoon.Launcher - [INFO] Total time:  3.657 s
18:10:46.365 [Thread-15] DEBUG spoon.Launcher - [INFO] Finished at: 2020-08-19T18:10:46Z
18:10:46.365 [Thread-15] DEBUG spoon.Launcher - [INFO] ------------------------------------------------------------------------
18:10:46.452 [main] INFO spoon.Launcher - Running in NOCLASSPATH mode (doc: http://spoon.gforge.inria.fr/launcher.html).
18:10:48.019 [Thread-18] DEBUG spoon.Launcher - [INFO] Scanning for projects...
18:10:49.354 [Thread-18] DEBUG spoon.Launcher - [INFO] Inspecting build with total of 1 modules...
18:10:49.356 [Thread-18] DEBUG spoon.Launcher - [INFO] Installing Nexus Staging features:
18:10:49.357 [Thread-18] DEBUG spoon.Launcher - [INFO]   ... total of 1 executions of maven-deploy-plugin replaced with nexus-staging-maven-plugin
18:10:49.438 [Thread-18] DEBUG spoon.Launcher - [INFO] 
18:10:49.439 [Thread-18] DEBUG spoon.Launcher - [INFO] ------------------< fr.inria.gforge.spoon:spoon-core >------------------
18:10:49.440 [Thread-18] DEBUG spoon.Launcher - [INFO] Building Spoon Core 8.3.0-SNAPSHOT
18:10:49.441 [Thread-18] DEBUG spoon.Launcher - [INFO] --------------------------------[ jar ]---------------------------------
18:10:49.898 [Thread-18] DEBUG spoon.Launcher - [INFO] Downloading from sonatype-apache: https://repository.apache.org/content/repositories/releases/junit/junit-dep/maven-metadata.xml
18:10:49.899 [Thread-18] DEBUG spoon.Launcher - [INFO] Downloading from apache-snapshots: https://repository.apache.org/snapshots/junit/junit-dep/maven-metadata.xml
18:10:50.021 [Thread-18] DEBUG spoon.Launcher - [INFO] Downloading from maven.inria.fr-snapshot: https://maven.irisa.fr/artifactory/spoon-public-snapshot/junit/junit-dep/maven-metadata.xml
18:10:50.021 [Thread-18] DEBUG spoon.Launcher - [INFO] Downloading from sonatype: https://oss.sonatype.org/content/repositories/releases/junit/junit-dep/maven-metadata.xml
18:10:50.672 [Thread-18] DEBUG spoon.Launcher - [INFO] Downloaded from sonatype: https://oss.sonatype.org/content/repositories/releases/junit/junit-dep/maven-metadata.xml (563 B at 725 B/s)
18:10:50.675 [Thread-18] DEBUG spoon.Launcher - [WARNING] Could not transfer metadata junit:junit-dep/maven-metadata.xml from/to maven.inria.fr-snapshot (https://maven.irisa.fr/artifactory/spoon-public-snapshot): Transfer failed for https://maven.irisa.fr/artifactory/spoon-public-snapshot/junit/junit-dep/maven-metadata.xml
18:10:50.712 [Thread-18] DEBUG spoon.Launcher - [INFO] 
18:10:50.714 [Thread-18] DEBUG spoon.Launcher - [INFO] --- maven-dependency-plugin:3.1.2:build-classpath (default-cli) @ spoon-core ---
18:10:51.536 [Thread-18] DEBUG spoon.Launcher - [INFO] Wrote classpath file '/home/travis/build/SpoonLabs/spoon-ci-external/spoon/spoon.classpath.tmp'.
18:10:51.539 [Thread-18] DEBUG spoon.Launcher - [INFO] ------------------------------------------------------------------------
18:10:51.540 [Thread-18] DEBUG spoon.Launcher - [INFO] BUILD SUCCESS
18:10:51.540 [Thread-18] DEBUG spoon.Launcher - [INFO] ------------------------------------------------------------------------
18:10:51.543 [Thread-18] DEBUG spoon.Launcher - [INFO] Total time:  3.547 s
18:10:51.544 [Thread-18] DEBUG spoon.Launcher - [INFO] Finished at: 2020-08-19T18:10:51Z
18:10:51.545 [Thread-18] DEBUG spoon.Launcher - [INFO] ------------------------------------------------------------------------
18:10:51.678 [main] INFO spoon.Launcher - Running in NOCLASSPATH mode (doc: http://spoon.gforge.inria.fr/launcher.html).
18:10:51.859 [main] INFO spoon.Launcher - Running in NOCLASSPATH mode (doc: http://spoon.gforge.inria.fr/launcher.html).
18:10:53.348 [Thread-21] DEBUG spoon.Launcher - [INFO] Scanning for projects...
18:10:53.687 [Thread-21] DEBUG spoon.Launcher - [INFO] 
18:10:53.688 [Thread-21] DEBUG spoon.Launcher - [INFO] -------------------------< org.foo.bar:foobar >-------------------------
18:10:53.689 [Thread-21] DEBUG spoon.Launcher - [INFO] Building foobar 1.0.0-SNAPSHOT
18:10:53.689 [Thread-21] DEBUG spoon.Launcher - [INFO] --------------------------------[ jar ]---------------------------------
18:10:53.712 [Thread-21] DEBUG spoon.Launcher - [INFO] 
18:10:53.717 [Thread-21] DEBUG spoon.Launcher - [INFO] --- maven-dependency-plugin:2.8:build-classpath (default-cli) @ foobar ---
18:10:54.817 [Thread-21] DEBUG spoon.Launcher - [INFO] No dependencies found.
18:10:54.821 [Thread-21] DEBUG spoon.Launcher - [INFO] Wrote classpath file '/home/travis/build/SpoonLabs/spoon-ci-external/spoon/src/test/resources/maven-launcher/java-11/spoon.classpath-app.tmp'.
18:10:54.824 [Thread-21] DEBUG spoon.Launcher - [INFO] ------------------------------------------------------------------------
18:10:54.825 [Thread-21] DEBUG spoon.Launcher - [INFO] BUILD SUCCESS
18:10:54.825 [Thread-21] DEBUG spoon.Launcher - [INFO] ------------------------------------------------------------------------
18:10:54.826 [Thread-21] DEBUG spoon.Launcher - [INFO] Total time:  1.500 s
18:10:54.827 [Thread-21] DEBUG spoon.Launcher - [INFO] Finished at: 2020-08-19T18:10:54Z
18:10:54.827 [Thread-21] DEBUG spoon.Launcher - [INFO] ------------------------------------------------------------------------
18:10:54.859 [main] INFO spoon.Launcher - Running in NOCLASSPATH mode (doc: http://spoon.gforge.inria.fr/launcher.html).
]]></system-out>
  </testcase>
  <testcase name="mavenLauncherTestWithVerySimpleProject" classname="spoon.MavenLauncherTest" time="3.207">
    <system-out><![CDATA[18:10:54.892 [main] INFO spoon.Launcher - Running in NOCLASSPATH mode (doc: http://spoon.gforge.inria.fr/launcher.html).
18:10:56.620 [Thread-24] DEBUG spoon.Launcher - [INFO] Scanning for projects...
18:10:57.054 [Thread-24] DEBUG spoon.Launcher - [INFO] 
18:10:57.055 [Thread-24] DEBUG spoon.Launcher - [INFO] -------------------------< org.foo.bar:foobar >-------------------------
18:10:57.059 [Thread-24] DEBUG spoon.Launcher - [INFO] Building foobar 1.0.0-SNAPSHOT
18:10:57.060 [Thread-24] DEBUG spoon.Launcher - [INFO] --------------------------------[ jar ]---------------------------------
18:10:57.083 [Thread-24] DEBUG spoon.Launcher - [INFO] 
18:10:57.088 [Thread-24] DEBUG spoon.Launcher - [INFO] --- maven-dependency-plugin:2.8:build-classpath (default-cli) @ foobar ---
18:10:58.068 [Thread-24] DEBUG spoon.Launcher - [INFO] No dependencies found.
18:10:58.071 [Thread-24] DEBUG spoon.Launcher - [INFO] Wrote classpath file '/home/travis/build/SpoonLabs/spoon-ci-external/spoon/src/test/resources/maven-launcher/very-simple/spoon.classpath.tmp'.
18:10:58.073 [Thread-24] DEBUG spoon.Launcher - [INFO] ------------------------------------------------------------------------
18:10:58.074 [Thread-24] DEBUG spoon.Launcher - [INFO] BUILD SUCCESS
18:10:58.075 [Thread-24] DEBUG spoon.Launcher - [INFO] ------------------------------------------------------------------------
18:10:58.077 [Thread-24] DEBUG spoon.Launcher - [INFO] Total time:  1.483 s
18:10:58.078 [Thread-24] DEBUG spoon.Launcher - [INFO] Finished at: 2020-08-19T18:10:58Z
18:10:58.079 [Thread-24] DEBUG spoon.Launcher - [INFO] ------------------------------------------------------------------------
]]></system-out>
  </testcase>
  <testcase name="testGuessMavenHome" classname="spoon.MavenLauncherTest" time="0.165"/>
  <testcase name="testPomSourceDirectory" classname="spoon.MavenLauncherTest" time="2.941">
    <system-out><![CDATA[18:10:58.258 [main] INFO spoon.Launcher - Running in NOCLASSPATH mode (doc: http://spoon.gforge.inria.fr/launcher.html).
18:10:59.781 [Thread-27] DEBUG spoon.Launcher - [INFO] Scanning for projects...
18:11:00.141 [Thread-27] DEBUG spoon.Launcher - [INFO] 
18:11:00.143 [Thread-27] DEBUG spoon.Launcher - [INFO] -------------------------< org.foo.bar:foobar >-------------------------
18:11:00.154 [Thread-27] DEBUG spoon.Launcher - [INFO] Building foobar 1.0.0-SNAPSHOT
18:11:00.156 [Thread-27] DEBUG spoon.Launcher - [INFO] --------------------------------[ jar ]---------------------------------
18:11:00.177 [Thread-27] DEBUG spoon.Launcher - [INFO] 
18:11:00.186 [Thread-27] DEBUG spoon.Launcher - [INFO] --- maven-dependency-plugin:2.8:build-classpath (default-cli) @ foobar ---
18:11:01.175 [Thread-27] DEBUG spoon.Launcher - [INFO] No dependencies found.
18:11:01.179 [Thread-27] DEBUG spoon.Launcher - [INFO] Wrote classpath file '/home/travis/build/SpoonLabs/spoon-ci-external/spoon/src/test/resources/maven-launcher/source-directory/spoon.classpath.tmp'.
18:11:01.179 [Thread-27] DEBUG spoon.Launcher - [INFO] ------------------------------------------------------------------------
18:11:01.179 [Thread-27] DEBUG spoon.Launcher - [INFO] BUILD SUCCESS
18:11:01.179 [Thread-27] DEBUG spoon.Launcher - [INFO] ------------------------------------------------------------------------
18:11:01.183 [Thread-27] DEBUG spoon.Launcher - [INFO] Total time:  1.418 s
18:11:01.183 [Thread-27] DEBUG spoon.Launcher - [INFO] Finished at: 2020-08-19T18:11:01Z
18:11:01.183 [Thread-27] DEBUG spoon.Launcher - [INFO] ------------------------------------------------------------------------
]]></system-out>
  </testcase>
  <testcase name="mavenLauncherOnDirectoryWithoutPomTest" classname="spoon.MavenLauncherTest" time="0.001">
    <system-out><![CDATA[18:11:01.200 [main] INFO spoon.Launcher - Running in NOCLASSPATH mode (doc: http://spoon.gforge.inria.fr/launcher.html).
]]></system-out>
  </testcase>
</testsuite>