<?xml version="1.0" encoding="UTF-8"?>
<testsuite xmlns:xsi="http://www.w3.org/2001/XMLSchema-instance" xsi:noNamespaceSchemaLocation="https://maven.apache.org/surefire/maven-surefire-plugin/xsd/surefire-test-report-3.0.xsd" version="3.0" name="spoon.MavenLauncherTest" time="119.519" tests="12" errors="0" skipped="1" failures="0">
  <properties>
    <property name="awt.toolkit" value="sun.awt.X11.XToolkit"/>
    <property name="file.encoding.pkg" value="sun.io"/>
    <property name="java.specification.version" value="1.8"/>
    <property name="sun.cpu.isalist" value=""/>
    <property name="sun.jnu.encoding" value="UTF-8"/>
    <property name="java.class.path" value="/home/travis/.m2/repository/org/apache/maven/surefire/surefire-booter/3.0.0-M5/surefire-booter-3.0.0-M5.jar:/home/travis/.m2/repository/org/apache/maven/surefire/surefire-api/3.0.0-M5/surefire-api-3.0.0-M5.jar:/home/travis/.m2/repository/org/apache/maven/surefire/surefire-logger-api/3.0.0-M5/surefire-logger-api-3.0.0-M5.jar:/home/travis/.m2/repository/org/apache/maven/surefire/surefire-shared-utils/3.0.0-M4/surefire-shared-utils-3.0.0-M4.jar:/home/travis/.m2/repository/org/apache/maven/surefire/surefire-extensions-spi/3.0.0-M5/surefire-extensions-spi-3.0.0-M5.jar:/home/travis/build/SpoonLabs/spoon-ci-external/spoon/target/test-classes:/home/travis/build/SpoonLabs/spoon-ci-external/spoon/target/classes:/home/travis/.m2/repository/org/eclipse/jdt/org.eclipse.jdt.core/3.20.0/org.eclipse.jdt.core-3.20.0.jar:/home/travis/.m2/repository/com/martiansoftware/jsap/2.1/jsap-2.1.jar:/home/travis/.m2/repository/org/apache/logging/log4j/log4j-api/2.13.3/log4j-api-2.13.3.jar:/home/travis/.m2/repository/org/apache/logging/log4j/log4j-to-slf4j/2.13.3/log4j-to-slf4j-2.13.3.jar:/home/travis/.m2/repository/org/slf4j/slf4j-api/1.7.25/slf4j-api-1.7.25.jar:/home/travis/.m2/repository/commons-io/commons-io/2.7/commons-io-2.7.jar:/home/travis/.m2/repository/org/apache/maven/maven-model/3.6.3/maven-model-3.6.3.jar:/home/travis/.m2/repository/org/codehaus/plexus/plexus-utils/3.2.1/plexus-utils-3.2.1.jar:/home/travis/.m2/repository/org/apache/commons/commons-lang3/3.11/commons-lang3-3.11.jar:/home/travis/.m2/repository/org/tukaani/xz/1.8/xz-1.8.jar:/home/travis/.m2/repository/com/fasterxml/jackson/core/jackson-databind/2.11.2/jackson-databind-2.11.2.jar:/home/travis/.m2/repository/com/fasterxml/jackson/core/jackson-annotations/2.11.2/jackson-annotations-2.11.2.jar:/home/travis/.m2/repository/com/fasterxml/jackson/core/jackson-core/2.11.2/jackson-core-2.11.2.jar:/home/travis/.m2/repository/org/apache/commons/commons-compress/1.20/commons-compress-1.20.jar:/home/travis/.m2/repository/com/google/guava/guava/29.0-jre/guava-29.0-jre.jar:/home/travis/.m2/repository/com/google/guava/failureaccess/1.0.1/failureaccess-1.0.1.jar:/home/travis/.m2/repository/com/google/guava/listenablefuture/9999.0-empty-to-avoid-conflict-with-guava/listenablefuture-9999.0-empty-to-avoid-conflict-with-guava.jar:/home/travis/.m2/repository/com/google/code/findbugs/jsr305/3.0.2/jsr305-3.0.2.jar:/home/travis/.m2/repository/org/checkerframework/checker-qual/2.11.1/checker-qual-2.11.1.jar:/home/travis/.m2/repository/com/google/errorprone/error_prone_annotations/2.3.4/error_prone_annotations-2.3.4.jar:/home/travis/.m2/repository/com/google/j2objc/j2objc-annotations/1.3/j2objc-annotations-1.3.jar:/home/travis/.m2/repository/ch/qos/logback/logback-classic/1.2.3/logback-classic-1.2.3.jar:/home/travis/.m2/repository/ch/qos/logback/logback-core/1.2.3/logback-core-1.2.3.jar:/home/travis/.m2/repository/com/mysema/querydsl/querydsl-core/3.6.9/querydsl-core-3.6.9.jar:/home/travis/.m2/repository/org/apache/maven/shared/maven-invoker/3.0.1/maven-invoker-3.0.1.jar:/home/travis/.m2/repository/org/apache/maven/shared/maven-shared-utils/3.2.1/maven-shared-utils-3.2.1.jar:/home/travis/.m2/repository/org/codehaus/plexus/plexus-component-annotations/1.7.1/plexus-component-annotations-1.7.1.jar:/home/travis/.m2/repository/javax/validation/validation-api/2.0.1.Final/validation-api-2.0.1.Final.jar:/home/travis/.m2/repository/com/google/code/gson/gson/2.8.6/gson-2.8.6.jar:/home/travis/.m2/repository/org/junit/vintage/junit-vintage-engine/5.6.2/junit-vintage-engine-5.6.2.jar:/home/travis/.m2/repository/org/apiguardian/apiguardian-api/1.1.0/apiguardian-api-1.1.0.jar:/home/travis/.m2/repository/org/junit/platform/junit-platform-engine/1.6.2/junit-platform-engine-1.6.2.jar:/home/travis/.m2/repository/org/opentest4j/opentest4j/1.2.0/opentest4j-1.2.0.jar:/home/travis/.m2/repository/org/junit/platform/junit-platform-commons/1.6.2/junit-platform-commons-1.6.2.jar:/home/travis/.m2/repository/junit/junit/4.13/junit-4.13.jar:/home/travis/.m2/repository/org/hamcrest/hamcrest-core/1.3/hamcrest-core-1.3.jar:/home/travis/.m2/repository/org/mockito/mockito-core/3.5.2/mockito-core-3.5.2.jar:/home/travis/.m2/repository/net/bytebuddy/byte-buddy/1.10.13/byte-buddy-1.10.13.jar:/home/travis/.m2/repository/net/bytebuddy/byte-buddy-agent/1.10.13/byte-buddy-agent-1.10.13.jar:/home/travis/.m2/repository/org/objenesis/objenesis/3.1/objenesis-3.1.jar:/home/travis/.m2/repository/org/junit/jupiter/junit-jupiter-engine/5.6.2/junit-jupiter-engine-5.6.2.jar:/home/travis/.m2/repository/org/junit/jupiter/junit-jupiter-api/5.6.2/junit-jupiter-api-5.6.2.jar:/home/travis/.m2/repository/com/github/stefanbirkner/system-rules/1.19.0/system-rules-1.19.0.jar:/home/travis/.m2/repository/org/apache/maven/surefire/surefire-junit-platform/3.0.0-M5/surefire-junit-platform-3.0.0-M5.jar:/home/travis/.m2/repository/org/apache/maven/surefire/common-java5/3.0.0-M5/common-java5-3.0.0-M5.jar:/home/travis/.m2/repository/org/junit/platform/junit-platform-launcher/1.6.2/junit-platform-launcher-1.6.2.jar"/>
    <property name="java.vm.vendor" value="Private Build"/>
    <property name="sun.arch.data.model" value="64"/>
    <property name="java.vendor.url" value="http://java.oracle.com/"/>
    <property name="user.timezone" value="UTC"/>
    <property name="java.vm.specification.version" value="1.8"/>
    <property name="os.name" value="Linux"/>
    <property name="spoon.log.path" value="${java.io.tmpdir}/spoon-log.log"/>
    <property name="user.country" value="US"/>
    <property name="sun.java.launcher" value="SUN_STANDARD"/>
    <property name="sun.boot.library.path" value="/usr/lib/jvm/java-8-openjdk-amd64/jre/lib/amd64"/>
    <property name="sun.java.command" value="org.apache.maven.surefire.booter.ForkedBooter /home/travis/build/SpoonLabs/spoon-ci-external/spoon/target/surefire 2020-08-22T18-01-11_859-jvmRun1 surefire917662164345802663tmp surefire_029116042050913568tmp"/>
    <property name="surefire.test.class.path" value="/home/travis/build/SpoonLabs/spoon-ci-external/spoon/target/test-classes:/home/travis/build/SpoonLabs/spoon-ci-external/spoon/target/classes:/home/travis/.m2/repository/org/eclipse/jdt/org.eclipse.jdt.core/3.20.0/org.eclipse.jdt.core-3.20.0.jar:/home/travis/.m2/repository/com/martiansoftware/jsap/2.1/jsap-2.1.jar:/home/travis/.m2/repository/org/apache/logging/log4j/log4j-api/2.13.3/log4j-api-2.13.3.jar:/home/travis/.m2/repository/org/apache/logging/log4j/log4j-to-slf4j/2.13.3/log4j-to-slf4j-2.13.3.jar:/home/travis/.m2/repository/org/slf4j/slf4j-api/1.7.25/slf4j-api-1.7.25.jar:/home/travis/.m2/repository/commons-io/commons-io/2.7/commons-io-2.7.jar:/home/travis/.m2/repository/org/apache/maven/maven-model/3.6.3/maven-model-3.6.3.jar:/home/travis/.m2/repository/org/codehaus/plexus/plexus-utils/3.2.1/plexus-utils-3.2.1.jar:/home/travis/.m2/repository/org/apache/commons/commons-lang3/3.11/commons-lang3-3.11.jar:/home/travis/.m2/repository/org/tukaani/xz/1.8/xz-1.8.jar:/home/travis/.m2/repository/com/fasterxml/jackson/core/jackson-databind/2.11.2/jackson-databind-2.11.2.jar:/home/travis/.m2/repository/com/fasterxml/jackson/core/jackson-annotations/2.11.2/jackson-annotations-2.11.2.jar:/home/travis/.m2/repository/com/fasterxml/jackson/core/jackson-core/2.11.2/jackson-core-2.11.2.jar:/home/travis/.m2/repository/org/apache/commons/commons-compress/1.20/commons-compress-1.20.jar:/home/travis/.m2/repository/com/google/guava/guava/29.0-jre/guava-29.0-jre.jar:/home/travis/.m2/repository/com/google/guava/failureaccess/1.0.1/failureaccess-1.0.1.jar:/home/travis/.m2/repository/com/google/guava/listenablefuture/9999.0-empty-to-avoid-conflict-with-guava/listenablefuture-9999.0-empty-to-avoid-conflict-with-guava.jar:/home/travis/.m2/repository/com/google/code/findbugs/jsr305/3.0.2/jsr305-3.0.2.jar:/home/travis/.m2/repository/org/checkerframework/checker-qual/2.11.1/checker-qual-2.11.1.jar:/home/travis/.m2/repository/com/google/errorprone/error_prone_annotations/2.3.4/error_prone_annotations-2.3.4.jar:/home/travis/.m2/repository/com/google/j2objc/j2objc-annotations/1.3/j2objc-annotations-1.3.jar:/home/travis/.m2/repository/ch/qos/logback/logback-classic/1.2.3/logback-classic-1.2.3.jar:/home/travis/.m2/repository/ch/qos/logback/logback-core/1.2.3/logback-core-1.2.3.jar:/home/travis/.m2/repository/com/mysema/querydsl/querydsl-core/3.6.9/querydsl-core-3.6.9.jar:/home/travis/.m2/repository/org/apache/maven/shared/maven-invoker/3.0.1/maven-invoker-3.0.1.jar:/home/travis/.m2/repository/org/apache/maven/shared/maven-shared-utils/3.2.1/maven-shared-utils-3.2.1.jar:/home/travis/.m2/repository/org/codehaus/plexus/plexus-component-annotations/1.7.1/plexus-component-annotations-1.7.1.jar:/home/travis/.m2/repository/javax/validation/validation-api/2.0.1.Final/validation-api-2.0.1.Final.jar:/home/travis/.m2/repository/com/google/code/gson/gson/2.8.6/gson-2.8.6.jar:/home/travis/.m2/repository/org/junit/vintage/junit-vintage-engine/5.6.2/junit-vintage-engine-5.6.2.jar:/home/travis/.m2/repository/org/apiguardian/apiguardian-api/1.1.0/apiguardian-api-1.1.0.jar:/home/travis/.m2/repository/org/junit/platform/junit-platform-engine/1.6.2/junit-platform-engine-1.6.2.jar:/home/travis/.m2/repository/org/opentest4j/opentest4j/1.2.0/opentest4j-1.2.0.jar:/home/travis/.m2/repository/org/junit/platform/junit-platform-commons/1.6.2/junit-platform-commons-1.6.2.jar:/home/travis/.m2/repository/junit/junit/4.13/junit-4.13.jar:/home/travis/.m2/repository/org/hamcrest/hamcrest-core/1.3/hamcrest-core-1.3.jar:/home/travis/.m2/repository/org/mockito/mockito-core/3.5.2/mockito-core-3.5.2.jar:/home/travis/.m2/repository/net/bytebuddy/byte-buddy/1.10.13/byte-buddy-1.10.13.jar:/home/travis/.m2/repository/net/bytebuddy/byte-buddy-agent/1.10.13/byte-buddy-agent-1.10.13.jar:/home/travis/.m2/repository/org/objenesis/objenesis/3.1/objenesis-3.1.jar:/home/travis/.m2/repository/org/junit/jupiter/junit-jupiter-engine/5.6.2/junit-jupiter-engine-5.6.2.jar:/home/travis/.m2/repository/org/junit/jupiter/junit-jupiter-api/5.6.2/junit-jupiter-api-5.6.2.jar:/home/travis/.m2/repository/com/github/stefanbirkner/system-rules/1.19.0/system-rules-1.19.0.jar:"/>
    <property name="sun.cpu.endian" value="little"/>
    <property name="user.home" value="/home/travis"/>
    <property name="user.language" value="en"/>
    <property name="java.specification.vendor" value="Oracle Corporation"/>
    <property name="java.home" value="/usr/lib/jvm/java-8-openjdk-amd64/jre"/>
    <property name="basedir" value="/home/travis/build/SpoonLabs/spoon-ci-external/spoon"/>
    <property name="file.separator" value="/"/>
    <property name="line.separator" value="&#10;"/>
    <property name="java.vm.specification.vendor" value="Oracle Corporation"/>
    <property name="java.specification.name" value="Java Platform API Specification"/>
    <property name="java.awt.graphicsenv" value="sun.awt.X11GraphicsEnvironment"/>
    <property name="sun.boot.class.path" value="/usr/lib/jvm/java-8-openjdk-amd64/jre/lib/resources.jar:/usr/lib/jvm/java-8-openjdk-amd64/jre/lib/rt.jar:/usr/lib/jvm/java-8-openjdk-amd64/jre/lib/sunrsasign.jar:/usr/lib/jvm/java-8-openjdk-amd64/jre/lib/jsse.jar:/usr/lib/jvm/java-8-openjdk-amd64/jre/lib/jce.jar:/usr/lib/jvm/java-8-openjdk-amd64/jre/lib/charsets.jar:/usr/lib/jvm/java-8-openjdk-amd64/jre/lib/jfr.jar:/usr/lib/jvm/java-8-openjdk-amd64/jre/classes"/>
    <property name="sun.management.compiler" value="HotSpot 64-Bit Tiered Compilers"/>
    <property name="java.runtime.version" value="1.8.0_252-8u252-b09-1~16.04-b09"/>
    <property name="user.name" value="travis"/>
    <property name="path.separator" value=":"/>
    <property name="os.version" value="4.15.0-1077-gcp"/>
    <property name="java.endorsed.dirs" value="/usr/lib/jvm/java-8-openjdk-amd64/jre/lib/endorsed"/>
    <property name="java.runtime.name" value="OpenJDK Runtime Environment"/>
    <property name="file.encoding" value="UTF-8"/>
    <property name="java.vm.name" value="OpenJDK 64-Bit Server VM"/>
    <property name="localRepository" value="/home/travis/.m2/repository"/>
    <property name="java.vendor.url.bug" value="http://bugreport.sun.com/bugreport/"/>
    <property name="java.io.tmpdir" value="/tmp"/>
    <property name="java.version" value="1.8.0_252"/>
    <property name="user.dir" value="/home/travis/build/SpoonLabs/spoon-ci-external/spoon"/>
    <property name="os.arch" value="amd64"/>
    <property name="java.vm.specification.name" value="Java Virtual Machine Specification"/>
    <property name="java.awt.printerjob" value="sun.print.PSPrinterJob"/>
    <property name="sun.os.patch.level" value="unknown"/>
    <property name="java.library.path" value="/usr/java/packages/lib/amd64:/usr/lib/x86_64-linux-gnu/jni:/lib/x86_64-linux-gnu:/usr/lib/x86_64-linux-gnu:/usr/lib/jni:/lib:/usr/lib"/>
    <property name="java.vm.info" value="mixed mode"/>
    <property name="java.vendor" value="Private Build"/>
    <property name="java.vm.version" value="25.252-b09"/>
    <property name="java.ext.dirs" value="/usr/lib/jvm/java-8-openjdk-amd64/jre/lib/ext:/usr/java/packages/lib/ext"/>
    <property name="sun.io.unicode.encoding" value="UnicodeLittle"/>
    <property name="java.class.version" value="52.0"/>
  </properties>
  <testcase name="testForceRefresh" classname="spoon.MavenLauncherTest" time="11.79">
    <system-out><![CDATA[18:01:27.794 [main] INFO spoon.Launcher - Running in NOCLASSPATH mode (doc: http://spoon.gforge.inria.fr/launcher.html).
18:01:27.994 [main] INFO spoon.Launcher - Running in NOCLASSPATH mode (doc: http://spoon.gforge.inria.fr/launcher.html).
18:01:29.391 [Thread-3] DEBUG spoon.Launcher - [INFO] Scanning for projects...
18:01:29.449 [Thread-3] DEBUG spoon.Launcher - [WARNING] 
18:01:29.451 [Thread-3] DEBUG spoon.Launcher - [WARNING] Some problems were encountered while building the effective model for org.foo.bar:foobar:jar:1.0.0-SNAPSHOT
18:01:29.455 [Thread-3] DEBUG spoon.Launcher - [WARNING] 'dependencies.dependency.systemPath' for com.infradna.tool:bridge-method-annotation:jar should not point at files within the project directory, ${basedir}/lib/bridge-method-annotation-1.13.jar will be unresolvable by dependent projects @ line 18, column 25
18:01:29.456 [Thread-3] DEBUG spoon.Launcher - [WARNING] 
18:01:29.457 [Thread-3] DEBUG spoon.Launcher - [WARNING] It is highly recommended to fix these problems because they threaten the stability of your build.
18:01:29.457 [Thread-3] DEBUG spoon.Launcher - [WARNING] 
18:01:29.459 [Thread-3] DEBUG spoon.Launcher - [WARNING] For this reason, future Maven versions might no longer support building such malformed projects.
18:01:29.459 [Thread-3] DEBUG spoon.Launcher - [WARNING] 
18:01:29.698 [Thread-3] DEBUG spoon.Launcher - [INFO] Downloading from google-maven-central: https://maven-central.storage-download.googleapis.com/maven2/org/apache/maven/plugins/maven-clean-plugin/2.5/maven-clean-plugin-2.5.pom
18:01:30.197 [Thread-3] DEBUG spoon.Launcher - [INFO] Downloaded from google-maven-central: https://maven-central.storage-download.googleapis.com/maven2/org/apache/maven/plugins/maven-clean-plugin/2.5/maven-clean-plugin-2.5.pom (3.9 kB at 7.8 kB/s)
18:01:30.330 [Thread-3] DEBUG spoon.Launcher - [INFO] Downloading from google-maven-central: https://maven-central.storage-download.googleapis.com/maven2/org/apache/maven/plugins/maven-clean-plugin/2.5/maven-clean-plugin-2.5.jar
18:01:30.442 [Thread-3] DEBUG spoon.Launcher - [INFO] Downloaded from google-maven-central: https://maven-central.storage-download.googleapis.com/maven2/org/apache/maven/plugins/maven-clean-plugin/2.5/maven-clean-plugin-2.5.jar (25 kB at 228 kB/s)
18:01:30.504 [Thread-3] DEBUG spoon.Launcher - [INFO] Downloading from google-maven-central: https://maven-central.storage-download.googleapis.com/maven2/org/apache/maven/plugins/maven-compiler-plugin/3.1/maven-compiler-plugin-3.1.pom
18:01:30.525 [Thread-3] DEBUG spoon.Launcher - [INFO] Downloaded from google-maven-central: https://maven-central.storage-download.googleapis.com/maven2/org/apache/maven/plugins/maven-compiler-plugin/3.1/maven-compiler-plugin-3.1.pom (10 kB at 486 kB/s)
18:01:30.531 [Thread-3] DEBUG spoon.Launcher - [INFO] Downloading from google-maven-central: https://maven-central.storage-download.googleapis.com/maven2/org/apache/maven/plugins/maven-plugins/24/maven-plugins-24.pom
18:01:30.547 [Thread-3] DEBUG spoon.Launcher - [INFO] Downloaded from google-maven-central: https://maven-central.storage-download.googleapis.com/maven2/org/apache/maven/plugins/maven-plugins/24/maven-plugins-24.pom (11 kB at 675 kB/s)
18:01:30.571 [Thread-3] DEBUG spoon.Launcher - [INFO] Downloading from google-maven-central: https://maven-central.storage-download.googleapis.com/maven2/org/apache/maven/plugins/maven-compiler-plugin/3.1/maven-compiler-plugin-3.1.jar
18:01:30.593 [Thread-3] DEBUG spoon.Launcher - [INFO] Downloaded from google-maven-central: https://maven-central.storage-download.googleapis.com/maven2/org/apache/maven/plugins/maven-compiler-plugin/3.1/maven-compiler-plugin-3.1.jar (43 kB at 1.8 MB/s)
18:01:30.605 [Thread-3] DEBUG spoon.Launcher - [INFO] Downloading from google-maven-central: https://maven-central.storage-download.googleapis.com/maven2/org/apache/maven/plugins/maven-surefire-plugin/2.12.4/maven-surefire-plugin-2.12.4.pom
18:01:30.690 [Thread-3] DEBUG spoon.Launcher - [INFO] Downloaded from google-maven-central: https://maven-central.storage-download.googleapis.com/maven2/org/apache/maven/plugins/maven-surefire-plugin/2.12.4/maven-surefire-plugin-2.12.4.pom (10 kB at 122 kB/s)
18:01:30.696 [Thread-3] DEBUG spoon.Launcher - [INFO] Downloading from google-maven-central: https://maven-central.storage-download.googleapis.com/maven2/org/apache/maven/surefire/surefire/2.12.4/surefire-2.12.4.pom
18:01:30.796 [Thread-3] DEBUG spoon.Launcher - [INFO] Downloaded from google-maven-central: https://maven-central.storage-download.googleapis.com/maven2/org/apache/maven/surefire/surefire/2.12.4/surefire-2.12.4.pom (14 kB at 135 kB/s)
18:01:30.803 [Thread-3] DEBUG spoon.Launcher - [INFO] Downloading from google-maven-central: https://maven-central.storage-download.googleapis.com/maven2/org/apache/maven/plugins/maven-surefire-plugin/2.12.4/maven-surefire-plugin-2.12.4.jar
18:01:30.924 [Thread-3] DEBUG spoon.Launcher - [INFO] Downloaded from google-maven-central: https://maven-central.storage-download.googleapis.com/maven2/org/apache/maven/plugins/maven-surefire-plugin/2.12.4/maven-surefire-plugin-2.12.4.jar (30 kB at 252 kB/s)
18:01:30.930 [Thread-3] DEBUG spoon.Launcher - [INFO] Downloading from google-maven-central: https://maven-central.storage-download.googleapis.com/maven2/org/apache/maven/plugins/maven-install-plugin/2.4/maven-install-plugin-2.4.pom
18:01:30.938 [Thread-3] DEBUG spoon.Launcher - [INFO] Downloaded from google-maven-central: https://maven-central.storage-download.googleapis.com/maven2/org/apache/maven/plugins/maven-install-plugin/2.4/maven-install-plugin-2.4.pom (6.4 kB at 709 kB/s)
18:01:30.944 [Thread-3] DEBUG spoon.Launcher - [INFO] Downloading from google-maven-central: https://maven-central.storage-download.googleapis.com/maven2/org/apache/maven/plugins/maven-install-plugin/2.4/maven-install-plugin-2.4.jar
18:01:30.953 [Thread-3] DEBUG spoon.Launcher - [INFO] Downloaded from google-maven-central: https://maven-central.storage-download.googleapis.com/maven2/org/apache/maven/plugins/maven-install-plugin/2.4/maven-install-plugin-2.4.jar (27 kB at 3.0 MB/s)
18:01:30.961 [Thread-3] DEBUG spoon.Launcher - [INFO] Downloading from google-maven-central: https://maven-central.storage-download.googleapis.com/maven2/org/apache/maven/plugins/maven-deploy-plugin/2.7/maven-deploy-plugin-2.7.pom
18:01:31.059 [Thread-3] DEBUG spoon.Launcher - [INFO] Downloaded from google-maven-central: https://maven-central.storage-download.googleapis.com/maven2/org/apache/maven/plugins/maven-deploy-plugin/2.7/maven-deploy-plugin-2.7.pom (5.6 kB at 57 kB/s)
18:01:31.064 [Thread-3] DEBUG spoon.Launcher - [INFO] Downloading from google-maven-central: https://maven-central.storage-download.googleapis.com/maven2/org/apache/maven/plugins/maven-deploy-plugin/2.7/maven-deploy-plugin-2.7.jar
18:01:31.242 [Thread-3] DEBUG spoon.Launcher - [INFO] Downloaded from google-maven-central: https://maven-central.storage-download.googleapis.com/maven2/org/apache/maven/plugins/maven-deploy-plugin/2.7/maven-deploy-plugin-2.7.jar (27 kB at 152 kB/s)
18:01:31.246 [Thread-3] DEBUG spoon.Launcher - [INFO] Downloading from google-maven-central: https://maven-central.storage-download.googleapis.com/maven2/org/apache/maven/plugins/maven-site-plugin/3.3/maven-site-plugin-3.3.pom
18:01:31.346 [Thread-3] DEBUG spoon.Launcher - [INFO] Downloaded from google-maven-central: https://maven-central.storage-download.googleapis.com/maven2/org/apache/maven/plugins/maven-site-plugin/3.3/maven-site-plugin-3.3.pom (21 kB at 210 kB/s)
18:01:31.354 [Thread-3] DEBUG spoon.Launcher - [INFO] Downloading from google-maven-central: https://maven-central.storage-download.googleapis.com/maven2/org/apache/maven/plugins/maven-site-plugin/3.3/maven-site-plugin-3.3.jar
18:01:31.473 [Thread-3] DEBUG spoon.Launcher - [INFO] Downloaded from google-maven-central: https://maven-central.storage-download.googleapis.com/maven2/org/apache/maven/plugins/maven-site-plugin/3.3/maven-site-plugin-3.3.jar (124 kB at 1.0 MB/s)
18:01:31.483 [Thread-3] DEBUG spoon.Launcher - [INFO] Downloading from google-maven-central: https://maven-central.storage-download.googleapis.com/maven2/org/apache/maven/plugins/maven-antrun-plugin/1.3/maven-antrun-plugin-1.3.pom
18:01:31.642 [Thread-3] DEBUG spoon.Launcher - [INFO] Downloaded from google-maven-central: https://maven-central.storage-download.googleapis.com/maven2/org/apache/maven/plugins/maven-antrun-plugin/1.3/maven-antrun-plugin-1.3.pom (4.7 kB at 30 kB/s)
18:01:31.645 [Thread-3] DEBUG spoon.Launcher - [INFO] Downloading from google-maven-central: https://maven-central.storage-download.googleapis.com/maven2/org/apache/maven/plugins/maven-plugins/12/maven-plugins-12.pom
18:01:31.724 [Thread-3] DEBUG spoon.Launcher - [INFO] Downloaded from google-maven-central: https://maven-central.storage-download.googleapis.com/maven2/org/apache/maven/plugins/maven-plugins/12/maven-plugins-12.pom (12 kB at 149 kB/s)
18:01:31.728 [Thread-3] DEBUG spoon.Launcher - [INFO] Downloading from google-maven-central: https://maven-central.storage-download.googleapis.com/maven2/org/apache/maven/maven-parent/9/maven-parent-9.pom
18:01:31.740 [Thread-3] DEBUG spoon.Launcher - [INFO] Downloaded from google-maven-central: https://maven-central.storage-download.googleapis.com/maven2/org/apache/maven/maven-parent/9/maven-parent-9.pom (33 kB at 2.7 MB/s)
18:01:31.754 [Thread-3] DEBUG spoon.Launcher - [INFO] Downloading from google-maven-central: https://maven-central.storage-download.googleapis.com/maven2/org/apache/maven/plugins/maven-antrun-plugin/1.3/maven-antrun-plugin-1.3.jar
18:01:31.833 [Thread-3] DEBUG spoon.Launcher - [INFO] Downloaded from google-maven-central: https://maven-central.storage-download.googleapis.com/maven2/org/apache/maven/plugins/maven-antrun-plugin/1.3/maven-antrun-plugin-1.3.jar (24 kB at 302 kB/s)
18:01:31.841 [Thread-3] DEBUG spoon.Launcher - [INFO] Downloading from google-maven-central: https://maven-central.storage-download.googleapis.com/maven2/org/apache/maven/plugins/maven-assembly-plugin/2.2-beta-5/maven-assembly-plugin-2.2-beta-5.pom
18:01:31.976 [Thread-3] DEBUG spoon.Launcher - [INFO] Downloaded from google-maven-central: https://maven-central.storage-download.googleapis.com/maven2/org/apache/maven/plugins/maven-assembly-plugin/2.2-beta-5/maven-assembly-plugin-2.2-beta-5.pom (15 kB at 112 kB/s)
18:01:31.979 [Thread-3] DEBUG spoon.Launcher - [INFO] Downloading from google-maven-central: https://maven-central.storage-download.googleapis.com/maven2/org/apache/maven/plugins/maven-plugins/16/maven-plugins-16.pom
18:01:32.147 [Thread-3] DEBUG spoon.Launcher - [INFO] Downloaded from google-maven-central: https://maven-central.storage-download.googleapis.com/maven2/org/apache/maven/plugins/maven-plugins/16/maven-plugins-16.pom (13 kB at 77 kB/s)
18:01:32.158 [Thread-3] DEBUG spoon.Launcher - [INFO] Downloading from google-maven-central: https://maven-central.storage-download.googleapis.com/maven2/org/apache/maven/plugins/maven-assembly-plugin/2.2-beta-5/maven-assembly-plugin-2.2-beta-5.jar
18:01:32.263 [Thread-3] DEBUG spoon.Launcher - [INFO] Downloaded from google-maven-central: https://maven-central.storage-download.googleapis.com/maven2/org/apache/maven/plugins/maven-assembly-plugin/2.2-beta-5/maven-assembly-plugin-2.2-beta-5.jar (209 kB at 2.0 MB/s)
18:01:32.271 [Thread-3] DEBUG spoon.Launcher - [INFO] Downloading from google-maven-central: https://maven-central.storage-download.googleapis.com/maven2/org/apache/maven/plugins/maven-dependency-plugin/2.8/maven-dependency-plugin-2.8.pom
18:01:32.279 [Thread-3] DEBUG spoon.Launcher - [INFO] Downloaded from google-maven-central: https://maven-central.storage-download.googleapis.com/maven2/org/apache/maven/plugins/maven-dependency-plugin/2.8/maven-dependency-plugin-2.8.pom (11 kB at 1.6 MB/s)
18:01:32.284 [Thread-3] DEBUG spoon.Launcher - [INFO] Downloading from google-maven-central: https://maven-central.storage-download.googleapis.com/maven2/org/apache/maven/plugins/maven-dependency-plugin/2.8/maven-dependency-plugin-2.8.jar
18:01:32.314 [Thread-3] DEBUG spoon.Launcher - [INFO] Downloaded from google-maven-central: https://maven-central.storage-download.googleapis.com/maven2/org/apache/maven/plugins/maven-dependency-plugin/2.8/maven-dependency-plugin-2.8.jar (153 kB at 7.7 MB/s)
18:01:32.342 [Thread-3] DEBUG spoon.Launcher - [INFO] 
18:01:32.343 [Thread-3] DEBUG spoon.Launcher - [INFO] -------------------------< org.foo.bar:foobar >-------------------------
18:01:32.354 [Thread-3] DEBUG spoon.Launcher - [INFO] Building foobar 1.0.0-SNAPSHOT
18:01:32.355 [Thread-3] DEBUG spoon.Launcher - [INFO] --------------------------------[ jar ]---------------------------------
18:01:32.378 [Thread-3] DEBUG spoon.Launcher - [INFO] 
18:01:32.379 [Thread-3] DEBUG spoon.Launcher - [INFO] --- maven-dependency-plugin:2.8:build-classpath (default-cli) @ foobar ---
18:01:32.398 [Thread-3] DEBUG spoon.Launcher - [INFO] Downloading from google-maven-central: https://maven-central.storage-download.googleapis.com/maven2/org/apache/maven/maven-artifact/2.0.9/maven-artifact-2.0.9.pom
18:01:32.420 [Thread-3] DEBUG spoon.Launcher - [INFO] Downloaded from google-maven-central: https://maven-central.storage-download.googleapis.com/maven2/org/apache/maven/maven-artifact/2.0.9/maven-artifact-2.0.9.pom (1.6 kB at 116 kB/s)
18:01:32.423 [Thread-3] DEBUG spoon.Launcher - [INFO] Downloading from google-maven-central: https://maven-central.storage-download.googleapis.com/maven2/org/apache/maven/maven/2.0.9/maven-2.0.9.pom
18:01:32.432 [Thread-3] DEBUG spoon.Launcher - [INFO] Downloaded from google-maven-central: https://maven-central.storage-download.googleapis.com/maven2/org/apache/maven/maven/2.0.9/maven-2.0.9.pom (19 kB at 2.1 MB/s)
18:01:32.437 [Thread-3] DEBUG spoon.Launcher - [INFO] Downloading from google-maven-central: https://maven-central.storage-download.googleapis.com/maven2/org/apache/maven/maven-parent/8/maven-parent-8.pom
18:01:32.449 [Thread-3] DEBUG spoon.Launcher - [INFO] Downloaded from google-maven-central: https://maven-central.storage-download.googleapis.com/maven2/org/apache/maven/maven-parent/8/maven-parent-8.pom (24 kB at 1.9 MB/s)
18:01:32.460 [Thread-3] DEBUG spoon.Launcher - [INFO] Downloading from google-maven-central: https://maven-central.storage-download.googleapis.com/maven2/org/codehaus/plexus/plexus-utils/1.5.1/plexus-utils-1.5.1.pom
18:01:32.543 [Thread-3] DEBUG spoon.Launcher - [INFO] Downloaded from google-maven-central: https://maven-central.storage-download.googleapis.com/maven2/org/codehaus/plexus/plexus-utils/1.5.1/plexus-utils-1.5.1.pom (2.3 kB at 26 kB/s)
18:01:32.548 [Thread-3] DEBUG spoon.Launcher - [INFO] Downloading from google-maven-central: https://maven-central.storage-download.googleapis.com/maven2/org/apache/maven/maven-plugin-api/2.0.9/maven-plugin-api-2.0.9.pom
18:01:32.554 [Thread-3] DEBUG spoon.Launcher - [INFO] Downloaded from google-maven-central: https://maven-central.storage-download.googleapis.com/maven2/org/apache/maven/maven-plugin-api/2.0.9/maven-plugin-api-2.0.9.pom (1.5 kB at 249 kB/s)
18:01:32.558 [Thread-3] DEBUG spoon.Launcher - [INFO] Downloading from google-maven-central: https://maven-central.storage-download.googleapis.com/maven2/org/apache/maven/maven-project/2.0.9/maven-project-2.0.9.pom
18:01:32.564 [Thread-3] DEBUG spoon.Launcher - [INFO] Downloaded from google-maven-central: https://maven-central.storage-download.googleapis.com/maven2/org/apache/maven/maven-project/2.0.9/maven-project-2.0.9.pom (2.7 kB at 387 kB/s)
18:01:32.568 [Thread-3] DEBUG spoon.Launcher - [INFO] Downloading from google-maven-central: https://maven-central.storage-download.googleapis.com/maven2/org/apache/maven/maven-settings/2.0.9/maven-settings-2.0.9.pom
18:01:32.576 [Thread-3] DEBUG spoon.Launcher - [INFO] Downloaded from google-maven-central: https://maven-central.storage-download.googleapis.com/maven2/org/apache/maven/maven-settings/2.0.9/maven-settings-2.0.9.pom (2.1 kB at 343 kB/s)
18:01:32.584 [Thread-3] DEBUG spoon.Launcher - [INFO] Downloading from google-maven-central: https://maven-central.storage-download.googleapis.com/maven2/org/apache/maven/maven-model/2.0.9/maven-model-2.0.9.pom
18:01:32.591 [Thread-3] DEBUG spoon.Launcher - [INFO] Downloaded from google-maven-central: https://maven-central.storage-download.googleapis.com/maven2/org/apache/maven/maven-model/2.0.9/maven-model-2.0.9.pom (3.1 kB at 392 kB/s)
18:01:32.602 [Thread-3] DEBUG spoon.Launcher - [INFO] Downloading from google-maven-central: https://maven-central.storage-download.googleapis.com/maven2/org/apache/maven/maven-profile/2.0.9/maven-profile-2.0.9.pom
18:01:32.607 [Thread-3] DEBUG spoon.Launcher - [INFO] Downloaded from google-maven-central: https://maven-central.storage-download.googleapis.com/maven2/org/apache/maven/maven-profile/2.0.9/maven-profile-2.0.9.pom (2.0 kB at 342 kB/s)
18:01:32.612 [Thread-3] DEBUG spoon.Launcher - [INFO] Downloading from google-maven-central: https://maven-central.storage-download.googleapis.com/maven2/org/apache/maven/maven-artifact-manager/2.0.9/maven-artifact-manager-2.0.9.pom
18:01:32.617 [Thread-3] DEBUG spoon.Launcher - [INFO] Downloaded from google-maven-central: https://maven-central.storage-download.googleapis.com/maven2/org/apache/maven/maven-artifact-manager/2.0.9/maven-artifact-manager-2.0.9.pom (2.7 kB at 540 kB/s)
18:01:32.620 [Thread-3] DEBUG spoon.Launcher - [INFO] Downloading from google-maven-central: https://maven-central.storage-download.googleapis.com/maven2/org/apache/maven/maven-repository-metadata/2.0.9/maven-repository-metadata-2.0.9.pom
18:01:32.628 [Thread-3] DEBUG spoon.Launcher - [INFO] Downloaded from google-maven-central: https://maven-central.storage-download.googleapis.com/maven2/org/apache/maven/maven-repository-metadata/2.0.9/maven-repository-metadata-2.0.9.pom (1.9 kB at 317 kB/s)
18:01:32.640 [Thread-3] DEBUG spoon.Launcher - [INFO] Downloading from google-maven-central: https://maven-central.storage-download.googleapis.com/maven2/org/apache/maven/maven-plugin-registry/2.0.9/maven-plugin-registry-2.0.9.pom
18:01:32.651 [Thread-3] DEBUG spoon.Launcher - [INFO] Downloaded from google-maven-central: https://maven-central.storage-download.googleapis.com/maven2/org/apache/maven/maven-plugin-registry/2.0.9/maven-plugin-registry-2.0.9.pom (2.0 kB at 246 kB/s)
18:01:32.672 [Thread-3] DEBUG spoon.Launcher - [INFO] Downloading from google-maven-central: https://maven-central.storage-download.googleapis.com/maven2/org/apache/maven/maven-core/2.0.9/maven-core-2.0.9.pom
18:01:32.678 [Thread-3] DEBUG spoon.Launcher - [INFO] Downloaded from google-maven-central: https://maven-central.storage-download.googleapis.com/maven2/org/apache/maven/maven-core/2.0.9/maven-core-2.0.9.pom (7.8 kB at 599 kB/s)
18:01:32.687 [Thread-3] DEBUG spoon.Launcher - [INFO] Downloading from google-maven-central: https://maven-central.storage-download.googleapis.com/maven2/org/apache/maven/maven-plugin-parameter-documenter/2.0.9/maven-plugin-parameter-documenter-2.0.9.pom
18:01:32.696 [Thread-3] DEBUG spoon.Launcher - [INFO] Downloaded from google-maven-central: https://maven-central.storage-download.googleapis.com/maven2/org/apache/maven/maven-plugin-parameter-documenter/2.0.9/maven-plugin-parameter-documenter-2.0.9.pom (2.0 kB at 246 kB/s)
18:01:32.706 [Thread-3] DEBUG spoon.Launcher - [INFO] Downloading from google-maven-central: https://maven-central.storage-download.googleapis.com/maven2/org/apache/maven/reporting/maven-reporting-api/2.0.9/maven-reporting-api-2.0.9.pom
18:01:32.716 [Thread-3] DEBUG spoon.Launcher - [INFO] Downloaded from google-maven-central: https://maven-central.storage-download.googleapis.com/maven2/org/apache/maven/reporting/maven-reporting-api/2.0.9/maven-reporting-api-2.0.9.pom (1.8 kB at 300 kB/s)
18:01:32.734 [Thread-3] DEBUG spoon.Launcher - [INFO] Downloading from google-maven-central: https://maven-central.storage-download.googleapis.com/maven2/org/apache/maven/reporting/maven-reporting/2.0.9/maven-reporting-2.0.9.pom
18:01:32.747 [Thread-3] DEBUG spoon.Launcher - [INFO] Downloaded from google-maven-central: https://maven-central.storage-download.googleapis.com/maven2/org/apache/maven/reporting/maven-reporting/2.0.9/maven-reporting-2.0.9.pom (1.5 kB at 105 kB/s)
18:01:32.753 [Thread-3] DEBUG spoon.Launcher - [INFO] Downloading from google-maven-central: https://maven-central.storage-download.googleapis.com/maven2/org/apache/maven/doxia/doxia-sink-api/1.0-alpha-10/doxia-sink-api-1.0-alpha-10.pom
18:01:32.757 [Thread-3] DEBUG spoon.Launcher - [INFO] Downloaded from google-maven-central: https://maven-central.storage-download.googleapis.com/maven2/org/apache/maven/doxia/doxia-sink-api/1.0-alpha-10/doxia-sink-api-1.0-alpha-10.pom (1.3 kB at 224 kB/s)
18:01:32.760 [Thread-3] DEBUG spoon.Launcher - [INFO] Downloading from google-maven-central: https://maven-central.storage-download.googleapis.com/maven2/org/apache/maven/doxia/doxia/1.0-alpha-10/doxia-1.0-alpha-10.pom
18:01:32.765 [Thread-3] DEBUG spoon.Launcher - [INFO] Downloaded from google-maven-central: https://maven-central.storage-download.googleapis.com/maven2/org/apache/maven/doxia/doxia/1.0-alpha-10/doxia-1.0-alpha-10.pom (9.2 kB at 1.8 MB/s)
18:01:32.771 [Thread-3] DEBUG spoon.Launcher - [INFO] Downloading from google-maven-central: https://maven-central.storage-download.googleapis.com/maven2/org/apache/maven/maven-parent/6/maven-parent-6.pom
18:01:32.942 [Thread-3] DEBUG spoon.Launcher - [INFO] Downloaded from google-maven-central: https://maven-central.storage-download.googleapis.com/maven2/org/apache/maven/maven-parent/6/maven-parent-6.pom (20 kB at 117 kB/s)
18:01:32.947 [Thread-3] DEBUG spoon.Launcher - [INFO] Downloading from google-maven-central: https://maven-central.storage-download.googleapis.com/maven2/org/apache/maven/maven-error-diagnostics/2.0.9/maven-error-diagnostics-2.0.9.pom
18:01:32.955 [Thread-3] DEBUG spoon.Launcher - [INFO] Downloaded from google-maven-central: https://maven-central.storage-download.googleapis.com/maven2/org/apache/maven/maven-error-diagnostics/2.0.9/maven-error-diagnostics-2.0.9.pom (1.7 kB at 249 kB/s)
18:01:32.969 [Thread-3] DEBUG spoon.Launcher - [INFO] Downloading from google-maven-central: https://maven-central.storage-download.googleapis.com/maven2/org/apache/maven/maven-plugin-descriptor/2.0.9/maven-plugin-descriptor-2.0.9.pom
18:01:32.975 [Thread-3] DEBUG spoon.Launcher - [INFO] Downloaded from google-maven-central: https://maven-central.storage-download.googleapis.com/maven2/org/apache/maven/maven-plugin-descriptor/2.0.9/maven-plugin-descriptor-2.0.9.pom (2.1 kB at 296 kB/s)
18:01:32.981 [Thread-3] DEBUG spoon.Launcher - [INFO] Downloading from google-maven-central: https://maven-central.storage-download.googleapis.com/maven2/org/apache/maven/maven-monitor/2.0.9/maven-monitor-2.0.9.pom
18:01:32.987 [Thread-3] DEBUG spoon.Launcher - [INFO] Downloaded from google-maven-central: https://maven-central.storage-download.googleapis.com/maven2/org/apache/maven/maven-monitor/2.0.9/maven-monitor-2.0.9.pom (1.3 kB at 184 kB/s)
18:01:32.992 [Thread-3] DEBUG spoon.Launcher - [INFO] Downloading from google-maven-central: https://maven-central.storage-download.googleapis.com/maven2/org/apache/maven/reporting/maven-reporting-api/3.0/maven-reporting-api-3.0.pom
18:01:33.001 [Thread-3] DEBUG spoon.Launcher - [INFO] Downloaded from google-maven-central: https://maven-central.storage-download.googleapis.com/maven2/org/apache/maven/reporting/maven-reporting-api/3.0/maven-reporting-api-3.0.pom (2.4 kB at 297 kB/s)
18:01:33.003 [Thread-3] DEBUG spoon.Launcher - [INFO] Downloading from google-maven-central: https://maven-central.storage-download.googleapis.com/maven2/org/apache/maven/shared/maven-shared-components/15/maven-shared-components-15.pom
18:01:33.012 [Thread-3] DEBUG spoon.Launcher - [INFO] Downloaded from google-maven-central: https://maven-central.storage-download.googleapis.com/maven2/org/apache/maven/shared/maven-shared-components/15/maven-shared-components-15.pom (9.3 kB at 1.9 MB/s)
18:01:33.012 [Thread-3] DEBUG spoon.Launcher - [INFO] Downloading from google-maven-central: https://maven-central.storage-download.googleapis.com/maven2/org/apache/maven/maven-parent/16/maven-parent-16.pom
18:01:33.019 [Thread-3] DEBUG spoon.Launcher - [INFO] Downloaded from google-maven-central: https://maven-central.storage-download.googleapis.com/maven2/org/apache/maven/maven-parent/16/maven-parent-16.pom (23 kB at 3.3 MB/s)
18:01:33.024 [Thread-3] DEBUG spoon.Launcher - [INFO] Downloading from google-maven-central: https://maven-central.storage-download.googleapis.com/maven2/org/apache/maven/doxia/doxia-sink-api/1.0/doxia-sink-api-1.0.pom
18:01:33.031 [Thread-3] DEBUG spoon.Launcher - [INFO] Downloaded from google-maven-central: https://maven-central.storage-download.googleapis.com/maven2/org/apache/maven/doxia/doxia-sink-api/1.0/doxia-sink-api-1.0.pom (1.4 kB at 198 kB/s)
18:01:33.033 [Thread-3] DEBUG spoon.Launcher - [INFO] Downloading from google-maven-central: https://maven-central.storage-download.googleapis.com/maven2/org/apache/maven/doxia/doxia/1.0/doxia-1.0.pom
18:01:33.040 [Thread-3] DEBUG spoon.Launcher - [INFO] Downloaded from google-maven-central: https://maven-central.storage-download.googleapis.com/maven2/org/apache/maven/doxia/doxia/1.0/doxia-1.0.pom (9.6 kB at 1.6 MB/s)
18:01:33.054 [Thread-3] DEBUG spoon.Launcher - [INFO] Downloading from google-maven-central: https://maven-central.storage-download.googleapis.com/maven2/org/apache/maven/reporting/maven-reporting-impl/2.0.5/maven-reporting-impl-2.0.5.pom
18:01:33.060 [Thread-3] DEBUG spoon.Launcher - [INFO] Downloaded from google-maven-central: https://maven-central.storage-download.googleapis.com/maven2/org/apache/maven/reporting/maven-reporting-impl/2.0.5/maven-reporting-impl-2.0.5.pom (4.2 kB at 704 kB/s)
18:01:33.084 [Thread-3] DEBUG spoon.Launcher - [INFO] Downloading from google-maven-central: https://maven-central.storage-download.googleapis.com/maven2/org/apache/maven/doxia/doxia-core/1.0/doxia-core-1.0.pom
18:01:33.200 [Thread-3] DEBUG spoon.Launcher - [INFO] Downloaded from google-maven-central: https://maven-central.storage-download.googleapis.com/maven2/org/apache/maven/doxia/doxia-core/1.0/doxia-core-1.0.pom (2.4 kB at 21 kB/s)
18:01:33.210 [Thread-3] DEBUG spoon.Launcher - [INFO] Downloading from google-maven-central: https://maven-central.storage-download.googleapis.com/maven2/org/codehaus/plexus/plexus-utils/1.5.7/plexus-utils-1.5.7.pom
18:01:33.426 [Thread-3] DEBUG spoon.Launcher - [INFO] Downloaded from google-maven-central: https://maven-central.storage-download.googleapis.com/maven2/org/codehaus/plexus/plexus-utils/1.5.7/plexus-utils-1.5.7.pom (8.1 kB at 37 kB/s)
18:01:33.431 [Thread-3] DEBUG spoon.Launcher - [INFO] Downloading from google-maven-central: https://maven-central.storage-download.googleapis.com/maven2/org/codehaus/plexus/plexus-container-default/1.0-alpha-30/plexus-container-default-1.0-alpha-30.pom
18:01:33.437 [Thread-3] DEBUG spoon.Launcher - [INFO] Downloaded from google-maven-central: https://maven-central.storage-download.googleapis.com/maven2/org/codehaus/plexus/plexus-container-default/1.0-alpha-30/plexus-container-default-1.0-alpha-30.pom (3.5 kB at 497 kB/s)
18:01:33.440 [Thread-3] DEBUG spoon.Launcher - [INFO] Downloading from google-maven-central: https://maven-central.storage-download.googleapis.com/maven2/org/codehaus/plexus/plexus-containers/1.0-alpha-30/plexus-containers-1.0-alpha-30.pom
18:01:33.445 [Thread-3] DEBUG spoon.Launcher - [INFO] Downloaded from google-maven-central: https://maven-central.storage-download.googleapis.com/maven2/org/codehaus/plexus/plexus-containers/1.0-alpha-30/plexus-containers-1.0-alpha-30.pom (1.9 kB at 379 kB/s)
18:01:33.448 [Thread-3] DEBUG spoon.Launcher - [INFO] Downloading from google-maven-central: https://maven-central.storage-download.googleapis.com/maven2/org/codehaus/plexus/plexus-utils/1.4.5/plexus-utils-1.4.5.pom
18:01:33.539 [Thread-3] DEBUG spoon.Launcher - [INFO] Downloaded from google-maven-central: https://maven-central.storage-download.googleapis.com/maven2/org/codehaus/plexus/plexus-utils/1.4.5/plexus-utils-1.4.5.pom (2.3 kB at 25 kB/s)
18:01:33.546 [Thread-3] DEBUG spoon.Launcher - [INFO] Downloading from google-maven-central: https://maven-central.storage-download.googleapis.com/maven2/org/codehaus/plexus/plexus-classworlds/1.2-alpha-9/plexus-classworlds-1.2-alpha-9.pom
18:01:33.554 [Thread-3] DEBUG spoon.Launcher - [INFO] Downloaded from google-maven-central: https://maven-central.storage-download.googleapis.com/maven2/org/codehaus/plexus/plexus-classworlds/1.2-alpha-9/plexus-classworlds-1.2-alpha-9.pom (3.2 kB at 358 kB/s)
18:01:33.557 [Thread-3] DEBUG spoon.Launcher - [INFO] Downloading from google-maven-central: https://maven-central.storage-download.googleapis.com/maven2/org/codehaus/plexus/plexus/1.0.10/plexus-1.0.10.pom
18:01:33.565 [Thread-3] DEBUG spoon.Launcher - [INFO] Downloaded from google-maven-central: https://maven-central.storage-download.googleapis.com/maven2/org/codehaus/plexus/plexus/1.0.10/plexus-1.0.10.pom (8.2 kB at 1.4 MB/s)
18:01:33.572 [Thread-3] DEBUG spoon.Launcher - [INFO] Downloading from google-maven-central: https://maven-central.storage-download.googleapis.com/maven2/org/apache/maven/doxia/doxia-site-renderer/1.0/doxia-site-renderer-1.0.pom
18:01:33.662 [Thread-3] DEBUG spoon.Launcher - [INFO] Downloaded from google-maven-central: https://maven-central.storage-download.googleapis.com/maven2/org/apache/maven/doxia/doxia-site-renderer/1.0/doxia-site-renderer-1.0.pom (4.4 kB at 48 kB/s)
18:01:33.665 [Thread-3] DEBUG spoon.Launcher - [INFO] Downloading from google-maven-central: https://maven-central.storage-download.googleapis.com/maven2/org/apache/maven/doxia/doxia-sitetools/1.0/doxia-sitetools-1.0.pom
18:01:33.749 [Thread-3] DEBUG spoon.Launcher - [INFO] Downloaded from google-maven-central: https://maven-central.storage-download.googleapis.com/maven2/org/apache/maven/doxia/doxia-sitetools/1.0/doxia-sitetools-1.0.pom (9.6 kB at 113 kB/s)
18:01:33.755 [Thread-3] DEBUG spoon.Launcher - [INFO] Downloading from google-maven-central: https://maven-central.storage-download.googleapis.com/maven2/org/codehaus/plexus/plexus-i18n/1.0-beta-7/plexus-i18n-1.0-beta-7.pom
18:01:33.760 [Thread-3] DEBUG spoon.Launcher - [INFO] Downloaded from google-maven-central: https://maven-central.storage-download.googleapis.com/maven2/org/codehaus/plexus/plexus-i18n/1.0-beta-7/plexus-i18n-1.0-beta-7.pom (1.1 kB at 176 kB/s)
18:01:33.762 [Thread-3] DEBUG spoon.Launcher - [INFO] Downloading from google-maven-central: https://maven-central.storage-download.googleapis.com/maven2/org/codehaus/plexus/plexus-components/1.1.12/plexus-components-1.1.12.pom
18:01:33.768 [Thread-3] DEBUG spoon.Launcher - [INFO] Downloaded from google-maven-central: https://maven-central.storage-download.googleapis.com/maven2/org/codehaus/plexus/plexus-components/1.1.12/plexus-components-1.1.12.pom (3.0 kB at 601 kB/s)
18:01:33.772 [Thread-3] DEBUG spoon.Launcher - [INFO] Downloading from google-maven-central: https://maven-central.storage-download.googleapis.com/maven2/org/codehaus/plexus/plexus-velocity/1.1.7/plexus-velocity-1.1.7.pom
18:01:33.778 [Thread-3] DEBUG spoon.Launcher - [INFO] Downloaded from google-maven-central: https://maven-central.storage-download.googleapis.com/maven2/org/codehaus/plexus/plexus-velocity/1.1.7/plexus-velocity-1.1.7.pom (2.0 kB at 326 kB/s)
18:01:33.796 [Thread-3] DEBUG spoon.Launcher - [INFO] Downloading from google-maven-central: https://maven-central.storage-download.googleapis.com/maven2/org/codehaus/plexus/plexus-container-default/1.0-alpha-20/plexus-container-default-1.0-alpha-20.pom
18:01:33.806 [Thread-3] DEBUG spoon.Launcher - [INFO] Downloaded from google-maven-central: https://maven-central.storage-download.googleapis.com/maven2/org/codehaus/plexus/plexus-container-default/1.0-alpha-20/plexus-container-default-1.0-alpha-20.pom (3.0 kB at 332 kB/s)
18:01:33.808 [Thread-3] DEBUG spoon.Launcher - [INFO] Downloading from google-maven-central: https://maven-central.storage-download.googleapis.com/maven2/org/codehaus/plexus/plexus-containers/1.0-alpha-20/plexus-containers-1.0-alpha-20.pom
18:01:33.814 [Thread-3] DEBUG spoon.Launcher - [INFO] Downloaded from google-maven-central: https://maven-central.storage-download.googleapis.com/maven2/org/codehaus/plexus/plexus-containers/1.0-alpha-20/plexus-containers-1.0-alpha-20.pom (1.9 kB at 314 kB/s)
18:01:33.817 [Thread-3] DEBUG spoon.Launcher - [INFO] Downloading from google-maven-central: https://maven-central.storage-download.googleapis.com/maven2/org/codehaus/plexus/plexus-utils/1.3/plexus-utils-1.3.pom
18:01:33.823 [Thread-3] DEBUG spoon.Launcher - [INFO] Downloaded from google-maven-central: https://maven-central.storage-download.googleapis.com/maven2/org/codehaus/plexus/plexus-utils/1.3/plexus-utils-1.3.pom (1.0 kB at 172 kB/s)
18:01:33.826 [Thread-3] DEBUG spoon.Launcher - [INFO] Downloading from google-maven-central: https://maven-central.storage-download.googleapis.com/maven2/org/codehaus/plexus/plexus/1.0.8/plexus-1.0.8.pom
18:01:33.832 [Thread-3] DEBUG spoon.Launcher - [INFO] Downloaded from google-maven-central: https://maven-central.storage-download.googleapis.com/maven2/org/codehaus/plexus/plexus/1.0.8/plexus-1.0.8.pom (7.2 kB at 1.0 MB/s)
18:01:33.836 [Thread-3] DEBUG spoon.Launcher - [INFO] Downloading from google-maven-central: https://maven-central.storage-download.googleapis.com/maven2/org/codehaus/plexus/plexus-classworlds/1.2-alpha-7/plexus-classworlds-1.2-alpha-7.pom
18:01:33.844 [Thread-3] DEBUG spoon.Launcher - [INFO] Downloaded from google-maven-central: https://maven-central.storage-download.googleapis.com/maven2/org/codehaus/plexus/plexus-classworlds/1.2-alpha-7/plexus-classworlds-1.2-alpha-7.pom (2.4 kB at 296 kB/s)
18:01:33.849 [Thread-3] DEBUG spoon.Launcher - [INFO] Downloading from google-maven-central: https://maven-central.storage-download.googleapis.com/maven2/org/codehaus/plexus/plexus/1.0.9/plexus-1.0.9.pom
18:01:33.854 [Thread-3] DEBUG spoon.Launcher - [INFO] Downloaded from google-maven-central: https://maven-central.storage-download.googleapis.com/maven2/org/codehaus/plexus/plexus/1.0.9/plexus-1.0.9.pom (7.7 kB at 1.1 MB/s)
18:01:33.858 [Thread-3] DEBUG spoon.Launcher - [INFO] Downloading from google-maven-central: https://maven-central.storage-download.googleapis.com/maven2/org/apache/velocity/velocity/1.5/velocity-1.5.pom
18:01:33.864 [Thread-3] DEBUG spoon.Launcher - [INFO] Downloaded from google-maven-central: https://maven-central.storage-download.googleapis.com/maven2/org/apache/velocity/velocity/1.5/velocity-1.5.pom (7.8 kB at 1.3 MB/s)
18:01:33.869 [Thread-3] DEBUG spoon.Launcher - [INFO] Downloading from google-maven-central: https://maven-central.storage-download.googleapis.com/maven2/commons-collections/commons-collections/3.1/commons-collections-3.1.pom
18:01:33.877 [Thread-3] DEBUG spoon.Launcher - [INFO] Downloaded from google-maven-central: https://maven-central.storage-download.googleapis.com/maven2/commons-collections/commons-collections/3.1/commons-collections-3.1.pom (6.1 kB at 676 kB/s)
18:01:33.884 [Thread-3] DEBUG spoon.Launcher - [INFO] Downloading from google-maven-central: https://maven-central.storage-download.googleapis.com/maven2/commons-lang/commons-lang/2.1/commons-lang-2.1.pom
18:01:33.893 [Thread-3] DEBUG spoon.Launcher - [INFO] Downloaded from google-maven-central: https://maven-central.storage-download.googleapis.com/maven2/commons-lang/commons-lang/2.1/commons-lang-2.1.pom (9.9 kB at 993 kB/s)
18:01:33.897 [Thread-3] DEBUG spoon.Launcher - [INFO] Downloading from google-maven-central: https://maven-central.storage-download.googleapis.com/maven2/oro/oro/2.0.8/oro-2.0.8.pom
18:01:33.904 [Thread-3] DEBUG spoon.Launcher - [INFO] Downloaded from google-maven-central: https://maven-central.storage-download.googleapis.com/maven2/oro/oro/2.0.8/oro-2.0.8.pom (140 B at 23 kB/s)
18:01:33.908 [Thread-3] DEBUG spoon.Launcher - [INFO] Downloading from google-maven-central: https://maven-central.storage-download.googleapis.com/maven2/org/apache/maven/doxia/doxia-decoration-model/1.0/doxia-decoration-model-1.0.pom
18:01:33.987 [Thread-3] DEBUG spoon.Launcher - [INFO] Downloaded from google-maven-central: https://maven-central.storage-download.googleapis.com/maven2/org/apache/maven/doxia/doxia-decoration-model/1.0/doxia-decoration-model-1.0.pom (3.2 kB at 39 kB/s)
18:01:33.990 [Thread-3] DEBUG spoon.Launcher - [INFO] Downloading from google-maven-central: https://maven-central.storage-download.googleapis.com/maven2/commons-collections/commons-collections/3.2/commons-collections-3.2.pom
18:01:34.000 [Thread-3] DEBUG spoon.Launcher - [INFO] Downloaded from google-maven-central: https://maven-central.storage-download.googleapis.com/maven2/commons-collections/commons-collections/3.2/commons-collections-3.2.pom (11 kB at 1.8 MB/s)
18:01:34.002 [Thread-3] DEBUG spoon.Launcher - [INFO] Downloading from google-maven-central: https://maven-central.storage-download.googleapis.com/maven2/org/apache/maven/doxia/doxia-module-apt/1.0/doxia-module-apt-1.0.pom
18:01:34.070 [Thread-3] DEBUG spoon.Launcher - [INFO] Downloaded from google-maven-central: https://maven-central.storage-download.googleapis.com/maven2/org/apache/maven/doxia/doxia-module-apt/1.0/doxia-module-apt-1.0.pom (2.3 kB at 34 kB/s)
18:01:34.071 [Thread-3] DEBUG spoon.Launcher - [INFO] Downloading from google-maven-central: https://maven-central.storage-download.googleapis.com/maven2/org/apache/maven/doxia/doxia-modules/1.0/doxia-modules-1.0.pom
18:01:34.152 [Thread-3] DEBUG spoon.Launcher - [INFO] Downloaded from google-maven-central: https://maven-central.storage-download.googleapis.com/maven2/org/apache/maven/doxia/doxia-modules/1.0/doxia-modules-1.0.pom (2.4 kB at 30 kB/s)
18:01:34.156 [Thread-3] DEBUG spoon.Launcher - [INFO] Downloading from google-maven-central: https://maven-central.storage-download.googleapis.com/maven2/org/apache/maven/doxia/doxia-module-fml/1.0/doxia-module-fml-1.0.pom
18:01:34.215 [Thread-3] DEBUG spoon.Launcher - [INFO] Downloaded from google-maven-central: https://maven-central.storage-download.googleapis.com/maven2/org/apache/maven/doxia/doxia-module-fml/1.0/doxia-module-fml-1.0.pom (2.7 kB at 46 kB/s)
18:01:34.218 [Thread-3] DEBUG spoon.Launcher - [INFO] Downloading from google-maven-central: https://maven-central.storage-download.googleapis.com/maven2/org/apache/maven/doxia/doxia-module-xdoc/1.0/doxia-module-xdoc-1.0.pom
18:01:34.408 [Thread-3] DEBUG spoon.Launcher - [INFO] Downloaded from google-maven-central: https://maven-central.storage-download.googleapis.com/maven2/org/apache/maven/doxia/doxia-module-xdoc/1.0/doxia-module-xdoc-1.0.pom (2.2 kB at 12 kB/s)
18:01:34.412 [Thread-3] DEBUG spoon.Launcher - [INFO] Downloading from google-maven-central: https://maven-central.storage-download.googleapis.com/maven2/org/apache/maven/doxia/doxia-module-xhtml/1.0/doxia-module-xhtml-1.0.pom
18:01:34.483 [Thread-3] DEBUG spoon.Launcher - [INFO] Downloaded from google-maven-central: https://maven-central.storage-download.googleapis.com/maven2/org/apache/maven/doxia/doxia-module-xhtml/1.0/doxia-module-xhtml-1.0.pom (1.6 kB at 24 kB/s)
18:01:34.483 [Thread-3] DEBUG spoon.Launcher - [INFO] Downloading from google-maven-central: https://maven-central.storage-download.googleapis.com/maven2/org/apache/maven/shared/maven-doxia-tools/1.0.2/maven-doxia-tools-1.0.2.pom
18:01:34.490 [Thread-3] DEBUG spoon.Launcher - [INFO] Downloaded from google-maven-central: https://maven-central.storage-download.googleapis.com/maven2/org/apache/maven/shared/maven-doxia-tools/1.0.2/maven-doxia-tools-1.0.2.pom (5.9 kB at 733 kB/s)
18:01:34.492 [Thread-3] DEBUG spoon.Launcher - [INFO] Downloading from google-maven-central: https://maven-central.storage-download.googleapis.com/maven2/org/apache/maven/shared/maven-shared-components/11/maven-shared-components-11.pom
18:01:34.497 [Thread-3] DEBUG spoon.Launcher - [INFO] Downloaded from google-maven-central: https://maven-central.storage-download.googleapis.com/maven2/org/apache/maven/shared/maven-shared-components/11/maven-shared-components-11.pom (8.3 kB at 1.7 MB/s)
18:01:34.500 [Thread-3] DEBUG spoon.Launcher - [INFO] Downloading from google-maven-central: https://maven-central.storage-download.googleapis.com/maven2/commons-io/commons-io/1.4/commons-io-1.4.pom
18:01:34.633 [Thread-3] DEBUG spoon.Launcher - [INFO] Downloaded from google-maven-central: https://maven-central.storage-download.googleapis.com/maven2/commons-io/commons-io/1.4/commons-io-1.4.pom (13 kB at 99 kB/s)
18:01:34.635 [Thread-3] DEBUG spoon.Launcher - [INFO] Downloading from google-maven-central: https://maven-central.storage-download.googleapis.com/maven2/org/apache/commons/commons-parent/7/commons-parent-7.pom
18:01:34.751 [Thread-3] DEBUG spoon.Launcher - [INFO] Downloaded from google-maven-central: https://maven-central.storage-download.googleapis.com/maven2/org/apache/commons/commons-parent/7/commons-parent-7.pom (17 kB at 152 kB/s)
18:01:34.825 [Thread-3] DEBUG spoon.Launcher - [INFO] Downloading from google-maven-central: https://maven-central.storage-download.googleapis.com/maven2/org/codehaus/plexus/plexus-container-default/1.0-alpha-9/plexus-container-default-1.0-alpha-9.pom
18:01:34.845 [Thread-3] DEBUG spoon.Launcher - [INFO] Downloaded from google-maven-central: https://maven-central.storage-download.googleapis.com/maven2/org/codehaus/plexus/plexus-container-default/1.0-alpha-9/plexus-container-default-1.0-alpha-9.pom (1.2 kB at 95 kB/s)
18:01:34.855 [Thread-3] DEBUG spoon.Launcher - [INFO] Downloading from google-maven-central: https://maven-central.storage-download.googleapis.com/maven2/commons-validator/commons-validator/1.2.0/commons-validator-1.2.0.pom
18:01:34.885 [Thread-3] DEBUG spoon.Launcher - [INFO] Downloaded from google-maven-central: https://maven-central.storage-download.googleapis.com/maven2/commons-validator/commons-validator/1.2.0/commons-validator-1.2.0.pom (9.1 kB at 378 kB/s)
18:01:34.900 [Thread-3] DEBUG spoon.Launcher - [INFO] Downloading from google-maven-central: https://maven-central.storage-download.googleapis.com/maven2/commons-beanutils/commons-beanutils/1.7.0/commons-beanutils-1.7.0.pom
18:01:34.912 [Thread-3] DEBUG spoon.Launcher - [INFO] Downloaded from google-maven-central: https://maven-central.storage-download.googleapis.com/maven2/commons-beanutils/commons-beanutils/1.7.0/commons-beanutils-1.7.0.pom (357 B at 45 kB/s)
18:01:34.918 [Thread-3] DEBUG spoon.Launcher - [INFO] Downloading from google-maven-central: https://maven-central.storage-download.googleapis.com/maven2/commons-logging/commons-logging/1.0.3/commons-logging-1.0.3.pom
18:01:34.930 [Thread-3] DEBUG spoon.Launcher - [INFO] Downloaded from google-maven-central: https://maven-central.storage-download.googleapis.com/maven2/commons-logging/commons-logging/1.0.3/commons-logging-1.0.3.pom (866 B at 62 kB/s)
18:01:34.934 [Thread-3] DEBUG spoon.Launcher - [INFO] Downloading from google-maven-central: https://maven-central.storage-download.googleapis.com/maven2/commons-digester/commons-digester/1.6/commons-digester-1.6.pom
18:01:34.946 [Thread-3] DEBUG spoon.Launcher - [INFO] Downloaded from google-maven-central: https://maven-central.storage-download.googleapis.com/maven2/commons-digester/commons-digester/1.6/commons-digester-1.6.pom (974 B at 81 kB/s)
18:01:34.955 [Thread-3] DEBUG spoon.Launcher - [INFO] Downloading from google-maven-central: https://maven-central.storage-download.googleapis.com/maven2/commons-beanutils/commons-beanutils/1.6/commons-beanutils-1.6.pom
18:01:34.983 [Thread-3] DEBUG spoon.Launcher - [INFO] Downloaded from google-maven-central: https://maven-central.storage-download.googleapis.com/maven2/commons-beanutils/commons-beanutils/1.6/commons-beanutils-1.6.pom (2.3 kB at 136 kB/s)
18:01:35.005 [Thread-3] DEBUG spoon.Launcher - [INFO] Downloading from google-maven-central: https://maven-central.storage-download.googleapis.com/maven2/commons-logging/commons-logging/1.0/commons-logging-1.0.pom
18:01:35.018 [Thread-3] DEBUG spoon.Launcher - [INFO] Downloaded from google-maven-central: https://maven-central.storage-download.googleapis.com/maven2/commons-logging/commons-logging/1.0/commons-logging-1.0.pom (163 B at 7.1 kB/s)
18:01:35.038 [Thread-3] DEBUG spoon.Launcher - [INFO] Downloading from google-maven-central: https://maven-central.storage-download.googleapis.com/maven2/commons-collections/commons-collections/2.0/commons-collections-2.0.pom
18:01:35.050 [Thread-3] DEBUG spoon.Launcher - [INFO] Downloaded from google-maven-central: https://maven-central.storage-download.googleapis.com/maven2/commons-collections/commons-collections/2.0/commons-collections-2.0.pom (171 B at 9.0 kB/s)
18:01:35.068 [Thread-3] DEBUG spoon.Launcher - [INFO] Downloading from google-maven-central: https://maven-central.storage-download.googleapis.com/maven2/commons-collections/commons-collections/2.1/commons-collections-2.1.pom
18:01:35.075 [Thread-3] DEBUG spoon.Launcher - [INFO] Downloaded from google-maven-central: https://maven-central.storage-download.googleapis.com/maven2/commons-collections/commons-collections/2.1/commons-collections-2.1.pom (3.3 kB at 257 kB/s)
18:01:35.077 [Thread-3] DEBUG spoon.Launcher - [INFO] Downloading from google-maven-central: https://maven-central.storage-download.googleapis.com/maven2/xml-apis/xml-apis/1.0.b2/xml-apis-1.0.b2.pom
18:01:35.097 [Thread-3] DEBUG spoon.Launcher - [INFO] Downloaded from google-maven-central: https://maven-central.storage-download.googleapis.com/maven2/xml-apis/xml-apis/1.0.b2/xml-apis-1.0.b2.pom (2.2 kB at 112 kB/s)
18:01:35.112 [Thread-3] DEBUG spoon.Launcher - [INFO] Downloading from google-maven-central: https://maven-central.storage-download.googleapis.com/maven2/commons-logging/commons-logging/1.0.4/commons-logging-1.0.4.pom
18:01:35.123 [Thread-3] DEBUG spoon.Launcher - [INFO] Downloaded from google-maven-central: https://maven-central.storage-download.googleapis.com/maven2/commons-logging/commons-logging/1.0.4/commons-logging-1.0.4.pom (5.3 kB at 526 kB/s)
18:01:35.147 [Thread-3] DEBUG spoon.Launcher - [INFO] Downloading from google-maven-central: https://maven-central.storage-download.googleapis.com/maven2/xml-apis/xml-apis/2.0.2/xml-apis-2.0.2.pom
18:01:35.159 [Thread-3] DEBUG spoon.Launcher - [INFO] Downloaded from google-maven-central: https://maven-central.storage-download.googleapis.com/maven2/xml-apis/xml-apis/2.0.2/xml-apis-2.0.2.pom (346 B at 29 kB/s)
18:01:35.196 [Thread-3] DEBUG spoon.Launcher - [INFO] Downloading from google-maven-central: https://maven-central.storage-download.googleapis.com/maven2/org/codehaus/plexus/plexus-archiver/2.3/plexus-archiver-2.3.pom
18:01:35.208 [Thread-3] DEBUG spoon.Launcher - [INFO] Downloaded from google-maven-central: https://maven-central.storage-download.googleapis.com/maven2/org/codehaus/plexus/plexus-archiver/2.3/plexus-archiver-2.3.pom (3.4 kB at 146 kB/s)
18:01:35.212 [Thread-3] DEBUG spoon.Launcher - [INFO] Downloading from google-maven-central: https://maven-central.storage-download.googleapis.com/maven2/org/codehaus/plexus/plexus-components/1.3/plexus-components-1.3.pom
18:01:35.282 [Thread-3] DEBUG spoon.Launcher - [INFO] Downloaded from google-maven-central: https://maven-central.storage-download.googleapis.com/maven2/org/codehaus/plexus/plexus-components/1.3/plexus-components-1.3.pom (3.1 kB at 43 kB/s)
18:01:35.286 [Thread-3] DEBUG spoon.Launcher - [INFO] Downloading from google-maven-central: https://maven-central.storage-download.googleapis.com/maven2/org/codehaus/plexus/plexus/3.3/plexus-3.3.pom
18:01:35.295 [Thread-3] DEBUG spoon.Launcher - [INFO] Downloaded from google-maven-central: https://maven-central.storage-download.googleapis.com/maven2/org/codehaus/plexus/plexus/3.3/plexus-3.3.pom (20 kB at 2.8 MB/s)
18:01:35.310 [Thread-3] DEBUG spoon.Launcher - [INFO] Downloading from google-maven-central: https://maven-central.storage-download.googleapis.com/maven2/org/codehaus/plexus/plexus-utils/3.0.10/plexus-utils-3.0.10.pom
18:01:35.317 [Thread-3] DEBUG spoon.Launcher - [INFO] Downloaded from google-maven-central: https://maven-central.storage-download.googleapis.com/maven2/org/codehaus/plexus/plexus-utils/3.0.10/plexus-utils-3.0.10.pom (3.1 kB at 393 kB/s)
18:01:35.336 [Thread-3] DEBUG spoon.Launcher - [INFO] Downloading from google-maven-central: https://maven-central.storage-download.googleapis.com/maven2/org/codehaus/plexus/plexus-io/2.0.6/plexus-io-2.0.6.pom
18:01:35.343 [Thread-3] DEBUG spoon.Launcher - [INFO] Downloaded from google-maven-central: https://maven-central.storage-download.googleapis.com/maven2/org/codehaus/plexus/plexus-io/2.0.6/plexus-io-2.0.6.pom (2.2 kB at 184 kB/s)
18:01:35.347 [Thread-3] DEBUG spoon.Launcher - [INFO] Downloading from google-maven-central: https://maven-central.storage-download.googleapis.com/maven2/org/codehaus/plexus/plexus-components/1.2/plexus-components-1.2.pom
18:01:35.413 [Thread-3] DEBUG spoon.Launcher - [INFO] Downloaded from google-maven-central: https://maven-central.storage-download.googleapis.com/maven2/org/codehaus/plexus/plexus-components/1.2/plexus-components-1.2.pom (3.1 kB at 47 kB/s)
18:01:35.417 [Thread-3] DEBUG spoon.Launcher - [INFO] Downloading from google-maven-central: https://maven-central.storage-download.googleapis.com/maven2/org/codehaus/plexus/plexus-utils/3.0.9/plexus-utils-3.0.9.pom
18:01:35.434 [Thread-3] DEBUG spoon.Launcher - [INFO] Downloaded from google-maven-central: https://maven-central.storage-download.googleapis.com/maven2/org/codehaus/plexus/plexus-utils/3.0.9/plexus-utils-3.0.9.pom (3.1 kB at 224 kB/s)
18:01:35.446 [Thread-3] DEBUG spoon.Launcher - [INFO] Downloading from google-maven-central: https://maven-central.storage-download.googleapis.com/maven2/org/apache/maven/shared/file-management/1.2.1/file-management-1.2.1.pom
18:01:35.452 [Thread-3] DEBUG spoon.Launcher - [INFO] Downloaded from google-maven-central: https://maven-central.storage-download.googleapis.com/maven2/org/apache/maven/shared/file-management/1.2.1/file-management-1.2.1.pom (3.9 kB at 228 kB/s)
18:01:35.459 [Thread-3] DEBUG spoon.Launcher - [INFO] Downloading from google-maven-central: https://maven-central.storage-download.googleapis.com/maven2/org/apache/maven/shared/maven-shared-components/10/maven-shared-components-10.pom
18:01:35.471 [Thread-3] DEBUG spoon.Launcher - [INFO] Downloaded from google-maven-central: https://maven-central.storage-download.googleapis.com/maven2/org/apache/maven/shared/maven-shared-components/10/maven-shared-components-10.pom (8.4 kB at 703 kB/s)
18:01:35.489 [Thread-3] DEBUG spoon.Launcher - [INFO] Downloading from google-maven-central: https://maven-central.storage-download.googleapis.com/maven2/org/apache/maven/shared/maven-shared-io/1.1/maven-shared-io-1.1.pom
18:01:35.498 [Thread-3] DEBUG spoon.Launcher - [INFO] Downloaded from google-maven-central: https://maven-central.storage-download.googleapis.com/maven2/org/apache/maven/shared/maven-shared-io/1.1/maven-shared-io-1.1.pom (4.1 kB at 451 kB/s)
18:01:35.505 [Thread-3] DEBUG spoon.Launcher - [INFO] Downloading from google-maven-central: https://maven-central.storage-download.googleapis.com/maven2/org/apache/maven/shared/maven-shared-components/8/maven-shared-components-8.pom
18:01:35.635 [Thread-3] DEBUG spoon.Launcher - [INFO] Downloaded from google-maven-central: https://maven-central.storage-download.googleapis.com/maven2/org/apache/maven/shared/maven-shared-components/8/maven-shared-components-8.pom (2.7 kB at 21 kB/s)
18:01:35.636 [Thread-3] DEBUG spoon.Launcher - [INFO] Downloading from google-maven-central: https://maven-central.storage-download.googleapis.com/maven2/org/apache/maven/maven-parent/7/maven-parent-7.pom
18:01:35.715 [Thread-3] DEBUG spoon.Launcher - [INFO] Downloaded from google-maven-central: https://maven-central.storage-download.googleapis.com/maven2/org/apache/maven/maven-parent/7/maven-parent-7.pom (21 kB at 272 kB/s)
18:01:35.718 [Thread-3] DEBUG spoon.Launcher - [INFO] Downloading from google-maven-central: https://maven-central.storage-download.googleapis.com/maven2/org/apache/maven/maven-artifact/2.0.2/maven-artifact-2.0.2.pom
18:01:35.723 [Thread-3] DEBUG spoon.Launcher - [INFO] Downloaded from google-maven-central: https://maven-central.storage-download.googleapis.com/maven2/org/apache/maven/maven-artifact/2.0.2/maven-artifact-2.0.2.pom (765 B at 153 kB/s)
18:01:35.725 [Thread-3] DEBUG spoon.Launcher - [INFO] Downloading from google-maven-central: https://maven-central.storage-download.googleapis.com/maven2/org/apache/maven/maven/2.0.2/maven-2.0.2.pom
18:01:35.734 [Thread-3] DEBUG spoon.Launcher - [INFO] Downloaded from google-maven-central: https://maven-central.storage-download.googleapis.com/maven2/org/apache/maven/maven/2.0.2/maven-2.0.2.pom (13 kB at 1.5 MB/s)
18:01:35.737 [Thread-3] DEBUG spoon.Launcher - [INFO] Downloading from google-maven-central: https://maven-central.storage-download.googleapis.com/maven2/org/codehaus/plexus/plexus-utils/1.1/plexus-utils-1.1.pom
18:01:35.750 [Thread-3] DEBUG spoon.Launcher - [INFO] Downloaded from google-maven-central: https://maven-central.storage-download.googleapis.com/maven2/org/codehaus/plexus/plexus-utils/1.1/plexus-utils-1.1.pom (767 B at 59 kB/s)
18:01:35.753 [Thread-3] DEBUG spoon.Launcher - [INFO] Downloading from google-maven-central: https://maven-central.storage-download.googleapis.com/maven2/org/apache/maven/maven-artifact-manager/2.0.2/maven-artifact-manager-2.0.2.pom
18:01:35.758 [Thread-3] DEBUG spoon.Launcher - [INFO] Downloaded from google-maven-central: https://maven-central.storage-download.googleapis.com/maven2/org/apache/maven/maven-artifact-manager/2.0.2/maven-artifact-manager-2.0.2.pom (1.4 kB at 232 kB/s)
18:01:35.762 [Thread-3] DEBUG spoon.Launcher - [INFO] Downloading from google-maven-central: https://maven-central.storage-download.googleapis.com/maven2/org/apache/maven/maven-repository-metadata/2.0.2/maven-repository-metadata-2.0.2.pom
18:01:35.782 [Thread-3] DEBUG spoon.Launcher - [INFO] Downloaded from google-maven-central: https://maven-central.storage-download.googleapis.com/maven2/org/apache/maven/maven-repository-metadata/2.0.2/maven-repository-metadata-2.0.2.pom (1.3 kB at 65 kB/s)
18:01:35.785 [Thread-3] DEBUG spoon.Launcher - [INFO] Downloading from google-maven-central: https://maven-central.storage-download.googleapis.com/maven2/org/apache/maven/wagon/wagon-provider-api/1.0-alpha-6/wagon-provider-api-1.0-alpha-6.pom
18:01:35.791 [Thread-3] DEBUG spoon.Launcher - [INFO] Downloaded from google-maven-central: https://maven-central.storage-download.googleapis.com/maven2/org/apache/maven/wagon/wagon-provider-api/1.0-alpha-6/wagon-provider-api-1.0-alpha-6.pom (588 B at 98 kB/s)
18:01:35.794 [Thread-3] DEBUG spoon.Launcher - [INFO] Downloading from google-maven-central: https://maven-central.storage-download.googleapis.com/maven2/org/apache/maven/wagon/wagon/1.0-alpha-6/wagon-1.0-alpha-6.pom
18:01:35.807 [Thread-3] DEBUG spoon.Launcher - [INFO] Downloaded from google-maven-central: https://maven-central.storage-download.googleapis.com/maven2/org/apache/maven/wagon/wagon/1.0-alpha-6/wagon-1.0-alpha-6.pom (6.4 kB at 457 kB/s)
18:01:35.810 [Thread-3] DEBUG spoon.Launcher - [INFO] Downloading from google-maven-central: https://maven-central.storage-download.googleapis.com/maven2/org/codehaus/plexus/plexus-utils/1.4.6/plexus-utils-1.4.6.pom
18:01:35.883 [Thread-3] DEBUG spoon.Launcher - [INFO] Downloaded from google-maven-central: https://maven-central.storage-download.googleapis.com/maven2/org/codehaus/plexus/plexus-utils/1.4.6/plexus-utils-1.4.6.pom (2.3 kB at 31 kB/s)
18:01:35.886 [Thread-3] DEBUG spoon.Launcher - [INFO] Downloading from google-maven-central: https://maven-central.storage-download.googleapis.com/maven2/org/codehaus/plexus/plexus-utils/1.5.6/plexus-utils-1.5.6.pom
18:01:35.891 [Thread-3] DEBUG spoon.Launcher - [INFO] Downloaded from google-maven-central: https://maven-central.storage-download.googleapis.com/maven2/org/codehaus/plexus/plexus-utils/1.5.6/plexus-utils-1.5.6.pom (5.3 kB at 884 kB/s)
18:01:35.893 [Thread-3] DEBUG spoon.Launcher - [INFO] Downloading from google-maven-central: https://maven-central.storage-download.googleapis.com/maven2/org/codehaus/plexus/plexus/1.0.12/plexus-1.0.12.pom
18:01:35.898 [Thread-3] DEBUG spoon.Launcher - [INFO] Downloaded from google-maven-central: https://maven-central.storage-download.googleapis.com/maven2/org/codehaus/plexus/plexus/1.0.12/plexus-1.0.12.pom (9.8 kB at 1.6 MB/s)
18:01:35.902 [Thread-3] DEBUG spoon.Launcher - [INFO] Downloading from google-maven-central: https://maven-central.storage-download.googleapis.com/maven2/org/apache/maven/shared/maven-dependency-analyzer/1.4/maven-dependency-analyzer-1.4.pom
18:01:35.907 [Thread-3] DEBUG spoon.Launcher - [INFO] Downloaded from google-maven-central: https://maven-central.storage-download.googleapis.com/maven2/org/apache/maven/shared/maven-dependency-analyzer/1.4/maven-dependency-analyzer-1.4.pom (5.2 kB at 1.0 MB/s)
18:01:35.918 [Thread-3] DEBUG spoon.Launcher - [INFO] Downloading from google-maven-central: https://maven-central.storage-download.googleapis.com/maven2/asm/asm/3.3.1/asm-3.3.1.pom
18:01:35.923 [Thread-3] DEBUG spoon.Launcher - [INFO] Downloaded from google-maven-central: https://maven-central.storage-download.googleapis.com/maven2/asm/asm/3.3.1/asm-3.3.1.pom (266 B at 53 kB/s)
18:01:35.925 [Thread-3] DEBUG spoon.Launcher - [INFO] Downloading from google-maven-central: https://maven-central.storage-download.googleapis.com/maven2/asm/asm-parent/3.3.1/asm-parent-3.3.1.pom
18:01:35.930 [Thread-3] DEBUG spoon.Launcher - [INFO] Downloaded from google-maven-central: https://maven-central.storage-download.googleapis.com/maven2/asm/asm-parent/3.3.1/asm-parent-3.3.1.pom (4.3 kB at 866 kB/s)
18:01:35.933 [Thread-3] DEBUG spoon.Launcher - [INFO] Downloading from google-maven-central: https://maven-central.storage-download.googleapis.com/maven2/org/codehaus/plexus/plexus-component-annotations/1.5.5/plexus-component-annotations-1.5.5.pom
18:01:35.938 [Thread-3] DEBUG spoon.Launcher - [INFO] Downloaded from google-maven-central: https://maven-central.storage-download.googleapis.com/maven2/org/codehaus/plexus/plexus-component-annotations/1.5.5/plexus-component-annotations-1.5.5.pom (815 B at 163 kB/s)
18:01:35.939 [Thread-3] DEBUG spoon.Launcher - [INFO] Downloading from google-maven-central: https://maven-central.storage-download.googleapis.com/maven2/org/codehaus/plexus/plexus-containers/1.5.5/plexus-containers-1.5.5.pom
18:01:35.944 [Thread-3] DEBUG spoon.Launcher - [INFO] Downloaded from google-maven-central: https://maven-central.storage-download.googleapis.com/maven2/org/codehaus/plexus/plexus-containers/1.5.5/plexus-containers-1.5.5.pom (4.2 kB at 1.1 MB/s)
18:01:35.947 [Thread-3] DEBUG spoon.Launcher - [INFO] Downloading from google-maven-central: https://maven-central.storage-download.googleapis.com/maven2/org/apache/maven/maven-project/2.0.5/maven-project-2.0.5.pom
18:01:35.952 [Thread-3] DEBUG spoon.Launcher - [INFO] Downloaded from google-maven-central: https://maven-central.storage-download.googleapis.com/maven2/org/apache/maven/maven-project/2.0.5/maven-project-2.0.5.pom (1.8 kB at 368 kB/s)
18:01:35.954 [Thread-3] DEBUG spoon.Launcher - [INFO] Downloading from google-maven-central: https://maven-central.storage-download.googleapis.com/maven2/org/apache/maven/maven/2.0.5/maven-2.0.5.pom
18:01:35.959 [Thread-3] DEBUG spoon.Launcher - [INFO] Downloaded from google-maven-central: https://maven-central.storage-download.googleapis.com/maven2/org/apache/maven/maven/2.0.5/maven-2.0.5.pom (5.7 kB at 1.1 MB/s)
18:01:35.961 [Thread-3] DEBUG spoon.Launcher - [INFO] Downloading from google-maven-central: https://maven-central.storage-download.googleapis.com/maven2/org/apache/maven/maven-settings/2.0.5/maven-settings-2.0.5.pom
18:01:35.966 [Thread-3] DEBUG spoon.Launcher - [INFO] Downloaded from google-maven-central: https://maven-central.storage-download.googleapis.com/maven2/org/apache/maven/maven-settings/2.0.5/maven-settings-2.0.5.pom (1.7 kB at 335 kB/s)
18:01:35.970 [Thread-3] DEBUG spoon.Launcher - [INFO] Downloading from google-maven-central: https://maven-central.storage-download.googleapis.com/maven2/org/apache/maven/maven-model/2.0.5/maven-model-2.0.5.pom
18:01:35.974 [Thread-3] DEBUG spoon.Launcher - [INFO] Downloaded from google-maven-central: https://maven-central.storage-download.googleapis.com/maven2/org/apache/maven/maven-model/2.0.5/maven-model-2.0.5.pom (2.7 kB at 680 kB/s)
18:01:35.988 [Thread-3] DEBUG spoon.Launcher - [INFO] Downloading from google-maven-central: https://maven-central.storage-download.googleapis.com/maven2/org/apache/maven/maven-profile/2.0.5/maven-profile-2.0.5.pom
18:01:35.995 [Thread-3] DEBUG spoon.Launcher - [INFO] Downloaded from google-maven-central: https://maven-central.storage-download.googleapis.com/maven2/org/apache/maven/maven-profile/2.0.5/maven-profile-2.0.5.pom (1.7 kB at 276 kB/s)
18:01:36.000 [Thread-3] DEBUG spoon.Launcher - [INFO] Downloading from google-maven-central: https://maven-central.storage-download.googleapis.com/maven2/org/apache/maven/maven-artifact-manager/2.0.5/maven-artifact-manager-2.0.5.pom
18:01:36.010 [Thread-3] DEBUG spoon.Launcher - [INFO] Downloaded from google-maven-central: https://maven-central.storage-download.googleapis.com/maven2/org/apache/maven/maven-artifact-manager/2.0.5/maven-artifact-manager-2.0.5.pom (1.8 kB at 204 kB/s)
18:01:36.014 [Thread-3] DEBUG spoon.Launcher - [INFO] Downloading from google-maven-central: https://maven-central.storage-download.googleapis.com/maven2/org/apache/maven/maven-repository-metadata/2.0.5/maven-repository-metadata-2.0.5.pom
18:01:36.021 [Thread-3] DEBUG spoon.Launcher - [INFO] Downloaded from google-maven-central: https://maven-central.storage-download.googleapis.com/maven2/org/apache/maven/maven-repository-metadata/2.0.5/maven-repository-metadata-2.0.5.pom (1.5 kB at 248 kB/s)
18:01:36.027 [Thread-3] DEBUG spoon.Launcher - [INFO] Downloading from google-maven-central: https://maven-central.storage-download.googleapis.com/maven2/org/apache/maven/maven-artifact/2.0.5/maven-artifact-2.0.5.pom
18:01:36.035 [Thread-3] DEBUG spoon.Launcher - [INFO] Downloaded from google-maven-central: https://maven-central.storage-download.googleapis.com/maven2/org/apache/maven/maven-artifact/2.0.5/maven-artifact-2.0.5.pom (727 B at 104 kB/s)
18:01:36.038 [Thread-3] DEBUG spoon.Launcher - [INFO] Downloading from google-maven-central: https://maven-central.storage-download.googleapis.com/maven2/org/apache/maven/shared/maven-dependency-tree/2.1/maven-dependency-tree-2.1.pom
18:01:36.147 [Thread-3] DEBUG spoon.Launcher - [INFO] Downloaded from google-maven-central: https://maven-central.storage-download.googleapis.com/maven2/org/apache/maven/shared/maven-dependency-tree/2.1/maven-dependency-tree-2.1.pom (6.8 kB at 62 kB/s)
18:01:36.156 [Thread-3] DEBUG spoon.Launcher - [INFO] Downloading from google-maven-central: https://maven-central.storage-download.googleapis.com/maven2/org/apache/maven/maven-project/2.2.0/maven-project-2.2.0.pom
18:01:36.255 [Thread-3] DEBUG spoon.Launcher - [INFO] Downloaded from google-maven-central: https://maven-central.storage-download.googleapis.com/maven2/org/apache/maven/maven-project/2.2.0/maven-project-2.2.0.pom (2.8 kB at 28 kB/s)
18:01:36.256 [Thread-3] DEBUG spoon.Launcher - [INFO] Downloading from google-maven-central: https://maven-central.storage-download.googleapis.com/maven2/org/apache/maven/maven/2.2.0/maven-2.2.0.pom
18:01:36.352 [Thread-3] DEBUG spoon.Launcher - [INFO] Downloaded from google-maven-central: https://maven-central.storage-download.googleapis.com/maven2/org/apache/maven/maven/2.2.0/maven-2.2.0.pom (22 kB at 236 kB/s)
18:01:36.355 [Thread-3] DEBUG spoon.Launcher - [INFO] Downloading from google-maven-central: https://maven-central.storage-download.googleapis.com/maven2/org/apache/maven/maven-settings/2.2.0/maven-settings-2.2.0.pom
18:01:36.456 [Thread-3] DEBUG spoon.Launcher - [INFO] Downloaded from google-maven-central: https://maven-central.storage-download.googleapis.com/maven2/org/apache/maven/maven-settings/2.2.0/maven-settings-2.2.0.pom (2.2 kB at 22 kB/s)
18:01:36.458 [Thread-3] DEBUG spoon.Launcher - [INFO] Downloading from google-maven-central: https://maven-central.storage-download.googleapis.com/maven2/org/apache/maven/maven-model/2.2.0/maven-model-2.2.0.pom
18:01:36.540 [Thread-3] DEBUG spoon.Launcher - [INFO] Downloaded from google-maven-central: https://maven-central.storage-download.googleapis.com/maven2/org/apache/maven/maven-model/2.2.0/maven-model-2.2.0.pom (3.2 kB at 40 kB/s)
18:01:36.549 [Thread-3] DEBUG spoon.Launcher - [INFO] Downloading from google-maven-central: https://maven-central.storage-download.googleapis.com/maven2/org/apache/maven/maven-profile/2.2.0/maven-profile-2.2.0.pom
18:01:36.698 [Thread-3] DEBUG spoon.Launcher - [INFO] Downloaded from google-maven-central: https://maven-central.storage-download.googleapis.com/maven2/org/apache/maven/maven-profile/2.2.0/maven-profile-2.2.0.pom (2.2 kB at 14 kB/s)
18:01:36.702 [Thread-3] DEBUG spoon.Launcher - [INFO] Downloading from google-maven-central: https://maven-central.storage-download.googleapis.com/maven2/org/apache/maven/maven-artifact-manager/2.2.0/maven-artifact-manager-2.2.0.pom
18:01:36.816 [Thread-3] DEBUG spoon.Launcher - [INFO] Downloaded from google-maven-central: https://maven-central.storage-download.googleapis.com/maven2/org/apache/maven/maven-artifact-manager/2.2.0/maven-artifact-manager-2.2.0.pom (3.1 kB at 27 kB/s)
18:01:36.819 [Thread-3] DEBUG spoon.Launcher - [INFO] Downloading from google-maven-central: https://maven-central.storage-download.googleapis.com/maven2/org/apache/maven/maven-repository-metadata/2.2.0/maven-repository-metadata-2.2.0.pom
18:01:36.881 [Thread-3] DEBUG spoon.Launcher - [INFO] Downloaded from google-maven-central: https://maven-central.storage-download.googleapis.com/maven2/org/apache/maven/maven-repository-metadata/2.2.0/maven-repository-metadata-2.2.0.pom (1.9 kB at 30 kB/s)
18:01:36.884 [Thread-3] DEBUG spoon.Launcher - [INFO] Downloading from google-maven-central: https://maven-central.storage-download.googleapis.com/maven2/org/apache/maven/maven-artifact/2.2.0/maven-artifact-2.2.0.pom
18:01:36.971 [Thread-3] DEBUG spoon.Launcher - [INFO] Downloaded from google-maven-central: https://maven-central.storage-download.googleapis.com/maven2/org/apache/maven/maven-artifact/2.2.0/maven-artifact-2.2.0.pom (1.6 kB at 18 kB/s)
18:01:36.975 [Thread-3] DEBUG spoon.Launcher - [INFO] Downloading from google-maven-central: https://maven-central.storage-download.googleapis.com/maven2/org/apache/maven/maven-plugin-registry/2.2.0/maven-plugin-registry-2.2.0.pom
18:01:37.065 [Thread-3] DEBUG spoon.Launcher - [INFO] Downloaded from google-maven-central: https://maven-central.storage-download.googleapis.com/maven2/org/apache/maven/maven-plugin-registry/2.2.0/maven-plugin-registry-2.2.0.pom (1.9 kB at 21 kB/s)
18:01:37.070 [Thread-3] DEBUG spoon.Launcher - [INFO] Downloading from google-maven-central: https://maven-central.storage-download.googleapis.com/maven2/org/eclipse/aether/aether-util/0.9.0.M2/aether-util-0.9.0.M2.pom
18:01:37.074 [Thread-3] DEBUG spoon.Launcher - [INFO] Downloaded from google-maven-central: https://maven-central.storage-download.googleapis.com/maven2/org/eclipse/aether/aether-util/0.9.0.M2/aether-util-0.9.0.M2.pom (2.0 kB at 407 kB/s)
18:01:37.077 [Thread-3] DEBUG spoon.Launcher - [INFO] Downloading from google-maven-central: https://maven-central.storage-download.googleapis.com/maven2/org/eclipse/aether/aether/0.9.0.M2/aether-0.9.0.M2.pom
18:01:37.083 [Thread-3] DEBUG spoon.Launcher - [INFO] Downloaded from google-maven-central: https://maven-central.storage-download.googleapis.com/maven2/org/eclipse/aether/aether/0.9.0.M2/aether-0.9.0.M2.pom (28 kB at 4.6 MB/s)
18:01:37.085 [Thread-3] DEBUG spoon.Launcher - [INFO] Downloading from google-maven-central: https://maven-central.storage-download.googleapis.com/maven2/org/apache/maven/shared/maven-common-artifact-filters/1.4/maven-common-artifact-filters-1.4.pom
18:01:37.091 [Thread-3] DEBUG spoon.Launcher - [INFO] Downloaded from google-maven-central: https://maven-central.storage-download.googleapis.com/maven2/org/apache/maven/shared/maven-common-artifact-filters/1.4/maven-common-artifact-filters-1.4.pom (3.8 kB at 940 kB/s)
18:01:37.096 [Thread-3] DEBUG spoon.Launcher - [INFO] Downloading from google-maven-central: https://maven-central.storage-download.googleapis.com/maven2/org/apache/maven/maven-artifact/2.0.8/maven-artifact-2.0.8.pom
18:01:37.206 [Thread-3] DEBUG spoon.Launcher - [INFO] Downloaded from google-maven-central: https://maven-central.storage-download.googleapis.com/maven2/org/apache/maven/maven-artifact/2.0.8/maven-artifact-2.0.8.pom (1.6 kB at 14 kB/s)
18:01:37.208 [Thread-3] DEBUG spoon.Launcher - [INFO] Downloading from google-maven-central: https://maven-central.storage-download.googleapis.com/maven2/org/apache/maven/maven/2.0.8/maven-2.0.8.pom
18:01:37.288 [Thread-3] DEBUG spoon.Launcher - [INFO] Downloaded from google-maven-central: https://maven-central.storage-download.googleapis.com/maven2/org/apache/maven/maven/2.0.8/maven-2.0.8.pom (12 kB at 153 kB/s)
18:01:37.291 [Thread-3] DEBUG spoon.Launcher - [INFO] Downloading from google-maven-central: https://maven-central.storage-download.googleapis.com/maven2/org/apache/maven/maven-model/2.0.8/maven-model-2.0.8.pom
18:01:37.418 [Thread-3] DEBUG spoon.Launcher - [INFO] Downloaded from google-maven-central: https://maven-central.storage-download.googleapis.com/maven2/org/apache/maven/maven-model/2.0.8/maven-model-2.0.8.pom (3.1 kB at 25 kB/s)
18:01:37.421 [Thread-3] DEBUG spoon.Launcher - [INFO] Downloading from google-maven-central: https://maven-central.storage-download.googleapis.com/maven2/org/apache/maven/maven-project/2.0.8/maven-project-2.0.8.pom
18:01:37.518 [Thread-3] DEBUG spoon.Launcher - [INFO] Downloaded from google-maven-central: https://maven-central.storage-download.googleapis.com/maven2/org/apache/maven/maven-project/2.0.8/maven-project-2.0.8.pom (2.7 kB at 28 kB/s)
18:01:37.521 [Thread-3] DEBUG spoon.Launcher - [INFO] Downloading from google-maven-central: https://maven-central.storage-download.googleapis.com/maven2/org/apache/maven/maven-settings/2.0.8/maven-settings-2.0.8.pom
18:01:37.635 [Thread-3] DEBUG spoon.Launcher - [INFO] Downloaded from google-maven-central: https://maven-central.storage-download.googleapis.com/maven2/org/apache/maven/maven-settings/2.0.8/maven-settings-2.0.8.pom (2.1 kB at 18 kB/s)
18:01:37.638 [Thread-3] DEBUG spoon.Launcher - [INFO] Downloading from google-maven-central: https://maven-central.storage-download.googleapis.com/maven2/org/apache/maven/maven-profile/2.0.8/maven-profile-2.0.8.pom
18:01:37.758 [Thread-3] DEBUG spoon.Launcher - [INFO] Downloaded from google-maven-central: https://maven-central.storage-download.googleapis.com/maven2/org/apache/maven/maven-profile/2.0.8/maven-profile-2.0.8.pom (2.0 kB at 17 kB/s)
18:01:37.762 [Thread-3] DEBUG spoon.Launcher - [INFO] Downloading from google-maven-central: https://maven-central.storage-download.googleapis.com/maven2/org/apache/maven/maven-artifact-manager/2.0.8/maven-artifact-manager-2.0.8.pom
18:01:37.900 [Thread-3] DEBUG spoon.Launcher - [INFO] Downloaded from google-maven-central: https://maven-central.storage-download.googleapis.com/maven2/org/apache/maven/maven-artifact-manager/2.0.8/maven-artifact-manager-2.0.8.pom (2.7 kB at 19 kB/s)
18:01:37.903 [Thread-3] DEBUG spoon.Launcher - [INFO] Downloading from google-maven-central: https://maven-central.storage-download.googleapis.com/maven2/org/apache/maven/maven-repository-metadata/2.0.8/maven-repository-metadata-2.0.8.pom
18:01:37.966 [Thread-3] DEBUG spoon.Launcher - [INFO] Downloaded from google-maven-central: https://maven-central.storage-download.googleapis.com/maven2/org/apache/maven/maven-repository-metadata/2.0.8/maven-repository-metadata-2.0.8.pom (1.9 kB at 30 kB/s)
18:01:37.969 [Thread-3] DEBUG spoon.Launcher - [INFO] Downloading from google-maven-central: https://maven-central.storage-download.googleapis.com/maven2/org/apache/maven/maven-plugin-registry/2.0.8/maven-plugin-registry-2.0.8.pom
18:01:38.196 [Thread-3] DEBUG spoon.Launcher - [INFO] Downloaded from google-maven-central: https://maven-central.storage-download.googleapis.com/maven2/org/apache/maven/maven-plugin-registry/2.0.8/maven-plugin-registry-2.0.8.pom (2.0 kB at 8.8 kB/s)
18:01:38.199 [Thread-3] DEBUG spoon.Launcher - [INFO] Downloading from google-maven-central: https://maven-central.storage-download.googleapis.com/maven2/org/apache/maven/maven-plugin-api/2.0.8/maven-plugin-api-2.0.8.pom
18:01:38.205 [Thread-3] DEBUG spoon.Launcher - [INFO] Downloaded from google-maven-central: https://maven-central.storage-download.googleapis.com/maven2/org/apache/maven/maven-plugin-api/2.0.8/maven-plugin-api-2.0.8.pom (1.5 kB at 299 kB/s)
18:01:38.208 [Thread-3] DEBUG spoon.Launcher - [INFO] Downloading from google-maven-central: https://maven-central.storage-download.googleapis.com/maven2/org/codehaus/plexus/plexus-container-default/1.5.5/plexus-container-default-1.5.5.pom
18:01:38.212 [Thread-3] DEBUG spoon.Launcher - [INFO] Downloaded from google-maven-central: https://maven-central.storage-download.googleapis.com/maven2/org/codehaus/plexus/plexus-container-default/1.5.5/plexus-container-default-1.5.5.pom (2.8 kB at 551 kB/s)
18:01:38.215 [Thread-3] DEBUG spoon.Launcher - [INFO] Downloading from google-maven-central: https://maven-central.storage-download.googleapis.com/maven2/org/codehaus/plexus/plexus-classworlds/2.2.2/plexus-classworlds-2.2.2.pom
18:01:38.220 [Thread-3] DEBUG spoon.Launcher - [INFO] Downloaded from google-maven-central: https://maven-central.storage-download.googleapis.com/maven2/org/codehaus/plexus/plexus-classworlds/2.2.2/plexus-classworlds-2.2.2.pom (4.0 kB at 1.0 MB/s)
18:01:38.223 [Thread-3] DEBUG spoon.Launcher - [INFO] Downloading from google-maven-central: https://maven-central.storage-download.googleapis.com/maven2/org/apache/xbean/xbean-reflect/3.4/xbean-reflect-3.4.pom
18:01:38.227 [Thread-3] DEBUG spoon.Launcher - [INFO] Downloaded from google-maven-central: https://maven-central.storage-download.googleapis.com/maven2/org/apache/xbean/xbean-reflect/3.4/xbean-reflect-3.4.pom (2.8 kB at 562 kB/s)
18:01:38.229 [Thread-3] DEBUG spoon.Launcher - [INFO] Downloading from google-maven-central: https://maven-central.storage-download.googleapis.com/maven2/org/apache/xbean/xbean/3.4/xbean-3.4.pom
18:01:38.234 [Thread-3] DEBUG spoon.Launcher - [INFO] Downloaded from google-maven-central: https://maven-central.storage-download.googleapis.com/maven2/org/apache/xbean/xbean/3.4/xbean-3.4.pom (19 kB at 3.7 MB/s)
18:01:38.236 [Thread-3] DEBUG spoon.Launcher - [INFO] Downloading from google-maven-central: https://maven-central.storage-download.googleapis.com/maven2/log4j/log4j/1.2.12/log4j-1.2.12.pom
18:01:38.244 [Thread-3] DEBUG spoon.Launcher - [INFO] Downloaded from google-maven-central: https://maven-central.storage-download.googleapis.com/maven2/log4j/log4j/1.2.12/log4j-1.2.12.pom (145 B at 21 kB/s)
18:01:38.245 [Thread-3] DEBUG spoon.Launcher - [INFO] Downloading from google-maven-central: https://maven-central.storage-download.googleapis.com/maven2/commons-logging/commons-logging-api/1.1/commons-logging-api-1.1.pom
18:01:38.251 [Thread-3] DEBUG spoon.Launcher - [INFO] Downloaded from google-maven-central: https://maven-central.storage-download.googleapis.com/maven2/commons-logging/commons-logging-api/1.1/commons-logging-api-1.1.pom (5.3 kB at 1.3 MB/s)
18:01:38.255 [Thread-3] DEBUG spoon.Launcher - [INFO] Downloading from google-maven-central: https://maven-central.storage-download.googleapis.com/maven2/com/google/collections/google-collections/1.0/google-collections-1.0.pom
18:01:38.259 [Thread-3] DEBUG spoon.Launcher - [INFO] Downloaded from google-maven-central: https://maven-central.storage-download.googleapis.com/maven2/com/google/collections/google-collections/1.0/google-collections-1.0.pom (2.5 kB at 620 kB/s)
18:01:38.266 [Thread-3] DEBUG spoon.Launcher - [INFO] Downloading from google-maven-central: https://maven-central.storage-download.googleapis.com/maven2/com/google/google/1/google-1.pom
18:01:38.271 [Thread-3] DEBUG spoon.Launcher - [INFO] Downloaded from google-maven-central: https://maven-central.storage-download.googleapis.com/maven2/com/google/google/1/google-1.pom (1.6 kB at 259 kB/s)
18:01:38.273 [Thread-3] DEBUG spoon.Launcher - [INFO] Downloading from google-maven-central: https://maven-central.storage-download.googleapis.com/maven2/junit/junit/3.8.2/junit-3.8.2.pom
18:01:38.277 [Thread-3] DEBUG spoon.Launcher - [INFO] Downloaded from google-maven-central: https://maven-central.storage-download.googleapis.com/maven2/junit/junit/3.8.2/junit-3.8.2.pom (747 B at 187 kB/s)
18:01:38.281 [Thread-3] DEBUG spoon.Launcher - [INFO] Downloading from google-maven-central: https://maven-central.storage-download.googleapis.com/maven2/org/codehaus/plexus/plexus-utils/2.1/plexus-utils-2.1.pom
18:01:38.285 [Thread-3] DEBUG spoon.Launcher - [INFO] Downloaded from google-maven-central: https://maven-central.storage-download.googleapis.com/maven2/org/codehaus/plexus/plexus-utils/2.1/plexus-utils-2.1.pom (4.0 kB at 672 kB/s)
18:01:38.287 [Thread-3] DEBUG spoon.Launcher - [INFO] Downloading from google-maven-central: https://maven-central.storage-download.googleapis.com/maven2/org/sonatype/spice/spice-parent/16/spice-parent-16.pom
18:01:38.295 [Thread-3] DEBUG spoon.Launcher - [INFO] Downloaded from google-maven-central: https://maven-central.storage-download.googleapis.com/maven2/org/sonatype/spice/spice-parent/16/spice-parent-16.pom (8.4 kB at 2.1 MB/s)
18:01:38.296 [Thread-3] DEBUG spoon.Launcher - [INFO] Downloading from google-maven-central: https://maven-central.storage-download.googleapis.com/maven2/org/apache/maven/shared/maven-invoker/2.0.11/maven-invoker-2.0.11.pom
18:01:38.300 [Thread-3] DEBUG spoon.Launcher - [INFO] Downloaded from google-maven-central: https://maven-central.storage-download.googleapis.com/maven2/org/apache/maven/shared/maven-invoker/2.0.11/maven-invoker-2.0.11.pom (5.1 kB at 1.3 MB/s)
18:01:38.301 [Thread-3] DEBUG spoon.Launcher - [INFO] Downloading from google-maven-central: https://maven-central.storage-download.googleapis.com/maven2/org/apache/maven/shared/maven-shared-components/12/maven-shared-components-12.pom
18:01:38.305 [Thread-3] DEBUG spoon.Launcher - [INFO] Downloaded from google-maven-central: https://maven-central.storage-download.googleapis.com/maven2/org/apache/maven/shared/maven-shared-components/12/maven-shared-components-12.pom (9.3 kB at 3.1 MB/s)
18:01:38.306 [Thread-3] DEBUG spoon.Launcher - [INFO] Downloading from google-maven-central: https://maven-central.storage-download.googleapis.com/maven2/org/apache/maven/maven-parent/13/maven-parent-13.pom
18:01:38.310 [Thread-3] DEBUG spoon.Launcher - [INFO] Downloaded from google-maven-central: https://maven-central.storage-download.googleapis.com/maven2/org/apache/maven/maven-parent/13/maven-parent-13.pom (23 kB at 5.7 MB/s)
18:01:38.317 [Thread-3] DEBUG spoon.Launcher - [INFO] Downloading from google-maven-central: https://maven-central.storage-download.googleapis.com/maven2/commons-collections/commons-collections/3.2.1/commons-collections-3.2.1.pom
18:01:38.322 [Thread-3] DEBUG spoon.Launcher - [INFO] Downloaded from google-maven-central: https://maven-central.storage-download.googleapis.com/maven2/commons-collections/commons-collections/3.2.1/commons-collections-3.2.1.pom (13 kB at 2.1 MB/s)
18:01:38.324 [Thread-3] DEBUG spoon.Launcher - [INFO] Downloading from google-maven-central: https://maven-central.storage-download.googleapis.com/maven2/org/apache/commons/commons-parent/9/commons-parent-9.pom
18:01:38.330 [Thread-3] DEBUG spoon.Launcher - [INFO] Downloaded from google-maven-central: https://maven-central.storage-download.googleapis.com/maven2/org/apache/commons/commons-parent/9/commons-parent-9.pom (22 kB at 4.4 MB/s)
18:01:38.351 [Thread-3] DEBUG spoon.Launcher - [INFO] Downloading from google-maven-central: https://maven-central.storage-download.googleapis.com/maven2/org/apache/maven/maven-artifact/2.0.9/maven-artifact-2.0.9.jar
18:01:38.352 [Thread-3] DEBUG spoon.Launcher - [INFO] Downloading from google-maven-central: https://maven-central.storage-download.googleapis.com/maven2/org/apache/maven/maven-plugin-api/2.0.9/maven-plugin-api-2.0.9.jar
18:01:38.353 [Thread-3] DEBUG spoon.Launcher - [INFO] Downloading from google-maven-central: https://maven-central.storage-download.googleapis.com/maven2/org/apache/maven/maven-project/2.0.9/maven-project-2.0.9.jar
18:01:38.356 [Thread-3] DEBUG spoon.Launcher - [INFO] Downloading from google-maven-central: https://maven-central.storage-download.googleapis.com/maven2/org/apache/maven/maven-settings/2.0.9/maven-settings-2.0.9.jar
18:01:38.359 [Thread-3] DEBUG spoon.Launcher - [INFO] Downloading from google-maven-central: https://maven-central.storage-download.googleapis.com/maven2/org/apache/maven/maven-profile/2.0.9/maven-profile-2.0.9.jar
18:01:38.382 [Thread-3] DEBUG spoon.Launcher - [INFO] Downloaded from google-maven-central: https://maven-central.storage-download.googleapis.com/maven2/org/apache/maven/maven-settings/2.0.9/maven-settings-2.0.9.jar (49 kB at 1.7 MB/s)
18:01:38.382 [Thread-3] DEBUG spoon.Launcher - [INFO] Downloading from google-maven-central: https://maven-central.storage-download.googleapis.com/maven2/org/apache/maven/maven-plugin-registry/2.0.9/maven-plugin-registry-2.0.9.jar
18:01:38.417 [Thread-3] DEBUG spoon.Launcher - [INFO] Downloaded from google-maven-central: https://maven-central.storage-download.googleapis.com/maven2/org/apache/maven/maven-plugin-api/2.0.9/maven-plugin-api-2.0.9.jar (13 kB at 198 kB/s)
18:01:38.424 [Thread-3] DEBUG spoon.Launcher - [INFO] Downloading from google-maven-central: https://maven-central.storage-download.googleapis.com/maven2/org/apache/maven/maven-model/2.0.9/maven-model-2.0.9.jar
18:01:38.424 [Thread-3] DEBUG spoon.Launcher - [INFO] Downloaded from google-maven-central: https://maven-central.storage-download.googleapis.com/maven2/org/apache/maven/maven-artifact/2.0.9/maven-artifact-2.0.9.jar (89 kB at 1.3 MB/s)
18:01:38.428 [Thread-3] DEBUG spoon.Launcher - [INFO] Downloading from google-maven-central: https://maven-central.storage-download.googleapis.com/maven2/org/apache/maven/maven-core/2.0.9/maven-core-2.0.9.jar
18:01:38.436 [Thread-3] DEBUG spoon.Launcher - [INFO] Downloaded from google-maven-central: https://maven-central.storage-download.googleapis.com/maven2/org/apache/maven/maven-project/2.0.9/maven-project-2.0.9.jar (122 kB at 1.4 MB/s)
18:01:38.437 [Thread-3] DEBUG spoon.Launcher - [INFO] Downloaded from google-maven-central: https://maven-central.storage-download.googleapis.com/maven2/org/apache/maven/maven-profile/2.0.9/maven-profile-2.0.9.jar (35 kB at 437 kB/s)
18:01:38.443 [Thread-3] DEBUG spoon.Launcher - [INFO] Downloading from google-maven-central: https://maven-central.storage-download.googleapis.com/maven2/org/apache/maven/maven-plugin-parameter-documenter/2.0.9/maven-plugin-parameter-documenter-2.0.9.jar
18:01:38.444 [Thread-3] DEBUG spoon.Launcher - [INFO] Downloading from google-maven-central: https://maven-central.storage-download.googleapis.com/maven2/org/apache/maven/maven-error-diagnostics/2.0.9/maven-error-diagnostics-2.0.9.jar
18:01:38.467 [Thread-3] DEBUG spoon.Launcher - [INFO] Downloaded from google-maven-central: https://maven-central.storage-download.googleapis.com/maven2/org/apache/maven/maven-core/2.0.9/maven-core-2.0.9.jar (160 kB at 1.5 MB/s)
18:01:38.467 [Thread-3] DEBUG spoon.Launcher - [INFO] Downloading from google-maven-central: https://maven-central.storage-download.googleapis.com/maven2/org/apache/maven/maven-plugin-descriptor/2.0.9/maven-plugin-descriptor-2.0.9.jar
18:01:38.469 [Thread-3] DEBUG spoon.Launcher - [INFO] Downloaded from google-maven-central: https://maven-central.storage-download.googleapis.com/maven2/org/apache/maven/maven-error-diagnostics/2.0.9/maven-error-diagnostics-2.0.9.jar (14 kB at 122 kB/s)
18:01:38.469 [Thread-3] DEBUG spoon.Launcher - [INFO] Downloading from google-maven-central: https://maven-central.storage-download.googleapis.com/maven2/org/apache/maven/maven-monitor/2.0.9/maven-monitor-2.0.9.jar
18:01:38.483 [Thread-3] DEBUG spoon.Launcher - [INFO] Downloaded from google-maven-central: https://maven-central.storage-download.googleapis.com/maven2/org/apache/maven/maven-monitor/2.0.9/maven-monitor-2.0.9.jar (10 kB at 82 kB/s)
18:01:38.484 [Thread-3] DEBUG spoon.Launcher - [INFO] Downloading from google-maven-central: https://maven-central.storage-download.googleapis.com/maven2/org/apache/maven/maven-artifact-manager/2.0.9/maven-artifact-manager-2.0.9.jar
18:01:38.486 [Thread-3] DEBUG spoon.Launcher - [INFO] Downloaded from google-maven-central: https://maven-central.storage-download.googleapis.com/maven2/org/apache/maven/maven-plugin-parameter-documenter/2.0.9/maven-plugin-parameter-documenter-2.0.9.jar (21 kB at 161 kB/s)
18:01:38.487 [Thread-3] DEBUG spoon.Launcher - [INFO] Downloading from google-maven-central: https://maven-central.storage-download.googleapis.com/maven2/org/apache/maven/maven-repository-metadata/2.0.9/maven-repository-metadata-2.0.9.jar
18:01:38.491 [Thread-3] DEBUG spoon.Launcher - [INFO] Downloaded from google-maven-central: https://maven-central.storage-download.googleapis.com/maven2/org/apache/maven/maven-plugin-registry/2.0.9/maven-plugin-registry-2.0.9.jar (29 kB at 217 kB/s)
18:01:38.491 [Thread-3] DEBUG spoon.Launcher - [INFO] Downloading from google-maven-central: https://maven-central.storage-download.googleapis.com/maven2/org/apache/maven/reporting/maven-reporting-api/3.0/maven-reporting-api-3.0.jar
18:01:38.495 [Thread-3] DEBUG spoon.Launcher - [INFO] Downloaded from google-maven-central: https://maven-central.storage-download.googleapis.com/maven2/org/apache/maven/maven-artifact-manager/2.0.9/maven-artifact-manager-2.0.9.jar (58 kB at 428 kB/s)
18:01:38.497 [Thread-3] DEBUG spoon.Launcher - [INFO] Downloaded from google-maven-central: https://maven-central.storage-download.googleapis.com/maven2/org/apache/maven/maven-repository-metadata/2.0.9/maven-repository-metadata-2.0.9.jar (25 kB at 181 kB/s)
18:01:38.497 [Thread-3] DEBUG spoon.Launcher - [INFO] Downloading from google-maven-central: https://maven-central.storage-download.googleapis.com/maven2/org/apache/maven/reporting/maven-reporting-impl/2.0.5/maven-reporting-impl-2.0.5.jar
18:01:38.499 [Thread-3] DEBUG spoon.Launcher - [INFO] Downloading from google-maven-central: https://maven-central.storage-download.googleapis.com/maven2/org/apache/maven/doxia/doxia-core/1.0/doxia-core-1.0.jar
18:01:38.529 [Thread-3] DEBUG spoon.Launcher - [INFO] Downloaded from google-maven-central: https://maven-central.storage-download.googleapis.com/maven2/org/apache/maven/reporting/maven-reporting-api/3.0/maven-reporting-api-3.0.jar (11 kB at 64 kB/s)
18:01:38.529 [Thread-3] DEBUG spoon.Launcher - [INFO] Downloading from google-maven-central: https://maven-central.storage-download.googleapis.com/maven2/org/apache/maven/shared/maven-doxia-tools/1.0.2/maven-doxia-tools-1.0.2.jar
18:01:38.537 [Thread-3] DEBUG spoon.Launcher - [INFO] Downloaded from google-maven-central: https://maven-central.storage-download.googleapis.com/maven2/org/apache/maven/maven-model/2.0.9/maven-model-2.0.9.jar (87 kB at 485 kB/s)
18:01:38.539 [Thread-3] DEBUG spoon.Launcher - [INFO] Downloading from google-maven-central: https://maven-central.storage-download.googleapis.com/maven2/commons-io/commons-io/1.4/commons-io-1.4.jar
18:01:38.590 [Thread-3] DEBUG spoon.Launcher - [INFO] Downloaded from google-maven-central: https://maven-central.storage-download.googleapis.com/maven2/org/apache/maven/doxia/doxia-core/1.0/doxia-core-1.0.jar (55 kB at 236 kB/s)
18:01:38.590 [Thread-3] DEBUG spoon.Launcher - [INFO] Downloading from google-maven-central: https://maven-central.storage-download.googleapis.com/maven2/commons-validator/commons-validator/1.2.0/commons-validator-1.2.0.jar
18:01:38.591 [Thread-3] DEBUG spoon.Launcher - [INFO] Downloaded from google-maven-central: https://maven-central.storage-download.googleapis.com/maven2/org/apache/maven/maven-plugin-descriptor/2.0.9/maven-plugin-descriptor-2.0.9.jar (37 kB at 158 kB/s)
18:01:38.592 [Thread-3] DEBUG spoon.Launcher - [INFO] Downloading from google-maven-central: https://maven-central.storage-download.googleapis.com/maven2/commons-beanutils/commons-beanutils/1.7.0/commons-beanutils-1.7.0.jar
18:01:38.614 [Thread-3] DEBUG spoon.Launcher - [INFO] Downloaded from google-maven-central: https://maven-central.storage-download.googleapis.com/maven2/commons-validator/commons-validator/1.2.0/commons-validator-1.2.0.jar (91 kB at 359 kB/s)
18:01:38.618 [Thread-3] DEBUG spoon.Launcher - [INFO] Downloading from google-maven-central: https://maven-central.storage-download.googleapis.com/maven2/commons-digester/commons-digester/1.6/commons-digester-1.6.jar
18:01:38.623 [Thread-3] DEBUG spoon.Launcher - [INFO] Downloaded from google-maven-central: https://maven-central.storage-download.googleapis.com/maven2/commons-beanutils/commons-beanutils/1.7.0/commons-beanutils-1.7.0.jar (189 kB at 715 kB/s)
18:01:38.625 [Thread-3] DEBUG spoon.Launcher - [INFO] Downloading from google-maven-central: https://maven-central.storage-download.googleapis.com/maven2/commons-logging/commons-logging/1.0.4/commons-logging-1.0.4.jar
18:01:38.628 [Thread-3] DEBUG spoon.Launcher - [INFO] Downloaded from google-maven-central: https://maven-central.storage-download.googleapis.com/maven2/commons-io/commons-io/1.4/commons-io-1.4.jar (109 kB at 401 kB/s)
18:01:38.628 [Thread-3] DEBUG spoon.Launcher - [INFO] Downloading from google-maven-central: https://maven-central.storage-download.googleapis.com/maven2/oro/oro/2.0.8/oro-2.0.8.jar
18:01:38.636 [Thread-3] DEBUG spoon.Launcher - [INFO] Downloaded from google-maven-central: https://maven-central.storage-download.googleapis.com/maven2/oro/oro/2.0.8/oro-2.0.8.jar (65 kB at 235 kB/s)
18:01:38.636 [Thread-3] DEBUG spoon.Launcher - [INFO] Downloading from google-maven-central: https://maven-central.storage-download.googleapis.com/maven2/xml-apis/xml-apis/1.0.b2/xml-apis-1.0.b2.jar
18:01:38.641 [Thread-3] DEBUG spoon.Launcher - [INFO] Downloaded from google-maven-central: https://maven-central.storage-download.googleapis.com/maven2/commons-logging/commons-logging/1.0.4/commons-logging-1.0.4.jar (38 kB at 134 kB/s)
18:01:38.642 [Thread-3] DEBUG spoon.Launcher - [INFO] Downloading from google-maven-central: https://maven-central.storage-download.googleapis.com/maven2/org/apache/maven/doxia/doxia-sink-api/1.0/doxia-sink-api-1.0.jar
18:01:38.652 [Thread-3] DEBUG spoon.Launcher - [INFO] Downloaded from google-maven-central: https://maven-central.storage-download.googleapis.com/maven2/org/apache/maven/reporting/maven-reporting-impl/2.0.5/maven-reporting-impl-2.0.5.jar (21 kB at 70 kB/s)
18:01:38.653 [Thread-3] DEBUG spoon.Launcher - [INFO] Downloading from google-maven-central: https://maven-central.storage-download.googleapis.com/maven2/org/apache/maven/doxia/doxia-site-renderer/1.0/doxia-site-renderer-1.0.jar
18:01:38.654 [Thread-3] DEBUG spoon.Launcher - [INFO] Downloaded from google-maven-central: https://maven-central.storage-download.googleapis.com/maven2/org/apache/maven/shared/maven-doxia-tools/1.0.2/maven-doxia-tools-1.0.2.jar (41 kB at 138 kB/s)
18:01:38.654 [Thread-3] DEBUG spoon.Launcher - [INFO] Downloading from google-maven-central: https://maven-central.storage-download.googleapis.com/maven2/org/codehaus/plexus/plexus-i18n/1.0-beta-7/plexus-i18n-1.0-beta-7.jar
18:01:38.739 [Thread-3] DEBUG spoon.Launcher - [INFO] Downloaded from google-maven-central: https://maven-central.storage-download.googleapis.com/maven2/xml-apis/xml-apis/1.0.b2/xml-apis-1.0.b2.jar (109 kB at 287 kB/s)
18:01:38.739 [Thread-3] DEBUG spoon.Launcher - [INFO] Downloading from google-maven-central: https://maven-central.storage-download.googleapis.com/maven2/org/codehaus/plexus/plexus-velocity/1.1.7/plexus-velocity-1.1.7.jar
18:01:38.748 [Thread-3] DEBUG spoon.Launcher - [INFO] Downloaded from google-maven-central: https://maven-central.storage-download.googleapis.com/maven2/org/codehaus/plexus/plexus-velocity/1.1.7/plexus-velocity-1.1.7.jar (7.7 kB at 20 kB/s)
18:01:38.749 [Thread-3] DEBUG spoon.Launcher - [INFO] Downloading from google-maven-central: https://maven-central.storage-download.googleapis.com/maven2/org/apache/velocity/velocity/1.5/velocity-1.5.jar
18:01:38.749 [Thread-3] DEBUG spoon.Launcher - [INFO] Downloaded from google-maven-central: https://maven-central.storage-download.googleapis.com/maven2/commons-digester/commons-digester/1.6/commons-digester-1.6.jar (168 kB at 432 kB/s)
18:01:38.749 [Thread-3] DEBUG spoon.Launcher - [INFO] Downloading from google-maven-central: https://maven-central.storage-download.googleapis.com/maven2/org/apache/maven/doxia/doxia-decoration-model/1.0/doxia-decoration-model-1.0.jar
18:01:38.750 [Thread-3] DEBUG spoon.Launcher - [INFO] Downloaded from google-maven-central: https://maven-central.storage-download.googleapis.com/maven2/org/apache/maven/doxia/doxia-site-renderer/1.0/doxia-site-renderer-1.0.jar (47 kB at 119 kB/s)
18:01:38.750 [Thread-3] DEBUG spoon.Launcher - [INFO] Downloading from google-maven-central: https://maven-central.storage-download.googleapis.com/maven2/org/apache/maven/doxia/doxia-module-apt/1.0/doxia-module-apt-1.0.jar
18:01:38.757 [Thread-3] DEBUG spoon.Launcher - [INFO] Downloaded from google-maven-central: https://maven-central.storage-download.googleapis.com/maven2/org/apache/maven/doxia/doxia-module-apt/1.0/doxia-module-apt-1.0.jar (47 kB at 118 kB/s)
18:01:38.759 [Thread-3] DEBUG spoon.Launcher - [INFO] Downloading from google-maven-central: https://maven-central.storage-download.googleapis.com/maven2/org/apache/maven/doxia/doxia-module-fml/1.0/doxia-module-fml-1.0.jar
18:01:38.776 [Thread-3] DEBUG spoon.Launcher - [INFO] Downloaded from google-maven-central: https://maven-central.storage-download.googleapis.com/maven2/org/apache/maven/doxia/doxia-module-fml/1.0/doxia-module-fml-1.0.jar (19 kB at 45 kB/s)
18:01:38.777 [Thread-3] DEBUG spoon.Launcher - [INFO] Downloaded from google-maven-central: https://maven-central.storage-download.googleapis.com/maven2/org/apache/velocity/velocity/1.5/velocity-1.5.jar (392 kB at 936 kB/s)
18:01:38.778 [Thread-3] DEBUG spoon.Launcher - [INFO] Downloaded from google-maven-central: https://maven-central.storage-download.googleapis.com/maven2/org/apache/maven/doxia/doxia-sink-api/1.0/doxia-sink-api-1.0.jar (10 kB at 25 kB/s)
18:01:38.778 [Thread-3] DEBUG spoon.Launcher - [INFO] Downloading from google-maven-central: https://maven-central.storage-download.googleapis.com/maven2/org/apache/maven/doxia/doxia-module-xdoc/1.0/doxia-module-xdoc-1.0.jar
18:01:38.780 [Thread-3] DEBUG spoon.Launcher - [INFO] Downloading from google-maven-central: https://maven-central.storage-download.googleapis.com/maven2/org/apache/maven/doxia/doxia-module-xhtml/1.0/doxia-module-xhtml-1.0.jar
18:01:38.781 [Thread-3] DEBUG spoon.Launcher - [INFO] Downloaded from google-maven-central: https://maven-central.storage-download.googleapis.com/maven2/org/codehaus/plexus/plexus-i18n/1.0-beta-7/plexus-i18n-1.0-beta-7.jar (11 kB at 25 kB/s)
18:01:38.781 [Thread-3] DEBUG spoon.Launcher - [INFO] Downloading from google-maven-central: https://maven-central.storage-download.googleapis.com/maven2/org/codehaus/plexus/plexus-archiver/2.3/plexus-archiver-2.3.jar
18:01:38.782 [Thread-3] DEBUG spoon.Launcher - [INFO] Downloading from google-maven-central: https://maven-central.storage-download.googleapis.com/maven2/org/codehaus/plexus/plexus-utils/3.0.9/plexus-utils-3.0.9.jar
18:01:38.825 [Thread-3] DEBUG spoon.Launcher - [INFO] Downloaded from google-maven-central: https://maven-central.storage-download.googleapis.com/maven2/org/codehaus/plexus/plexus-archiver/2.3/plexus-archiver-2.3.jar (186 kB at 429 kB/s)
18:01:38.825 [Thread-3] DEBUG spoon.Launcher - [INFO] Downloading from google-maven-central: https://maven-central.storage-download.googleapis.com/maven2/org/apache/maven/shared/file-management/1.2.1/file-management-1.2.1.jar
18:01:38.830 [Thread-3] DEBUG spoon.Launcher - [INFO] Downloaded from google-maven-central: https://maven-central.storage-download.googleapis.com/maven2/org/apache/maven/doxia/doxia-module-xhtml/1.0/doxia-module-xhtml-1.0.jar (22 kB at 46 kB/s)
18:01:38.830 [Thread-3] DEBUG spoon.Launcher - [INFO] Downloading from google-maven-central: https://maven-central.storage-download.googleapis.com/maven2/org/apache/maven/shared/maven-shared-io/1.1/maven-shared-io-1.1.jar
18:01:38.837 [Thread-3] DEBUG spoon.Launcher - [INFO] Downloaded from google-maven-central: https://maven-central.storage-download.googleapis.com/maven2/org/apache/maven/shared/file-management/1.2.1/file-management-1.2.1.jar (38 kB at 78 kB/s)
18:01:38.837 [Thread-3] DEBUG spoon.Launcher - [INFO] Downloading from google-maven-central: https://maven-central.storage-download.googleapis.com/maven2/org/apache/maven/wagon/wagon-provider-api/1.0-alpha-6/wagon-provider-api-1.0-alpha-6.jar
18:01:38.840 [Thread-3] DEBUG spoon.Launcher - [INFO] Downloaded from google-maven-central: https://maven-central.storage-download.googleapis.com/maven2/org/apache/maven/shared/maven-shared-io/1.1/maven-shared-io-1.1.jar (39 kB at 82 kB/s)
18:01:38.842 [Thread-3] DEBUG spoon.Launcher - [INFO] Downloading from google-maven-central: https://maven-central.storage-download.googleapis.com/maven2/org/codehaus/plexus/plexus-io/2.0.6/plexus-io-2.0.6.jar
18:01:38.849 [Thread-3] DEBUG spoon.Launcher - [INFO] Downloaded from google-maven-central: https://maven-central.storage-download.googleapis.com/maven2/org/codehaus/plexus/plexus-io/2.0.6/plexus-io-2.0.6.jar (58 kB at 117 kB/s)
18:01:38.851 [Thread-3] DEBUG spoon.Launcher - [INFO] Downloading from google-maven-central: https://maven-central.storage-download.googleapis.com/maven2/org/apache/maven/shared/maven-dependency-analyzer/1.4/maven-dependency-analyzer-1.4.jar
18:01:38.873 [Thread-3] DEBUG spoon.Launcher - [INFO] Downloaded from google-maven-central: https://maven-central.storage-download.googleapis.com/maven2/org/codehaus/plexus/plexus-utils/3.0.9/plexus-utils-3.0.9.jar (232 kB at 449 kB/s)
18:01:38.874 [Thread-3] DEBUG spoon.Launcher - [INFO] Downloading from google-maven-central: https://maven-central.storage-download.googleapis.com/maven2/asm/asm/3.3.1/asm-3.3.1.jar
18:01:38.888 [Thread-3] DEBUG spoon.Launcher - [INFO] Downloaded from google-maven-central: https://maven-central.storage-download.googleapis.com/maven2/org/apache/maven/doxia/doxia-module-xdoc/1.0/doxia-module-xdoc-1.0.jar (28 kB at 52 kB/s)
18:01:38.888 [Thread-3] DEBUG spoon.Launcher - [INFO] Downloading from google-maven-central: https://maven-central.storage-download.googleapis.com/maven2/org/codehaus/plexus/plexus-component-annotations/1.5.5/plexus-component-annotations-1.5.5.jar
18:01:38.888 [Thread-3] DEBUG spoon.Launcher - [INFO] Downloaded from google-maven-central: https://maven-central.storage-download.googleapis.com/maven2/org/apache/maven/shared/maven-dependency-analyzer/1.4/maven-dependency-analyzer-1.4.jar (27 kB at 52 kB/s)
18:01:38.888 [Thread-3] DEBUG spoon.Launcher - [INFO] Downloading from google-maven-central: https://maven-central.storage-download.googleapis.com/maven2/org/apache/maven/shared/maven-dependency-tree/2.1/maven-dependency-tree-2.1.jar
18:01:38.891 [Thread-3] DEBUG spoon.Launcher - [INFO] Downloaded from google-maven-central: https://maven-central.storage-download.googleapis.com/maven2/org/apache/maven/wagon/wagon-provider-api/1.0-alpha-6/wagon-provider-api-1.0-alpha-6.jar (43 kB at 80 kB/s)
18:01:38.891 [Thread-3] DEBUG spoon.Launcher - [INFO] Downloading from google-maven-central: https://maven-central.storage-download.googleapis.com/maven2/org/eclipse/aether/aether-util/0.9.0.M2/aether-util-0.9.0.M2.jar
18:01:38.893 [Thread-3] DEBUG spoon.Launcher - [INFO] Downloaded from google-maven-central: https://maven-central.storage-download.googleapis.com/maven2/org/codehaus/plexus/plexus-component-annotations/1.5.5/plexus-component-annotations-1.5.5.jar (4.2 kB at 7.9 kB/s)
18:01:38.893 [Thread-3] DEBUG spoon.Launcher - [INFO] Downloading from google-maven-central: https://maven-central.storage-download.googleapis.com/maven2/org/apache/maven/shared/maven-common-artifact-filters/1.4/maven-common-artifact-filters-1.4.jar
18:01:38.898 [Thread-3] DEBUG spoon.Launcher - [INFO] Downloaded from google-maven-central: https://maven-central.storage-download.googleapis.com/maven2/org/apache/maven/shared/maven-dependency-tree/2.1/maven-dependency-tree-2.1.jar (60 kB at 111 kB/s)
18:01:38.899 [Thread-3] DEBUG spoon.Launcher - [INFO] Downloading from google-maven-central: https://maven-central.storage-download.googleapis.com/maven2/org/apache/maven/shared/maven-invoker/2.0.11/maven-invoker-2.0.11.jar
18:01:38.910 [Thread-3] DEBUG spoon.Launcher - [INFO] Downloaded from google-maven-central: https://maven-central.storage-download.googleapis.com/maven2/org/apache/maven/shared/maven-invoker/2.0.11/maven-invoker-2.0.11.jar (29 kB at 52 kB/s)
18:01:38.911 [Thread-3] DEBUG spoon.Launcher - [INFO] Downloading from google-maven-central: https://maven-central.storage-download.googleapis.com/maven2/commons-collections/commons-collections/3.2.1/commons-collections-3.2.1.jar
18:01:38.914 [Thread-3] DEBUG spoon.Launcher - [INFO] Downloaded from google-maven-central: https://maven-central.storage-download.googleapis.com/maven2/org/apache/maven/doxia/doxia-decoration-model/1.0/doxia-decoration-model-1.0.jar (49 kB at 88 kB/s)
18:01:38.960 [Thread-3] DEBUG spoon.Launcher - [INFO] Downloaded from google-maven-central: https://maven-central.storage-download.googleapis.com/maven2/org/apache/maven/shared/maven-common-artifact-filters/1.4/maven-common-artifact-filters-1.4.jar (32 kB at 52 kB/s)
18:01:38.991 [Thread-3] DEBUG spoon.Launcher - [INFO] Downloaded from google-maven-central: https://maven-central.storage-download.googleapis.com/maven2/commons-collections/commons-collections/3.2.1/commons-collections-3.2.1.jar (575 kB at 916 kB/s)
18:01:39.007 [Thread-3] DEBUG spoon.Launcher - [INFO] Downloaded from google-maven-central: https://maven-central.storage-download.googleapis.com/maven2/org/eclipse/aether/aether-util/0.9.0.M2/aether-util-0.9.0.M2.jar (134 kB at 206 kB/s)
18:01:39.267 [Thread-3] DEBUG spoon.Launcher - [INFO] Downloaded from google-maven-central: https://maven-central.storage-download.googleapis.com/maven2/asm/asm/3.3.1/asm-3.3.1.jar (44 kB at 48 kB/s)
18:01:39.553 [Thread-3] DEBUG spoon.Launcher - [INFO] Wrote classpath file '/home/travis/build/SpoonLabs/spoon-ci-external/spoon/src/test/resources/maven-launcher/system-dependency/spoon.classpath.tmp'.
18:01:39.554 [Thread-3] DEBUG spoon.Launcher - [INFO] ------------------------------------------------------------------------
18:01:39.554 [Thread-3] DEBUG spoon.Launcher - [INFO] BUILD SUCCESS
18:01:39.554 [Thread-3] DEBUG spoon.Launcher - [INFO] ------------------------------------------------------------------------
18:01:39.558 [Thread-3] DEBUG spoon.Launcher - [INFO] Total time:  10.185 s
18:01:39.558 [Thread-3] DEBUG spoon.Launcher - [INFO] Finished at: 2020-08-22T18:01:39Z
18:01:39.559 [Thread-3] DEBUG spoon.Launcher - [INFO] ------------------------------------------------------------------------
]]></system-out>
  </testcase>
  <testcase name="mavenLauncherTestMultiModulesAndVariables" classname="spoon.MavenLauncherTest" time="39.485">
    <system-out><![CDATA[18:01:39.583 [main] INFO spoon.Launcher - Running in NOCLASSPATH mode (doc: http://spoon.gforge.inria.fr/launcher.html).
18:01:41.235 [Thread-6] DEBUG spoon.Launcher - [INFO] Scanning for projects...
18:01:41.607 [Thread-6] DEBUG spoon.Launcher - [INFO] Downloading from google-maven-central: https://maven-central.storage-download.googleapis.com/maven2/org/apache/felix/maven-bundle-plugin/3.0.1/maven-bundle-plugin-3.0.1.pom
18:01:42.212 [Thread-6] DEBUG spoon.Launcher - [INFO] Downloaded from google-maven-central: https://maven-central.storage-download.googleapis.com/maven2/org/apache/felix/maven-bundle-plugin/3.0.1/maven-bundle-plugin-3.0.1.pom (8.4 kB at 16 kB/s)
18:01:42.223 [Thread-6] DEBUG spoon.Launcher - [INFO] Downloading from google-maven-central: https://maven-central.storage-download.googleapis.com/maven2/org/apache/felix/felix-parent/3/felix-parent-3.pom
18:01:42.332 [Thread-6] DEBUG spoon.Launcher - [INFO] Downloaded from google-maven-central: https://maven-central.storage-download.googleapis.com/maven2/org/apache/felix/felix-parent/3/felix-parent-3.pom (17 kB at 156 kB/s)
18:01:42.337 [Thread-6] DEBUG spoon.Launcher - [INFO] Downloading from google-maven-central: https://maven-central.storage-download.googleapis.com/maven2/org/apache/apache/17/apache-17.pom
18:01:42.354 [Thread-6] DEBUG spoon.Launcher - [INFO] Downloaded from google-maven-central: https://maven-central.storage-download.googleapis.com/maven2/org/apache/apache/17/apache-17.pom (16 kB at 944 kB/s)
18:01:42.374 [Thread-6] DEBUG spoon.Launcher - [INFO] Downloading from google-maven-central: https://maven-central.storage-download.googleapis.com/maven2/org/osgi/org.osgi.core/4.3.1/org.osgi.core-4.3.1.pom
18:01:42.471 [Thread-6] DEBUG spoon.Launcher - [INFO] Downloaded from google-maven-central: https://maven-central.storage-download.googleapis.com/maven2/org/osgi/org.osgi.core/4.3.1/org.osgi.core-4.3.1.pom (1.4 kB at 14 kB/s)
18:01:42.474 [Thread-6] DEBUG spoon.Launcher - [INFO] Downloading from google-maven-central: https://maven-central.storage-download.googleapis.com/maven2/biz/aQute/bnd/biz.aQute.bndlib/3.0.0/biz.aQute.bndlib-3.0.0.pom
18:01:42.579 [Thread-6] DEBUG spoon.Launcher - [INFO] Downloaded from google-maven-central: https://maven-central.storage-download.googleapis.com/maven2/biz/aQute/bnd/biz.aQute.bndlib/3.0.0/biz.aQute.bndlib-3.0.0.pom (1.3 kB at 12 kB/s)
18:01:42.584 [Thread-6] DEBUG spoon.Launcher - [INFO] Downloading from google-maven-central: https://maven-central.storage-download.googleapis.com/maven2/org/apache/felix/org.apache.felix.bundlerepository/1.6.6/org.apache.felix.bundlerepository-1.6.6.pom
18:01:42.725 [Thread-6] DEBUG spoon.Launcher - [INFO] Downloaded from google-maven-central: https://maven-central.storage-download.googleapis.com/maven2/org/apache/felix/org.apache.felix.bundlerepository/1.6.6/org.apache.felix.bundlerepository-1.6.6.pom (5.9 kB at 42 kB/s)
18:01:42.728 [Thread-6] DEBUG spoon.Launcher - [INFO] Downloading from google-maven-central: https://maven-central.storage-download.googleapis.com/maven2/org/apache/felix/felix-parent/2.1/felix-parent-2.1.pom
18:01:42.862 [Thread-6] DEBUG spoon.Launcher - [INFO] Downloaded from google-maven-central: https://maven-central.storage-download.googleapis.com/maven2/org/apache/felix/felix-parent/2.1/felix-parent-2.1.pom (9.7 kB at 72 kB/s)
18:01:42.870 [Thread-6] DEBUG spoon.Launcher - [INFO] Downloading from google-maven-central: https://maven-central.storage-download.googleapis.com/maven2/org/osgi/org.osgi.core/4.1.0/org.osgi.core-4.1.0.pom
18:01:42.972 [Thread-6] DEBUG spoon.Launcher - [INFO] Downloaded from google-maven-central: https://maven-central.storage-download.googleapis.com/maven2/org/osgi/org.osgi.core/4.1.0/org.osgi.core-4.1.0.pom (193 B at 1.9 kB/s)
18:01:42.976 [Thread-6] DEBUG spoon.Launcher - [INFO] Downloading from google-maven-central: https://maven-central.storage-download.googleapis.com/maven2/org/easymock/easymock/2.5.2/easymock-2.5.2.pom
18:01:43.106 [Thread-6] DEBUG spoon.Launcher - [INFO] Downloaded from google-maven-central: https://maven-central.storage-download.googleapis.com/maven2/org/easymock/easymock/2.5.2/easymock-2.5.2.pom (12 kB at 91 kB/s)
18:01:43.115 [Thread-6] DEBUG spoon.Launcher - [INFO] Downloading from google-maven-central: https://maven-central.storage-download.googleapis.com/maven2/org/apache/felix/org.apache.felix.utils/1.6.0/org.apache.felix.utils-1.6.0.pom
18:01:43.233 [Thread-6] DEBUG spoon.Launcher - [INFO] Downloaded from google-maven-central: https://maven-central.storage-download.googleapis.com/maven2/org/apache/felix/org.apache.felix.utils/1.6.0/org.apache.felix.utils-1.6.0.pom (3.3 kB at 27 kB/s)
18:01:43.238 [Thread-6] DEBUG spoon.Launcher - [INFO] Downloading from google-maven-central: https://maven-central.storage-download.googleapis.com/maven2/org/osgi/org.osgi.compendium/4.2.0/org.osgi.compendium-4.2.0.pom
18:01:43.314 [Thread-6] DEBUG spoon.Launcher - [INFO] Downloaded from google-maven-central: https://maven-central.storage-download.googleapis.com/maven2/org/osgi/org.osgi.compendium/4.2.0/org.osgi.compendium-4.2.0.pom (463 B at 6.1 kB/s)
18:01:43.317 [Thread-6] DEBUG spoon.Launcher - [INFO] Downloading from google-maven-central: https://maven-central.storage-download.googleapis.com/maven2/org/apache/maven/maven-core/2.2.0/maven-core-2.2.0.pom
18:01:43.437 [Thread-6] DEBUG spoon.Launcher - [INFO] Downloaded from google-maven-central: https://maven-central.storage-download.googleapis.com/maven2/org/apache/maven/maven-core/2.2.0/maven-core-2.2.0.pom (11 kB at 93 kB/s)
18:01:43.475 [Thread-6] DEBUG spoon.Launcher - [INFO] Downloading from google-maven-central: https://maven-central.storage-download.googleapis.com/maven2/org/apache/maven/maven-plugin-parameter-documenter/2.2.0/maven-plugin-parameter-documenter-2.2.0.pom
18:01:43.561 [Thread-6] DEBUG spoon.Launcher - [INFO] Downloaded from google-maven-central: https://maven-central.storage-download.googleapis.com/maven2/org/apache/maven/maven-plugin-parameter-documenter/2.2.0/maven-plugin-parameter-documenter-2.2.0.pom (2.0 kB at 23 kB/s)
18:01:43.575 [Thread-6] DEBUG spoon.Launcher - [INFO] Downloading from google-maven-central: https://maven-central.storage-download.googleapis.com/maven2/org/apache/maven/reporting/maven-reporting-api/2.2.0/maven-reporting-api-2.2.0.pom
18:01:43.712 [Thread-6] DEBUG spoon.Launcher - [INFO] Downloaded from google-maven-central: https://maven-central.storage-download.googleapis.com/maven2/org/apache/maven/reporting/maven-reporting-api/2.2.0/maven-reporting-api-2.2.0.pom (1.9 kB at 14 kB/s)
18:01:43.715 [Thread-6] DEBUG spoon.Launcher - [INFO] Downloading from google-maven-central: https://maven-central.storage-download.googleapis.com/maven2/org/apache/maven/reporting/maven-reporting/2.2.0/maven-reporting-2.2.0.pom
18:01:43.838 [Thread-6] DEBUG spoon.Launcher - [INFO] Downloaded from google-maven-central: https://maven-central.storage-download.googleapis.com/maven2/org/apache/maven/reporting/maven-reporting/2.2.0/maven-reporting-2.2.0.pom (1.4 kB at 12 kB/s)
18:01:43.845 [Thread-6] DEBUG spoon.Launcher - [INFO] Downloading from google-maven-central: https://maven-central.storage-download.googleapis.com/maven2/org/apache/maven/doxia/doxia-sink-api/1.1/doxia-sink-api-1.1.pom
18:01:43.964 [Thread-6] DEBUG spoon.Launcher - [INFO] Downloaded from google-maven-central: https://maven-central.storage-download.googleapis.com/maven2/org/apache/maven/doxia/doxia-sink-api/1.1/doxia-sink-api-1.1.pom (2.0 kB at 17 kB/s)
18:01:43.967 [Thread-6] DEBUG spoon.Launcher - [INFO] Downloading from google-maven-central: https://maven-central.storage-download.googleapis.com/maven2/org/apache/maven/doxia/doxia/1.1/doxia-1.1.pom
18:01:44.112 [Thread-6] DEBUG spoon.Launcher - [INFO] Downloaded from google-maven-central: https://maven-central.storage-download.googleapis.com/maven2/org/apache/maven/doxia/doxia/1.1/doxia-1.1.pom (15 kB at 105 kB/s)
18:01:44.117 [Thread-6] DEBUG spoon.Launcher - [INFO] Downloading from google-maven-central: https://maven-central.storage-download.googleapis.com/maven2/org/apache/maven/doxia/doxia-logging-api/1.1/doxia-logging-api-1.1.pom
18:01:44.236 [Thread-6] DEBUG spoon.Launcher - [INFO] Downloaded from google-maven-central: https://maven-central.storage-download.googleapis.com/maven2/org/apache/maven/doxia/doxia-logging-api/1.1/doxia-logging-api-1.1.pom (1.6 kB at 13 kB/s)
18:01:44.259 [Thread-6] DEBUG spoon.Launcher - [INFO] Downloading from google-maven-central: https://maven-central.storage-download.googleapis.com/maven2/org/apache/maven/maven-error-diagnostics/2.2.0/maven-error-diagnostics-2.2.0.pom
18:01:44.341 [Thread-6] DEBUG spoon.Launcher - [INFO] Downloaded from google-maven-central: https://maven-central.storage-download.googleapis.com/maven2/org/apache/maven/maven-error-diagnostics/2.2.0/maven-error-diagnostics-2.2.0.pom (1.7 kB at 21 kB/s)
18:01:44.357 [Thread-6] DEBUG spoon.Launcher - [INFO] Downloading from google-maven-central: https://maven-central.storage-download.googleapis.com/maven2/commons-cli/commons-cli/1.2/commons-cli-1.2.pom
18:01:44.475 [Thread-6] DEBUG spoon.Launcher - [INFO] Downloaded from google-maven-central: https://maven-central.storage-download.googleapis.com/maven2/commons-cli/commons-cli/1.2/commons-cli-1.2.pom (8.0 kB at 67 kB/s)
18:01:44.479 [Thread-6] DEBUG spoon.Launcher - [INFO] Downloading from google-maven-central: https://maven-central.storage-download.googleapis.com/maven2/org/apache/commons/commons-parent/11/commons-parent-11.pom
18:01:44.614 [Thread-6] DEBUG spoon.Launcher - [INFO] Downloaded from google-maven-central: https://maven-central.storage-download.googleapis.com/maven2/org/apache/commons/commons-parent/11/commons-parent-11.pom (25 kB at 181 kB/s)
18:01:44.627 [Thread-6] DEBUG spoon.Launcher - [INFO] Downloading from google-maven-central: https://maven-central.storage-download.googleapis.com/maven2/org/apache/maven/maven-plugin-api/2.2.0/maven-plugin-api-2.2.0.pom
18:01:44.768 [Thread-6] DEBUG spoon.Launcher - [INFO] Downloaded from google-maven-central: https://maven-central.storage-download.googleapis.com/maven2/org/apache/maven/maven-plugin-api/2.2.0/maven-plugin-api-2.2.0.pom (1.5 kB at 10 kB/s)
18:01:44.772 [Thread-6] DEBUG spoon.Launcher - [INFO] Downloading from google-maven-central: https://maven-central.storage-download.googleapis.com/maven2/org/apache/maven/maven-plugin-descriptor/2.2.0/maven-plugin-descriptor-2.2.0.pom
18:01:45.000 [Thread-6] DEBUG spoon.Launcher - [INFO] Downloaded from google-maven-central: https://maven-central.storage-download.googleapis.com/maven2/org/apache/maven/maven-plugin-descriptor/2.2.0/maven-plugin-descriptor-2.2.0.pom (2.1 kB at 9.1 kB/s)
18:01:45.007 [Thread-6] DEBUG spoon.Launcher - [INFO] Downloading from google-maven-central: https://maven-central.storage-download.googleapis.com/maven2/org/apache/maven/maven-monitor/2.2.0/maven-monitor-2.2.0.pom
18:01:45.108 [Thread-6] DEBUG spoon.Launcher - [INFO] Downloaded from google-maven-central: https://maven-central.storage-download.googleapis.com/maven2/org/apache/maven/maven-monitor/2.2.0/maven-monitor-2.2.0.pom (1.3 kB at 12 kB/s)
18:01:45.121 [Thread-6] DEBUG spoon.Launcher - [INFO] Downloading from google-maven-central: https://maven-central.storage-download.googleapis.com/maven2/org/apache/maven/maven-archiver/2.5/maven-archiver-2.5.pom
18:01:45.128 [Thread-6] DEBUG spoon.Launcher - [INFO] Downloaded from google-maven-central: https://maven-central.storage-download.googleapis.com/maven2/org/apache/maven/maven-archiver/2.5/maven-archiver-2.5.pom (4.5 kB at 648 kB/s)
18:01:45.201 [Thread-6] DEBUG spoon.Launcher - [INFO] Downloading from google-maven-central: https://maven-central.storage-download.googleapis.com/maven2/org/codehaus/plexus/plexus-archiver/2.1/plexus-archiver-2.1.pom
18:01:45.217 [Thread-6] DEBUG spoon.Launcher - [INFO] Downloaded from google-maven-central: https://maven-central.storage-download.googleapis.com/maven2/org/codehaus/plexus/plexus-archiver/2.1/plexus-archiver-2.1.pom (2.8 kB at 165 kB/s)
18:01:45.225 [Thread-6] DEBUG spoon.Launcher - [INFO] Downloading from google-maven-central: https://maven-central.storage-download.googleapis.com/maven2/org/codehaus/plexus/plexus-utils/3.0/plexus-utils-3.0.pom
18:01:45.230 [Thread-6] DEBUG spoon.Launcher - [INFO] Downloaded from google-maven-central: https://maven-central.storage-download.googleapis.com/maven2/org/codehaus/plexus/plexus-utils/3.0/plexus-utils-3.0.pom (4.1 kB at 678 kB/s)
18:01:45.235 [Thread-6] DEBUG spoon.Launcher - [INFO] Downloading from google-maven-central: https://maven-central.storage-download.googleapis.com/maven2/org/codehaus/plexus/plexus-io/2.0.2/plexus-io-2.0.2.pom
18:01:45.242 [Thread-6] DEBUG spoon.Launcher - [INFO] Downloaded from google-maven-central: https://maven-central.storage-download.googleapis.com/maven2/org/codehaus/plexus/plexus-io/2.0.2/plexus-io-2.0.2.pom (1.7 kB at 248 kB/s)
18:01:45.244 [Thread-6] DEBUG spoon.Launcher - [INFO] Downloading from google-maven-central: https://maven-central.storage-download.googleapis.com/maven2/org/codehaus/plexus/plexus-components/1.1.19/plexus-components-1.1.19.pom
18:01:45.250 [Thread-6] DEBUG spoon.Launcher - [INFO] Downloaded from google-maven-central: https://maven-central.storage-download.googleapis.com/maven2/org/codehaus/plexus/plexus-components/1.1.19/plexus-components-1.1.19.pom (2.7 kB at 385 kB/s)
18:01:45.284 [Thread-6] DEBUG spoon.Launcher - [INFO] Downloading from google-maven-central: https://maven-central.storage-download.googleapis.com/maven2/org/sonatype/plexus/plexus-build-api/0.0.7/plexus-build-api-0.0.7.pom
18:01:45.293 [Thread-6] DEBUG spoon.Launcher - [INFO] Downloaded from google-maven-central: https://maven-central.storage-download.googleapis.com/maven2/org/sonatype/plexus/plexus-build-api/0.0.7/plexus-build-api-0.0.7.pom (3.2 kB at 356 kB/s)
18:01:45.333 [Thread-6] DEBUG spoon.Launcher - [INFO] Downloading from google-maven-central: https://maven-central.storage-download.googleapis.com/maven2/org/jdom/jdom/1.1/jdom-1.1.pom
18:01:45.442 [Thread-6] DEBUG spoon.Launcher - [INFO] Downloaded from google-maven-central: https://maven-central.storage-download.googleapis.com/maven2/org/jdom/jdom/1.1/jdom-1.1.pom (2.2 kB at 20 kB/s)
18:01:45.473 [Thread-6] DEBUG spoon.Launcher - [INFO] Downloading from google-maven-central: https://maven-central.storage-download.googleapis.com/maven2/org/apache/felix/maven-bundle-plugin/3.0.1/maven-bundle-plugin-3.0.1.jar
18:01:45.475 [Thread-6] DEBUG spoon.Launcher - [INFO] Downloading from google-maven-central: https://maven-central.storage-download.googleapis.com/maven2/org/osgi/org.osgi.core/4.3.1/org.osgi.core-4.3.1.jar
18:01:45.477 [Thread-6] DEBUG spoon.Launcher - [INFO] Downloading from google-maven-central: https://maven-central.storage-download.googleapis.com/maven2/biz/aQute/bnd/biz.aQute.bndlib/3.0.0/biz.aQute.bndlib-3.0.0.jar
18:01:45.480 [Thread-6] DEBUG spoon.Launcher - [INFO] Downloading from google-maven-central: https://maven-central.storage-download.googleapis.com/maven2/org/apache/felix/org.apache.felix.bundlerepository/1.6.6/org.apache.felix.bundlerepository-1.6.6.jar
18:01:45.502 [Thread-6] DEBUG spoon.Launcher - [INFO] Downloading from google-maven-central: https://maven-central.storage-download.googleapis.com/maven2/org/easymock/easymock/2.5.2/easymock-2.5.2.jar
18:01:45.564 [Thread-6] DEBUG spoon.Launcher - [INFO] Downloaded from google-maven-central: https://maven-central.storage-download.googleapis.com/maven2/org/apache/felix/org.apache.felix.bundlerepository/1.6.6/org.apache.felix.bundlerepository-1.6.6.jar (168 kB at 1.8 MB/s)
18:01:45.565 [Thread-6] DEBUG spoon.Launcher - [INFO] Downloading from google-maven-central: https://maven-central.storage-download.googleapis.com/maven2/org/apache/felix/org.apache.felix.utils/1.6.0/org.apache.felix.utils-1.6.0.jar
18:01:45.645 [Thread-6] DEBUG spoon.Launcher - [INFO] Downloaded from google-maven-central: https://maven-central.storage-download.googleapis.com/maven2/org/osgi/org.osgi.core/4.3.1/org.osgi.core-4.3.1.jar (350 kB at 2.0 MB/s)
18:01:45.645 [Thread-6] DEBUG spoon.Launcher - [INFO] Downloading from google-maven-central: https://maven-central.storage-download.googleapis.com/maven2/org/osgi/org.osgi.compendium/4.2.0/org.osgi.compendium-4.2.0.jar
18:01:45.688 [Thread-6] DEBUG spoon.Launcher - [INFO] Downloaded from google-maven-central: https://maven-central.storage-download.googleapis.com/maven2/org/apache/felix/org.apache.felix.utils/1.6.0/org.apache.felix.utils-1.6.0.jar (68 kB at 333 kB/s)
18:01:45.688 [Thread-6] DEBUG spoon.Launcher - [INFO] Downloading from google-maven-central: https://maven-central.storage-download.googleapis.com/maven2/org/apache/maven/maven-core/2.2.0/maven-core-2.2.0.jar
18:01:45.701 [Thread-6] DEBUG spoon.Launcher - [INFO] Downloaded from google-maven-central: https://maven-central.storage-download.googleapis.com/maven2/org/apache/felix/maven-bundle-plugin/3.0.1/maven-bundle-plugin-3.0.1.jar (210 kB at 923 kB/s)
18:01:45.701 [Thread-6] DEBUG spoon.Launcher - [INFO] Downloading from google-maven-central: https://maven-central.storage-download.googleapis.com/maven2/org/apache/maven/maven-settings/2.2.0/maven-settings-2.2.0.jar
18:01:45.736 [Thread-6] DEBUG spoon.Launcher - [INFO] Downloaded from google-maven-central: https://maven-central.storage-download.googleapis.com/maven2/org/easymock/easymock/2.5.2/easymock-2.5.2.jar (95 kB at 367 kB/s)
18:01:45.736 [Thread-6] DEBUG spoon.Launcher - [INFO] Downloading from google-maven-central: https://maven-central.storage-download.googleapis.com/maven2/org/apache/maven/maven-plugin-parameter-documenter/2.2.0/maven-plugin-parameter-documenter-2.2.0.jar
18:01:45.742 [Thread-6] DEBUG spoon.Launcher - [INFO] Downloaded from google-maven-central: https://maven-central.storage-download.googleapis.com/maven2/biz/aQute/bnd/biz.aQute.bndlib/3.0.0/biz.aQute.bndlib-3.0.0.jar (2.2 MB at 8.1 MB/s)
18:01:45.742 [Thread-6] DEBUG spoon.Launcher - [INFO] Downloading from google-maven-central: https://maven-central.storage-download.googleapis.com/maven2/org/slf4j/slf4j-jdk14/1.5.6/slf4j-jdk14-1.5.6.jar
18:01:45.749 [Thread-6] DEBUG spoon.Launcher - [INFO] Downloaded from google-maven-central: https://maven-central.storage-download.googleapis.com/maven2/org/slf4j/slf4j-jdk14/1.5.6/slf4j-jdk14-1.5.6.jar (8.8 kB at 33 kB/s)
18:01:45.750 [Thread-6] DEBUG spoon.Launcher - [INFO] Downloading from google-maven-central: https://maven-central.storage-download.googleapis.com/maven2/org/slf4j/slf4j-api/1.5.6/slf4j-api-1.5.6.jar
18:01:45.758 [Thread-6] DEBUG spoon.Launcher - [INFO] Downloaded from google-maven-central: https://maven-central.storage-download.googleapis.com/maven2/org/slf4j/slf4j-api/1.5.6/slf4j-api-1.5.6.jar (22 kB at 82 kB/s)
18:01:45.760 [Thread-6] DEBUG spoon.Launcher - [INFO] Downloading from google-maven-central: https://maven-central.storage-download.googleapis.com/maven2/org/slf4j/jcl-over-slf4j/1.5.6/jcl-over-slf4j-1.5.6.jar
18:01:45.798 [Thread-6] DEBUG spoon.Launcher - [INFO] Downloaded from google-maven-central: https://maven-central.storage-download.googleapis.com/maven2/org/slf4j/jcl-over-slf4j/1.5.6/jcl-over-slf4j-1.5.6.jar (17 kB at 53 kB/s)
18:01:45.799 [Thread-6] DEBUG spoon.Launcher - [INFO] Downloading from google-maven-central: https://maven-central.storage-download.googleapis.com/maven2/org/apache/maven/reporting/maven-reporting-api/2.2.0/maven-reporting-api-2.2.0.jar
18:01:45.803 [Thread-6] DEBUG spoon.Launcher - [INFO] Downloaded from google-maven-central: https://maven-central.storage-download.googleapis.com/maven2/org/osgi/org.osgi.compendium/4.2.0/org.osgi.compendium-4.2.0.jar (614 kB at 1.9 MB/s)
18:01:45.803 [Thread-6] DEBUG spoon.Launcher - [INFO] Downloading from google-maven-central: https://maven-central.storage-download.googleapis.com/maven2/org/apache/maven/doxia/doxia-logging-api/1.1/doxia-logging-api-1.1.jar
18:01:45.813 [Thread-6] DEBUG spoon.Launcher - [INFO] Downloaded from google-maven-central: https://maven-central.storage-download.googleapis.com/maven2/org/apache/maven/maven-settings/2.2.0/maven-settings-2.2.0.jar (49 kB at 149 kB/s)
18:01:45.813 [Thread-6] DEBUG spoon.Launcher - [INFO] Downloading from google-maven-central: https://maven-central.storage-download.googleapis.com/maven2/org/apache/maven/maven-profile/2.2.0/maven-profile-2.2.0.jar
18:01:45.825 [Thread-6] DEBUG spoon.Launcher - [INFO] Downloaded from google-maven-central: https://maven-central.storage-download.googleapis.com/maven2/org/apache/maven/maven-plugin-parameter-documenter/2.2.0/maven-plugin-parameter-documenter-2.2.0.jar (22 kB at 65 kB/s)
18:01:45.826 [Thread-6] DEBUG spoon.Launcher - [INFO] Downloading from google-maven-central: https://maven-central.storage-download.googleapis.com/maven2/org/apache/maven/maven-model/2.2.0/maven-model-2.2.0.jar
18:01:45.856 [Thread-6] DEBUG spoon.Launcher - [INFO] Downloaded from google-maven-central: https://maven-central.storage-download.googleapis.com/maven2/org/apache/maven/maven-core/2.2.0/maven-core-2.2.0.jar (175 kB at 471 kB/s)
18:01:45.856 [Thread-6] DEBUG spoon.Launcher - [INFO] Downloading from google-maven-central: https://maven-central.storage-download.googleapis.com/maven2/org/apache/maven/maven-artifact/2.2.0/maven-artifact-2.2.0.jar
18:01:45.860 [Thread-6] DEBUG spoon.Launcher - [INFO] Downloaded from google-maven-central: https://maven-central.storage-download.googleapis.com/maven2/org/apache/maven/reporting/maven-reporting-api/2.2.0/maven-reporting-api-2.2.0.jar (9.8 kB at 26 kB/s)
18:01:45.860 [Thread-6] DEBUG spoon.Launcher - [INFO] Downloading from google-maven-central: https://maven-central.storage-download.googleapis.com/maven2/junit/junit/4.11/junit-4.11.jar
18:01:45.872 [Thread-6] DEBUG spoon.Launcher - [INFO] Downloaded from google-maven-central: https://maven-central.storage-download.googleapis.com/maven2/org/apache/maven/doxia/doxia-logging-api/1.1/doxia-logging-api-1.1.jar (11 kB at 29 kB/s)
18:01:45.872 [Thread-6] DEBUG spoon.Launcher - [INFO] Downloading from google-maven-central: https://maven-central.storage-download.googleapis.com/maven2/org/apache/maven/maven-repository-metadata/2.2.0/maven-repository-metadata-2.2.0.jar
18:01:45.879 [Thread-6] DEBUG spoon.Launcher - [INFO] Downloaded from google-maven-central: https://maven-central.storage-download.googleapis.com/maven2/org/apache/maven/maven-model/2.2.0/maven-model-2.2.0.jar (87 kB at 221 kB/s)
18:01:45.879 [Thread-6] DEBUG spoon.Launcher - [INFO] Downloading from google-maven-central: https://maven-central.storage-download.googleapis.com/maven2/org/apache/maven/maven-error-diagnostics/2.2.0/maven-error-diagnostics-2.2.0.jar
18:01:45.888 [Thread-6] DEBUG spoon.Launcher - [INFO] Downloaded from google-maven-central: https://maven-central.storage-download.googleapis.com/maven2/junit/junit/4.11/junit-4.11.jar (245 kB at 608 kB/s)
18:01:45.888 [Thread-6] DEBUG spoon.Launcher - [INFO] Downloading from google-maven-central: https://maven-central.storage-download.googleapis.com/maven2/org/apache/maven/maven-project/2.2.0/maven-project-2.2.0.jar
18:01:45.891 [Thread-6] DEBUG spoon.Launcher - [INFO] Downloaded from google-maven-central: https://maven-central.storage-download.googleapis.com/maven2/org/apache/maven/maven-profile/2.2.0/maven-profile-2.2.0.jar (35 kB at 87 kB/s)
18:01:45.891 [Thread-6] DEBUG spoon.Launcher - [INFO] Downloading from google-maven-central: https://maven-central.storage-download.googleapis.com/maven2/org/apache/maven/maven-plugin-registry/2.2.0/maven-plugin-registry-2.2.0.jar
18:01:45.947 [Thread-6] DEBUG spoon.Launcher - [INFO] Downloaded from google-maven-central: https://maven-central.storage-download.googleapis.com/maven2/org/apache/maven/maven-artifact/2.2.0/maven-artifact-2.2.0.jar (80 kB at 174 kB/s)
18:01:45.948 [Thread-6] DEBUG spoon.Launcher - [INFO] Downloading from google-maven-central: https://maven-central.storage-download.googleapis.com/maven2/commons-cli/commons-cli/1.2/commons-cli-1.2.jar
18:01:45.975 [Thread-6] DEBUG spoon.Launcher - [INFO] Downloaded from google-maven-central: https://maven-central.storage-download.googleapis.com/maven2/org/apache/maven/maven-repository-metadata/2.2.0/maven-repository-metadata-2.2.0.jar (26 kB at 52 kB/s)
18:01:45.975 [Thread-6] DEBUG spoon.Launcher - [INFO] Downloading from google-maven-central: https://maven-central.storage-download.googleapis.com/maven2/org/apache/maven/maven-plugin-api/2.2.0/maven-plugin-api-2.2.0.jar
18:01:45.981 [Thread-6] DEBUG spoon.Launcher - [INFO] Downloaded from google-maven-central: https://maven-central.storage-download.googleapis.com/maven2/org/apache/maven/maven-error-diagnostics/2.2.0/maven-error-diagnostics-2.2.0.jar (13 kB at 26 kB/s)
18:01:45.982 [Thread-6] DEBUG spoon.Launcher - [INFO] Downloading from google-maven-central: https://maven-central.storage-download.googleapis.com/maven2/org/apache/maven/maven-plugin-descriptor/2.2.0/maven-plugin-descriptor-2.2.0.jar
18:01:45.983 [Thread-6] DEBUG spoon.Launcher - [INFO] Downloaded from google-maven-central: https://maven-central.storage-download.googleapis.com/maven2/org/apache/maven/maven-plugin-api/2.2.0/maven-plugin-api-2.2.0.jar (12 kB at 25 kB/s)
18:01:45.984 [Thread-6] DEBUG spoon.Launcher - [INFO] Downloading from google-maven-central: https://maven-central.storage-download.googleapis.com/maven2/org/apache/maven/maven-artifact-manager/2.2.0/maven-artifact-manager-2.2.0.jar
18:01:45.989 [Thread-6] DEBUG spoon.Launcher - [INFO] Downloaded from google-maven-central: https://maven-central.storage-download.googleapis.com/maven2/org/apache/maven/maven-project/2.2.0/maven-project-2.2.0.jar (156 kB at 310 kB/s)
18:01:45.989 [Thread-6] DEBUG spoon.Launcher - [INFO] Downloading from google-maven-central: https://maven-central.storage-download.googleapis.com/maven2/backport-util-concurrent/backport-util-concurrent/3.1/backport-util-concurrent-3.1.jar
18:01:46.019 [Thread-6] DEBUG spoon.Launcher - [INFO] Downloaded from google-maven-central: https://maven-central.storage-download.googleapis.com/maven2/commons-cli/commons-cli/1.2/commons-cli-1.2.jar (41 kB at 77 kB/s)
18:01:46.020 [Thread-6] DEBUG spoon.Launcher - [INFO] Downloading from google-maven-central: https://maven-central.storage-download.googleapis.com/maven2/org/apache/maven/maven-monitor/2.2.0/maven-monitor-2.2.0.jar
18:01:46.041 [Thread-6] DEBUG spoon.Launcher - [INFO] Downloaded from google-maven-central: https://maven-central.storage-download.googleapis.com/maven2/org/apache/maven/maven-plugin-registry/2.2.0/maven-plugin-registry-2.2.0.jar (30 kB at 54 kB/s)
18:01:46.041 [Thread-6] DEBUG spoon.Launcher - [INFO] Downloading from google-maven-central: https://maven-central.storage-download.googleapis.com/maven2/org/apache/maven/maven-archiver/2.5/maven-archiver-2.5.jar
18:01:46.049 [Thread-6] DEBUG spoon.Launcher - [INFO] Downloaded from google-maven-central: https://maven-central.storage-download.googleapis.com/maven2/org/apache/maven/maven-archiver/2.5/maven-archiver-2.5.jar (22 kB at 39 kB/s)
18:01:46.051 [Thread-6] DEBUG spoon.Launcher - [INFO] Downloading from google-maven-central: https://maven-central.storage-download.googleapis.com/maven2/org/codehaus/plexus/plexus-archiver/2.1/plexus-archiver-2.1.jar
18:01:46.069 [Thread-6] DEBUG spoon.Launcher - [INFO] Downloaded from google-maven-central: https://maven-central.storage-download.googleapis.com/maven2/org/codehaus/plexus/plexus-archiver/2.1/plexus-archiver-2.1.jar (184 kB at 316 kB/s)
18:01:46.069 [Thread-6] DEBUG spoon.Launcher - [INFO] Downloading from google-maven-central: https://maven-central.storage-download.googleapis.com/maven2/org/codehaus/plexus/plexus-io/2.0.2/plexus-io-2.0.2.jar
18:01:46.070 [Thread-6] DEBUG spoon.Launcher - [INFO] Downloaded from google-maven-central: https://maven-central.storage-download.googleapis.com/maven2/org/apache/maven/maven-plugin-descriptor/2.2.0/maven-plugin-descriptor-2.2.0.jar (39 kB at 67 kB/s)
18:01:46.070 [Thread-6] DEBUG spoon.Launcher - [INFO] Downloading from google-maven-central: https://maven-central.storage-download.googleapis.com/maven2/org/codehaus/plexus/plexus-utils/3.0.10/plexus-utils-3.0.10.jar
18:01:46.092 [Thread-6] DEBUG spoon.Launcher - [INFO] Downloaded from google-maven-central: https://maven-central.storage-download.googleapis.com/maven2/org/codehaus/plexus/plexus-io/2.0.2/plexus-io-2.0.2.jar (58 kB at 96 kB/s)
18:01:46.092 [Thread-6] DEBUG spoon.Launcher - [INFO] Downloading from google-maven-central: https://maven-central.storage-download.googleapis.com/maven2/org/sonatype/plexus/plexus-build-api/0.0.7/plexus-build-api-0.0.7.jar
18:01:46.099 [Thread-6] DEBUG spoon.Launcher - [INFO] Downloaded from google-maven-central: https://maven-central.storage-download.googleapis.com/maven2/backport-util-concurrent/backport-util-concurrent/3.1/backport-util-concurrent-3.1.jar (332 kB at 541 kB/s)
18:01:46.099 [Thread-6] DEBUG spoon.Launcher - [INFO] Downloading from google-maven-central: https://maven-central.storage-download.googleapis.com/maven2/commons-lang/commons-lang/2.1/commons-lang-2.1.jar
18:01:46.109 [Thread-6] DEBUG spoon.Launcher - [INFO] Downloaded from google-maven-central: https://maven-central.storage-download.googleapis.com/maven2/commons-lang/commons-lang/2.1/commons-lang-2.1.jar (208 kB at 333 kB/s)
18:01:46.109 [Thread-6] DEBUG spoon.Launcher - [INFO] Downloading from google-maven-central: https://maven-central.storage-download.googleapis.com/maven2/commons-collections/commons-collections/3.2/commons-collections-3.2.jar
18:01:46.113 [Thread-6] DEBUG spoon.Launcher - [INFO] Downloaded from google-maven-central: https://maven-central.storage-download.googleapis.com/maven2/org/apache/maven/maven-artifact-manager/2.2.0/maven-artifact-manager-2.2.0.jar (65 kB at 104 kB/s)
18:01:46.113 [Thread-6] DEBUG spoon.Launcher - [INFO] Downloading from google-maven-central: https://maven-central.storage-download.googleapis.com/maven2/org/jdom/jdom/1.1/jdom-1.1.jar
18:01:46.120 [Thread-6] DEBUG spoon.Launcher - [INFO] Downloaded from google-maven-central: https://maven-central.storage-download.googleapis.com/maven2/org/apache/maven/maven-monitor/2.2.0/maven-monitor-2.2.0.jar (10 kB at 16 kB/s)
18:01:46.142 [Thread-6] DEBUG spoon.Launcher - [INFO] Downloaded from google-maven-central: https://maven-central.storage-download.googleapis.com/maven2/org/codehaus/plexus/plexus-utils/3.0.10/plexus-utils-3.0.10.jar (231 kB at 351 kB/s)
18:01:46.152 [Thread-6] DEBUG spoon.Launcher - [INFO] Downloaded from google-maven-central: https://maven-central.storage-download.googleapis.com/maven2/org/sonatype/plexus/plexus-build-api/0.0.7/plexus-build-api-0.0.7.jar (8.5 kB at 13 kB/s)
18:01:46.254 [Thread-6] DEBUG spoon.Launcher - [INFO] Downloaded from google-maven-central: https://maven-central.storage-download.googleapis.com/maven2/org/jdom/jdom/1.1/jdom-1.1.jar (153 kB at 199 kB/s)
18:01:46.267 [Thread-6] DEBUG spoon.Launcher - [INFO] Downloaded from google-maven-central: https://maven-central.storage-download.googleapis.com/maven2/commons-collections/commons-collections/3.2/commons-collections-3.2.jar (571 kB at 732 kB/s)
18:01:46.549 [Thread-6] DEBUG spoon.Launcher - [INFO] Downloading from google-maven-central: https://maven-central.storage-download.googleapis.com/maven2/org/apache/maven/plugins/maven-enforcer-plugin/1.2/maven-enforcer-plugin-1.2.pom
18:01:46.557 [Thread-6] DEBUG spoon.Launcher - [INFO] Downloaded from google-maven-central: https://maven-central.storage-download.googleapis.com/maven2/org/apache/maven/plugins/maven-enforcer-plugin/1.2/maven-enforcer-plugin-1.2.pom (5.8 kB at 729 kB/s)
18:01:46.561 [Thread-6] DEBUG spoon.Launcher - [INFO] Downloading from google-maven-central: https://maven-central.storage-download.googleapis.com/maven2/org/apache/maven/enforcer/enforcer/1.2/enforcer-1.2.pom
18:01:46.568 [Thread-6] DEBUG spoon.Launcher - [INFO] Downloaded from google-maven-central: https://maven-central.storage-download.googleapis.com/maven2/org/apache/maven/enforcer/enforcer/1.2/enforcer-1.2.pom (11 kB at 1.8 MB/s)
18:01:46.574 [Thread-6] DEBUG spoon.Launcher - [INFO] Downloading from google-maven-central: https://maven-central.storage-download.googleapis.com/maven2/org/apache/maven/plugins/maven-enforcer-plugin/1.2/maven-enforcer-plugin-1.2.jar
18:01:46.581 [Thread-6] DEBUG spoon.Launcher - [INFO] Downloaded from google-maven-central: https://maven-central.storage-download.googleapis.com/maven2/org/apache/maven/plugins/maven-enforcer-plugin/1.2/maven-enforcer-plugin-1.2.jar (25 kB at 3.6 MB/s)
18:01:46.600 [Thread-6] DEBUG spoon.Launcher - [INFO] Downloading from google-maven-central: https://maven-central.storage-download.googleapis.com/maven2/org/apache/maven/plugins/maven-shade-plugin/2.3/maven-shade-plugin-2.3.pom
18:01:46.699 [Thread-6] DEBUG spoon.Launcher - [INFO] Downloaded from google-maven-central: https://maven-central.storage-download.googleapis.com/maven2/org/apache/maven/plugins/maven-shade-plugin/2.3/maven-shade-plugin-2.3.pom (7.3 kB at 64 kB/s)
18:01:46.701 [Thread-6] DEBUG spoon.Launcher - [INFO] Downloading from google-maven-central: https://maven-central.storage-download.googleapis.com/maven2/org/apache/maven/plugins/maven-plugins/25/maven-plugins-25.pom
18:01:46.706 [Thread-6] DEBUG spoon.Launcher - [INFO] Downloaded from google-maven-central: https://maven-central.storage-download.googleapis.com/maven2/org/apache/maven/plugins/maven-plugins/25/maven-plugins-25.pom (9.6 kB at 1.6 MB/s)
18:01:46.708 [Thread-6] DEBUG spoon.Launcher - [INFO] Downloading from google-maven-central: https://maven-central.storage-download.googleapis.com/maven2/org/apache/maven/maven-parent/24/maven-parent-24.pom
18:01:46.714 [Thread-6] DEBUG spoon.Launcher - [INFO] Downloaded from google-maven-central: https://maven-central.storage-download.googleapis.com/maven2/org/apache/maven/maven-parent/24/maven-parent-24.pom (37 kB at 6.1 MB/s)
18:01:46.717 [Thread-6] DEBUG spoon.Launcher - [INFO] Downloading from google-maven-central: https://maven-central.storage-download.googleapis.com/maven2/org/apache/apache/14/apache-14.pom
18:01:46.723 [Thread-6] DEBUG spoon.Launcher - [INFO] Downloaded from google-maven-central: https://maven-central.storage-download.googleapis.com/maven2/org/apache/apache/14/apache-14.pom (15 kB at 2.4 MB/s)
18:01:46.729 [Thread-6] DEBUG spoon.Launcher - [INFO] Downloading from google-maven-central: https://maven-central.storage-download.googleapis.com/maven2/org/apache/maven/plugins/maven-shade-plugin/2.3/maven-shade-plugin-2.3.jar
18:01:46.851 [Thread-6] DEBUG spoon.Launcher - [INFO] Downloaded from google-maven-central: https://maven-central.storage-download.googleapis.com/maven2/org/apache/maven/plugins/maven-shade-plugin/2.3/maven-shade-plugin-2.3.jar (101 kB at 830 kB/s)
18:01:46.859 [Thread-6] DEBUG spoon.Launcher - [INFO] Downloading from google-maven-central: https://maven-central.storage-download.googleapis.com/maven2/org/apache/maven/plugins/maven-surefire-plugin/2.19.1/maven-surefire-plugin-2.19.1.pom
18:01:46.928 [Thread-6] DEBUG spoon.Launcher - [INFO] Downloaded from google-maven-central: https://maven-central.storage-download.googleapis.com/maven2/org/apache/maven/plugins/maven-surefire-plugin/2.19.1/maven-surefire-plugin-2.19.1.pom (5.6 kB at 82 kB/s)
18:01:46.930 [Thread-6] DEBUG spoon.Launcher - [INFO] Downloading from google-maven-central: https://maven-central.storage-download.googleapis.com/maven2/org/apache/maven/surefire/surefire/2.19.1/surefire-2.19.1.pom
18:01:46.936 [Thread-6] DEBUG spoon.Launcher - [INFO] Downloaded from google-maven-central: https://maven-central.storage-download.googleapis.com/maven2/org/apache/maven/surefire/surefire/2.19.1/surefire-2.19.1.pom (18 kB at 3.7 MB/s)
18:01:46.948 [Thread-6] DEBUG spoon.Launcher - [INFO] Downloading from google-maven-central: https://maven-central.storage-download.googleapis.com/maven2/org/apache/maven/plugins/maven-surefire-plugin/2.19.1/maven-surefire-plugin-2.19.1.jar
18:01:47.044 [Thread-6] DEBUG spoon.Launcher - [INFO] Downloaded from google-maven-central: https://maven-central.storage-download.googleapis.com/maven2/org/apache/maven/plugins/maven-surefire-plugin/2.19.1/maven-surefire-plugin-2.19.1.jar (38 kB at 404 kB/s)
18:01:47.049 [Thread-6] DEBUG spoon.Launcher - [INFO] Downloading from google-maven-central: https://maven-central.storage-download.googleapis.com/maven2/org/apache/maven/plugins/maven-checkstyle-plugin/2.17/maven-checkstyle-plugin-2.17.pom
18:01:47.203 [Thread-6] DEBUG spoon.Launcher - [INFO] Downloaded from google-maven-central: https://maven-central.storage-download.googleapis.com/maven2/org/apache/maven/plugins/maven-checkstyle-plugin/2.17/maven-checkstyle-plugin-2.17.pom (13 kB at 87 kB/s)
18:01:47.205 [Thread-6] DEBUG spoon.Launcher - [INFO] Downloading from google-maven-central: https://maven-central.storage-download.googleapis.com/maven2/org/apache/maven/plugins/maven-plugins/28/maven-plugins-28.pom
18:01:47.309 [Thread-6] DEBUG spoon.Launcher - [INFO] Downloaded from google-maven-central: https://maven-central.storage-download.googleapis.com/maven2/org/apache/maven/plugins/maven-plugins/28/maven-plugins-28.pom (12 kB at 116 kB/s)
18:01:47.312 [Thread-6] DEBUG spoon.Launcher - [INFO] Downloading from google-maven-central: https://maven-central.storage-download.googleapis.com/maven2/org/apache/maven/maven-parent/27/maven-parent-27.pom
18:01:47.318 [Thread-6] DEBUG spoon.Launcher - [INFO] Downloaded from google-maven-central: https://maven-central.storage-download.googleapis.com/maven2/org/apache/maven/maven-parent/27/maven-parent-27.pom (41 kB at 6.8 MB/s)
18:01:47.322 [Thread-6] DEBUG spoon.Launcher - [INFO] Downloading from google-maven-central: https://maven-central.storage-download.googleapis.com/maven2/org/apache/maven/plugins/maven-checkstyle-plugin/2.17/maven-checkstyle-plugin-2.17.jar
18:01:47.444 [Thread-6] DEBUG spoon.Launcher - [INFO] Downloaded from google-maven-central: https://maven-central.storage-download.googleapis.com/maven2/org/apache/maven/plugins/maven-checkstyle-plugin/2.17/maven-checkstyle-plugin-2.17.jar (109 kB at 897 kB/s)
18:01:47.448 [Thread-6] DEBUG spoon.Launcher - [INFO] Downloading from google-maven-central: https://maven-central.storage-download.googleapis.com/maven2/org/apache/maven/plugins/maven-failsafe-plugin/2.6/maven-failsafe-plugin-2.6.pom
18:01:47.578 [Thread-6] DEBUG spoon.Launcher - [INFO] Downloaded from google-maven-central: https://maven-central.storage-download.googleapis.com/maven2/org/apache/maven/plugins/maven-failsafe-plugin/2.6/maven-failsafe-plugin-2.6.pom (12 kB at 91 kB/s)
18:01:47.582 [Thread-6] DEBUG spoon.Launcher - [INFO] Downloading from google-maven-central: https://maven-central.storage-download.googleapis.com/maven2/org/apache/maven/surefire/surefire/2.6/surefire-2.6.pom
18:01:47.735 [Thread-6] DEBUG spoon.Launcher - [INFO] Downloaded from google-maven-central: https://maven-central.storage-download.googleapis.com/maven2/org/apache/maven/surefire/surefire/2.6/surefire-2.6.pom (8.8 kB at 59 kB/s)
18:01:47.744 [Thread-6] DEBUG spoon.Launcher - [INFO] Downloading from google-maven-central: https://maven-central.storage-download.googleapis.com/maven2/org/apache/maven/plugins/maven-failsafe-plugin/2.6/maven-failsafe-plugin-2.6.jar
18:01:48.005 [Thread-6] DEBUG spoon.Launcher - [INFO] Downloaded from google-maven-central: https://maven-central.storage-download.googleapis.com/maven2/org/apache/maven/plugins/maven-failsafe-plugin/2.6/maven-failsafe-plugin-2.6.jar (44 kB at 167 kB/s)
18:01:48.009 [Thread-6] DEBUG spoon.Launcher - [INFO] Downloading from google-maven-central: https://maven-central.storage-download.googleapis.com/maven2/org/apache/maven/plugins/maven-compiler-plugin/3.5/maven-compiler-plugin-3.5.pom
18:01:48.171 [Thread-6] DEBUG spoon.Launcher - [INFO] Downloaded from google-maven-central: https://maven-central.storage-download.googleapis.com/maven2/org/apache/maven/plugins/maven-compiler-plugin/3.5/maven-compiler-plugin-3.5.pom (10 kB at 63 kB/s)
18:01:48.180 [Thread-6] DEBUG spoon.Launcher - [INFO] Downloading from google-maven-central: https://maven-central.storage-download.googleapis.com/maven2/org/apache/maven/plugins/maven-compiler-plugin/3.5/maven-compiler-plugin-3.5.jar
18:01:48.282 [Thread-6] DEBUG spoon.Launcher - [INFO] Downloaded from google-maven-central: https://maven-central.storage-download.googleapis.com/maven2/org/apache/maven/plugins/maven-compiler-plugin/3.5/maven-compiler-plugin-3.5.jar (50 kB at 487 kB/s)
18:01:48.289 [Thread-6] DEBUG spoon.Launcher - [INFO] Downloading from google-maven-central: https://maven-central.storage-download.googleapis.com/maven2/org/codehaus/mojo/build-helper-maven-plugin/1.7/build-helper-maven-plugin-1.7.pom
18:01:48.539 [Thread-6] DEBUG spoon.Launcher - [INFO] Downloaded from google-maven-central: https://maven-central.storage-download.googleapis.com/maven2/org/codehaus/mojo/build-helper-maven-plugin/1.7/build-helper-maven-plugin-1.7.pom (5.4 kB at 22 kB/s)
18:01:48.542 [Thread-6] DEBUG spoon.Launcher - [INFO] Downloading from google-maven-central: https://maven-central.storage-download.googleapis.com/maven2/org/codehaus/mojo/mojo-parent/28/mojo-parent-28.pom
18:01:48.746 [Thread-6] DEBUG spoon.Launcher - [INFO] Downloaded from google-maven-central: https://maven-central.storage-download.googleapis.com/maven2/org/codehaus/mojo/mojo-parent/28/mojo-parent-28.pom (26 kB at 130 kB/s)
18:01:48.813 [Thread-6] DEBUG spoon.Launcher - [INFO] Downloading from google-maven-central: https://maven-central.storage-download.googleapis.com/maven2/org/codehaus/mojo/build-helper-maven-plugin/1.7/build-helper-maven-plugin-1.7.jar
18:01:49.544 [Thread-6] DEBUG spoon.Launcher - [INFO] Downloaded from google-maven-central: https://maven-central.storage-download.googleapis.com/maven2/org/codehaus/mojo/build-helper-maven-plugin/1.7/build-helper-maven-plugin-1.7.jar (33 kB at 45 kB/s)
18:01:49.550 [Thread-6] DEBUG spoon.Launcher - [INFO] Downloading from google-maven-central: https://maven-central.storage-download.googleapis.com/maven2/org/apache/maven/plugins/maven-source-plugin/2.4/maven-source-plugin-2.4.pom
18:01:49.640 [Thread-6] DEBUG spoon.Launcher - [INFO] Downloaded from google-maven-central: https://maven-central.storage-download.googleapis.com/maven2/org/apache/maven/plugins/maven-source-plugin/2.4/maven-source-plugin-2.4.pom (6.6 kB at 74 kB/s)
18:01:49.658 [Thread-6] DEBUG spoon.Launcher - [INFO] Downloading from google-maven-central: https://maven-central.storage-download.googleapis.com/maven2/org/apache/maven/plugins/maven-source-plugin/2.4/maven-source-plugin-2.4.jar
18:01:49.781 [Thread-6] DEBUG spoon.Launcher - [INFO] Downloaded from google-maven-central: https://maven-central.storage-download.googleapis.com/maven2/org/apache/maven/plugins/maven-source-plugin/2.4/maven-source-plugin-2.4.jar (31 kB at 244 kB/s)
18:01:49.785 [Thread-6] DEBUG spoon.Launcher - [INFO] Downloading from google-maven-central: https://maven-central.storage-download.googleapis.com/maven2/org/apache/maven/plugins/maven-javadoc-plugin/2.10.3/maven-javadoc-plugin-2.10.3.pom
18:01:49.921 [Thread-6] DEBUG spoon.Launcher - [INFO] Downloaded from google-maven-central: https://maven-central.storage-download.googleapis.com/maven2/org/apache/maven/plugins/maven-javadoc-plugin/2.10.3/maven-javadoc-plugin-2.10.3.pom (16 kB at 120 kB/s)
18:01:49.925 [Thread-6] DEBUG spoon.Launcher - [INFO] Downloading from google-maven-central: https://maven-central.storage-download.googleapis.com/maven2/org/apache/maven/plugins/maven-javadoc-plugin/2.10.3/maven-javadoc-plugin-2.10.3.jar
18:01:50.004 [Thread-6] DEBUG spoon.Launcher - [INFO] Downloaded from google-maven-central: https://maven-central.storage-download.googleapis.com/maven2/org/apache/maven/plugins/maven-javadoc-plugin/2.10.3/maven-javadoc-plugin-2.10.3.jar (405 kB at 5.1 MB/s)
18:01:50.077 [Thread-6] DEBUG spoon.Launcher - [INFO] Downloading from google-maven-central: https://maven-central.storage-download.googleapis.com/maven2/org/codehaus/mojo/findbugs-maven-plugin/3.0.3/findbugs-maven-plugin-3.0.3.pom
18:01:50.319 [Thread-6] DEBUG spoon.Launcher - [INFO] Downloaded from google-maven-central: https://maven-central.storage-download.googleapis.com/maven2/org/codehaus/mojo/findbugs-maven-plugin/3.0.3/findbugs-maven-plugin-3.0.3.pom (22 kB at 89 kB/s)
18:01:50.323 [Thread-6] DEBUG spoon.Launcher - [INFO] Downloading from google-maven-central: https://maven-central.storage-download.googleapis.com/maven2/org/codehaus/mojo/mojo-parent/35/mojo-parent-35.pom
18:01:50.499 [Thread-6] DEBUG spoon.Launcher - [INFO] Downloaded from google-maven-central: https://maven-central.storage-download.googleapis.com/maven2/org/codehaus/mojo/mojo-parent/35/mojo-parent-35.pom (25 kB at 141 kB/s)
18:01:50.502 [Thread-6] DEBUG spoon.Launcher - [INFO] Downloading from google-maven-central: https://maven-central.storage-download.googleapis.com/maven2/org/codehaus/codehaus-parent/4/codehaus-parent-4.pom
18:01:50.509 [Thread-6] DEBUG spoon.Launcher - [INFO] Downloaded from google-maven-central: https://maven-central.storage-download.googleapis.com/maven2/org/codehaus/codehaus-parent/4/codehaus-parent-4.pom (4.8 kB at 804 kB/s)
18:01:50.515 [Thread-6] DEBUG spoon.Launcher - [INFO] Downloading from google-maven-central: https://maven-central.storage-download.googleapis.com/maven2/org/codehaus/mojo/findbugs-maven-plugin/3.0.3/findbugs-maven-plugin-3.0.3.jar
18:01:50.640 [Thread-6] DEBUG spoon.Launcher - [INFO] Downloaded from google-maven-central: https://maven-central.storage-download.googleapis.com/maven2/org/codehaus/mojo/findbugs-maven-plugin/3.0.3/findbugs-maven-plugin-3.0.3.jar (145 kB at 1.2 MB/s)
18:01:50.644 [Thread-6] DEBUG spoon.Launcher - [INFO] Downloading from google-maven-central: https://maven-central.storage-download.googleapis.com/maven2/org/apache/maven/plugins/maven-pmd-plugin/3.6/maven-pmd-plugin-3.6.pom
18:01:50.902 [Thread-6] DEBUG spoon.Launcher - [INFO] Downloaded from google-maven-central: https://maven-central.storage-download.googleapis.com/maven2/org/apache/maven/plugins/maven-pmd-plugin/3.6/maven-pmd-plugin-3.6.pom (12 kB at 48 kB/s)
18:01:50.906 [Thread-6] DEBUG spoon.Launcher - [INFO] Downloading from google-maven-central: https://maven-central.storage-download.googleapis.com/maven2/org/apache/maven/plugins/maven-pmd-plugin/3.6/maven-pmd-plugin-3.6.jar
18:01:51.104 [Thread-6] DEBUG spoon.Launcher - [INFO] Downloaded from google-maven-central: https://maven-central.storage-download.googleapis.com/maven2/org/apache/maven/plugins/maven-pmd-plugin/3.6/maven-pmd-plugin-3.6.jar (98 kB at 495 kB/s)
18:01:51.129 [Thread-6] DEBUG spoon.Launcher - [INFO] Downloading from google-maven-central: https://maven-central.storage-download.googleapis.com/maven2/org/apache/maven/plugins/maven-jar-plugin/2.6/maven-jar-plugin-2.6.pom
18:01:51.310 [Thread-6] DEBUG spoon.Launcher - [INFO] Downloaded from google-maven-central: https://maven-central.storage-download.googleapis.com/maven2/org/apache/maven/plugins/maven-jar-plugin/2.6/maven-jar-plugin-2.6.pom (5.9 kB at 32 kB/s)
18:01:51.314 [Thread-6] DEBUG spoon.Launcher - [INFO] Downloading from google-maven-central: https://maven-central.storage-download.googleapis.com/maven2/org/apache/maven/plugins/maven-jar-plugin/2.6/maven-jar-plugin-2.6.jar
18:01:51.433 [Thread-6] DEBUG spoon.Launcher - [INFO] Downloaded from google-maven-central: https://maven-central.storage-download.googleapis.com/maven2/org/apache/maven/plugins/maven-jar-plugin/2.6/maven-jar-plugin-2.6.jar (26 kB at 214 kB/s)
18:01:51.475 [Thread-6] DEBUG spoon.Launcher - [INFO] 
18:01:51.475 [Thread-6] DEBUG spoon.Launcher - [INFO] -----------------------< org.pac4j:pac4j-config >-----------------------
18:01:51.475 [Thread-6] DEBUG spoon.Launcher - [INFO] Building pac4j configuration 3.0.0
18:01:51.475 [Thread-6] DEBUG spoon.Launcher - [INFO] --------------------------------[ jar ]---------------------------------
18:01:51.484 [Thread-6] DEBUG spoon.Launcher - [INFO] Downloading from google-maven-central: https://maven-central.storage-download.googleapis.com/maven2/org/pac4j/pac4j-core/3.0.0/pac4j-core-3.0.0.pom
18:01:51.801 [Thread-6] DEBUG spoon.Launcher - [INFO] Downloaded from google-maven-central: https://maven-central.storage-download.googleapis.com/maven2/org/pac4j/pac4j-core/3.0.0/pac4j-core-3.0.0.pom (4.3 kB at 14 kB/s)
18:01:51.803 [Thread-6] DEBUG spoon.Launcher - [INFO] Downloading from google-maven-central: https://maven-central.storage-download.googleapis.com/maven2/org/pac4j/pac4j/3.0.0/pac4j-3.0.0.pom
18:01:51.979 [Thread-6] DEBUG spoon.Launcher - [INFO] Downloaded from google-maven-central: https://maven-central.storage-download.googleapis.com/maven2/org/pac4j/pac4j/3.0.0/pac4j-3.0.0.pom (16 kB at 91 kB/s)
18:01:51.986 [Thread-6] DEBUG spoon.Launcher - [INFO] Downloading from google-maven-central: https://maven-central.storage-download.googleapis.com/maven2/org/pac4j/pac4j-cas/3.0.0/pac4j-cas-3.0.0.pom
18:01:52.208 [Thread-6] DEBUG spoon.Launcher - [INFO] Downloaded from google-maven-central: https://maven-central.storage-download.googleapis.com/maven2/org/pac4j/pac4j-cas/3.0.0/pac4j-cas-3.0.0.pom (2.7 kB at 12 kB/s)
18:01:52.211 [Thread-6] DEBUG spoon.Launcher - [INFO] Downloading from google-maven-central: https://maven-central.storage-download.googleapis.com/maven2/org/jasig/cas/client/cas-client-core/3.5.0/cas-client-core-3.5.0.pom
18:01:52.579 [Thread-6] DEBUG spoon.Launcher - [INFO] Downloaded from google-maven-central: https://maven-central.storage-download.googleapis.com/maven2/org/jasig/cas/client/cas-client-core/3.5.0/cas-client-core-3.5.0.pom (3.0 kB at 8.1 kB/s)
18:01:52.580 [Thread-6] DEBUG spoon.Launcher - [INFO] Downloading from google-maven-central: https://maven-central.storage-download.googleapis.com/maven2/org/jasig/cas/client/cas-client/3.5.0/cas-client-3.5.0.pom
18:01:52.797 [Thread-6] DEBUG spoon.Launcher - [INFO] Downloaded from google-maven-central: https://maven-central.storage-download.googleapis.com/maven2/org/jasig/cas/client/cas-client/3.5.0/cas-client-3.5.0.pom (11 kB at 50 kB/s)
18:01:52.799 [Thread-6] DEBUG spoon.Launcher - [INFO] Downloading from google-maven-central: https://maven-central.storage-download.googleapis.com/maven2/org/jasig/parent/jasig-parent/39/jasig-parent-39.pom
18:01:53.015 [Thread-6] DEBUG spoon.Launcher - [INFO] Downloaded from google-maven-central: https://maven-central.storage-download.googleapis.com/maven2/org/jasig/parent/jasig-parent/39/jasig-parent-39.pom (17 kB at 80 kB/s)
18:01:53.019 [Thread-6] DEBUG spoon.Launcher - [INFO] Downloading from google-maven-central: https://maven-central.storage-download.googleapis.com/maven2/com/fasterxml/jackson/core/jackson-databind/2.8.7/jackson-databind-2.8.7.pom
18:01:53.170 [Thread-6] DEBUG spoon.Launcher - [INFO] Downloaded from google-maven-central: https://maven-central.storage-download.googleapis.com/maven2/com/fasterxml/jackson/core/jackson-databind/2.8.7/jackson-databind-2.8.7.pom (5.4 kB at 36 kB/s)
18:01:53.173 [Thread-6] DEBUG spoon.Launcher - [INFO] Downloading from google-maven-central: https://maven-central.storage-download.googleapis.com/maven2/com/fasterxml/jackson/jackson-parent/2.8/jackson-parent-2.8.pom
18:01:53.311 [Thread-6] DEBUG spoon.Launcher - [INFO] Downloaded from google-maven-central: https://maven-central.storage-download.googleapis.com/maven2/com/fasterxml/jackson/jackson-parent/2.8/jackson-parent-2.8.pom (8.0 kB at 58 kB/s)
18:01:53.313 [Thread-6] DEBUG spoon.Launcher - [INFO] Downloading from google-maven-central: https://maven-central.storage-download.googleapis.com/maven2/com/fasterxml/oss-parent/27/oss-parent-27.pom
18:01:53.412 [Thread-6] DEBUG spoon.Launcher - [INFO] Downloaded from google-maven-central: https://maven-central.storage-download.googleapis.com/maven2/com/fasterxml/oss-parent/27/oss-parent-27.pom (20 kB at 198 kB/s)
18:01:53.422 [Thread-6] DEBUG spoon.Launcher - [INFO] Downloading from google-maven-central: https://maven-central.storage-download.googleapis.com/maven2/com/fasterxml/jackson/core/jackson-annotations/2.8.0/jackson-annotations-2.8.0.pom
18:01:53.665 [Thread-6] DEBUG spoon.Launcher - [INFO] Downloaded from google-maven-central: https://maven-central.storage-download.googleapis.com/maven2/com/fasterxml/jackson/core/jackson-annotations/2.8.0/jackson-annotations-2.8.0.pom (1.8 kB at 7.5 kB/s)
18:01:53.669 [Thread-6] DEBUG spoon.Launcher - [INFO] Downloading from google-maven-central: https://maven-central.storage-download.googleapis.com/maven2/com/fasterxml/jackson/core/jackson-core/2.8.7/jackson-core-2.8.7.pom
18:01:53.854 [Thread-6] DEBUG spoon.Launcher - [INFO] Downloaded from google-maven-central: https://maven-central.storage-download.googleapis.com/maven2/com/fasterxml/jackson/core/jackson-core/2.8.7/jackson-core-2.8.7.pom (5.4 kB at 29 kB/s)
18:01:53.859 [Thread-6] DEBUG spoon.Launcher - [INFO] Downloading from google-maven-central: https://maven-central.storage-download.googleapis.com/maven2/org/jasig/cas/client/cas-client-support-saml/3.5.0/cas-client-support-saml-3.5.0.pom
18:01:54.017 [Thread-6] DEBUG spoon.Launcher - [INFO] Downloaded from google-maven-central: https://maven-central.storage-download.googleapis.com/maven2/org/jasig/cas/client/cas-client-support-saml/3.5.0/cas-client-support-saml-3.5.0.pom (1.6 kB at 10 kB/s)
18:01:54.019 [Thread-6] DEBUG spoon.Launcher - [INFO] Downloading from google-maven-central: https://maven-central.storage-download.googleapis.com/maven2/joda-time/joda-time/2.7/joda-time-2.7.pom
18:01:54.204 [Thread-6] DEBUG spoon.Launcher - [INFO] Downloaded from google-maven-central: https://maven-central.storage-download.googleapis.com/maven2/joda-time/joda-time/2.7/joda-time-2.7.pom (29 kB at 155 kB/s)
18:01:54.208 [Thread-6] DEBUG spoon.Launcher - [INFO] Downloading from google-maven-central: https://maven-central.storage-download.googleapis.com/maven2/com/google/guava/guava/21.0/guava-21.0.pom
18:01:54.394 [Thread-6] DEBUG spoon.Launcher - [INFO] Downloaded from google-maven-central: https://maven-central.storage-download.googleapis.com/maven2/com/google/guava/guava/21.0/guava-21.0.pom (7.0 kB at 38 kB/s)
18:01:54.397 [Thread-6] DEBUG spoon.Launcher - [INFO] Downloading from google-maven-central: https://maven-central.storage-download.googleapis.com/maven2/com/google/guava/guava-parent/21.0/guava-parent-21.0.pom
18:01:54.549 [Thread-6] DEBUG spoon.Launcher - [INFO] Downloaded from google-maven-central: https://maven-central.storage-download.googleapis.com/maven2/com/google/guava/guava-parent/21.0/guava-parent-21.0.pom (9.7 kB at 64 kB/s)
18:01:54.553 [Thread-6] DEBUG spoon.Launcher - [INFO] Downloading from google-maven-central: https://maven-central.storage-download.googleapis.com/maven2/org/pac4j/pac4j-saml/3.0.0/pac4j-saml-3.0.0.pom
18:01:54.691 [Thread-6] DEBUG spoon.Launcher - [INFO] Downloaded from google-maven-central: https://maven-central.storage-download.googleapis.com/maven2/org/pac4j/pac4j-saml/3.0.0/pac4j-saml-3.0.0.pom (8.0 kB at 58 kB/s)
18:01:54.695 [Thread-6] DEBUG spoon.Launcher - [INFO] Downloading from google-maven-central: https://maven-central.storage-download.googleapis.com/maven2/org/opensaml/opensaml-core/3.3.1/opensaml-core-3.3.1.pom
18:01:54.977 [Thread-6] DEBUG spoon.Launcher - [INFO] Downloaded from google-maven-central: https://maven-central.storage-download.googleapis.com/maven2/org/opensaml/opensaml-core/3.3.1/opensaml-core-3.3.1.pom (2.4 kB at 8.7 kB/s)
18:01:54.980 [Thread-6] DEBUG spoon.Launcher - [INFO] Downloading from google-maven-central: https://maven-central.storage-download.googleapis.com/maven2/org/opensaml/opensaml-parent/3.3.1/opensaml-parent-3.3.1.pom
18:01:55.282 [Thread-6] DEBUG spoon.Launcher - [INFO] Downloaded from google-maven-central: https://maven-central.storage-download.googleapis.com/maven2/org/opensaml/opensaml-parent/3.3.1/opensaml-parent-3.3.1.pom (5.7 kB at 19 kB/s)
18:01:55.284 [Thread-6] DEBUG spoon.Launcher - [INFO] Downloading from google-maven-central: https://maven-central.storage-download.googleapis.com/maven2/net/shibboleth/parent-v3/10/parent-v3-10.pom
18:01:55.554 [Thread-6] DEBUG spoon.Launcher - [INFO] Downloaded from google-maven-central: https://maven-central.storage-download.googleapis.com/maven2/net/shibboleth/parent-v3/10/parent-v3-10.pom (46 kB at 172 kB/s)
18:01:55.559 [Thread-6] DEBUG spoon.Launcher - [INFO] Downloading from google-maven-central: https://maven-central.storage-download.googleapis.com/maven2/joda-time/joda-time/2.9/joda-time-2.9.pom
18:01:55.763 [Thread-6] DEBUG spoon.Launcher - [INFO] Downloaded from google-maven-central: https://maven-central.storage-download.googleapis.com/maven2/joda-time/joda-time/2.9/joda-time-2.9.pom (29 kB at 144 kB/s)
18:01:55.766 [Thread-6] DEBUG spoon.Launcher - [INFO] Downloading from google-maven-central: https://maven-central.storage-download.googleapis.com/maven2/io/dropwizard/metrics/metrics-core/3.1.2/metrics-core-3.1.2.pom
18:01:55.908 [Thread-6] DEBUG spoon.Launcher - [INFO] Downloaded from google-maven-central: https://maven-central.storage-download.googleapis.com/maven2/io/dropwizard/metrics/metrics-core/3.1.2/metrics-core-3.1.2.pom (846 B at 6.0 kB/s)
18:01:55.909 [Thread-6] DEBUG spoon.Launcher - [INFO] Downloading from google-maven-central: https://maven-central.storage-download.googleapis.com/maven2/io/dropwizard/metrics/metrics-parent/3.1.2/metrics-parent-3.1.2.pom
18:01:56.035 [Thread-6] DEBUG spoon.Launcher - [INFO] Downloaded from google-maven-central: https://maven-central.storage-download.googleapis.com/maven2/io/dropwizard/metrics/metrics-parent/3.1.2/metrics-parent-3.1.2.pom (12 kB at 95 kB/s)
18:01:56.038 [Thread-6] DEBUG spoon.Launcher - [INFO] Downloading from google-maven-central: https://maven-central.storage-download.googleapis.com/maven2/net/shibboleth/utilities/java-support/7.3.0/java-support-7.3.0.pom
18:01:56.209 [Thread-6] DEBUG spoon.Launcher - [INFO] Downloaded from google-maven-central: https://maven-central.storage-download.googleapis.com/maven2/net/shibboleth/utilities/java-support/7.3.0/java-support-7.3.0.pom (4.8 kB at 28 kB/s)
18:01:56.212 [Thread-6] DEBUG spoon.Launcher - [INFO] Downloading from google-maven-central: https://maven-central.storage-download.googleapis.com/maven2/commons-codec/commons-codec/1.10/commons-codec-1.10.pom
18:01:56.324 [Thread-6] DEBUG spoon.Launcher - [INFO] Downloaded from google-maven-central: https://maven-central.storage-download.googleapis.com/maven2/commons-codec/commons-codec/1.10/commons-codec-1.10.pom (12 kB at 104 kB/s)
18:01:56.327 [Thread-6] DEBUG spoon.Launcher - [INFO] Downloading from google-maven-central: https://maven-central.storage-download.googleapis.com/maven2/org/apache/commons/commons-parent/35/commons-parent-35.pom
18:01:56.417 [Thread-6] DEBUG spoon.Launcher - [INFO] Downloaded from google-maven-central: https://maven-central.storage-download.googleapis.com/maven2/org/apache/commons/commons-parent/35/commons-parent-35.pom (58 kB at 642 kB/s)
18:01:56.423 [Thread-6] DEBUG spoon.Launcher - [INFO] Downloading from google-maven-central: https://maven-central.storage-download.googleapis.com/maven2/org/apache/apache/15/apache-15.pom
18:01:56.429 [Thread-6] DEBUG spoon.Launcher - [INFO] Downloaded from google-maven-central: https://maven-central.storage-download.googleapis.com/maven2/org/apache/apache/15/apache-15.pom (15 kB at 2.5 MB/s)
18:01:56.432 [Thread-6] DEBUG spoon.Launcher - [INFO] Downloading from google-maven-central: https://maven-central.storage-download.googleapis.com/maven2/com/google/code/findbugs/jsr305/3.0.1/jsr305-3.0.1.pom
18:01:56.578 [Thread-6] DEBUG spoon.Launcher - [INFO] Downloaded from google-maven-central: https://maven-central.storage-download.googleapis.com/maven2/com/google/code/findbugs/jsr305/3.0.1/jsr305-3.0.1.pom (4.3 kB at 29 kB/s)
18:01:56.581 [Thread-6] DEBUG spoon.Launcher - [INFO] Downloading from google-maven-central: https://maven-central.storage-download.googleapis.com/maven2/org/opensaml/opensaml-saml-api/3.3.1/opensaml-saml-api-3.3.1.pom
18:01:56.786 [Thread-6] DEBUG spoon.Launcher - [INFO] Downloaded from google-maven-central: https://maven-central.storage-download.googleapis.com/maven2/org/opensaml/opensaml-saml-api/3.3.1/opensaml-saml-api-3.3.1.pom (2.5 kB at 12 kB/s)
18:01:56.788 [Thread-6] DEBUG spoon.Launcher - [INFO] Downloading from google-maven-central: https://maven-central.storage-download.googleapis.com/maven2/org/opensaml/opensaml-xmlsec-api/3.3.1/opensaml-xmlsec-api-3.3.1.pom
18:01:57.078 [Thread-6] DEBUG spoon.Launcher - [INFO] Downloaded from google-maven-central: https://maven-central.storage-download.googleapis.com/maven2/org/opensaml/opensaml-xmlsec-api/3.3.1/opensaml-xmlsec-api-3.3.1.pom (2.0 kB at 7.0 kB/s)
18:01:57.078 [Thread-6] DEBUG spoon.Launcher - [INFO] Downloading from google-maven-central: https://maven-central.storage-download.googleapis.com/maven2/org/opensaml/opensaml-security-api/3.3.1/opensaml-security-api-3.3.1.pom
18:01:57.261 [Thread-6] DEBUG spoon.Launcher - [INFO] Downloaded from google-maven-central: https://maven-central.storage-download.googleapis.com/maven2/org/opensaml/opensaml-security-api/3.3.1/opensaml-security-api-3.3.1.pom (2.4 kB at 13 kB/s)
18:01:57.265 [Thread-6] DEBUG spoon.Launcher - [INFO] Downloading from google-maven-central: https://maven-central.storage-download.googleapis.com/maven2/org/opensaml/opensaml-messaging-api/3.3.1/opensaml-messaging-api-3.3.1.pom
18:01:57.455 [Thread-6] DEBUG spoon.Launcher - [INFO] Downloaded from google-maven-central: https://maven-central.storage-download.googleapis.com/maven2/org/opensaml/opensaml-messaging-api/3.3.1/opensaml-messaging-api-3.3.1.pom (1.7 kB at 8.8 kB/s)
18:01:57.459 [Thread-6] DEBUG spoon.Launcher - [INFO] Downloading from google-maven-central: https://maven-central.storage-download.googleapis.com/maven2/org/apache/httpcomponents/httpclient/4.3.6/httpclient-4.3.6.pom
18:01:57.588 [Thread-6] DEBUG spoon.Launcher - [INFO] Downloaded from google-maven-central: https://maven-central.storage-download.googleapis.com/maven2/org/apache/httpcomponents/httpclient/4.3.6/httpclient-4.3.6.pom (5.2 kB at 40 kB/s)
18:01:57.590 [Thread-6] DEBUG spoon.Launcher - [INFO] Downloading from google-maven-central: https://maven-central.storage-download.googleapis.com/maven2/org/apache/httpcomponents/httpcomponents-client/4.3.6/httpcomponents-client-4.3.6.pom
18:01:57.673 [Thread-6] DEBUG spoon.Launcher - [INFO] Downloaded from google-maven-central: https://maven-central.storage-download.googleapis.com/maven2/org/apache/httpcomponents/httpcomponents-client/4.3.6/httpcomponents-client-4.3.6.pom (16 kB at 190 kB/s)
18:01:57.678 [Thread-6] DEBUG spoon.Launcher - [INFO] Downloading from google-maven-central: https://maven-central.storage-download.googleapis.com/maven2/org/apache/httpcomponents/httpcore/4.3.3/httpcore-4.3.3.pom
18:01:57.818 [Thread-6] DEBUG spoon.Launcher - [INFO] Downloaded from google-maven-central: https://maven-central.storage-download.googleapis.com/maven2/org/apache/httpcomponents/httpcore/4.3.3/httpcore-4.3.3.pom (4.6 kB at 33 kB/s)
18:01:57.820 [Thread-6] DEBUG spoon.Launcher - [INFO] Downloading from google-maven-central: https://maven-central.storage-download.googleapis.com/maven2/org/apache/httpcomponents/httpcomponents-core/4.3.3/httpcomponents-core-4.3.3.pom
18:01:57.936 [Thread-6] DEBUG spoon.Launcher - [INFO] Downloaded from google-maven-central: https://maven-central.storage-download.googleapis.com/maven2/org/apache/httpcomponents/httpcomponents-core/4.3.3/httpcomponents-core-4.3.3.pom (13 kB at 114 kB/s)
18:01:57.940 [Thread-6] DEBUG spoon.Launcher - [INFO] Downloading from google-maven-central: https://maven-central.storage-download.googleapis.com/maven2/org/apache/santuario/xmlsec/2.0.5/xmlsec-2.0.5.pom
18:01:58.141 [Thread-6] DEBUG spoon.Launcher - [INFO] Downloaded from google-maven-central: https://maven-central.storage-download.googleapis.com/maven2/org/apache/santuario/xmlsec/2.0.5/xmlsec-2.0.5.pom (24 kB at 117 kB/s)
18:01:58.145 [Thread-6] DEBUG spoon.Launcher - [INFO] Downloading from google-maven-central: https://maven-central.storage-download.googleapis.com/maven2/org/codehaus/woodstox/woodstox-core-asl/4.4.1/woodstox-core-asl-4.4.1.pom
18:01:58.328 [Thread-6] DEBUG spoon.Launcher - [INFO] Downloaded from google-maven-central: https://maven-central.storage-download.googleapis.com/maven2/org/codehaus/woodstox/woodstox-core-asl/4.4.1/woodstox-core-asl-4.4.1.pom (1.8 kB at 9.8 kB/s)
18:01:58.330 [Thread-6] DEBUG spoon.Launcher - [INFO] Downloading from google-maven-central: https://maven-central.storage-download.googleapis.com/maven2/javax/xml/stream/stax-api/1.0-2/stax-api-1.0-2.pom
18:01:58.408 [Thread-6] DEBUG spoon.Launcher - [INFO] Downloaded from google-maven-central: https://maven-central.storage-download.googleapis.com/maven2/javax/xml/stream/stax-api/1.0-2/stax-api-1.0-2.pom (962 B at 12 kB/s)
18:01:58.410 [Thread-6] DEBUG spoon.Launcher - [INFO] Downloading from google-maven-central: https://maven-central.storage-download.googleapis.com/maven2/org/codehaus/woodstox/stax2-api/3.1.4/stax2-api-3.1.4.pom
18:01:58.537 [Thread-6] DEBUG spoon.Launcher - [INFO] Downloaded from google-maven-central: https://maven-central.storage-download.googleapis.com/maven2/org/codehaus/woodstox/stax2-api/3.1.4/stax2-api-3.1.4.pom (5.5 kB at 44 kB/s)
18:01:58.539 [Thread-6] DEBUG spoon.Launcher - [INFO] Downloading from google-maven-central: https://maven-central.storage-download.googleapis.com/maven2/org/cryptacular/cryptacular/1.1.1/cryptacular-1.1.1.pom
18:01:58.778 [Thread-6] DEBUG spoon.Launcher - [INFO] Downloaded from google-maven-central: https://maven-central.storage-download.googleapis.com/maven2/org/cryptacular/cryptacular/1.1.1/cryptacular-1.1.1.pom (12 kB at 49 kB/s)
18:01:58.780 [Thread-6] DEBUG spoon.Launcher - [INFO] Downloading from google-maven-central: https://maven-central.storage-download.googleapis.com/maven2/org/bouncycastle/bcprov-jdk15on/1.54/bcprov-jdk15on-1.54.pom
18:01:58.941 [Thread-6] DEBUG spoon.Launcher - [INFO] Downloaded from google-maven-central: https://maven-central.storage-download.googleapis.com/maven2/org/bouncycastle/bcprov-jdk15on/1.54/bcprov-jdk15on-1.54.pom (1.2 kB at 7.2 kB/s)
18:01:58.943 [Thread-6] DEBUG spoon.Launcher - [INFO] Downloading from google-maven-central: https://maven-central.storage-download.googleapis.com/maven2/org/opensaml/opensaml-soap-api/3.3.1/opensaml-soap-api-3.3.1.pom
18:01:59.184 [Thread-6] DEBUG spoon.Launcher - [INFO] Downloaded from google-maven-central: https://maven-central.storage-download.googleapis.com/maven2/org/opensaml/opensaml-soap-api/3.3.1/opensaml-soap-api-3.3.1.pom (1.6 kB at 6.7 kB/s)
18:01:59.188 [Thread-6] DEBUG spoon.Launcher - [INFO] Downloading from google-maven-central: https://maven-central.storage-download.googleapis.com/maven2/org/opensaml/opensaml-profile-api/3.3.1/opensaml-profile-api-3.3.1.pom
18:01:59.351 [Thread-6] DEBUG spoon.Launcher - [INFO] Downloaded from google-maven-central: https://maven-central.storage-download.googleapis.com/maven2/org/opensaml/opensaml-profile-api/3.3.1/opensaml-profile-api-3.3.1.pom (2.4 kB at 15 kB/s)
18:01:59.351 [Thread-6] DEBUG spoon.Launcher - [INFO] Downloading from google-maven-central: https://maven-central.storage-download.googleapis.com/maven2/org/opensaml/opensaml-storage-api/3.3.1/opensaml-storage-api-3.3.1.pom
18:01:59.524 [Thread-6] DEBUG spoon.Launcher - [INFO] Downloaded from google-maven-central: https://maven-central.storage-download.googleapis.com/maven2/org/opensaml/opensaml-storage-api/3.3.1/opensaml-storage-api-3.3.1.pom (1.2 kB at 7.1 kB/s)
18:01:59.528 [Thread-6] DEBUG spoon.Launcher - [INFO] Downloading from google-maven-central: https://maven-central.storage-download.googleapis.com/maven2/org/opensaml/opensaml-saml-impl/3.3.1/opensaml-saml-impl-3.3.1.pom
18:01:59.719 [Thread-6] DEBUG spoon.Launcher - [INFO] Downloaded from google-maven-central: https://maven-central.storage-download.googleapis.com/maven2/org/opensaml/opensaml-saml-impl/3.3.1/opensaml-saml-impl-3.3.1.pom (5.5 kB at 29 kB/s)
18:01:59.723 [Thread-6] DEBUG spoon.Launcher - [INFO] Downloading from google-maven-central: https://maven-central.storage-download.googleapis.com/maven2/org/opensaml/opensaml-security-impl/3.3.1/opensaml-security-impl-3.3.1.pom
18:01:59.915 [Thread-6] DEBUG spoon.Launcher - [INFO] Downloaded from google-maven-central: https://maven-central.storage-download.googleapis.com/maven2/org/opensaml/opensaml-security-impl/3.3.1/opensaml-security-impl-3.3.1.pom (2.1 kB at 11 kB/s)
18:01:59.918 [Thread-6] DEBUG spoon.Launcher - [INFO] Downloading from google-maven-central: https://maven-central.storage-download.googleapis.com/maven2/org/opensaml/opensaml-xmlsec-impl/3.3.1/opensaml-xmlsec-impl-3.3.1.pom
18:02:00.092 [Thread-6] DEBUG spoon.Launcher - [INFO] Downloaded from google-maven-central: https://maven-central.storage-download.googleapis.com/maven2/org/opensaml/opensaml-xmlsec-impl/3.3.1/opensaml-xmlsec-impl-3.3.1.pom (2.1 kB at 12 kB/s)
18:02:00.102 [Thread-6] DEBUG spoon.Launcher - [INFO] Downloading from google-maven-central: https://maven-central.storage-download.googleapis.com/maven2/org/opensaml/opensaml-soap-impl/3.3.1/opensaml-soap-impl-3.3.1.pom
18:02:00.297 [Thread-6] DEBUG spoon.Launcher - [INFO] Downloaded from google-maven-central: https://maven-central.storage-download.googleapis.com/maven2/org/opensaml/opensaml-soap-impl/3.3.1/opensaml-soap-impl-3.3.1.pom (2.7 kB at 14 kB/s)
18:02:00.301 [Thread-6] DEBUG spoon.Launcher - [INFO] Downloading from google-maven-central: https://maven-central.storage-download.googleapis.com/maven2/org/apache/velocity/velocity/1.7/velocity-1.7.pom
18:02:00.386 [Thread-6] DEBUG spoon.Launcher - [INFO] Downloaded from google-maven-central: https://maven-central.storage-download.googleapis.com/maven2/org/apache/velocity/velocity/1.7/velocity-1.7.pom (11 kB at 128 kB/s)
18:02:00.391 [Thread-6] DEBUG spoon.Launcher - [INFO] Downloading from google-maven-central: https://maven-central.storage-download.googleapis.com/maven2/commons-lang/commons-lang/2.4/commons-lang-2.4.pom
18:02:00.430 [Thread-6] DEBUG spoon.Launcher - [INFO] Downloaded from google-maven-central: https://maven-central.storage-download.googleapis.com/maven2/commons-lang/commons-lang/2.4/commons-lang-2.4.pom (14 kB at 358 kB/s)
18:02:00.433 [Thread-6] DEBUG spoon.Launcher - [INFO] Downloading from google-maven-central: https://maven-central.storage-download.googleapis.com/maven2/org/opensaml/opensaml-profile-impl/3.3.1/opensaml-profile-impl-3.3.1.pom
18:02:00.649 [Thread-6] DEBUG spoon.Launcher - [INFO] Downloaded from google-maven-central: https://maven-central.storage-download.googleapis.com/maven2/org/opensaml/opensaml-profile-impl/3.3.1/opensaml-profile-impl-3.3.1.pom (3.3 kB at 15 kB/s)
18:02:00.654 [Thread-6] DEBUG spoon.Launcher - [INFO] Downloading from google-maven-central: https://maven-central.storage-download.googleapis.com/maven2/org/opensaml/opensaml-messaging-impl/3.3.1/opensaml-messaging-impl-3.3.1.pom
18:02:00.869 [Thread-6] DEBUG spoon.Launcher - [INFO] Downloaded from google-maven-central: https://maven-central.storage-download.googleapis.com/maven2/org/opensaml/opensaml-messaging-impl/3.3.1/opensaml-messaging-impl-3.3.1.pom (2.1 kB at 9.7 kB/s)
18:02:00.874 [Thread-6] DEBUG spoon.Launcher - [INFO] Downloading from google-maven-central: https://maven-central.storage-download.googleapis.com/maven2/org/cryptacular/cryptacular/1.2.1/cryptacular-1.2.1.pom
18:02:01.100 [Thread-6] DEBUG spoon.Launcher - [INFO] Downloaded from google-maven-central: https://maven-central.storage-download.googleapis.com/maven2/org/cryptacular/cryptacular/1.2.1/cryptacular-1.2.1.pom (12 kB at 52 kB/s)
18:02:01.104 [Thread-6] DEBUG spoon.Launcher - [INFO] Downloading from google-maven-central: https://maven-central.storage-download.googleapis.com/maven2/joda-time/joda-time/2.9.9/joda-time-2.9.9.pom
18:02:01.205 [Thread-6] DEBUG spoon.Launcher - [INFO] Downloaded from google-maven-central: https://maven-central.storage-download.googleapis.com/maven2/joda-time/joda-time/2.9.9/joda-time-2.9.9.pom (35 kB at 343 kB/s)
18:02:01.208 [Thread-6] DEBUG spoon.Launcher - [INFO] Downloading from google-maven-central: https://maven-central.storage-download.googleapis.com/maven2/xalan/xalan/2.7.2/xalan-2.7.2.pom
18:02:01.213 [Thread-6] DEBUG spoon.Launcher - [INFO] Downloaded from google-maven-central: https://maven-central.storage-download.googleapis.com/maven2/xalan/xalan/2.7.2/xalan-2.7.2.pom (1.3 kB at 255 kB/s)
18:02:01.215 [Thread-6] DEBUG spoon.Launcher - [INFO] Downloading from google-maven-central: https://maven-central.storage-download.googleapis.com/maven2/xalan/serializer/2.7.2/serializer-2.7.2.pom
18:02:01.220 [Thread-6] DEBUG spoon.Launcher - [INFO] Downloaded from google-maven-central: https://maven-central.storage-download.googleapis.com/maven2/xalan/serializer/2.7.2/serializer-2.7.2.pom (1.1 kB at 218 kB/s)
18:02:01.221 [Thread-6] DEBUG spoon.Launcher - [INFO] Downloading from google-maven-central: https://maven-central.storage-download.googleapis.com/maven2/xml-apis/xml-apis/1.3.04/xml-apis-1.3.04.pom
18:02:01.226 [Thread-6] DEBUG spoon.Launcher - [INFO] Downloaded from google-maven-central: https://maven-central.storage-download.googleapis.com/maven2/xml-apis/xml-apis/1.3.04/xml-apis-1.3.04.pom (1.8 kB at 364 kB/s)
18:02:01.230 [Thread-6] DEBUG spoon.Launcher - [INFO] Downloading from google-maven-central: https://maven-central.storage-download.googleapis.com/maven2/commons-collections/commons-collections/3.2.2/commons-collections-3.2.2.pom
18:02:01.375 [Thread-6] DEBUG spoon.Launcher - [INFO] Downloaded from google-maven-central: https://maven-central.storage-download.googleapis.com/maven2/commons-collections/commons-collections/3.2.2/commons-collections-3.2.2.pom (12 kB at 84 kB/s)
18:02:01.383 [Thread-6] DEBUG spoon.Launcher - [INFO] Downloading from google-maven-central: https://maven-central.storage-download.googleapis.com/maven2/org/slf4j/jcl-over-slf4j/1.7.25/jcl-over-slf4j-1.7.25.pom
18:02:01.480 [Thread-6] DEBUG spoon.Launcher - [INFO] Downloaded from google-maven-central: https://maven-central.storage-download.googleapis.com/maven2/org/slf4j/jcl-over-slf4j/1.7.25/jcl-over-slf4j-1.7.25.pom (959 B at 10.0 kB/s)
18:02:01.482 [Thread-6] DEBUG spoon.Launcher - [INFO] Downloading from google-maven-central: https://maven-central.storage-download.googleapis.com/maven2/org/springframework/spring-core/5.0.2.RELEASE/spring-core-5.0.2.RELEASE.pom
18:02:01.658 [Thread-6] DEBUG spoon.Launcher - [INFO] Downloaded from google-maven-central: https://maven-central.storage-download.googleapis.com/maven2/org/springframework/spring-core/5.0.2.RELEASE/spring-core-5.0.2.RELEASE.pom (4.0 kB at 23 kB/s)
18:02:01.660 [Thread-6] DEBUG spoon.Launcher - [INFO] Downloading from google-maven-central: https://maven-central.storage-download.googleapis.com/maven2/io/projectreactor/reactor-bom/Bismuth-SR4/reactor-bom-Bismuth-SR4.pom
18:02:01.887 [Thread-6] DEBUG spoon.Launcher - [INFO] Downloaded from google-maven-central: https://maven-central.storage-download.googleapis.com/maven2/io/projectreactor/reactor-bom/Bismuth-SR4/reactor-bom-Bismuth-SR4.pom (3.6 kB at 16 kB/s)
18:02:01.890 [Thread-6] DEBUG spoon.Launcher - [INFO] Downloading from google-maven-central: https://maven-central.storage-download.googleapis.com/maven2/io/netty/netty-bom/4.1.17.Final/netty-bom-4.1.17.Final.pom
18:02:02.051 [Thread-6] DEBUG spoon.Launcher - [INFO] Downloaded from google-maven-central: https://maven-central.storage-download.googleapis.com/maven2/io/netty/netty-bom/4.1.17.Final/netty-bom-4.1.17.Final.pom (7.9 kB at 49 kB/s)
18:02:02.054 [Thread-6] DEBUG spoon.Launcher - [INFO] Downloading from google-maven-central: https://maven-central.storage-download.googleapis.com/maven2/org/springframework/spring-jcl/5.0.2.RELEASE/spring-jcl-5.0.2.RELEASE.pom
18:02:02.220 [Thread-6] DEBUG spoon.Launcher - [INFO] Downloaded from google-maven-central: https://maven-central.storage-download.googleapis.com/maven2/org/springframework/spring-jcl/5.0.2.RELEASE/spring-jcl-5.0.2.RELEASE.pom (1.9 kB at 12 kB/s)
18:02:02.222 [Thread-6] DEBUG spoon.Launcher - [INFO] Downloading from google-maven-central: https://maven-central.storage-download.googleapis.com/maven2/org/pac4j/pac4j-oauth/3.0.0/pac4j-oauth-3.0.0.pom
18:02:02.454 [Thread-6] DEBUG spoon.Launcher - [INFO] Downloaded from google-maven-central: https://maven-central.storage-download.googleapis.com/maven2/org/pac4j/pac4j-oauth/3.0.0/pac4j-oauth-3.0.0.pom (2.7 kB at 11 kB/s)
18:02:02.457 [Thread-6] DEBUG spoon.Launcher - [INFO] Downloading from google-maven-central: https://maven-central.storage-download.googleapis.com/maven2/com/github/scribejava/scribejava-apis/5.3.0/scribejava-apis-5.3.0.pom
18:02:02.607 [Thread-6] DEBUG spoon.Launcher - [INFO] Downloaded from google-maven-central: https://maven-central.storage-download.googleapis.com/maven2/com/github/scribejava/scribejava-apis/5.3.0/scribejava-apis-5.3.0.pom (2.2 kB at 15 kB/s)
18:02:02.609 [Thread-6] DEBUG spoon.Launcher - [INFO] Downloading from google-maven-central: https://maven-central.storage-download.googleapis.com/maven2/com/github/scribejava/scribejava/5.3.0/scribejava-5.3.0.pom
18:02:02.781 [Thread-6] DEBUG spoon.Launcher - [INFO] Downloaded from google-maven-central: https://maven-central.storage-download.googleapis.com/maven2/com/github/scribejava/scribejava/5.3.0/scribejava-5.3.0.pom (10 kB at 58 kB/s)
18:02:02.784 [Thread-6] DEBUG spoon.Launcher - [INFO] Downloading from google-maven-central: https://maven-central.storage-download.googleapis.com/maven2/com/github/scribejava/scribejava-core/5.3.0/scribejava-core-5.3.0.pom
18:02:02.988 [Thread-6] DEBUG spoon.Launcher - [INFO] Downloaded from google-maven-central: https://maven-central.storage-download.googleapis.com/maven2/com/github/scribejava/scribejava-core/5.3.0/scribejava-core-5.3.0.pom (1.3 kB at 6.3 kB/s)
18:02:02.991 [Thread-6] DEBUG spoon.Launcher - [INFO] Downloading from google-maven-central: https://maven-central.storage-download.googleapis.com/maven2/org/pac4j/pac4j-oidc/3.0.0/pac4j-oidc-3.0.0.pom
18:02:03.250 [Thread-6] DEBUG spoon.Launcher - [INFO] Downloaded from google-maven-central: https://maven-central.storage-download.googleapis.com/maven2/org/pac4j/pac4j-oidc/3.0.0/pac4j-oidc-3.0.0.pom (2.9 kB at 11 kB/s)
18:02:03.254 [Thread-6] DEBUG spoon.Launcher - [INFO] Downloading from google-maven-central: https://maven-central.storage-download.googleapis.com/maven2/com/nimbusds/oauth2-oidc-sdk/5.45/oauth2-oidc-sdk-5.45.pom
18:02:03.438 [Thread-6] DEBUG spoon.Launcher - [INFO] Downloaded from google-maven-central: https://maven-central.storage-download.googleapis.com/maven2/com/nimbusds/oauth2-oidc-sdk/5.45/oauth2-oidc-sdk-5.45.pom (11 kB at 59 kB/s)
18:02:03.441 [Thread-6] DEBUG spoon.Launcher - [INFO] Downloading from google-maven-central: https://maven-central.storage-download.googleapis.com/maven2/javax/mail/mail/1.4.7/mail-1.4.7.pom
18:02:03.545 [Thread-6] DEBUG spoon.Launcher - [INFO] Downloaded from google-maven-central: https://maven-central.storage-download.googleapis.com/maven2/javax/mail/mail/1.4.7/mail-1.4.7.pom (5.3 kB at 51 kB/s)
18:02:03.548 [Thread-6] DEBUG spoon.Launcher - [INFO] Downloading from google-maven-central: https://maven-central.storage-download.googleapis.com/maven2/com/sun/mail/all/1.4.7/all-1.4.7.pom
18:02:03.691 [Thread-6] DEBUG spoon.Launcher - [INFO] Downloaded from google-maven-central: https://maven-central.storage-download.googleapis.com/maven2/com/sun/mail/all/1.4.7/all-1.4.7.pom (20 kB at 142 kB/s)
18:02:03.696 [Thread-6] DEBUG spoon.Launcher - [INFO] Downloading from google-maven-central: https://maven-central.storage-download.googleapis.com/maven2/javax/activation/activation/1.1/activation-1.1.pom
18:02:03.805 [Thread-6] DEBUG spoon.Launcher - [INFO] Downloaded from google-maven-central: https://maven-central.storage-download.googleapis.com/maven2/javax/activation/activation/1.1/activation-1.1.pom (1.1 kB at 9.8 kB/s)
18:02:03.807 [Thread-6] DEBUG spoon.Launcher - [INFO] Downloading from google-maven-central: https://maven-central.storage-download.googleapis.com/maven2/com/github/stephenc/jcip/jcip-annotations/1.0-1/jcip-annotations-1.0-1.pom
18:02:03.908 [Thread-6] DEBUG spoon.Launcher - [INFO] Downloaded from google-maven-central: https://maven-central.storage-download.googleapis.com/maven2/com/github/stephenc/jcip/jcip-annotations/1.0-1/jcip-annotations-1.0-1.pom (5.4 kB at 54 kB/s)
18:02:03.911 [Thread-6] DEBUG spoon.Launcher - [INFO] Downloading from google-maven-central: https://maven-central.storage-download.googleapis.com/maven2/org/apache/commons/commons-lang3/3.7/commons-lang3-3.7.pom
18:02:03.916 [Thread-6] DEBUG spoon.Launcher - [INFO] Downloaded from google-maven-central: https://maven-central.storage-download.googleapis.com/maven2/org/apache/commons/commons-lang3/3.7/commons-lang3-3.7.pom (28 kB at 4.6 MB/s)
18:02:03.928 [Thread-6] DEBUG spoon.Launcher - [INFO] Downloading from google-maven-central: https://maven-central.storage-download.googleapis.com/maven2/org/apache/commons/commons-collections4/4.1/commons-collections4-4.1.pom
18:02:03.934 [Thread-6] DEBUG spoon.Launcher - [INFO] Downloaded from google-maven-central: https://maven-central.storage-download.googleapis.com/maven2/org/apache/commons/commons-collections4/4.1/commons-collections4-4.1.pom (21 kB at 3.0 MB/s)
18:02:03.938 [Thread-6] DEBUG spoon.Launcher - [INFO] Downloading from google-maven-central: https://maven-central.storage-download.googleapis.com/maven2/org/apache/commons/commons-parent/38/commons-parent-38.pom
18:02:03.944 [Thread-6] DEBUG spoon.Launcher - [INFO] Downloaded from google-maven-central: https://maven-central.storage-download.googleapis.com/maven2/org/apache/commons/commons-parent/38/commons-parent-38.pom (62 kB at 12 MB/s)
18:02:03.957 [Thread-6] DEBUG spoon.Launcher - [INFO] Downloading from google-maven-central: https://maven-central.storage-download.googleapis.com/maven2/net/minidev/json-smart/maven-metadata.xml
18:02:03.960 [Thread-6] DEBUG spoon.Launcher - [INFO] Downloading from sonatype-snapshots: https://oss.sonatype.org/content/repositories/snapshots/net/minidev/json-smart/maven-metadata.xml
18:02:03.961 [Thread-6] DEBUG spoon.Launcher - [INFO] Downloading from sonatype: https://oss.sonatype.org/content/repositories/releases/net/minidev/json-smart/maven-metadata.xml
18:02:03.971 [Thread-6] DEBUG spoon.Launcher - [INFO] Downloading from sonatype-apache: https://repository.apache.org/content/repositories/releases/net/minidev/json-smart/maven-metadata.xml
18:02:04.055 [Thread-6] DEBUG spoon.Launcher - [INFO] Downloaded from google-maven-central: https://maven-central.storage-download.googleapis.com/maven2/net/minidev/json-smart/maven-metadata.xml (849 B at 8.8 kB/s)
18:02:04.058 [Thread-6] DEBUG spoon.Launcher - [INFO] Downloading from apache-snapshots: https://repository.apache.org/snapshots/net/minidev/json-smart/maven-metadata.xml
18:02:04.182 [Thread-6] DEBUG spoon.Launcher - [INFO] Downloading from sonatype-nexus-snapshots: https://oss.sonatype.org/content/repositories/snapshots/net/minidev/json-smart/maven-metadata.xml
18:02:04.411 [Thread-6] DEBUG spoon.Launcher - [INFO] Downloaded from sonatype: https://oss.sonatype.org/content/repositories/releases/net/minidev/json-smart/maven-metadata.xml (849 B at 1.9 kB/s)
18:02:04.564 [Thread-6] DEBUG spoon.Launcher - [INFO] Downloading from google-maven-central: https://maven-central.storage-download.googleapis.com/maven2/net/minidev/json-smart/1.3.1/json-smart-1.3.1.pom
18:02:04.743 [Thread-6] DEBUG spoon.Launcher - [INFO] Downloaded from google-maven-central: https://maven-central.storage-download.googleapis.com/maven2/net/minidev/json-smart/1.3.1/json-smart-1.3.1.pom (2.0 kB at 11 kB/s)
18:02:04.743 [Thread-6] DEBUG spoon.Launcher - [INFO] Downloading from google-maven-central: https://maven-central.storage-download.googleapis.com/maven2/net/minidev/parent/1.3.1/parent-1.3.1.pom
18:02:04.839 [Thread-6] DEBUG spoon.Launcher - [INFO] Downloaded from google-maven-central: https://maven-central.storage-download.googleapis.com/maven2/net/minidev/parent/1.3.1/parent-1.3.1.pom (8.5 kB at 88 kB/s)
18:02:04.841 [Thread-6] DEBUG spoon.Launcher - [INFO] Downloading from google-maven-central: https://maven-central.storage-download.googleapis.com/maven2/net/minidev/json-smart/2.0-RC1/json-smart-2.0-RC1.pom
18:02:04.992 [Thread-6] DEBUG spoon.Launcher - [INFO] Downloaded from google-maven-central: https://maven-central.storage-download.googleapis.com/maven2/net/minidev/json-smart/2.0-RC1/json-smart-2.0-RC1.pom (1.4 kB at 9.6 kB/s)
18:02:04.994 [Thread-6] DEBUG spoon.Launcher - [INFO] Downloading from google-maven-central: https://maven-central.storage-download.googleapis.com/maven2/net/minidev/parent/2.0-RC1/parent-2.0-RC1.pom
18:02:05.300 [Thread-6] DEBUG spoon.Launcher - [INFO] Downloaded from google-maven-central: https://maven-central.storage-download.googleapis.com/maven2/net/minidev/parent/2.0-RC1/parent-2.0-RC1.pom (11 kB at 36 kB/s)
18:02:05.303 [Thread-6] DEBUG spoon.Launcher - [INFO] Downloading from google-maven-central: https://maven-central.storage-download.googleapis.com/maven2/net/minidev/asm/1.0-RC1/asm-1.0-RC1.pom
18:02:05.500 [Thread-6] DEBUG spoon.Launcher - [INFO] Downloaded from google-maven-central: https://maven-central.storage-download.googleapis.com/maven2/net/minidev/asm/1.0-RC1/asm-1.0-RC1.pom (1.6 kB at 8.0 kB/s)
18:02:05.504 [Thread-6] DEBUG spoon.Launcher - [INFO] Downloading from google-maven-central: https://maven-central.storage-download.googleapis.com/maven2/net/minidev/json-smart/2.0-RC2/json-smart-2.0-RC2.pom
18:02:05.672 [Thread-6] DEBUG spoon.Launcher - [INFO] Downloaded from google-maven-central: https://maven-central.storage-download.googleapis.com/maven2/net/minidev/json-smart/2.0-RC2/json-smart-2.0-RC2.pom (1.4 kB at 8.4 kB/s)
18:02:05.674 [Thread-6] DEBUG spoon.Launcher - [INFO] Downloading from google-maven-central: https://maven-central.storage-download.googleapis.com/maven2/net/minidev/parent/2.0-RC2/parent-2.0-RC2.pom
18:02:05.861 [Thread-6] DEBUG spoon.Launcher - [INFO] Downloaded from google-maven-central: https://maven-central.storage-download.googleapis.com/maven2/net/minidev/parent/2.0-RC2/parent-2.0-RC2.pom (11 kB at 60 kB/s)
18:02:05.865 [Thread-6] DEBUG spoon.Launcher - [INFO] Downloading from google-maven-central: https://maven-central.storage-download.googleapis.com/maven2/net/minidev/json-smart/2.0-RC3/json-smart-2.0-RC3.pom
18:02:05.989 [Thread-6] DEBUG spoon.Launcher - [INFO] Downloaded from google-maven-central: https://maven-central.storage-download.googleapis.com/maven2/net/minidev/json-smart/2.0-RC3/json-smart-2.0-RC3.pom (1.4 kB at 11 kB/s)
18:02:05.991 [Thread-6] DEBUG spoon.Launcher - [INFO] Downloading from google-maven-central: https://maven-central.storage-download.googleapis.com/maven2/net/minidev/parent/2.0-RC3/parent-2.0-RC3.pom
18:02:06.139 [Thread-6] DEBUG spoon.Launcher - [INFO] Downloaded from google-maven-central: https://maven-central.storage-download.googleapis.com/maven2/net/minidev/parent/2.0-RC3/parent-2.0-RC3.pom (8.4 kB at 56 kB/s)
18:02:06.142 [Thread-6] DEBUG spoon.Launcher - [INFO] Downloading from google-maven-central: https://maven-central.storage-download.googleapis.com/maven2/net/minidev/asm/1.0-RC3/asm-1.0-RC3.pom
18:02:06.263 [Thread-6] DEBUG spoon.Launcher - [INFO] Downloaded from google-maven-central: https://maven-central.storage-download.googleapis.com/maven2/net/minidev/asm/1.0-RC3/asm-1.0-RC3.pom (1.6 kB at 13 kB/s)
18:02:06.267 [Thread-6] DEBUG spoon.Launcher - [INFO] Downloading from google-maven-central: https://maven-central.storage-download.googleapis.com/maven2/net/minidev/json-smart/2.0/json-smart-2.0.pom
18:02:06.429 [Thread-6] DEBUG spoon.Launcher - [INFO] Downloaded from google-maven-central: https://maven-central.storage-download.googleapis.com/maven2/net/minidev/json-smart/2.0/json-smart-2.0.pom (1.4 kB at 8.7 kB/s)
18:02:06.432 [Thread-6] DEBUG spoon.Launcher - [INFO] Downloading from google-maven-central: https://maven-central.storage-download.googleapis.com/maven2/net/minidev/parent/2.0/parent-2.0.pom
18:02:06.620 [Thread-6] DEBUG spoon.Launcher - [INFO] Downloaded from google-maven-central: https://maven-central.storage-download.googleapis.com/maven2/net/minidev/parent/2.0/parent-2.0.pom (8.6 kB at 46 kB/s)
18:02:06.624 [Thread-6] DEBUG spoon.Launcher - [INFO] Downloading from google-maven-central: https://maven-central.storage-download.googleapis.com/maven2/net/minidev/asm/1.0/asm-1.0.pom
18:02:06.725 [Thread-6] DEBUG spoon.Launcher - [INFO] Downloaded from google-maven-central: https://maven-central.storage-download.googleapis.com/maven2/net/minidev/asm/1.0/asm-1.0.pom (1.6 kB at 16 kB/s)
18:02:06.728 [Thread-6] DEBUG spoon.Launcher - [INFO] Downloading from google-maven-central: https://maven-central.storage-download.googleapis.com/maven2/net/minidev/json-smart/2.1.0/json-smart-2.1.0.pom
18:02:06.863 [Thread-6] DEBUG spoon.Launcher - [INFO] Downloaded from google-maven-central: https://maven-central.storage-download.googleapis.com/maven2/net/minidev/json-smart/2.1.0/json-smart-2.1.0.pom (2.2 kB at 16 kB/s)
18:02:06.867 [Thread-6] DEBUG spoon.Launcher - [INFO] Downloading from google-maven-central: https://maven-central.storage-download.googleapis.com/maven2/net/minidev/parent/2.1.0/parent-2.1.0.pom
18:02:07.025 [Thread-6] DEBUG spoon.Launcher - [INFO] Downloaded from google-maven-central: https://maven-central.storage-download.googleapis.com/maven2/net/minidev/parent/2.1.0/parent-2.1.0.pom (8.6 kB at 55 kB/s)
18:02:07.028 [Thread-6] DEBUG spoon.Launcher - [INFO] Downloading from google-maven-central: https://maven-central.storage-download.googleapis.com/maven2/net/minidev/asm/1.0.2/asm-1.0.2.pom
18:02:07.206 [Thread-6] DEBUG spoon.Launcher - [INFO] Downloaded from google-maven-central: https://maven-central.storage-download.googleapis.com/maven2/net/minidev/asm/1.0.2/asm-1.0.2.pom (1.8 kB at 10 kB/s)
18:02:07.209 [Thread-6] DEBUG spoon.Launcher - [INFO] Downloading from google-maven-central: https://maven-central.storage-download.googleapis.com/maven2/net/minidev/json-smart/2.1.1/json-smart-2.1.1.pom
18:02:07.366 [Thread-6] DEBUG spoon.Launcher - [INFO] Downloaded from google-maven-central: https://maven-central.storage-download.googleapis.com/maven2/net/minidev/json-smart/2.1.1/json-smart-2.1.1.pom (2.2 kB at 14 kB/s)
18:02:07.370 [Thread-6] DEBUG spoon.Launcher - [INFO] Downloading from google-maven-central: https://maven-central.storage-download.googleapis.com/maven2/net/minidev/json-smart/2.2/json-smart-2.2.pom
18:02:07.570 [Thread-6] DEBUG spoon.Launcher - [INFO] Downloaded from google-maven-central: https://maven-central.storage-download.googleapis.com/maven2/net/minidev/json-smart/2.2/json-smart-2.2.pom (2.3 kB at 12 kB/s)
18:02:07.574 [Thread-6] DEBUG spoon.Launcher - [INFO] Downloading from google-maven-central: https://maven-central.storage-download.googleapis.com/maven2/net/minidev/minidev-parent/2.2/minidev-parent-2.2.pom
18:02:07.787 [Thread-6] DEBUG spoon.Launcher - [INFO] Downloaded from google-maven-central: https://maven-central.storage-download.googleapis.com/maven2/net/minidev/minidev-parent/2.2/minidev-parent-2.2.pom (9.1 kB at 43 kB/s)
18:02:07.790 [Thread-6] DEBUG spoon.Launcher - [INFO] Downloading from google-maven-central: https://maven-central.storage-download.googleapis.com/maven2/net/minidev/accessors-smart/1.1/accessors-smart-1.1.pom
18:02:07.988 [Thread-6] DEBUG spoon.Launcher - [INFO] Downloaded from google-maven-central: https://maven-central.storage-download.googleapis.com/maven2/net/minidev/accessors-smart/1.1/accessors-smart-1.1.pom (2.1 kB at 11 kB/s)
18:02:07.990 [Thread-6] DEBUG spoon.Launcher - [INFO] Downloading from google-maven-central: https://maven-central.storage-download.googleapis.com/maven2/org/ow2/asm/asm/5.0.3/asm-5.0.3.pom
18:02:08.079 [Thread-6] DEBUG spoon.Launcher - [INFO] Downloaded from google-maven-central: https://maven-central.storage-download.googleapis.com/maven2/org/ow2/asm/asm/5.0.3/asm-5.0.3.pom (1.9 kB at 22 kB/s)
18:02:08.080 [Thread-6] DEBUG spoon.Launcher - [INFO] Downloading from google-maven-central: https://maven-central.storage-download.googleapis.com/maven2/org/ow2/asm/asm-parent/5.0.3/asm-parent-5.0.3.pom
18:02:08.185 [Thread-6] DEBUG spoon.Launcher - [INFO] Downloaded from google-maven-central: https://maven-central.storage-download.googleapis.com/maven2/org/ow2/asm/asm-parent/5.0.3/asm-parent-5.0.3.pom (5.5 kB at 52 kB/s)
18:02:08.187 [Thread-6] DEBUG spoon.Launcher - [INFO] Downloading from google-maven-central: https://maven-central.storage-download.googleapis.com/maven2/org/ow2/ow2/1.3/ow2-1.3.pom
18:02:08.308 [Thread-6] DEBUG spoon.Launcher - [INFO] Downloaded from google-maven-central: https://maven-central.storage-download.googleapis.com/maven2/org/ow2/ow2/1.3/ow2-1.3.pom (9.5 kB at 79 kB/s)
18:02:08.311 [Thread-6] DEBUG spoon.Launcher - [INFO] Downloading from google-maven-central: https://maven-central.storage-download.googleapis.com/maven2/net/minidev/json-smart/2.2.1/json-smart-2.2.1.pom
18:02:08.499 [Thread-6] DEBUG spoon.Launcher - [INFO] Downloaded from google-maven-central: https://maven-central.storage-download.googleapis.com/maven2/net/minidev/json-smart/2.2.1/json-smart-2.2.1.pom (12 kB at 64 kB/s)
18:02:08.502 [Thread-6] DEBUG spoon.Launcher - [INFO] Downloading from google-maven-central: https://maven-central.storage-download.googleapis.com/maven2/net/minidev/json-smart/2.3/json-smart-2.3.pom
18:02:08.620 [Thread-6] DEBUG spoon.Launcher - [INFO] Downloaded from google-maven-central: https://maven-central.storage-download.googleapis.com/maven2/net/minidev/json-smart/2.3/json-smart-2.3.pom (9.0 kB at 76 kB/s)
18:02:08.622 [Thread-6] DEBUG spoon.Launcher - [INFO] Downloading from google-maven-central: https://maven-central.storage-download.googleapis.com/maven2/net/minidev/minidev-parent/2.3/minidev-parent-2.3.pom
18:02:08.700 [Thread-6] DEBUG spoon.Launcher - [INFO] Downloaded from google-maven-central: https://maven-central.storage-download.googleapis.com/maven2/net/minidev/minidev-parent/2.3/minidev-parent-2.3.pom (8.5 kB at 107 kB/s)
18:02:08.703 [Thread-6] DEBUG spoon.Launcher - [INFO] Downloading from google-maven-central: https://maven-central.storage-download.googleapis.com/maven2/net/minidev/accessors-smart/1.2/accessors-smart-1.2.pom
18:02:08.789 [Thread-6] DEBUG spoon.Launcher - [INFO] Downloaded from google-maven-central: https://maven-central.storage-download.googleapis.com/maven2/net/minidev/accessors-smart/1.2/accessors-smart-1.2.pom (12 kB at 136 kB/s)
18:02:08.791 [Thread-6] DEBUG spoon.Launcher - [INFO] Downloading from google-maven-central: https://maven-central.storage-download.googleapis.com/maven2/org/ow2/asm/asm/5.0.4/asm-5.0.4.pom
18:02:08.871 [Thread-6] DEBUG spoon.Launcher - [INFO] Downloaded from google-maven-central: https://maven-central.storage-download.googleapis.com/maven2/org/ow2/asm/asm/5.0.4/asm-5.0.4.pom (1.9 kB at 24 kB/s)
18:02:08.872 [Thread-6] DEBUG spoon.Launcher - [INFO] Downloading from google-maven-central: https://maven-central.storage-download.googleapis.com/maven2/org/ow2/asm/asm-parent/5.0.4/asm-parent-5.0.4.pom
18:02:08.964 [Thread-6] DEBUG spoon.Launcher - [INFO] Downloaded from google-maven-central: https://maven-central.storage-download.googleapis.com/maven2/org/ow2/asm/asm-parent/5.0.4/asm-parent-5.0.4.pom (5.5 kB at 60 kB/s)
18:02:08.967 [Thread-6] DEBUG spoon.Launcher - [INFO] Downloading from google-maven-central: https://maven-central.storage-download.googleapis.com/maven2/com/nimbusds/lang-tag/maven-metadata.xml
18:02:08.968 [Thread-6] DEBUG spoon.Launcher - [INFO] Downloading from sonatype: https://oss.sonatype.org/content/repositories/releases/com/nimbusds/lang-tag/maven-metadata.xml
18:02:08.970 [Thread-6] DEBUG spoon.Launcher - [INFO] Downloading from sonatype-snapshots: https://oss.sonatype.org/content/repositories/snapshots/com/nimbusds/lang-tag/maven-metadata.xml
18:02:08.971 [Thread-6] DEBUG spoon.Launcher - [INFO] Downloading from sonatype-apache: https://repository.apache.org/content/repositories/releases/com/nimbusds/lang-tag/maven-metadata.xml
18:02:09.038 [Thread-6] DEBUG spoon.Launcher - [INFO] Downloading from apache-snapshots: https://repository.apache.org/snapshots/com/nimbusds/lang-tag/maven-metadata.xml
18:02:09.072 [Thread-6] DEBUG spoon.Launcher - [INFO] Downloaded from google-maven-central: https://maven-central.storage-download.googleapis.com/maven2/com/nimbusds/lang-tag/maven-metadata.xml (563 B at 5.4 kB/s)
18:02:09.073 [Thread-6] DEBUG spoon.Launcher - [INFO] Downloading from sonatype-nexus-snapshots: https://oss.sonatype.org/content/repositories/snapshots/com/nimbusds/lang-tag/maven-metadata.xml
18:02:09.084 [Thread-6] DEBUG spoon.Launcher - [INFO] Downloaded from sonatype: https://oss.sonatype.org/content/repositories/releases/com/nimbusds/lang-tag/maven-metadata.xml (563 B at 4.9 kB/s)
18:02:09.394 [Thread-6] DEBUG spoon.Launcher - [INFO] Downloading from google-maven-central: https://maven-central.storage-download.googleapis.com/maven2/com/nimbusds/lang-tag/1.4.3/lang-tag-1.4.3.pom
18:02:09.592 [Thread-6] DEBUG spoon.Launcher - [INFO] Downloaded from google-maven-central: https://maven-central.storage-download.googleapis.com/maven2/com/nimbusds/lang-tag/1.4.3/lang-tag-1.4.3.pom (7.5 kB at 38 kB/s)
18:02:09.596 [Thread-6] DEBUG spoon.Launcher - [INFO] Downloading from google-maven-central: https://maven-central.storage-download.googleapis.com/maven2/com/nimbusds/lang-tag/1.4.4/lang-tag-1.4.4.pom
18:02:09.713 [Thread-6] DEBUG spoon.Launcher - [INFO] Downloaded from google-maven-central: https://maven-central.storage-download.googleapis.com/maven2/com/nimbusds/lang-tag/1.4.4/lang-tag-1.4.4.pom (9.5 kB at 81 kB/s)
18:02:09.715 [Thread-6] DEBUG spoon.Launcher - [INFO] Downloading from google-maven-central: https://maven-central.storage-download.googleapis.com/maven2/com/nimbusds/lang-tag/1.5/lang-tag-1.5.pom
18:02:09.836 [Thread-6] DEBUG spoon.Launcher - [INFO] Downloaded from google-maven-central: https://maven-central.storage-download.googleapis.com/maven2/com/nimbusds/lang-tag/1.5/lang-tag-1.5.pom (9.2 kB at 76 kB/s)
18:02:09.839 [Thread-6] DEBUG spoon.Launcher - [INFO] Downloading from google-maven-central: https://maven-central.storage-download.googleapis.com/maven2/com/nimbusds/nimbus-jose-jwt/4.35/nimbus-jose-jwt-4.35.pom
18:02:10.133 [Thread-6] DEBUG spoon.Launcher - [INFO] Downloaded from google-maven-central: https://maven-central.storage-download.googleapis.com/maven2/com/nimbusds/nimbus-jose-jwt/4.35/nimbus-jose-jwt-4.35.pom (13 kB at 45 kB/s)
18:02:10.137 [Thread-6] DEBUG spoon.Launcher - [INFO] Downloading from google-maven-central: https://maven-central.storage-download.googleapis.com/maven2/org/bouncycastle/bcpkix-jdk15on/1.55/bcpkix-jdk15on-1.55.pom
18:02:10.230 [Thread-6] DEBUG spoon.Launcher - [INFO] Downloaded from google-maven-central: https://maven-central.storage-download.googleapis.com/maven2/org/bouncycastle/bcpkix-jdk15on/1.55/bcpkix-jdk15on-1.55.pom (1.5 kB at 16 kB/s)
18:02:10.233 [Thread-6] DEBUG spoon.Launcher - [INFO] Downloading from google-maven-central: https://maven-central.storage-download.googleapis.com/maven2/org/bouncycastle/bcprov-jdk15on/1.55/bcprov-jdk15on-1.55.pom
18:02:10.365 [Thread-6] DEBUG spoon.Launcher - [INFO] Downloaded from google-maven-central: https://maven-central.storage-download.googleapis.com/maven2/org/bouncycastle/bcprov-jdk15on/1.55/bcprov-jdk15on-1.55.pom (1.2 kB at 8.8 kB/s)
18:02:10.368 [Thread-6] DEBUG spoon.Launcher - [INFO] Downloading from google-maven-central: https://maven-central.storage-download.googleapis.com/maven2/org/pac4j/pac4j-ldap/3.0.0/pac4j-ldap-3.0.0.pom
18:02:10.600 [Thread-6] DEBUG spoon.Launcher - [INFO] Downloaded from google-maven-central: https://maven-central.storage-download.googleapis.com/maven2/org/pac4j/pac4j-ldap/3.0.0/pac4j-ldap-3.0.0.pom (3.7 kB at 16 kB/s)
18:02:10.604 [Thread-6] DEBUG spoon.Launcher - [INFO] Downloading from google-maven-central: https://maven-central.storage-download.googleapis.com/maven2/org/ldaptive/ldaptive/1.2.3/ldaptive-1.2.3.pom
18:02:11.167 [Thread-6] DEBUG spoon.Launcher - [INFO] Downloaded from google-maven-central: https://maven-central.storage-download.googleapis.com/maven2/org/ldaptive/ldaptive/1.2.3/ldaptive-1.2.3.pom (1.1 kB at 1.9 kB/s)
18:02:11.170 [Thread-6] DEBUG spoon.Launcher - [INFO] Downloading from google-maven-central: https://maven-central.storage-download.googleapis.com/maven2/org/ldaptive/ldaptive-parent/1.2.3/ldaptive-parent-1.2.3.pom
18:02:11.384 [Thread-6] DEBUG spoon.Launcher - [INFO] Downloaded from google-maven-central: https://maven-central.storage-download.googleapis.com/maven2/org/ldaptive/ldaptive-parent/1.2.3/ldaptive-parent-1.2.3.pom (20 kB at 92 kB/s)
18:02:11.392 [Thread-6] DEBUG spoon.Launcher - [INFO] Downloading from google-maven-central: https://maven-central.storage-download.googleapis.com/maven2/commons-cli/commons-cli/1.4/commons-cli-1.4.pom
18:02:11.511 [Thread-6] DEBUG spoon.Launcher - [INFO] Downloaded from google-maven-central: https://maven-central.storage-download.googleapis.com/maven2/commons-cli/commons-cli/1.4/commons-cli-1.4.pom (11 kB at 90 kB/s)
18:02:11.516 [Thread-6] DEBUG spoon.Launcher - [INFO] Downloading from google-maven-central: https://maven-central.storage-download.googleapis.com/maven2/org/pac4j/pac4j-http/3.0.0/pac4j-http-3.0.0.pom
18:02:11.811 [Thread-6] DEBUG spoon.Launcher - [INFO] Downloaded from google-maven-central: https://maven-central.storage-download.googleapis.com/maven2/org/pac4j/pac4j-http/3.0.0/pac4j-http-3.0.0.pom (4.3 kB at 15 kB/s)
18:02:11.814 [Thread-6] DEBUG spoon.Launcher - [INFO] Downloading from google-maven-central: https://maven-central.storage-download.googleapis.com/maven2/com/zaxxer/HikariCP/2.6.1/HikariCP-2.6.1.pom
18:02:11.943 [Thread-6] DEBUG spoon.Launcher - [INFO] Downloaded from google-maven-central: https://maven-central.storage-download.googleapis.com/maven2/com/zaxxer/HikariCP/2.6.1/HikariCP-2.6.1.pom (18 kB at 141 kB/s)
18:02:11.947 [Thread-6] DEBUG spoon.Launcher - [INFO] Downloading from google-maven-central: https://maven-central.storage-download.googleapis.com/maven2/org/pac4j/pac4j-sql/3.0.0/pac4j-sql-3.0.0.pom
18:02:12.173 [Thread-6] DEBUG spoon.Launcher - [INFO] Downloaded from google-maven-central: https://maven-central.storage-download.googleapis.com/maven2/org/pac4j/pac4j-sql/3.0.0/pac4j-sql-3.0.0.pom (3.8 kB at 17 kB/s)
18:02:12.177 [Thread-6] DEBUG spoon.Launcher - [INFO] Downloading from google-maven-central: https://maven-central.storage-download.googleapis.com/maven2/org/jdbi/jdbi/2.78/jdbi-2.78.pom
18:02:12.468 [Thread-6] DEBUG spoon.Launcher - [INFO] Downloaded from google-maven-central: https://maven-central.storage-download.googleapis.com/maven2/org/jdbi/jdbi/2.78/jdbi-2.78.pom (11 kB at 38 kB/s)
18:02:12.470 [Thread-6] DEBUG spoon.Launcher - [INFO] Downloading from google-maven-central: https://maven-central.storage-download.googleapis.com/maven2/org/basepom/basepom-oss/19/basepom-oss-19.pom
18:02:12.930 [Thread-6] DEBUG spoon.Launcher - [INFO] Downloaded from google-maven-central: https://maven-central.storage-download.googleapis.com/maven2/org/basepom/basepom-oss/19/basepom-oss-19.pom (9.6 kB at 21 kB/s)
18:02:12.932 [Thread-6] DEBUG spoon.Launcher - [INFO] Downloading from google-maven-central: https://maven-central.storage-download.googleapis.com/maven2/org/basepom/basepom-minimal/19/basepom-minimal-19.pom
18:02:13.089 [Thread-6] DEBUG spoon.Launcher - [INFO] Downloaded from google-maven-central: https://maven-central.storage-download.googleapis.com/maven2/org/basepom/basepom-minimal/19/basepom-minimal-19.pom (12 kB at 74 kB/s)
18:02:13.091 [Thread-6] DEBUG spoon.Launcher - [INFO] Downloading from google-maven-central: https://maven-central.storage-download.googleapis.com/maven2/org/basepom/basepom-foundation/19/basepom-foundation-19.pom
18:02:13.305 [Thread-6] DEBUG spoon.Launcher - [INFO] Downloaded from google-maven-central: https://maven-central.storage-download.googleapis.com/maven2/org/basepom/basepom-foundation/19/basepom-foundation-19.pom (47 kB at 222 kB/s)
18:02:13.311 [Thread-6] DEBUG spoon.Launcher - [INFO] Downloading from google-maven-central: https://maven-central.storage-download.googleapis.com/maven2/org/springframework/security/spring-security-crypto/4.2.2.RELEASE/spring-security-crypto-4.2.2.RELEASE.pom
18:02:13.502 [Thread-6] DEBUG spoon.Launcher - [INFO] Downloaded from google-maven-central: https://maven-central.storage-download.googleapis.com/maven2/org/springframework/security/spring-security-crypto/4.2.2.RELEASE/spring-security-crypto-4.2.2.RELEASE.pom (3.4 kB at 17 kB/s)
18:02:13.505 [Thread-6] DEBUG spoon.Launcher - [INFO] Downloading from google-maven-central: https://maven-central.storage-download.googleapis.com/maven2/org/springframework/spring-framework-bom/4.3.5.RELEASE/spring-framework-bom-4.3.5.RELEASE.pom
18:02:13.661 [Thread-6] DEBUG spoon.Launcher - [INFO] Downloaded from google-maven-central: https://maven-central.storage-download.googleapis.com/maven2/org/springframework/spring-framework-bom/4.3.5.RELEASE/spring-framework-bom-4.3.5.RELEASE.pom (5.1 kB at 33 kB/s)
18:02:13.664 [Thread-6] DEBUG spoon.Launcher - [INFO] Downloading from google-maven-central: https://maven-central.storage-download.googleapis.com/maven2/org/apache/shiro/shiro-core/1.3.2/shiro-core-1.3.2.pom
18:02:13.974 [Thread-6] DEBUG spoon.Launcher - [INFO] Downloaded from google-maven-central: https://maven-central.storage-download.googleapis.com/maven2/org/apache/shiro/shiro-core/1.3.2/shiro-core-1.3.2.pom (4.2 kB at 14 kB/s)
18:02:13.976 [Thread-6] DEBUG spoon.Launcher - [INFO] Downloading from google-maven-central: https://maven-central.storage-download.googleapis.com/maven2/org/apache/shiro/shiro-root/1.3.2/shiro-root-1.3.2.pom
18:02:14.186 [Thread-6] DEBUG spoon.Launcher - [INFO] Downloaded from google-maven-central: https://maven-central.storage-download.googleapis.com/maven2/org/apache/shiro/shiro-root/1.3.2/shiro-root-1.3.2.pom (46 kB at 218 kB/s)
18:02:14.191 [Thread-6] DEBUG spoon.Launcher - [INFO] Downloading from google-maven-central: https://maven-central.storage-download.googleapis.com/maven2/commons-beanutils/commons-beanutils/1.8.3/commons-beanutils-1.8.3.pom
18:02:14.266 [Thread-6] DEBUG spoon.Launcher - [INFO] Downloaded from google-maven-central: https://maven-central.storage-download.googleapis.com/maven2/commons-beanutils/commons-beanutils/1.8.3/commons-beanutils-1.8.3.pom (11 kB at 149 kB/s)
18:02:14.268 [Thread-6] DEBUG spoon.Launcher - [INFO] Downloading from google-maven-central: https://maven-central.storage-download.googleapis.com/maven2/org/apache/commons/commons-parent/14/commons-parent-14.pom
18:02:14.399 [Thread-6] DEBUG spoon.Launcher - [INFO] Downloaded from google-maven-central: https://maven-central.storage-download.googleapis.com/maven2/org/apache/commons/commons-parent/14/commons-parent-14.pom (31 kB at 241 kB/s)
18:02:14.405 [Thread-6] DEBUG spoon.Launcher - [INFO] Downloading from google-maven-central: https://maven-central.storage-download.googleapis.com/maven2/junit/junit/4.12/junit-4.12.pom
18:02:14.436 [Thread-6] DEBUG spoon.Launcher - [INFO] Downloaded from google-maven-central: https://maven-central.storage-download.googleapis.com/maven2/junit/junit/4.12/junit-4.12.pom (24 kB at 740 kB/s)
18:02:14.440 [Thread-6] DEBUG spoon.Launcher - [INFO] Downloading from google-maven-central: https://maven-central.storage-download.googleapis.com/maven2/ch/qos/logback/logback-classic/1.2.2/logback-classic-1.2.2.pom
18:02:14.636 [Thread-6] DEBUG spoon.Launcher - [INFO] Downloaded from google-maven-central: https://maven-central.storage-download.googleapis.com/maven2/ch/qos/logback/logback-classic/1.2.2/logback-classic-1.2.2.pom (13 kB at 67 kB/s)
18:02:14.638 [Thread-6] DEBUG spoon.Launcher - [INFO] Downloading from google-maven-central: https://maven-central.storage-download.googleapis.com/maven2/ch/qos/logback/logback-parent/1.2.2/logback-parent-1.2.2.pom
18:02:14.829 [Thread-6] DEBUG spoon.Launcher - [INFO] Downloaded from google-maven-central: https://maven-central.storage-download.googleapis.com/maven2/ch/qos/logback/logback-parent/1.2.2/logback-parent-1.2.2.pom (18 kB at 94 kB/s)
18:02:14.833 [Thread-6] DEBUG spoon.Launcher - [INFO] Downloading from google-maven-central: https://maven-central.storage-download.googleapis.com/maven2/ch/qos/logback/logback-core/1.2.2/logback-core-1.2.2.pom
18:02:14.998 [Thread-6] DEBUG spoon.Launcher - [INFO] Downloaded from google-maven-central: https://maven-central.storage-download.googleapis.com/maven2/ch/qos/logback/logback-core/1.2.2/logback-core-1.2.2.pom (4.2 kB at 25 kB/s)
18:02:15.005 [Thread-6] DEBUG spoon.Launcher - [INFO] Downloading from google-maven-central: https://maven-central.storage-download.googleapis.com/maven2/com/unboundid/unboundid-ldapsdk/3.2.1/unboundid-ldapsdk-3.2.1.pom
18:02:15.508 [Thread-6] DEBUG spoon.Launcher - [INFO] Downloaded from google-maven-central: https://maven-central.storage-download.googleapis.com/maven2/com/unboundid/unboundid-ldapsdk/3.2.1/unboundid-ldapsdk-3.2.1.pom (3.1 kB at 6.1 kB/s)
18:02:15.541 [Thread-6] DEBUG spoon.Launcher - [INFO] Downloading from google-maven-central: https://maven-central.storage-download.googleapis.com/maven2/org/pac4j/pac4j-core/3.0.0/pac4j-core-3.0.0.jar
18:02:15.542 [Thread-6] DEBUG spoon.Launcher - [INFO] Downloading from google-maven-central: https://maven-central.storage-download.googleapis.com/maven2/org/pac4j/pac4j-cas/3.0.0/pac4j-cas-3.0.0.jar
18:02:15.544 [Thread-6] DEBUG spoon.Launcher - [INFO] Downloading from google-maven-central: https://maven-central.storage-download.googleapis.com/maven2/org/jasig/cas/client/cas-client-core/3.5.0/cas-client-core-3.5.0.jar
18:02:15.544 [Thread-6] DEBUG spoon.Launcher - [INFO] Downloading from google-maven-central: https://maven-central.storage-download.googleapis.com/maven2/org/jasig/cas/client/cas-client-support-saml/3.5.0/cas-client-support-saml-3.5.0.jar
18:02:15.559 [Thread-6] DEBUG spoon.Launcher - [INFO] Downloading from google-maven-central: https://maven-central.storage-download.googleapis.com/maven2/com/google/guava/guava/21.0/guava-21.0.jar
18:02:15.744 [Thread-6] DEBUG spoon.Launcher - [INFO] Downloaded from google-maven-central: https://maven-central.storage-download.googleapis.com/maven2/org/jasig/cas/client/cas-client-core/3.5.0/cas-client-core-3.5.0.jar (150 kB at 742 kB/s)
18:02:15.744 [Thread-6] DEBUG spoon.Launcher - [INFO] Downloading from google-maven-central: https://maven-central.storage-download.googleapis.com/maven2/org/pac4j/pac4j-saml/3.0.0/pac4j-saml-3.0.0.jar
18:02:15.756 [Thread-6] DEBUG spoon.Launcher - [INFO] Downloaded from google-maven-central: https://maven-central.storage-download.googleapis.com/maven2/org/jasig/cas/client/cas-client-support-saml/3.5.0/cas-client-support-saml-3.5.0.jar (12 kB at 59 kB/s)
18:02:15.756 [Thread-6] DEBUG spoon.Launcher - [INFO] Downloading from google-maven-central: https://maven-central.storage-download.googleapis.com/maven2/org/opensaml/opensaml-core/3.3.1/opensaml-core-3.3.1.jar
18:02:15.762 [Thread-6] DEBUG spoon.Launcher - [INFO] Downloaded from google-maven-central: https://maven-central.storage-download.googleapis.com/maven2/com/google/guava/guava/21.0/guava-21.0.jar (2.5 MB at 12 MB/s)
18:02:15.762 [Thread-6] DEBUG spoon.Launcher - [INFO] Downloading from google-maven-central: https://maven-central.storage-download.googleapis.com/maven2/io/dropwizard/metrics/metrics-core/3.1.2/metrics-core-3.1.2.jar
18:02:15.763 [Thread-6] DEBUG spoon.Launcher - [INFO] Downloaded from google-maven-central: https://maven-central.storage-download.googleapis.com/maven2/org/pac4j/pac4j-core/3.0.0/pac4j-core-3.0.0.jar (198 kB at 888 kB/s)
18:02:15.763 [Thread-6] DEBUG spoon.Launcher - [INFO] Downloading from google-maven-central: https://maven-central.storage-download.googleapis.com/maven2/net/shibboleth/utilities/java-support/7.3.0/java-support-7.3.0.jar
18:02:15.785 [Thread-6] DEBUG spoon.Launcher - [INFO] Downloaded from google-maven-central: https://maven-central.storage-download.googleapis.com/maven2/org/pac4j/pac4j-cas/3.0.0/pac4j-cas-3.0.0.jar (43 kB at 175 kB/s)
18:02:15.785 [Thread-6] DEBUG spoon.Launcher - [INFO] Downloading from google-maven-central: https://maven-central.storage-download.googleapis.com/maven2/com/google/code/findbugs/jsr305/3.0.1/jsr305-3.0.1.jar
18:02:15.870 [Thread-6] DEBUG spoon.Launcher - [INFO] Downloaded from google-maven-central: https://maven-central.storage-download.googleapis.com/maven2/com/google/code/findbugs/jsr305/3.0.1/jsr305-3.0.1.jar (20 kB at 62 kB/s)
18:02:15.870 [Thread-6] DEBUG spoon.Launcher - [INFO] Downloading from google-maven-central: https://maven-central.storage-download.googleapis.com/maven2/org/opensaml/opensaml-saml-api/3.3.1/opensaml-saml-api-3.3.1.jar
18:02:15.889 [Thread-6] DEBUG spoon.Launcher - [INFO] Downloaded from google-maven-central: https://maven-central.storage-download.googleapis.com/maven2/io/dropwizard/metrics/metrics-core/3.1.2/metrics-core-3.1.2.jar (113 kB at 327 kB/s)
18:02:15.889 [Thread-6] DEBUG spoon.Launcher - [INFO] Downloading from google-maven-central: https://maven-central.storage-download.googleapis.com/maven2/org/opensaml/opensaml-storage-api/3.3.1/opensaml-storage-api-3.3.1.jar
18:02:15.891 [Thread-6] DEBUG spoon.Launcher - [INFO] Downloaded from google-maven-central: https://maven-central.storage-download.googleapis.com/maven2/org/opensaml/opensaml-core/3.3.1/opensaml-core-3.3.1.jar (178 kB at 515 kB/s)
18:02:15.891 [Thread-6] DEBUG spoon.Launcher - [INFO] Downloading from google-maven-central: https://maven-central.storage-download.googleapis.com/maven2/org/opensaml/opensaml-saml-impl/3.3.1/opensaml-saml-impl-3.3.1.jar
18:02:15.934 [Thread-6] DEBUG spoon.Launcher - [INFO] Downloaded from google-maven-central: https://maven-central.storage-download.googleapis.com/maven2/org/pac4j/pac4j-saml/3.0.0/pac4j-saml-3.0.0.jar (126 kB at 323 kB/s)
18:02:15.935 [Thread-6] DEBUG spoon.Launcher - [INFO] Downloading from google-maven-central: https://maven-central.storage-download.googleapis.com/maven2/org/opensaml/opensaml-soap-impl/3.3.1/opensaml-soap-impl-3.3.1.jar
18:02:16.004 [Thread-6] DEBUG spoon.Launcher - [INFO] Downloaded from google-maven-central: https://maven-central.storage-download.googleapis.com/maven2/net/shibboleth/utilities/java-support/7.3.0/java-support-7.3.0.jar (233 kB at 508 kB/s)
18:02:16.004 [Thread-6] DEBUG spoon.Launcher - [INFO] Downloading from google-maven-central: https://maven-central.storage-download.googleapis.com/maven2/org/apache/httpcomponents/httpclient/4.3.6/httpclient-4.3.6.jar
18:02:16.094 [Thread-6] DEBUG spoon.Launcher - [INFO] Downloaded from google-maven-central: https://maven-central.storage-download.googleapis.com/maven2/org/opensaml/opensaml-storage-api/3.3.1/opensaml-storage-api-3.3.1.jar (24 kB at 43 kB/s)
18:02:16.095 [Thread-6] DEBUG spoon.Launcher - [INFO] Downloading from google-maven-central: https://maven-central.storage-download.googleapis.com/maven2/org/apache/httpcomponents/httpcore/4.3.3/httpcore-4.3.3.jar
18:02:16.116 [Thread-6] DEBUG spoon.Launcher - [INFO] Downloaded from google-maven-central: https://maven-central.storage-download.googleapis.com/maven2/org/opensaml/opensaml-saml-impl/3.3.1/opensaml-saml-impl-3.3.1.jar (1.1 MB at 2.0 MB/s)
18:02:16.117 [Thread-6] DEBUG spoon.Launcher - [INFO] Downloading from google-maven-central: https://maven-central.storage-download.googleapis.com/maven2/org/opensaml/opensaml-soap-api/3.3.1/opensaml-soap-api-3.3.1.jar
18:02:16.119 [Thread-6] DEBUG spoon.Launcher - [INFO] Downloaded from google-maven-central: https://maven-central.storage-download.googleapis.com/maven2/org/opensaml/opensaml-saml-api/3.3.1/opensaml-saml-api-3.3.1.jar (400 kB at 698 kB/s)
18:02:16.119 [Thread-6] DEBUG spoon.Launcher - [INFO] Downloading from google-maven-central: https://maven-central.storage-download.googleapis.com/maven2/org/opensaml/opensaml-xmlsec-api/3.3.1/opensaml-xmlsec-api-3.3.1.jar
18:02:16.165 [Thread-6] DEBUG spoon.Launcher - [INFO] Downloaded from google-maven-central: https://maven-central.storage-download.googleapis.com/maven2/org/opensaml/opensaml-soap-impl/3.3.1/opensaml-soap-impl-3.3.1.jar (401 kB at 646 kB/s)
18:02:16.165 [Thread-6] DEBUG spoon.Launcher - [INFO] Downloading from google-maven-central: https://maven-central.storage-download.googleapis.com/maven2/org/opensaml/opensaml-security-api/3.3.1/opensaml-security-api-3.3.1.jar
18:02:16.178 [Thread-6] DEBUG spoon.Launcher - [INFO] Downloaded from google-maven-central: https://maven-central.storage-download.googleapis.com/maven2/org/apache/httpcomponents/httpcore/4.3.3/httpcore-4.3.3.jar (283 kB at 447 kB/s)
18:02:16.178 [Thread-6] DEBUG spoon.Launcher - [INFO] Downloading from google-maven-central: https://maven-central.storage-download.googleapis.com/maven2/org/apache/santuario/xmlsec/2.0.5/xmlsec-2.0.5.jar
18:02:16.187 [Thread-6] DEBUG spoon.Launcher - [INFO] Downloaded from google-maven-central: https://maven-central.storage-download.googleapis.com/maven2/org/apache/httpcomponents/httpclient/4.3.6/httpclient-4.3.6.jar (592 kB at 924 kB/s)
18:02:16.187 [Thread-6] DEBUG spoon.Launcher - [INFO] Downloading from google-maven-central: https://maven-central.storage-download.googleapis.com/maven2/org/codehaus/woodstox/woodstox-core-asl/4.4.1/woodstox-core-asl-4.4.1.jar
18:02:16.308 [Thread-6] DEBUG spoon.Launcher - [INFO] Downloaded from google-maven-central: https://maven-central.storage-download.googleapis.com/maven2/org/opensaml/opensaml-soap-api/3.3.1/opensaml-soap-api-3.3.1.jar (162 kB at 213 kB/s)
18:02:16.308 [Thread-6] DEBUG spoon.Launcher - [INFO] Downloading from google-maven-central: https://maven-central.storage-download.googleapis.com/maven2/javax/xml/stream/stax-api/1.0-2/stax-api-1.0-2.jar
18:02:16.370 [Thread-6] DEBUG spoon.Launcher - [INFO] Downloaded from google-maven-central: https://maven-central.storage-download.googleapis.com/maven2/org/codehaus/woodstox/woodstox-core-asl/4.4.1/woodstox-core-asl-4.4.1.jar (486 kB at 589 kB/s)
18:02:16.370 [Thread-6] DEBUG spoon.Launcher - [INFO] Downloading from google-maven-central: https://maven-central.storage-download.googleapis.com/maven2/org/codehaus/woodstox/stax2-api/3.1.4/stax2-api-3.1.4.jar
18:02:16.415 [Thread-6] DEBUG spoon.Launcher - [INFO] Downloaded from google-maven-central: https://maven-central.storage-download.googleapis.com/maven2/org/opensaml/opensaml-xmlsec-api/3.3.1/opensaml-xmlsec-api-3.3.1.jar (210 kB at 241 kB/s)
18:02:16.416 [Thread-6] DEBUG spoon.Launcher - [INFO] Downloading from google-maven-central: https://maven-central.storage-download.googleapis.com/maven2/org/bouncycastle/bcprov-jdk15on/1.54/bcprov-jdk15on-1.54.jar
18:02:16.441 [Thread-6] DEBUG spoon.Launcher - [INFO] Downloaded from google-maven-central: https://maven-central.storage-download.googleapis.com/maven2/org/apache/santuario/xmlsec/2.0.5/xmlsec-2.0.5.jar (1.1 MB at 1.3 MB/s)
18:02:16.441 [Thread-6] DEBUG spoon.Launcher - [INFO] Downloading from google-maven-central: https://maven-central.storage-download.googleapis.com/maven2/org/opensaml/opensaml-security-impl/3.3.1/opensaml-security-impl-3.3.1.jar
18:02:16.444 [Thread-6] DEBUG spoon.Launcher - [INFO] Downloaded from google-maven-central: https://maven-central.storage-download.googleapis.com/maven2/javax/xml/stream/stax-api/1.0-2/stax-api-1.0-2.jar (23 kB at 26 kB/s)
18:02:16.444 [Thread-6] DEBUG spoon.Launcher - [INFO] Downloading from google-maven-central: https://maven-central.storage-download.googleapis.com/maven2/org/opensaml/opensaml-profile-api/3.3.1/opensaml-profile-api-3.3.1.jar
18:02:16.469 [Thread-6] DEBUG spoon.Launcher - [INFO] Downloaded from google-maven-central: https://maven-central.storage-download.googleapis.com/maven2/org/opensaml/opensaml-security-api/3.3.1/opensaml-security-api-3.3.1.jar (61 kB at 66 kB/s)
18:02:16.469 [Thread-6] DEBUG spoon.Launcher - [INFO] Downloading from google-maven-central: https://maven-central.storage-download.googleapis.com/maven2/org/opensaml/opensaml-profile-impl/3.3.1/opensaml-profile-impl-3.3.1.jar
18:02:16.478 [Thread-6] DEBUG spoon.Launcher - [INFO] Downloaded from google-maven-central: https://maven-central.storage-download.googleapis.com/maven2/org/codehaus/woodstox/stax2-api/3.1.4/stax2-api-3.1.4.jar (162 kB at 174 kB/s)
18:02:16.478 [Thread-6] DEBUG spoon.Launcher - [INFO] Downloading from google-maven-central: https://maven-central.storage-download.googleapis.com/maven2/org/opensaml/opensaml-messaging-api/3.3.1/opensaml-messaging-api-3.3.1.jar
18:02:16.658 [Thread-6] DEBUG spoon.Launcher - [INFO] Downloaded from google-maven-central: https://maven-central.storage-download.googleapis.com/maven2/org/bouncycastle/bcprov-jdk15on/1.54/bcprov-jdk15on-1.54.jar (3.3 MB at 2.9 MB/s)
18:02:16.658 [Thread-6] DEBUG spoon.Launcher - [INFO] Downloading from google-maven-central: https://maven-central.storage-download.googleapis.com/maven2/org/opensaml/opensaml-messaging-impl/3.3.1/opensaml-messaging-impl-3.3.1.jar
18:02:16.660 [Thread-6] DEBUG spoon.Launcher - [INFO] Downloaded from google-maven-central: https://maven-central.storage-download.googleapis.com/maven2/org/opensaml/opensaml-profile-api/3.3.1/opensaml-profile-api-3.3.1.jar (27 kB at 24 kB/s)
18:02:16.661 [Thread-6] DEBUG spoon.Launcher - [INFO] Downloading from google-maven-central: https://maven-central.storage-download.googleapis.com/maven2/org/opensaml/opensaml-xmlsec-impl/3.3.1/opensaml-xmlsec-impl-3.3.1.jar
18:02:16.682 [Thread-6] DEBUG spoon.Launcher - [INFO] Downloaded from google-maven-central: https://maven-central.storage-download.googleapis.com/maven2/org/opensaml/opensaml-profile-impl/3.3.1/opensaml-profile-impl-3.3.1.jar (28 kB at 25 kB/s)
18:02:16.682 [Thread-6] DEBUG spoon.Launcher - [INFO] Downloading from google-maven-central: https://maven-central.storage-download.googleapis.com/maven2/org/cryptacular/cryptacular/1.2.1/cryptacular-1.2.1.jar
18:02:16.685 [Thread-6] DEBUG spoon.Launcher - [INFO] Downloaded from google-maven-central: https://maven-central.storage-download.googleapis.com/maven2/org/opensaml/opensaml-messaging-api/3.3.1/opensaml-messaging-api-3.3.1.jar (53 kB at 47 kB/s)
18:02:16.685 [Thread-6] DEBUG spoon.Launcher - [INFO] Downloading from google-maven-central: https://maven-central.storage-download.googleapis.com/maven2/joda-time/joda-time/2.9.9/joda-time-2.9.9.jar
18:02:16.711 [Thread-6] DEBUG spoon.Launcher - [INFO] Downloaded from google-maven-central: https://maven-central.storage-download.googleapis.com/maven2/org/opensaml/opensaml-security-impl/3.3.1/opensaml-security-impl-3.3.1.jar (98 kB at 84 kB/s)
18:02:16.711 [Thread-6] DEBUG spoon.Launcher - [INFO] Downloading from google-maven-central: https://maven-central.storage-download.googleapis.com/maven2/xalan/xalan/2.7.2/xalan-2.7.2.jar
18:02:16.916 [Thread-6] DEBUG spoon.Launcher - [INFO] Downloaded from google-maven-central: https://maven-central.storage-download.googleapis.com/maven2/xalan/xalan/2.7.2/xalan-2.7.2.jar (3.2 MB at 2.3 MB/s)
18:02:16.916 [Thread-6] DEBUG spoon.Launcher - [INFO] Downloading from google-maven-central: https://maven-central.storage-download.googleapis.com/maven2/xalan/serializer/2.7.2/serializer-2.7.2.jar
18:02:16.953 [Thread-6] DEBUG spoon.Launcher - [INFO] Downloaded from google-maven-central: https://maven-central.storage-download.googleapis.com/maven2/joda-time/joda-time/2.9.9/joda-time-2.9.9.jar (634 kB at 451 kB/s)
18:02:16.953 [Thread-6] DEBUG spoon.Launcher - [INFO] Downloading from google-maven-central: https://maven-central.storage-download.googleapis.com/maven2/xml-apis/xml-apis/1.3.04/xml-apis-1.3.04.jar
18:02:16.954 [Thread-6] DEBUG spoon.Launcher - [INFO] Downloaded from google-maven-central: https://maven-central.storage-download.googleapis.com/maven2/org/cryptacular/cryptacular/1.2.1/cryptacular-1.2.1.jar (150 kB at 107 kB/s)
18:02:16.955 [Thread-6] DEBUG spoon.Launcher - [INFO] Downloading from google-maven-central: https://maven-central.storage-download.googleapis.com/maven2/org/apache/velocity/velocity/1.7/velocity-1.7.jar
18:02:16.976 [Thread-6] DEBUG spoon.Launcher - [INFO] Downloaded from google-maven-central: https://maven-central.storage-download.googleapis.com/maven2/org/opensaml/opensaml-xmlsec-impl/3.3.1/opensaml-xmlsec-impl-3.3.1.jar (293 kB at 205 kB/s)
18:02:16.976 [Thread-6] DEBUG spoon.Launcher - [INFO] Downloading from google-maven-central: https://maven-central.storage-download.googleapis.com/maven2/commons-lang/commons-lang/2.4/commons-lang-2.4.jar
18:02:16.982 [Thread-6] DEBUG spoon.Launcher - [INFO] Downloaded from google-maven-central: https://maven-central.storage-download.googleapis.com/maven2/org/apache/velocity/velocity/1.7/velocity-1.7.jar (450 kB at 314 kB/s)
18:02:16.983 [Thread-6] DEBUG spoon.Launcher - [INFO] Downloading from google-maven-central: https://maven-central.storage-download.googleapis.com/maven2/commons-collections/commons-collections/3.2.2/commons-collections-3.2.2.jar
18:02:17.040 [Thread-6] DEBUG spoon.Launcher - [INFO] Downloaded from google-maven-central: https://maven-central.storage-download.googleapis.com/maven2/xml-apis/xml-apis/1.3.04/xml-apis-1.3.04.jar (194 kB at 130 kB/s)
18:02:17.040 [Thread-6] DEBUG spoon.Launcher - [INFO] Downloading from google-maven-central: https://maven-central.storage-download.googleapis.com/maven2/org/slf4j/jcl-over-slf4j/1.7.25/jcl-over-slf4j-1.7.25.jar
18:02:17.043 [Thread-6] DEBUG spoon.Launcher - [INFO] Downloaded from google-maven-central: https://maven-central.storage-download.googleapis.com/maven2/xalan/serializer/2.7.2/serializer-2.7.2.jar (276 kB at 185 kB/s)
18:02:17.044 [Thread-6] DEBUG spoon.Launcher - [INFO] Downloading from google-maven-central: https://maven-central.storage-download.googleapis.com/maven2/org/springframework/spring-core/5.0.2.RELEASE/spring-core-5.0.2.RELEASE.jar
18:02:17.075 [Thread-6] DEBUG spoon.Launcher - [INFO] Downloaded from google-maven-central: https://maven-central.storage-download.googleapis.com/maven2/org/opensaml/opensaml-messaging-impl/3.3.1/opensaml-messaging-impl-3.3.1.jar (13 kB at 8.2 kB/s)
18:02:17.075 [Thread-6] DEBUG spoon.Launcher - [INFO] Downloading from google-maven-central: https://maven-central.storage-download.googleapis.com/maven2/org/springframework/spring-jcl/5.0.2.RELEASE/spring-jcl-5.0.2.RELEASE.jar
18:02:17.081 [Thread-6] DEBUG spoon.Launcher - [INFO] Downloaded from google-maven-central: https://maven-central.storage-download.googleapis.com/maven2/commons-lang/commons-lang/2.4/commons-lang-2.4.jar (262 kB at 170 kB/s)
18:02:17.081 [Thread-6] DEBUG spoon.Launcher - [INFO] Downloading from google-maven-central: https://maven-central.storage-download.googleapis.com/maven2/org/pac4j/pac4j-oauth/3.0.0/pac4j-oauth-3.0.0.jar
18:02:17.105 [Thread-6] DEBUG spoon.Launcher - [INFO] Downloaded from google-maven-central: https://maven-central.storage-download.googleapis.com/maven2/commons-collections/commons-collections/3.2.2/commons-collections-3.2.2.jar (588 kB at 377 kB/s)
18:02:17.105 [Thread-6] DEBUG spoon.Launcher - [INFO] Downloading from google-maven-central: https://maven-central.storage-download.googleapis.com/maven2/commons-codec/commons-codec/1.10/commons-codec-1.10.jar
18:02:17.168 [Thread-6] DEBUG spoon.Launcher - [INFO] Downloaded from google-maven-central: https://maven-central.storage-download.googleapis.com/maven2/org/slf4j/jcl-over-slf4j/1.7.25/jcl-over-slf4j-1.7.25.jar (17 kB at 10 kB/s)
18:02:17.168 [Thread-6] DEBUG spoon.Launcher - [INFO] Downloading from google-maven-central: https://maven-central.storage-download.googleapis.com/maven2/com/github/scribejava/scribejava-apis/5.3.0/scribejava-apis-5.3.0.jar
18:02:17.215 [Thread-6] DEBUG spoon.Launcher - [INFO] Downloaded from google-maven-central: https://maven-central.storage-download.googleapis.com/maven2/org/pac4j/pac4j-oauth/3.0.0/pac4j-oauth-3.0.0.jar (205 kB at 123 kB/s)
18:02:17.215 [Thread-6] DEBUG spoon.Launcher - [INFO] Downloading from google-maven-central: https://maven-central.storage-download.googleapis.com/maven2/com/github/scribejava/scribejava-core/5.3.0/scribejava-core-5.3.0.jar
18:02:17.225 [Thread-6] DEBUG spoon.Launcher - [INFO] Downloaded from google-maven-central: https://maven-central.storage-download.googleapis.com/maven2/commons-codec/commons-codec/1.10/commons-codec-1.10.jar (284 kB at 169 kB/s)
18:02:17.226 [Thread-6] DEBUG spoon.Launcher - [INFO] Downloading from google-maven-central: https://maven-central.storage-download.googleapis.com/maven2/com/fasterxml/jackson/core/jackson-databind/2.8.7/jackson-databind-2.8.7.jar
18:02:17.254 [Thread-6] DEBUG spoon.Launcher - [INFO] Downloaded from google-maven-central: https://maven-central.storage-download.googleapis.com/maven2/org/springframework/spring-jcl/5.0.2.RELEASE/spring-jcl-5.0.2.RELEASE.jar (16 kB at 9.3 kB/s)
18:02:17.254 [Thread-6] DEBUG spoon.Launcher - [INFO] Downloading from google-maven-central: https://maven-central.storage-download.googleapis.com/maven2/com/fasterxml/jackson/core/jackson-annotations/2.8.0/jackson-annotations-2.8.0.jar
18:02:17.353 [Thread-6] DEBUG spoon.Launcher - [INFO] Downloaded from google-maven-central: https://maven-central.storage-download.googleapis.com/maven2/com/fasterxml/jackson/core/jackson-annotations/2.8.0/jackson-annotations-2.8.0.jar (56 kB at 31 kB/s)
18:02:17.354 [Thread-6] DEBUG spoon.Launcher - [INFO] Downloading from google-maven-central: https://maven-central.storage-download.googleapis.com/maven2/com/fasterxml/jackson/core/jackson-core/2.8.7/jackson-core-2.8.7.jar
18:02:17.357 [Thread-6] DEBUG spoon.Launcher - [INFO] Downloaded from google-maven-central: https://maven-central.storage-download.googleapis.com/maven2/com/github/scribejava/scribejava-apis/5.3.0/scribejava-apis-5.3.0.jar (95 kB at 52 kB/s)
18:02:17.357 [Thread-6] DEBUG spoon.Launcher - [INFO] Downloaded from google-maven-central: https://maven-central.storage-download.googleapis.com/maven2/org/springframework/spring-core/5.0.2.RELEASE/spring-core-5.0.2.RELEASE.jar (1.2 MB at 669 kB/s)
18:02:17.358 [Thread-6] DEBUG spoon.Launcher - [INFO] Downloading from google-maven-central: https://maven-central.storage-download.googleapis.com/maven2/org/pac4j/pac4j-oidc/3.0.0/pac4j-oidc-3.0.0.jar
18:02:17.358 [Thread-6] DEBUG spoon.Launcher - [INFO] Downloading from google-maven-central: https://maven-central.storage-download.googleapis.com/maven2/com/nimbusds/oauth2-oidc-sdk/5.45/oauth2-oidc-sdk-5.45.jar
18:02:17.451 [Thread-6] DEBUG spoon.Launcher - [INFO] Downloaded from google-maven-central: https://maven-central.storage-download.googleapis.com/maven2/com/fasterxml/jackson/core/jackson-databind/2.8.7/jackson-databind-2.8.7.jar (1.2 MB at 650 kB/s)
18:02:17.452 [Thread-6] DEBUG spoon.Launcher - [INFO] Downloading from google-maven-central: https://maven-central.storage-download.googleapis.com/maven2/javax/mail/mail/1.4.7/mail-1.4.7.jar
18:02:17.467 [Thread-6] DEBUG spoon.Launcher - [INFO] Downloaded from google-maven-central: https://maven-central.storage-download.googleapis.com/maven2/com/github/scribejava/scribejava-core/5.3.0/scribejava-core-5.3.0.jar (114 kB at 59 kB/s)
18:02:17.468 [Thread-6] DEBUG spoon.Launcher - [INFO] Downloading from google-maven-central: https://maven-central.storage-download.googleapis.com/maven2/javax/activation/activation/1.1/activation-1.1.jar
18:02:17.472 [Thread-6] DEBUG spoon.Launcher - [INFO] Downloaded from google-maven-central: https://maven-central.storage-download.googleapis.com/maven2/javax/activation/activation/1.1/activation-1.1.jar (63 kB at 33 kB/s)
18:02:17.473 [Thread-6] DEBUG spoon.Launcher - [INFO] Downloading from google-maven-central: https://maven-central.storage-download.googleapis.com/maven2/com/github/stephenc/jcip/jcip-annotations/1.0-1/jcip-annotations-1.0-1.jar
18:02:17.502 [Thread-6] DEBUG spoon.Launcher - [INFO] Downloaded from google-maven-central: https://maven-central.storage-download.googleapis.com/maven2/com/fasterxml/jackson/core/jackson-core/2.8.7/jackson-core-2.8.7.jar (282 kB at 144 kB/s)
18:02:17.503 [Thread-6] DEBUG spoon.Launcher - [INFO] Downloading from google-maven-central: https://maven-central.storage-download.googleapis.com/maven2/org/apache/commons/commons-lang3/3.7/commons-lang3-3.7.jar
18:02:17.560 [Thread-6] DEBUG spoon.Launcher - [INFO] Downloaded from google-maven-central: https://maven-central.storage-download.googleapis.com/maven2/com/github/stephenc/jcip/jcip-annotations/1.0-1/jcip-annotations-1.0-1.jar (4.7 kB at 2.3 kB/s)
18:02:17.560 [Thread-6] DEBUG spoon.Launcher - [INFO] Downloading from google-maven-central: https://maven-central.storage-download.googleapis.com/maven2/org/apache/commons/commons-collections4/4.1/commons-collections4-4.1.jar
18:02:17.561 [Thread-6] DEBUG spoon.Launcher - [INFO] Downloaded from google-maven-central: https://maven-central.storage-download.googleapis.com/maven2/org/pac4j/pac4j-oidc/3.0.0/pac4j-oidc-3.0.0.jar (48 kB at 24 kB/s)
18:02:17.561 [Thread-6] DEBUG spoon.Launcher - [INFO] Downloading from google-maven-central: https://maven-central.storage-download.googleapis.com/maven2/net/minidev/json-smart/2.3/json-smart-2.3.jar
18:02:17.603 [Thread-6] DEBUG spoon.Launcher - [INFO] Downloaded from google-maven-central: https://maven-central.storage-download.googleapis.com/maven2/net/minidev/json-smart/2.3/json-smart-2.3.jar (120 kB at 58 kB/s)
18:02:17.603 [Thread-6] DEBUG spoon.Launcher - [INFO] Downloading from google-maven-central: https://maven-central.storage-download.googleapis.com/maven2/net/minidev/accessors-smart/1.2/accessors-smart-1.2.jar
18:02:17.666 [Thread-6] DEBUG spoon.Launcher - [INFO] Downloaded from google-maven-central: https://maven-central.storage-download.googleapis.com/maven2/net/minidev/accessors-smart/1.2/accessors-smart-1.2.jar (30 kB at 14 kB/s)
18:02:17.666 [Thread-6] DEBUG spoon.Launcher - [INFO] Downloading from google-maven-central: https://maven-central.storage-download.googleapis.com/maven2/org/ow2/asm/asm/5.0.4/asm-5.0.4.jar
18:02:17.673 [Thread-6] DEBUG spoon.Launcher - [INFO] Downloaded from google-maven-central: https://maven-central.storage-download.googleapis.com/maven2/org/ow2/asm/asm/5.0.4/asm-5.0.4.jar (53 kB at 25 kB/s)
18:02:17.673 [Thread-6] DEBUG spoon.Launcher - [INFO] Downloading from google-maven-central: https://maven-central.storage-download.googleapis.com/maven2/com/nimbusds/lang-tag/1.5/lang-tag-1.5.jar
18:02:17.679 [Thread-6] DEBUG spoon.Launcher - [INFO] Downloaded from google-maven-central: https://maven-central.storage-download.googleapis.com/maven2/org/apache/commons/commons-lang3/3.7/commons-lang3-3.7.jar (500 kB at 234 kB/s)
18:02:17.680 [Thread-6] DEBUG spoon.Launcher - [INFO] Downloading from google-maven-central: https://maven-central.storage-download.googleapis.com/maven2/com/nimbusds/nimbus-jose-jwt/4.35/nimbus-jose-jwt-4.35.jar
18:02:17.682 [Thread-6] DEBUG spoon.Launcher - [INFO] Downloaded from google-maven-central: https://maven-central.storage-download.googleapis.com/maven2/javax/mail/mail/1.4.7/mail-1.4.7.jar (521 kB at 244 kB/s)
18:02:17.683 [Thread-6] DEBUG spoon.Launcher - [INFO] Downloading from google-maven-central: https://maven-central.storage-download.googleapis.com/maven2/org/bouncycastle/bcpkix-jdk15on/1.55/bcpkix-jdk15on-1.55.jar
18:02:17.685 [Thread-6] DEBUG spoon.Launcher - [INFO] Downloaded from google-maven-central: https://maven-central.storage-download.googleapis.com/maven2/org/apache/commons/commons-collections4/4.1/commons-collections4-4.1.jar (751 kB at 351 kB/s)
18:02:17.686 [Thread-6] DEBUG spoon.Launcher - [INFO] Downloading from google-maven-central: https://maven-central.storage-download.googleapis.com/maven2/org/pac4j/pac4j-ldap/3.0.0/pac4j-ldap-3.0.0.jar
18:02:17.830 [Thread-6] DEBUG spoon.Launcher - [INFO] Downloaded from google-maven-central: https://maven-central.storage-download.googleapis.com/maven2/com/nimbusds/oauth2-oidc-sdk/5.45/oauth2-oidc-sdk-5.45.jar (404 kB at 177 kB/s)
18:02:17.830 [Thread-6] DEBUG spoon.Launcher - [INFO] Downloading from google-maven-central: https://maven-central.storage-download.googleapis.com/maven2/org/ldaptive/ldaptive/1.2.3/ldaptive-1.2.3.jar
18:02:17.884 [Thread-6] DEBUG spoon.Launcher - [INFO] Downloaded from google-maven-central: https://maven-central.storage-download.googleapis.com/maven2/org/pac4j/pac4j-ldap/3.0.0/pac4j-ldap-3.0.0.jar (9.1 kB at 3.9 kB/s)
18:02:17.884 [Thread-6] DEBUG spoon.Launcher - [INFO] Downloading from google-maven-central: https://maven-central.storage-download.googleapis.com/maven2/commons-cli/commons-cli/1.4/commons-cli-1.4.jar
18:02:17.885 [Thread-6] DEBUG spoon.Launcher - [INFO] Downloaded from google-maven-central: https://maven-central.storage-download.googleapis.com/maven2/org/bouncycastle/bcpkix-jdk15on/1.55/bcpkix-jdk15on-1.55.jar (682 kB at 292 kB/s)
18:02:17.885 [Thread-6] DEBUG spoon.Launcher - [INFO] Downloading from google-maven-central: https://maven-central.storage-download.googleapis.com/maven2/org/pac4j/pac4j-http/3.0.0/pac4j-http-3.0.0.jar
18:02:17.930 [Thread-6] DEBUG spoon.Launcher - [INFO] Downloaded from google-maven-central: https://maven-central.storage-download.googleapis.com/maven2/com/nimbusds/lang-tag/1.5/lang-tag-1.5.jar (11 kB at 4.5 kB/s)
18:02:17.930 [Thread-6] DEBUG spoon.Launcher - [INFO] Downloading from google-maven-central: https://maven-central.storage-download.googleapis.com/maven2/com/zaxxer/HikariCP/2.6.1/HikariCP-2.6.1.jar
18:02:17.973 [Thread-6] DEBUG spoon.Launcher - [INFO] Downloaded from google-maven-central: https://maven-central.storage-download.googleapis.com/maven2/com/nimbusds/nimbus-jose-jwt/4.35/nimbus-jose-jwt-4.35.jar (295 kB at 122 kB/s)
18:02:17.973 [Thread-6] DEBUG spoon.Launcher - [INFO] Downloading from google-maven-central: https://maven-central.storage-download.googleapis.com/maven2/org/pac4j/pac4j-sql/3.0.0/pac4j-sql-3.0.0.jar
18:02:18.031 [Thread-6] DEBUG spoon.Launcher - [INFO] Downloaded from google-maven-central: https://maven-central.storage-download.googleapis.com/maven2/commons-cli/commons-cli/1.4/commons-cli-1.4.jar (54 kB at 22 kB/s)
18:02:18.031 [Thread-6] DEBUG spoon.Launcher - [INFO] Downloading from google-maven-central: https://maven-central.storage-download.googleapis.com/maven2/org/jdbi/jdbi/2.78/jdbi-2.78.jar
18:02:18.076 [Thread-6] DEBUG spoon.Launcher - [INFO] Downloaded from google-maven-central: https://maven-central.storage-download.googleapis.com/maven2/org/ldaptive/ldaptive/1.2.3/ldaptive-1.2.3.jar (802 kB at 317 kB/s)
18:02:18.077 [Thread-6] DEBUG spoon.Launcher - [INFO] Downloading from google-maven-central: https://maven-central.storage-download.googleapis.com/maven2/org/springframework/security/spring-security-crypto/4.2.2.RELEASE/spring-security-crypto-4.2.2.RELEASE.jar
18:02:18.114 [Thread-6] DEBUG spoon.Launcher - [INFO] Downloaded from google-maven-central: https://maven-central.storage-download.googleapis.com/maven2/com/zaxxer/HikariCP/2.6.1/HikariCP-2.6.1.jar (134 kB at 52 kB/s)
18:02:18.114 [Thread-6] DEBUG spoon.Launcher - [INFO] Downloading from google-maven-central: https://maven-central.storage-download.googleapis.com/maven2/org/apache/shiro/shiro-core/1.3.2/shiro-core-1.3.2.jar
18:02:18.118 [Thread-6] DEBUG spoon.Launcher - [INFO] Downloaded from google-maven-central: https://maven-central.storage-download.googleapis.com/maven2/org/pac4j/pac4j-http/3.0.0/pac4j-http-3.0.0.jar (40 kB at 15 kB/s)
18:02:18.118 [Thread-6] DEBUG spoon.Launcher - [INFO] Downloading from google-maven-central: https://maven-central.storage-download.googleapis.com/maven2/commons-beanutils/commons-beanutils/1.8.3/commons-beanutils-1.8.3.jar
18:02:18.127 [Thread-6] DEBUG spoon.Launcher - [INFO] Downloaded from google-maven-central: https://maven-central.storage-download.googleapis.com/maven2/org/pac4j/pac4j-sql/3.0.0/pac4j-sql-3.0.0.jar (7.3 kB at 2.8 kB/s)
18:02:18.127 [Thread-6] DEBUG spoon.Launcher - [INFO] Downloading from google-maven-central: https://maven-central.storage-download.googleapis.com/maven2/org/pac4j/pac4j-core/3.0.0/pac4j-core-3.0.0-tests.jar
18:02:18.197 [Thread-6] DEBUG spoon.Launcher - [INFO] Downloaded from google-maven-central: https://maven-central.storage-download.googleapis.com/maven2/org/springframework/security/spring-security-crypto/4.2.2.RELEASE/spring-security-crypto-4.2.2.RELEASE.jar (55 kB at 21 kB/s)
18:02:18.198 [Thread-6] DEBUG spoon.Launcher - [INFO] Downloading from google-maven-central: https://maven-central.storage-download.googleapis.com/maven2/junit/junit/4.12/junit-4.12.jar
18:02:18.214 [Thread-6] DEBUG spoon.Launcher - [INFO] Downloaded from google-maven-central: https://maven-central.storage-download.googleapis.com/maven2/commons-beanutils/commons-beanutils/1.8.3/commons-beanutils-1.8.3.jar (232 kB at 87 kB/s)
18:02:18.214 [Thread-6] DEBUG spoon.Launcher - [INFO] Downloading from google-maven-central: https://maven-central.storage-download.googleapis.com/maven2/ch/qos/logback/logback-classic/1.2.2/logback-classic-1.2.2.jar
18:02:18.260 [Thread-6] DEBUG spoon.Launcher - [INFO] Downloaded from google-maven-central: https://maven-central.storage-download.googleapis.com/maven2/org/jdbi/jdbi/2.78/jdbi-2.78.jar (1.0 MB at 387 kB/s)
18:02:18.261 [Thread-6] DEBUG spoon.Launcher - [INFO] Downloading from google-maven-central: https://maven-central.storage-download.googleapis.com/maven2/ch/qos/logback/logback-core/1.2.2/logback-core-1.2.2.jar
18:02:18.307 [Thread-6] DEBUG spoon.Launcher - [INFO] Downloaded from google-maven-central: https://maven-central.storage-download.googleapis.com/maven2/junit/junit/4.12/junit-4.12.jar (315 kB at 114 kB/s)
18:02:18.307 [Thread-6] DEBUG spoon.Launcher - [INFO] Downloading from google-maven-central: https://maven-central.storage-download.googleapis.com/maven2/org/pac4j/pac4j-ldap/3.0.0/pac4j-ldap-3.0.0-tests.jar
18:02:18.313 [Thread-6] DEBUG spoon.Launcher - [INFO] Downloaded from google-maven-central: https://maven-central.storage-download.googleapis.com/maven2/org/pac4j/pac4j-core/3.0.0/pac4j-core-3.0.0-tests.jar (130 kB at 47 kB/s)
18:02:18.313 [Thread-6] DEBUG spoon.Launcher - [INFO] Downloading from google-maven-central: https://maven-central.storage-download.googleapis.com/maven2/com/unboundid/unboundid-ldapsdk/3.2.1/unboundid-ldapsdk-3.2.1.jar
18:02:18.326 [Thread-6] DEBUG spoon.Launcher - [INFO] Downloaded from google-maven-central: https://maven-central.storage-download.googleapis.com/maven2/org/apache/shiro/shiro-core/1.3.2/shiro-core-1.3.2.jar (409 kB at 147 kB/s)
18:02:18.326 [Thread-6] DEBUG spoon.Launcher - [INFO] Downloading from google-maven-central: https://maven-central.storage-download.googleapis.com/maven2/org/pac4j/pac4j-sql/3.0.0/pac4j-sql-3.0.0-tests.jar
18:02:18.403 [Thread-6] DEBUG spoon.Launcher - [INFO] Downloaded from google-maven-central: https://maven-central.storage-download.googleapis.com/maven2/ch/qos/logback/logback-classic/1.2.2/logback-classic-1.2.2.jar (291 kB at 102 kB/s)
18:02:18.522 [Thread-6] DEBUG spoon.Launcher - [INFO] Downloaded from google-maven-central: https://maven-central.storage-download.googleapis.com/maven2/org/pac4j/pac4j-ldap/3.0.0/pac4j-ldap-3.0.0-tests.jar (10 kB at 3.4 kB/s)
18:02:18.527 [Thread-6] DEBUG spoon.Launcher - [INFO] Downloaded from google-maven-central: https://maven-central.storage-download.googleapis.com/maven2/org/pac4j/pac4j-sql/3.0.0/pac4j-sql-3.0.0-tests.jar (8.2 kB at 2.7 kB/s)
18:02:18.528 [Thread-6] DEBUG spoon.Launcher - [INFO] Downloaded from google-maven-central: https://maven-central.storage-download.googleapis.com/maven2/ch/qos/logback/logback-core/1.2.2/logback-core-1.2.2.jar (473 kB at 158 kB/s)
18:02:18.570 [Thread-6] DEBUG spoon.Launcher - [INFO] Downloaded from google-maven-central: https://maven-central.storage-download.googleapis.com/maven2/com/unboundid/unboundid-ldapsdk/3.2.1/unboundid-ldapsdk-3.2.1.jar (2.0 MB at 659 kB/s)
18:02:18.613 [Thread-6] DEBUG spoon.Launcher - [INFO] 
18:02:18.614 [Thread-6] DEBUG spoon.Launcher - [INFO] --- maven-dependency-plugin:2.8:build-classpath (default-cli) @ pac4j-config ---
18:02:19.037 [Thread-6] DEBUG spoon.Launcher - [INFO] Wrote classpath file '/home/travis/build/SpoonLabs/spoon-ci-external/spoon/src/test/resources/maven-launcher/pac4j/pac4j-config/spoon.classpath.tmp'.
18:02:19.039 [Thread-6] DEBUG spoon.Launcher - [INFO] ------------------------------------------------------------------------
18:02:19.039 [Thread-6] DEBUG spoon.Launcher - [INFO] BUILD SUCCESS
18:02:19.040 [Thread-6] DEBUG spoon.Launcher - [INFO] ------------------------------------------------------------------------
18:02:19.041 [Thread-6] DEBUG spoon.Launcher - [INFO] Total time:  37.832 s
18:02:19.042 [Thread-6] DEBUG spoon.Launcher - [INFO] Finished at: 2020-08-22T18:02:19Z
18:02:19.042 [Thread-6] DEBUG spoon.Launcher - [INFO] ------------------------------------------------------------------------
]]></system-out>
  </testcase>
  <testcase name="testSystemDependency" classname="spoon.MavenLauncherTest" time="0.437">
    <system-out><![CDATA[18:02:19.068 [main] INFO spoon.Launcher - Running in NOCLASSPATH mode (doc: http://spoon.gforge.inria.fr/launcher.html).
]]></system-out>
  </testcase>
  <testcase name="testRebuildClasspath" classname="spoon.MavenLauncherTest" time="2.732">
    <system-out><![CDATA[18:02:19.505 [main] INFO spoon.Launcher - Running in NOCLASSPATH mode (doc: http://spoon.gforge.inria.fr/launcher.html).
18:02:21.006 [Thread-9] DEBUG spoon.Launcher - [INFO] Scanning for projects...
18:02:21.078 [Thread-9] DEBUG spoon.Launcher - [WARNING] 
18:02:21.082 [Thread-9] DEBUG spoon.Launcher - [WARNING] Some problems were encountered while building the effective model for org.foo.bar:foobar:jar:1.0.0-SNAPSHOT
18:02:21.093 [Thread-9] DEBUG spoon.Launcher - [WARNING] 'dependencies.dependency.systemPath' for com.infradna.tool:bridge-method-annotation:jar should not point at files within the project directory, ${basedir}/lib/bridge-method-annotation-1.13.jar will be unresolvable by dependent projects @ line 18, column 25
18:02:21.093 [Thread-9] DEBUG spoon.Launcher - [WARNING] 
18:02:21.097 [Thread-9] DEBUG spoon.Launcher - [WARNING] It is highly recommended to fix these problems because they threaten the stability of your build.
18:02:21.097 [Thread-9] DEBUG spoon.Launcher - [WARNING] 
18:02:21.098 [Thread-9] DEBUG spoon.Launcher - [WARNING] For this reason, future Maven versions might no longer support building such malformed projects.
18:02:21.098 [Thread-9] DEBUG spoon.Launcher - [WARNING] 
18:02:21.352 [Thread-9] DEBUG spoon.Launcher - [INFO] 
18:02:21.352 [Thread-9] DEBUG spoon.Launcher - [INFO] -------------------------< org.foo.bar:foobar >-------------------------
18:02:21.352 [Thread-9] DEBUG spoon.Launcher - [INFO] Building foobar 1.0.0-SNAPSHOT
18:02:21.352 [Thread-9] DEBUG spoon.Launcher - [INFO] --------------------------------[ jar ]---------------------------------
18:02:21.377 [Thread-9] DEBUG spoon.Launcher - [INFO] 
18:02:21.378 [Thread-9] DEBUG spoon.Launcher - [INFO] --- maven-dependency-plugin:2.8:build-classpath (default-cli) @ foobar ---
18:02:22.214 [Thread-9] DEBUG spoon.Launcher - [INFO] Wrote classpath file '/home/travis/build/SpoonLabs/spoon-ci-external/spoon/src/test/resources/maven-launcher/system-dependency/spoon.classpath.tmp'.
18:02:22.214 [Thread-9] DEBUG spoon.Launcher - [INFO] ------------------------------------------------------------------------
18:02:22.214 [Thread-9] DEBUG spoon.Launcher - [INFO] BUILD SUCCESS
18:02:22.214 [Thread-9] DEBUG spoon.Launcher - [INFO] ------------------------------------------------------------------------
18:02:22.215 [Thread-9] DEBUG spoon.Launcher - [INFO] Total time:  1.236 s
18:02:22.216 [Thread-9] DEBUG spoon.Launcher - [INFO] Finished at: 2020-08-22T18:02:22Z
18:02:22.216 [Thread-9] DEBUG spoon.Launcher - [INFO] ------------------------------------------------------------------------
]]></system-out>
  </testcase>
  <testcase name="testTypeResolution" classname="spoon.MavenLauncherTest" time="0">
    <skipped/>
  </testcase>
  <testcase name="multiModulesProjectTest" classname="spoon.MavenLauncherTest" time="38.913">
    <system-out><![CDATA[18:02:22.239 [main] INFO spoon.Launcher - Running in NOCLASSPATH mode (doc: http://spoon.gforge.inria.fr/launcher.html).
18:02:23.764 [Thread-12] DEBUG spoon.Launcher - [INFO] Scanning for projects...
18:02:24.692 [Thread-12] DEBUG spoon.Launcher - [INFO] ------------------------------------------------------------------------
18:02:24.693 [Thread-12] DEBUG spoon.Launcher - [INFO] Reactor Build Order:
18:02:24.693 [Thread-12] DEBUG spoon.Launcher - [INFO] 
18:02:24.695 [Thread-12] DEBUG spoon.Launcher - [INFO] pac4j                                                              [pom]
18:02:24.702 [Thread-12] DEBUG spoon.Launcher - [INFO] pac4j core                                                         [jar]
18:02:24.703 [Thread-12] DEBUG spoon.Launcher - [INFO] pac4j for CAS protocol                                             [jar]
18:02:24.704 [Thread-12] DEBUG spoon.Launcher - [INFO] pac4j for SAML protocol                                            [jar]
18:02:24.705 [Thread-12] DEBUG spoon.Launcher - [INFO] pac4j for OAuth protocol                                           [jar]
18:02:24.706 [Thread-12] DEBUG spoon.Launcher - [INFO] pac4j for OpenID Connect protocol                                  [jar]
18:02:24.706 [Thread-12] DEBUG spoon.Launcher - [INFO] pac4j for LDAP                                                     [jar]
18:02:24.707 [Thread-12] DEBUG spoon.Launcher - [INFO] pac4j for HTTP protocol                                            [jar]
18:02:24.708 [Thread-12] DEBUG spoon.Launcher - [INFO] pac4j for relational DB                                            [jar]
18:02:24.714 [Thread-12] DEBUG spoon.Launcher - [INFO] pac4j configuration                                                [jar]
18:02:24.714 [Thread-12] DEBUG spoon.Launcher - [INFO] pac4j for OpenId protocol                                          [jar]
18:02:24.714 [Thread-12] DEBUG spoon.Launcher - [INFO] pac4j for GAE UserService mechanism                                [jar]
18:02:24.714 [Thread-12] DEBUG spoon.Launcher - [INFO] pac4j for JWT                                                      [jar]
18:02:24.714 [Thread-12] DEBUG spoon.Launcher - [INFO] pac4j for MongoDB                                                  [jar]
18:02:24.716 [Thread-12] DEBUG spoon.Launcher - [INFO] pac4j for CouchDB                                                  [jar]
18:02:24.717 [Thread-12] DEBUG spoon.Launcher - [INFO] pac4j for Kerberos                                                 [jar]
18:02:24.929 [Thread-12] DEBUG spoon.Launcher - [INFO] 
18:02:24.930 [Thread-12] DEBUG spoon.Launcher - [INFO] --------------------------< org.pac4j:pac4j >---------------------------
18:02:24.930 [Thread-12] DEBUG spoon.Launcher - [INFO] Building pac4j 3.0.0                                              [1/16]
18:02:24.931 [Thread-12] DEBUG spoon.Launcher - [INFO] --------------------------------[ pom ]---------------------------------
18:02:24.938 [Thread-12] DEBUG spoon.Launcher - [INFO] 
18:02:24.938 [Thread-12] DEBUG spoon.Launcher - [INFO] --- maven-dependency-plugin:2.8:build-classpath (default-cli) @ pac4j ---
18:02:25.508 [Thread-12] DEBUG spoon.Launcher - [INFO] No dependencies found.
18:02:25.509 [Thread-12] DEBUG spoon.Launcher - [INFO] Wrote classpath file '/home/travis/build/SpoonLabs/spoon-ci-external/spoon/src/test/resources/maven-launcher/pac4j/spoon.classpath.tmp'.
18:02:25.510 [Thread-12] DEBUG spoon.Launcher - [INFO] 
18:02:25.510 [Thread-12] DEBUG spoon.Launcher - [INFO] ------------------------< org.pac4j:pac4j-core >------------------------
18:02:25.510 [Thread-12] DEBUG spoon.Launcher - [INFO] Building pac4j core 3.0.0                                         [2/16]
18:02:25.510 [Thread-12] DEBUG spoon.Launcher - [INFO] --------------------------------[ jar ]---------------------------------
18:02:25.979 [Thread-12] DEBUG spoon.Launcher - [INFO] Downloading from google-maven-central: https://maven-central.storage-download.googleapis.com/maven2/javax/servlet/javax.servlet-api/3.1.0/javax.servlet-api-3.1.0.pom
18:02:26.451 [Thread-12] DEBUG spoon.Launcher - [INFO] Downloaded from google-maven-central: https://maven-central.storage-download.googleapis.com/maven2/javax/servlet/javax.servlet-api/3.1.0/javax.servlet-api-3.1.0.pom (14 kB at 28 kB/s)
18:02:26.469 [Thread-12] DEBUG spoon.Launcher - [INFO] Downloading from google-maven-central: https://maven-central.storage-download.googleapis.com/maven2/net/java/jvnet-parent/3/jvnet-parent-3.pom
18:02:26.553 [Thread-12] DEBUG spoon.Launcher - [INFO] Downloaded from google-maven-central: https://maven-central.storage-download.googleapis.com/maven2/net/java/jvnet-parent/3/jvnet-parent-3.pom (4.8 kB at 57 kB/s)
18:02:26.585 [Thread-12] DEBUG spoon.Launcher - [INFO] Downloading from google-maven-central: https://maven-central.storage-download.googleapis.com/maven2/org/springframework/spring-test/4.3.7.RELEASE/spring-test-4.3.7.RELEASE.pom
18:02:26.793 [Thread-12] DEBUG spoon.Launcher - [INFO] Downloaded from google-maven-central: https://maven-central.storage-download.googleapis.com/maven2/org/springframework/spring-test/4.3.7.RELEASE/spring-test-4.3.7.RELEASE.pom (8.0 kB at 38 kB/s)
18:02:26.797 [Thread-12] DEBUG spoon.Launcher - [INFO] Downloading from google-maven-central: https://maven-central.storage-download.googleapis.com/maven2/org/springframework/spring-core/4.3.7.RELEASE/spring-core-4.3.7.RELEASE.pom
18:02:27.031 [Thread-12] DEBUG spoon.Launcher - [INFO] Downloaded from google-maven-central: https://maven-central.storage-download.googleapis.com/maven2/org/springframework/spring-core/4.3.7.RELEASE/spring-core-4.3.7.RELEASE.pom (2.5 kB at 11 kB/s)
18:02:27.040 [Thread-12] DEBUG spoon.Launcher - [INFO] Downloading from google-maven-central: https://maven-central.storage-download.googleapis.com/maven2/org/mockito/mockito-core/2.7.19/mockito-core-2.7.19.pom
18:02:27.218 [Thread-12] DEBUG spoon.Launcher - [INFO] Downloaded from google-maven-central: https://maven-central.storage-download.googleapis.com/maven2/org/mockito/mockito-core/2.7.19/mockito-core-2.7.19.pom (2.3 kB at 13 kB/s)
18:02:27.222 [Thread-12] DEBUG spoon.Launcher - [INFO] Downloading from google-maven-central: https://maven-central.storage-download.googleapis.com/maven2/net/bytebuddy/byte-buddy/1.6.11/byte-buddy-1.6.11.pom
18:02:27.508 [Thread-12] DEBUG spoon.Launcher - [INFO] Downloaded from google-maven-central: https://maven-central.storage-download.googleapis.com/maven2/net/bytebuddy/byte-buddy/1.6.11/byte-buddy-1.6.11.pom (12 kB at 41 kB/s)
18:02:27.511 [Thread-12] DEBUG spoon.Launcher - [INFO] Downloading from google-maven-central: https://maven-central.storage-download.googleapis.com/maven2/net/bytebuddy/byte-buddy-parent/1.6.11/byte-buddy-parent-1.6.11.pom
18:02:27.749 [Thread-12] DEBUG spoon.Launcher - [INFO] Downloaded from google-maven-central: https://maven-central.storage-download.googleapis.com/maven2/net/bytebuddy/byte-buddy-parent/1.6.11/byte-buddy-parent-1.6.11.pom (26 kB at 108 kB/s)
18:02:27.758 [Thread-12] DEBUG spoon.Launcher - [INFO] Downloading from google-maven-central: https://maven-central.storage-download.googleapis.com/maven2/net/bytebuddy/byte-buddy-agent/1.6.11/byte-buddy-agent-1.6.11.pom
18:02:27.945 [Thread-12] DEBUG spoon.Launcher - [INFO] Downloaded from google-maven-central: https://maven-central.storage-download.googleapis.com/maven2/net/bytebuddy/byte-buddy-agent/1.6.11/byte-buddy-agent-1.6.11.pom (4.5 kB at 24 kB/s)
18:02:27.948 [Thread-12] DEBUG spoon.Launcher - [INFO] Downloading from google-maven-central: https://maven-central.storage-download.googleapis.com/maven2/org/objenesis/objenesis/2.5/objenesis-2.5.pom
18:02:28.190 [Thread-12] DEBUG spoon.Launcher - [INFO] Downloaded from google-maven-central: https://maven-central.storage-download.googleapis.com/maven2/org/objenesis/objenesis/2.5/objenesis-2.5.pom (2.8 kB at 12 kB/s)
18:02:28.193 [Thread-12] DEBUG spoon.Launcher - [INFO] Downloading from google-maven-central: https://maven-central.storage-download.googleapis.com/maven2/org/objenesis/objenesis-parent/2.5/objenesis-parent-2.5.pom
18:02:28.563 [Thread-12] DEBUG spoon.Launcher - [INFO] Downloaded from google-maven-central: https://maven-central.storage-download.googleapis.com/maven2/org/objenesis/objenesis-parent/2.5/objenesis-parent-2.5.pom (17 kB at 45 kB/s)
18:02:28.574 [Thread-12] DEBUG spoon.Launcher - [INFO] Downloading from google-maven-central: https://maven-central.storage-download.googleapis.com/maven2/javax/servlet/javax.servlet-api/3.1.0/javax.servlet-api-3.1.0.jar
18:02:28.575 [Thread-12] DEBUG spoon.Launcher - [INFO] Downloading from google-maven-central: https://maven-central.storage-download.googleapis.com/maven2/org/springframework/spring-test/4.3.7.RELEASE/spring-test-4.3.7.RELEASE.jar
18:02:28.577 [Thread-12] DEBUG spoon.Launcher - [INFO] Downloading from google-maven-central: https://maven-central.storage-download.googleapis.com/maven2/org/springframework/spring-core/4.3.7.RELEASE/spring-core-4.3.7.RELEASE.jar
18:02:28.578 [Thread-12] DEBUG spoon.Launcher - [INFO] Downloading from google-maven-central: https://maven-central.storage-download.googleapis.com/maven2/org/mockito/mockito-core/2.7.19/mockito-core-2.7.19.jar
18:02:28.582 [Thread-12] DEBUG spoon.Launcher - [INFO] Downloading from google-maven-central: https://maven-central.storage-download.googleapis.com/maven2/net/bytebuddy/byte-buddy/1.6.11/byte-buddy-1.6.11.jar
18:02:28.775 [Thread-12] DEBUG spoon.Launcher - [INFO] Downloaded from google-maven-central: https://maven-central.storage-download.googleapis.com/maven2/javax/servlet/javax.servlet-api/3.1.0/javax.servlet-api-3.1.0.jar (96 kB at 479 kB/s)
18:02:28.775 [Thread-12] DEBUG spoon.Launcher - [INFO] Downloading from google-maven-central: https://maven-central.storage-download.googleapis.com/maven2/net/bytebuddy/byte-buddy-agent/1.6.11/byte-buddy-agent-1.6.11.jar
18:02:28.855 [Thread-12] DEBUG spoon.Launcher - [INFO] Downloaded from google-maven-central: https://maven-central.storage-download.googleapis.com/maven2/org/springframework/spring-test/4.3.7.RELEASE/spring-test-4.3.7.RELEASE.jar (599 kB at 2.1 MB/s)
18:02:28.855 [Thread-12] DEBUG spoon.Launcher - [INFO] Downloading from google-maven-central: https://maven-central.storage-download.googleapis.com/maven2/org/objenesis/objenesis/2.5/objenesis-2.5.jar
18:02:28.882 [Thread-12] DEBUG spoon.Launcher - [INFO] Downloaded from google-maven-central: https://maven-central.storage-download.googleapis.com/maven2/org/mockito/mockito-core/2.7.19/mockito-core-2.7.19.jar (533 kB at 1.7 MB/s)
18:02:28.925 [Thread-12] DEBUG spoon.Launcher - [INFO] Downloaded from google-maven-central: https://maven-central.storage-download.googleapis.com/maven2/net/bytebuddy/byte-buddy/1.6.11/byte-buddy-1.6.11.jar (2.8 MB at 8.0 MB/s)
18:02:28.944 [Thread-12] DEBUG spoon.Launcher - [INFO] Downloaded from google-maven-central: https://maven-central.storage-download.googleapis.com/maven2/net/bytebuddy/byte-buddy-agent/1.6.11/byte-buddy-agent-1.6.11.jar (31 kB at 86 kB/s)
18:02:28.976 [Thread-12] DEBUG spoon.Launcher - [INFO] Downloaded from google-maven-central: https://maven-central.storage-download.googleapis.com/maven2/org/springframework/spring-core/4.3.7.RELEASE/spring-core-4.3.7.RELEASE.jar (1.1 MB at 2.8 MB/s)
18:02:29.040 [Thread-12] DEBUG spoon.Launcher - [INFO] Downloaded from google-maven-central: https://maven-central.storage-download.googleapis.com/maven2/org/objenesis/objenesis/2.5/objenesis-2.5.jar (54 kB at 119 kB/s)
18:02:29.046 [Thread-12] DEBUG spoon.Launcher - [INFO] 
18:02:29.046 [Thread-12] DEBUG spoon.Launcher - [INFO] --- maven-dependency-plugin:2.8:build-classpath (default-cli) @ pac4j-core ---
18:02:29.273 [Thread-12] DEBUG spoon.Launcher - [INFO] Wrote classpath file '/home/travis/build/SpoonLabs/spoon-ci-external/spoon/src/test/resources/maven-launcher/pac4j/pac4j-core/spoon.classpath.tmp'.
18:02:29.274 [Thread-12] DEBUG spoon.Launcher - [INFO] 
18:02:29.274 [Thread-12] DEBUG spoon.Launcher - [INFO] ------------------------< org.pac4j:pac4j-cas >-------------------------
18:02:29.274 [Thread-12] DEBUG spoon.Launcher - [INFO] Building pac4j for CAS protocol 3.0.0                             [3/16]
18:02:29.275 [Thread-12] DEBUG spoon.Launcher - [INFO] --------------------------------[ jar ]---------------------------------
18:02:29.278 [Thread-12] DEBUG spoon.Launcher - [INFO] Downloading from google-maven-central: https://maven-central.storage-download.googleapis.com/maven2/org/jasig/cas/client/cas-client-core/3.4.1/cas-client-core-3.4.1.pom
18:02:29.444 [Thread-12] DEBUG spoon.Launcher - [INFO] Downloaded from google-maven-central: https://maven-central.storage-download.googleapis.com/maven2/org/jasig/cas/client/cas-client-core/3.4.1/cas-client-core-3.4.1.pom (3.1 kB at 19 kB/s)
18:02:29.447 [Thread-12] DEBUG spoon.Launcher - [INFO] Downloading from google-maven-central: https://maven-central.storage-download.googleapis.com/maven2/org/jasig/cas/client/cas-client/3.4.1/cas-client-3.4.1.pom
18:02:29.622 [Thread-12] DEBUG spoon.Launcher - [INFO] Downloaded from google-maven-central: https://maven-central.storage-download.googleapis.com/maven2/org/jasig/cas/client/cas-client/3.4.1/cas-client-3.4.1.pom (10 kB at 58 kB/s)
18:02:29.627 [Thread-12] DEBUG spoon.Launcher - [INFO] Downloading from google-maven-central: https://maven-central.storage-download.googleapis.com/maven2/org/jasig/cas/client/cas-client-support-saml/3.4.1/cas-client-support-saml-3.4.1.pom
18:02:29.774 [Thread-12] DEBUG spoon.Launcher - [INFO] Downloaded from google-maven-central: https://maven-central.storage-download.googleapis.com/maven2/org/jasig/cas/client/cas-client-support-saml/3.4.1/cas-client-support-saml-3.4.1.pom (1.7 kB at 11 kB/s)
18:02:29.784 [Thread-12] DEBUG spoon.Launcher - [INFO] Downloading from google-maven-central: https://maven-central.storage-download.googleapis.com/maven2/org/jasig/cas/client/cas-client-core/3.4.1/cas-client-core-3.4.1.jar
18:02:29.786 [Thread-12] DEBUG spoon.Launcher - [INFO] Downloading from google-maven-central: https://maven-central.storage-download.googleapis.com/maven2/org/jasig/cas/client/cas-client-support-saml/3.4.1/cas-client-support-saml-3.4.1.jar
18:02:29.788 [Thread-12] DEBUG spoon.Launcher - [INFO] Downloading from google-maven-central: https://maven-central.storage-download.googleapis.com/maven2/joda-time/joda-time/2.7/joda-time-2.7.jar
18:02:29.909 [Thread-12] DEBUG spoon.Launcher - [INFO] Downloaded from google-maven-central: https://maven-central.storage-download.googleapis.com/maven2/joda-time/joda-time/2.7/joda-time-2.7.jar (589 kB at 4.8 MB/s)
18:02:29.924 [Thread-12] DEBUG spoon.Launcher - [INFO] Downloaded from google-maven-central: https://maven-central.storage-download.googleapis.com/maven2/org/jasig/cas/client/cas-client-support-saml/3.4.1/cas-client-support-saml-3.4.1.jar (12 kB at 87 kB/s)
18:02:30.019 [Thread-12] DEBUG spoon.Launcher - [INFO] Downloaded from google-maven-central: https://maven-central.storage-download.googleapis.com/maven2/org/jasig/cas/client/cas-client-core/3.4.1/cas-client-core-3.4.1.jar (137 kB at 585 kB/s)
18:02:30.024 [Thread-12] DEBUG spoon.Launcher - [INFO] 
18:02:30.025 [Thread-12] DEBUG spoon.Launcher - [INFO] --- maven-dependency-plugin:2.8:build-classpath (default-cli) @ pac4j-cas ---
18:02:30.028 [Thread-12] DEBUG spoon.Launcher - [INFO] Wrote classpath file '/home/travis/build/SpoonLabs/spoon-ci-external/spoon/src/test/resources/maven-launcher/pac4j/pac4j-cas/spoon.classpath.tmp'.
18:02:30.028 [Thread-12] DEBUG spoon.Launcher - [INFO] 
18:02:30.028 [Thread-12] DEBUG spoon.Launcher - [INFO] ------------------------< org.pac4j:pac4j-saml >------------------------
18:02:30.028 [Thread-12] DEBUG spoon.Launcher - [INFO] Building pac4j for SAML protocol 3.0.0                            [4/16]
18:02:30.028 [Thread-12] DEBUG spoon.Launcher - [INFO] --------------------------------[ jar ]---------------------------------
18:02:30.043 [Thread-12] DEBUG spoon.Launcher - [INFO] Downloading from google-maven-central: https://maven-central.storage-download.googleapis.com/maven2/org/opensaml/opensaml-core/3.3.0/opensaml-core-3.3.0.pom
18:02:30.254 [Thread-12] DEBUG spoon.Launcher - [INFO] Downloaded from google-maven-central: https://maven-central.storage-download.googleapis.com/maven2/org/opensaml/opensaml-core/3.3.0/opensaml-core-3.3.0.pom (2.4 kB at 11 kB/s)
18:02:30.256 [Thread-12] DEBUG spoon.Launcher - [INFO] Downloading from google-maven-central: https://maven-central.storage-download.googleapis.com/maven2/org/opensaml/opensaml-parent/3.3.0/opensaml-parent-3.3.0.pom
18:02:30.496 [Thread-12] DEBUG spoon.Launcher - [INFO] Downloaded from google-maven-central: https://maven-central.storage-download.googleapis.com/maven2/org/opensaml/opensaml-parent/3.3.0/opensaml-parent-3.3.0.pom (5.6 kB at 23 kB/s)
18:02:30.513 [Thread-12] DEBUG spoon.Launcher - [INFO] Downloading from google-maven-central: https://maven-central.storage-download.googleapis.com/maven2/org/opensaml/opensaml-saml-api/3.3.0/opensaml-saml-api-3.3.0.pom
18:02:30.750 [Thread-12] DEBUG spoon.Launcher - [INFO] Downloaded from google-maven-central: https://maven-central.storage-download.googleapis.com/maven2/org/opensaml/opensaml-saml-api/3.3.0/opensaml-saml-api-3.3.0.pom (2.5 kB at 10 kB/s)
18:02:30.757 [Thread-12] DEBUG spoon.Launcher - [INFO] Downloading from google-maven-central: https://maven-central.storage-download.googleapis.com/maven2/org/opensaml/opensaml-xmlsec-api/3.3.0/opensaml-xmlsec-api-3.3.0.pom
18:02:30.969 [Thread-12] DEBUG spoon.Launcher - [INFO] Downloaded from google-maven-central: https://maven-central.storage-download.googleapis.com/maven2/org/opensaml/opensaml-xmlsec-api/3.3.0/opensaml-xmlsec-api-3.3.0.pom (2.0 kB at 9.4 kB/s)
18:02:30.973 [Thread-12] DEBUG spoon.Launcher - [INFO] Downloading from google-maven-central: https://maven-central.storage-download.googleapis.com/maven2/org/opensaml/opensaml-security-api/3.3.0/opensaml-security-api-3.3.0.pom
18:02:31.241 [Thread-12] DEBUG spoon.Launcher - [INFO] Downloaded from google-maven-central: https://maven-central.storage-download.googleapis.com/maven2/org/opensaml/opensaml-security-api/3.3.0/opensaml-security-api-3.3.0.pom (2.4 kB at 8.9 kB/s)
18:02:31.245 [Thread-12] DEBUG spoon.Launcher - [INFO] Downloading from google-maven-central: https://maven-central.storage-download.googleapis.com/maven2/org/opensaml/opensaml-messaging-api/3.3.0/opensaml-messaging-api-3.3.0.pom
18:02:31.421 [Thread-12] DEBUG spoon.Launcher - [INFO] Downloaded from google-maven-central: https://maven-central.storage-download.googleapis.com/maven2/org/opensaml/opensaml-messaging-api/3.3.0/opensaml-messaging-api-3.3.0.pom (1.7 kB at 9.6 kB/s)
18:02:31.440 [Thread-12] DEBUG spoon.Launcher - [INFO] Downloading from google-maven-central: https://maven-central.storage-download.googleapis.com/maven2/org/opensaml/opensaml-soap-api/3.3.0/opensaml-soap-api-3.3.0.pom
18:02:31.620 [Thread-12] DEBUG spoon.Launcher - [INFO] Downloaded from google-maven-central: https://maven-central.storage-download.googleapis.com/maven2/org/opensaml/opensaml-soap-api/3.3.0/opensaml-soap-api-3.3.0.pom (1.6 kB at 8.9 kB/s)
18:02:31.625 [Thread-12] DEBUG spoon.Launcher - [INFO] Downloading from google-maven-central: https://maven-central.storage-download.googleapis.com/maven2/org/opensaml/opensaml-profile-api/3.3.0/opensaml-profile-api-3.3.0.pom
18:02:31.792 [Thread-12] DEBUG spoon.Launcher - [INFO] Downloaded from google-maven-central: https://maven-central.storage-download.googleapis.com/maven2/org/opensaml/opensaml-profile-api/3.3.0/opensaml-profile-api-3.3.0.pom (2.4 kB at 14 kB/s)
18:02:31.797 [Thread-12] DEBUG spoon.Launcher - [INFO] Downloading from google-maven-central: https://maven-central.storage-download.googleapis.com/maven2/org/opensaml/opensaml-storage-api/3.3.0/opensaml-storage-api-3.3.0.pom
18:02:31.979 [Thread-12] DEBUG spoon.Launcher - [INFO] Downloaded from google-maven-central: https://maven-central.storage-download.googleapis.com/maven2/org/opensaml/opensaml-storage-api/3.3.0/opensaml-storage-api-3.3.0.pom (1.2 kB at 6.7 kB/s)
18:02:31.983 [Thread-12] DEBUG spoon.Launcher - [INFO] Downloading from google-maven-central: https://maven-central.storage-download.googleapis.com/maven2/org/opensaml/opensaml-saml-impl/3.3.0/opensaml-saml-impl-3.3.0.pom
18:02:32.169 [Thread-12] DEBUG spoon.Launcher - [INFO] Downloaded from google-maven-central: https://maven-central.storage-download.googleapis.com/maven2/org/opensaml/opensaml-saml-impl/3.3.0/opensaml-saml-impl-3.3.0.pom (5.5 kB at 30 kB/s)
18:02:32.174 [Thread-12] DEBUG spoon.Launcher - [INFO] Downloading from google-maven-central: https://maven-central.storage-download.googleapis.com/maven2/org/opensaml/opensaml-security-impl/3.3.0/opensaml-security-impl-3.3.0.pom
18:02:32.369 [Thread-12] DEBUG spoon.Launcher - [INFO] Downloaded from google-maven-central: https://maven-central.storage-download.googleapis.com/maven2/org/opensaml/opensaml-security-impl/3.3.0/opensaml-security-impl-3.3.0.pom (2.1 kB at 11 kB/s)
18:02:32.373 [Thread-12] DEBUG spoon.Launcher - [INFO] Downloading from google-maven-central: https://maven-central.storage-download.googleapis.com/maven2/org/opensaml/opensaml-xmlsec-impl/3.3.0/opensaml-xmlsec-impl-3.3.0.pom
18:02:32.512 [Thread-12] DEBUG spoon.Launcher - [INFO] Downloaded from google-maven-central: https://maven-central.storage-download.googleapis.com/maven2/org/opensaml/opensaml-xmlsec-impl/3.3.0/opensaml-xmlsec-impl-3.3.0.pom (2.1 kB at 15 kB/s)
18:02:32.518 [Thread-12] DEBUG spoon.Launcher - [INFO] Downloading from google-maven-central: https://maven-central.storage-download.googleapis.com/maven2/org/opensaml/opensaml-soap-impl/3.3.0/opensaml-soap-impl-3.3.0.pom
18:02:32.661 [Thread-12] DEBUG spoon.Launcher - [INFO] Downloaded from google-maven-central: https://maven-central.storage-download.googleapis.com/maven2/org/opensaml/opensaml-soap-impl/3.3.0/opensaml-soap-impl-3.3.0.pom (2.7 kB at 19 kB/s)
18:02:32.673 [Thread-12] DEBUG spoon.Launcher - [INFO] Downloading from google-maven-central: https://maven-central.storage-download.googleapis.com/maven2/org/opensaml/opensaml-profile-impl/3.3.0/opensaml-profile-impl-3.3.0.pom
18:02:32.863 [Thread-12] DEBUG spoon.Launcher - [INFO] Downloaded from google-maven-central: https://maven-central.storage-download.googleapis.com/maven2/org/opensaml/opensaml-profile-impl/3.3.0/opensaml-profile-impl-3.3.0.pom (3.3 kB at 17 kB/s)
18:02:32.872 [Thread-12] DEBUG spoon.Launcher - [INFO] Downloading from google-maven-central: https://maven-central.storage-download.googleapis.com/maven2/org/opensaml/opensaml-messaging-impl/3.3.0/opensaml-messaging-impl-3.3.0.pom
18:02:33.066 [Thread-12] DEBUG spoon.Launcher - [INFO] Downloaded from google-maven-central: https://maven-central.storage-download.googleapis.com/maven2/org/opensaml/opensaml-messaging-impl/3.3.0/opensaml-messaging-impl-3.3.0.pom (2.1 kB at 11 kB/s)
18:02:33.071 [Thread-12] DEBUG spoon.Launcher - [INFO] Downloading from google-maven-central: https://maven-central.storage-download.googleapis.com/maven2/org/cryptacular/cryptacular/1.1.0/cryptacular-1.1.0.pom
18:02:33.290 [Thread-12] DEBUG spoon.Launcher - [INFO] Downloaded from google-maven-central: https://maven-central.storage-download.googleapis.com/maven2/org/cryptacular/cryptacular/1.1.0/cryptacular-1.1.0.pom (10.0 kB at 45 kB/s)
18:02:33.294 [Thread-12] DEBUG spoon.Launcher - [INFO] Downloading from google-maven-central: https://maven-central.storage-download.googleapis.com/maven2/joda-time/joda-time/2.9.2/joda-time-2.9.2.pom
18:02:33.472 [Thread-12] DEBUG spoon.Launcher - [INFO] Downloaded from google-maven-central: https://maven-central.storage-download.googleapis.com/maven2/joda-time/joda-time/2.9.2/joda-time-2.9.2.pom (30 kB at 168 kB/s)
18:02:33.490 [Thread-12] DEBUG spoon.Launcher - [INFO] Downloading from google-maven-central: https://maven-central.storage-download.googleapis.com/maven2/commons-logging/commons-logging/1.2/commons-logging-1.2.pom
18:02:33.531 [Thread-12] DEBUG spoon.Launcher - [INFO] Downloaded from google-maven-central: https://maven-central.storage-download.googleapis.com/maven2/commons-logging/commons-logging/1.2/commons-logging-1.2.pom (19 kB at 1.5 MB/s)
18:02:33.532 [Thread-12] DEBUG spoon.Launcher - [INFO] Downloading from google-maven-central: https://maven-central.storage-download.googleapis.com/maven2/org/apache/commons/commons-parent/34/commons-parent-34.pom
18:02:33.538 [Thread-12] DEBUG spoon.Launcher - [INFO] Downloaded from google-maven-central: https://maven-central.storage-download.googleapis.com/maven2/org/apache/commons/commons-parent/34/commons-parent-34.pom (56 kB at 8.0 MB/s)
18:02:33.542 [Thread-12] DEBUG spoon.Launcher - [INFO] Downloading from google-maven-central: https://maven-central.storage-download.googleapis.com/maven2/org/springframework/spring-web/4.3.7.RELEASE/spring-web-4.3.7.RELEASE.pom
18:02:33.796 [Thread-12] DEBUG spoon.Launcher - [INFO] Downloaded from google-maven-central: https://maven-central.storage-download.googleapis.com/maven2/org/springframework/spring-web/4.3.7.RELEASE/spring-web-4.3.7.RELEASE.pom (8.0 kB at 31 kB/s)
18:02:33.799 [Thread-12] DEBUG spoon.Launcher - [INFO] Downloading from google-maven-central: https://maven-central.storage-download.googleapis.com/maven2/org/springframework/spring-aop/4.3.7.RELEASE/spring-aop-4.3.7.RELEASE.pom
18:02:33.980 [Thread-12] DEBUG spoon.Launcher - [INFO] Downloaded from google-maven-central: https://maven-central.storage-download.googleapis.com/maven2/org/springframework/spring-aop/4.3.7.RELEASE/spring-aop-4.3.7.RELEASE.pom (2.7 kB at 15 kB/s)
18:02:33.983 [Thread-12] DEBUG spoon.Launcher - [INFO] Downloading from google-maven-central: https://maven-central.storage-download.googleapis.com/maven2/org/springframework/spring-beans/4.3.7.RELEASE/spring-beans-4.3.7.RELEASE.pom
18:02:34.262 [Thread-12] DEBUG spoon.Launcher - [INFO] Downloaded from google-maven-central: https://maven-central.storage-download.googleapis.com/maven2/org/springframework/spring-beans/4.3.7.RELEASE/spring-beans-4.3.7.RELEASE.pom (2.5 kB at 9.0 kB/s)
18:02:34.265 [Thread-12] DEBUG spoon.Launcher - [INFO] Downloading from google-maven-central: https://maven-central.storage-download.googleapis.com/maven2/org/springframework/spring-context/4.3.7.RELEASE/spring-context-4.3.7.RELEASE.pom
18:02:34.451 [Thread-12] DEBUG spoon.Launcher - [INFO] Downloaded from google-maven-central: https://maven-central.storage-download.googleapis.com/maven2/org/springframework/spring-context/4.3.7.RELEASE/spring-context-4.3.7.RELEASE.pom (5.0 kB at 27 kB/s)
18:02:34.453 [Thread-12] DEBUG spoon.Launcher - [INFO] Downloading from google-maven-central: https://maven-central.storage-download.googleapis.com/maven2/org/springframework/spring-expression/4.3.7.RELEASE/spring-expression-4.3.7.RELEASE.pom
18:02:34.710 [Thread-12] DEBUG spoon.Launcher - [INFO] Downloaded from google-maven-central: https://maven-central.storage-download.googleapis.com/maven2/org/springframework/spring-expression/4.3.7.RELEASE/spring-expression-4.3.7.RELEASE.pom (1.7 kB at 6.7 kB/s)
18:02:34.723 [Thread-12] DEBUG spoon.Launcher - [INFO] Downloading from google-maven-central: https://maven-central.storage-download.googleapis.com/maven2/org/opensaml/opensaml-core/3.3.0/opensaml-core-3.3.0.jar
18:02:34.728 [Thread-12] DEBUG spoon.Launcher - [INFO] Downloading from google-maven-central: https://maven-central.storage-download.googleapis.com/maven2/org/opensaml/opensaml-saml-api/3.3.0/opensaml-saml-api-3.3.0.jar
18:02:34.728 [Thread-12] DEBUG spoon.Launcher - [INFO] Downloading from google-maven-central: https://maven-central.storage-download.googleapis.com/maven2/org/opensaml/opensaml-storage-api/3.3.0/opensaml-storage-api-3.3.0.jar
18:02:34.729 [Thread-12] DEBUG spoon.Launcher - [INFO] Downloading from google-maven-central: https://maven-central.storage-download.googleapis.com/maven2/org/opensaml/opensaml-saml-impl/3.3.0/opensaml-saml-impl-3.3.0.jar
18:02:34.743 [Thread-12] DEBUG spoon.Launcher - [INFO] Downloading from google-maven-central: https://maven-central.storage-download.googleapis.com/maven2/org/opensaml/opensaml-soap-impl/3.3.0/opensaml-soap-impl-3.3.0.jar
18:02:34.884 [Thread-12] DEBUG spoon.Launcher - [INFO] Downloaded from google-maven-central: https://maven-central.storage-download.googleapis.com/maven2/org/opensaml/opensaml-storage-api/3.3.0/opensaml-storage-api-3.3.0.jar (24 kB at 151 kB/s)
18:02:34.884 [Thread-12] DEBUG spoon.Launcher - [INFO] Downloading from google-maven-central: https://maven-central.storage-download.googleapis.com/maven2/org/opensaml/opensaml-soap-api/3.3.0/opensaml-soap-api-3.3.0.jar
18:02:34.935 [Thread-12] DEBUG spoon.Launcher - [INFO] Downloaded from google-maven-central: https://maven-central.storage-download.googleapis.com/maven2/org/opensaml/opensaml-saml-api/3.3.0/opensaml-saml-api-3.3.0.jar (397 kB at 1.9 MB/s)
18:02:34.935 [Thread-12] DEBUG spoon.Launcher - [INFO] Downloading from google-maven-central: https://maven-central.storage-download.googleapis.com/maven2/org/opensaml/opensaml-xmlsec-api/3.3.0/opensaml-xmlsec-api-3.3.0.jar
18:02:34.938 [Thread-12] DEBUG spoon.Launcher - [INFO] Downloaded from google-maven-central: https://maven-central.storage-download.googleapis.com/maven2/org/opensaml/opensaml-soap-impl/3.3.0/opensaml-soap-impl-3.3.0.jar (403 kB at 1.9 MB/s)
18:02:34.938 [Thread-12] DEBUG spoon.Launcher - [INFO] Downloading from google-maven-central: https://maven-central.storage-download.googleapis.com/maven2/org/opensaml/opensaml-security-api/3.3.0/opensaml-security-api-3.3.0.jar
18:02:35.036 [Thread-12] DEBUG spoon.Launcher - [INFO] Downloaded from google-maven-central: https://maven-central.storage-download.googleapis.com/maven2/org/opensaml/opensaml-core/3.3.0/opensaml-core-3.3.0.jar (178 kB at 567 kB/s)
18:02:35.036 [Thread-12] DEBUG spoon.Launcher - [INFO] Downloading from google-maven-central: https://maven-central.storage-download.googleapis.com/maven2/org/opensaml/opensaml-security-impl/3.3.0/opensaml-security-impl-3.3.0.jar
18:02:35.091 [Thread-12] DEBUG spoon.Launcher - [INFO] Downloaded from google-maven-central: https://maven-central.storage-download.googleapis.com/maven2/org/opensaml/opensaml-security-api/3.3.0/opensaml-security-api-3.3.0.jar (61 kB at 169 kB/s)
18:02:35.091 [Thread-12] DEBUG spoon.Launcher - [INFO] Downloading from google-maven-central: https://maven-central.storage-download.googleapis.com/maven2/org/opensaml/opensaml-profile-api/3.3.0/opensaml-profile-api-3.3.0.jar
18:02:35.112 [Thread-12] DEBUG spoon.Launcher - [INFO] Downloaded from google-maven-central: https://maven-central.storage-download.googleapis.com/maven2/org/opensaml/opensaml-xmlsec-api/3.3.0/opensaml-xmlsec-api-3.3.0.jar (206 kB at 540 kB/s)
18:02:35.113 [Thread-12] DEBUG spoon.Launcher - [INFO] Downloading from google-maven-central: https://maven-central.storage-download.googleapis.com/maven2/org/opensaml/opensaml-profile-impl/3.3.0/opensaml-profile-impl-3.3.0.jar
18:02:35.116 [Thread-12] DEBUG spoon.Launcher - [INFO] Downloaded from google-maven-central: https://maven-central.storage-download.googleapis.com/maven2/org/opensaml/opensaml-soap-api/3.3.0/opensaml-soap-api-3.3.0.jar (161 kB at 416 kB/s)
18:02:35.117 [Thread-12] DEBUG spoon.Launcher - [INFO] Downloading from google-maven-central: https://maven-central.storage-download.googleapis.com/maven2/org/opensaml/opensaml-messaging-api/3.3.0/opensaml-messaging-api-3.3.0.jar
18:02:35.118 [Thread-12] DEBUG spoon.Launcher - [INFO] Downloaded from google-maven-central: https://maven-central.storage-download.googleapis.com/maven2/org/opensaml/opensaml-saml-impl/3.3.0/opensaml-saml-impl-3.3.0.jar (1.1 MB at 2.9 MB/s)
18:02:35.118 [Thread-12] DEBUG spoon.Launcher - [INFO] Downloading from google-maven-central: https://maven-central.storage-download.googleapis.com/maven2/org/opensaml/opensaml-messaging-impl/3.3.0/opensaml-messaging-impl-3.3.0.jar
18:02:35.201 [Thread-12] DEBUG spoon.Launcher - [INFO] Downloaded from google-maven-central: https://maven-central.storage-download.googleapis.com/maven2/org/opensaml/opensaml-security-impl/3.3.0/opensaml-security-impl-3.3.0.jar (98 kB at 207 kB/s)
18:02:35.202 [Thread-12] DEBUG spoon.Launcher - [INFO] Downloading from google-maven-central: https://maven-central.storage-download.googleapis.com/maven2/org/opensaml/opensaml-xmlsec-impl/3.3.0/opensaml-xmlsec-impl-3.3.0.jar
18:02:35.258 [Thread-12] DEBUG spoon.Launcher - [INFO] Downloaded from google-maven-central: https://maven-central.storage-download.googleapis.com/maven2/org/opensaml/opensaml-profile-api/3.3.0/opensaml-profile-api-3.3.0.jar (27 kB at 51 kB/s)
18:02:35.259 [Thread-12] DEBUG spoon.Launcher - [INFO] Downloading from google-maven-central: https://maven-central.storage-download.googleapis.com/maven2/org/cryptacular/cryptacular/1.1.0/cryptacular-1.1.0.jar
18:02:35.291 [Thread-12] DEBUG spoon.Launcher - [INFO] Downloaded from google-maven-central: https://maven-central.storage-download.googleapis.com/maven2/org/opensaml/opensaml-profile-impl/3.3.0/opensaml-profile-impl-3.3.0.jar (28 kB at 50 kB/s)
18:02:35.291 [Thread-12] DEBUG spoon.Launcher - [INFO] Downloading from google-maven-central: https://maven-central.storage-download.googleapis.com/maven2/joda-time/joda-time/2.9.2/joda-time-2.9.2.jar
18:02:35.301 [Thread-12] DEBUG spoon.Launcher - [INFO] Downloaded from google-maven-central: https://maven-central.storage-download.googleapis.com/maven2/org/opensaml/opensaml-messaging-api/3.3.0/opensaml-messaging-api-3.3.0.jar (53 kB at 93 kB/s)
18:02:35.301 [Thread-12] DEBUG spoon.Launcher - [INFO] Downloading from google-maven-central: https://maven-central.storage-download.googleapis.com/maven2/commons-logging/commons-logging/1.2/commons-logging-1.2.jar
18:02:35.307 [Thread-12] DEBUG spoon.Launcher - [INFO] Downloaded from google-maven-central: https://maven-central.storage-download.googleapis.com/maven2/commons-logging/commons-logging/1.2/commons-logging-1.2.jar (62 kB at 107 kB/s)
18:02:35.307 [Thread-12] DEBUG spoon.Launcher - [INFO] Downloading from google-maven-central: https://maven-central.storage-download.googleapis.com/maven2/org/springframework/spring-web/4.3.7.RELEASE/spring-web-4.3.7.RELEASE.jar
18:02:35.354 [Thread-12] DEBUG spoon.Launcher - [INFO] Downloaded from google-maven-central: https://maven-central.storage-download.googleapis.com/maven2/org/opensaml/opensaml-messaging-impl/3.3.0/opensaml-messaging-impl-3.3.0.jar (13 kB at 20 kB/s)
18:02:35.354 [Thread-12] DEBUG spoon.Launcher - [INFO] Downloading from google-maven-central: https://maven-central.storage-download.googleapis.com/maven2/org/springframework/spring-aop/4.3.7.RELEASE/spring-aop-4.3.7.RELEASE.jar
18:02:35.445 [Thread-12] DEBUG spoon.Launcher - [INFO] Downloaded from google-maven-central: https://maven-central.storage-download.googleapis.com/maven2/org/opensaml/opensaml-xmlsec-impl/3.3.0/opensaml-xmlsec-impl-3.3.0.jar (292 kB at 409 kB/s)
18:02:35.445 [Thread-12] DEBUG spoon.Launcher - [INFO] Downloading from google-maven-central: https://maven-central.storage-download.googleapis.com/maven2/org/springframework/spring-beans/4.3.7.RELEASE/spring-beans-4.3.7.RELEASE.jar
18:02:35.447 [Thread-12] DEBUG spoon.Launcher - [INFO] Downloaded from google-maven-central: https://maven-central.storage-download.googleapis.com/maven2/org/cryptacular/cryptacular/1.1.0/cryptacular-1.1.0.jar (151 kB at 210 kB/s)
18:02:35.448 [Thread-12] DEBUG spoon.Launcher - [INFO] Downloading from google-maven-central: https://maven-central.storage-download.googleapis.com/maven2/org/springframework/spring-context/4.3.7.RELEASE/spring-context-4.3.7.RELEASE.jar
18:02:35.545 [Thread-12] DEBUG spoon.Launcher - [INFO] Downloaded from google-maven-central: https://maven-central.storage-download.googleapis.com/maven2/joda-time/joda-time/2.9.2/joda-time-2.9.2.jar (626 kB at 769 kB/s)
18:02:35.545 [Thread-12] DEBUG spoon.Launcher - [INFO] Downloading from google-maven-central: https://maven-central.storage-download.googleapis.com/maven2/org/springframework/spring-expression/4.3.7.RELEASE/spring-expression-4.3.7.RELEASE.jar
18:02:35.569 [Thread-12] DEBUG spoon.Launcher - [INFO] Downloaded from google-maven-central: https://maven-central.storage-download.googleapis.com/maven2/org/springframework/spring-aop/4.3.7.RELEASE/spring-aop-4.3.7.RELEASE.jar (380 kB at 453 kB/s)
18:02:35.584 [Thread-12] DEBUG spoon.Launcher - [INFO] Downloaded from google-maven-central: https://maven-central.storage-download.googleapis.com/maven2/org/springframework/spring-web/4.3.7.RELEASE/spring-web-4.3.7.RELEASE.jar (818 kB at 958 kB/s)
18:02:35.664 [Thread-12] DEBUG spoon.Launcher - [INFO] Downloaded from google-maven-central: https://maven-central.storage-download.googleapis.com/maven2/org/springframework/spring-context/4.3.7.RELEASE/spring-context-4.3.7.RELEASE.jar (1.1 MB at 1.2 MB/s)
18:02:35.683 [Thread-12] DEBUG spoon.Launcher - [INFO] Downloaded from google-maven-central: https://maven-central.storage-download.googleapis.com/maven2/org/springframework/spring-expression/4.3.7.RELEASE/spring-expression-4.3.7.RELEASE.jar (263 kB at 277 kB/s)
18:02:35.725 [Thread-12] DEBUG spoon.Launcher - [INFO] Downloaded from google-maven-central: https://maven-central.storage-download.googleapis.com/maven2/org/springframework/spring-beans/4.3.7.RELEASE/spring-beans-4.3.7.RELEASE.jar (763 kB at 767 kB/s)
18:02:35.736 [Thread-12] DEBUG spoon.Launcher - [INFO] 
18:02:35.737 [Thread-12] DEBUG spoon.Launcher - [INFO] --- maven-dependency-plugin:2.8:build-classpath (default-cli) @ pac4j-saml ---
18:02:35.742 [Thread-12] DEBUG spoon.Launcher - [INFO] Wrote classpath file '/home/travis/build/SpoonLabs/spoon-ci-external/spoon/src/test/resources/maven-launcher/pac4j/pac4j-saml/spoon.classpath.tmp'.
18:02:35.743 [Thread-12] DEBUG spoon.Launcher - [INFO] 
18:02:35.744 [Thread-12] DEBUG spoon.Launcher - [INFO] -----------------------< org.pac4j:pac4j-oauth >------------------------
18:02:35.745 [Thread-12] DEBUG spoon.Launcher - [INFO] Building pac4j for OAuth protocol 3.0.0                           [5/16]
18:02:35.745 [Thread-12] DEBUG spoon.Launcher - [INFO] --------------------------------[ jar ]---------------------------------
18:02:35.750 [Thread-12] DEBUG spoon.Launcher - [INFO] Downloading from google-maven-central: https://maven-central.storage-download.googleapis.com/maven2/com/github/scribejava/scribejava-apis/3.3.0/scribejava-apis-3.3.0.pom
18:02:35.949 [Thread-12] DEBUG spoon.Launcher - [INFO] Downloaded from google-maven-central: https://maven-central.storage-download.googleapis.com/maven2/com/github/scribejava/scribejava-apis/3.3.0/scribejava-apis-3.3.0.pom (1.8 kB at 8.8 kB/s)
18:02:35.952 [Thread-12] DEBUG spoon.Launcher - [INFO] Downloading from google-maven-central: https://maven-central.storage-download.googleapis.com/maven2/com/github/scribejava/scribejava/3.3.0/scribejava-3.3.0.pom
18:02:36.118 [Thread-12] DEBUG spoon.Launcher - [INFO] Downloaded from google-maven-central: https://maven-central.storage-download.googleapis.com/maven2/com/github/scribejava/scribejava/3.3.0/scribejava-3.3.0.pom (11 kB at 64 kB/s)
18:02:36.123 [Thread-12] DEBUG spoon.Launcher - [INFO] Downloading from google-maven-central: https://maven-central.storage-download.googleapis.com/maven2/com/github/scribejava/scribejava-core/3.3.0/scribejava-core-3.3.0.pom
18:02:36.276 [Thread-12] DEBUG spoon.Launcher - [INFO] Downloaded from google-maven-central: https://maven-central.storage-download.googleapis.com/maven2/com/github/scribejava/scribejava-core/3.3.0/scribejava-core-3.3.0.pom (1.0 kB at 6.7 kB/s)
18:02:36.287 [Thread-12] DEBUG spoon.Launcher - [INFO] Downloading from google-maven-central: https://maven-central.storage-download.googleapis.com/maven2/com/github/scribejava/scribejava-apis/3.3.0/scribejava-apis-3.3.0.jar
18:02:36.291 [Thread-12] DEBUG spoon.Launcher - [INFO] Downloading from google-maven-central: https://maven-central.storage-download.googleapis.com/maven2/com/github/scribejava/scribejava-core/3.3.0/scribejava-core-3.3.0.jar
18:02:36.442 [Thread-12] DEBUG spoon.Launcher - [INFO] Downloaded from google-maven-central: https://maven-central.storage-download.googleapis.com/maven2/com/github/scribejava/scribejava-core/3.3.0/scribejava-core-3.3.0.jar (82 kB at 524 kB/s)
18:02:36.489 [Thread-12] DEBUG spoon.Launcher - [INFO] Downloaded from google-maven-central: https://maven-central.storage-download.googleapis.com/maven2/com/github/scribejava/scribejava-apis/3.3.0/scribejava-apis-3.3.0.jar (83 kB at 408 kB/s)
18:02:36.499 [Thread-12] DEBUG spoon.Launcher - [INFO] 
18:02:36.499 [Thread-12] DEBUG spoon.Launcher - [INFO] --- maven-dependency-plugin:2.8:build-classpath (default-cli) @ pac4j-oauth ---
18:02:36.518 [Thread-12] DEBUG spoon.Launcher - [INFO] Wrote classpath file '/home/travis/build/SpoonLabs/spoon-ci-external/spoon/src/test/resources/maven-launcher/pac4j/pac4j-oauth/spoon.classpath.tmp'.
18:02:36.519 [Thread-12] DEBUG spoon.Launcher - [INFO] 
18:02:36.522 [Thread-12] DEBUG spoon.Launcher - [INFO] ------------------------< org.pac4j:pac4j-oidc >------------------------
18:02:36.522 [Thread-12] DEBUG spoon.Launcher - [INFO] Building pac4j for OpenID Connect protocol 3.0.0                  [6/16]
18:02:36.523 [Thread-12] DEBUG spoon.Launcher - [INFO] --------------------------------[ jar ]---------------------------------
18:02:36.545 [Thread-12] DEBUG spoon.Launcher - [INFO] Downloading from google-maven-central: https://maven-central.storage-download.googleapis.com/maven2/com/nimbusds/oauth2-oidc-sdk/5.24.2/oauth2-oidc-sdk-5.24.2.pom
18:02:36.686 [Thread-12] DEBUG spoon.Launcher - [INFO] Downloaded from google-maven-central: https://maven-central.storage-download.googleapis.com/maven2/com/nimbusds/oauth2-oidc-sdk/5.24.2/oauth2-oidc-sdk-5.24.2.pom (11 kB at 69 kB/s)
18:02:36.693 [Thread-12] DEBUG spoon.Launcher - [INFO] Downloading from google-maven-central: https://maven-central.storage-download.googleapis.com/maven2/org/apache/commons/commons-lang3/3.5/commons-lang3-3.5.pom
18:02:36.716 [Thread-12] DEBUG spoon.Launcher - [INFO] Downloaded from google-maven-central: https://maven-central.storage-download.googleapis.com/maven2/org/apache/commons/commons-lang3/3.5/commons-lang3-3.5.pom (23 kB at 1.4 MB/s)
18:02:36.726 [Thread-12] DEBUG spoon.Launcher - [INFO] Downloading from google-maven-central: https://maven-central.storage-download.googleapis.com/maven2/org/apache/commons/commons-parent/41/commons-parent-41.pom
18:02:36.743 [Thread-12] DEBUG spoon.Launcher - [INFO] Downloaded from google-maven-central: https://maven-central.storage-download.googleapis.com/maven2/org/apache/commons/commons-parent/41/commons-parent-41.pom (65 kB at 4.6 MB/s)
18:02:36.855 [Thread-12] DEBUG spoon.Launcher - [INFO] Downloading from sonatype: https://oss.sonatype.org/content/repositories/releases/com/nimbusds/lang-tag/maven-metadata.xml
18:02:36.859 [Thread-12] DEBUG spoon.Launcher - [INFO] Downloading from sonatype-apache: https://repository.apache.org/content/repositories/releases/com/nimbusds/lang-tag/maven-metadata.xml
18:02:36.867 [Thread-12] DEBUG spoon.Launcher - [INFO] Downloading from apache-snapshots: https://repository.apache.org/snapshots/com/nimbusds/lang-tag/maven-metadata.xml
18:02:37.306 [Thread-12] DEBUG spoon.Launcher - [INFO] Downloaded from sonatype: https://oss.sonatype.org/content/repositories/releases/com/nimbusds/lang-tag/maven-metadata.xml (563 B at 1.2 kB/s)
18:02:37.476 [Thread-12] DEBUG spoon.Launcher - [INFO] Downloading from sonatype-apache: https://repository.apache.org/content/repositories/releases/net/minidev/json-smart/maven-metadata.xml
18:02:37.478 [Thread-12] DEBUG spoon.Launcher - [INFO] Downloading from sonatype: https://oss.sonatype.org/content/repositories/releases/net/minidev/json-smart/maven-metadata.xml
18:02:37.479 [Thread-12] DEBUG spoon.Launcher - [INFO] Downloading from apache-snapshots: https://repository.apache.org/snapshots/net/minidev/json-smart/maven-metadata.xml
18:02:37.594 [Thread-12] DEBUG spoon.Launcher - [INFO] Downloaded from sonatype: https://oss.sonatype.org/content/repositories/releases/net/minidev/json-smart/maven-metadata.xml (849 B at 7.2 kB/s)
18:02:37.848 [Thread-12] DEBUG spoon.Launcher - [INFO] Downloading from google-maven-central: https://maven-central.storage-download.googleapis.com/maven2/com/nimbusds/oauth2-oidc-sdk/5.24.2/oauth2-oidc-sdk-5.24.2.jar
18:02:37.860 [Thread-12] DEBUG spoon.Launcher - [INFO] Downloading from google-maven-central: https://maven-central.storage-download.googleapis.com/maven2/org/apache/commons/commons-lang3/3.5/commons-lang3-3.5.jar
18:02:37.860 [Thread-12] DEBUG spoon.Launcher - [INFO] Downloading from google-maven-central: https://maven-central.storage-download.googleapis.com/maven2/org/bouncycastle/bcprov-jdk15on/1.55/bcprov-jdk15on-1.55.jar
18:02:37.862 [Thread-12] DEBUG spoon.Launcher - [INFO] Downloading from google-maven-central: https://maven-central.storage-download.googleapis.com/maven2/net/minidev/json-smart/1.3.1/json-smart-1.3.1.jar
18:02:37.882 [Thread-12] DEBUG spoon.Launcher - [INFO] Downloaded from google-maven-central: https://maven-central.storage-download.googleapis.com/maven2/org/apache/commons/commons-lang3/3.5/commons-lang3-3.5.jar (480 kB at 14 MB/s)
18:02:38.046 [Thread-12] DEBUG spoon.Launcher - [INFO] Downloaded from google-maven-central: https://maven-central.storage-download.googleapis.com/maven2/net/minidev/json-smart/1.3.1/json-smart-1.3.1.jar (78 kB at 404 kB/s)
18:02:38.090 [Thread-12] DEBUG spoon.Launcher - [INFO] Downloaded from google-maven-central: https://maven-central.storage-download.googleapis.com/maven2/com/nimbusds/oauth2-oidc-sdk/5.24.2/oauth2-oidc-sdk-5.24.2.jar (363 kB at 1.5 MB/s)
18:02:38.148 [Thread-12] DEBUG spoon.Launcher - [INFO] Downloaded from google-maven-central: https://maven-central.storage-download.googleapis.com/maven2/org/bouncycastle/bcprov-jdk15on/1.55/bcprov-jdk15on-1.55.jar (3.4 MB at 12 MB/s)
18:02:38.151 [Thread-12] DEBUG spoon.Launcher - [INFO] 
18:02:38.151 [Thread-12] DEBUG spoon.Launcher - [INFO] --- maven-dependency-plugin:2.8:build-classpath (default-cli) @ pac4j-oidc ---
18:02:38.154 [Thread-12] DEBUG spoon.Launcher - [INFO] Wrote classpath file '/home/travis/build/SpoonLabs/spoon-ci-external/spoon/src/test/resources/maven-launcher/pac4j/pac4j-oidc/spoon.classpath.tmp'.
18:02:38.154 [Thread-12] DEBUG spoon.Launcher - [INFO] 
18:02:38.154 [Thread-12] DEBUG spoon.Launcher - [INFO] ------------------------< org.pac4j:pac4j-ldap >------------------------
18:02:38.154 [Thread-12] DEBUG spoon.Launcher - [INFO] Building pac4j for LDAP 3.0.0                                     [7/16]
18:02:38.154 [Thread-12] DEBUG spoon.Launcher - [INFO] --------------------------------[ jar ]---------------------------------
18:02:38.156 [Thread-12] DEBUG spoon.Launcher - [INFO] Downloading from google-maven-central: https://maven-central.storage-download.googleapis.com/maven2/org/ldaptive/ldaptive/1.2.1/ldaptive-1.2.1.pom
18:02:38.402 [Thread-12] DEBUG spoon.Launcher - [INFO] Downloaded from google-maven-central: https://maven-central.storage-download.googleapis.com/maven2/org/ldaptive/ldaptive/1.2.1/ldaptive-1.2.1.pom (1.1 kB at 4.4 kB/s)
18:02:38.404 [Thread-12] DEBUG spoon.Launcher - [INFO] Downloading from google-maven-central: https://maven-central.storage-download.googleapis.com/maven2/org/ldaptive/ldaptive-parent/1.2.1/ldaptive-parent-1.2.1.pom
18:02:38.683 [Thread-12] DEBUG spoon.Launcher - [INFO] Downloaded from google-maven-central: https://maven-central.storage-download.googleapis.com/maven2/org/ldaptive/ldaptive-parent/1.2.1/ldaptive-parent-1.2.1.pom (20 kB at 71 kB/s)
18:02:38.687 [Thread-12] DEBUG spoon.Launcher - [INFO] Downloading from google-maven-central: https://maven-central.storage-download.googleapis.com/maven2/commons-cli/commons-cli/1.3.1/commons-cli-1.3.1.pom
18:02:38.840 [Thread-12] DEBUG spoon.Launcher - [INFO] Downloaded from google-maven-central: https://maven-central.storage-download.googleapis.com/maven2/commons-cli/commons-cli/1.3.1/commons-cli-1.3.1.pom (10 kB at 69 kB/s)
18:02:38.843 [Thread-12] DEBUG spoon.Launcher - [INFO] Downloading from google-maven-central: https://maven-central.storage-download.googleapis.com/maven2/org/apache/commons/commons-parent/37/commons-parent-37.pom
18:02:38.953 [Thread-12] DEBUG spoon.Launcher - [INFO] Downloaded from google-maven-central: https://maven-central.storage-download.googleapis.com/maven2/org/apache/commons/commons-parent/37/commons-parent-37.pom (63 kB at 573 kB/s)
18:02:38.964 [Thread-12] DEBUG spoon.Launcher - [INFO] Downloading from google-maven-central: https://maven-central.storage-download.googleapis.com/maven2/org/ldaptive/ldaptive/1.2.1/ldaptive-1.2.1.jar
18:02:38.965 [Thread-12] DEBUG spoon.Launcher - [INFO] Downloading from google-maven-central: https://maven-central.storage-download.googleapis.com/maven2/commons-cli/commons-cli/1.3.1/commons-cli-1.3.1.jar
18:02:39.094 [Thread-12] DEBUG spoon.Launcher - [INFO] Downloaded from google-maven-central: https://maven-central.storage-download.googleapis.com/maven2/commons-cli/commons-cli/1.3.1/commons-cli-1.3.1.jar (53 kB at 404 kB/s)
18:02:39.190 [Thread-12] DEBUG spoon.Launcher - [INFO] Downloaded from google-maven-central: https://maven-central.storage-download.googleapis.com/maven2/org/ldaptive/ldaptive/1.2.1/ldaptive-1.2.1.jar (788 kB at 3.4 MB/s)
18:02:39.192 [Thread-12] DEBUG spoon.Launcher - [INFO] 
18:02:39.192 [Thread-12] DEBUG spoon.Launcher - [INFO] --- maven-dependency-plugin:2.8:build-classpath (default-cli) @ pac4j-ldap ---
18:02:39.194 [Thread-12] DEBUG spoon.Launcher - [INFO] Wrote classpath file '/home/travis/build/SpoonLabs/spoon-ci-external/spoon/src/test/resources/maven-launcher/pac4j/pac4j-ldap/spoon.classpath.tmp'.
18:02:39.194 [Thread-12] DEBUG spoon.Launcher - [INFO] 
18:02:39.194 [Thread-12] DEBUG spoon.Launcher - [INFO] ------------------------< org.pac4j:pac4j-http >------------------------
18:02:39.195 [Thread-12] DEBUG spoon.Launcher - [INFO] Building pac4j for HTTP protocol 3.0.0                            [8/16]
18:02:39.195 [Thread-12] DEBUG spoon.Launcher - [INFO] --------------------------------[ jar ]---------------------------------
18:02:39.198 [Thread-12] DEBUG spoon.Launcher - [INFO] Downloading from google-maven-central: https://maven-central.storage-download.googleapis.com/maven2/org/nanohttpd/nanohttpd/2.3.1/nanohttpd-2.3.1.pom
18:02:39.399 [Thread-12] DEBUG spoon.Launcher - [INFO] Downloaded from google-maven-central: https://maven-central.storage-download.googleapis.com/maven2/org/nanohttpd/nanohttpd/2.3.1/nanohttpd-2.3.1.pom (915 B at 4.6 kB/s)
18:02:39.401 [Thread-12] DEBUG spoon.Launcher - [INFO] Downloading from google-maven-central: https://maven-central.storage-download.googleapis.com/maven2/org/nanohttpd/nanohttpd-project/2.3.1/nanohttpd-project-2.3.1.pom
18:02:39.588 [Thread-12] DEBUG spoon.Launcher - [INFO] Downloaded from google-maven-central: https://maven-central.storage-download.googleapis.com/maven2/org/nanohttpd/nanohttpd-project/2.3.1/nanohttpd-project-2.3.1.pom (14 kB at 74 kB/s)
18:02:39.592 [Thread-12] DEBUG spoon.Launcher - [INFO] Downloading from google-maven-central: https://maven-central.storage-download.googleapis.com/maven2/org/nanohttpd/nanohttpd/2.3.1/nanohttpd-2.3.1.jar
18:02:39.800 [Thread-12] DEBUG spoon.Launcher - [INFO] Downloaded from google-maven-central: https://maven-central.storage-download.googleapis.com/maven2/org/nanohttpd/nanohttpd/2.3.1/nanohttpd-2.3.1.jar (51 kB at 246 kB/s)
18:02:39.801 [Thread-12] DEBUG spoon.Launcher - [INFO] 
18:02:39.801 [Thread-12] DEBUG spoon.Launcher - [INFO] --- maven-dependency-plugin:2.8:build-classpath (default-cli) @ pac4j-http ---
18:02:39.803 [Thread-12] DEBUG spoon.Launcher - [INFO] Wrote classpath file '/home/travis/build/SpoonLabs/spoon-ci-external/spoon/src/test/resources/maven-launcher/pac4j/pac4j-http/spoon.classpath.tmp'.
18:02:39.806 [Thread-12] DEBUG spoon.Launcher - [INFO] 
18:02:39.806 [Thread-12] DEBUG spoon.Launcher - [INFO] ------------------------< org.pac4j:pac4j-sql >-------------------------
18:02:39.806 [Thread-12] DEBUG spoon.Launcher - [INFO] Building pac4j for relational DB 3.0.0                            [9/16]
18:02:39.806 [Thread-12] DEBUG spoon.Launcher - [INFO] --------------------------------[ jar ]---------------------------------
18:02:39.810 [Thread-12] DEBUG spoon.Launcher - [INFO] Downloading from google-maven-central: https://maven-central.storage-download.googleapis.com/maven2/com/h2database/h2/1.4.194/h2-1.4.194.pom
18:02:40.079 [Thread-12] DEBUG spoon.Launcher - [INFO] Downloaded from google-maven-central: https://maven-central.storage-download.googleapis.com/maven2/com/h2database/h2/1.4.194/h2-1.4.194.pom (960 B at 3.6 kB/s)
18:02:40.082 [Thread-12] DEBUG spoon.Launcher - [INFO] Downloading from google-maven-central: https://maven-central.storage-download.googleapis.com/maven2/com/h2database/h2/1.4.194/h2-1.4.194.jar
18:02:40.417 [Thread-12] DEBUG spoon.Launcher - [INFO] Downloaded from google-maven-central: https://maven-central.storage-download.googleapis.com/maven2/com/h2database/h2/1.4.194/h2-1.4.194.jar (1.8 MB at 5.4 MB/s)
18:02:40.418 [Thread-12] DEBUG spoon.Launcher - [INFO] 
18:02:40.418 [Thread-12] DEBUG spoon.Launcher - [INFO] --- maven-dependency-plugin:2.8:build-classpath (default-cli) @ pac4j-sql ---
18:02:40.421 [Thread-12] DEBUG spoon.Launcher - [INFO] Wrote classpath file '/home/travis/build/SpoonLabs/spoon-ci-external/spoon/src/test/resources/maven-launcher/pac4j/pac4j-sql/spoon.classpath.tmp'.
18:02:40.421 [Thread-12] DEBUG spoon.Launcher - [INFO] 
18:02:40.421 [Thread-12] DEBUG spoon.Launcher - [INFO] -----------------------< org.pac4j:pac4j-config >-----------------------
18:02:40.421 [Thread-12] DEBUG spoon.Launcher - [INFO] Building pac4j configuration 3.0.0                               [10/16]
18:02:40.421 [Thread-12] DEBUG spoon.Launcher - [INFO] --------------------------------[ jar ]---------------------------------
18:02:40.447 [Thread-12] DEBUG spoon.Launcher - [INFO] 
18:02:40.447 [Thread-12] DEBUG spoon.Launcher - [INFO] --- maven-dependency-plugin:2.8:build-classpath (default-cli) @ pac4j-config ---
18:02:40.449 [Thread-12] DEBUG spoon.Launcher - [INFO] Wrote classpath file '/home/travis/build/SpoonLabs/spoon-ci-external/spoon/src/test/resources/maven-launcher/pac4j/pac4j-config/spoon.classpath.tmp'.
18:02:40.450 [Thread-12] DEBUG spoon.Launcher - [INFO] 
18:02:40.450 [Thread-12] DEBUG spoon.Launcher - [INFO] -----------------------< org.pac4j:pac4j-openid >-----------------------
18:02:40.450 [Thread-12] DEBUG spoon.Launcher - [INFO] Building pac4j for OpenId protocol 3.0.0                         [11/16]
18:02:40.450 [Thread-12] DEBUG spoon.Launcher - [INFO] --------------------------------[ jar ]---------------------------------
18:02:40.453 [Thread-12] DEBUG spoon.Launcher - [INFO] Downloading from google-maven-central: https://maven-central.storage-download.googleapis.com/maven2/org/openid4java/openid4java/1.0.0/openid4java-1.0.0.pom
18:02:40.640 [Thread-12] DEBUG spoon.Launcher - [INFO] Downloaded from google-maven-central: https://maven-central.storage-download.googleapis.com/maven2/org/openid4java/openid4java/1.0.0/openid4java-1.0.0.pom (26 kB at 139 kB/s)
18:02:40.644 [Thread-12] DEBUG spoon.Launcher - [INFO] Downloading from google-maven-central: https://maven-central.storage-download.googleapis.com/maven2/org/apache/httpcomponents/httpclient/4.1/httpclient-4.1.pom
18:02:40.767 [Thread-12] DEBUG spoon.Launcher - [INFO] Downloaded from google-maven-central: https://maven-central.storage-download.googleapis.com/maven2/org/apache/httpcomponents/httpclient/4.1/httpclient-4.1.pom (6.0 kB at 49 kB/s)
18:02:40.769 [Thread-12] DEBUG spoon.Launcher - [INFO] Downloading from google-maven-central: https://maven-central.storage-download.googleapis.com/maven2/org/apache/httpcomponents/httpcomponents-client/4.1/httpcomponents-client-4.1.pom
18:02:40.920 [Thread-12] DEBUG spoon.Launcher - [INFO] Downloaded from google-maven-central: https://maven-central.storage-download.googleapis.com/maven2/org/apache/httpcomponents/httpcomponents-client/4.1/httpcomponents-client-4.1.pom (11 kB at 75 kB/s)
18:02:40.922 [Thread-12] DEBUG spoon.Launcher - [INFO] Downloading from google-maven-central: https://maven-central.storage-download.googleapis.com/maven2/org/apache/httpcomponents/project/4.1.1/project-4.1.1.pom
18:02:41.019 [Thread-12] DEBUG spoon.Launcher - [INFO] Downloaded from google-maven-central: https://maven-central.storage-download.googleapis.com/maven2/org/apache/httpcomponents/project/4.1.1/project-4.1.1.pom (17 kB at 171 kB/s)
18:02:41.022 [Thread-12] DEBUG spoon.Launcher - [INFO] Downloading from google-maven-central: https://maven-central.storage-download.googleapis.com/maven2/org/apache/httpcomponents/httpcore/4.1/httpcore-4.1.pom
18:02:41.210 [Thread-12] DEBUG spoon.Launcher - [INFO] Downloaded from google-maven-central: https://maven-central.storage-download.googleapis.com/maven2/org/apache/httpcomponents/httpcore/4.1/httpcore-4.1.pom (8.4 kB at 44 kB/s)
18:02:41.213 [Thread-12] DEBUG spoon.Launcher - [INFO] Downloading from google-maven-central: https://maven-central.storage-download.googleapis.com/maven2/org/apache/httpcomponents/httpcomponents-core/4.1/httpcomponents-core-4.1.pom
18:02:41.328 [Thread-12] DEBUG spoon.Launcher - [INFO] Downloaded from google-maven-central: https://maven-central.storage-download.googleapis.com/maven2/org/apache/httpcomponents/httpcomponents-core/4.1/httpcomponents-core-4.1.pom (9.0 kB at 78 kB/s)
18:02:41.333 [Thread-12] DEBUG spoon.Launcher - [INFO] Downloading from google-maven-central: https://maven-central.storage-download.googleapis.com/maven2/net/sourceforge/nekohtml/nekohtml/1.9.10/nekohtml-1.9.10.pom
18:02:41.576 [Thread-12] DEBUG spoon.Launcher - [INFO] Downloaded from google-maven-central: https://maven-central.storage-download.googleapis.com/maven2/net/sourceforge/nekohtml/nekohtml/1.9.10/nekohtml-1.9.10.pom (1.3 kB at 5.5 kB/s)
18:02:41.579 [Thread-12] DEBUG spoon.Launcher - [INFO] Downloading from google-maven-central: https://maven-central.storage-download.googleapis.com/maven2/xerces/xercesImpl/2.8.1/xercesImpl-2.8.1.pom
18:02:41.670 [Thread-12] DEBUG spoon.Launcher - [INFO] Downloaded from google-maven-central: https://maven-central.storage-download.googleapis.com/maven2/xerces/xercesImpl/2.8.1/xercesImpl-2.8.1.pom (2.2 kB at 24 kB/s)
18:02:41.673 [Thread-12] DEBUG spoon.Launcher - [INFO] Downloading from google-maven-central: https://maven-central.storage-download.googleapis.com/maven2/xml-apis/xml-apis/1.3.03/xml-apis-1.3.03.pom
18:02:41.751 [Thread-12] DEBUG spoon.Launcher - [INFO] Downloaded from google-maven-central: https://maven-central.storage-download.googleapis.com/maven2/xml-apis/xml-apis/1.3.03/xml-apis-1.3.03.pom (738 B at 9.5 kB/s)
18:02:41.753 [Thread-12] DEBUG spoon.Launcher - [INFO] Downloading from google-maven-central: https://maven-central.storage-download.googleapis.com/maven2/org/apache/apache/1/apache-1.pom
18:02:41.828 [Thread-12] DEBUG spoon.Launcher - [INFO] Downloaded from google-maven-central: https://maven-central.storage-download.googleapis.com/maven2/org/apache/apache/1/apache-1.pom (3.4 kB at 45 kB/s)
18:02:41.830 [Thread-12] DEBUG spoon.Launcher - [INFO] Downloading from google-maven-central: https://maven-central.storage-download.googleapis.com/maven2/com/google/inject/guice/2.0/guice-2.0.pom
18:02:42.012 [Thread-12] DEBUG spoon.Launcher - [INFO] Downloaded from google-maven-central: https://maven-central.storage-download.googleapis.com/maven2/com/google/inject/guice/2.0/guice-2.0.pom (771 B at 4.2 kB/s)
18:02:42.014 [Thread-12] DEBUG spoon.Launcher - [INFO] Downloading from google-maven-central: https://maven-central.storage-download.googleapis.com/maven2/com/google/inject/guice-parent/2.0/guice-parent-2.0.pom
18:02:42.240 [Thread-12] DEBUG spoon.Launcher - [INFO] Downloaded from google-maven-central: https://maven-central.storage-download.googleapis.com/maven2/com/google/inject/guice-parent/2.0/guice-parent-2.0.pom (2.6 kB at 11 kB/s)
18:02:42.243 [Thread-12] DEBUG spoon.Launcher - [INFO] Downloading from google-maven-central: https://maven-central.storage-download.googleapis.com/maven2/aopalliance/aopalliance/1.0/aopalliance-1.0.pom
18:02:42.296 [Thread-12] DEBUG spoon.Launcher - [INFO] Downloaded from google-maven-central: https://maven-central.storage-download.googleapis.com/maven2/aopalliance/aopalliance/1.0/aopalliance-1.0.pom (363 B at 7.0 kB/s)
18:02:42.298 [Thread-12] DEBUG spoon.Launcher - [WARNING] The artifact xml-apis:xml-apis:jar:2.0.2 has been relocated to xml-apis:xml-apis:jar:1.0.b2
18:02:42.302 [Thread-12] DEBUG spoon.Launcher - [INFO] Downloading from google-maven-central: https://maven-central.storage-download.googleapis.com/maven2/org/openid4java/openid4java/1.0.0/openid4java-1.0.0.jar
18:02:42.302 [Thread-12] DEBUG spoon.Launcher - [INFO] Downloading from google-maven-central: https://maven-central.storage-download.googleapis.com/maven2/org/apache/httpcomponents/httpclient/4.1/httpclient-4.1.jar
18:02:42.305 [Thread-12] DEBUG spoon.Launcher - [INFO] Downloading from google-maven-central: https://maven-central.storage-download.googleapis.com/maven2/org/apache/httpcomponents/httpcore/4.1/httpcore-4.1.jar
18:02:42.307 [Thread-12] DEBUG spoon.Launcher - [INFO] Downloading from google-maven-central: https://maven-central.storage-download.googleapis.com/maven2/net/sourceforge/nekohtml/nekohtml/1.9.10/nekohtml-1.9.10.jar
18:02:42.315 [Thread-12] DEBUG spoon.Launcher - [INFO] Downloading from google-maven-central: https://maven-central.storage-download.googleapis.com/maven2/com/google/inject/guice/2.0/guice-2.0.jar
18:02:42.471 [Thread-12] DEBUG spoon.Launcher - [INFO] Downloaded from google-maven-central: https://maven-central.storage-download.googleapis.com/maven2/org/apache/httpcomponents/httpclient/4.1/httpclient-4.1.jar (350 kB at 2.1 MB/s)
18:02:42.472 [Thread-12] DEBUG spoon.Launcher - [INFO] Downloading from google-maven-central: https://maven-central.storage-download.googleapis.com/maven2/aopalliance/aopalliance/1.0/aopalliance-1.0.jar
18:02:42.521 [Thread-12] DEBUG spoon.Launcher - [INFO] Downloaded from google-maven-central: https://maven-central.storage-download.googleapis.com/maven2/com/google/inject/guice/2.0/guice-2.0.jar (667 kB at 3.1 MB/s)
18:02:42.521 [Thread-12] DEBUG spoon.Launcher - [INFO] Downloading from google-maven-central: https://maven-central.storage-download.googleapis.com/maven2/xerces/xercesImpl/2.8.1/xercesImpl-2.8.1.jar
18:02:42.531 [Thread-12] DEBUG spoon.Launcher - [INFO] Downloaded from google-maven-central: https://maven-central.storage-download.googleapis.com/maven2/org/openid4java/openid4java/1.0.0/openid4java-1.0.0.jar (206 kB at 894 kB/s)
18:02:42.536 [Thread-12] DEBUG spoon.Launcher - [INFO] Downloaded from google-maven-central: https://maven-central.storage-download.googleapis.com/maven2/net/sourceforge/nekohtml/nekohtml/1.9.10/nekohtml-1.9.10.jar (118 kB at 505 kB/s)
18:02:42.540 [Thread-12] DEBUG spoon.Launcher - [INFO] Downloaded from google-maven-central: https://maven-central.storage-download.googleapis.com/maven2/aopalliance/aopalliance/1.0/aopalliance-1.0.jar (4.5 kB at 19 kB/s)
18:02:42.592 [Thread-12] DEBUG spoon.Launcher - [INFO] Downloaded from google-maven-central: https://maven-central.storage-download.googleapis.com/maven2/org/apache/httpcomponents/httpcore/4.1/httpcore-4.1.jar (181 kB at 626 kB/s)
18:02:42.728 [Thread-12] DEBUG spoon.Launcher - [INFO] Downloaded from google-maven-central: https://maven-central.storage-download.googleapis.com/maven2/xerces/xercesImpl/2.8.1/xercesImpl-2.8.1.jar (1.2 MB at 2.9 MB/s)
18:02:42.733 [Thread-12] DEBUG spoon.Launcher - [INFO] 
18:02:42.734 [Thread-12] DEBUG spoon.Launcher - [INFO] --- maven-dependency-plugin:2.8:build-classpath (default-cli) @ pac4j-openid ---
18:02:42.738 [Thread-12] DEBUG spoon.Launcher - [INFO] Wrote classpath file '/home/travis/build/SpoonLabs/spoon-ci-external/spoon/src/test/resources/maven-launcher/pac4j/pac4j-openid/spoon.classpath.tmp'.
18:02:42.738 [Thread-12] DEBUG spoon.Launcher - [INFO] 
18:02:42.740 [Thread-12] DEBUG spoon.Launcher - [INFO] ------------------------< org.pac4j:pac4j-gae >-------------------------
18:02:42.741 [Thread-12] DEBUG spoon.Launcher - [INFO] Building pac4j for GAE UserService mechanism 3.0.0               [12/16]
18:02:42.742 [Thread-12] DEBUG spoon.Launcher - [INFO] --------------------------------[ jar ]---------------------------------
18:02:42.750 [Thread-12] DEBUG spoon.Launcher - [INFO] Downloading from google-maven-central: https://maven-central.storage-download.googleapis.com/maven2/com/google/appengine/appengine-api-1.0-sdk/1.9.50/appengine-api-1.0-sdk-1.9.50.pom
18:02:43.026 [Thread-12] DEBUG spoon.Launcher - [INFO] Downloaded from google-maven-central: https://maven-central.storage-download.googleapis.com/maven2/com/google/appengine/appengine-api-1.0-sdk/1.9.50/appengine-api-1.0-sdk-1.9.50.pom (607 B at 2.2 kB/s)
18:02:43.029 [Thread-12] DEBUG spoon.Launcher - [INFO] Downloading from google-maven-central: https://maven-central.storage-download.googleapis.com/maven2/com/google/appengine/appengine/1.9.50/appengine-1.9.50.pom
18:02:43.249 [Thread-12] DEBUG spoon.Launcher - [INFO] Downloaded from google-maven-central: https://maven-central.storage-download.googleapis.com/maven2/com/google/appengine/appengine/1.9.50/appengine-1.9.50.pom (845 B at 3.8 kB/s)
18:02:43.252 [Thread-12] DEBUG spoon.Launcher - [INFO] Downloading from google-maven-central: https://maven-central.storage-download.googleapis.com/maven2/org/sonatype/oss/oss-parent/4/oss-parent-4.pom
18:02:43.401 [Thread-12] DEBUG spoon.Launcher - [INFO] Downloaded from google-maven-central: https://maven-central.storage-download.googleapis.com/maven2/org/sonatype/oss/oss-parent/4/oss-parent-4.pom (4.0 kB at 27 kB/s)
18:02:43.404 [Thread-12] DEBUG spoon.Launcher - [INFO] Downloading from google-maven-central: https://maven-central.storage-download.googleapis.com/maven2/com/google/appengine/appengine-jsr107cache/1.9.50/appengine-jsr107cache-1.9.50.pom
18:02:43.608 [Thread-12] DEBUG spoon.Launcher - [INFO] Downloaded from google-maven-central: https://maven-central.storage-download.googleapis.com/maven2/com/google/appengine/appengine-jsr107cache/1.9.50/appengine-jsr107cache-1.9.50.pom (607 B at 3.0 kB/s)
18:02:43.610 [Thread-12] DEBUG spoon.Launcher - [INFO] Downloading from google-maven-central: https://maven-central.storage-download.googleapis.com/maven2/net/sf/jsr107cache/jsr107cache/1.1/jsr107cache-1.1.pom
18:02:43.892 [Thread-12] DEBUG spoon.Launcher - [INFO] Downloaded from google-maven-central: https://maven-central.storage-download.googleapis.com/maven2/net/sf/jsr107cache/jsr107cache/1.1/jsr107cache-1.1.pom (2.6 kB at 9.1 kB/s)
18:02:43.895 [Thread-12] DEBUG spoon.Launcher - [INFO] Downloading from google-maven-central: https://maven-central.storage-download.googleapis.com/maven2/com/google/appengine/appengine-testing/1.9.50/appengine-testing-1.9.50.pom
18:02:44.088 [Thread-12] DEBUG spoon.Launcher - [INFO] Downloaded from google-maven-central: https://maven-central.storage-download.googleapis.com/maven2/com/google/appengine/appengine-testing/1.9.50/appengine-testing-1.9.50.pom (603 B at 3.1 kB/s)
18:02:44.091 [Thread-12] DEBUG spoon.Launcher - [INFO] Downloading from google-maven-central: https://maven-central.storage-download.googleapis.com/maven2/com/google/appengine/appengine-api-labs/1.9.50/appengine-api-labs-1.9.50.pom
18:02:44.231 [Thread-12] DEBUG spoon.Launcher - [INFO] Downloaded from google-maven-central: https://maven-central.storage-download.googleapis.com/maven2/com/google/appengine/appengine-api-labs/1.9.50/appengine-api-labs-1.9.50.pom (604 B at 4.3 kB/s)
18:02:44.233 [Thread-12] DEBUG spoon.Launcher - [INFO] Downloading from google-maven-central: https://maven-central.storage-download.googleapis.com/maven2/com/google/appengine/appengine-api-stubs/1.9.50/appengine-api-stubs-1.9.50.pom
18:02:44.541 [Thread-12] DEBUG spoon.Launcher - [INFO] Downloaded from google-maven-central: https://maven-central.storage-download.googleapis.com/maven2/com/google/appengine/appengine-api-stubs/1.9.50/appengine-api-stubs-1.9.50.pom (605 B at 2.0 kB/s)
18:02:44.548 [Thread-12] DEBUG spoon.Launcher - [INFO] Downloading from google-maven-central: https://maven-central.storage-download.googleapis.com/maven2/com/google/appengine/appengine-api-1.0-sdk/1.9.50/appengine-api-1.0-sdk-1.9.50.jar
18:02:44.571 [Thread-12] DEBUG spoon.Launcher - [INFO] Downloading from google-maven-central: https://maven-central.storage-download.googleapis.com/maven2/net/sf/jsr107cache/jsr107cache/1.1/jsr107cache-1.1.jar
18:02:44.572 [Thread-12] DEBUG spoon.Launcher - [INFO] Downloading from google-maven-central: https://maven-central.storage-download.googleapis.com/maven2/com/google/appengine/appengine-api-labs/1.9.50/appengine-api-labs-1.9.50.jar
18:02:44.572 [Thread-12] DEBUG spoon.Launcher - [INFO] Downloading from google-maven-central: https://maven-central.storage-download.googleapis.com/maven2/com/google/appengine/appengine-jsr107cache/1.9.50/appengine-jsr107cache-1.9.50.jar
18:02:44.572 [Thread-12] DEBUG spoon.Launcher - [INFO] Downloading from google-maven-central: https://maven-central.storage-download.googleapis.com/maven2/com/google/appengine/appengine-testing/1.9.50/appengine-testing-1.9.50.jar
18:02:44.780 [Thread-12] DEBUG spoon.Launcher - [INFO] Downloaded from google-maven-central: https://maven-central.storage-download.googleapis.com/maven2/net/sf/jsr107cache/jsr107cache/1.1/jsr107cache-1.1.jar (8.1 kB at 35 kB/s)
18:02:44.781 [Thread-12] DEBUG spoon.Launcher - [INFO] Downloading from google-maven-central: https://maven-central.storage-download.googleapis.com/maven2/com/google/appengine/appengine-api-stubs/1.9.50/appengine-api-stubs-1.9.50.jar
18:02:44.863 [Thread-12] DEBUG spoon.Launcher - [INFO] Downloaded from google-maven-central: https://maven-central.storage-download.googleapis.com/maven2/com/google/appengine/appengine-jsr107cache/1.9.50/appengine-jsr107cache-1.9.50.jar (7.0 kB at 22 kB/s)
18:02:44.927 [Thread-12] DEBUG spoon.Launcher - [INFO] Downloaded from google-maven-central: https://maven-central.storage-download.googleapis.com/maven2/com/google/appengine/appengine-api-labs/1.9.50/appengine-api-labs-1.9.50.jar (2.7 MB at 7.1 MB/s)
18:02:44.989 [Thread-12] DEBUG spoon.Launcher - [INFO] Downloaded from google-maven-central: https://maven-central.storage-download.googleapis.com/maven2/com/google/appengine/appengine-testing/1.9.50/appengine-testing-1.9.50.jar (6.2 MB at 14 MB/s)
18:02:45.140 [Thread-12] DEBUG spoon.Launcher - [INFO] Downloaded from google-maven-central: https://maven-central.storage-download.googleapis.com/maven2/com/google/appengine/appengine-api-stubs/1.9.50/appengine-api-stubs-1.9.50.jar (6.9 MB at 12 MB/s)
18:02:45.305 [Thread-12] DEBUG spoon.Launcher - [INFO] Downloaded from google-maven-central: https://maven-central.storage-download.googleapis.com/maven2/com/google/appengine/appengine-api-1.0-sdk/1.9.50/appengine-api-1.0-sdk-1.9.50.jar (18 MB at 23 MB/s)
18:02:45.309 [Thread-12] DEBUG spoon.Launcher - [INFO] 
18:02:45.309 [Thread-12] DEBUG spoon.Launcher - [INFO] --- maven-dependency-plugin:2.8:build-classpath (default-cli) @ pac4j-gae ---
18:02:45.315 [Thread-12] DEBUG spoon.Launcher - [INFO] Wrote classpath file '/home/travis/build/SpoonLabs/spoon-ci-external/spoon/src/test/resources/maven-launcher/pac4j/pac4j-gae/spoon.classpath.tmp'.
18:02:45.315 [Thread-12] DEBUG spoon.Launcher - [INFO] 
18:02:45.315 [Thread-12] DEBUG spoon.Launcher - [INFO] ------------------------< org.pac4j:pac4j-jwt >-------------------------
18:02:45.315 [Thread-12] DEBUG spoon.Launcher - [INFO] Building pac4j for JWT 3.0.0                                     [13/16]
18:02:45.315 [Thread-12] DEBUG spoon.Launcher - [INFO] --------------------------------[ jar ]---------------------------------
18:02:45.321 [Thread-12] DEBUG spoon.Launcher - [INFO] Downloading from google-maven-central: https://maven-central.storage-download.googleapis.com/maven2/org/bouncycastle/bcprov-jdk15on/1.56/bcprov-jdk15on-1.56.pom
18:02:45.473 [Thread-12] DEBUG spoon.Launcher - [INFO] Downloaded from google-maven-central: https://maven-central.storage-download.googleapis.com/maven2/org/bouncycastle/bcprov-jdk15on/1.56/bcprov-jdk15on-1.56.pom (1.2 kB at 7.6 kB/s)
18:02:45.481 [Thread-12] DEBUG spoon.Launcher - [INFO] Downloading from google-maven-central: https://maven-central.storage-download.googleapis.com/maven2/org/bouncycastle/bcprov-jdk15on/1.56/bcprov-jdk15on-1.56.jar
18:02:45.842 [Thread-12] DEBUG spoon.Launcher - [INFO] Downloaded from google-maven-central: https://maven-central.storage-download.googleapis.com/maven2/org/bouncycastle/bcprov-jdk15on/1.56/bcprov-jdk15on-1.56.jar (3.4 MB at 9.5 MB/s)
18:02:45.843 [Thread-12] DEBUG spoon.Launcher - [INFO] 
18:02:45.844 [Thread-12] DEBUG spoon.Launcher - [INFO] --- maven-dependency-plugin:2.8:build-classpath (default-cli) @ pac4j-jwt ---
18:02:45.847 [Thread-12] DEBUG spoon.Launcher - [INFO] Wrote classpath file '/home/travis/build/SpoonLabs/spoon-ci-external/spoon/src/test/resources/maven-launcher/pac4j/pac4j-jwt/spoon.classpath.tmp'.
18:02:45.847 [Thread-12] DEBUG spoon.Launcher - [INFO] 
18:02:45.847 [Thread-12] DEBUG spoon.Launcher - [INFO] -----------------------< org.pac4j:pac4j-mongo >------------------------
18:02:45.847 [Thread-12] DEBUG spoon.Launcher - [INFO] Building pac4j for MongoDB 3.0.0                                 [14/16]
18:02:45.847 [Thread-12] DEBUG spoon.Launcher - [INFO] --------------------------------[ jar ]---------------------------------
18:02:45.850 [Thread-12] DEBUG spoon.Launcher - [INFO] Downloading from google-maven-central: https://maven-central.storage-download.googleapis.com/maven2/org/mongodb/mongo-java-driver/3.4.2/mongo-java-driver-3.4.2.pom
18:02:45.959 [Thread-12] DEBUG spoon.Launcher - [INFO] Downloaded from google-maven-central: https://maven-central.storage-download.googleapis.com/maven2/org/mongodb/mongo-java-driver/3.4.2/mongo-java-driver-3.4.2.pom (2.1 kB at 19 kB/s)
18:02:45.962 [Thread-12] DEBUG spoon.Launcher - [INFO] Downloading from google-maven-central: https://maven-central.storage-download.googleapis.com/maven2/de/flapdoodle/embed/de.flapdoodle.embed.mongo/2.0.0/de.flapdoodle.embed.mongo-2.0.0.pom
18:02:46.230 [Thread-12] DEBUG spoon.Launcher - [INFO] Downloaded from google-maven-central: https://maven-central.storage-download.googleapis.com/maven2/de/flapdoodle/embed/de.flapdoodle.embed.mongo/2.0.0/de.flapdoodle.embed.mongo-2.0.0.pom (10 kB at 39 kB/s)
18:02:46.233 [Thread-12] DEBUG spoon.Launcher - [INFO] Downloading from google-maven-central: https://maven-central.storage-download.googleapis.com/maven2/de/flapdoodle/embed/de.flapdoodle.embed.process/2.0.1/de.flapdoodle.embed.process-2.0.1.pom
18:02:46.410 [Thread-12] DEBUG spoon.Launcher - [INFO] Downloaded from google-maven-central: https://maven-central.storage-download.googleapis.com/maven2/de/flapdoodle/embed/de.flapdoodle.embed.process/2.0.1/de.flapdoodle.embed.process-2.0.1.pom (13 kB at 74 kB/s)
18:02:46.415 [Thread-12] DEBUG spoon.Launcher - [INFO] Downloading from google-maven-central: https://maven-central.storage-download.googleapis.com/maven2/org/apache/commons/commons-lang3/3.1/commons-lang3-3.1.pom
18:02:46.420 [Thread-12] DEBUG spoon.Launcher - [INFO] Downloaded from google-maven-central: https://maven-central.storage-download.googleapis.com/maven2/org/apache/commons/commons-lang3/3.1/commons-lang3-3.1.pom (17 kB at 3.3 MB/s)
18:02:46.424 [Thread-12] DEBUG spoon.Launcher - [INFO] Downloading from google-maven-central: https://maven-central.storage-download.googleapis.com/maven2/net/java/dev/jna/jna/4.0.0/jna-4.0.0.pom
18:02:46.547 [Thread-12] DEBUG spoon.Launcher - [INFO] Downloaded from google-maven-central: https://maven-central.storage-download.googleapis.com/maven2/net/java/dev/jna/jna/4.0.0/jna-4.0.0.pom (1.3 kB at 10 kB/s)
18:02:46.548 [Thread-12] DEBUG spoon.Launcher - [INFO] Downloading from google-maven-central: https://maven-central.storage-download.googleapis.com/maven2/net/java/dev/jna/jna-platform/4.0.0/jna-platform-4.0.0.pom
18:02:46.721 [Thread-12] DEBUG spoon.Launcher - [INFO] Downloaded from google-maven-central: https://maven-central.storage-download.googleapis.com/maven2/net/java/dev/jna/jna-platform/4.0.0/jna-platform-4.0.0.pom (1.5 kB at 8.7 kB/s)
18:02:46.722 [Thread-12] DEBUG spoon.Launcher - [INFO] Downloading from google-maven-central: https://maven-central.storage-download.googleapis.com/maven2/org/apache/commons/commons-compress/1.10/commons-compress-1.10.pom
18:02:46.810 [Thread-12] DEBUG spoon.Launcher - [INFO] Downloaded from google-maven-central: https://maven-central.storage-download.googleapis.com/maven2/org/apache/commons/commons-compress/1.10/commons-compress-1.10.pom (13 kB at 143 kB/s)
18:02:46.817 [Thread-12] DEBUG spoon.Launcher - [INFO] Downloading from google-maven-central: https://maven-central.storage-download.googleapis.com/maven2/org/mongodb/mongo-java-driver/3.4.2/mongo-java-driver-3.4.2.jar
18:02:46.824 [Thread-12] DEBUG spoon.Launcher - [INFO] Downloading from google-maven-central: https://maven-central.storage-download.googleapis.com/maven2/de/flapdoodle/embed/de.flapdoodle.embed.process/2.0.1/de.flapdoodle.embed.process-2.0.1.jar
18:02:46.827 [Thread-12] DEBUG spoon.Launcher - [INFO] Downloading from google-maven-central: https://maven-central.storage-download.googleapis.com/maven2/org/apache/commons/commons-lang3/3.1/commons-lang3-3.1.jar
18:02:46.836 [Thread-12] DEBUG spoon.Launcher - [INFO] Downloading from google-maven-central: https://maven-central.storage-download.googleapis.com/maven2/net/java/dev/jna/jna/4.0.0/jna-4.0.0.jar
18:02:46.837 [Thread-12] DEBUG spoon.Launcher - [INFO] Downloading from google-maven-central: https://maven-central.storage-download.googleapis.com/maven2/de/flapdoodle/embed/de.flapdoodle.embed.mongo/2.0.0/de.flapdoodle.embed.mongo-2.0.0.jar
18:02:46.841 [Thread-12] DEBUG spoon.Launcher - [INFO] Downloaded from google-maven-central: https://maven-central.storage-download.googleapis.com/maven2/org/apache/commons/commons-lang3/3.1/commons-lang3-3.1.jar (316 kB at 18 MB/s)
18:02:46.841 [Thread-12] DEBUG spoon.Launcher - [INFO] Downloading from google-maven-central: https://maven-central.storage-download.googleapis.com/maven2/net/java/dev/jna/jna-platform/4.0.0/jna-platform-4.0.0.jar
18:02:46.969 [Thread-12] DEBUG spoon.Launcher - [INFO] Downloaded from google-maven-central: https://maven-central.storage-download.googleapis.com/maven2/de/flapdoodle/embed/de.flapdoodle.embed.mongo/2.0.0/de.flapdoodle.embed.mongo-2.0.0.jar (114 kB at 743 kB/s)
18:02:46.969 [Thread-12] DEBUG spoon.Launcher - [INFO] Downloading from google-maven-central: https://maven-central.storage-download.googleapis.com/maven2/org/apache/commons/commons-compress/1.10/commons-compress-1.10.jar
18:02:46.990 [Thread-12] DEBUG spoon.Launcher - [INFO] Downloaded from google-maven-central: https://maven-central.storage-download.googleapis.com/maven2/net/java/dev/jna/jna-platform/4.0.0/jna-platform-4.0.0.jar (1.2 MB at 7.5 MB/s)
18:02:47.043 [Thread-12] DEBUG spoon.Launcher - [INFO] Downloaded from google-maven-central: https://maven-central.storage-download.googleapis.com/maven2/net/java/dev/jna/jna/4.0.0/jna-4.0.0.jar (915 kB at 4.2 MB/s)
18:02:47.056 [Thread-12] DEBUG spoon.Launcher - [INFO] Downloaded from google-maven-central: https://maven-central.storage-download.googleapis.com/maven2/de/flapdoodle/embed/de.flapdoodle.embed.process/2.0.1/de.flapdoodle.embed.process-2.0.1.jar (158 kB at 677 kB/s)
18:02:47.103 [Thread-12] DEBUG spoon.Launcher - [INFO] Downloaded from google-maven-central: https://maven-central.storage-download.googleapis.com/maven2/org/apache/commons/commons-compress/1.10/commons-compress-1.10.jar (409 kB at 1.5 MB/s)
18:02:47.116 [Thread-12] DEBUG spoon.Launcher - [INFO] Downloaded from google-maven-central: https://maven-central.storage-download.googleapis.com/maven2/org/mongodb/mongo-java-driver/3.4.2/mongo-java-driver-3.4.2.jar (1.7 MB at 5.6 MB/s)
18:02:47.119 [Thread-12] DEBUG spoon.Launcher - [INFO] 
18:02:47.119 [Thread-12] DEBUG spoon.Launcher - [INFO] --- maven-dependency-plugin:2.8:build-classpath (default-cli) @ pac4j-mongo ---
18:02:47.131 [Thread-12] DEBUG spoon.Launcher - [INFO] Wrote classpath file '/home/travis/build/SpoonLabs/spoon-ci-external/spoon/src/test/resources/maven-launcher/pac4j/pac4j-mongo/spoon.classpath.tmp'.
18:02:47.131 [Thread-12] DEBUG spoon.Launcher - [INFO] 
18:02:47.131 [Thread-12] DEBUG spoon.Launcher - [INFO] -----------------------< org.pac4j:pac4j-couch >------------------------
18:02:47.131 [Thread-12] DEBUG spoon.Launcher - [INFO] Building pac4j for CouchDB 3.0.0                                 [15/16]
18:02:47.131 [Thread-12] DEBUG spoon.Launcher - [INFO] --------------------------------[ jar ]---------------------------------
18:02:47.131 [Thread-12] DEBUG spoon.Launcher - [INFO] Downloading from google-maven-central: https://maven-central.storage-download.googleapis.com/maven2/org/ektorp/org.ektorp/1.4.4/org.ektorp-1.4.4.pom
18:02:47.525 [Thread-12] DEBUG spoon.Launcher - [INFO] Downloaded from google-maven-central: https://maven-central.storage-download.googleapis.com/maven2/org/ektorp/org.ektorp/1.4.4/org.ektorp-1.4.4.pom (2.9 kB at 7.3 kB/s)
18:02:47.528 [Thread-12] DEBUG spoon.Launcher - [INFO] Downloading from google-maven-central: https://maven-central.storage-download.googleapis.com/maven2/org/ektorp/org.ektorp.parent/1.4.4/org.ektorp.parent-1.4.4.pom
18:02:47.742 [Thread-12] DEBUG spoon.Launcher - [INFO] Downloaded from google-maven-central: https://maven-central.storage-download.googleapis.com/maven2/org/ektorp/org.ektorp.parent/1.4.4/org.ektorp.parent-1.4.4.pom (14 kB at 63 kB/s)
18:02:47.746 [Thread-12] DEBUG spoon.Launcher - [INFO] Downloading from google-maven-central: https://maven-central.storage-download.googleapis.com/maven2/org/apache/httpcomponents/httpclient/4.3/httpclient-4.3.pom
18:02:47.910 [Thread-12] DEBUG spoon.Launcher - [INFO] Downloaded from google-maven-central: https://maven-central.storage-download.googleapis.com/maven2/org/apache/httpcomponents/httpclient/4.3/httpclient-4.3.pom (5.2 kB at 32 kB/s)
18:02:47.912 [Thread-12] DEBUG spoon.Launcher - [INFO] Downloading from google-maven-central: https://maven-central.storage-download.googleapis.com/maven2/org/apache/httpcomponents/httpcomponents-client/4.3/httpcomponents-client-4.3.pom
18:02:48.122 [Thread-12] DEBUG spoon.Launcher - [INFO] Downloaded from google-maven-central: https://maven-central.storage-download.googleapis.com/maven2/org/apache/httpcomponents/httpcomponents-client/4.3/httpcomponents-client-4.3.pom (15 kB at 73 kB/s)
18:02:48.125 [Thread-12] DEBUG spoon.Launcher - [INFO] Downloading from google-maven-central: https://maven-central.storage-download.googleapis.com/maven2/org/apache/httpcomponents/httpcore/4.3/httpcore-4.3.pom
18:02:48.260 [Thread-12] DEBUG spoon.Launcher - [INFO] Downloaded from google-maven-central: https://maven-central.storage-download.googleapis.com/maven2/org/apache/httpcomponents/httpcore/4.3/httpcore-4.3.pom (4.1 kB at 31 kB/s)
18:02:48.262 [Thread-12] DEBUG spoon.Launcher - [INFO] Downloading from google-maven-central: https://maven-central.storage-download.googleapis.com/maven2/org/apache/httpcomponents/httpcomponents-core/4.3/httpcomponents-core-4.3.pom
18:02:48.411 [Thread-12] DEBUG spoon.Launcher - [INFO] Downloaded from google-maven-central: https://maven-central.storage-download.googleapis.com/maven2/org/apache/httpcomponents/httpcomponents-core/4.3/httpcomponents-core-4.3.pom (12 kB at 81 kB/s)
18:02:48.414 [Thread-12] DEBUG spoon.Launcher - [INFO] Downloading from google-maven-central: https://maven-central.storage-download.googleapis.com/maven2/org/apache/httpcomponents/httpclient-cache/4.3/httpclient-cache-4.3.pom
18:02:48.634 [Thread-12] DEBUG spoon.Launcher - [INFO] Downloaded from google-maven-central: https://maven-central.storage-download.googleapis.com/maven2/org/apache/httpcomponents/httpclient-cache/4.3/httpclient-cache-4.3.pom (6.0 kB at 27 kB/s)
18:02:48.638 [Thread-12] DEBUG spoon.Launcher - [INFO] Downloading from google-maven-central: https://maven-central.storage-download.googleapis.com/maven2/commons-io/commons-io/2.0.1/commons-io-2.0.1.pom
18:02:48.836 [Thread-12] DEBUG spoon.Launcher - [INFO] Downloaded from google-maven-central: https://maven-central.storage-download.googleapis.com/maven2/commons-io/commons-io/2.0.1/commons-io-2.0.1.pom (9.0 kB at 46 kB/s)
18:02:48.837 [Thread-12] DEBUG spoon.Launcher - [INFO] Downloading from google-maven-central: https://maven-central.storage-download.googleapis.com/maven2/org/apache/commons/commons-parent/15/commons-parent-15.pom
18:02:48.964 [Thread-12] DEBUG spoon.Launcher - [INFO] Downloaded from google-maven-central: https://maven-central.storage-download.googleapis.com/maven2/org/apache/commons/commons-parent/15/commons-parent-15.pom (32 kB at 250 kB/s)
18:02:48.967 [Thread-12] DEBUG spoon.Launcher - [INFO] Downloading from google-maven-central: https://maven-central.storage-download.googleapis.com/maven2/com/fasterxml/jackson/core/jackson-annotations/2.3.3/jackson-annotations-2.3.3.pom
18:02:49.173 [Thread-12] DEBUG spoon.Launcher - [INFO] Downloaded from google-maven-central: https://maven-central.storage-download.googleapis.com/maven2/com/fasterxml/jackson/core/jackson-annotations/2.3.3/jackson-annotations-2.3.3.pom (1.7 kB at 8.3 kB/s)
18:02:49.177 [Thread-12] DEBUG spoon.Launcher - [INFO] Downloading from google-maven-central: https://maven-central.storage-download.googleapis.com/maven2/com/fasterxml/jackson/core/jackson-core/2.3.3/jackson-core-2.3.3.pom
18:02:49.353 [Thread-12] DEBUG spoon.Launcher - [INFO] Downloaded from google-maven-central: https://maven-central.storage-download.googleapis.com/maven2/com/fasterxml/jackson/core/jackson-core/2.3.3/jackson-core-2.3.3.pom (6.0 kB at 34 kB/s)
18:02:49.355 [Thread-12] DEBUG spoon.Launcher - [INFO] Downloading from google-maven-central: https://maven-central.storage-download.googleapis.com/maven2/net/sourceforge/findbugs/annotations/1.3.2/annotations-1.3.2.pom
18:02:49.578 [Thread-12] DEBUG spoon.Launcher - [INFO] Downloaded from google-maven-central: https://maven-central.storage-download.googleapis.com/maven2/net/sourceforge/findbugs/annotations/1.3.2/annotations-1.3.2.pom (764 B at 3.4 kB/s)
18:02:49.581 [Thread-12] DEBUG spoon.Launcher - [INFO] Downloading from google-maven-central: https://maven-central.storage-download.googleapis.com/maven2/com/fasterxml/jackson/core/jackson-databind/2.3.3/jackson-databind-2.3.3.pom
18:02:49.683 [Thread-12] DEBUG spoon.Launcher - [INFO] Downloaded from google-maven-central: https://maven-central.storage-download.googleapis.com/maven2/com/fasterxml/jackson/core/jackson-databind/2.3.3/jackson-databind-2.3.3.pom (5.9 kB at 58 kB/s)
18:02:49.687 [Thread-12] DEBUG spoon.Launcher - [INFO] Downloading from google-maven-central: https://maven-central.storage-download.googleapis.com/maven2/io/bdrc/mcouch-ektorp/1.0.0/mcouch-ektorp-1.0.0.pom
18:02:49.986 [Thread-12] DEBUG spoon.Launcher - [INFO] Downloaded from google-maven-central: https://maven-central.storage-download.googleapis.com/maven2/io/bdrc/mcouch-ektorp/1.0.0/mcouch-ektorp-1.0.0.pom (1.3 kB at 4.4 kB/s)
18:02:49.989 [Thread-12] DEBUG spoon.Launcher - [INFO] Downloading from google-maven-central: https://maven-central.storage-download.googleapis.com/maven2/io/bdrc/mcouch/1.0.0/mcouch-1.0.0.pom
18:02:50.207 [Thread-12] DEBUG spoon.Launcher - [INFO] Downloaded from google-maven-central: https://maven-central.storage-download.googleapis.com/maven2/io/bdrc/mcouch/1.0.0/mcouch-1.0.0.pom (4.6 kB at 21 kB/s)
18:02:50.209 [Thread-12] DEBUG spoon.Launcher - [INFO] Downloading from google-maven-central: https://maven-central.storage-download.googleapis.com/maven2/io/bdrc/mcouch-core/1.0.0/mcouch-core-1.0.0.pom
18:02:50.459 [Thread-12] DEBUG spoon.Launcher - [INFO] Downloaded from google-maven-central: https://maven-central.storage-download.googleapis.com/maven2/io/bdrc/mcouch-core/1.0.0/mcouch-core-1.0.0.pom (1.3 kB at 5.2 kB/s)
18:02:50.464 [Thread-12] DEBUG spoon.Launcher - [INFO] Downloading from google-maven-central: https://maven-central.storage-download.googleapis.com/maven2/org/codehaus/jackson/jackson-mapper-asl/1.9.13/jackson-mapper-asl-1.9.13.pom
18:02:50.573 [Thread-12] DEBUG spoon.Launcher - [INFO] Downloaded from google-maven-central: https://maven-central.storage-download.googleapis.com/maven2/org/codehaus/jackson/jackson-mapper-asl/1.9.13/jackson-mapper-asl-1.9.13.pom (1.5 kB at 14 kB/s)
18:02:50.576 [Thread-12] DEBUG spoon.Launcher - [INFO] Downloading from google-maven-central: https://maven-central.storage-download.googleapis.com/maven2/org/codehaus/jackson/jackson-core-asl/1.9.13/jackson-core-asl-1.9.13.pom
18:02:50.686 [Thread-12] DEBUG spoon.Launcher - [INFO] Downloaded from google-maven-central: https://maven-central.storage-download.googleapis.com/maven2/org/codehaus/jackson/jackson-core-asl/1.9.13/jackson-core-asl-1.9.13.pom (1.3 kB at 12 kB/s)
18:02:50.691 [Thread-12] DEBUG spoon.Launcher - [INFO] Downloading from google-maven-central: https://maven-central.storage-download.googleapis.com/maven2/org/mozilla/rhino/1.7.7.1/rhino-1.7.7.1.pom
18:02:50.698 [Thread-12] DEBUG spoon.Launcher - [INFO] Downloaded from google-maven-central: https://maven-central.storage-download.googleapis.com/maven2/org/mozilla/rhino/1.7.7.1/rhino-1.7.7.1.pom (1.3 kB at 220 kB/s)
18:02:50.701 [Thread-12] DEBUG spoon.Launcher - [INFO] Downloading from google-maven-central: https://maven-central.storage-download.googleapis.com/maven2/org/apache/httpcomponents/httpclient/4.5.3/httpclient-4.5.3.pom
18:02:50.921 [Thread-12] DEBUG spoon.Launcher - [INFO] Downloaded from google-maven-central: https://maven-central.storage-download.googleapis.com/maven2/org/apache/httpcomponents/httpclient/4.5.3/httpclient-4.5.3.pom (6.4 kB at 29 kB/s)
18:02:50.922 [Thread-12] DEBUG spoon.Launcher - [INFO] Downloading from google-maven-central: https://maven-central.storage-download.googleapis.com/maven2/org/apache/httpcomponents/httpcomponents-client/4.5.3/httpcomponents-client-4.5.3.pom
18:02:51.021 [Thread-12] DEBUG spoon.Launcher - [INFO] Downloaded from google-maven-central: https://maven-central.storage-download.googleapis.com/maven2/org/apache/httpcomponents/httpcomponents-client/4.5.3/httpcomponents-client-4.5.3.pom (16 kB at 158 kB/s)
18:02:51.026 [Thread-12] DEBUG spoon.Launcher - [INFO] Downloading from google-maven-central: https://maven-central.storage-download.googleapis.com/maven2/org/apache/httpcomponents/httpcore/4.4.6/httpcore-4.4.6.pom
18:02:51.192 [Thread-12] DEBUG spoon.Launcher - [INFO] Downloaded from google-maven-central: https://maven-central.storage-download.googleapis.com/maven2/org/apache/httpcomponents/httpcore/4.4.6/httpcore-4.4.6.pom (5.1 kB at 31 kB/s)
18:02:51.199 [Thread-12] DEBUG spoon.Launcher - [INFO] Downloading from google-maven-central: https://maven-central.storage-download.googleapis.com/maven2/org/apache/httpcomponents/httpcomponents-core/4.4.6/httpcomponents-core-4.4.6.pom
18:02:51.346 [Thread-12] DEBUG spoon.Launcher - [INFO] Downloaded from google-maven-central: https://maven-central.storage-download.googleapis.com/maven2/org/apache/httpcomponents/httpcomponents-core/4.4.6/httpcomponents-core-4.4.6.pom (13 kB at 90 kB/s)
18:02:51.349 [Thread-12] DEBUG spoon.Launcher - [INFO] Downloading from google-maven-central: https://maven-central.storage-download.googleapis.com/maven2/org/springframework/spring-core/4.3.8.RELEASE/spring-core-4.3.8.RELEASE.pom
18:02:51.490 [Thread-12] DEBUG spoon.Launcher - [INFO] Downloaded from google-maven-central: https://maven-central.storage-download.googleapis.com/maven2/org/springframework/spring-core/4.3.8.RELEASE/spring-core-4.3.8.RELEASE.pom (2.5 kB at 18 kB/s)
18:02:51.492 [Thread-12] DEBUG spoon.Launcher - [INFO] Downloading from google-maven-central: https://maven-central.storage-download.googleapis.com/maven2/org/ektorp/org.ektorp.spring/1.4.4/org.ektorp.spring-1.4.4.pom
18:02:51.756 [Thread-12] DEBUG spoon.Launcher - [INFO] Downloaded from google-maven-central: https://maven-central.storage-download.googleapis.com/maven2/org/ektorp/org.ektorp.spring/1.4.4/org.ektorp.spring-1.4.4.pom (1.9 kB at 7.1 kB/s)
18:02:51.759 [Thread-12] DEBUG spoon.Launcher - [INFO] Downloading from google-maven-central: https://maven-central.storage-download.googleapis.com/maven2/org/springframework/spring-context/3.1.1.RELEASE/spring-context-3.1.1.RELEASE.pom
18:02:52.038 [Thread-12] DEBUG spoon.Launcher - [INFO] Downloaded from google-maven-central: https://maven-central.storage-download.googleapis.com/maven2/org/springframework/spring-context/3.1.1.RELEASE/spring-context-3.1.1.RELEASE.pom (8.7 kB at 31 kB/s)
18:02:52.040 [Thread-12] DEBUG spoon.Launcher - [INFO] Downloading from google-maven-central: https://maven-central.storage-download.googleapis.com/maven2/org/springframework/spring-parent/3.1.1.RELEASE/spring-parent-3.1.1.RELEASE.pom
18:02:52.229 [Thread-12] DEBUG spoon.Launcher - [INFO] Downloaded from google-maven-central: https://maven-central.storage-download.googleapis.com/maven2/org/springframework/spring-parent/3.1.1.RELEASE/spring-parent-3.1.1.RELEASE.pom (8.7 kB at 46 kB/s)
18:02:52.234 [Thread-12] DEBUG spoon.Launcher - [INFO] Downloading from google-maven-central: https://maven-central.storage-download.googleapis.com/maven2/org/springframework/spring-aop/3.1.1.RELEASE/spring-aop-3.1.1.RELEASE.pom
18:02:52.401 [Thread-12] DEBUG spoon.Launcher - [INFO] Downloaded from google-maven-central: https://maven-central.storage-download.googleapis.com/maven2/org/springframework/spring-aop/3.1.1.RELEASE/spring-aop-3.1.1.RELEASE.pom (2.8 kB at 16 kB/s)
18:02:52.404 [Thread-12] DEBUG spoon.Launcher - [INFO] Downloading from google-maven-central: https://maven-central.storage-download.googleapis.com/maven2/org/springframework/spring-asm/3.1.1.RELEASE/spring-asm-3.1.1.RELEASE.pom
18:02:52.531 [Thread-12] DEBUG spoon.Launcher - [INFO] Downloaded from google-maven-central: https://maven-central.storage-download.googleapis.com/maven2/org/springframework/spring-asm/3.1.1.RELEASE/spring-asm-3.1.1.RELEASE.pom (2.5 kB at 20 kB/s)
18:02:52.534 [Thread-12] DEBUG spoon.Launcher - [INFO] Downloading from google-maven-central: https://maven-central.storage-download.googleapis.com/maven2/org/springframework/spring-beans/3.1.1.RELEASE/spring-beans-3.1.1.RELEASE.pom
18:02:52.710 [Thread-12] DEBUG spoon.Launcher - [INFO] Downloaded from google-maven-central: https://maven-central.storage-download.googleapis.com/maven2/org/springframework/spring-beans/3.1.1.RELEASE/spring-beans-3.1.1.RELEASE.pom (2.6 kB at 15 kB/s)
18:02:52.713 [Thread-12] DEBUG spoon.Launcher - [INFO] Downloading from google-maven-central: https://maven-central.storage-download.googleapis.com/maven2/org/springframework/spring-core/3.1.1.RELEASE/spring-core-3.1.1.RELEASE.pom
18:02:52.834 [Thread-12] DEBUG spoon.Launcher - [INFO] Downloaded from google-maven-central: https://maven-central.storage-download.googleapis.com/maven2/org/springframework/spring-core/3.1.1.RELEASE/spring-core-3.1.1.RELEASE.pom (2.6 kB at 22 kB/s)
18:02:52.837 [Thread-12] DEBUG spoon.Launcher - [INFO] Downloading from google-maven-central: https://maven-central.storage-download.googleapis.com/maven2/org/springframework/spring-expression/3.1.1.RELEASE/spring-expression-3.1.1.RELEASE.pom
18:02:52.963 [Thread-12] DEBUG spoon.Launcher - [INFO] Downloaded from google-maven-central: https://maven-central.storage-download.googleapis.com/maven2/org/springframework/spring-expression/3.1.1.RELEASE/spring-expression-3.1.1.RELEASE.pom (1.8 kB at 14 kB/s)
18:02:52.965 [Thread-12] DEBUG spoon.Launcher - [INFO] Downloading from google-maven-central: https://maven-central.storage-download.googleapis.com/maven2/org/aspectj/aspectjweaver/1.6.9/aspectjweaver-1.6.9.pom
18:02:53.141 [Thread-12] DEBUG spoon.Launcher - [INFO] Downloaded from google-maven-central: https://maven-central.storage-download.googleapis.com/maven2/org/aspectj/aspectjweaver/1.6.9/aspectjweaver-1.6.9.pom (908 B at 5.2 kB/s)
18:02:53.149 [Thread-12] DEBUG spoon.Launcher - [INFO] Downloading from google-maven-central: https://maven-central.storage-download.googleapis.com/maven2/org/ektorp/org.ektorp/1.4.4/org.ektorp-1.4.4.jar
18:02:53.157 [Thread-12] DEBUG spoon.Launcher - [INFO] Downloading from google-maven-central: https://maven-central.storage-download.googleapis.com/maven2/commons-io/commons-io/2.0.1/commons-io-2.0.1.jar
18:02:53.177 [Thread-12] DEBUG spoon.Launcher - [INFO] Downloading from google-maven-central: https://maven-central.storage-download.googleapis.com/maven2/org/apache/httpcomponents/httpclient-cache/4.3/httpclient-cache-4.3.jar
18:02:53.178 [Thread-12] DEBUG spoon.Launcher - [INFO] Downloading from google-maven-central: https://maven-central.storage-download.googleapis.com/maven2/org/apache/httpcomponents/httpclient/4.3/httpclient-4.3.jar
18:02:53.178 [Thread-12] DEBUG spoon.Launcher - [INFO] Downloading from google-maven-central: https://maven-central.storage-download.googleapis.com/maven2/org/apache/httpcomponents/httpcore/4.3/httpcore-4.3.jar
18:02:53.311 [Thread-12] DEBUG spoon.Launcher - [INFO] Downloaded from google-maven-central: https://maven-central.storage-download.googleapis.com/maven2/org/apache/httpcomponents/httpcore/4.3/httpcore-4.3.jar (282 kB at 1.8 MB/s)
18:02:53.311 [Thread-12] DEBUG spoon.Launcher - [INFO] Downloading from google-maven-central: https://maven-central.storage-download.googleapis.com/maven2/com/fasterxml/jackson/core/jackson-annotations/2.3.3/jackson-annotations-2.3.3.jar
18:02:53.324 [Thread-12] DEBUG spoon.Launcher - [INFO] Downloaded from google-maven-central: https://maven-central.storage-download.googleapis.com/maven2/org/apache/httpcomponents/httpclient-cache/4.3/httpclient-cache-4.3.jar (148 kB at 877 kB/s)
18:02:53.325 [Thread-12] DEBUG spoon.Launcher - [INFO] Downloading from google-maven-central: https://maven-central.storage-download.googleapis.com/maven2/com/fasterxml/jackson/core/jackson-core/2.3.3/jackson-core-2.3.3.jar
18:02:53.358 [Thread-12] DEBUG spoon.Launcher - [INFO] Downloaded from google-maven-central: https://maven-central.storage-download.googleapis.com/maven2/org/ektorp/org.ektorp/1.4.4/org.ektorp-1.4.4.jar (294 kB at 1.4 MB/s)
18:02:53.358 [Thread-12] DEBUG spoon.Launcher - [INFO] Downloading from google-maven-central: https://maven-central.storage-download.googleapis.com/maven2/net/sourceforge/findbugs/annotations/1.3.2/annotations-1.3.2.jar
18:02:53.361 [Thread-12] DEBUG spoon.Launcher - [INFO] Downloaded from google-maven-central: https://maven-central.storage-download.googleapis.com/maven2/org/apache/httpcomponents/httpclient/4.3/httpclient-4.3.jar (585 kB at 2.8 MB/s)
18:02:53.361 [Thread-12] DEBUG spoon.Launcher - [INFO] Downloading from google-maven-central: https://maven-central.storage-download.googleapis.com/maven2/com/fasterxml/jackson/core/jackson-databind/2.3.3/jackson-databind-2.3.3.jar
18:02:53.427 [Thread-12] DEBUG spoon.Launcher - [INFO] Downloaded from google-maven-central: https://maven-central.storage-download.googleapis.com/maven2/commons-io/commons-io/2.0.1/commons-io-2.0.1.jar (160 kB at 586 kB/s)
18:02:53.427 [Thread-12] DEBUG spoon.Launcher - [INFO] Downloading from google-maven-central: https://maven-central.storage-download.googleapis.com/maven2/io/bdrc/mcouch-ektorp/1.0.0/mcouch-ektorp-1.0.0.jar
18:02:53.474 [Thread-12] DEBUG spoon.Launcher - [INFO] Downloaded from google-maven-central: https://maven-central.storage-download.googleapis.com/maven2/com/fasterxml/jackson/core/jackson-core/2.3.3/jackson-core-2.3.3.jar (200 kB at 628 kB/s)
18:02:53.475 [Thread-12] DEBUG spoon.Launcher - [INFO] Downloading from google-maven-central: https://maven-central.storage-download.googleapis.com/maven2/io/bdrc/mcouch-core/1.0.0/mcouch-core-1.0.0.jar
18:02:53.488 [Thread-12] DEBUG spoon.Launcher - [INFO] Downloaded from google-maven-central: https://maven-central.storage-download.googleapis.com/maven2/com/fasterxml/jackson/core/jackson-annotations/2.3.3/jackson-annotations-2.3.3.jar (37 kB at 110 kB/s)
18:02:53.489 [Thread-12] DEBUG spoon.Launcher - [INFO] Downloading from google-maven-central: https://maven-central.storage-download.googleapis.com/maven2/org/codehaus/jackson/jackson-mapper-asl/1.9.13/jackson-mapper-asl-1.9.13.jar
18:02:53.494 [Thread-12] DEBUG spoon.Launcher - [INFO] Downloaded from google-maven-central: https://maven-central.storage-download.googleapis.com/maven2/net/sourceforge/findbugs/annotations/1.3.2/annotations-1.3.2.jar (12 kB at 34 kB/s)
18:02:53.495 [Thread-12] DEBUG spoon.Launcher - [INFO] Downloading from google-maven-central: https://maven-central.storage-download.googleapis.com/maven2/org/codehaus/jackson/jackson-core-asl/1.9.13/jackson-core-asl-1.9.13.jar
18:02:53.504 [Thread-12] DEBUG spoon.Launcher - [INFO] Downloaded from google-maven-central: https://maven-central.storage-download.googleapis.com/maven2/org/codehaus/jackson/jackson-core-asl/1.9.13/jackson-core-asl-1.9.13.jar (232 kB at 667 kB/s)
18:02:53.505 [Thread-12] DEBUG spoon.Launcher - [INFO] Downloading from google-maven-central: https://maven-central.storage-download.googleapis.com/maven2/org/mozilla/rhino/1.7.7.1/rhino-1.7.7.1.jar
18:02:53.625 [Thread-12] DEBUG spoon.Launcher - [INFO] Downloaded from google-maven-central: https://maven-central.storage-download.googleapis.com/maven2/com/fasterxml/jackson/core/jackson-databind/2.3.3/jackson-databind-2.3.3.jar (915 kB at 2.0 MB/s)
18:02:53.626 [Thread-12] DEBUG spoon.Launcher - [INFO] Downloading from google-maven-central: https://maven-central.storage-download.googleapis.com/maven2/org/ektorp/org.ektorp.spring/1.4.4/org.ektorp.spring-1.4.4.jar
18:02:53.628 [Thread-12] DEBUG spoon.Launcher - [INFO] Downloaded from google-maven-central: https://maven-central.storage-download.googleapis.com/maven2/org/codehaus/jackson/jackson-mapper-asl/1.9.13/jackson-mapper-asl-1.9.13.jar (781 kB at 1.7 MB/s)
18:02:53.628 [Thread-12] DEBUG spoon.Launcher - [INFO] Downloading from google-maven-central: https://maven-central.storage-download.googleapis.com/maven2/org/springframework/spring-context/3.1.1.RELEASE/spring-context-3.1.1.RELEASE.jar
18:02:53.656 [Thread-12] DEBUG spoon.Launcher - [INFO] Downloaded from google-maven-central: https://maven-central.storage-download.googleapis.com/maven2/io/bdrc/mcouch-ektorp/1.0.0/mcouch-ektorp-1.0.0.jar (2.4 kB at 4.8 kB/s)
18:02:53.656 [Thread-12] DEBUG spoon.Launcher - [INFO] Downloading from google-maven-central: https://maven-central.storage-download.googleapis.com/maven2/org/springframework/spring-aop/3.1.1.RELEASE/spring-aop-3.1.1.RELEASE.jar
18:02:53.664 [Thread-12] DEBUG spoon.Launcher - [INFO] Downloaded from google-maven-central: https://maven-central.storage-download.googleapis.com/maven2/org/mozilla/rhino/1.7.7.1/rhino-1.7.7.1.jar (1.3 MB at 2.5 MB/s)
18:02:53.664 [Thread-12] DEBUG spoon.Launcher - [INFO] Downloading from google-maven-central: https://maven-central.storage-download.googleapis.com/maven2/org/springframework/spring-beans/3.1.1.RELEASE/spring-beans-3.1.1.RELEASE.jar
18:02:53.683 [Thread-12] DEBUG spoon.Launcher - [INFO] Downloaded from google-maven-central: https://maven-central.storage-download.googleapis.com/maven2/io/bdrc/mcouch-core/1.0.0/mcouch-core-1.0.0.jar (56 kB at 107 kB/s)
18:02:53.683 [Thread-12] DEBUG spoon.Launcher - [INFO] Downloading from google-maven-central: https://maven-central.storage-download.googleapis.com/maven2/org/springframework/spring-expression/3.1.1.RELEASE/spring-expression-3.1.1.RELEASE.jar
18:02:53.766 [Thread-12] DEBUG spoon.Launcher - [INFO] Downloaded from google-maven-central: https://maven-central.storage-download.googleapis.com/maven2/org/springframework/spring-context/3.1.1.RELEASE/spring-context-3.1.1.RELEASE.jar (831 kB at 1.4 MB/s)
18:02:53.766 [Thread-12] DEBUG spoon.Launcher - [INFO] Downloading from google-maven-central: https://maven-central.storage-download.googleapis.com/maven2/org/springframework/spring-asm/3.1.1.RELEASE/spring-asm-3.1.1.RELEASE.jar
18:02:53.863 [Thread-12] DEBUG spoon.Launcher - [INFO] Downloaded from google-maven-central: https://maven-central.storage-download.googleapis.com/maven2/org/springframework/spring-beans/3.1.1.RELEASE/spring-beans-3.1.1.RELEASE.jar (590 kB at 835 kB/s)
18:02:53.863 [Thread-12] DEBUG spoon.Launcher - [INFO] Downloading from google-maven-central: https://maven-central.storage-download.googleapis.com/maven2/org/aspectj/aspectjweaver/1.6.9/aspectjweaver-1.6.9.jar
18:02:53.863 [Thread-12] DEBUG spoon.Launcher - [INFO] Downloaded from google-maven-central: https://maven-central.storage-download.googleapis.com/maven2/org/springframework/spring-aop/3.1.1.RELEASE/spring-aop-3.1.1.RELEASE.jar (331 kB at 470 kB/s)
18:02:53.863 [Thread-12] DEBUG spoon.Launcher - [INFO] Downloading from google-maven-central: https://maven-central.storage-download.googleapis.com/maven2/org/springframework/spring-core/4.3.8.RELEASE/spring-core-4.3.8.RELEASE.jar
18:02:53.901 [Thread-12] DEBUG spoon.Launcher - [INFO] Downloaded from google-maven-central: https://maven-central.storage-download.googleapis.com/maven2/org/ektorp/org.ektorp.spring/1.4.4/org.ektorp.spring-1.4.4.jar (16 kB at 21 kB/s)
18:02:53.981 [Thread-12] DEBUG spoon.Launcher - [INFO] Downloaded from google-maven-central: https://maven-central.storage-download.googleapis.com/maven2/org/springframework/spring-asm/3.1.1.RELEASE/spring-asm-3.1.1.RELEASE.jar (53 kB at 64 kB/s)
18:02:54.113 [Thread-12] DEBUG spoon.Launcher - [INFO] Downloaded from google-maven-central: https://maven-central.storage-download.googleapis.com/maven2/org/aspectj/aspectjweaver/1.6.9/aspectjweaver-1.6.9.jar (1.7 MB at 1.7 MB/s)
18:02:54.130 [Thread-12] DEBUG spoon.Launcher - [INFO] Downloaded from google-maven-central: https://maven-central.storage-download.googleapis.com/maven2/org/springframework/spring-expression/3.1.1.RELEASE/spring-expression-3.1.1.RELEASE.jar (176 kB at 181 kB/s)
18:02:54.163 [Thread-12] DEBUG spoon.Launcher - [INFO] Downloaded from google-maven-central: https://maven-central.storage-download.googleapis.com/maven2/org/springframework/spring-core/4.3.8.RELEASE/spring-core-4.3.8.RELEASE.jar (1.1 MB at 1.1 MB/s)
18:02:54.171 [Thread-12] DEBUG spoon.Launcher - [INFO] 
18:02:54.172 [Thread-12] DEBUG spoon.Launcher - [INFO] --- maven-dependency-plugin:2.8:build-classpath (default-cli) @ pac4j-couch ---
18:02:54.175 [Thread-12] DEBUG spoon.Launcher - [INFO] Wrote classpath file '/home/travis/build/SpoonLabs/spoon-ci-external/spoon/src/test/resources/maven-launcher/pac4j/pac4j-couch/spoon.classpath.tmp'.
18:02:54.175 [Thread-12] DEBUG spoon.Launcher - [INFO] 
18:02:54.175 [Thread-12] DEBUG spoon.Launcher - [INFO] ----------------------< org.pac4j:pac4j-kerberos >----------------------
18:02:54.175 [Thread-12] DEBUG spoon.Launcher - [INFO] Building pac4j for Kerberos 3.0.0                                [16/16]
18:02:54.177 [Thread-12] DEBUG spoon.Launcher - [INFO] --------------------------------[ jar ]---------------------------------
18:02:54.178 [Thread-12] DEBUG spoon.Launcher - [INFO] Downloading from google-maven-central: https://maven-central.storage-download.googleapis.com/maven2/org/apache/kerby/kerby-kdc/1.0.0/kerby-kdc-1.0.0.pom
18:02:54.468 [Thread-12] DEBUG spoon.Launcher - [INFO] Downloaded from google-maven-central: https://maven-central.storage-download.googleapis.com/maven2/org/apache/kerby/kerby-kdc/1.0.0/kerby-kdc-1.0.0.pom (2.3 kB at 7.8 kB/s)
18:02:54.470 [Thread-12] DEBUG spoon.Launcher - [INFO] Downloading from google-maven-central: https://maven-central.storage-download.googleapis.com/maven2/org/apache/kerby/kerby-all/1.0.0/kerby-all-1.0.0.pom
18:02:54.691 [Thread-12] DEBUG spoon.Launcher - [INFO] Downloaded from google-maven-central: https://maven-central.storage-download.googleapis.com/maven2/org/apache/kerby/kerby-all/1.0.0/kerby-all-1.0.0.pom (15 kB at 68 kB/s)
18:02:54.695 [Thread-12] DEBUG spoon.Launcher - [INFO] Downloading from google-maven-central: https://maven-central.storage-download.googleapis.com/maven2/org/apache/kerby/kerb-server-api-all/1.0.0/kerb-server-api-all-1.0.0.pom
18:02:54.991 [Thread-12] DEBUG spoon.Launcher - [INFO] Downloaded from google-maven-central: https://maven-central.storage-download.googleapis.com/maven2/org/apache/kerby/kerb-server-api-all/1.0.0/kerb-server-api-all-1.0.0.pom (2.3 kB at 7.8 kB/s)
18:02:54.993 [Thread-12] DEBUG spoon.Launcher - [INFO] Downloading from google-maven-central: https://maven-central.storage-download.googleapis.com/maven2/org/apache/kerby/kerby-kerb/1.0.0/kerby-kerb-1.0.0.pom
18:02:55.121 [Thread-12] DEBUG spoon.Launcher - [INFO] Downloaded from google-maven-central: https://maven-central.storage-download.googleapis.com/maven2/org/apache/kerby/kerby-kerb/1.0.0/kerby-kerb-1.0.0.pom (1.7 kB at 13 kB/s)
18:02:55.124 [Thread-12] DEBUG spoon.Launcher - [INFO] Downloading from google-maven-central: https://maven-central.storage-download.googleapis.com/maven2/org/apache/kerby/kerb-admin/1.0.0/kerb-admin-1.0.0.pom
18:02:55.244 [Thread-12] DEBUG spoon.Launcher - [INFO] Downloaded from google-maven-central: https://maven-central.storage-download.googleapis.com/maven2/org/apache/kerby/kerb-admin/1.0.0/kerb-admin-1.0.0.pom (1.7 kB at 14 kB/s)
18:02:55.247 [Thread-12] DEBUG spoon.Launcher - [INFO] Downloading from google-maven-central: https://maven-central.storage-download.googleapis.com/maven2/org/apache/kerby/kerb-server/1.0.0/kerb-server-1.0.0.pom
18:02:55.430 [Thread-12] DEBUG spoon.Launcher - [INFO] Downloaded from google-maven-central: https://maven-central.storage-download.googleapis.com/maven2/org/apache/kerby/kerb-server/1.0.0/kerb-server-1.0.0.pom (1.7 kB at 9.1 kB/s)
18:02:55.434 [Thread-12] DEBUG spoon.Launcher - [INFO] Downloading from google-maven-central: https://maven-central.storage-download.googleapis.com/maven2/org/apache/kerby/kerb-common/1.0.0/kerb-common-1.0.0.pom
18:02:55.549 [Thread-12] DEBUG spoon.Launcher - [INFO] Downloaded from google-maven-central: https://maven-central.storage-download.googleapis.com/maven2/org/apache/kerby/kerb-common/1.0.0/kerb-common-1.0.0.pom (1.7 kB at 15 kB/s)
18:02:55.551 [Thread-12] DEBUG spoon.Launcher - [INFO] Downloading from google-maven-central: https://maven-central.storage-download.googleapis.com/maven2/org/apache/kerby/kerby-config/1.0.0/kerby-config-1.0.0.pom
18:02:55.721 [Thread-12] DEBUG spoon.Launcher - [INFO] Downloaded from google-maven-central: https://maven-central.storage-download.googleapis.com/maven2/org/apache/kerby/kerby-config/1.0.0/kerby-config-1.0.0.pom (1.5 kB at 8.8 kB/s)
18:02:55.723 [Thread-12] DEBUG spoon.Launcher - [INFO] Downloading from google-maven-central: https://maven-central.storage-download.googleapis.com/maven2/org/apache/kerby/kerby-common/1.0.0/kerby-common-1.0.0.pom
18:02:55.903 [Thread-12] DEBUG spoon.Launcher - [INFO] Downloaded from google-maven-central: https://maven-central.storage-download.googleapis.com/maven2/org/apache/kerby/kerby-common/1.0.0/kerby-common-1.0.0.pom (1.3 kB at 7.0 kB/s)
18:02:55.905 [Thread-12] DEBUG spoon.Launcher - [INFO] Downloading from google-maven-central: https://maven-central.storage-download.googleapis.com/maven2/org/apache/kerby/kerb-crypto/1.0.0/kerb-crypto-1.0.0.pom
18:02:56.062 [Thread-12] DEBUG spoon.Launcher - [INFO] Downloaded from google-maven-central: https://maven-central.storage-download.googleapis.com/maven2/org/apache/kerby/kerb-crypto/1.0.0/kerb-crypto-1.0.0.pom (1.5 kB at 9.6 kB/s)
18:02:56.064 [Thread-12] DEBUG spoon.Launcher - [INFO] Downloading from google-maven-central: https://maven-central.storage-download.googleapis.com/maven2/org/apache/kerby/kerby-util/1.0.0/kerby-util-1.0.0.pom
18:02:56.251 [Thread-12] DEBUG spoon.Launcher - [INFO] Downloaded from google-maven-central: https://maven-central.storage-download.googleapis.com/maven2/org/apache/kerby/kerby-util/1.0.0/kerby-util-1.0.0.pom (1.2 kB at 6.2 kB/s)
18:02:56.253 [Thread-12] DEBUG spoon.Launcher - [INFO] Downloading from google-maven-central: https://maven-central.storage-download.googleapis.com/maven2/org/apache/kerby/kerb-core/1.0.0/kerb-core-1.0.0.pom
18:02:56.472 [Thread-12] DEBUG spoon.Launcher - [INFO] Downloaded from google-maven-central: https://maven-central.storage-download.googleapis.com/maven2/org/apache/kerby/kerb-core/1.0.0/kerb-core-1.0.0.pom (1.3 kB at 6.1 kB/s)
18:02:56.475 [Thread-12] DEBUG spoon.Launcher - [INFO] Downloading from google-maven-central: https://maven-central.storage-download.googleapis.com/maven2/org/apache/kerby/kerby-pkix/1.0.0/kerby-pkix-1.0.0.pom
18:02:56.647 [Thread-12] DEBUG spoon.Launcher - [INFO] Downloaded from google-maven-central: https://maven-central.storage-download.googleapis.com/maven2/org/apache/kerby/kerby-pkix/1.0.0/kerby-pkix-1.0.0.pom (2.0 kB at 12 kB/s)
18:02:56.649 [Thread-12] DEBUG spoon.Launcher - [INFO] Downloading from google-maven-central: https://maven-central.storage-download.googleapis.com/maven2/org/apache/kerby/kerby-asn1/1.0.0/kerby-asn1-1.0.0.pom
18:02:56.829 [Thread-12] DEBUG spoon.Launcher - [INFO] Downloaded from google-maven-central: https://maven-central.storage-download.googleapis.com/maven2/org/apache/kerby/kerby-asn1/1.0.0/kerby-asn1-1.0.0.pom (1.1 kB at 6.3 kB/s)
18:02:56.832 [Thread-12] DEBUG spoon.Launcher - [INFO] Downloading from google-maven-central: https://maven-central.storage-download.googleapis.com/maven2/org/apache/kerby/kerb-identity/1.0.0/kerb-identity-1.0.0.pom
18:02:57.024 [Thread-12] DEBUG spoon.Launcher - [INFO] Downloaded from google-maven-central: https://maven-central.storage-download.googleapis.com/maven2/org/apache/kerby/kerb-identity/1.0.0/kerb-identity-1.0.0.pom (1.5 kB at 7.7 kB/s)
18:02:57.026 [Thread-12] DEBUG spoon.Launcher - [INFO] Downloading from google-maven-central: https://maven-central.storage-download.googleapis.com/maven2/org/apache/kerby/kerb-util/1.0.0/kerb-util-1.0.0.pom
18:02:57.187 [Thread-12] DEBUG spoon.Launcher - [INFO] Downloaded from google-maven-central: https://maven-central.storage-download.googleapis.com/maven2/org/apache/kerby/kerb-util/1.0.0/kerb-util-1.0.0.pom (1.8 kB at 11 kB/s)
18:02:57.189 [Thread-12] DEBUG spoon.Launcher - [INFO] Downloading from google-maven-central: https://maven-central.storage-download.googleapis.com/maven2/org/apache/kerby/kerby-xdr/1.0.0/kerby-xdr-1.0.0.pom
18:02:57.353 [Thread-12] DEBUG spoon.Launcher - [INFO] Downloaded from google-maven-central: https://maven-central.storage-download.googleapis.com/maven2/org/apache/kerby/kerby-xdr/1.0.0/kerby-xdr-1.0.0.pom (1.1 kB at 6.8 kB/s)
18:02:57.356 [Thread-12] DEBUG spoon.Launcher - [INFO] Downloading from google-maven-central: https://maven-central.storage-download.googleapis.com/maven2/io/netty/netty-transport/4.0.29.Final/netty-transport-4.0.29.Final.pom
18:02:57.611 [Thread-12] DEBUG spoon.Launcher - [INFO] Downloaded from google-maven-central: https://maven-central.storage-download.googleapis.com/maven2/io/netty/netty-transport/4.0.29.Final/netty-transport-4.0.29.Final.pom (1.4 kB at 5.4 kB/s)
18:02:57.613 [Thread-12] DEBUG spoon.Launcher - [INFO] Downloading from google-maven-central: https://maven-central.storage-download.googleapis.com/maven2/io/netty/netty-parent/4.0.29.Final/netty-parent-4.0.29.Final.pom
18:02:57.692 [Thread-12] DEBUG spoon.Launcher - [INFO] Downloaded from google-maven-central: https://maven-central.storage-download.googleapis.com/maven2/io/netty/netty-parent/4.0.29.Final/netty-parent-4.0.29.Final.pom (51 kB at 638 kB/s)
18:02:57.696 [Thread-12] DEBUG spoon.Launcher - [INFO] Downloading from google-maven-central: https://maven-central.storage-download.googleapis.com/maven2/io/netty/netty-buffer/4.0.29.Final/netty-buffer-4.0.29.Final.pom
18:02:57.880 [Thread-12] DEBUG spoon.Launcher - [INFO] Downloaded from google-maven-central: https://maven-central.storage-download.googleapis.com/maven2/io/netty/netty-buffer/4.0.29.Final/netty-buffer-4.0.29.Final.pom (1.4 kB at 7.4 kB/s)
18:02:57.883 [Thread-12] DEBUG spoon.Launcher - [INFO] Downloading from google-maven-central: https://maven-central.storage-download.googleapis.com/maven2/io/netty/netty-common/4.0.29.Final/netty-common-4.0.29.Final.pom
18:02:58.084 [Thread-12] DEBUG spoon.Launcher - [INFO] Downloaded from google-maven-central: https://maven-central.storage-download.googleapis.com/maven2/io/netty/netty-common/4.0.29.Final/netty-common-4.0.29.Final.pom (2.0 kB at 10.0 kB/s)
18:02:58.087 [Thread-12] DEBUG spoon.Launcher - [INFO] Downloading from google-maven-central: https://maven-central.storage-download.googleapis.com/maven2/io/netty/netty-handler/4.0.29.Final/netty-handler-4.0.29.Final.pom
18:02:58.281 [Thread-12] DEBUG spoon.Launcher - [INFO] Downloaded from google-maven-central: https://maven-central.storage-download.googleapis.com/maven2/io/netty/netty-handler/4.0.29.Final/netty-handler-4.0.29.Final.pom (2.8 kB at 14 kB/s)
18:02:58.284 [Thread-12] DEBUG spoon.Launcher - [INFO] Downloading from google-maven-central: https://maven-central.storage-download.googleapis.com/maven2/io/netty/netty-codec/4.0.29.Final/netty-codec-4.0.29.Final.pom
18:02:58.522 [Thread-12] DEBUG spoon.Launcher - [INFO] Downloaded from google-maven-central: https://maven-central.storage-download.googleapis.com/maven2/io/netty/netty-codec/4.0.29.Final/netty-codec-4.0.29.Final.pom (2.2 kB at 9.4 kB/s)
18:02:58.526 [Thread-12] DEBUG spoon.Launcher - [INFO] Downloading from google-maven-central: https://maven-central.storage-download.googleapis.com/maven2/org/apache/kerby/kerb-simplekdc/1.0.0/kerb-simplekdc-1.0.0.pom
18:02:58.770 [Thread-12] DEBUG spoon.Launcher - [INFO] Downloaded from google-maven-central: https://maven-central.storage-download.googleapis.com/maven2/org/apache/kerby/kerb-simplekdc/1.0.0/kerb-simplekdc-1.0.0.pom (1.5 kB at 6.1 kB/s)
18:02:58.773 [Thread-12] DEBUG spoon.Launcher - [INFO] Downloading from google-maven-central: https://maven-central.storage-download.googleapis.com/maven2/org/apache/kerby/kerb-client/1.0.0/kerb-client-1.0.0.pom
18:02:58.920 [Thread-12] DEBUG spoon.Launcher - [INFO] Downloaded from google-maven-central: https://maven-central.storage-download.googleapis.com/maven2/org/apache/kerby/kerb-client/1.0.0/kerb-client-1.0.0.pom (2.0 kB at 14 kB/s)
18:02:58.923 [Thread-12] DEBUG spoon.Launcher - [INFO] Downloading from google-maven-central: https://maven-central.storage-download.googleapis.com/maven2/org/apache/kerby/token-provider/1.0.0/token-provider-1.0.0.pom
18:02:59.085 [Thread-12] DEBUG spoon.Launcher - [INFO] Downloaded from google-maven-central: https://maven-central.storage-download.googleapis.com/maven2/org/apache/kerby/token-provider/1.0.0/token-provider-1.0.0.pom (1.5 kB at 9.2 kB/s)
18:02:59.086 [Thread-12] DEBUG spoon.Launcher - [INFO] Downloading from google-maven-central: https://maven-central.storage-download.googleapis.com/maven2/org/apache/kerby/kerby-provider/1.0.0/kerby-provider-1.0.0.pom
18:02:59.294 [Thread-12] DEBUG spoon.Launcher - [INFO] Downloaded from google-maven-central: https://maven-central.storage-download.googleapis.com/maven2/org/apache/kerby/kerby-provider/1.0.0/kerby-provider-1.0.0.pom (1.2 kB at 5.6 kB/s)
18:02:59.297 [Thread-12] DEBUG spoon.Launcher - [INFO] Downloading from apache.snapshots: https://repository.apache.org/content/repositories/snapshots/net/minidev/json-smart/maven-metadata.xml
18:02:59.647 [Thread-12] DEBUG spoon.Launcher - [INFO] Downloading from google-maven-central: https://maven-central.storage-download.googleapis.com/maven2/org/apache/kerby/integration-test/1.0.0/integration-test-1.0.0.pom
18:02:59.897 [Thread-12] DEBUG spoon.Launcher - [INFO] Downloaded from google-maven-central: https://maven-central.storage-download.googleapis.com/maven2/org/apache/kerby/integration-test/1.0.0/integration-test-1.0.0.pom (2.1 kB at 8.3 kB/s)
18:02:59.900 [Thread-12] DEBUG spoon.Launcher - [INFO] Downloading from google-maven-central: https://maven-central.storage-download.googleapis.com/maven2/org/apache/kerby/kerb-kdc-test/1.0.0/kerb-kdc-test-1.0.0.pom
18:03:00.031 [Thread-12] DEBUG spoon.Launcher - [INFO] Downloaded from google-maven-central: https://maven-central.storage-download.googleapis.com/maven2/org/apache/kerby/kerb-kdc-test/1.0.0/kerb-kdc-test-1.0.0.pom (2.8 kB at 22 kB/s)
18:03:00.045 [Thread-12] DEBUG spoon.Launcher - [INFO] Downloading from google-maven-central: https://maven-central.storage-download.googleapis.com/maven2/org/apache/kerby/kerby-kdc/1.0.0/kerby-kdc-1.0.0.jar
18:03:00.049 [Thread-12] DEBUG spoon.Launcher - [INFO] Downloading from google-maven-central: https://maven-central.storage-download.googleapis.com/maven2/io/netty/netty-transport/4.0.29.Final/netty-transport-4.0.29.Final.jar
18:03:00.050 [Thread-12] DEBUG spoon.Launcher - [INFO] Downloading from google-maven-central: https://maven-central.storage-download.googleapis.com/maven2/io/netty/netty-handler/4.0.29.Final/netty-handler-4.0.29.Final.jar
18:03:00.052 [Thread-12] DEBUG spoon.Launcher - [INFO] Downloading from google-maven-central: https://maven-central.storage-download.googleapis.com/maven2/io/netty/netty-common/4.0.29.Final/netty-common-4.0.29.Final.jar
18:03:00.063 [Thread-12] DEBUG spoon.Launcher - [INFO] Downloading from google-maven-central: https://maven-central.storage-download.googleapis.com/maven2/org/apache/kerby/kerb-server-api-all/1.0.0/kerb-server-api-all-1.0.0.jar
18:03:00.207 [Thread-12] DEBUG spoon.Launcher - [INFO] Downloaded from google-maven-central: https://maven-central.storage-download.googleapis.com/maven2/org/apache/kerby/kerby-kdc/1.0.0/kerby-kdc-1.0.0.jar (19 kB at 117 kB/s)
18:03:00.207 [Thread-12] DEBUG spoon.Launcher - [INFO] Downloading from google-maven-central: https://maven-central.storage-download.googleapis.com/maven2/io/netty/netty-codec/4.0.29.Final/netty-codec-4.0.29.Final.jar
18:03:00.218 [Thread-12] DEBUG spoon.Launcher - [INFO] Downloaded from google-maven-central: https://maven-central.storage-download.googleapis.com/maven2/io/netty/netty-handler/4.0.29.Final/netty-handler-4.0.29.Final.jar (248 kB at 1.5 MB/s)
18:03:00.219 [Thread-12] DEBUG spoon.Launcher - [INFO] Downloading from google-maven-central: https://maven-central.storage-download.googleapis.com/maven2/io/netty/netty-buffer/4.0.29.Final/netty-buffer-4.0.29.Final.jar
18:03:00.269 [Thread-12] DEBUG spoon.Launcher - [INFO] Downloaded from google-maven-central: https://maven-central.storage-download.googleapis.com/maven2/io/netty/netty-transport/4.0.29.Final/netty-transport-4.0.29.Final.jar (343 kB at 1.6 MB/s)
18:03:00.269 [Thread-12] DEBUG spoon.Launcher - [INFO] Downloading from google-maven-central: https://maven-central.storage-download.googleapis.com/maven2/org/apache/kerby/kerb-simplekdc/1.0.0/kerb-simplekdc-1.0.0.jar
18:03:00.318 [Thread-12] DEBUG spoon.Launcher - [INFO] Downloaded from google-maven-central: https://maven-central.storage-download.googleapis.com/maven2/org/apache/kerby/kerb-server-api-all/1.0.0/kerb-server-api-all-1.0.0.jar (7.4 kB at 27 kB/s)
18:03:00.318 [Thread-12] DEBUG spoon.Launcher - [INFO] Downloading from google-maven-central: https://maven-central.storage-download.googleapis.com/maven2/org/apache/kerby/kerb-admin/1.0.0/kerb-admin-1.0.0.jar
18:03:00.370 [Thread-12] DEBUG spoon.Launcher - [INFO] Downloaded from google-maven-central: https://maven-central.storage-download.googleapis.com/maven2/io/netty/netty-common/4.0.29.Final/netty-common-4.0.29.Final.jar (439 kB at 1.4 MB/s)
18:03:00.370 [Thread-12] DEBUG spoon.Launcher - [INFO] Downloading from google-maven-central: https://maven-central.storage-download.googleapis.com/maven2/org/apache/kerby/kerb-server/1.0.0/kerb-server-1.0.0.jar
18:03:00.389 [Thread-12] DEBUG spoon.Launcher - [INFO] Downloaded from google-maven-central: https://maven-central.storage-download.googleapis.com/maven2/io/netty/netty-codec/4.0.29.Final/netty-codec-4.0.29.Final.jar (146 kB at 432 kB/s)
18:03:00.389 [Thread-12] DEBUG spoon.Launcher - [INFO] Downloading from google-maven-central: https://maven-central.storage-download.googleapis.com/maven2/org/apache/kerby/kerb-identity/1.0.0/kerb-identity-1.0.0.jar
18:03:00.465 [Thread-12] DEBUG spoon.Launcher - [INFO] Downloaded from google-maven-central: https://maven-central.storage-download.googleapis.com/maven2/org/apache/kerby/kerb-admin/1.0.0/kerb-admin-1.0.0.jar (81 kB at 195 kB/s)
18:03:00.465 [Thread-12] DEBUG spoon.Launcher - [INFO] Downloading from google-maven-central: https://maven-central.storage-download.googleapis.com/maven2/org/apache/kerby/kerby-xdr/1.0.0/kerby-xdr-1.0.0.jar
18:03:00.482 [Thread-12] DEBUG spoon.Launcher - [INFO] Downloaded from google-maven-central: https://maven-central.storage-download.googleapis.com/maven2/org/apache/kerby/kerb-simplekdc/1.0.0/kerb-simplekdc-1.0.0.jar (20 kB at 47 kB/s)
18:03:00.482 [Thread-12] DEBUG spoon.Launcher - [INFO] Downloading from google-maven-central: https://maven-central.storage-download.googleapis.com/maven2/org/apache/kerby/kerb-client/1.0.0/kerb-client-1.0.0.jar
18:03:00.510 [Thread-12] DEBUG spoon.Launcher - [INFO] Downloaded from google-maven-central: https://maven-central.storage-download.googleapis.com/maven2/org/apache/kerby/kerb-server/1.0.0/kerb-server-1.0.0.jar (82 kB at 177 kB/s)
18:03:00.510 [Thread-12] DEBUG spoon.Launcher - [INFO] Downloading from google-maven-central: https://maven-central.storage-download.googleapis.com/maven2/org/apache/kerby/kerby-config/1.0.0/kerby-config-1.0.0.jar
18:03:00.558 [Thread-12] DEBUG spoon.Launcher - [INFO] Downloaded from google-maven-central: https://maven-central.storage-download.googleapis.com/maven2/io/netty/netty-buffer/4.0.29.Final/netty-buffer-4.0.29.Final.jar (184 kB at 362 kB/s)
18:03:00.559 [Thread-12] DEBUG spoon.Launcher - [INFO] Downloading from google-maven-central: https://maven-central.storage-download.googleapis.com/maven2/org/apache/kerby/kerb-core/1.0.0/kerb-core-1.0.0.jar
18:03:00.571 [Thread-12] DEBUG spoon.Launcher - [INFO] Downloaded from google-maven-central: https://maven-central.storage-download.googleapis.com/maven2/org/apache/kerby/kerb-identity/1.0.0/kerb-identity-1.0.0.jar (19 kB at 37 kB/s)
18:03:00.571 [Thread-12] DEBUG spoon.Launcher - [INFO] Downloading from google-maven-central: https://maven-central.storage-download.googleapis.com/maven2/org/apache/kerby/kerby-pkix/1.0.0/kerby-pkix-1.0.0.jar
18:03:00.658 [Thread-12] DEBUG spoon.Launcher - [INFO] Downloaded from google-maven-central: https://maven-central.storage-download.googleapis.com/maven2/org/apache/kerby/kerb-client/1.0.0/kerb-client-1.0.0.jar (99 kB at 163 kB/s)
18:03:00.659 [Thread-12] DEBUG spoon.Launcher - [INFO] Downloading from google-maven-central: https://maven-central.storage-download.googleapis.com/maven2/org/apache/kerby/kerby-asn1/1.0.0/kerby-asn1-1.0.0.jar
18:03:00.668 [Thread-12] DEBUG spoon.Launcher - [INFO] Downloaded from google-maven-central: https://maven-central.storage-download.googleapis.com/maven2/org/apache/kerby/kerby-xdr/1.0.0/kerby-xdr-1.0.0.jar (29 kB at 47 kB/s)
18:03:00.668 [Thread-12] DEBUG spoon.Launcher - [INFO] Downloading from google-maven-central: https://maven-central.storage-download.googleapis.com/maven2/org/apache/kerby/kerby-util/1.0.0/kerby-util-1.0.0.jar
18:03:00.694 [Thread-12] DEBUG spoon.Launcher - [INFO] Downloaded from google-maven-central: https://maven-central.storage-download.googleapis.com/maven2/org/apache/kerby/kerby-config/1.0.0/kerby-config-1.0.0.jar (31 kB at 48 kB/s)
18:03:00.694 [Thread-12] DEBUG spoon.Launcher - [INFO] Downloading from google-maven-central: https://maven-central.storage-download.googleapis.com/maven2/org/apache/kerby/kerb-common/1.0.0/kerb-common-1.0.0.jar
18:03:00.733 [Thread-12] DEBUG spoon.Launcher - [INFO] Downloaded from google-maven-central: https://maven-central.storage-download.googleapis.com/maven2/org/apache/kerby/kerb-core/1.0.0/kerb-core-1.0.0.jar (225 kB at 331 kB/s)
18:03:00.733 [Thread-12] DEBUG spoon.Launcher - [INFO] Downloading from google-maven-central: https://maven-central.storage-download.googleapis.com/maven2/org/apache/kerby/kerb-crypto/1.0.0/kerb-crypto-1.0.0.jar
18:03:00.812 [Thread-12] DEBUG spoon.Launcher - [INFO] Downloaded from google-maven-central: https://maven-central.storage-download.googleapis.com/maven2/org/apache/kerby/kerby-pkix/1.0.0/kerby-pkix-1.0.0.jar (205 kB at 269 kB/s)
18:03:00.813 [Thread-12] DEBUG spoon.Launcher - [INFO] Downloading from google-maven-central: https://maven-central.storage-download.googleapis.com/maven2/org/apache/kerby/kerb-util/1.0.0/kerb-util-1.0.0.jar
18:03:00.871 [Thread-12] DEBUG spoon.Launcher - [INFO] Downloaded from google-maven-central: https://maven-central.storage-download.googleapis.com/maven2/org/apache/kerby/kerby-asn1/1.0.0/kerby-asn1-1.0.0.jar (102 kB at 125 kB/s)
18:03:00.871 [Thread-12] DEBUG spoon.Launcher - [INFO] Downloading from google-maven-central: https://maven-central.storage-download.googleapis.com/maven2/org/apache/kerby/token-provider/1.0.0/token-provider-1.0.0.jar
18:03:00.874 [Thread-12] DEBUG spoon.Launcher - [INFO] Downloaded from google-maven-central: https://maven-central.storage-download.googleapis.com/maven2/org/apache/kerby/kerby-util/1.0.0/kerby-util-1.0.0.jar (40 kB at 49 kB/s)
18:03:00.874 [Thread-12] DEBUG spoon.Launcher - [INFO] Downloading from google-maven-central: https://maven-central.storage-download.googleapis.com/maven2/org/apache/kerby/integration-test/1.0.0/integration-test-1.0.0.jar
18:03:00.885 [Thread-12] DEBUG spoon.Launcher - [INFO] Downloaded from google-maven-central: https://maven-central.storage-download.googleapis.com/maven2/org/apache/kerby/kerb-common/1.0.0/kerb-common-1.0.0.jar (65 kB at 79 kB/s)
18:03:00.886 [Thread-12] DEBUG spoon.Launcher - [INFO] Downloading from google-maven-central: https://maven-central.storage-download.googleapis.com/maven2/org/apache/kerby/kerb-kdc-test/1.0.0/kerb-kdc-test-1.0.0.jar
18:03:00.889 [Thread-12] DEBUG spoon.Launcher - [INFO] Downloaded from google-maven-central: https://maven-central.storage-download.googleapis.com/maven2/org/apache/kerby/kerb-crypto/1.0.0/kerb-crypto-1.0.0.jar (116 kB at 139 kB/s)
18:03:00.978 [Thread-12] DEBUG spoon.Launcher - [INFO] Downloaded from google-maven-central: https://maven-central.storage-download.googleapis.com/maven2/org/apache/kerby/token-provider/1.0.0/token-provider-1.0.0.jar (19 kB at 20 kB/s)
18:03:00.991 [Thread-12] DEBUG spoon.Launcher - [INFO] Downloaded from google-maven-central: https://maven-central.storage-download.googleapis.com/maven2/org/apache/kerby/kerb-util/1.0.0/kerb-util-1.0.0.jar (37 kB at 39 kB/s)
18:03:01.065 [Thread-12] DEBUG spoon.Launcher - [INFO] Downloaded from google-maven-central: https://maven-central.storage-download.googleapis.com/maven2/org/apache/kerby/kerb-kdc-test/1.0.0/kerb-kdc-test-1.0.0.jar (7.3 kB at 7.2 kB/s)
18:03:01.103 [Thread-12] DEBUG spoon.Launcher - [INFO] Downloaded from google-maven-central: https://maven-central.storage-download.googleapis.com/maven2/org/apache/kerby/integration-test/1.0.0/integration-test-1.0.0.jar (37 kB at 35 kB/s)
18:03:01.110 [Thread-12] DEBUG spoon.Launcher - [INFO] 
18:03:01.110 [Thread-12] DEBUG spoon.Launcher - [INFO] --- maven-dependency-plugin:2.8:build-classpath (default-cli) @ pac4j-kerberos ---
18:03:01.113 [Thread-12] DEBUG spoon.Launcher - [INFO] Wrote classpath file '/home/travis/build/SpoonLabs/spoon-ci-external/spoon/src/test/resources/maven-launcher/pac4j/pac4j-kerberos/spoon.classpath.tmp'.
18:03:01.113 [Thread-12] DEBUG spoon.Launcher - [INFO] ------------------------------------------------------------------------
18:03:01.113 [Thread-12] DEBUG spoon.Launcher - [INFO] Reactor Summary for pac4j 3.0.0:
18:03:01.113 [Thread-12] DEBUG spoon.Launcher - [INFO] 
18:03:01.114 [Thread-12] DEBUG spoon.Launcher - [INFO] pac4j .............................................. SUCCESS [  0.581 s]
18:03:01.114 [Thread-12] DEBUG spoon.Launcher - [INFO] pac4j core ......................................... SUCCESS [  3.764 s]
18:03:01.114 [Thread-12] DEBUG spoon.Launcher - [INFO] pac4j for CAS protocol ............................. SUCCESS [  0.754 s]
18:03:01.114 [Thread-12] DEBUG spoon.Launcher - [INFO] pac4j for SAML protocol ............................ SUCCESS [  5.715 s]
18:03:01.114 [Thread-12] DEBUG spoon.Launcher - [INFO] pac4j for OAuth protocol ........................... SUCCESS [  0.776 s]
18:03:01.114 [Thread-12] DEBUG spoon.Launcher - [INFO] pac4j for OpenID Connect protocol .................. SUCCESS [  1.635 s]
18:03:01.115 [Thread-12] DEBUG spoon.Launcher - [INFO] pac4j for LDAP ..................................... SUCCESS [  1.040 s]
18:03:01.115 [Thread-12] DEBUG spoon.Launcher - [INFO] pac4j for HTTP protocol ............................ SUCCESS [  0.609 s]
18:03:01.115 [Thread-12] DEBUG spoon.Launcher - [INFO] pac4j for relational DB ............................ SUCCESS [  0.617 s]
18:03:01.115 [Thread-12] DEBUG spoon.Launcher - [INFO] pac4j configuration ................................ SUCCESS [  0.030 s]
18:03:01.115 [Thread-12] DEBUG spoon.Launcher - [INFO] pac4j for OpenId protocol .......................... SUCCESS [  2.288 s]
18:03:01.115 [Thread-12] DEBUG spoon.Launcher - [INFO] pac4j for GAE UserService mechanism ................ SUCCESS [  2.577 s]
18:03:01.115 [Thread-12] DEBUG spoon.Launcher - [INFO] pac4j for JWT ...................................... SUCCESS [  0.532 s]
18:03:01.116 [Thread-12] DEBUG spoon.Launcher - [INFO] pac4j for MongoDB .................................. SUCCESS [  1.275 s]
18:03:01.116 [Thread-12] DEBUG spoon.Launcher - [INFO] pac4j for CouchDB .................................. SUCCESS [  7.053 s]
18:03:01.116 [Thread-12] DEBUG spoon.Launcher - [INFO] pac4j for Kerberos ................................. SUCCESS [  6.938 s]
18:03:01.116 [Thread-12] DEBUG spoon.Launcher - [INFO] ------------------------------------------------------------------------
18:03:01.116 [Thread-12] DEBUG spoon.Launcher - [INFO] BUILD SUCCESS
18:03:01.116 [Thread-12] DEBUG spoon.Launcher - [INFO] ------------------------------------------------------------------------
18:03:01.116 [Thread-12] DEBUG spoon.Launcher - [INFO] Total time:  37.380 s
18:03:01.117 [Thread-12] DEBUG spoon.Launcher - [INFO] Finished at: 2020-08-22T18:03:01Z
18:03:01.117 [Thread-12] DEBUG spoon.Launcher - [INFO] ------------------------------------------------------------------------
]]></system-out>
  </testcase>
  <testcase name="mavenLauncherOnANotExistingFileTest" classname="spoon.MavenLauncherTest" time="0.008">
    <system-out><![CDATA[18:03:01.159 [main] INFO spoon.Launcher - Running in NOCLASSPATH mode (doc: http://spoon.gforge.inria.fr/launcher.html).
]]></system-out>
  </testcase>
  <testcase name="spoonMavenLauncherTest" classname="spoon.MavenLauncherTest" time="20.674">
    <system-out><![CDATA[18:03:01.160 [main] INFO spoon.Launcher - Running in NOCLASSPATH mode (doc: http://spoon.gforge.inria.fr/launcher.html).
18:03:02.679 [Thread-15] DEBUG spoon.Launcher - [INFO] Scanning for projects...
18:03:03.738 [Thread-15] DEBUG spoon.Launcher - [INFO] Inspecting build with total of 1 modules...
18:03:03.739 [Thread-15] DEBUG spoon.Launcher - [INFO] Installing Nexus Staging features:
18:03:03.740 [Thread-15] DEBUG spoon.Launcher - [INFO]   ... total of 1 executions of maven-deploy-plugin replaced with nexus-staging-maven-plugin
18:03:04.076 [Thread-15] DEBUG spoon.Launcher - [INFO] Downloading from google-maven-central: https://maven-central.storage-download.googleapis.com/maven2/org/apache/maven/plugins/maven-deploy-plugin/2.8.2/maven-deploy-plugin-2.8.2.pom
18:03:04.683 [Thread-15] DEBUG spoon.Launcher - [INFO] Downloaded from google-maven-central: https://maven-central.storage-download.googleapis.com/maven2/org/apache/maven/plugins/maven-deploy-plugin/2.8.2/maven-deploy-plugin-2.8.2.pom (7.1 kB at 12 kB/s)
18:03:04.694 [Thread-15] DEBUG spoon.Launcher - [INFO] Downloading from google-maven-central: https://maven-central.storage-download.googleapis.com/maven2/org/apache/maven/plugins/maven-deploy-plugin/2.8.2/maven-deploy-plugin-2.8.2.jar
18:03:04.807 [Thread-15] DEBUG spoon.Launcher - [INFO] Downloaded from google-maven-central: https://maven-central.storage-download.googleapis.com/maven2/org/apache/maven/plugins/maven-deploy-plugin/2.8.2/maven-deploy-plugin-2.8.2.jar (34 kB at 302 kB/s)
18:03:04.853 [Thread-15] DEBUG spoon.Launcher - [INFO] 
18:03:04.854 [Thread-15] DEBUG spoon.Launcher - [INFO] ------------------< fr.inria.gforge.spoon:spoon-core >------------------
18:03:04.854 [Thread-15] DEBUG spoon.Launcher - [INFO] Building Spoon Core 8.3.0-SNAPSHOT
18:03:04.856 [Thread-15] DEBUG spoon.Launcher - [INFO] --------------------------------[ jar ]---------------------------------
18:03:05.016 [Thread-15] DEBUG spoon.Launcher - [INFO] Downloading from sonatype: https://oss.sonatype.org/content/repositories/releases/junit/junit-dep/maven-metadata.xml
18:03:05.020 [Thread-15] DEBUG spoon.Launcher - [INFO] Downloading from sonatype-apache: https://repository.apache.org/content/repositories/releases/junit/junit-dep/maven-metadata.xml
18:03:05.022 [Thread-15] DEBUG spoon.Launcher - [INFO] Downloading from apache-snapshots: https://repository.apache.org/snapshots/junit/junit-dep/maven-metadata.xml
18:03:05.024 [Thread-15] DEBUG spoon.Launcher - [INFO] Downloading from maven.inria.fr-snapshot: https://maven.irisa.fr/artifactory/spoon-public-snapshot/junit/junit-dep/maven-metadata.xml
18:03:05.371 [Thread-15] DEBUG spoon.Launcher - [INFO] Downloaded from sonatype: https://oss.sonatype.org/content/repositories/releases/junit/junit-dep/maven-metadata.xml (563 B at 1.6 kB/s)
18:03:05.551 [Thread-15] DEBUG spoon.Launcher - [WARNING] Could not transfer metadata junit:junit-dep/maven-metadata.xml from/to maven.inria.fr-snapshot (https://maven.irisa.fr/artifactory/spoon-public-snapshot): Transfer failed for https://maven.irisa.fr/artifactory/spoon-public-snapshot/junit/junit-dep/maven-metadata.xml
18:03:05.581 [Thread-15] DEBUG spoon.Launcher - [INFO] 
18:03:05.582 [Thread-15] DEBUG spoon.Launcher - [INFO] --- maven-dependency-plugin:3.1.2:build-classpath (default-cli) @ spoon-core ---
18:03:05.606 [Thread-15] DEBUG spoon.Launcher - [INFO] Downloading from google-maven-central: https://maven-central.storage-download.googleapis.com/maven2/org/codehaus/plexus/plexus-component-annotations/2.0.0/plexus-component-annotations-2.0.0.pom
18:03:05.616 [Thread-15] DEBUG spoon.Launcher - [INFO] Downloaded from google-maven-central: https://maven-central.storage-download.googleapis.com/maven2/org/codehaus/plexus/plexus-component-annotations/2.0.0/plexus-component-annotations-2.0.0.pom (750 B at 94 kB/s)
18:03:05.620 [Thread-15] DEBUG spoon.Launcher - [INFO] Downloading from google-maven-central: https://maven-central.storage-download.googleapis.com/maven2/org/codehaus/plexus/plexus-containers/2.0.0/plexus-containers-2.0.0.pom
18:03:05.639 [Thread-15] DEBUG spoon.Launcher - [INFO] Downloaded from google-maven-central: https://maven-central.storage-download.googleapis.com/maven2/org/codehaus/plexus/plexus-containers/2.0.0/plexus-containers-2.0.0.pom (4.8 kB at 267 kB/s)
18:03:05.713 [Thread-15] DEBUG spoon.Launcher - [INFO] Downloading from google-maven-central: https://maven-central.storage-download.googleapis.com/maven2/org/apache/maven/reporting/maven-reporting-impl/3.0.0/maven-reporting-impl-3.0.0.pom
18:03:05.854 [Thread-15] DEBUG spoon.Launcher - [INFO] Downloaded from google-maven-central: https://maven-central.storage-download.googleapis.com/maven2/org/apache/maven/reporting/maven-reporting-impl/3.0.0/maven-reporting-impl-3.0.0.pom (7.6 kB at 54 kB/s)
18:03:05.861 [Thread-15] DEBUG spoon.Launcher - [INFO] Downloading from google-maven-central: https://maven-central.storage-download.googleapis.com/maven2/org/apache/maven/shared/maven-shared-utils/3.2.0/maven-shared-utils-3.2.0.pom
18:03:05.957 [Thread-15] DEBUG spoon.Launcher - [INFO] Downloaded from google-maven-central: https://maven-central.storage-download.googleapis.com/maven2/org/apache/maven/shared/maven-shared-utils/3.2.0/maven-shared-utils-3.2.0.pom (4.9 kB at 51 kB/s)
18:03:05.962 [Thread-15] DEBUG spoon.Launcher - [INFO] Downloading from google-maven-central: https://maven-central.storage-download.googleapis.com/maven2/org/apache/maven/doxia/doxia-sink-api/1.7/doxia-sink-api-1.7.pom
18:03:06.115 [Thread-15] DEBUG spoon.Launcher - [INFO] Downloaded from google-maven-central: https://maven-central.storage-download.googleapis.com/maven2/org/apache/maven/doxia/doxia-sink-api/1.7/doxia-sink-api-1.7.pom (1.5 kB at 10 kB/s)
18:03:06.117 [Thread-15] DEBUG spoon.Launcher - [INFO] Downloading from google-maven-central: https://maven-central.storage-download.googleapis.com/maven2/org/apache/maven/doxia/doxia/1.7/doxia-1.7.pom
18:03:06.246 [Thread-15] DEBUG spoon.Launcher - [INFO] Downloaded from google-maven-central: https://maven-central.storage-download.googleapis.com/maven2/org/apache/maven/doxia/doxia/1.7/doxia-1.7.pom (15 kB at 118 kB/s)
18:03:06.252 [Thread-15] DEBUG spoon.Launcher - [INFO] Downloading from google-maven-central: https://maven-central.storage-download.googleapis.com/maven2/org/apache/maven/doxia/doxia-logging-api/1.7/doxia-logging-api-1.7.pom
18:03:06.338 [Thread-15] DEBUG spoon.Launcher - [INFO] Downloaded from google-maven-central: https://maven-central.storage-download.googleapis.com/maven2/org/apache/maven/doxia/doxia-logging-api/1.7/doxia-logging-api-1.7.pom (1.5 kB at 18 kB/s)
18:03:06.347 [Thread-15] DEBUG spoon.Launcher - [INFO] Downloading from google-maven-central: https://maven-central.storage-download.googleapis.com/maven2/org/apache/maven/doxia/doxia-decoration-model/1.7.4/doxia-decoration-model-1.7.4.pom
18:03:06.449 [Thread-15] DEBUG spoon.Launcher - [INFO] Downloaded from google-maven-central: https://maven-central.storage-download.googleapis.com/maven2/org/apache/maven/doxia/doxia-decoration-model/1.7.4/doxia-decoration-model-1.7.4.pom (3.4 kB at 33 kB/s)
18:03:06.452 [Thread-15] DEBUG spoon.Launcher - [INFO] Downloading from google-maven-central: https://maven-central.storage-download.googleapis.com/maven2/org/apache/maven/doxia/doxia-sitetools/1.7.4/doxia-sitetools-1.7.4.pom
18:03:06.618 [Thread-15] DEBUG spoon.Launcher - [INFO] Downloaded from google-maven-central: https://maven-central.storage-download.googleapis.com/maven2/org/apache/maven/doxia/doxia-sitetools/1.7.4/doxia-sitetools-1.7.4.pom (14 kB at 88 kB/s)
18:03:06.629 [Thread-15] DEBUG spoon.Launcher - [INFO] Downloading from google-maven-central: https://maven-central.storage-download.googleapis.com/maven2/org/apache/maven/doxia/doxia-core/1.7/doxia-core-1.7.pom
18:03:06.757 [Thread-15] DEBUG spoon.Launcher - [INFO] Downloaded from google-maven-central: https://maven-central.storage-download.googleapis.com/maven2/org/apache/maven/doxia/doxia-core/1.7/doxia-core-1.7.pom (4.1 kB at 31 kB/s)
18:03:06.764 [Thread-15] DEBUG spoon.Launcher - [INFO] Downloading from google-maven-central: https://maven-central.storage-download.googleapis.com/maven2/org/apache/httpcomponents/httpclient/4.0.2/httpclient-4.0.2.pom
18:03:06.772 [Thread-15] DEBUG spoon.Launcher - [INFO] Downloaded from google-maven-central: https://maven-central.storage-download.googleapis.com/maven2/org/apache/httpcomponents/httpclient/4.0.2/httpclient-4.0.2.pom (7.5 kB at 1.1 MB/s)
18:03:06.774 [Thread-15] DEBUG spoon.Launcher - [INFO] Downloading from google-maven-central: https://maven-central.storage-download.googleapis.com/maven2/org/apache/httpcomponents/httpcomponents-client/4.0.2/httpcomponents-client-4.0.2.pom
18:03:06.782 [Thread-15] DEBUG spoon.Launcher - [INFO] Downloaded from google-maven-central: https://maven-central.storage-download.googleapis.com/maven2/org/apache/httpcomponents/httpcomponents-client/4.0.2/httpcomponents-client-4.0.2.pom (9.0 kB at 1.1 MB/s)
18:03:06.785 [Thread-15] DEBUG spoon.Launcher - [INFO] Downloading from google-maven-central: https://maven-central.storage-download.googleapis.com/maven2/org/apache/httpcomponents/project/4.1/project-4.1.pom
18:03:06.802 [Thread-15] DEBUG spoon.Launcher - [INFO] Downloaded from google-maven-central: https://maven-central.storage-download.googleapis.com/maven2/org/apache/httpcomponents/project/4.1/project-4.1.pom (16 kB at 910 kB/s)
18:03:06.806 [Thread-15] DEBUG spoon.Launcher - [INFO] Downloading from google-maven-central: https://maven-central.storage-download.googleapis.com/maven2/org/apache/httpcomponents/httpcore/4.0.1/httpcore-4.0.1.pom
18:03:06.813 [Thread-15] DEBUG spoon.Launcher - [INFO] Downloaded from google-maven-central: https://maven-central.storage-download.googleapis.com/maven2/org/apache/httpcomponents/httpcore/4.0.1/httpcore-4.0.1.pom (4.9 kB at 611 kB/s)
18:03:06.816 [Thread-15] DEBUG spoon.Launcher - [INFO] Downloading from google-maven-central: https://maven-central.storage-download.googleapis.com/maven2/org/apache/httpcomponents/httpcomponents-core/4.0.1/httpcomponents-core-4.0.1.pom
18:03:06.824 [Thread-15] DEBUG spoon.Launcher - [INFO] Downloaded from google-maven-central: https://maven-central.storage-download.googleapis.com/maven2/org/apache/httpcomponents/httpcomponents-core/4.0.1/httpcomponents-core-4.0.1.pom (9.4 kB at 1.2 MB/s)
18:03:06.825 [Thread-15] DEBUG spoon.Launcher - [INFO] Downloading from google-maven-central: https://maven-central.storage-download.googleapis.com/maven2/org/apache/httpcomponents/project/4.0/project-4.0.pom
18:03:06.835 [Thread-15] DEBUG spoon.Launcher - [INFO] Downloaded from google-maven-central: https://maven-central.storage-download.googleapis.com/maven2/org/apache/httpcomponents/project/4.0/project-4.0.pom (13 kB at 1.3 MB/s)
18:03:06.838 [Thread-15] DEBUG spoon.Launcher - [INFO] Downloading from google-maven-central: https://maven-central.storage-download.googleapis.com/maven2/commons-logging/commons-logging/1.1.1/commons-logging-1.1.1.pom
18:03:06.846 [Thread-15] DEBUG spoon.Launcher - [INFO] Downloaded from google-maven-central: https://maven-central.storage-download.googleapis.com/maven2/commons-logging/commons-logging/1.1.1/commons-logging-1.1.1.pom (18 kB at 2.6 MB/s)
18:03:06.848 [Thread-15] DEBUG spoon.Launcher - [INFO] Downloading from google-maven-central: https://maven-central.storage-download.googleapis.com/maven2/org/apache/commons/commons-parent/5/commons-parent-5.pom
18:03:06.865 [Thread-15] DEBUG spoon.Launcher - [INFO] Downloaded from google-maven-central: https://maven-central.storage-download.googleapis.com/maven2/org/apache/commons/commons-parent/5/commons-parent-5.pom (16 kB at 944 kB/s)
18:03:06.869 [Thread-15] DEBUG spoon.Launcher - [INFO] Downloading from google-maven-central: https://maven-central.storage-download.googleapis.com/maven2/commons-codec/commons-codec/1.3/commons-codec-1.3.pom
18:03:06.877 [Thread-15] DEBUG spoon.Launcher - [INFO] Downloaded from google-maven-central: https://maven-central.storage-download.googleapis.com/maven2/commons-codec/commons-codec/1.3/commons-codec-1.3.pom (6.1 kB at 763 kB/s)
18:03:06.879 [Thread-15] DEBUG spoon.Launcher - [INFO] Downloading from google-maven-central: https://maven-central.storage-download.googleapis.com/maven2/xmlunit/xmlunit/1.5/xmlunit-1.5.pom
18:03:06.972 [Thread-15] DEBUG spoon.Launcher - [INFO] Downloaded from google-maven-central: https://maven-central.storage-download.googleapis.com/maven2/xmlunit/xmlunit/1.5/xmlunit-1.5.pom (3.0 kB at 33 kB/s)
18:03:06.974 [Thread-15] DEBUG spoon.Launcher - [INFO] Downloading from google-maven-central: https://maven-central.storage-download.googleapis.com/maven2/org/apache/maven/doxia/doxia-site-renderer/1.7.4/doxia-site-renderer-1.7.4.pom
18:03:07.094 [Thread-15] DEBUG spoon.Launcher - [INFO] Downloaded from google-maven-central: https://maven-central.storage-download.googleapis.com/maven2/org/apache/maven/doxia/doxia-site-renderer/1.7.4/doxia-site-renderer-1.7.4.pom (6.7 kB at 56 kB/s)
18:03:07.099 [Thread-15] DEBUG spoon.Launcher - [INFO] Downloading from google-maven-central: https://maven-central.storage-download.googleapis.com/maven2/org/apache/maven/doxia/doxia-skin-model/1.7.4/doxia-skin-model-1.7.4.pom
18:03:07.174 [Thread-15] DEBUG spoon.Launcher - [INFO] Downloaded from google-maven-central: https://maven-central.storage-download.googleapis.com/maven2/org/apache/maven/doxia/doxia-skin-model/1.7.4/doxia-skin-model-1.7.4.pom (3.0 kB at 40 kB/s)
18:03:07.178 [Thread-15] DEBUG spoon.Launcher - [INFO] Downloading from google-maven-central: https://maven-central.storage-download.googleapis.com/maven2/org/apache/maven/doxia/doxia-module-xhtml/1.7/doxia-module-xhtml-1.7.pom
18:03:07.275 [Thread-15] DEBUG spoon.Launcher - [INFO] Downloaded from google-maven-central: https://maven-central.storage-download.googleapis.com/maven2/org/apache/maven/doxia/doxia-module-xhtml/1.7/doxia-module-xhtml-1.7.pom (1.6 kB at 17 kB/s)
18:03:07.277 [Thread-15] DEBUG spoon.Launcher - [INFO] Downloading from google-maven-central: https://maven-central.storage-download.googleapis.com/maven2/org/apache/maven/doxia/doxia-modules/1.7/doxia-modules-1.7.pom
18:03:07.573 [Thread-15] DEBUG spoon.Launcher - [INFO] Downloaded from google-maven-central: https://maven-central.storage-download.googleapis.com/maven2/org/apache/maven/doxia/doxia-modules/1.7/doxia-modules-1.7.pom (2.6 kB at 8.9 kB/s)
18:03:07.580 [Thread-15] DEBUG spoon.Launcher - [INFO] Downloading from google-maven-central: https://maven-central.storage-download.googleapis.com/maven2/org/codehaus/plexus/plexus-velocity/1.2/plexus-velocity-1.2.pom
18:03:07.674 [Thread-15] DEBUG spoon.Launcher - [INFO] Downloaded from google-maven-central: https://maven-central.storage-download.googleapis.com/maven2/org/codehaus/plexus/plexus-velocity/1.2/plexus-velocity-1.2.pom (2.8 kB at 30 kB/s)
18:03:07.682 [Thread-15] DEBUG spoon.Launcher - [INFO] Downloading from google-maven-central: https://maven-central.storage-download.googleapis.com/maven2/org/apache/velocity/velocity-tools/2.0/velocity-tools-2.0.pom
18:03:07.690 [Thread-15] DEBUG spoon.Launcher - [INFO] Downloaded from google-maven-central: https://maven-central.storage-download.googleapis.com/maven2/org/apache/velocity/velocity-tools/2.0/velocity-tools-2.0.pom (18 kB at 2.3 MB/s)
18:03:07.694 [Thread-15] DEBUG spoon.Launcher - [INFO] Downloading from google-maven-central: https://maven-central.storage-download.googleapis.com/maven2/commons-digester/commons-digester/1.8/commons-digester-1.8.pom
18:03:07.702 [Thread-15] DEBUG spoon.Launcher - [INFO] Downloaded from google-maven-central: https://maven-central.storage-download.googleapis.com/maven2/commons-digester/commons-digester/1.8/commons-digester-1.8.pom (7.0 kB at 1.2 MB/s)
18:03:07.706 [Thread-15] DEBUG spoon.Launcher - [INFO] Downloading from google-maven-central: https://maven-central.storage-download.googleapis.com/maven2/commons-logging/commons-logging/1.1/commons-logging-1.1.pom
18:03:07.712 [Thread-15] DEBUG spoon.Launcher - [INFO] Downloaded from google-maven-central: https://maven-central.storage-download.googleapis.com/maven2/commons-logging/commons-logging/1.1/commons-logging-1.1.pom (6.2 kB at 773 kB/s)
18:03:07.716 [Thread-15] DEBUG spoon.Launcher - [INFO] Downloading from google-maven-central: https://maven-central.storage-download.googleapis.com/maven2/logkit/logkit/1.0.1/logkit-1.0.1.pom
18:03:07.722 [Thread-15] DEBUG spoon.Launcher - [INFO] Downloaded from google-maven-central: https://maven-central.storage-download.googleapis.com/maven2/logkit/logkit/1.0.1/logkit-1.0.1.pom (147 B at 24 kB/s)
18:03:07.724 [Thread-15] DEBUG spoon.Launcher - [INFO] Downloading from google-maven-central: https://maven-central.storage-download.googleapis.com/maven2/avalon-framework/avalon-framework/4.1.3/avalon-framework-4.1.3.pom
18:03:07.729 [Thread-15] DEBUG spoon.Launcher - [INFO] Downloaded from google-maven-central: https://maven-central.storage-download.googleapis.com/maven2/avalon-framework/avalon-framework/4.1.3/avalon-framework-4.1.3.pom (167 B at 33 kB/s)
18:03:07.731 [Thread-15] DEBUG spoon.Launcher - [INFO] Downloading from google-maven-central: https://maven-central.storage-download.googleapis.com/maven2/javax/servlet/servlet-api/2.3/servlet-api-2.3.pom
18:03:07.738 [Thread-15] DEBUG spoon.Launcher - [INFO] Downloaded from google-maven-central: https://maven-central.storage-download.googleapis.com/maven2/javax/servlet/servlet-api/2.3/servlet-api-2.3.pom (156 B at 31 kB/s)
18:03:07.739 [Thread-15] DEBUG spoon.Launcher - [INFO] Downloading from google-maven-central: https://maven-central.storage-download.googleapis.com/maven2/commons-chain/commons-chain/1.1/commons-chain-1.1.pom
18:03:07.745 [Thread-15] DEBUG spoon.Launcher - [INFO] Downloaded from google-maven-central: https://maven-central.storage-download.googleapis.com/maven2/commons-chain/commons-chain/1.1/commons-chain-1.1.pom (6.0 kB at 1.0 MB/s)
18:03:07.754 [Thread-15] DEBUG spoon.Launcher - [INFO] Downloading from google-maven-central: https://maven-central.storage-download.googleapis.com/maven2/commons-validator/commons-validator/1.3.1/commons-validator-1.3.1.pom
18:03:07.762 [Thread-15] DEBUG spoon.Launcher - [INFO] Downloaded from google-maven-central: https://maven-central.storage-download.googleapis.com/maven2/commons-validator/commons-validator/1.3.1/commons-validator-1.3.1.pom (9.0 kB at 1.1 MB/s)
18:03:07.770 [Thread-15] DEBUG spoon.Launcher - [INFO] Downloading from google-maven-central: https://maven-central.storage-download.googleapis.com/maven2/dom4j/dom4j/1.1/dom4j-1.1.pom
18:03:07.780 [Thread-15] DEBUG spoon.Launcher - [INFO] Downloaded from google-maven-central: https://maven-central.storage-download.googleapis.com/maven2/dom4j/dom4j/1.1/dom4j-1.1.pom (142 B at 13 kB/s)
18:03:07.782 [Thread-15] DEBUG spoon.Launcher - [INFO] Downloading from google-maven-central: https://maven-central.storage-download.googleapis.com/maven2/sslext/sslext/1.2-0/sslext-1.2-0.pom
18:03:07.791 [Thread-15] DEBUG spoon.Launcher - [INFO] Downloaded from google-maven-central: https://maven-central.storage-download.googleapis.com/maven2/sslext/sslext/1.2-0/sslext-1.2-0.pom (653 B at 73 kB/s)
18:03:07.793 [Thread-15] DEBUG spoon.Launcher - [INFO] Downloading from google-maven-central: https://maven-central.storage-download.googleapis.com/maven2/org/apache/struts/struts-core/1.3.8/struts-core-1.3.8.pom
18:03:07.801 [Thread-15] DEBUG spoon.Launcher - [INFO] Downloaded from google-maven-central: https://maven-central.storage-download.googleapis.com/maven2/org/apache/struts/struts-core/1.3.8/struts-core-1.3.8.pom (4.3 kB at 539 kB/s)
18:03:07.803 [Thread-15] DEBUG spoon.Launcher - [INFO] Downloading from google-maven-central: https://maven-central.storage-download.googleapis.com/maven2/org/apache/struts/struts-parent/1.3.8/struts-parent-1.3.8.pom
18:03:07.814 [Thread-15] DEBUG spoon.Launcher - [INFO] Downloaded from google-maven-central: https://maven-central.storage-download.googleapis.com/maven2/org/apache/struts/struts-parent/1.3.8/struts-parent-1.3.8.pom (9.8 kB at 984 kB/s)
18:03:07.816 [Thread-15] DEBUG spoon.Launcher - [INFO] Downloading from google-maven-central: https://maven-central.storage-download.googleapis.com/maven2/org/apache/struts/struts-master/4/struts-master-4.pom
18:03:07.827 [Thread-15] DEBUG spoon.Launcher - [INFO] Downloaded from google-maven-central: https://maven-central.storage-download.googleapis.com/maven2/org/apache/struts/struts-master/4/struts-master-4.pom (12 kB at 1.1 MB/s)
18:03:07.829 [Thread-15] DEBUG spoon.Launcher - [INFO] Downloading from google-maven-central: https://maven-central.storage-download.googleapis.com/maven2/org/apache/apache/2/apache-2.pom
18:03:07.837 [Thread-15] DEBUG spoon.Launcher - [INFO] Downloaded from google-maven-central: https://maven-central.storage-download.googleapis.com/maven2/org/apache/apache/2/apache-2.pom (3.4 kB at 426 kB/s)
18:03:07.840 [Thread-15] DEBUG spoon.Launcher - [INFO] Downloading from google-maven-central: https://maven-central.storage-download.googleapis.com/maven2/antlr/antlr/2.7.2/antlr-2.7.2.pom
18:03:07.847 [Thread-15] DEBUG spoon.Launcher - [INFO] Downloaded from google-maven-central: https://maven-central.storage-download.googleapis.com/maven2/antlr/antlr/2.7.2/antlr-2.7.2.pom (145 B at 21 kB/s)
18:03:07.851 [Thread-15] DEBUG spoon.Launcher - [INFO] Downloading from google-maven-central: https://maven-central.storage-download.googleapis.com/maven2/org/apache/struts/struts-taglib/1.3.8/struts-taglib-1.3.8.pom
18:03:07.857 [Thread-15] DEBUG spoon.Launcher - [INFO] Downloaded from google-maven-central: https://maven-central.storage-download.googleapis.com/maven2/org/apache/struts/struts-taglib/1.3.8/struts-taglib-1.3.8.pom (3.1 kB at 384 kB/s)
18:03:07.860 [Thread-15] DEBUG spoon.Launcher - [INFO] Downloading from google-maven-central: https://maven-central.storage-download.googleapis.com/maven2/org/apache/struts/struts-tiles/1.3.8/struts-tiles-1.3.8.pom
18:03:07.866 [Thread-15] DEBUG spoon.Launcher - [INFO] Downloaded from google-maven-central: https://maven-central.storage-download.googleapis.com/maven2/org/apache/struts/struts-tiles/1.3.8/struts-tiles-1.3.8.pom (2.9 kB at 484 kB/s)
18:03:07.869 [Thread-15] DEBUG spoon.Launcher - [INFO] Downloading from google-maven-central: https://maven-central.storage-download.googleapis.com/maven2/org/apache/velocity/velocity/1.6.2/velocity-1.6.2.pom
18:03:07.876 [Thread-15] DEBUG spoon.Launcher - [INFO] Downloaded from google-maven-central: https://maven-central.storage-download.googleapis.com/maven2/org/apache/velocity/velocity/1.6.2/velocity-1.6.2.pom (11 kB at 1.3 MB/s)
18:03:07.879 [Thread-15] DEBUG spoon.Launcher - [INFO] Downloading from google-maven-central: https://maven-central.storage-download.googleapis.com/maven2/org/codehaus/plexus/plexus-utils/3.0.24/plexus-utils-3.0.24.pom
18:03:07.885 [Thread-15] DEBUG spoon.Launcher - [INFO] Downloaded from google-maven-central: https://maven-central.storage-download.googleapis.com/maven2/org/codehaus/plexus/plexus-utils/3.0.24/plexus-utils-3.0.24.pom (4.1 kB at 825 kB/s)
18:03:07.887 [Thread-15] DEBUG spoon.Launcher - [INFO] Downloading from google-maven-central: https://maven-central.storage-download.googleapis.com/maven2/commons-io/commons-io/2.6/commons-io-2.6.pom
18:03:07.898 [Thread-15] DEBUG spoon.Launcher - [INFO] Downloaded from google-maven-central: https://maven-central.storage-download.googleapis.com/maven2/commons-io/commons-io/2.6/commons-io-2.6.pom (14 kB at 1.4 MB/s)
18:03:07.903 [Thread-15] DEBUG spoon.Launcher - [INFO] Downloading from google-maven-central: https://maven-central.storage-download.googleapis.com/maven2/org/apache/maven/doxia/doxia-sink-api/1.9/doxia-sink-api-1.9.pom
18:03:07.983 [Thread-15] DEBUG spoon.Launcher - [INFO] Downloaded from google-maven-central: https://maven-central.storage-download.googleapis.com/maven2/org/apache/maven/doxia/doxia-sink-api/1.9/doxia-sink-api-1.9.pom (1.6 kB at 19 kB/s)
18:03:07.985 [Thread-15] DEBUG spoon.Launcher - [INFO] Downloading from google-maven-central: https://maven-central.storage-download.googleapis.com/maven2/org/apache/maven/doxia/doxia/1.9/doxia-1.9.pom
18:03:08.068 [Thread-15] DEBUG spoon.Launcher - [INFO] Downloaded from google-maven-central: https://maven-central.storage-download.googleapis.com/maven2/org/apache/maven/doxia/doxia/1.9/doxia-1.9.pom (19 kB at 227 kB/s)
18:03:08.072 [Thread-15] DEBUG spoon.Launcher - [INFO] Downloading from google-maven-central: https://maven-central.storage-download.googleapis.com/maven2/org/apache/maven/doxia/doxia-logging-api/1.9/doxia-logging-api-1.9.pom
18:03:08.206 [Thread-15] DEBUG spoon.Launcher - [INFO] Downloaded from google-maven-central: https://maven-central.storage-download.googleapis.com/maven2/org/apache/maven/doxia/doxia-logging-api/1.9/doxia-logging-api-1.9.pom (1.6 kB at 12 kB/s)
18:03:08.210 [Thread-15] DEBUG spoon.Launcher - [INFO] Downloading from google-maven-central: https://maven-central.storage-download.googleapis.com/maven2/org/codehaus/plexus/plexus-container-default/1.7.1/plexus-container-default-1.7.1.pom
18:03:08.387 [Thread-15] DEBUG spoon.Launcher - [INFO] Downloaded from google-maven-central: https://maven-central.storage-download.googleapis.com/maven2/org/codehaus/plexus/plexus-container-default/1.7.1/plexus-container-default-1.7.1.pom (2.8 kB at 16 kB/s)
18:03:08.391 [Thread-15] DEBUG spoon.Launcher - [INFO] Downloading from google-maven-central: https://maven-central.storage-download.googleapis.com/maven2/org/codehaus/plexus/plexus-utils/3.0.20/plexus-utils-3.0.20.pom
18:03:08.535 [Thread-15] DEBUG spoon.Launcher - [INFO] Downloaded from google-maven-central: https://maven-central.storage-download.googleapis.com/maven2/org/codehaus/plexus/plexus-utils/3.0.20/plexus-utils-3.0.20.pom (3.8 kB at 26 kB/s)
18:03:08.538 [Thread-15] DEBUG spoon.Launcher - [INFO] Downloading from google-maven-central: https://maven-central.storage-download.googleapis.com/maven2/org/codehaus/plexus/plexus-classworlds/2.5.1/plexus-classworlds-2.5.1.pom
18:03:08.648 [Thread-15] DEBUG spoon.Launcher - [INFO] Downloaded from google-maven-central: https://maven-central.storage-download.googleapis.com/maven2/org/codehaus/plexus/plexus-classworlds/2.5.1/plexus-classworlds-2.5.1.pom (5.0 kB at 46 kB/s)
18:03:08.651 [Thread-15] DEBUG spoon.Launcher - [INFO] Downloading from google-maven-central: https://maven-central.storage-download.googleapis.com/maven2/org/apache/xbean/xbean-reflect/3.7/xbean-reflect-3.7.pom
18:03:08.768 [Thread-15] DEBUG spoon.Launcher - [INFO] Downloaded from google-maven-central: https://maven-central.storage-download.googleapis.com/maven2/org/apache/xbean/xbean-reflect/3.7/xbean-reflect-3.7.pom (5.1 kB at 44 kB/s)
18:03:08.770 [Thread-15] DEBUG spoon.Launcher - [INFO] Downloading from google-maven-central: https://maven-central.storage-download.googleapis.com/maven2/org/apache/xbean/xbean/3.7/xbean-3.7.pom
18:03:08.873 [Thread-15] DEBUG spoon.Launcher - [INFO] Downloaded from google-maven-central: https://maven-central.storage-download.googleapis.com/maven2/org/apache/xbean/xbean/3.7/xbean-3.7.pom (15 kB at 150 kB/s)
18:03:08.875 [Thread-15] DEBUG spoon.Launcher - [INFO] Downloading from google-maven-central: https://maven-central.storage-download.googleapis.com/maven2/org/apache/geronimo/genesis/genesis-java5-flava/2.0/genesis-java5-flava-2.0.pom
18:03:08.988 [Thread-15] DEBUG spoon.Launcher - [INFO] Downloaded from google-maven-central: https://maven-central.storage-download.googleapis.com/maven2/org/apache/geronimo/genesis/genesis-java5-flava/2.0/genesis-java5-flava-2.0.pom (5.5 kB at 49 kB/s)
18:03:08.990 [Thread-15] DEBUG spoon.Launcher - [INFO] Downloading from google-maven-central: https://maven-central.storage-download.googleapis.com/maven2/org/apache/geronimo/genesis/genesis-default-flava/2.0/genesis-default-flava-2.0.pom
18:03:09.095 [Thread-15] DEBUG spoon.Launcher - [INFO] Downloaded from google-maven-central: https://maven-central.storage-download.googleapis.com/maven2/org/apache/geronimo/genesis/genesis-default-flava/2.0/genesis-default-flava-2.0.pom (18 kB at 171 kB/s)
18:03:09.098 [Thread-15] DEBUG spoon.Launcher - [INFO] Downloading from google-maven-central: https://maven-central.storage-download.googleapis.com/maven2/org/apache/geronimo/genesis/genesis/2.0/genesis-2.0.pom
18:03:09.234 [Thread-15] DEBUG spoon.Launcher - [INFO] Downloaded from google-maven-central: https://maven-central.storage-download.googleapis.com/maven2/org/apache/geronimo/genesis/genesis/2.0/genesis-2.0.pom (18 kB at 135 kB/s)
18:03:09.248 [Thread-15] DEBUG spoon.Launcher - [INFO] Downloading from google-maven-central: https://maven-central.storage-download.googleapis.com/maven2/org/apache/maven/doxia/doxia-core/1.9/doxia-core-1.9.pom
18:03:09.358 [Thread-15] DEBUG spoon.Launcher - [INFO] Downloaded from google-maven-central: https://maven-central.storage-download.googleapis.com/maven2/org/apache/maven/doxia/doxia-core/1.9/doxia-core-1.9.pom (4.4 kB at 40 kB/s)
18:03:09.366 [Thread-15] DEBUG spoon.Launcher - [INFO] Downloading from google-maven-central: https://maven-central.storage-download.googleapis.com/maven2/org/codehaus/plexus/plexus-utils/3.1.0/plexus-utils-3.1.0.pom
18:03:09.483 [Thread-15] DEBUG spoon.Launcher - [INFO] Downloaded from google-maven-central: https://maven-central.storage-download.googleapis.com/maven2/org/codehaus/plexus/plexus-utils/3.1.0/plexus-utils-3.1.0.pom (4.7 kB at 40 kB/s)
18:03:09.491 [Thread-15] DEBUG spoon.Launcher - [INFO] Downloading from google-maven-central: https://maven-central.storage-download.googleapis.com/maven2/org/apache/httpcomponents/httpclient/4.5.8/httpclient-4.5.8.pom
18:03:09.702 [Thread-15] DEBUG spoon.Launcher - [INFO] Downloaded from google-maven-central: https://maven-central.storage-download.googleapis.com/maven2/org/apache/httpcomponents/httpclient/4.5.8/httpclient-4.5.8.pom (6.6 kB at 31 kB/s)
18:03:09.705 [Thread-15] DEBUG spoon.Launcher - [INFO] Downloading from google-maven-central: https://maven-central.storage-download.googleapis.com/maven2/org/apache/httpcomponents/httpcomponents-client/4.5.8/httpcomponents-client-4.5.8.pom
18:03:09.787 [Thread-15] DEBUG spoon.Launcher - [INFO] Downloaded from google-maven-central: https://maven-central.storage-download.googleapis.com/maven2/org/apache/httpcomponents/httpcomponents-client/4.5.8/httpcomponents-client-4.5.8.pom (16 kB at 200 kB/s)
18:03:09.790 [Thread-15] DEBUG spoon.Launcher - [INFO] Downloading from google-maven-central: https://maven-central.storage-download.googleapis.com/maven2/org/apache/httpcomponents/httpcomponents-parent/11/httpcomponents-parent-11.pom
18:03:09.891 [Thread-15] DEBUG spoon.Launcher - [INFO] Downloaded from google-maven-central: https://maven-central.storage-download.googleapis.com/maven2/org/apache/httpcomponents/httpcomponents-parent/11/httpcomponents-parent-11.pom (35 kB at 344 kB/s)
18:03:09.895 [Thread-15] DEBUG spoon.Launcher - [INFO] Downloading from google-maven-central: https://maven-central.storage-download.googleapis.com/maven2/org/apache/httpcomponents/httpcore/4.4.11/httpcore-4.4.11.pom
18:03:09.998 [Thread-15] DEBUG spoon.Launcher - [INFO] Downloaded from google-maven-central: https://maven-central.storage-download.googleapis.com/maven2/org/apache/httpcomponents/httpcore/4.4.11/httpcore-4.4.11.pom (5.2 kB at 50 kB/s)
18:03:10.000 [Thread-15] DEBUG spoon.Launcher - [INFO] Downloading from google-maven-central: https://maven-central.storage-download.googleapis.com/maven2/org/apache/httpcomponents/httpcomponents-core/4.4.11/httpcomponents-core-4.4.11.pom
18:03:10.108 [Thread-15] DEBUG spoon.Launcher - [INFO] Downloaded from google-maven-central: https://maven-central.storage-download.googleapis.com/maven2/org/apache/httpcomponents/httpcomponents-core/4.4.11/httpcomponents-core-4.4.11.pom (13 kB at 120 kB/s)
18:03:10.116 [Thread-15] DEBUG spoon.Launcher - [INFO] Downloading from google-maven-central: https://maven-central.storage-download.googleapis.com/maven2/org/apache/maven/doxia/doxia-site-renderer/1.9/doxia-site-renderer-1.9.pom
18:03:10.305 [Thread-15] DEBUG spoon.Launcher - [INFO] Downloaded from google-maven-central: https://maven-central.storage-download.googleapis.com/maven2/org/apache/maven/doxia/doxia-site-renderer/1.9/doxia-site-renderer-1.9.pom (6.7 kB at 36 kB/s)
18:03:10.307 [Thread-15] DEBUG spoon.Launcher - [INFO] Downloading from google-maven-central: https://maven-central.storage-download.googleapis.com/maven2/org/apache/maven/doxia/doxia-sitetools/1.9/doxia-sitetools-1.9.pom
18:03:10.464 [Thread-15] DEBUG spoon.Launcher - [INFO] Downloaded from google-maven-central: https://maven-central.storage-download.googleapis.com/maven2/org/apache/maven/doxia/doxia-sitetools/1.9/doxia-sitetools-1.9.pom (16 kB at 99 kB/s)
18:03:10.469 [Thread-15] DEBUG spoon.Launcher - [INFO] Downloading from google-maven-central: https://maven-central.storage-download.googleapis.com/maven2/org/apache/maven/doxia/doxia-decoration-model/1.9/doxia-decoration-model-1.9.pom
18:03:10.627 [Thread-15] DEBUG spoon.Launcher - [INFO] Downloaded from google-maven-central: https://maven-central.storage-download.googleapis.com/maven2/org/apache/maven/doxia/doxia-decoration-model/1.9/doxia-decoration-model-1.9.pom (3.4 kB at 22 kB/s)
18:03:10.630 [Thread-15] DEBUG spoon.Launcher - [INFO] Downloading from google-maven-central: https://maven-central.storage-download.googleapis.com/maven2/org/apache/maven/doxia/doxia-skin-model/1.9/doxia-skin-model-1.9.pom
18:03:10.737 [Thread-15] DEBUG spoon.Launcher - [INFO] Downloaded from google-maven-central: https://maven-central.storage-download.googleapis.com/maven2/org/apache/maven/doxia/doxia-skin-model/1.9/doxia-skin-model-1.9.pom (3.0 kB at 28 kB/s)
18:03:10.740 [Thread-15] DEBUG spoon.Launcher - [INFO] Downloading from google-maven-central: https://maven-central.storage-download.googleapis.com/maven2/org/apache/maven/doxia/doxia-module-xhtml/1.9/doxia-module-xhtml-1.9.pom
18:03:10.870 [Thread-15] DEBUG spoon.Launcher - [INFO] Downloaded from google-maven-central: https://maven-central.storage-download.googleapis.com/maven2/org/apache/maven/doxia/doxia-module-xhtml/1.9/doxia-module-xhtml-1.9.pom (2.0 kB at 15 kB/s)
18:03:10.871 [Thread-15] DEBUG spoon.Launcher - [INFO] Downloading from google-maven-central: https://maven-central.storage-download.googleapis.com/maven2/org/apache/maven/doxia/doxia-modules/1.9/doxia-modules-1.9.pom
18:03:10.977 [Thread-15] DEBUG spoon.Launcher - [INFO] Downloaded from google-maven-central: https://maven-central.storage-download.googleapis.com/maven2/org/apache/maven/doxia/doxia-modules/1.9/doxia-modules-1.9.pom (2.7 kB at 26 kB/s)
18:03:10.980 [Thread-15] DEBUG spoon.Launcher - [INFO] Downloading from google-maven-central: https://maven-central.storage-download.googleapis.com/maven2/org/apache/maven/doxia/doxia-module-xhtml5/1.9/doxia-module-xhtml5-1.9.pom
18:03:11.135 [Thread-15] DEBUG spoon.Launcher - [INFO] Downloaded from google-maven-central: https://maven-central.storage-download.googleapis.com/maven2/org/apache/maven/doxia/doxia-module-xhtml5/1.9/doxia-module-xhtml5-1.9.pom (2.0 kB at 13 kB/s)
18:03:11.139 [Thread-15] DEBUG spoon.Launcher - [INFO] Downloading from google-maven-central: https://maven-central.storage-download.googleapis.com/maven2/org/codehaus/plexus/plexus-i18n/1.0-beta-10/plexus-i18n-1.0-beta-10.pom
18:03:11.275 [Thread-15] DEBUG spoon.Launcher - [INFO] Downloaded from google-maven-central: https://maven-central.storage-download.googleapis.com/maven2/org/codehaus/plexus/plexus-i18n/1.0-beta-10/plexus-i18n-1.0-beta-10.pom (2.1 kB at 15 kB/s)
18:03:11.282 [Thread-15] DEBUG spoon.Launcher - [INFO] Downloading from google-maven-central: https://maven-central.storage-download.googleapis.com/maven2/org/apache/commons/commons-lang3/3.8.1/commons-lang3-3.8.1.pom
18:03:11.289 [Thread-15] DEBUG spoon.Launcher - [INFO] Downloaded from google-maven-central: https://maven-central.storage-download.googleapis.com/maven2/org/apache/commons/commons-lang3/3.8.1/commons-lang3-3.8.1.pom (28 kB at 3.5 MB/s)
18:03:11.293 [Thread-15] DEBUG spoon.Launcher - [INFO] Downloading from google-maven-central: https://maven-central.storage-download.googleapis.com/maven2/org/apache/commons/commons-parent/47/commons-parent-47.pom
18:03:11.309 [Thread-15] DEBUG spoon.Launcher - [INFO] Downloaded from google-maven-central: https://maven-central.storage-download.googleapis.com/maven2/org/apache/commons/commons-parent/47/commons-parent-47.pom (78 kB at 4.6 MB/s)
18:03:11.314 [Thread-15] DEBUG spoon.Launcher - [INFO] Downloading from google-maven-central: https://maven-central.storage-download.googleapis.com/maven2/org/codehaus/plexus/plexus-archiver/4.2.2/plexus-archiver-4.2.2.pom
18:03:11.675 [Thread-15] DEBUG spoon.Launcher - [INFO] Downloaded from google-maven-central: https://maven-central.storage-download.googleapis.com/maven2/org/codehaus/plexus/plexus-archiver/4.2.2/plexus-archiver-4.2.2.pom (4.4 kB at 12 kB/s)
18:03:11.678 [Thread-15] DEBUG spoon.Launcher - [INFO] Downloading from google-maven-central: https://maven-central.storage-download.googleapis.com/maven2/org/codehaus/plexus/plexus/6.1/plexus-6.1.pom
18:03:11.818 [Thread-15] DEBUG spoon.Launcher - [INFO] Downloaded from google-maven-central: https://maven-central.storage-download.googleapis.com/maven2/org/codehaus/plexus/plexus/6.1/plexus-6.1.pom (24 kB at 169 kB/s)
18:03:11.822 [Thread-15] DEBUG spoon.Launcher - [INFO] Downloading from google-maven-central: https://maven-central.storage-download.googleapis.com/maven2/org/codehaus/plexus/plexus-utils/3.3.0/plexus-utils-3.3.0.pom
18:03:11.828 [Thread-15] DEBUG spoon.Launcher - [INFO] Downloaded from google-maven-central: https://maven-central.storage-download.googleapis.com/maven2/org/codehaus/plexus/plexus-utils/3.3.0/plexus-utils-3.3.0.pom (5.2 kB at 864 kB/s)
18:03:11.846 [Thread-15] DEBUG spoon.Launcher - [INFO] Downloading from google-maven-central: https://maven-central.storage-download.googleapis.com/maven2/org/codehaus/plexus/plexus-io/3.2.0/plexus-io-3.2.0.pom
18:03:11.855 [Thread-15] DEBUG spoon.Launcher - [INFO] Downloaded from google-maven-central: https://maven-central.storage-download.googleapis.com/maven2/org/codehaus/plexus/plexus-io/3.2.0/plexus-io-3.2.0.pom (4.5 kB at 505 kB/s)
18:03:11.859 [Thread-15] DEBUG spoon.Launcher - [INFO] Downloading from google-maven-central: https://maven-central.storage-download.googleapis.com/maven2/org/iq80/snappy/snappy/0.4/snappy-0.4.pom
18:03:11.865 [Thread-15] DEBUG spoon.Launcher - [INFO] Downloaded from google-maven-central: https://maven-central.storage-download.googleapis.com/maven2/org/iq80/snappy/snappy/0.4/snappy-0.4.pom (15 kB at 2.9 MB/s)
18:03:11.867 [Thread-15] DEBUG spoon.Launcher - [INFO] Downloading from google-maven-central: https://maven-central.storage-download.googleapis.com/maven2/org/apache/maven/shared/file-management/3.0.0/file-management-3.0.0.pom
18:03:11.957 [Thread-15] DEBUG spoon.Launcher - [INFO] Downloaded from google-maven-central: https://maven-central.storage-download.googleapis.com/maven2/org/apache/maven/shared/file-management/3.0.0/file-management-3.0.0.pom (4.7 kB at 53 kB/s)
18:03:11.959 [Thread-15] DEBUG spoon.Launcher - [INFO] Downloading from google-maven-central: https://maven-central.storage-download.googleapis.com/maven2/org/apache/maven/shared/maven-shared-components/22/maven-shared-components-22.pom
18:03:11.966 [Thread-15] DEBUG spoon.Launcher - [INFO] Downloaded from google-maven-central: https://maven-central.storage-download.googleapis.com/maven2/org/apache/maven/shared/maven-shared-components/22/maven-shared-components-22.pom (5.1 kB at 852 kB/s)
18:03:11.967 [Thread-15] DEBUG spoon.Launcher - [INFO] Downloading from google-maven-central: https://maven-central.storage-download.googleapis.com/maven2/org/apache/maven/shared/maven-shared-io/3.0.0/maven-shared-io-3.0.0.pom
18:03:12.031 [Thread-15] DEBUG spoon.Launcher - [INFO] Downloaded from google-maven-central: https://maven-central.storage-download.googleapis.com/maven2/org/apache/maven/shared/maven-shared-io/3.0.0/maven-shared-io-3.0.0.pom (4.2 kB at 65 kB/s)
18:03:12.034 [Thread-15] DEBUG spoon.Launcher - [INFO] Downloading from google-maven-central: https://maven-central.storage-download.googleapis.com/maven2/org/apache/maven/maven-compat/3.0/maven-compat-3.0.pom
18:03:12.043 [Thread-15] DEBUG spoon.Launcher - [INFO] Downloaded from google-maven-central: https://maven-central.storage-download.googleapis.com/maven2/org/apache/maven/maven-compat/3.0/maven-compat-3.0.pom (4.0 kB at 503 kB/s)
18:03:12.047 [Thread-15] DEBUG spoon.Launcher - [INFO] Downloading from google-maven-central: https://maven-central.storage-download.googleapis.com/maven2/org/apache/maven/wagon/wagon-provider-api/1.0-beta-6/wagon-provider-api-1.0-beta-6.pom
18:03:12.056 [Thread-15] DEBUG spoon.Launcher - [INFO] Downloaded from google-maven-central: https://maven-central.storage-download.googleapis.com/maven2/org/apache/maven/wagon/wagon-provider-api/1.0-beta-6/wagon-provider-api-1.0-beta-6.pom (1.8 kB at 196 kB/s)
18:03:12.068 [Thread-15] DEBUG spoon.Launcher - [INFO] Downloading from google-maven-central: https://maven-central.storage-download.googleapis.com/maven2/org/apache/maven/wagon/wagon/1.0-beta-6/wagon-1.0-beta-6.pom
18:03:12.077 [Thread-15] DEBUG spoon.Launcher - [INFO] Downloaded from google-maven-central: https://maven-central.storage-download.googleapis.com/maven2/org/apache/maven/wagon/wagon/1.0-beta-6/wagon-1.0-beta-6.pom (12 kB at 1.5 MB/s)
18:03:12.083 [Thread-15] DEBUG spoon.Launcher - [INFO] Downloading from google-maven-central: https://maven-central.storage-download.googleapis.com/maven2/org/codehaus/plexus/plexus-utils/1.4.2/plexus-utils-1.4.2.pom
18:03:12.092 [Thread-15] DEBUG spoon.Launcher - [INFO] Downloaded from google-maven-central: https://maven-central.storage-download.googleapis.com/maven2/org/codehaus/plexus/plexus-utils/1.4.2/plexus-utils-1.4.2.pom (2.0 kB at 218 kB/s)
18:03:12.096 [Thread-15] DEBUG spoon.Launcher - [INFO] Downloading from google-maven-central: https://maven-central.storage-download.googleapis.com/maven2/org/apache/maven/wagon/wagon-provider-api/2.10/wagon-provider-api-2.10.pom
18:03:12.282 [Thread-15] DEBUG spoon.Launcher - [INFO] Downloaded from google-maven-central: https://maven-central.storage-download.googleapis.com/maven2/org/apache/maven/wagon/wagon-provider-api/2.10/wagon-provider-api-2.10.pom (1.7 kB at 9.3 kB/s)
18:03:12.284 [Thread-15] DEBUG spoon.Launcher - [INFO] Downloading from google-maven-central: https://maven-central.storage-download.googleapis.com/maven2/org/apache/maven/wagon/wagon/2.10/wagon-2.10.pom
18:03:12.392 [Thread-15] DEBUG spoon.Launcher - [INFO] Downloaded from google-maven-central: https://maven-central.storage-download.googleapis.com/maven2/org/apache/maven/wagon/wagon/2.10/wagon-2.10.pom (21 kB at 190 kB/s)
18:03:12.399 [Thread-15] DEBUG spoon.Launcher - [INFO] Downloading from google-maven-central: https://maven-central.storage-download.googleapis.com/maven2/org/codehaus/plexus/plexus-utils/3.0.15/plexus-utils-3.0.15.pom
18:03:12.491 [Thread-15] DEBUG spoon.Launcher - [INFO] Downloaded from google-maven-central: https://maven-central.storage-download.googleapis.com/maven2/org/codehaus/plexus/plexus-utils/3.0.15/plexus-utils-3.0.15.pom (3.1 kB at 35 kB/s)
18:03:12.493 [Thread-15] DEBUG spoon.Launcher - [INFO] Downloading from google-maven-central: https://maven-central.storage-download.googleapis.com/maven2/org/apache/maven/shared/maven-shared-utils/3.0.0/maven-shared-utils-3.0.0.pom
18:03:12.508 [Thread-15] DEBUG spoon.Launcher - [INFO] Downloaded from google-maven-central: https://maven-central.storage-download.googleapis.com/maven2/org/apache/maven/shared/maven-shared-utils/3.0.0/maven-shared-utils-3.0.0.pom (5.6 kB at 931 kB/s)
18:03:12.508 [Thread-15] DEBUG spoon.Launcher - [INFO] Downloading from google-maven-central: https://maven-central.storage-download.googleapis.com/maven2/org/apache/maven/shared/maven-shared-components/21/maven-shared-components-21.pom
18:03:12.508 [Thread-15] DEBUG spoon.Launcher - [INFO] Downloaded from google-maven-central: https://maven-central.storage-download.googleapis.com/maven2/org/apache/maven/shared/maven-shared-components/21/maven-shared-components-21.pom (5.1 kB at 851 kB/s)
18:03:12.508 [Thread-15] DEBUG spoon.Launcher - [INFO] Downloading from google-maven-central: https://maven-central.storage-download.googleapis.com/maven2/org/apache/maven/maven-parent/25/maven-parent-25.pom
18:03:12.524 [Thread-15] DEBUG spoon.Launcher - [INFO] Downloaded from google-maven-central: https://maven-central.storage-download.googleapis.com/maven2/org/apache/maven/maven-parent/25/maven-parent-25.pom (37 kB at 2.2 MB/s)
18:03:12.531 [Thread-15] DEBUG spoon.Launcher - [INFO] Downloading from google-maven-central: https://maven-central.storage-download.googleapis.com/maven2/org/apache/maven/shared/maven-dependency-analyzer/1.11.1/maven-dependency-analyzer-1.11.1.pom
18:03:12.685 [Thread-15] DEBUG spoon.Launcher - [INFO] Downloaded from google-maven-central: https://maven-central.storage-download.googleapis.com/maven2/org/apache/maven/shared/maven-dependency-analyzer/1.11.1/maven-dependency-analyzer-1.11.1.pom (6.7 kB at 42 kB/s)
18:03:12.689 [Thread-15] DEBUG spoon.Launcher - [INFO] Downloading from google-maven-central: https://maven-central.storage-download.googleapis.com/maven2/org/ow2/asm/asm/7.3.1/asm-7.3.1.pom
18:03:12.760 [Thread-15] DEBUG spoon.Launcher - [INFO] Downloaded from google-maven-central: https://maven-central.storage-download.googleapis.com/maven2/org/ow2/asm/asm/7.3.1/asm-7.3.1.pom (2.9 kB at 41 kB/s)
18:03:12.792 [Thread-15] DEBUG spoon.Launcher - [INFO] Downloading from google-maven-central: https://maven-central.storage-download.googleapis.com/maven2/org/apache/maven/shared/maven-dependency-tree/3.0.1/maven-dependency-tree-3.0.1.pom
18:03:12.874 [Thread-15] DEBUG spoon.Launcher - [INFO] Downloaded from google-maven-central: https://maven-central.storage-download.googleapis.com/maven2/org/apache/maven/shared/maven-dependency-tree/3.0.1/maven-dependency-tree-3.0.1.pom (7.5 kB at 90 kB/s)
18:03:12.881 [Thread-15] DEBUG spoon.Launcher - [INFO] Downloading from google-maven-central: https://maven-central.storage-download.googleapis.com/maven2/org/apache/maven/shared/maven-shared-utils/3.1.0/maven-shared-utils-3.1.0.pom
18:03:12.886 [Thread-15] DEBUG spoon.Launcher - [INFO] Downloaded from google-maven-central: https://maven-central.storage-download.googleapis.com/maven2/org/apache/maven/shared/maven-shared-utils/3.1.0/maven-shared-utils-3.1.0.pom (5.0 kB at 830 kB/s)
18:03:12.890 [Thread-15] DEBUG spoon.Launcher - [INFO] Downloading from google-maven-central: https://maven-central.storage-download.googleapis.com/maven2/org/apache/maven/shared/maven-common-artifact-filters/3.0.1/maven-common-artifact-filters-3.0.1.pom
18:03:13.003 [Thread-15] DEBUG spoon.Launcher - [INFO] Downloaded from google-maven-central: https://maven-central.storage-download.googleapis.com/maven2/org/apache/maven/shared/maven-common-artifact-filters/3.0.1/maven-common-artifact-filters-3.0.1.pom (4.8 kB at 42 kB/s)
18:03:13.006 [Thread-15] DEBUG spoon.Launcher - [INFO] Downloading from google-maven-central: https://maven-central.storage-download.googleapis.com/maven2/org/codehaus/plexus/plexus-utils/3.1.1/plexus-utils-3.1.1.pom
18:03:13.013 [Thread-15] DEBUG spoon.Launcher - [INFO] Downloaded from google-maven-central: https://maven-central.storage-download.googleapis.com/maven2/org/codehaus/plexus/plexus-utils/3.1.1/plexus-utils-3.1.1.pom (5.1 kB at 845 kB/s)
18:03:13.017 [Thread-15] DEBUG spoon.Launcher - [INFO] Downloading from google-maven-central: https://maven-central.storage-download.googleapis.com/maven2/org/slf4j/slf4j-api/1.7.5/slf4j-api-1.7.5.pom
18:03:13.107 [Thread-15] DEBUG spoon.Launcher - [INFO] Downloaded from google-maven-central: https://maven-central.storage-download.googleapis.com/maven2/org/slf4j/slf4j-api/1.7.5/slf4j-api-1.7.5.pom (2.7 kB at 30 kB/s)
18:03:13.109 [Thread-15] DEBUG spoon.Launcher - [INFO] Downloading from google-maven-central: https://maven-central.storage-download.googleapis.com/maven2/org/slf4j/slf4j-parent/1.7.5/slf4j-parent-1.7.5.pom
18:03:13.186 [Thread-15] DEBUG spoon.Launcher - [INFO] Downloaded from google-maven-central: https://maven-central.storage-download.googleapis.com/maven2/org/slf4j/slf4j-parent/1.7.5/slf4j-parent-1.7.5.pom (12 kB at 153 kB/s)
18:03:13.204 [Thread-15] DEBUG spoon.Launcher - [INFO] Downloading from google-maven-central: https://maven-central.storage-download.googleapis.com/maven2/org/codehaus/plexus/plexus-component-annotations/2.0.0/plexus-component-annotations-2.0.0.jar
18:03:13.206 [Thread-15] DEBUG spoon.Launcher - [INFO] Downloading from google-maven-central: https://maven-central.storage-download.googleapis.com/maven2/org/apache/maven/doxia/doxia-decoration-model/1.7.4/doxia-decoration-model-1.7.4.jar
18:03:13.207 [Thread-15] DEBUG spoon.Launcher - [INFO] Downloading from google-maven-central: https://maven-central.storage-download.googleapis.com/maven2/commons-io/commons-io/2.6/commons-io-2.6.jar
18:03:13.210 [Thread-15] DEBUG spoon.Launcher - [INFO] Downloading from google-maven-central: https://maven-central.storage-download.googleapis.com/maven2/org/apache/maven/reporting/maven-reporting-impl/3.0.0/maven-reporting-impl-3.0.0.jar
18:03:13.210 [Thread-15] DEBUG spoon.Launcher - [INFO] Downloading from google-maven-central: https://maven-central.storage-download.googleapis.com/maven2/org/apache/maven/doxia/doxia-sink-api/1.9/doxia-sink-api-1.9.jar
18:03:13.257 [Thread-15] DEBUG spoon.Launcher - [INFO] Downloaded from google-maven-central: https://maven-central.storage-download.googleapis.com/maven2/commons-io/commons-io/2.6/commons-io-2.6.jar (215 kB at 4.1 MB/s)
18:03:13.257 [Thread-15] DEBUG spoon.Launcher - [INFO] Downloading from google-maven-central: https://maven-central.storage-download.googleapis.com/maven2/org/apache/maven/doxia/doxia-logging-api/1.9/doxia-logging-api-1.9.jar
18:03:13.299 [Thread-15] DEBUG spoon.Launcher - [INFO] Downloaded from google-maven-central: https://maven-central.storage-download.googleapis.com/maven2/org/codehaus/plexus/plexus-component-annotations/2.0.0/plexus-component-annotations-2.0.0.jar (4.2 kB at 44 kB/s)
18:03:13.299 [Thread-15] DEBUG spoon.Launcher - [INFO] Downloading from google-maven-central: https://maven-central.storage-download.googleapis.com/maven2/org/apache/maven/doxia/doxia-core/1.9/doxia-core-1.9.jar
18:03:13.367 [Thread-15] DEBUG spoon.Launcher - [INFO] Downloaded from google-maven-central: https://maven-central.storage-download.googleapis.com/maven2/org/apache/maven/doxia/doxia-decoration-model/1.7.4/doxia-decoration-model-1.7.4.jar (61 kB at 377 kB/s)
18:03:13.367 [Thread-15] DEBUG spoon.Launcher - [INFO] Downloading from google-maven-central: https://maven-central.storage-download.googleapis.com/maven2/org/codehaus/plexus/plexus-container-default/1.7.1/plexus-container-default-1.7.1.jar
18:03:13.394 [Thread-15] DEBUG spoon.Launcher - [INFO] Downloaded from google-maven-central: https://maven-central.storage-download.googleapis.com/maven2/org/apache/maven/doxia/doxia-logging-api/1.9/doxia-logging-api-1.9.jar (12 kB at 63 kB/s)
18:03:13.395 [Thread-15] DEBUG spoon.Launcher - [INFO] Downloading from google-maven-central: https://maven-central.storage-download.googleapis.com/maven2/org/apache/xbean/xbean-reflect/3.7/xbean-reflect-3.7.jar
18:03:13.400 [Thread-15] DEBUG spoon.Launcher - [INFO] Downloaded from google-maven-central: https://maven-central.storage-download.googleapis.com/maven2/org/apache/maven/reporting/maven-reporting-impl/3.0.0/maven-reporting-impl-3.0.0.jar (18 kB at 94 kB/s)
18:03:13.400 [Thread-15] DEBUG spoon.Launcher - [INFO] Downloading from google-maven-central: https://maven-central.storage-download.googleapis.com/maven2/com/google/collections/google-collections/1.0/google-collections-1.0.jar
18:03:13.412 [Thread-15] DEBUG spoon.Launcher - [INFO] Downloaded from google-maven-central: https://maven-central.storage-download.googleapis.com/maven2/org/apache/maven/doxia/doxia-sink-api/1.9/doxia-sink-api-1.9.jar (12 kB at 58 kB/s)
18:03:13.412 [Thread-15] DEBUG spoon.Launcher - [INFO] Downloading from google-maven-central: https://maven-central.storage-download.googleapis.com/maven2/org/apache/httpcomponents/httpclient/4.5.8/httpclient-4.5.8.jar
18:03:13.461 [Thread-15] DEBUG spoon.Launcher - [INFO] Downloaded from google-maven-central: https://maven-central.storage-download.googleapis.com/maven2/com/google/collections/google-collections/1.0/google-collections-1.0.jar (640 kB at 2.5 MB/s)
18:03:13.462 [Thread-15] DEBUG spoon.Launcher - [INFO] Downloading from google-maven-central: https://maven-central.storage-download.googleapis.com/maven2/org/apache/httpcomponents/httpcore/4.4.11/httpcore-4.4.11.jar
18:03:13.490 [Thread-15] DEBUG spoon.Launcher - [INFO] Downloaded from google-maven-central: https://maven-central.storage-download.googleapis.com/maven2/org/codehaus/plexus/plexus-container-default/1.7.1/plexus-container-default-1.7.1.jar (231 kB at 819 kB/s)
18:03:13.490 [Thread-15] DEBUG spoon.Launcher - [INFO] Downloading from google-maven-central: https://maven-central.storage-download.googleapis.com/maven2/org/apache/maven/doxia/doxia-site-renderer/1.9/doxia-site-renderer-1.9.jar
18:03:13.508 [Thread-15] DEBUG spoon.Launcher - [INFO] Downloaded from google-maven-central: https://maven-central.storage-download.googleapis.com/maven2/org/apache/maven/doxia/doxia-core/1.9/doxia-core-1.9.jar (219 kB at 730 kB/s)
18:03:13.508 [Thread-15] DEBUG spoon.Launcher - [INFO] Downloading from google-maven-central: https://maven-central.storage-download.googleapis.com/maven2/org/apache/maven/doxia/doxia-skin-model/1.9/doxia-skin-model-1.9.jar
18:03:13.517 [Thread-15] DEBUG spoon.Launcher - [INFO] Downloaded from google-maven-central: https://maven-central.storage-download.googleapis.com/maven2/org/apache/xbean/xbean-reflect/3.7/xbean-reflect-3.7.jar (148 kB at 478 kB/s)
18:03:13.518 [Thread-15] DEBUG spoon.Launcher - [INFO] Downloading from google-maven-central: https://maven-central.storage-download.googleapis.com/maven2/org/apache/maven/doxia/doxia-module-xhtml/1.9/doxia-module-xhtml-1.9.jar
18:03:13.563 [Thread-15] DEBUG spoon.Launcher - [INFO] Downloaded from google-maven-central: https://maven-central.storage-download.googleapis.com/maven2/org/apache/httpcomponents/httpcore/4.4.11/httpcore-4.4.11.jar (327 kB at 921 kB/s)
18:03:13.563 [Thread-15] DEBUG spoon.Launcher - [INFO] Downloading from google-maven-central: https://maven-central.storage-download.googleapis.com/maven2/org/apache/maven/doxia/doxia-module-xhtml5/1.9/doxia-module-xhtml5-1.9.jar
18:03:13.607 [Thread-15] DEBUG spoon.Launcher - [INFO] Downloaded from google-maven-central: https://maven-central.storage-download.googleapis.com/maven2/org/apache/httpcomponents/httpclient/4.5.8/httpclient-4.5.8.jar (772 kB at 1.9 MB/s)
18:03:13.607 [Thread-15] DEBUG spoon.Launcher - [INFO] Downloading from google-maven-central: https://maven-central.storage-download.googleapis.com/maven2/org/codehaus/plexus/plexus-i18n/1.0-beta-10/plexus-i18n-1.0-beta-10.jar
18:03:13.656 [Thread-15] DEBUG spoon.Launcher - [INFO] Downloaded from google-maven-central: https://maven-central.storage-download.googleapis.com/maven2/org/apache/maven/doxia/doxia-site-renderer/1.9/doxia-site-renderer-1.9.jar (66 kB at 146 kB/s)
18:03:13.656 [Thread-15] DEBUG spoon.Launcher - [INFO] Downloading from google-maven-central: https://maven-central.storage-download.googleapis.com/maven2/org/codehaus/plexus/plexus-velocity/1.2/plexus-velocity-1.2.jar
18:03:13.657 [Thread-15] DEBUG spoon.Launcher - [INFO] Downloaded from google-maven-central: https://maven-central.storage-download.googleapis.com/maven2/org/apache/maven/doxia/doxia-module-xhtml/1.9/doxia-module-xhtml-1.9.jar (18 kB at 39 kB/s)
18:03:13.658 [Thread-15] DEBUG spoon.Launcher - [INFO] Downloading from google-maven-central: https://maven-central.storage-download.googleapis.com/maven2/org/apache/velocity/velocity-tools/2.0/velocity-tools-2.0.jar
18:03:13.663 [Thread-15] DEBUG spoon.Launcher - [INFO] Downloaded from google-maven-central: https://maven-central.storage-download.googleapis.com/maven2/org/codehaus/plexus/plexus-velocity/1.2/plexus-velocity-1.2.jar (8.1 kB at 18 kB/s)
18:03:13.665 [Thread-15] DEBUG spoon.Launcher - [INFO] Downloading from google-maven-central: https://maven-central.storage-download.googleapis.com/maven2/commons-digester/commons-digester/1.8/commons-digester-1.8.jar
18:03:13.672 [Thread-15] DEBUG spoon.Launcher - [INFO] Downloaded from google-maven-central: https://maven-central.storage-download.googleapis.com/maven2/commons-digester/commons-digester/1.8/commons-digester-1.8.jar (144 kB at 309 kB/s)
18:03:13.672 [Thread-15] DEBUG spoon.Launcher - [INFO] Downloading from google-maven-central: https://maven-central.storage-download.googleapis.com/maven2/commons-chain/commons-chain/1.1/commons-chain-1.1.jar
18:03:13.679 [Thread-15] DEBUG spoon.Launcher - [INFO] Downloaded from google-maven-central: https://maven-central.storage-download.googleapis.com/maven2/commons-chain/commons-chain/1.1/commons-chain-1.1.jar (90 kB at 191 kB/s)
18:03:13.679 [Thread-15] DEBUG spoon.Launcher - [INFO] Downloading from google-maven-central: https://maven-central.storage-download.googleapis.com/maven2/commons-validator/commons-validator/1.3.1/commons-validator-1.3.1.jar
18:03:13.692 [Thread-15] DEBUG spoon.Launcher - [INFO] Downloaded from google-maven-central: https://maven-central.storage-download.googleapis.com/maven2/commons-validator/commons-validator/1.3.1/commons-validator-1.3.1.jar (139 kB at 287 kB/s)
18:03:13.692 [Thread-15] DEBUG spoon.Launcher - [INFO] Downloading from google-maven-central: https://maven-central.storage-download.googleapis.com/maven2/dom4j/dom4j/1.1/dom4j-1.1.jar
18:03:13.704 [Thread-15] DEBUG spoon.Launcher - [INFO] Downloaded from google-maven-central: https://maven-central.storage-download.googleapis.com/maven2/org/apache/maven/doxia/doxia-skin-model/1.9/doxia-skin-model-1.9.jar (17 kB at 33 kB/s)
18:03:13.705 [Thread-15] DEBUG spoon.Launcher - [INFO] Downloading from google-maven-central: https://maven-central.storage-download.googleapis.com/maven2/sslext/sslext/1.2-0/sslext-1.2-0.jar
18:03:13.706 [Thread-15] DEBUG spoon.Launcher - [INFO] Downloaded from google-maven-central: https://maven-central.storage-download.googleapis.com/maven2/dom4j/dom4j/1.1/dom4j-1.1.jar (457 kB at 916 kB/s)
18:03:13.708 [Thread-15] DEBUG spoon.Launcher - [INFO] Downloading from google-maven-central: https://maven-central.storage-download.googleapis.com/maven2/org/apache/struts/struts-core/1.3.8/struts-core-1.3.8.jar
18:03:13.719 [Thread-15] DEBUG spoon.Launcher - [INFO] Downloaded from google-maven-central: https://maven-central.storage-download.googleapis.com/maven2/org/apache/struts/struts-core/1.3.8/struts-core-1.3.8.jar (329 kB at 644 kB/s)
18:03:13.729 [Thread-15] DEBUG spoon.Launcher - [INFO] Downloading from google-maven-central: https://maven-central.storage-download.googleapis.com/maven2/antlr/antlr/2.7.2/antlr-2.7.2.jar
18:03:13.730 [Thread-15] DEBUG spoon.Launcher - [INFO] Downloaded from google-maven-central: https://maven-central.storage-download.googleapis.com/maven2/org/codehaus/plexus/plexus-i18n/1.0-beta-10/plexus-i18n-1.0-beta-10.jar (12 kB at 23 kB/s)
18:03:13.730 [Thread-15] DEBUG spoon.Launcher - [INFO] Downloading from google-maven-central: https://maven-central.storage-download.googleapis.com/maven2/org/apache/struts/struts-taglib/1.3.8/struts-taglib-1.3.8.jar
18:03:13.740 [Thread-15] DEBUG spoon.Launcher - [INFO] Downloaded from google-maven-central: https://maven-central.storage-download.googleapis.com/maven2/org/apache/struts/struts-taglib/1.3.8/struts-taglib-1.3.8.jar (252 kB at 473 kB/s)
18:03:13.741 [Thread-15] DEBUG spoon.Launcher - [INFO] Downloading from google-maven-central: https://maven-central.storage-download.googleapis.com/maven2/org/apache/struts/struts-tiles/1.3.8/struts-tiles-1.3.8.jar
18:03:13.747 [Thread-15] DEBUG spoon.Launcher - [INFO] Downloaded from google-maven-central: https://maven-central.storage-download.googleapis.com/maven2/org/apache/struts/struts-tiles/1.3.8/struts-tiles-1.3.8.jar (120 kB at 222 kB/s)
18:03:13.748 [Thread-15] DEBUG spoon.Launcher - [INFO] Downloading from google-maven-central: https://maven-central.storage-download.googleapis.com/maven2/org/codehaus/plexus/plexus-archiver/4.2.2/plexus-archiver-4.2.2.jar
18:03:13.776 [Thread-15] DEBUG spoon.Launcher - [INFO] Downloaded from google-maven-central: https://maven-central.storage-download.googleapis.com/maven2/org/apache/maven/doxia/doxia-module-xhtml5/1.9/doxia-module-xhtml5-1.9.jar (18 kB at 32 kB/s)
18:03:13.777 [Thread-15] DEBUG spoon.Launcher - [INFO] Downloading from google-maven-central: https://maven-central.storage-download.googleapis.com/maven2/org/iq80/snappy/snappy/0.4/snappy-0.4.jar
18:03:13.788 [Thread-15] DEBUG spoon.Launcher - [INFO] Downloaded from google-maven-central: https://maven-central.storage-download.googleapis.com/maven2/sslext/sslext/1.2-0/sslext-1.2-0.jar (26 kB at 45 kB/s)
18:03:13.788 [Thread-15] DEBUG spoon.Launcher - [INFO] Downloading from google-maven-central: https://maven-central.storage-download.googleapis.com/maven2/org/codehaus/plexus/plexus-utils/3.3.0/plexus-utils-3.3.0.jar
18:03:13.804 [Thread-15] DEBUG spoon.Launcher - [INFO] Downloaded from google-maven-central: https://maven-central.storage-download.googleapis.com/maven2/org/codehaus/plexus/plexus-utils/3.3.0/plexus-utils-3.3.0.jar (263 kB at 442 kB/s)
18:03:13.804 [Thread-15] DEBUG spoon.Launcher - [INFO] Downloading from google-maven-central: https://maven-central.storage-download.googleapis.com/maven2/org/apache/maven/shared/file-management/3.0.0/file-management-3.0.0.jar
18:03:13.809 [Thread-15] DEBUG spoon.Launcher - [INFO] Downloaded from google-maven-central: https://maven-central.storage-download.googleapis.com/maven2/org/apache/maven/shared/file-management/3.0.0/file-management-3.0.0.jar (35 kB at 59 kB/s)
18:03:13.810 [Thread-15] DEBUG spoon.Launcher - [INFO] Downloading from google-maven-central: https://maven-central.storage-download.googleapis.com/maven2/org/apache/maven/shared/maven-shared-io/3.0.0/maven-shared-io-3.0.0.jar
18:03:13.816 [Thread-15] DEBUG spoon.Launcher - [INFO] Downloaded from google-maven-central: https://maven-central.storage-download.googleapis.com/maven2/org/apache/maven/shared/maven-shared-io/3.0.0/maven-shared-io-3.0.0.jar (41 kB at 68 kB/s)
18:03:13.816 [Thread-15] DEBUG spoon.Launcher - [INFO] Downloading from google-maven-central: https://maven-central.storage-download.googleapis.com/maven2/org/apache/maven/maven-compat/3.0/maven-compat-3.0.jar
18:03:13.827 [Thread-15] DEBUG spoon.Launcher - [INFO] Downloaded from google-maven-central: https://maven-central.storage-download.googleapis.com/maven2/antlr/antlr/2.7.2/antlr-2.7.2.jar (358 kB at 580 kB/s)
18:03:13.827 [Thread-15] DEBUG spoon.Launcher - [INFO] Downloading from google-maven-central: https://maven-central.storage-download.googleapis.com/maven2/org/apache/maven/wagon/wagon-provider-api/2.10/wagon-provider-api-2.10.jar
18:03:13.828 [Thread-15] DEBUG spoon.Launcher - [INFO] Downloaded from google-maven-central: https://maven-central.storage-download.googleapis.com/maven2/org/apache/velocity/velocity-tools/2.0/velocity-tools-2.0.jar (347 kB at 558 kB/s)
18:03:13.829 [Thread-15] DEBUG spoon.Launcher - [INFO] Downloading from google-maven-central: https://maven-central.storage-download.googleapis.com/maven2/org/codehaus/plexus/plexus-io/3.2.0/plexus-io-3.2.0.jar
18:03:13.856 [Thread-15] DEBUG spoon.Launcher - [INFO] Downloaded from google-maven-central: https://maven-central.storage-download.googleapis.com/maven2/org/iq80/snappy/snappy/0.4/snappy-0.4.jar (58 kB at 89 kB/s)
18:03:13.856 [Thread-15] DEBUG spoon.Launcher - [INFO] Downloading from google-maven-central: https://maven-central.storage-download.googleapis.com/maven2/org/apache/maven/shared/maven-dependency-analyzer/1.11.1/maven-dependency-analyzer-1.11.1.jar
18:03:13.922 [Thread-15] DEBUG spoon.Launcher - [INFO] Downloaded from google-maven-central: https://maven-central.storage-download.googleapis.com/maven2/org/codehaus/plexus/plexus-archiver/4.2.2/plexus-archiver-4.2.2.jar (194 kB at 272 kB/s)
18:03:13.923 [Thread-15] DEBUG spoon.Launcher - [INFO] Downloading from google-maven-central: https://maven-central.storage-download.googleapis.com/maven2/org/ow2/asm/asm/7.3.1/asm-7.3.1.jar
18:03:13.949 [Thread-15] DEBUG spoon.Launcher - [INFO] Downloaded from google-maven-central: https://maven-central.storage-download.googleapis.com/maven2/org/apache/maven/wagon/wagon-provider-api/2.10/wagon-provider-api-2.10.jar (54 kB at 72 kB/s)
18:03:13.949 [Thread-15] DEBUG spoon.Launcher - [INFO] Downloading from google-maven-central: https://maven-central.storage-download.googleapis.com/maven2/org/apache/maven/shared/maven-dependency-tree/3.0.1/maven-dependency-tree-3.0.1.jar
18:03:13.954 [Thread-15] DEBUG spoon.Launcher - [INFO] Downloaded from google-maven-central: https://maven-central.storage-download.googleapis.com/maven2/org/apache/maven/shared/maven-dependency-tree/3.0.1/maven-dependency-tree-3.0.1.jar (37 kB at 49 kB/s)
18:03:13.954 [Thread-15] DEBUG spoon.Launcher - [INFO] Downloading from google-maven-central: https://maven-central.storage-download.googleapis.com/maven2/org/slf4j/slf4j-api/1.7.5/slf4j-api-1.7.5.jar
18:03:13.956 [Thread-15] DEBUG spoon.Launcher - [INFO] Downloaded from google-maven-central: https://maven-central.storage-download.googleapis.com/maven2/org/apache/maven/maven-compat/3.0/maven-compat-3.0.jar (285 kB at 381 kB/s)
18:03:13.957 [Thread-15] DEBUG spoon.Launcher - [INFO] Downloaded from google-maven-central: https://maven-central.storage-download.googleapis.com/maven2/org/apache/maven/shared/maven-dependency-analyzer/1.11.1/maven-dependency-analyzer-1.11.1.jar (35 kB at 47 kB/s)
18:03:13.961 [Thread-15] DEBUG spoon.Launcher - [INFO] Downloaded from google-maven-central: https://maven-central.storage-download.googleapis.com/maven2/org/slf4j/slf4j-api/1.7.5/slf4j-api-1.7.5.jar (26 kB at 35 kB/s)
18:03:13.965 [Thread-15] DEBUG spoon.Launcher - [INFO] Downloaded from google-maven-central: https://maven-central.storage-download.googleapis.com/maven2/org/codehaus/plexus/plexus-io/3.2.0/plexus-io-3.2.0.jar (76 kB at 100 kB/s)
18:03:14.071 [Thread-15] DEBUG spoon.Launcher - [INFO] Downloaded from google-maven-central: https://maven-central.storage-download.googleapis.com/maven2/org/ow2/asm/asm/7.3.1/asm-7.3.1.jar (122 kB at 141 kB/s)
18:03:14.412 [Thread-15] DEBUG spoon.Launcher - [INFO] Wrote classpath file '/home/travis/build/SpoonLabs/spoon-ci-external/spoon/spoon.classpath-app.tmp'.
18:03:14.413 [Thread-15] DEBUG spoon.Launcher - [INFO] ------------------------------------------------------------------------
18:03:14.413 [Thread-15] DEBUG spoon.Launcher - [INFO] BUILD SUCCESS
18:03:14.413 [Thread-15] DEBUG spoon.Launcher - [INFO] ------------------------------------------------------------------------
18:03:14.414 [Thread-15] DEBUG spoon.Launcher - [INFO] Total time:  11.763 s
18:03:14.415 [Thread-15] DEBUG spoon.Launcher - [INFO] Finished at: 2020-08-22T18:03:14Z
18:03:14.415 [Thread-15] DEBUG spoon.Launcher - [INFO] ------------------------------------------------------------------------
18:03:14.497 [main] INFO spoon.Launcher - Running in NOCLASSPATH mode (doc: http://spoon.gforge.inria.fr/launcher.html).
18:03:15.869 [Thread-18] DEBUG spoon.Launcher - [INFO] Scanning for projects...
18:03:16.960 [Thread-18] DEBUG spoon.Launcher - [INFO] Inspecting build with total of 1 modules...
18:03:16.961 [Thread-18] DEBUG spoon.Launcher - [INFO] Installing Nexus Staging features:
18:03:16.963 [Thread-18] DEBUG spoon.Launcher - [INFO]   ... total of 1 executions of maven-deploy-plugin replaced with nexus-staging-maven-plugin
18:03:17.040 [Thread-18] DEBUG spoon.Launcher - [INFO] 
18:03:17.046 [Thread-18] DEBUG spoon.Launcher - [INFO] ------------------< fr.inria.gforge.spoon:spoon-core >------------------
18:03:17.047 [Thread-18] DEBUG spoon.Launcher - [INFO] Building Spoon Core 8.3.0-SNAPSHOT
18:03:17.050 [Thread-18] DEBUG spoon.Launcher - [INFO] --------------------------------[ jar ]---------------------------------
18:03:17.507 [Thread-18] DEBUG spoon.Launcher - [INFO] Downloading from sonatype: https://oss.sonatype.org/content/repositories/releases/junit/junit-dep/maven-metadata.xml
18:03:17.507 [Thread-18] DEBUG spoon.Launcher - [INFO] Downloading from maven.inria.fr-snapshot: https://maven.irisa.fr/artifactory/spoon-public-snapshot/junit/junit-dep/maven-metadata.xml
18:03:17.508 [Thread-18] DEBUG spoon.Launcher - [INFO] Downloading from sonatype-apache: https://repository.apache.org/content/repositories/releases/junit/junit-dep/maven-metadata.xml
18:03:17.509 [Thread-18] DEBUG spoon.Launcher - [INFO] Downloading from apache-snapshots: https://repository.apache.org/snapshots/junit/junit-dep/maven-metadata.xml
18:03:18.309 [Thread-18] DEBUG spoon.Launcher - [INFO] Downloaded from sonatype: https://oss.sonatype.org/content/repositories/releases/junit/junit-dep/maven-metadata.xml (563 B at 698 B/s)
18:03:18.315 [Thread-18] DEBUG spoon.Launcher - [WARNING] Could not transfer metadata junit:junit-dep/maven-metadata.xml from/to maven.inria.fr-snapshot (https://maven.irisa.fr/artifactory/spoon-public-snapshot): Transfer failed for https://maven.irisa.fr/artifactory/spoon-public-snapshot/junit/junit-dep/maven-metadata.xml
18:03:18.350 [Thread-18] DEBUG spoon.Launcher - [INFO] 
18:03:18.351 [Thread-18] DEBUG spoon.Launcher - [INFO] --- maven-dependency-plugin:3.1.2:build-classpath (default-cli) @ spoon-core ---
18:03:19.140 [Thread-18] DEBUG spoon.Launcher - [INFO] Wrote classpath file '/home/travis/build/SpoonLabs/spoon-ci-external/spoon/spoon.classpath.tmp'.
18:03:19.141 [Thread-18] DEBUG spoon.Launcher - [INFO] ------------------------------------------------------------------------
18:03:19.141 [Thread-18] DEBUG spoon.Launcher - [INFO] BUILD SUCCESS
18:03:19.141 [Thread-18] DEBUG spoon.Launcher - [INFO] ------------------------------------------------------------------------
18:03:19.142 [Thread-18] DEBUG spoon.Launcher - [INFO] Total time:  3.298 s
18:03:19.143 [Thread-18] DEBUG spoon.Launcher - [INFO] Finished at: 2020-08-22T18:03:19Z
18:03:19.143 [Thread-18] DEBUG spoon.Launcher - [INFO] ------------------------------------------------------------------------
18:03:19.257 [main] INFO spoon.Launcher - Running in NOCLASSPATH mode (doc: http://spoon.gforge.inria.fr/launcher.html).
18:03:19.425 [main] INFO spoon.Launcher - Running in NOCLASSPATH mode (doc: http://spoon.gforge.inria.fr/launcher.html).
18:03:20.737 [Thread-21] DEBUG spoon.Launcher - [INFO] Scanning for projects...
18:03:21.024 [Thread-21] DEBUG spoon.Launcher - [INFO] 
18:03:21.025 [Thread-21] DEBUG spoon.Launcher - [INFO] -------------------------< org.foo.bar:foobar >-------------------------
18:03:21.026 [Thread-21] DEBUG spoon.Launcher - [INFO] Building foobar 1.0.0-SNAPSHOT
18:03:21.027 [Thread-21] DEBUG spoon.Launcher - [INFO] --------------------------------[ jar ]---------------------------------
18:03:21.042 [Thread-21] DEBUG spoon.Launcher - [INFO] 
18:03:21.043 [Thread-21] DEBUG spoon.Launcher - [INFO] --- maven-dependency-plugin:2.8:build-classpath (default-cli) @ foobar ---
18:03:21.765 [Thread-21] DEBUG spoon.Launcher - [INFO] No dependencies found.
18:03:21.770 [Thread-21] DEBUG spoon.Launcher - [INFO] Wrote classpath file '/home/travis/build/SpoonLabs/spoon-ci-external/spoon/src/test/resources/maven-launcher/java-11/spoon.classpath-app.tmp'.
18:03:21.773 [Thread-21] DEBUG spoon.Launcher - [INFO] ------------------------------------------------------------------------
18:03:21.773 [Thread-21] DEBUG spoon.Launcher - [INFO] BUILD SUCCESS
18:03:21.774 [Thread-21] DEBUG spoon.Launcher - [INFO] ------------------------------------------------------------------------
18:03:21.775 [Thread-21] DEBUG spoon.Launcher - [INFO] Total time:  1.055 s
18:03:21.775 [Thread-21] DEBUG spoon.Launcher - [INFO] Finished at: 2020-08-22T18:03:21Z
18:03:21.775 [Thread-21] DEBUG spoon.Launcher - [INFO] ------------------------------------------------------------------------
18:03:21.806 [main] INFO spoon.Launcher - Running in NOCLASSPATH mode (doc: http://spoon.gforge.inria.fr/launcher.html).
]]></system-out>
  </testcase>
  <testcase name="mavenLauncherTestWithVerySimpleProject" classname="spoon.MavenLauncherTest" time="2.85">
    <system-out><![CDATA[18:03:21.836 [main] INFO spoon.Launcher - Running in NOCLASSPATH mode (doc: http://spoon.gforge.inria.fr/launcher.html).
18:03:23.635 [Thread-24] DEBUG spoon.Launcher - [INFO] Scanning for projects...
18:03:23.984 [Thread-24] DEBUG spoon.Launcher - [INFO] 
18:03:23.985 [Thread-24] DEBUG spoon.Launcher - [INFO] -------------------------< org.foo.bar:foobar >-------------------------
18:03:23.985 [Thread-24] DEBUG spoon.Launcher - [INFO] Building foobar 1.0.0-SNAPSHOT
18:03:23.986 [Thread-24] DEBUG spoon.Launcher - [INFO] --------------------------------[ jar ]---------------------------------
18:03:24.006 [Thread-24] DEBUG spoon.Launcher - [INFO] 
18:03:24.014 [Thread-24] DEBUG spoon.Launcher - [INFO] --- maven-dependency-plugin:2.8:build-classpath (default-cli) @ foobar ---
18:03:24.670 [Thread-24] DEBUG spoon.Launcher - [INFO] No dependencies found.
18:03:24.675 [Thread-24] DEBUG spoon.Launcher - [INFO] Wrote classpath file '/home/travis/build/SpoonLabs/spoon-ci-external/spoon/src/test/resources/maven-launcher/very-simple/spoon.classpath.tmp'.
18:03:24.675 [Thread-24] DEBUG spoon.Launcher - [INFO] ------------------------------------------------------------------------
18:03:24.675 [Thread-24] DEBUG spoon.Launcher - [INFO] BUILD SUCCESS
18:03:24.675 [Thread-24] DEBUG spoon.Launcher - [INFO] ------------------------------------------------------------------------
18:03:24.675 [Thread-24] DEBUG spoon.Launcher - [INFO] Total time:  1.062 s
18:03:24.675 [Thread-24] DEBUG spoon.Launcher - [INFO] Finished at: 2020-08-22T18:03:24Z
18:03:24.675 [Thread-24] DEBUG spoon.Launcher - [INFO] ------------------------------------------------------------------------
]]></system-out>
  </testcase>
  <testcase name="testGuessMavenHome" classname="spoon.MavenLauncherTest" time="0.148"/>
  <testcase name="testPomSourceDirectory" classname="spoon.MavenLauncherTest" time="2.476">
    <system-out><![CDATA[18:03:24.834 [main] INFO spoon.Launcher - Running in NOCLASSPATH mode (doc: http://spoon.gforge.inria.fr/launcher.html).
18:03:26.168 [Thread-27] DEBUG spoon.Launcher - [INFO] Scanning for projects...
18:03:26.531 [Thread-27] DEBUG spoon.Launcher - [INFO] 
18:03:26.536 [Thread-27] DEBUG spoon.Launcher - [INFO] -------------------------< org.foo.bar:foobar >-------------------------
18:03:26.539 [Thread-27] DEBUG spoon.Launcher - [INFO] Building foobar 1.0.0-SNAPSHOT
18:03:26.540 [Thread-27] DEBUG spoon.Launcher - [INFO] --------------------------------[ jar ]---------------------------------
18:03:26.557 [Thread-27] DEBUG spoon.Launcher - [INFO] 
18:03:26.563 [Thread-27] DEBUG spoon.Launcher - [INFO] --- maven-dependency-plugin:2.8:build-classpath (default-cli) @ foobar ---
18:03:27.284 [Thread-27] DEBUG spoon.Launcher - [INFO] No dependencies found.
18:03:27.288 [Thread-27] DEBUG spoon.Launcher - [INFO] Wrote classpath file '/home/travis/build/SpoonLabs/spoon-ci-external/spoon/src/test/resources/maven-launcher/source-directory/spoon.classpath.tmp'.
18:03:27.288 [Thread-27] DEBUG spoon.Launcher - [INFO] ------------------------------------------------------------------------
18:03:27.288 [Thread-27] DEBUG spoon.Launcher - [INFO] BUILD SUCCESS
18:03:27.288 [Thread-27] DEBUG spoon.Launcher - [INFO] ------------------------------------------------------------------------
18:03:27.288 [Thread-27] DEBUG spoon.Launcher - [INFO] Total time:  1.144 s
18:03:27.288 [Thread-27] DEBUG spoon.Launcher - [INFO] Finished at: 2020-08-22T18:03:27Z
18:03:27.288 [Thread-27] DEBUG spoon.Launcher - [INFO] ------------------------------------------------------------------------
]]></system-out>
  </testcase>
  <testcase name="mavenLauncherOnDirectoryWithoutPomTest" classname="spoon.MavenLauncherTest" time="0.001">
    <system-out><![CDATA[18:03:27.310 [main] INFO spoon.Launcher - Running in NOCLASSPATH mode (doc: http://spoon.gforge.inria.fr/launcher.html).
]]></system-out>
  </testcase>
</testsuite>