<?xml version="1.0" encoding="UTF-8"?>
<testsuite xmlns:xsi="http://www.w3.org/2001/XMLSchema-instance" xsi:noNamespaceSchemaLocation="https://maven.apache.org/surefire/maven-surefire-plugin/xsd/surefire-test-report-3.0.xsd" version="3.0" name="spoon.test.filters.FilterTest" time="4.503" tests="45" errors="0" skipped="0" failures="0">
  <properties>
    <property name="awt.toolkit" value="sun.awt.X11.XToolkit"/>
    <property name="file.encoding.pkg" value="sun.io"/>
    <property name="java.specification.version" value="1.8"/>
    <property name="sun.cpu.isalist" value=""/>
    <property name="sun.jnu.encoding" value="UTF-8"/>
    <property name="java.class.path" value="/home/travis/.m2/repository/org/apache/maven/surefire/surefire-booter/3.0.0-M5/surefire-booter-3.0.0-M5.jar:/home/travis/.m2/repository/org/apache/maven/surefire/surefire-api/3.0.0-M5/surefire-api-3.0.0-M5.jar:/home/travis/.m2/repository/org/apache/maven/surefire/surefire-logger-api/3.0.0-M5/surefire-logger-api-3.0.0-M5.jar:/home/travis/.m2/repository/org/apache/maven/surefire/surefire-shared-utils/3.0.0-M4/surefire-shared-utils-3.0.0-M4.jar:/home/travis/.m2/repository/org/apache/maven/surefire/surefire-extensions-spi/3.0.0-M5/surefire-extensions-spi-3.0.0-M5.jar:/home/travis/build/SpoonLabs/spoon-ci-external/spoon/target/test-classes:/home/travis/build/SpoonLabs/spoon-ci-external/spoon/target/classes:/home/travis/.m2/repository/org/eclipse/jdt/org.eclipse.jdt.core/3.20.0/org.eclipse.jdt.core-3.20.0.jar:/home/travis/.m2/repository/com/martiansoftware/jsap/2.1/jsap-2.1.jar:/home/travis/.m2/repository/org/apache/logging/log4j/log4j-api/2.13.3/log4j-api-2.13.3.jar:/home/travis/.m2/repository/org/apache/logging/log4j/log4j-to-slf4j/2.13.3/log4j-to-slf4j-2.13.3.jar:/home/travis/.m2/repository/org/slf4j/slf4j-api/1.7.25/slf4j-api-1.7.25.jar:/home/travis/.m2/repository/commons-io/commons-io/2.7/commons-io-2.7.jar:/home/travis/.m2/repository/org/apache/maven/maven-model/3.6.3/maven-model-3.6.3.jar:/home/travis/.m2/repository/org/codehaus/plexus/plexus-utils/3.2.1/plexus-utils-3.2.1.jar:/home/travis/.m2/repository/org/apache/commons/commons-lang3/3.11/commons-lang3-3.11.jar:/home/travis/.m2/repository/org/tukaani/xz/1.8/xz-1.8.jar:/home/travis/.m2/repository/com/fasterxml/jackson/core/jackson-databind/2.11.1/jackson-databind-2.11.1.jar:/home/travis/.m2/repository/com/fasterxml/jackson/core/jackson-annotations/2.11.1/jackson-annotations-2.11.1.jar:/home/travis/.m2/repository/com/fasterxml/jackson/core/jackson-core/2.11.1/jackson-core-2.11.1.jar:/home/travis/.m2/repository/org/apache/commons/commons-compress/1.20/commons-compress-1.20.jar:/home/travis/.m2/repository/com/google/guava/guava/29.0-jre/guava-29.0-jre.jar:/home/travis/.m2/repository/com/google/guava/failureaccess/1.0.1/failureaccess-1.0.1.jar:/home/travis/.m2/repository/com/google/guava/listenablefuture/9999.0-empty-to-avoid-conflict-with-guava/listenablefuture-9999.0-empty-to-avoid-conflict-with-guava.jar:/home/travis/.m2/repository/com/google/code/findbugs/jsr305/3.0.2/jsr305-3.0.2.jar:/home/travis/.m2/repository/org/checkerframework/checker-qual/2.11.1/checker-qual-2.11.1.jar:/home/travis/.m2/repository/com/google/errorprone/error_prone_annotations/2.3.4/error_prone_annotations-2.3.4.jar:/home/travis/.m2/repository/com/google/j2objc/j2objc-annotations/1.3/j2objc-annotations-1.3.jar:/home/travis/.m2/repository/ch/qos/logback/logback-classic/1.2.3/logback-classic-1.2.3.jar:/home/travis/.m2/repository/ch/qos/logback/logback-core/1.2.3/logback-core-1.2.3.jar:/home/travis/.m2/repository/com/mysema/querydsl/querydsl-core/3.6.9/querydsl-core-3.6.9.jar:/home/travis/.m2/repository/org/apache/maven/shared/maven-invoker/3.0.1/maven-invoker-3.0.1.jar:/home/travis/.m2/repository/org/apache/maven/shared/maven-shared-utils/3.2.1/maven-shared-utils-3.2.1.jar:/home/travis/.m2/repository/org/codehaus/plexus/plexus-component-annotations/1.7.1/plexus-component-annotations-1.7.1.jar:/home/travis/.m2/repository/javax/validation/validation-api/2.0.1.Final/validation-api-2.0.1.Final.jar:/home/travis/.m2/repository/com/google/code/gson/gson/2.8.6/gson-2.8.6.jar:/home/travis/.m2/repository/org/junit/vintage/junit-vintage-engine/5.6.2/junit-vintage-engine-5.6.2.jar:/home/travis/.m2/repository/org/apiguardian/apiguardian-api/1.1.0/apiguardian-api-1.1.0.jar:/home/travis/.m2/repository/org/junit/platform/junit-platform-engine/1.6.2/junit-platform-engine-1.6.2.jar:/home/travis/.m2/repository/org/opentest4j/opentest4j/1.2.0/opentest4j-1.2.0.jar:/home/travis/.m2/repository/org/junit/platform/junit-platform-commons/1.6.2/junit-platform-commons-1.6.2.jar:/home/travis/.m2/repository/junit/junit/4.13/junit-4.13.jar:/home/travis/.m2/repository/org/hamcrest/hamcrest-core/1.3/hamcrest-core-1.3.jar:/home/travis/.m2/repository/org/mockito/mockito-core/3.4.4/mockito-core-3.4.4.jar:/home/travis/.m2/repository/net/bytebuddy/byte-buddy/1.10.13/byte-buddy-1.10.13.jar:/home/travis/.m2/repository/net/bytebuddy/byte-buddy-agent/1.10.13/byte-buddy-agent-1.10.13.jar:/home/travis/.m2/repository/org/objenesis/objenesis/2.6/objenesis-2.6.jar:/home/travis/.m2/repository/org/junit/jupiter/junit-jupiter-engine/5.6.2/junit-jupiter-engine-5.6.2.jar:/home/travis/.m2/repository/org/junit/jupiter/junit-jupiter-api/5.6.2/junit-jupiter-api-5.6.2.jar:/home/travis/.m2/repository/com/github/stefanbirkner/system-rules/1.19.0/system-rules-1.19.0.jar:/home/travis/.m2/repository/org/apache/maven/surefire/surefire-junit-platform/3.0.0-M5/surefire-junit-platform-3.0.0-M5.jar:/home/travis/.m2/repository/org/apache/maven/surefire/common-java5/3.0.0-M5/common-java5-3.0.0-M5.jar:/home/travis/.m2/repository/org/junit/platform/junit-platform-launcher/1.6.2/junit-platform-launcher-1.6.2.jar"/>
    <property name="java.vm.vendor" value="Private Build"/>
    <property name="jdt.compiler.useSingleThread" value="true"/>
    <property name="sun.arch.data.model" value="64"/>
    <property name="sun.font.fontmanager" value="sun.awt.X11FontManager"/>
    <property name="java.vendor.url" value="http://java.oracle.com/"/>
    <property name="user.timezone" value="UTC"/>
    <property name="java.vm.specification.version" value="1.8"/>
    <property name="os.name" value="Linux"/>
    <property name="spoon.log.path" value="${java.io.tmpdir}/spoon-log.log"/>
    <property name="user.country" value="US"/>
    <property name="sun.java.launcher" value="SUN_STANDARD"/>
    <property name="sun.boot.library.path" value="/usr/lib/jvm/java-8-openjdk-amd64/jre/lib/amd64"/>
    <property name="sun.java.command" value="org.apache.maven.surefire.booter.ForkedBooter /home/travis/build/SpoonLabs/spoon-ci-external/spoon/target/surefire 2020-08-01T17-50-59_829-jvmRun1 surefire2061379574501957650tmp surefire_02150073850846690178tmp"/>
    <property name="surefire.test.class.path" value="/home/travis/build/SpoonLabs/spoon-ci-external/spoon/target/test-classes:/home/travis/build/SpoonLabs/spoon-ci-external/spoon/target/classes:/home/travis/.m2/repository/org/eclipse/jdt/org.eclipse.jdt.core/3.20.0/org.eclipse.jdt.core-3.20.0.jar:/home/travis/.m2/repository/com/martiansoftware/jsap/2.1/jsap-2.1.jar:/home/travis/.m2/repository/org/apache/logging/log4j/log4j-api/2.13.3/log4j-api-2.13.3.jar:/home/travis/.m2/repository/org/apache/logging/log4j/log4j-to-slf4j/2.13.3/log4j-to-slf4j-2.13.3.jar:/home/travis/.m2/repository/org/slf4j/slf4j-api/1.7.25/slf4j-api-1.7.25.jar:/home/travis/.m2/repository/commons-io/commons-io/2.7/commons-io-2.7.jar:/home/travis/.m2/repository/org/apache/maven/maven-model/3.6.3/maven-model-3.6.3.jar:/home/travis/.m2/repository/org/codehaus/plexus/plexus-utils/3.2.1/plexus-utils-3.2.1.jar:/home/travis/.m2/repository/org/apache/commons/commons-lang3/3.11/commons-lang3-3.11.jar:/home/travis/.m2/repository/org/tukaani/xz/1.8/xz-1.8.jar:/home/travis/.m2/repository/com/fasterxml/jackson/core/jackson-databind/2.11.1/jackson-databind-2.11.1.jar:/home/travis/.m2/repository/com/fasterxml/jackson/core/jackson-annotations/2.11.1/jackson-annotations-2.11.1.jar:/home/travis/.m2/repository/com/fasterxml/jackson/core/jackson-core/2.11.1/jackson-core-2.11.1.jar:/home/travis/.m2/repository/org/apache/commons/commons-compress/1.20/commons-compress-1.20.jar:/home/travis/.m2/repository/com/google/guava/guava/29.0-jre/guava-29.0-jre.jar:/home/travis/.m2/repository/com/google/guava/failureaccess/1.0.1/failureaccess-1.0.1.jar:/home/travis/.m2/repository/com/google/guava/listenablefuture/9999.0-empty-to-avoid-conflict-with-guava/listenablefuture-9999.0-empty-to-avoid-conflict-with-guava.jar:/home/travis/.m2/repository/com/google/code/findbugs/jsr305/3.0.2/jsr305-3.0.2.jar:/home/travis/.m2/repository/org/checkerframework/checker-qual/2.11.1/checker-qual-2.11.1.jar:/home/travis/.m2/repository/com/google/errorprone/error_prone_annotations/2.3.4/error_prone_annotations-2.3.4.jar:/home/travis/.m2/repository/com/google/j2objc/j2objc-annotations/1.3/j2objc-annotations-1.3.jar:/home/travis/.m2/repository/ch/qos/logback/logback-classic/1.2.3/logback-classic-1.2.3.jar:/home/travis/.m2/repository/ch/qos/logback/logback-core/1.2.3/logback-core-1.2.3.jar:/home/travis/.m2/repository/com/mysema/querydsl/querydsl-core/3.6.9/querydsl-core-3.6.9.jar:/home/travis/.m2/repository/org/apache/maven/shared/maven-invoker/3.0.1/maven-invoker-3.0.1.jar:/home/travis/.m2/repository/org/apache/maven/shared/maven-shared-utils/3.2.1/maven-shared-utils-3.2.1.jar:/home/travis/.m2/repository/org/codehaus/plexus/plexus-component-annotations/1.7.1/plexus-component-annotations-1.7.1.jar:/home/travis/.m2/repository/javax/validation/validation-api/2.0.1.Final/validation-api-2.0.1.Final.jar:/home/travis/.m2/repository/com/google/code/gson/gson/2.8.6/gson-2.8.6.jar:/home/travis/.m2/repository/org/junit/vintage/junit-vintage-engine/5.6.2/junit-vintage-engine-5.6.2.jar:/home/travis/.m2/repository/org/apiguardian/apiguardian-api/1.1.0/apiguardian-api-1.1.0.jar:/home/travis/.m2/repository/org/junit/platform/junit-platform-engine/1.6.2/junit-platform-engine-1.6.2.jar:/home/travis/.m2/repository/org/opentest4j/opentest4j/1.2.0/opentest4j-1.2.0.jar:/home/travis/.m2/repository/org/junit/platform/junit-platform-commons/1.6.2/junit-platform-commons-1.6.2.jar:/home/travis/.m2/repository/junit/junit/4.13/junit-4.13.jar:/home/travis/.m2/repository/org/hamcrest/hamcrest-core/1.3/hamcrest-core-1.3.jar:/home/travis/.m2/repository/org/mockito/mockito-core/3.4.4/mockito-core-3.4.4.jar:/home/travis/.m2/repository/net/bytebuddy/byte-buddy/1.10.13/byte-buddy-1.10.13.jar:/home/travis/.m2/repository/net/bytebuddy/byte-buddy-agent/1.10.13/byte-buddy-agent-1.10.13.jar:/home/travis/.m2/repository/org/objenesis/objenesis/2.6/objenesis-2.6.jar:/home/travis/.m2/repository/org/junit/jupiter/junit-jupiter-engine/5.6.2/junit-jupiter-engine-5.6.2.jar:/home/travis/.m2/repository/org/junit/jupiter/junit-jupiter-api/5.6.2/junit-jupiter-api-5.6.2.jar:/home/travis/.m2/repository/com/github/stefanbirkner/system-rules/1.19.0/system-rules-1.19.0.jar:"/>
    <property name="sun.cpu.endian" value="little"/>
    <property name="user.home" value="/home/travis"/>
    <property name="user.language" value="en"/>
    <property name="java.specification.vendor" value="Oracle Corporation"/>
    <property name="java.home" value="/usr/lib/jvm/java-8-openjdk-amd64/jre"/>
    <property name="basedir" value="/home/travis/build/SpoonLabs/spoon-ci-external/spoon"/>
    <property name="file.separator" value="/"/>
    <property name="line.separator" value="&#10;"/>
    <property name="java.vm.specification.vendor" value="Oracle Corporation"/>
    <property name="java.specification.name" value="Java Platform API Specification"/>
    <property name="java.awt.graphicsenv" value="sun.awt.X11GraphicsEnvironment"/>
    <property name="sun.boot.class.path" value="/usr/lib/jvm/java-8-openjdk-amd64/jre/lib/resources.jar:/usr/lib/jvm/java-8-openjdk-amd64/jre/lib/rt.jar:/usr/lib/jvm/java-8-openjdk-amd64/jre/lib/sunrsasign.jar:/usr/lib/jvm/java-8-openjdk-amd64/jre/lib/jsse.jar:/usr/lib/jvm/java-8-openjdk-amd64/jre/lib/jce.jar:/usr/lib/jvm/java-8-openjdk-amd64/jre/lib/charsets.jar:/usr/lib/jvm/java-8-openjdk-amd64/jre/lib/jfr.jar:/usr/lib/jvm/java-8-openjdk-amd64/jre/classes"/>
    <property name="sun.management.compiler" value="HotSpot 64-Bit Tiered Compilers"/>
    <property name="java.runtime.version" value="1.8.0_252-8u252-b09-1~16.04-b09"/>
    <property name="user.name" value="travis"/>
    <property name="path.separator" value=":"/>
    <property name="os.version" value="4.15.0-1077-gcp"/>
    <property name="java.endorsed.dirs" value="/usr/lib/jvm/java-8-openjdk-amd64/jre/lib/endorsed"/>
    <property name="java.runtime.name" value="OpenJDK Runtime Environment"/>
    <property name="file.encoding" value="UTF-8"/>
    <property name="java.vm.name" value="OpenJDK 64-Bit Server VM"/>
    <property name="spoon.metamodel.MetamodelProperty-noRoleHandler" value="false"/>
    <property name="localRepository" value="/home/travis/.m2/repository"/>
    <property name="java.vendor.url.bug" value="http://bugreport.sun.com/bugreport/"/>
    <property name="java.io.tmpdir" value="/tmp"/>
    <property name="java.version" value="1.8.0_252"/>
    <property name="user.dir" value="/home/travis/build/SpoonLabs/spoon-ci-external/spoon"/>
    <property name="os.arch" value="amd64"/>
    <property name="java.vm.specification.name" value="Java Virtual Machine Specification"/>
    <property name="java.awt.printerjob" value="sun.print.PSPrinterJob"/>
    <property name="sun.os.patch.level" value="unknown"/>
    <property name="java.library.path" value="/usr/java/packages/lib/amd64:/usr/lib/x86_64-linux-gnu/jni:/lib/x86_64-linux-gnu:/usr/lib/x86_64-linux-gnu:/usr/lib/jni:/lib:/usr/lib"/>
    <property name="java.vm.info" value="mixed mode"/>
    <property name="java.vendor" value="Private Build"/>
    <property name="java.vm.version" value="25.252-b09"/>
    <property name="java.ext.dirs" value="/usr/lib/jvm/java-8-openjdk-amd64/jre/lib/ext:/usr/java/packages/lib/ext"/>
    <property name="sun.io.unicode.encoding" value="UnicodeLittle"/>
    <property name="java.class.version" value="52.0"/>
  </properties>
  <testcase name="testBoundQuery" classname="spoon.test.filters.FilterTest" time="0.047">
    <system-out><![CDATA[17:54:40.069 [main] INFO spoon.Launcher - Running in NOCLASSPATH mode (doc: http://spoon.gforge.inria.fr/launcher.html).
17:54:40.115 [main] INFO spoon.Launcher - Running in NOCLASSPATH mode (doc: http://spoon.gforge.inria.fr/launcher.html).
]]></system-out>
  </testcase>
  <testcase name="testFilterContains" classname="spoon.test.filters.FilterTest" time="0.102">
    <system-out><![CDATA[17:54:40.122 [main] INFO spoon.Launcher - Running in NOCLASSPATH mode (doc: http://spoon.gforge.inria.fr/launcher.html).
17:54:40.161 [main] INFO spoon.Launcher - Running in NOCLASSPATH mode (doc: http://spoon.gforge.inria.fr/launcher.html).
]]></system-out>
  </testcase>
  <testcase name="testParentFunction" classname="spoon.test.filters.FilterTest" time="0.102">
    <system-out><![CDATA[17:54:40.229 [main] INFO spoon.Launcher - Running in NOCLASSPATH mode (doc: http://spoon.gforge.inria.fr/launcher.html).
17:54:40.272 [main] INFO spoon.Launcher - Running in NOCLASSPATH mode (doc: http://spoon.gforge.inria.fr/launcher.html).
17:54:40.272 [main] INFO spoon.Launcher - Running in NOCLASSPATH mode (doc: http://spoon.gforge.inria.fr/launcher.html).
]]></system-out>
  </testcase>
  <testcase name="testOverridingMethodFromSubClassOfInterface" classname="spoon.test.filters.FilterTest" time="0.107">
    <system-out><![CDATA[17:54:40.339 [main] INFO spoon.Launcher - Running in NOCLASSPATH mode (doc: http://spoon.gforge.inria.fr/launcher.html).
17:54:40.382 [main] INFO spoon.Launcher - Running in NOCLASSPATH mode (doc: http://spoon.gforge.inria.fr/launcher.html).
17:54:40.382 [main] INFO spoon.Launcher - Running in NOCLASSPATH mode (doc: http://spoon.gforge.inria.fr/launcher.html).
]]></system-out>
  </testcase>
  <testcase name="testEmptyQuery" classname="spoon.test.filters.FilterTest" time="0.044">
    <system-out><![CDATA[17:54:40.455 [main] INFO spoon.Launcher - Running in NOCLASSPATH mode (doc: http://spoon.gforge.inria.fr/launcher.html).
17:54:40.497 [main] INFO spoon.Launcher - Running in NOCLASSPATH mode (doc: http://spoon.gforge.inria.fr/launcher.html).
]]></system-out>
  </testcase>
  <testcase name="testFilterChildrenWithoutFilterQueryStep" classname="spoon.test.filters.FilterTest" time="0.104">
    <system-out><![CDATA[17:54:40.505 [main] INFO spoon.Launcher - Running in NOCLASSPATH mode (doc: http://spoon.gforge.inria.fr/launcher.html).
17:54:40.546 [main] INFO spoon.Launcher - Running in NOCLASSPATH mode (doc: http://spoon.gforge.inria.fr/launcher.html).
17:54:40.547 [main] INFO spoon.Launcher - Running in NOCLASSPATH mode (doc: http://spoon.gforge.inria.fr/launcher.html).
]]></system-out>
  </testcase>
  <testcase name="testQueryBuilderWithFilterChain" classname="spoon.test.filters.FilterTest" time="0.131">
    <system-out><![CDATA[17:54:40.616 [main] INFO spoon.Launcher - Running in NOCLASSPATH mode (doc: http://spoon.gforge.inria.fr/launcher.html).
17:54:40.661 [main] INFO spoon.Launcher - Running in NOCLASSPATH mode (doc: http://spoon.gforge.inria.fr/launcher.html).
17:54:40.661 [main] INFO spoon.Launcher - Running in NOCLASSPATH mode (doc: http://spoon.gforge.inria.fr/launcher.html).
]]></system-out>
  </testcase>
  <testcase name="testReuseOfQuery" classname="spoon.test.filters.FilterTest" time="0.098">
    <system-out><![CDATA[17:54:40.755 [main] INFO spoon.Launcher - Running in NOCLASSPATH mode (doc: http://spoon.gforge.inria.fr/launcher.html).
17:54:40.797 [main] INFO spoon.Launcher - Running in NOCLASSPATH mode (doc: http://spoon.gforge.inria.fr/launcher.html).
17:54:40.798 [main] INFO spoon.Launcher - Running in NOCLASSPATH mode (doc: http://spoon.gforge.inria.fr/launcher.html).
]]></system-out>
  </testcase>
  <testcase name="testgetTopDefinitions" classname="spoon.test.filters.FilterTest" time="0.13">
    <system-out><![CDATA[17:54:40.862 [main] INFO spoon.Launcher - Running in NOCLASSPATH mode (doc: http://spoon.gforge.inria.fr/launcher.html).
17:54:40.933 [main] INFO spoon.Launcher - Running in NOCLASSPATH mode (doc: http://spoon.gforge.inria.fr/launcher.html).
17:54:40.933 [main] INFO spoon.Launcher - Running in NOCLASSPATH mode (doc: http://spoon.gforge.inria.fr/launcher.html).
]]></system-out>
  </testcase>
  <testcase name="testLineFilter" classname="spoon.test.filters.FilterTest" time="0.084">
    <system-out><![CDATA[17:54:41.000 [main] INFO spoon.Launcher - Running in NOCLASSPATH mode (doc: http://spoon.gforge.inria.fr/launcher.html).
17:54:41.040 [main] INFO spoon.Launcher - Running in NOCLASSPATH mode (doc: http://spoon.gforge.inria.fr/launcher.html).
]]></system-out>
  </testcase>
  <testcase name="testFilters" classname="spoon.test.filters.FilterTest" time="0.051">
    <system-out><![CDATA[17:54:41.088 [main] INFO spoon.Launcher - Running in NOCLASSPATH mode (doc: http://spoon.gforge.inria.fr/launcher.html).
]]></system-out>
  </testcase>
  <testcase name="testElementMapFunctionNull" classname="spoon.test.filters.FilterTest" time="0.041">
    <system-out><![CDATA[17:54:41.142 [main] INFO spoon.Launcher - Running in NOCLASSPATH mode (doc: http://spoon.gforge.inria.fr/launcher.html).
17:54:41.183 [main] INFO spoon.Launcher - Running in NOCLASSPATH mode (doc: http://spoon.gforge.inria.fr/launcher.html).
]]></system-out>
  </testcase>
  <testcase name="testClassCastExceptionOnForEach" classname="spoon.test.filters.FilterTest" time="0.103">
    <system-out><![CDATA[17:54:41.189 [main] INFO spoon.Launcher - Running in NOCLASSPATH mode (doc: http://spoon.gforge.inria.fr/launcher.html).
17:54:41.232 [main] INFO spoon.Launcher - Running in NOCLASSPATH mode (doc: http://spoon.gforge.inria.fr/launcher.html).
17:54:41.232 [main] INFO spoon.Launcher - Running in NOCLASSPATH mode (doc: http://spoon.gforge.inria.fr/launcher.html).
]]></system-out>
  </testcase>
  <testcase name="testReturnOrThrowFilter" classname="spoon.test.filters.FilterTest" time="0.044">
    <system-out><![CDATA[17:54:41.301 [main] INFO spoon.Launcher - Running in NOCLASSPATH mode (doc: http://spoon.gforge.inria.fr/launcher.html).
]]></system-out>
  </testcase>
  <testcase name="testCtScannerListener" classname="spoon.test.filters.FilterTest" time="0.095">
    <system-out><![CDATA[17:54:41.347 [main] INFO spoon.Launcher - Running in NOCLASSPATH mode (doc: http://spoon.gforge.inria.fr/launcher.html).
17:54:41.386 [main] INFO spoon.Launcher - Running in NOCLASSPATH mode (doc: http://spoon.gforge.inria.fr/launcher.html).
17:54:41.387 [main] INFO spoon.Launcher - Running in NOCLASSPATH mode (doc: http://spoon.gforge.inria.fr/launcher.html).
]]></system-out>
  </testcase>
  <testcase name="testInvocationFilterWithExecutableInLibrary" classname="spoon.test.filters.FilterTest" time="0.096">
    <system-out><![CDATA[17:54:41.451 [main] INFO spoon.Launcher - Running in NOCLASSPATH mode (doc: http://spoon.gforge.inria.fr/launcher.html).
17:54:41.490 [main] INFO spoon.Launcher - Running in NOCLASSPATH mode (doc: http://spoon.gforge.inria.fr/launcher.html).
17:54:41.490 [main] INFO spoon.Launcher - Running in NOCLASSPATH mode (doc: http://spoon.gforge.inria.fr/launcher.html).
]]></system-out>
  </testcase>
  <testcase name="testReflectionBasedTypeFilter" classname="spoon.test.filters.FilterTest" time="0.1">
    <system-out><![CDATA[17:54:41.553 [main] INFO spoon.Launcher - Running in NOCLASSPATH mode (doc: http://spoon.gforge.inria.fr/launcher.html).
17:54:41.593 [main] INFO spoon.Launcher - Running in NOCLASSPATH mode (doc: http://spoon.gforge.inria.fr/launcher.html).
17:54:41.593 [main] INFO spoon.Launcher - Running in NOCLASSPATH mode (doc: http://spoon.gforge.inria.fr/launcher.html).
]]></system-out>
  </testcase>
  <testcase name="testOverridingMethodFromAbstractClass" classname="spoon.test.filters.FilterTest" time="0.107">
    <system-out><![CDATA[17:54:41.660 [main] INFO spoon.Launcher - Running in NOCLASSPATH mode (doc: http://spoon.gforge.inria.fr/launcher.html).
17:54:41.700 [main] INFO spoon.Launcher - Running in NOCLASSPATH mode (doc: http://spoon.gforge.inria.fr/launcher.html).
17:54:41.700 [main] INFO spoon.Launcher - Running in NOCLASSPATH mode (doc: http://spoon.gforge.inria.fr/launcher.html).
]]></system-out>
  </testcase>
  <testcase name="testOverridingMethodFromSubClassOfAbstractClass" classname="spoon.test.filters.FilterTest" time="0.13">
    <system-out><![CDATA[17:54:41.776 [main] INFO spoon.Launcher - Running in NOCLASSPATH mode (doc: http://spoon.gforge.inria.fr/launcher.html).
17:54:41.818 [main] INFO spoon.Launcher - Running in NOCLASSPATH mode (doc: http://spoon.gforge.inria.fr/launcher.html).
17:54:41.818 [main] INFO spoon.Launcher - Running in NOCLASSPATH mode (doc: http://spoon.gforge.inria.fr/launcher.html).
]]></system-out>
  </testcase>
  <testcase name="testEarlyTerminatingQuery" classname="spoon.test.filters.FilterTest" time="0.1">
    <system-out><![CDATA[17:54:41.915 [main] INFO spoon.Launcher - Running in NOCLASSPATH mode (doc: http://spoon.gforge.inria.fr/launcher.html).
17:54:41.957 [main] INFO spoon.Launcher - Running in NOCLASSPATH mode (doc: http://spoon.gforge.inria.fr/launcher.html).
17:54:41.957 [main] INFO spoon.Launcher - Running in NOCLASSPATH mode (doc: http://spoon.gforge.inria.fr/launcher.html).
]]></system-out>
  </testcase>
  <testcase name="testSubInheritanceHierarchyResolver" classname="spoon.test.filters.FilterTest" time="0.11">
    <system-out><![CDATA[17:54:42.023 [main] INFO spoon.Launcher - Running in NOCLASSPATH mode (doc: http://spoon.gforge.inria.fr/launcher.html).
17:54:42.066 [main] INFO spoon.Launcher - Running in NOCLASSPATH mode (doc: http://spoon.gforge.inria.fr/launcher.html).
17:54:42.066 [main] INFO spoon.Launcher - Running in NOCLASSPATH mode (doc: http://spoon.gforge.inria.fr/launcher.html).
]]></system-out>
  </testcase>
  <testcase name="intersectionOfTwoFilters" classname="spoon.test.filters.FilterTest" time="0.088">
    <system-out><![CDATA[17:54:42.140 [main] INFO spoon.Launcher - Running in NOCLASSPATH mode (doc: http://spoon.gforge.inria.fr/launcher.html).
17:54:42.184 [main] INFO spoon.Launcher - Running in NOCLASSPATH mode (doc: http://spoon.gforge.inria.fr/launcher.html).
]]></system-out>
  </testcase>
  <testcase name="testAnnotationFilter" classname="spoon.test.filters.FilterTest" time="0.045">
    <system-out><![CDATA[17:54:42.234 [main] INFO spoon.Launcher - Running in NOCLASSPATH mode (doc: http://spoon.gforge.inria.fr/launcher.html).
]]></system-out>
  </testcase>
  <testcase name="testQueryInQuery" classname="spoon.test.filters.FilterTest" time="0.109">
    <system-out><![CDATA[17:54:42.281 [main] INFO spoon.Launcher - Running in NOCLASSPATH mode (doc: http://spoon.gforge.inria.fr/launcher.html).
17:54:42.324 [main] INFO spoon.Launcher - Running in NOCLASSPATH mode (doc: http://spoon.gforge.inria.fr/launcher.html).
17:54:42.324 [main] INFO spoon.Launcher - Running in NOCLASSPATH mode (doc: http://spoon.gforge.inria.fr/launcher.html).
]]></system-out>
  </testcase>
  <testcase name="filteredElementsAreOfTheCorrectType" classname="spoon.test.filters.FilterTest" time="0.097">
    <system-out><![CDATA[17:54:42.390 [main] INFO spoon.Launcher - Running in NOCLASSPATH mode (doc: http://spoon.gforge.inria.fr/launcher.html).
17:54:42.446 [main] INFO spoon.Launcher - Running in NOCLASSPATH mode (doc: http://spoon.gforge.inria.fr/launcher.html).
]]></system-out>
  </testcase>
  <testcase name="testOverriddenMethodFromAbstractClass" classname="spoon.test.filters.FilterTest" time="0.11">
    <system-out><![CDATA[17:54:42.488 [main] INFO spoon.Launcher - Running in NOCLASSPATH mode (doc: http://spoon.gforge.inria.fr/launcher.html).
17:54:42.538 [main] INFO spoon.Launcher - Running in NOCLASSPATH mode (doc: http://spoon.gforge.inria.fr/launcher.html).
17:54:42.539 [main] INFO spoon.Launcher - Running in NOCLASSPATH mode (doc: http://spoon.gforge.inria.fr/launcher.html).
]]></system-out>
  </testcase>
  <testcase name="testInvalidQueryStepFailurePolicyIgnore" classname="spoon.test.filters.FilterTest" time="0.1">
    <system-out><![CDATA[17:54:42.599 [main] INFO spoon.Launcher - Running in NOCLASSPATH mode (doc: http://spoon.gforge.inria.fr/launcher.html).
17:54:42.643 [main] INFO spoon.Launcher - Running in NOCLASSPATH mode (doc: http://spoon.gforge.inria.fr/launcher.html).
17:54:42.643 [main] INFO spoon.Launcher - Running in NOCLASSPATH mode (doc: http://spoon.gforge.inria.fr/launcher.html).
]]></system-out>
  </testcase>
  <testcase name="testElementMapFunction" classname="spoon.test.filters.FilterTest" time="0.112">
    <system-out><![CDATA[17:54:42.700 [main] INFO spoon.Launcher - Running in NOCLASSPATH mode (doc: http://spoon.gforge.inria.fr/launcher.html).
17:54:42.752 [main] INFO spoon.Launcher - Running in NOCLASSPATH mode (doc: http://spoon.gforge.inria.fr/launcher.html).
17:54:42.753 [main] INFO spoon.Launcher - Running in NOCLASSPATH mode (doc: http://spoon.gforge.inria.fr/launcher.html).
]]></system-out>
  </testcase>
  <testcase name="unionOfTwoFilters" classname="spoon.test.filters.FilterTest" time="0.112">
    <system-out><![CDATA[17:54:42.813 [main] INFO spoon.Launcher - Running in NOCLASSPATH mode (doc: http://spoon.gforge.inria.fr/launcher.html).
17:54:42.866 [main] INFO spoon.Launcher - Running in NOCLASSPATH mode (doc: http://spoon.gforge.inria.fr/launcher.html).
]]></system-out>
  </testcase>
  <testcase name="testFilterQueryStep" classname="spoon.test.filters.FilterTest" time="0.102">
    <system-out><![CDATA[17:54:42.930 [main] INFO spoon.Launcher - Running in NOCLASSPATH mode (doc: http://spoon.gforge.inria.fr/launcher.html).
17:54:42.973 [main] INFO spoon.Launcher - Running in NOCLASSPATH mode (doc: http://spoon.gforge.inria.fr/launcher.html).
17:54:42.973 [main] INFO spoon.Launcher - Running in NOCLASSPATH mode (doc: http://spoon.gforge.inria.fr/launcher.html).
]]></system-out>
  </testcase>
  <testcase name="classCastExceptionIsNotThrown" classname="spoon.test.filters.FilterTest" time="0.086">
    <system-out><![CDATA[17:54:43.040 [main] INFO spoon.Launcher - Running in NOCLASSPATH mode (doc: http://spoon.gforge.inria.fr/launcher.html).
17:54:43.081 [main] INFO spoon.Launcher - Running in NOCLASSPATH mode (doc: http://spoon.gforge.inria.fr/launcher.html).
]]></system-out>
  </testcase>
  <testcase name="testSubTypeFilter" classname="spoon.test.filters.FilterTest" time="0.104">
    <system-out><![CDATA[17:54:43.132 [main] INFO spoon.Launcher - Running in NOCLASSPATH mode (doc: http://spoon.gforge.inria.fr/launcher.html).
17:54:43.173 [main] INFO spoon.Launcher - Running in NOCLASSPATH mode (doc: http://spoon.gforge.inria.fr/launcher.html).
]]></system-out>
  </testcase>
  <testcase name="testInvalidQueryStep" classname="spoon.test.filters.FilterTest" time="0.103">
    <system-out><![CDATA[17:54:43.242 [main] INFO spoon.Launcher - Running in NOCLASSPATH mode (doc: http://spoon.gforge.inria.fr/launcher.html).
17:54:43.286 [main] INFO spoon.Launcher - Running in NOCLASSPATH mode (doc: http://spoon.gforge.inria.fr/launcher.html).
17:54:43.286 [main] INFO spoon.Launcher - Running in NOCLASSPATH mode (doc: http://spoon.gforge.inria.fr/launcher.html).
]]></system-out>
  </testcase>
  <testcase name="testElementMapConsumableFunction" classname="spoon.test.filters.FilterTest" time="0.098">
    <system-out><![CDATA[17:54:43.353 [main] INFO spoon.Launcher - Running in NOCLASSPATH mode (doc: http://spoon.gforge.inria.fr/launcher.html).
17:54:43.394 [main] INFO spoon.Launcher - Running in NOCLASSPATH mode (doc: http://spoon.gforge.inria.fr/launcher.html).
17:54:43.395 [main] INFO spoon.Launcher - Running in NOCLASSPATH mode (doc: http://spoon.gforge.inria.fr/launcher.html).
]]></system-out>
  </testcase>
  <testcase name="testOverriddenMethodFromSubClassOfInterface" classname="spoon.test.filters.FilterTest" time="0.102">
    <system-out><![CDATA[17:54:43.459 [main] INFO spoon.Launcher - Running in NOCLASSPATH mode (doc: http://spoon.gforge.inria.fr/launcher.html).
17:54:43.502 [main] INFO spoon.Launcher - Running in NOCLASSPATH mode (doc: http://spoon.gforge.inria.fr/launcher.html).
17:54:43.502 [main] INFO spoon.Launcher - Running in NOCLASSPATH mode (doc: http://spoon.gforge.inria.fr/launcher.html).
]]></system-out>
  </testcase>
  <testcase name="testOverridingMethodFromInterface" classname="spoon.test.filters.FilterTest" time="0.111">
    <system-out><![CDATA[17:54:43.569 [main] INFO spoon.Launcher - Running in NOCLASSPATH mode (doc: http://spoon.gforge.inria.fr/launcher.html).
17:54:43.611 [main] INFO spoon.Launcher - Running in NOCLASSPATH mode (doc: http://spoon.gforge.inria.fr/launcher.html).
17:54:43.612 [main] INFO spoon.Launcher - Running in NOCLASSPATH mode (doc: http://spoon.gforge.inria.fr/launcher.html).
]]></system-out>
  </testcase>
  <testcase name="testElementMapFunctionOtherContracts" classname="spoon.test.filters.FilterTest" time="0.041">
    <system-out><![CDATA[17:54:43.688 [main] INFO spoon.Launcher - Running in NOCLASSPATH mode (doc: http://spoon.gforge.inria.fr/launcher.html).
17:54:43.728 [main] INFO spoon.Launcher - Running in NOCLASSPATH mode (doc: http://spoon.gforge.inria.fr/launcher.html).
]]></system-out>
  </testcase>
  <testcase name="testNameFilterWithGenericType" classname="spoon.test.filters.FilterTest" time="0.083">
    <system-out><![CDATA[17:54:43.731 [main] INFO spoon.Launcher - Running in NOCLASSPATH mode (doc: http://spoon.gforge.inria.fr/launcher.html).
17:54:43.772 [main] INFO spoon.Launcher - Running in NOCLASSPATH mode (doc: http://spoon.gforge.inria.fr/launcher.html).
]]></system-out>
  </testcase>
  <testcase name="testReuseOfBaseQuery" classname="spoon.test.filters.FilterTest" time="0.113">
    <system-out><![CDATA[17:54:43.819 [main] INFO spoon.Launcher - Running in NOCLASSPATH mode (doc: http://spoon.gforge.inria.fr/launcher.html).
17:54:43.858 [main] INFO spoon.Launcher - Running in NOCLASSPATH mode (doc: http://spoon.gforge.inria.fr/launcher.html).
17:54:43.859 [main] INFO spoon.Launcher - Running in NOCLASSPATH mode (doc: http://spoon.gforge.inria.fr/launcher.html).
]]></system-out>
  </testcase>
  <testcase name="testQueryWithOptionalNumberOfInputs" classname="spoon.test.filters.FilterTest" time="0.107">
    <system-out><![CDATA[17:54:43.938 [main] INFO spoon.Launcher - Running in NOCLASSPATH mode (doc: http://spoon.gforge.inria.fr/launcher.html).
17:54:43.980 [main] INFO spoon.Launcher - Running in NOCLASSPATH mode (doc: http://spoon.gforge.inria.fr/launcher.html).
17:54:43.980 [main] INFO spoon.Launcher - Running in NOCLASSPATH mode (doc: http://spoon.gforge.inria.fr/launcher.html).
]]></system-out>
  </testcase>
  <testcase name="testQueryStepScannWithConsumer" classname="spoon.test.filters.FilterTest" time="0.119">
    <system-out><![CDATA[17:54:44.046 [main] INFO spoon.Launcher - Running in NOCLASSPATH mode (doc: http://spoon.gforge.inria.fr/launcher.html).
17:54:44.111 [main] INFO spoon.Launcher - Running in NOCLASSPATH mode (doc: http://spoon.gforge.inria.fr/launcher.html).
17:54:44.112 [main] INFO spoon.Launcher - Running in NOCLASSPATH mode (doc: http://spoon.gforge.inria.fr/launcher.html).
]]></system-out>
  </testcase>
  <testcase name="testFieldAccessFilter" classname="spoon.test.filters.FilterTest" time="0.083">
    <system-out><![CDATA[17:54:44.166 [main] INFO spoon.Launcher - Running in NOCLASSPATH mode (doc: http://spoon.gforge.inria.fr/launcher.html).
17:54:44.213 [main] INFO spoon.Launcher - Running in NOCLASSPATH mode (doc: http://spoon.gforge.inria.fr/launcher.html).
]]></system-out>
  </testcase>
  <testcase name="testOverriddenMethodsFromSubClassOfAbstractClass" classname="spoon.test.filters.FilterTest" time="0.104">
    <system-out><![CDATA[17:54:44.249 [main] INFO spoon.Launcher - Running in NOCLASSPATH mode (doc: http://spoon.gforge.inria.fr/launcher.html).
17:54:44.293 [main] INFO spoon.Launcher - Running in NOCLASSPATH mode (doc: http://spoon.gforge.inria.fr/launcher.html).
17:54:44.293 [main] INFO spoon.Launcher - Running in NOCLASSPATH mode (doc: http://spoon.gforge.inria.fr/launcher.html).
]]></system-out>
  </testcase>
  <testcase name="testFunctionQueryStep" classname="spoon.test.filters.FilterTest" time="0.107">
    <system-out><![CDATA[17:54:44.354 [main] INFO spoon.Launcher - Running in NOCLASSPATH mode (doc: http://spoon.gforge.inria.fr/launcher.html).
17:54:44.400 [main] INFO spoon.Launcher - Running in NOCLASSPATH mode (doc: http://spoon.gforge.inria.fr/launcher.html).
17:54:44.400 [main] INFO spoon.Launcher - Running in NOCLASSPATH mode (doc: http://spoon.gforge.inria.fr/launcher.html).
]]></system-out>
  </testcase>
  <testcase name="testOverriddenMethodFromInterface" classname="spoon.test.filters.FilterTest" time="0.101">
    <system-out><![CDATA[17:54:44.462 [main] INFO spoon.Launcher - Running in NOCLASSPATH mode (doc: http://spoon.gforge.inria.fr/launcher.html).
17:54:44.506 [main] INFO spoon.Launcher - Running in NOCLASSPATH mode (doc: http://spoon.gforge.inria.fr/launcher.html).
17:54:44.506 [main] INFO spoon.Launcher - Running in NOCLASSPATH mode (doc: http://spoon.gforge.inria.fr/launcher.html).
]]></system-out>
  </testcase>
</testsuite>