<?xml version="1.0" encoding="UTF-8"?>
<testsuite xmlns:xsi="http://www.w3.org/2001/XMLSchema-instance" xsi:noNamespaceSchemaLocation="https://maven.apache.org/surefire/maven-surefire-plugin/xsd/surefire-test-report-3.0.xsd" version="3.0" name="spoon.MavenLauncherTest" time="110.328" tests="12" errors="0" skipped="1" failures="0">
  <properties>
    <property name="awt.toolkit" value="sun.awt.X11.XToolkit"/>
    <property name="file.encoding.pkg" value="sun.io"/>
    <property name="java.specification.version" value="1.8"/>
    <property name="sun.cpu.isalist" value=""/>
    <property name="sun.jnu.encoding" value="UTF-8"/>
    <property name="java.class.path" value="/home/travis/.m2/repository/org/apache/maven/surefire/surefire-booter/3.0.0-M5/surefire-booter-3.0.0-M5.jar:/home/travis/.m2/repository/org/apache/maven/surefire/surefire-api/3.0.0-M5/surefire-api-3.0.0-M5.jar:/home/travis/.m2/repository/org/apache/maven/surefire/surefire-logger-api/3.0.0-M5/surefire-logger-api-3.0.0-M5.jar:/home/travis/.m2/repository/org/apache/maven/surefire/surefire-shared-utils/3.0.0-M4/surefire-shared-utils-3.0.0-M4.jar:/home/travis/.m2/repository/org/apache/maven/surefire/surefire-extensions-spi/3.0.0-M5/surefire-extensions-spi-3.0.0-M5.jar:/home/travis/build/SpoonLabs/spoon-ci-external/spoon/target/test-classes:/home/travis/build/SpoonLabs/spoon-ci-external/spoon/target/classes:/home/travis/.m2/repository/org/eclipse/jdt/org.eclipse.jdt.core/3.20.0/org.eclipse.jdt.core-3.20.0.jar:/home/travis/.m2/repository/com/martiansoftware/jsap/2.1/jsap-2.1.jar:/home/travis/.m2/repository/org/apache/logging/log4j/log4j-api/2.13.3/log4j-api-2.13.3.jar:/home/travis/.m2/repository/org/apache/logging/log4j/log4j-to-slf4j/2.13.3/log4j-to-slf4j-2.13.3.jar:/home/travis/.m2/repository/org/slf4j/slf4j-api/1.7.25/slf4j-api-1.7.25.jar:/home/travis/.m2/repository/commons-io/commons-io/2.7/commons-io-2.7.jar:/home/travis/.m2/repository/org/apache/maven/maven-model/3.6.3/maven-model-3.6.3.jar:/home/travis/.m2/repository/org/codehaus/plexus/plexus-utils/3.2.1/plexus-utils-3.2.1.jar:/home/travis/.m2/repository/org/apache/commons/commons-lang3/3.11/commons-lang3-3.11.jar:/home/travis/.m2/repository/org/tukaani/xz/1.8/xz-1.8.jar:/home/travis/.m2/repository/com/fasterxml/jackson/core/jackson-databind/2.11.2/jackson-databind-2.11.2.jar:/home/travis/.m2/repository/com/fasterxml/jackson/core/jackson-annotations/2.11.2/jackson-annotations-2.11.2.jar:/home/travis/.m2/repository/com/fasterxml/jackson/core/jackson-core/2.11.2/jackson-core-2.11.2.jar:/home/travis/.m2/repository/org/apache/commons/commons-compress/1.20/commons-compress-1.20.jar:/home/travis/.m2/repository/com/google/guava/guava/29.0-jre/guava-29.0-jre.jar:/home/travis/.m2/repository/com/google/guava/failureaccess/1.0.1/failureaccess-1.0.1.jar:/home/travis/.m2/repository/com/google/guava/listenablefuture/9999.0-empty-to-avoid-conflict-with-guava/listenablefuture-9999.0-empty-to-avoid-conflict-with-guava.jar:/home/travis/.m2/repository/com/google/code/findbugs/jsr305/3.0.2/jsr305-3.0.2.jar:/home/travis/.m2/repository/org/checkerframework/checker-qual/2.11.1/checker-qual-2.11.1.jar:/home/travis/.m2/repository/com/google/errorprone/error_prone_annotations/2.3.4/error_prone_annotations-2.3.4.jar:/home/travis/.m2/repository/com/google/j2objc/j2objc-annotations/1.3/j2objc-annotations-1.3.jar:/home/travis/.m2/repository/ch/qos/logback/logback-classic/1.2.3/logback-classic-1.2.3.jar:/home/travis/.m2/repository/ch/qos/logback/logback-core/1.2.3/logback-core-1.2.3.jar:/home/travis/.m2/repository/com/mysema/querydsl/querydsl-core/3.6.9/querydsl-core-3.6.9.jar:/home/travis/.m2/repository/org/apache/maven/shared/maven-invoker/3.0.1/maven-invoker-3.0.1.jar:/home/travis/.m2/repository/org/apache/maven/shared/maven-shared-utils/3.2.1/maven-shared-utils-3.2.1.jar:/home/travis/.m2/repository/org/codehaus/plexus/plexus-component-annotations/1.7.1/plexus-component-annotations-1.7.1.jar:/home/travis/.m2/repository/javax/validation/validation-api/2.0.1.Final/validation-api-2.0.1.Final.jar:/home/travis/.m2/repository/com/google/code/gson/gson/2.8.6/gson-2.8.6.jar:/home/travis/.m2/repository/org/junit/vintage/junit-vintage-engine/5.6.2/junit-vintage-engine-5.6.2.jar:/home/travis/.m2/repository/org/apiguardian/apiguardian-api/1.1.0/apiguardian-api-1.1.0.jar:/home/travis/.m2/repository/org/junit/platform/junit-platform-engine/1.6.2/junit-platform-engine-1.6.2.jar:/home/travis/.m2/repository/org/opentest4j/opentest4j/1.2.0/opentest4j-1.2.0.jar:/home/travis/.m2/repository/org/junit/platform/junit-platform-commons/1.6.2/junit-platform-commons-1.6.2.jar:/home/travis/.m2/repository/junit/junit/4.13/junit-4.13.jar:/home/travis/.m2/repository/org/hamcrest/hamcrest-core/1.3/hamcrest-core-1.3.jar:/home/travis/.m2/repository/org/mockito/mockito-core/3.4.6/mockito-core-3.4.6.jar:/home/travis/.m2/repository/net/bytebuddy/byte-buddy/1.10.13/byte-buddy-1.10.13.jar:/home/travis/.m2/repository/net/bytebuddy/byte-buddy-agent/1.10.13/byte-buddy-agent-1.10.13.jar:/home/travis/.m2/repository/org/objenesis/objenesis/2.6/objenesis-2.6.jar:/home/travis/.m2/repository/org/junit/jupiter/junit-jupiter-engine/5.6.2/junit-jupiter-engine-5.6.2.jar:/home/travis/.m2/repository/org/junit/jupiter/junit-jupiter-api/5.6.2/junit-jupiter-api-5.6.2.jar:/home/travis/.m2/repository/com/github/stefanbirkner/system-rules/1.19.0/system-rules-1.19.0.jar:/home/travis/.m2/repository/org/apache/maven/surefire/surefire-junit-platform/3.0.0-M5/surefire-junit-platform-3.0.0-M5.jar:/home/travis/.m2/repository/org/apache/maven/surefire/common-java5/3.0.0-M5/common-java5-3.0.0-M5.jar:/home/travis/.m2/repository/org/junit/platform/junit-platform-launcher/1.6.2/junit-platform-launcher-1.6.2.jar"/>
    <property name="java.vm.vendor" value="Private Build"/>
    <property name="sun.arch.data.model" value="64"/>
    <property name="java.vendor.url" value="http://java.oracle.com/"/>
    <property name="user.timezone" value="UTC"/>
    <property name="java.vm.specification.version" value="1.8"/>
    <property name="os.name" value="Linux"/>
    <property name="spoon.log.path" value="${java.io.tmpdir}/spoon-log.log"/>
    <property name="user.country" value="US"/>
    <property name="sun.java.launcher" value="SUN_STANDARD"/>
    <property name="sun.boot.library.path" value="/usr/lib/jvm/java-8-openjdk-amd64/jre/lib/amd64"/>
    <property name="sun.java.command" value="org.apache.maven.surefire.booter.ForkedBooter /home/travis/build/SpoonLabs/spoon-ci-external/spoon/target/surefire 2020-08-14T17-57-10_004-jvmRun1 surefire3378375894144819504tmp surefire_02107076249207243486tmp"/>
    <property name="surefire.test.class.path" value="/home/travis/build/SpoonLabs/spoon-ci-external/spoon/target/test-classes:/home/travis/build/SpoonLabs/spoon-ci-external/spoon/target/classes:/home/travis/.m2/repository/org/eclipse/jdt/org.eclipse.jdt.core/3.20.0/org.eclipse.jdt.core-3.20.0.jar:/home/travis/.m2/repository/com/martiansoftware/jsap/2.1/jsap-2.1.jar:/home/travis/.m2/repository/org/apache/logging/log4j/log4j-api/2.13.3/log4j-api-2.13.3.jar:/home/travis/.m2/repository/org/apache/logging/log4j/log4j-to-slf4j/2.13.3/log4j-to-slf4j-2.13.3.jar:/home/travis/.m2/repository/org/slf4j/slf4j-api/1.7.25/slf4j-api-1.7.25.jar:/home/travis/.m2/repository/commons-io/commons-io/2.7/commons-io-2.7.jar:/home/travis/.m2/repository/org/apache/maven/maven-model/3.6.3/maven-model-3.6.3.jar:/home/travis/.m2/repository/org/codehaus/plexus/plexus-utils/3.2.1/plexus-utils-3.2.1.jar:/home/travis/.m2/repository/org/apache/commons/commons-lang3/3.11/commons-lang3-3.11.jar:/home/travis/.m2/repository/org/tukaani/xz/1.8/xz-1.8.jar:/home/travis/.m2/repository/com/fasterxml/jackson/core/jackson-databind/2.11.2/jackson-databind-2.11.2.jar:/home/travis/.m2/repository/com/fasterxml/jackson/core/jackson-annotations/2.11.2/jackson-annotations-2.11.2.jar:/home/travis/.m2/repository/com/fasterxml/jackson/core/jackson-core/2.11.2/jackson-core-2.11.2.jar:/home/travis/.m2/repository/org/apache/commons/commons-compress/1.20/commons-compress-1.20.jar:/home/travis/.m2/repository/com/google/guava/guava/29.0-jre/guava-29.0-jre.jar:/home/travis/.m2/repository/com/google/guava/failureaccess/1.0.1/failureaccess-1.0.1.jar:/home/travis/.m2/repository/com/google/guava/listenablefuture/9999.0-empty-to-avoid-conflict-with-guava/listenablefuture-9999.0-empty-to-avoid-conflict-with-guava.jar:/home/travis/.m2/repository/com/google/code/findbugs/jsr305/3.0.2/jsr305-3.0.2.jar:/home/travis/.m2/repository/org/checkerframework/checker-qual/2.11.1/checker-qual-2.11.1.jar:/home/travis/.m2/repository/com/google/errorprone/error_prone_annotations/2.3.4/error_prone_annotations-2.3.4.jar:/home/travis/.m2/repository/com/google/j2objc/j2objc-annotations/1.3/j2objc-annotations-1.3.jar:/home/travis/.m2/repository/ch/qos/logback/logback-classic/1.2.3/logback-classic-1.2.3.jar:/home/travis/.m2/repository/ch/qos/logback/logback-core/1.2.3/logback-core-1.2.3.jar:/home/travis/.m2/repository/com/mysema/querydsl/querydsl-core/3.6.9/querydsl-core-3.6.9.jar:/home/travis/.m2/repository/org/apache/maven/shared/maven-invoker/3.0.1/maven-invoker-3.0.1.jar:/home/travis/.m2/repository/org/apache/maven/shared/maven-shared-utils/3.2.1/maven-shared-utils-3.2.1.jar:/home/travis/.m2/repository/org/codehaus/plexus/plexus-component-annotations/1.7.1/plexus-component-annotations-1.7.1.jar:/home/travis/.m2/repository/javax/validation/validation-api/2.0.1.Final/validation-api-2.0.1.Final.jar:/home/travis/.m2/repository/com/google/code/gson/gson/2.8.6/gson-2.8.6.jar:/home/travis/.m2/repository/org/junit/vintage/junit-vintage-engine/5.6.2/junit-vintage-engine-5.6.2.jar:/home/travis/.m2/repository/org/apiguardian/apiguardian-api/1.1.0/apiguardian-api-1.1.0.jar:/home/travis/.m2/repository/org/junit/platform/junit-platform-engine/1.6.2/junit-platform-engine-1.6.2.jar:/home/travis/.m2/repository/org/opentest4j/opentest4j/1.2.0/opentest4j-1.2.0.jar:/home/travis/.m2/repository/org/junit/platform/junit-platform-commons/1.6.2/junit-platform-commons-1.6.2.jar:/home/travis/.m2/repository/junit/junit/4.13/junit-4.13.jar:/home/travis/.m2/repository/org/hamcrest/hamcrest-core/1.3/hamcrest-core-1.3.jar:/home/travis/.m2/repository/org/mockito/mockito-core/3.4.6/mockito-core-3.4.6.jar:/home/travis/.m2/repository/net/bytebuddy/byte-buddy/1.10.13/byte-buddy-1.10.13.jar:/home/travis/.m2/repository/net/bytebuddy/byte-buddy-agent/1.10.13/byte-buddy-agent-1.10.13.jar:/home/travis/.m2/repository/org/objenesis/objenesis/2.6/objenesis-2.6.jar:/home/travis/.m2/repository/org/junit/jupiter/junit-jupiter-engine/5.6.2/junit-jupiter-engine-5.6.2.jar:/home/travis/.m2/repository/org/junit/jupiter/junit-jupiter-api/5.6.2/junit-jupiter-api-5.6.2.jar:/home/travis/.m2/repository/com/github/stefanbirkner/system-rules/1.19.0/system-rules-1.19.0.jar:"/>
    <property name="sun.cpu.endian" value="little"/>
    <property name="user.home" value="/home/travis"/>
    <property name="user.language" value="en"/>
    <property name="java.specification.vendor" value="Oracle Corporation"/>
    <property name="java.home" value="/usr/lib/jvm/java-8-openjdk-amd64/jre"/>
    <property name="basedir" value="/home/travis/build/SpoonLabs/spoon-ci-external/spoon"/>
    <property name="file.separator" value="/"/>
    <property name="line.separator" value="&#10;"/>
    <property name="java.vm.specification.vendor" value="Oracle Corporation"/>
    <property name="java.specification.name" value="Java Platform API Specification"/>
    <property name="java.awt.graphicsenv" value="sun.awt.X11GraphicsEnvironment"/>
    <property name="sun.boot.class.path" value="/usr/lib/jvm/java-8-openjdk-amd64/jre/lib/resources.jar:/usr/lib/jvm/java-8-openjdk-amd64/jre/lib/rt.jar:/usr/lib/jvm/java-8-openjdk-amd64/jre/lib/sunrsasign.jar:/usr/lib/jvm/java-8-openjdk-amd64/jre/lib/jsse.jar:/usr/lib/jvm/java-8-openjdk-amd64/jre/lib/jce.jar:/usr/lib/jvm/java-8-openjdk-amd64/jre/lib/charsets.jar:/usr/lib/jvm/java-8-openjdk-amd64/jre/lib/jfr.jar:/usr/lib/jvm/java-8-openjdk-amd64/jre/classes"/>
    <property name="sun.management.compiler" value="HotSpot 64-Bit Tiered Compilers"/>
    <property name="java.runtime.version" value="1.8.0_252-8u252-b09-1~16.04-b09"/>
    <property name="user.name" value="travis"/>
    <property name="path.separator" value=":"/>
    <property name="os.version" value="4.15.0-1077-gcp"/>
    <property name="java.endorsed.dirs" value="/usr/lib/jvm/java-8-openjdk-amd64/jre/lib/endorsed"/>
    <property name="java.runtime.name" value="OpenJDK Runtime Environment"/>
    <property name="file.encoding" value="UTF-8"/>
    <property name="java.vm.name" value="OpenJDK 64-Bit Server VM"/>
    <property name="localRepository" value="/home/travis/.m2/repository"/>
    <property name="java.vendor.url.bug" value="http://bugreport.sun.com/bugreport/"/>
    <property name="java.io.tmpdir" value="/tmp"/>
    <property name="java.version" value="1.8.0_252"/>
    <property name="user.dir" value="/home/travis/build/SpoonLabs/spoon-ci-external/spoon"/>
    <property name="os.arch" value="amd64"/>
    <property name="java.vm.specification.name" value="Java Virtual Machine Specification"/>
    <property name="java.awt.printerjob" value="sun.print.PSPrinterJob"/>
    <property name="sun.os.patch.level" value="unknown"/>
    <property name="java.library.path" value="/usr/java/packages/lib/amd64:/usr/lib/x86_64-linux-gnu/jni:/lib/x86_64-linux-gnu:/usr/lib/x86_64-linux-gnu:/usr/lib/jni:/lib:/usr/lib"/>
    <property name="java.vm.info" value="mixed mode"/>
    <property name="java.vendor" value="Private Build"/>
    <property name="java.vm.version" value="25.252-b09"/>
    <property name="java.ext.dirs" value="/usr/lib/jvm/java-8-openjdk-amd64/jre/lib/ext:/usr/java/packages/lib/ext"/>
    <property name="sun.io.unicode.encoding" value="UnicodeLittle"/>
    <property name="java.class.version" value="52.0"/>
  </properties>
  <testcase name="testForceRefresh" classname="spoon.MavenLauncherTest" time="9.171">
    <system-out><![CDATA[17:57:25.176 [main] INFO spoon.Launcher - Running in NOCLASSPATH mode (doc: http://spoon.gforge.inria.fr/launcher.html).
17:57:25.402 [main] INFO spoon.Launcher - Running in NOCLASSPATH mode (doc: http://spoon.gforge.inria.fr/launcher.html).
17:57:27.116 [Thread-3] DEBUG spoon.Launcher - [INFO] Scanning for projects...
17:57:27.191 [Thread-3] DEBUG spoon.Launcher - [WARNING] 
17:57:27.194 [Thread-3] DEBUG spoon.Launcher - [WARNING] Some problems were encountered while building the effective model for org.foo.bar:foobar:jar:1.0.0-SNAPSHOT
17:57:27.201 [Thread-3] DEBUG spoon.Launcher - [WARNING] 'dependencies.dependency.systemPath' for com.infradna.tool:bridge-method-annotation:jar should not point at files within the project directory, ${basedir}/lib/bridge-method-annotation-1.13.jar will be unresolvable by dependent projects @ line 18, column 25
17:57:27.201 [Thread-3] DEBUG spoon.Launcher - [WARNING] 
17:57:27.206 [Thread-3] DEBUG spoon.Launcher - [WARNING] It is highly recommended to fix these problems because they threaten the stability of your build.
17:57:27.206 [Thread-3] DEBUG spoon.Launcher - [WARNING] 
17:57:27.209 [Thread-3] DEBUG spoon.Launcher - [WARNING] For this reason, future Maven versions might no longer support building such malformed projects.
17:57:27.215 [Thread-3] DEBUG spoon.Launcher - [WARNING] 
17:57:27.608 [Thread-3] DEBUG spoon.Launcher - [INFO] Downloading from google-maven-central: https://maven-central.storage-download.googleapis.com/maven2/org/apache/maven/plugins/maven-clean-plugin/2.5/maven-clean-plugin-2.5.pom
17:57:27.978 [Thread-3] DEBUG spoon.Launcher - [INFO] Downloaded from google-maven-central: https://maven-central.storage-download.googleapis.com/maven2/org/apache/maven/plugins/maven-clean-plugin/2.5/maven-clean-plugin-2.5.pom (3.9 kB at 10 kB/s)
17:57:28.120 [Thread-3] DEBUG spoon.Launcher - [INFO] Downloading from google-maven-central: https://maven-central.storage-download.googleapis.com/maven2/org/apache/maven/plugins/maven-clean-plugin/2.5/maven-clean-plugin-2.5.jar
17:57:28.153 [Thread-3] DEBUG spoon.Launcher - [INFO] Downloaded from google-maven-central: https://maven-central.storage-download.googleapis.com/maven2/org/apache/maven/plugins/maven-clean-plugin/2.5/maven-clean-plugin-2.5.jar (25 kB at 821 kB/s)
17:57:28.218 [Thread-3] DEBUG spoon.Launcher - [INFO] Downloading from google-maven-central: https://maven-central.storage-download.googleapis.com/maven2/org/apache/maven/plugins/maven-compiler-plugin/3.1/maven-compiler-plugin-3.1.pom
17:57:28.232 [Thread-3] DEBUG spoon.Launcher - [INFO] Downloaded from google-maven-central: https://maven-central.storage-download.googleapis.com/maven2/org/apache/maven/plugins/maven-compiler-plugin/3.1/maven-compiler-plugin-3.1.pom (10 kB at 729 kB/s)
17:57:28.238 [Thread-3] DEBUG spoon.Launcher - [INFO] Downloading from google-maven-central: https://maven-central.storage-download.googleapis.com/maven2/org/apache/maven/plugins/maven-plugins/24/maven-plugins-24.pom
17:57:28.252 [Thread-3] DEBUG spoon.Launcher - [INFO] Downloaded from google-maven-central: https://maven-central.storage-download.googleapis.com/maven2/org/apache/maven/plugins/maven-plugins/24/maven-plugins-24.pom (11 kB at 772 kB/s)
17:57:28.268 [Thread-3] DEBUG spoon.Launcher - [INFO] Downloading from google-maven-central: https://maven-central.storage-download.googleapis.com/maven2/org/apache/maven/plugins/maven-compiler-plugin/3.1/maven-compiler-plugin-3.1.jar
17:57:28.290 [Thread-3] DEBUG spoon.Launcher - [INFO] Downloaded from google-maven-central: https://maven-central.storage-download.googleapis.com/maven2/org/apache/maven/plugins/maven-compiler-plugin/3.1/maven-compiler-plugin-3.1.jar (43 kB at 2.3 MB/s)
17:57:28.311 [Thread-3] DEBUG spoon.Launcher - [INFO] Downloading from google-maven-central: https://maven-central.storage-download.googleapis.com/maven2/org/apache/maven/plugins/maven-surefire-plugin/2.12.4/maven-surefire-plugin-2.12.4.pom
17:57:28.328 [Thread-3] DEBUG spoon.Launcher - [INFO] Downloaded from google-maven-central: https://maven-central.storage-download.googleapis.com/maven2/org/apache/maven/plugins/maven-surefire-plugin/2.12.4/maven-surefire-plugin-2.12.4.pom (10 kB at 698 kB/s)
17:57:28.337 [Thread-3] DEBUG spoon.Launcher - [INFO] Downloading from google-maven-central: https://maven-central.storage-download.googleapis.com/maven2/org/apache/maven/surefire/surefire/2.12.4/surefire-2.12.4.pom
17:57:28.361 [Thread-3] DEBUG spoon.Launcher - [INFO] Downloaded from google-maven-central: https://maven-central.storage-download.googleapis.com/maven2/org/apache/maven/surefire/surefire/2.12.4/surefire-2.12.4.pom (14 kB at 600 kB/s)
17:57:28.381 [Thread-3] DEBUG spoon.Launcher - [INFO] Downloading from google-maven-central: https://maven-central.storage-download.googleapis.com/maven2/org/apache/maven/plugins/maven-surefire-plugin/2.12.4/maven-surefire-plugin-2.12.4.jar
17:57:28.427 [Thread-3] DEBUG spoon.Launcher - [INFO] Downloaded from google-maven-central: https://maven-central.storage-download.googleapis.com/maven2/org/apache/maven/plugins/maven-surefire-plugin/2.12.4/maven-surefire-plugin-2.12.4.jar (30 kB at 952 kB/s)
17:57:28.449 [Thread-3] DEBUG spoon.Launcher - [INFO] Downloading from google-maven-central: https://maven-central.storage-download.googleapis.com/maven2/org/apache/maven/plugins/maven-install-plugin/2.4/maven-install-plugin-2.4.pom
17:57:28.470 [Thread-3] DEBUG spoon.Launcher - [INFO] Downloaded from google-maven-central: https://maven-central.storage-download.googleapis.com/maven2/org/apache/maven/plugins/maven-install-plugin/2.4/maven-install-plugin-2.4.pom (6.4 kB at 290 kB/s)
17:57:28.485 [Thread-3] DEBUG spoon.Launcher - [INFO] Downloading from google-maven-central: https://maven-central.storage-download.googleapis.com/maven2/org/apache/maven/plugins/maven-install-plugin/2.4/maven-install-plugin-2.4.jar
17:57:28.505 [Thread-3] DEBUG spoon.Launcher - [INFO] Downloaded from google-maven-central: https://maven-central.storage-download.googleapis.com/maven2/org/apache/maven/plugins/maven-install-plugin/2.4/maven-install-plugin-2.4.jar (27 kB at 1.3 MB/s)
17:57:28.513 [Thread-3] DEBUG spoon.Launcher - [INFO] Downloading from google-maven-central: https://maven-central.storage-download.googleapis.com/maven2/org/apache/maven/plugins/maven-deploy-plugin/2.7/maven-deploy-plugin-2.7.pom
17:57:28.529 [Thread-3] DEBUG spoon.Launcher - [INFO] Downloaded from google-maven-central: https://maven-central.storage-download.googleapis.com/maven2/org/apache/maven/plugins/maven-deploy-plugin/2.7/maven-deploy-plugin-2.7.pom (5.6 kB at 351 kB/s)
17:57:28.542 [Thread-3] DEBUG spoon.Launcher - [INFO] Downloading from google-maven-central: https://maven-central.storage-download.googleapis.com/maven2/org/apache/maven/plugins/maven-deploy-plugin/2.7/maven-deploy-plugin-2.7.jar
17:57:28.556 [Thread-3] DEBUG spoon.Launcher - [INFO] Downloaded from google-maven-central: https://maven-central.storage-download.googleapis.com/maven2/org/apache/maven/plugins/maven-deploy-plugin/2.7/maven-deploy-plugin-2.7.jar (27 kB at 1.5 MB/s)
17:57:28.561 [Thread-3] DEBUG spoon.Launcher - [INFO] Downloading from google-maven-central: https://maven-central.storage-download.googleapis.com/maven2/org/apache/maven/plugins/maven-site-plugin/3.3/maven-site-plugin-3.3.pom
17:57:28.578 [Thread-3] DEBUG spoon.Launcher - [INFO] Downloaded from google-maven-central: https://maven-central.storage-download.googleapis.com/maven2/org/apache/maven/plugins/maven-site-plugin/3.3/maven-site-plugin-3.3.pom (21 kB at 1.3 MB/s)
17:57:28.587 [Thread-3] DEBUG spoon.Launcher - [INFO] Downloading from google-maven-central: https://maven-central.storage-download.googleapis.com/maven2/org/apache/maven/plugins/maven-site-plugin/3.3/maven-site-plugin-3.3.jar
17:57:28.611 [Thread-3] DEBUG spoon.Launcher - [INFO] Downloaded from google-maven-central: https://maven-central.storage-download.googleapis.com/maven2/org/apache/maven/plugins/maven-site-plugin/3.3/maven-site-plugin-3.3.jar (124 kB at 5.9 MB/s)
17:57:28.625 [Thread-3] DEBUG spoon.Launcher - [INFO] Downloading from google-maven-central: https://maven-central.storage-download.googleapis.com/maven2/org/apache/maven/plugins/maven-antrun-plugin/1.3/maven-antrun-plugin-1.3.pom
17:57:28.636 [Thread-3] DEBUG spoon.Launcher - [INFO] Downloaded from google-maven-central: https://maven-central.storage-download.googleapis.com/maven2/org/apache/maven/plugins/maven-antrun-plugin/1.3/maven-antrun-plugin-1.3.pom (4.7 kB at 526 kB/s)
17:57:28.644 [Thread-3] DEBUG spoon.Launcher - [INFO] Downloading from google-maven-central: https://maven-central.storage-download.googleapis.com/maven2/org/apache/maven/plugins/maven-plugins/12/maven-plugins-12.pom
17:57:28.666 [Thread-3] DEBUG spoon.Launcher - [INFO] Downloaded from google-maven-central: https://maven-central.storage-download.googleapis.com/maven2/org/apache/maven/plugins/maven-plugins/12/maven-plugins-12.pom (12 kB at 534 kB/s)
17:57:28.670 [Thread-3] DEBUG spoon.Launcher - [INFO] Downloading from google-maven-central: https://maven-central.storage-download.googleapis.com/maven2/org/apache/maven/maven-parent/9/maven-parent-9.pom
17:57:28.680 [Thread-3] DEBUG spoon.Launcher - [INFO] Downloaded from google-maven-central: https://maven-central.storage-download.googleapis.com/maven2/org/apache/maven/maven-parent/9/maven-parent-9.pom (33 kB at 3.0 MB/s)
17:57:28.688 [Thread-3] DEBUG spoon.Launcher - [INFO] Downloading from google-maven-central: https://maven-central.storage-download.googleapis.com/maven2/org/apache/maven/plugins/maven-antrun-plugin/1.3/maven-antrun-plugin-1.3.jar
17:57:28.702 [Thread-3] DEBUG spoon.Launcher - [INFO] Downloaded from google-maven-central: https://maven-central.storage-download.googleapis.com/maven2/org/apache/maven/plugins/maven-antrun-plugin/1.3/maven-antrun-plugin-1.3.jar (24 kB at 1.8 MB/s)
17:57:28.713 [Thread-3] DEBUG spoon.Launcher - [INFO] Downloading from google-maven-central: https://maven-central.storage-download.googleapis.com/maven2/org/apache/maven/plugins/maven-assembly-plugin/2.2-beta-5/maven-assembly-plugin-2.2-beta-5.pom
17:57:28.722 [Thread-3] DEBUG spoon.Launcher - [INFO] Downloaded from google-maven-central: https://maven-central.storage-download.googleapis.com/maven2/org/apache/maven/plugins/maven-assembly-plugin/2.2-beta-5/maven-assembly-plugin-2.2-beta-5.pom (15 kB at 1.7 MB/s)
17:57:28.733 [Thread-3] DEBUG spoon.Launcher - [INFO] Downloading from google-maven-central: https://maven-central.storage-download.googleapis.com/maven2/org/apache/maven/plugins/maven-plugins/16/maven-plugins-16.pom
17:57:28.744 [Thread-3] DEBUG spoon.Launcher - [INFO] Downloaded from google-maven-central: https://maven-central.storage-download.googleapis.com/maven2/org/apache/maven/plugins/maven-plugins/16/maven-plugins-16.pom (13 kB at 1.3 MB/s)
17:57:28.757 [Thread-3] DEBUG spoon.Launcher - [INFO] Downloading from google-maven-central: https://maven-central.storage-download.googleapis.com/maven2/org/apache/maven/plugins/maven-assembly-plugin/2.2-beta-5/maven-assembly-plugin-2.2-beta-5.jar
17:57:28.792 [Thread-3] DEBUG spoon.Launcher - [INFO] Downloaded from google-maven-central: https://maven-central.storage-download.googleapis.com/maven2/org/apache/maven/plugins/maven-assembly-plugin/2.2-beta-5/maven-assembly-plugin-2.2-beta-5.jar (209 kB at 6.1 MB/s)
17:57:28.804 [Thread-3] DEBUG spoon.Launcher - [INFO] Downloading from google-maven-central: https://maven-central.storage-download.googleapis.com/maven2/org/apache/maven/plugins/maven-dependency-plugin/2.8/maven-dependency-plugin-2.8.pom
17:57:28.813 [Thread-3] DEBUG spoon.Launcher - [INFO] Downloaded from google-maven-central: https://maven-central.storage-download.googleapis.com/maven2/org/apache/maven/plugins/maven-dependency-plugin/2.8/maven-dependency-plugin-2.8.pom (11 kB at 1.0 MB/s)
17:57:28.837 [Thread-3] DEBUG spoon.Launcher - [INFO] Downloading from google-maven-central: https://maven-central.storage-download.googleapis.com/maven2/org/apache/maven/plugins/maven-dependency-plugin/2.8/maven-dependency-plugin-2.8.jar
17:57:28.860 [Thread-3] DEBUG spoon.Launcher - [INFO] Downloaded from google-maven-central: https://maven-central.storage-download.googleapis.com/maven2/org/apache/maven/plugins/maven-dependency-plugin/2.8/maven-dependency-plugin-2.8.jar (153 kB at 4.3 MB/s)
17:57:28.882 [Thread-3] DEBUG spoon.Launcher - [INFO] 
17:57:28.882 [Thread-3] DEBUG spoon.Launcher - [INFO] -------------------------< org.foo.bar:foobar >-------------------------
17:57:28.882 [Thread-3] DEBUG spoon.Launcher - [INFO] Building foobar 1.0.0-SNAPSHOT
17:57:28.882 [Thread-3] DEBUG spoon.Launcher - [INFO] --------------------------------[ jar ]---------------------------------
17:57:28.908 [Thread-3] DEBUG spoon.Launcher - [INFO] 
17:57:28.909 [Thread-3] DEBUG spoon.Launcher - [INFO] --- maven-dependency-plugin:2.8:build-classpath (default-cli) @ foobar ---
17:57:28.928 [Thread-3] DEBUG spoon.Launcher - [INFO] Downloading from google-maven-central: https://maven-central.storage-download.googleapis.com/maven2/org/apache/maven/maven-artifact/2.0.9/maven-artifact-2.0.9.pom
17:57:28.946 [Thread-3] DEBUG spoon.Launcher - [INFO] Downloaded from google-maven-central: https://maven-central.storage-download.googleapis.com/maven2/org/apache/maven/maven-artifact/2.0.9/maven-artifact-2.0.9.pom (1.6 kB at 90 kB/s)
17:57:28.950 [Thread-3] DEBUG spoon.Launcher - [INFO] Downloading from google-maven-central: https://maven-central.storage-download.googleapis.com/maven2/org/apache/maven/maven/2.0.9/maven-2.0.9.pom
17:57:28.958 [Thread-3] DEBUG spoon.Launcher - [INFO] Downloaded from google-maven-central: https://maven-central.storage-download.googleapis.com/maven2/org/apache/maven/maven/2.0.9/maven-2.0.9.pom (19 kB at 2.4 MB/s)
17:57:28.962 [Thread-3] DEBUG spoon.Launcher - [INFO] Downloading from google-maven-central: https://maven-central.storage-download.googleapis.com/maven2/org/apache/maven/maven-parent/8/maven-parent-8.pom
17:57:28.982 [Thread-3] DEBUG spoon.Launcher - [INFO] Downloaded from google-maven-central: https://maven-central.storage-download.googleapis.com/maven2/org/apache/maven/maven-parent/8/maven-parent-8.pom (24 kB at 1.9 MB/s)
17:57:29.000 [Thread-3] DEBUG spoon.Launcher - [INFO] Downloading from google-maven-central: https://maven-central.storage-download.googleapis.com/maven2/org/codehaus/plexus/plexus-utils/1.5.1/plexus-utils-1.5.1.pom
17:57:29.016 [Thread-3] DEBUG spoon.Launcher - [INFO] Downloaded from google-maven-central: https://maven-central.storage-download.googleapis.com/maven2/org/codehaus/plexus/plexus-utils/1.5.1/plexus-utils-1.5.1.pom (2.3 kB at 153 kB/s)
17:57:29.029 [Thread-3] DEBUG spoon.Launcher - [INFO] Downloading from google-maven-central: https://maven-central.storage-download.googleapis.com/maven2/org/apache/maven/maven-plugin-api/2.0.9/maven-plugin-api-2.0.9.pom
17:57:29.039 [Thread-3] DEBUG spoon.Launcher - [INFO] Downloaded from google-maven-central: https://maven-central.storage-download.googleapis.com/maven2/org/apache/maven/maven-plugin-api/2.0.9/maven-plugin-api-2.0.9.pom (1.5 kB at 149 kB/s)
17:57:29.051 [Thread-3] DEBUG spoon.Launcher - [INFO] Downloading from google-maven-central: https://maven-central.storage-download.googleapis.com/maven2/org/apache/maven/maven-project/2.0.9/maven-project-2.0.9.pom
17:57:29.058 [Thread-3] DEBUG spoon.Launcher - [INFO] Downloaded from google-maven-central: https://maven-central.storage-download.googleapis.com/maven2/org/apache/maven/maven-project/2.0.9/maven-project-2.0.9.pom (2.7 kB at 339 kB/s)
17:57:29.063 [Thread-3] DEBUG spoon.Launcher - [INFO] Downloading from google-maven-central: https://maven-central.storage-download.googleapis.com/maven2/org/apache/maven/maven-settings/2.0.9/maven-settings-2.0.9.pom
17:57:29.075 [Thread-3] DEBUG spoon.Launcher - [INFO] Downloaded from google-maven-central: https://maven-central.storage-download.googleapis.com/maven2/org/apache/maven/maven-settings/2.0.9/maven-settings-2.0.9.pom (2.1 kB at 187 kB/s)
17:57:29.081 [Thread-3] DEBUG spoon.Launcher - [INFO] Downloading from google-maven-central: https://maven-central.storage-download.googleapis.com/maven2/org/apache/maven/maven-model/2.0.9/maven-model-2.0.9.pom
17:57:29.096 [Thread-3] DEBUG spoon.Launcher - [INFO] Downloaded from google-maven-central: https://maven-central.storage-download.googleapis.com/maven2/org/apache/maven/maven-model/2.0.9/maven-model-2.0.9.pom (3.1 kB at 196 kB/s)
17:57:29.128 [Thread-3] DEBUG spoon.Launcher - [INFO] Downloading from google-maven-central: https://maven-central.storage-download.googleapis.com/maven2/org/apache/maven/maven-profile/2.0.9/maven-profile-2.0.9.pom
17:57:29.135 [Thread-3] DEBUG spoon.Launcher - [INFO] Downloaded from google-maven-central: https://maven-central.storage-download.googleapis.com/maven2/org/apache/maven/maven-profile/2.0.9/maven-profile-2.0.9.pom (2.0 kB at 256 kB/s)
17:57:29.142 [Thread-3] DEBUG spoon.Launcher - [INFO] Downloading from google-maven-central: https://maven-central.storage-download.googleapis.com/maven2/org/apache/maven/maven-artifact-manager/2.0.9/maven-artifact-manager-2.0.9.pom
17:57:29.155 [Thread-3] DEBUG spoon.Launcher - [INFO] Downloaded from google-maven-central: https://maven-central.storage-download.googleapis.com/maven2/org/apache/maven/maven-artifact-manager/2.0.9/maven-artifact-manager-2.0.9.pom (2.7 kB at 193 kB/s)
17:57:29.162 [Thread-3] DEBUG spoon.Launcher - [INFO] Downloading from google-maven-central: https://maven-central.storage-download.googleapis.com/maven2/org/apache/maven/maven-repository-metadata/2.0.9/maven-repository-metadata-2.0.9.pom
17:57:29.171 [Thread-3] DEBUG spoon.Launcher - [INFO] Downloaded from google-maven-central: https://maven-central.storage-download.googleapis.com/maven2/org/apache/maven/maven-repository-metadata/2.0.9/maven-repository-metadata-2.0.9.pom (1.9 kB at 211 kB/s)
17:57:29.182 [Thread-3] DEBUG spoon.Launcher - [INFO] Downloading from google-maven-central: https://maven-central.storage-download.googleapis.com/maven2/org/apache/maven/maven-plugin-registry/2.0.9/maven-plugin-registry-2.0.9.pom
17:57:29.193 [Thread-3] DEBUG spoon.Launcher - [INFO] Downloaded from google-maven-central: https://maven-central.storage-download.googleapis.com/maven2/org/apache/maven/maven-plugin-registry/2.0.9/maven-plugin-registry-2.0.9.pom (2.0 kB at 123 kB/s)
17:57:29.209 [Thread-3] DEBUG spoon.Launcher - [INFO] Downloading from google-maven-central: https://maven-central.storage-download.googleapis.com/maven2/org/apache/maven/maven-core/2.0.9/maven-core-2.0.9.pom
17:57:29.216 [Thread-3] DEBUG spoon.Launcher - [INFO] Downloaded from google-maven-central: https://maven-central.storage-download.googleapis.com/maven2/org/apache/maven/maven-core/2.0.9/maven-core-2.0.9.pom (7.8 kB at 1.1 MB/s)
17:57:29.222 [Thread-3] DEBUG spoon.Launcher - [INFO] Downloading from google-maven-central: https://maven-central.storage-download.googleapis.com/maven2/org/apache/maven/maven-plugin-parameter-documenter/2.0.9/maven-plugin-parameter-documenter-2.0.9.pom
17:57:29.229 [Thread-3] DEBUG spoon.Launcher - [INFO] Downloaded from google-maven-central: https://maven-central.storage-download.googleapis.com/maven2/org/apache/maven/maven-plugin-parameter-documenter/2.0.9/maven-plugin-parameter-documenter-2.0.9.pom (2.0 kB at 327 kB/s)
17:57:29.235 [Thread-3] DEBUG spoon.Launcher - [INFO] Downloading from google-maven-central: https://maven-central.storage-download.googleapis.com/maven2/org/apache/maven/reporting/maven-reporting-api/2.0.9/maven-reporting-api-2.0.9.pom
17:57:29.331 [Thread-3] DEBUG spoon.Launcher - [INFO] Downloaded from google-maven-central: https://maven-central.storage-download.googleapis.com/maven2/org/apache/maven/reporting/maven-reporting-api/2.0.9/maven-reporting-api-2.0.9.pom (1.8 kB at 19 kB/s)
17:57:29.334 [Thread-3] DEBUG spoon.Launcher - [INFO] Downloading from google-maven-central: https://maven-central.storage-download.googleapis.com/maven2/org/apache/maven/reporting/maven-reporting/2.0.9/maven-reporting-2.0.9.pom
17:57:29.387 [Thread-3] DEBUG spoon.Launcher - [INFO] Downloaded from google-maven-central: https://maven-central.storage-download.googleapis.com/maven2/org/apache/maven/reporting/maven-reporting/2.0.9/maven-reporting-2.0.9.pom (1.5 kB at 28 kB/s)
17:57:29.394 [Thread-3] DEBUG spoon.Launcher - [INFO] Downloading from google-maven-central: https://maven-central.storage-download.googleapis.com/maven2/org/apache/maven/doxia/doxia-sink-api/1.0-alpha-10/doxia-sink-api-1.0-alpha-10.pom
17:57:29.512 [Thread-3] DEBUG spoon.Launcher - [INFO] Downloaded from google-maven-central: https://maven-central.storage-download.googleapis.com/maven2/org/apache/maven/doxia/doxia-sink-api/1.0-alpha-10/doxia-sink-api-1.0-alpha-10.pom (1.3 kB at 11 kB/s)
17:57:29.515 [Thread-3] DEBUG spoon.Launcher - [INFO] Downloading from google-maven-central: https://maven-central.storage-download.googleapis.com/maven2/org/apache/maven/doxia/doxia/1.0-alpha-10/doxia-1.0-alpha-10.pom
17:57:29.598 [Thread-3] DEBUG spoon.Launcher - [INFO] Downloaded from google-maven-central: https://maven-central.storage-download.googleapis.com/maven2/org/apache/maven/doxia/doxia/1.0-alpha-10/doxia-1.0-alpha-10.pom (9.2 kB at 110 kB/s)
17:57:29.602 [Thread-3] DEBUG spoon.Launcher - [INFO] Downloading from google-maven-central: https://maven-central.storage-download.googleapis.com/maven2/org/apache/maven/maven-parent/6/maven-parent-6.pom
17:57:29.615 [Thread-3] DEBUG spoon.Launcher - [INFO] Downloaded from google-maven-central: https://maven-central.storage-download.googleapis.com/maven2/org/apache/maven/maven-parent/6/maven-parent-6.pom (20 kB at 1.7 MB/s)
17:57:29.627 [Thread-3] DEBUG spoon.Launcher - [INFO] Downloading from google-maven-central: https://maven-central.storage-download.googleapis.com/maven2/org/apache/maven/maven-error-diagnostics/2.0.9/maven-error-diagnostics-2.0.9.pom
17:57:29.633 [Thread-3] DEBUG spoon.Launcher - [INFO] Downloaded from google-maven-central: https://maven-central.storage-download.googleapis.com/maven2/org/apache/maven/maven-error-diagnostics/2.0.9/maven-error-diagnostics-2.0.9.pom (1.7 kB at 291 kB/s)
17:57:29.649 [Thread-3] DEBUG spoon.Launcher - [INFO] Downloading from google-maven-central: https://maven-central.storage-download.googleapis.com/maven2/org/apache/maven/maven-plugin-descriptor/2.0.9/maven-plugin-descriptor-2.0.9.pom
17:57:29.655 [Thread-3] DEBUG spoon.Launcher - [INFO] Downloaded from google-maven-central: https://maven-central.storage-download.googleapis.com/maven2/org/apache/maven/maven-plugin-descriptor/2.0.9/maven-plugin-descriptor-2.0.9.pom (2.1 kB at 346 kB/s)
17:57:29.663 [Thread-3] DEBUG spoon.Launcher - [INFO] Downloading from google-maven-central: https://maven-central.storage-download.googleapis.com/maven2/org/apache/maven/maven-monitor/2.0.9/maven-monitor-2.0.9.pom
17:57:29.669 [Thread-3] DEBUG spoon.Launcher - [INFO] Downloaded from google-maven-central: https://maven-central.storage-download.googleapis.com/maven2/org/apache/maven/maven-monitor/2.0.9/maven-monitor-2.0.9.pom (1.3 kB at 184 kB/s)
17:57:29.676 [Thread-3] DEBUG spoon.Launcher - [INFO] Downloading from google-maven-central: https://maven-central.storage-download.googleapis.com/maven2/org/apache/maven/reporting/maven-reporting-api/3.0/maven-reporting-api-3.0.pom
17:57:29.683 [Thread-3] DEBUG spoon.Launcher - [INFO] Downloaded from google-maven-central: https://maven-central.storage-download.googleapis.com/maven2/org/apache/maven/reporting/maven-reporting-api/3.0/maven-reporting-api-3.0.pom (2.4 kB at 396 kB/s)
17:57:29.686 [Thread-3] DEBUG spoon.Launcher - [INFO] Downloading from google-maven-central: https://maven-central.storage-download.googleapis.com/maven2/org/apache/maven/shared/maven-shared-components/15/maven-shared-components-15.pom
17:57:29.704 [Thread-3] DEBUG spoon.Launcher - [INFO] Downloaded from google-maven-central: https://maven-central.storage-download.googleapis.com/maven2/org/apache/maven/shared/maven-shared-components/15/maven-shared-components-15.pom (9.3 kB at 519 kB/s)
17:57:29.710 [Thread-3] DEBUG spoon.Launcher - [INFO] Downloading from google-maven-central: https://maven-central.storage-download.googleapis.com/maven2/org/apache/maven/maven-parent/16/maven-parent-16.pom
17:57:29.722 [Thread-3] DEBUG spoon.Launcher - [INFO] Downloaded from google-maven-central: https://maven-central.storage-download.googleapis.com/maven2/org/apache/maven/maven-parent/16/maven-parent-16.pom (23 kB at 2.1 MB/s)
17:57:29.736 [Thread-3] DEBUG spoon.Launcher - [INFO] Downloading from google-maven-central: https://maven-central.storage-download.googleapis.com/maven2/org/apache/maven/doxia/doxia-sink-api/1.0/doxia-sink-api-1.0.pom
17:57:29.748 [Thread-3] DEBUG spoon.Launcher - [INFO] Downloaded from google-maven-central: https://maven-central.storage-download.googleapis.com/maven2/org/apache/maven/doxia/doxia-sink-api/1.0/doxia-sink-api-1.0.pom (1.4 kB at 107 kB/s)
17:57:29.751 [Thread-3] DEBUG spoon.Launcher - [INFO] Downloading from google-maven-central: https://maven-central.storage-download.googleapis.com/maven2/org/apache/maven/doxia/doxia/1.0/doxia-1.0.pom
17:57:29.763 [Thread-3] DEBUG spoon.Launcher - [INFO] Downloaded from google-maven-central: https://maven-central.storage-download.googleapis.com/maven2/org/apache/maven/doxia/doxia/1.0/doxia-1.0.pom (9.6 kB at 877 kB/s)
17:57:29.771 [Thread-3] DEBUG spoon.Launcher - [INFO] Downloading from google-maven-central: https://maven-central.storage-download.googleapis.com/maven2/org/apache/maven/reporting/maven-reporting-impl/2.0.5/maven-reporting-impl-2.0.5.pom
17:57:29.847 [Thread-3] DEBUG spoon.Launcher - [INFO] Downloaded from google-maven-central: https://maven-central.storage-download.googleapis.com/maven2/org/apache/maven/reporting/maven-reporting-impl/2.0.5/maven-reporting-impl-2.0.5.pom (4.2 kB at 56 kB/s)
17:57:29.885 [Thread-3] DEBUG spoon.Launcher - [INFO] Downloading from google-maven-central: https://maven-central.storage-download.googleapis.com/maven2/org/apache/maven/doxia/doxia-core/1.0/doxia-core-1.0.pom
17:57:29.894 [Thread-3] DEBUG spoon.Launcher - [INFO] Downloaded from google-maven-central: https://maven-central.storage-download.googleapis.com/maven2/org/apache/maven/doxia/doxia-core/1.0/doxia-core-1.0.pom (2.4 kB at 218 kB/s)
17:57:29.901 [Thread-3] DEBUG spoon.Launcher - [INFO] Downloading from google-maven-central: https://maven-central.storage-download.googleapis.com/maven2/org/codehaus/plexus/plexus-utils/1.5.7/plexus-utils-1.5.7.pom
17:57:29.908 [Thread-3] DEBUG spoon.Launcher - [INFO] Downloaded from google-maven-central: https://maven-central.storage-download.googleapis.com/maven2/org/codehaus/plexus/plexus-utils/1.5.7/plexus-utils-1.5.7.pom (8.1 kB at 1.2 MB/s)
17:57:29.914 [Thread-3] DEBUG spoon.Launcher - [INFO] Downloading from google-maven-central: https://maven-central.storage-download.googleapis.com/maven2/org/codehaus/plexus/plexus-container-default/1.0-alpha-30/plexus-container-default-1.0-alpha-30.pom
17:57:29.924 [Thread-3] DEBUG spoon.Launcher - [INFO] Downloaded from google-maven-central: https://maven-central.storage-download.googleapis.com/maven2/org/codehaus/plexus/plexus-container-default/1.0-alpha-30/plexus-container-default-1.0-alpha-30.pom (3.5 kB at 316 kB/s)
17:57:29.927 [Thread-3] DEBUG spoon.Launcher - [INFO] Downloading from google-maven-central: https://maven-central.storage-download.googleapis.com/maven2/org/codehaus/plexus/plexus-containers/1.0-alpha-30/plexus-containers-1.0-alpha-30.pom
17:57:29.933 [Thread-3] DEBUG spoon.Launcher - [INFO] Downloaded from google-maven-central: https://maven-central.storage-download.googleapis.com/maven2/org/codehaus/plexus/plexus-containers/1.0-alpha-30/plexus-containers-1.0-alpha-30.pom (1.9 kB at 316 kB/s)
17:57:29.938 [Thread-3] DEBUG spoon.Launcher - [INFO] Downloading from google-maven-central: https://maven-central.storage-download.googleapis.com/maven2/org/codehaus/plexus/plexus-utils/1.4.5/plexus-utils-1.4.5.pom
17:57:29.944 [Thread-3] DEBUG spoon.Launcher - [INFO] Downloaded from google-maven-central: https://maven-central.storage-download.googleapis.com/maven2/org/codehaus/plexus/plexus-utils/1.4.5/plexus-utils-1.4.5.pom (2.3 kB at 378 kB/s)
17:57:29.949 [Thread-3] DEBUG spoon.Launcher - [INFO] Downloading from google-maven-central: https://maven-central.storage-download.googleapis.com/maven2/org/codehaus/plexus/plexus-classworlds/1.2-alpha-9/plexus-classworlds-1.2-alpha-9.pom
17:57:29.960 [Thread-3] DEBUG spoon.Launcher - [INFO] Downloaded from google-maven-central: https://maven-central.storage-download.googleapis.com/maven2/org/codehaus/plexus/plexus-classworlds/1.2-alpha-9/plexus-classworlds-1.2-alpha-9.pom (3.2 kB at 269 kB/s)
17:57:29.964 [Thread-3] DEBUG spoon.Launcher - [INFO] Downloading from google-maven-central: https://maven-central.storage-download.googleapis.com/maven2/org/codehaus/plexus/plexus/1.0.10/plexus-1.0.10.pom
17:57:29.976 [Thread-3] DEBUG spoon.Launcher - [INFO] Downloaded from google-maven-central: https://maven-central.storage-download.googleapis.com/maven2/org/codehaus/plexus/plexus/1.0.10/plexus-1.0.10.pom (8.2 kB at 635 kB/s)
17:57:29.986 [Thread-3] DEBUG spoon.Launcher - [INFO] Downloading from google-maven-central: https://maven-central.storage-download.googleapis.com/maven2/org/apache/maven/doxia/doxia-site-renderer/1.0/doxia-site-renderer-1.0.pom
17:57:29.995 [Thread-3] DEBUG spoon.Launcher - [INFO] Downloaded from google-maven-central: https://maven-central.storage-download.googleapis.com/maven2/org/apache/maven/doxia/doxia-site-renderer/1.0/doxia-site-renderer-1.0.pom (4.4 kB at 492 kB/s)
17:57:30.000 [Thread-3] DEBUG spoon.Launcher - [INFO] Downloading from google-maven-central: https://maven-central.storage-download.googleapis.com/maven2/org/apache/maven/doxia/doxia-sitetools/1.0/doxia-sitetools-1.0.pom
17:57:30.006 [Thread-3] DEBUG spoon.Launcher - [INFO] Downloaded from google-maven-central: https://maven-central.storage-download.googleapis.com/maven2/org/apache/maven/doxia/doxia-sitetools/1.0/doxia-sitetools-1.0.pom (9.6 kB at 1.4 MB/s)
17:57:30.015 [Thread-3] DEBUG spoon.Launcher - [INFO] Downloading from google-maven-central: https://maven-central.storage-download.googleapis.com/maven2/org/codehaus/plexus/plexus-i18n/1.0-beta-7/plexus-i18n-1.0-beta-7.pom
17:57:30.021 [Thread-3] DEBUG spoon.Launcher - [INFO] Downloaded from google-maven-central: https://maven-central.storage-download.googleapis.com/maven2/org/codehaus/plexus/plexus-i18n/1.0-beta-7/plexus-i18n-1.0-beta-7.pom (1.1 kB at 151 kB/s)
17:57:30.026 [Thread-3] DEBUG spoon.Launcher - [INFO] Downloading from google-maven-central: https://maven-central.storage-download.googleapis.com/maven2/org/codehaus/plexus/plexus-components/1.1.12/plexus-components-1.1.12.pom
17:57:30.031 [Thread-3] DEBUG spoon.Launcher - [INFO] Downloaded from google-maven-central: https://maven-central.storage-download.googleapis.com/maven2/org/codehaus/plexus/plexus-components/1.1.12/plexus-components-1.1.12.pom (3.0 kB at 500 kB/s)
17:57:30.036 [Thread-3] DEBUG spoon.Launcher - [INFO] Downloading from google-maven-central: https://maven-central.storage-download.googleapis.com/maven2/org/codehaus/plexus/plexus-velocity/1.1.7/plexus-velocity-1.1.7.pom
17:57:30.042 [Thread-3] DEBUG spoon.Launcher - [INFO] Downloaded from google-maven-central: https://maven-central.storage-download.googleapis.com/maven2/org/codehaus/plexus/plexus-velocity/1.1.7/plexus-velocity-1.1.7.pom (2.0 kB at 280 kB/s)
17:57:30.047 [Thread-3] DEBUG spoon.Launcher - [INFO] Downloading from google-maven-central: https://maven-central.storage-download.googleapis.com/maven2/org/codehaus/plexus/plexus-container-default/1.0-alpha-20/plexus-container-default-1.0-alpha-20.pom
17:57:30.054 [Thread-3] DEBUG spoon.Launcher - [INFO] Downloaded from google-maven-central: https://maven-central.storage-download.googleapis.com/maven2/org/codehaus/plexus/plexus-container-default/1.0-alpha-20/plexus-container-default-1.0-alpha-20.pom (3.0 kB at 427 kB/s)
17:57:30.073 [Thread-3] DEBUG spoon.Launcher - [INFO] Downloading from google-maven-central: https://maven-central.storage-download.googleapis.com/maven2/org/codehaus/plexus/plexus-containers/1.0-alpha-20/plexus-containers-1.0-alpha-20.pom
17:57:30.083 [Thread-3] DEBUG spoon.Launcher - [INFO] Downloaded from google-maven-central: https://maven-central.storage-download.googleapis.com/maven2/org/codehaus/plexus/plexus-containers/1.0-alpha-20/plexus-containers-1.0-alpha-20.pom (1.9 kB at 189 kB/s)
17:57:30.087 [Thread-3] DEBUG spoon.Launcher - [INFO] Downloading from google-maven-central: https://maven-central.storage-download.googleapis.com/maven2/org/codehaus/plexus/plexus-utils/1.3/plexus-utils-1.3.pom
17:57:30.097 [Thread-3] DEBUG spoon.Launcher - [INFO] Downloaded from google-maven-central: https://maven-central.storage-download.googleapis.com/maven2/org/codehaus/plexus/plexus-utils/1.3/plexus-utils-1.3.pom (1.0 kB at 103 kB/s)
17:57:30.101 [Thread-3] DEBUG spoon.Launcher - [INFO] Downloading from google-maven-central: https://maven-central.storage-download.googleapis.com/maven2/org/codehaus/plexus/plexus/1.0.8/plexus-1.0.8.pom
17:57:30.111 [Thread-3] DEBUG spoon.Launcher - [INFO] Downloaded from google-maven-central: https://maven-central.storage-download.googleapis.com/maven2/org/codehaus/plexus/plexus/1.0.8/plexus-1.0.8.pom (7.2 kB at 803 kB/s)
17:57:30.119 [Thread-3] DEBUG spoon.Launcher - [INFO] Downloading from google-maven-central: https://maven-central.storage-download.googleapis.com/maven2/org/codehaus/plexus/plexus-classworlds/1.2-alpha-7/plexus-classworlds-1.2-alpha-7.pom
17:57:30.125 [Thread-3] DEBUG spoon.Launcher - [INFO] Downloaded from google-maven-central: https://maven-central.storage-download.googleapis.com/maven2/org/codehaus/plexus/plexus-classworlds/1.2-alpha-7/plexus-classworlds-1.2-alpha-7.pom (2.4 kB at 296 kB/s)
17:57:30.128 [Thread-3] DEBUG spoon.Launcher - [INFO] Downloading from google-maven-central: https://maven-central.storage-download.googleapis.com/maven2/org/codehaus/plexus/plexus/1.0.9/plexus-1.0.9.pom
17:57:30.134 [Thread-3] DEBUG spoon.Launcher - [INFO] Downloaded from google-maven-central: https://maven-central.storage-download.googleapis.com/maven2/org/codehaus/plexus/plexus/1.0.9/plexus-1.0.9.pom (7.7 kB at 1.3 MB/s)
17:57:30.139 [Thread-3] DEBUG spoon.Launcher - [INFO] Downloading from google-maven-central: https://maven-central.storage-download.googleapis.com/maven2/org/apache/velocity/velocity/1.5/velocity-1.5.pom
17:57:30.145 [Thread-3] DEBUG spoon.Launcher - [INFO] Downloaded from google-maven-central: https://maven-central.storage-download.googleapis.com/maven2/org/apache/velocity/velocity/1.5/velocity-1.5.pom (7.8 kB at 1.6 MB/s)
17:57:30.149 [Thread-3] DEBUG spoon.Launcher - [INFO] Downloading from google-maven-central: https://maven-central.storage-download.googleapis.com/maven2/commons-collections/commons-collections/3.1/commons-collections-3.1.pom
17:57:30.155 [Thread-3] DEBUG spoon.Launcher - [INFO] Downloaded from google-maven-central: https://maven-central.storage-download.googleapis.com/maven2/commons-collections/commons-collections/3.1/commons-collections-3.1.pom (6.1 kB at 869 kB/s)
17:57:30.159 [Thread-3] DEBUG spoon.Launcher - [INFO] Downloading from google-maven-central: https://maven-central.storage-download.googleapis.com/maven2/commons-lang/commons-lang/2.1/commons-lang-2.1.pom
17:57:30.167 [Thread-3] DEBUG spoon.Launcher - [INFO] Downloaded from google-maven-central: https://maven-central.storage-download.googleapis.com/maven2/commons-lang/commons-lang/2.1/commons-lang-2.1.pom (9.9 kB at 1.4 MB/s)
17:57:30.174 [Thread-3] DEBUG spoon.Launcher - [INFO] Downloading from google-maven-central: https://maven-central.storage-download.googleapis.com/maven2/oro/oro/2.0.8/oro-2.0.8.pom
17:57:30.179 [Thread-3] DEBUG spoon.Launcher - [INFO] Downloaded from google-maven-central: https://maven-central.storage-download.googleapis.com/maven2/oro/oro/2.0.8/oro-2.0.8.pom (140 B at 18 kB/s)
17:57:30.182 [Thread-3] DEBUG spoon.Launcher - [INFO] Downloading from google-maven-central: https://maven-central.storage-download.googleapis.com/maven2/org/apache/maven/doxia/doxia-decoration-model/1.0/doxia-decoration-model-1.0.pom
17:57:30.193 [Thread-3] DEBUG spoon.Launcher - [INFO] Downloaded from google-maven-central: https://maven-central.storage-download.googleapis.com/maven2/org/apache/maven/doxia/doxia-decoration-model/1.0/doxia-decoration-model-1.0.pom (3.2 kB at 350 kB/s)
17:57:30.201 [Thread-3] DEBUG spoon.Launcher - [INFO] Downloading from google-maven-central: https://maven-central.storage-download.googleapis.com/maven2/commons-collections/commons-collections/3.2/commons-collections-3.2.pom
17:57:30.209 [Thread-3] DEBUG spoon.Launcher - [INFO] Downloaded from google-maven-central: https://maven-central.storage-download.googleapis.com/maven2/commons-collections/commons-collections/3.2/commons-collections-3.2.pom (11 kB at 1.2 MB/s)
17:57:30.214 [Thread-3] DEBUG spoon.Launcher - [INFO] Downloading from google-maven-central: https://maven-central.storage-download.googleapis.com/maven2/org/apache/maven/doxia/doxia-module-apt/1.0/doxia-module-apt-1.0.pom
17:57:30.222 [Thread-3] DEBUG spoon.Launcher - [INFO] Downloaded from google-maven-central: https://maven-central.storage-download.googleapis.com/maven2/org/apache/maven/doxia/doxia-module-apt/1.0/doxia-module-apt-1.0.pom (2.3 kB at 322 kB/s)
17:57:30.226 [Thread-3] DEBUG spoon.Launcher - [INFO] Downloading from google-maven-central: https://maven-central.storage-download.googleapis.com/maven2/org/apache/maven/doxia/doxia-modules/1.0/doxia-modules-1.0.pom
17:57:30.237 [Thread-3] DEBUG spoon.Launcher - [INFO] Downloaded from google-maven-central: https://maven-central.storage-download.googleapis.com/maven2/org/apache/maven/doxia/doxia-modules/1.0/doxia-modules-1.0.pom (2.4 kB at 200 kB/s)
17:57:30.243 [Thread-3] DEBUG spoon.Launcher - [INFO] Downloading from google-maven-central: https://maven-central.storage-download.googleapis.com/maven2/org/apache/maven/doxia/doxia-module-fml/1.0/doxia-module-fml-1.0.pom
17:57:30.250 [Thread-3] DEBUG spoon.Launcher - [INFO] Downloaded from google-maven-central: https://maven-central.storage-download.googleapis.com/maven2/org/apache/maven/doxia/doxia-module-fml/1.0/doxia-module-fml-1.0.pom (2.7 kB at 449 kB/s)
17:57:30.255 [Thread-3] DEBUG spoon.Launcher - [INFO] Downloading from google-maven-central: https://maven-central.storage-download.googleapis.com/maven2/org/apache/maven/doxia/doxia-module-xdoc/1.0/doxia-module-xdoc-1.0.pom
17:57:30.262 [Thread-3] DEBUG spoon.Launcher - [INFO] Downloaded from google-maven-central: https://maven-central.storage-download.googleapis.com/maven2/org/apache/maven/doxia/doxia-module-xdoc/1.0/doxia-module-xdoc-1.0.pom (2.2 kB at 320 kB/s)
17:57:30.273 [Thread-3] DEBUG spoon.Launcher - [INFO] Downloading from google-maven-central: https://maven-central.storage-download.googleapis.com/maven2/org/apache/maven/doxia/doxia-module-xhtml/1.0/doxia-module-xhtml-1.0.pom
17:57:30.291 [Thread-3] DEBUG spoon.Launcher - [INFO] Downloaded from google-maven-central: https://maven-central.storage-download.googleapis.com/maven2/org/apache/maven/doxia/doxia-module-xhtml/1.0/doxia-module-xhtml-1.0.pom (1.6 kB at 94 kB/s)
17:57:30.307 [Thread-3] DEBUG spoon.Launcher - [INFO] Downloading from google-maven-central: https://maven-central.storage-download.googleapis.com/maven2/org/apache/maven/shared/maven-doxia-tools/1.0.2/maven-doxia-tools-1.0.2.pom
17:57:30.316 [Thread-3] DEBUG spoon.Launcher - [INFO] Downloaded from google-maven-central: https://maven-central.storage-download.googleapis.com/maven2/org/apache/maven/shared/maven-doxia-tools/1.0.2/maven-doxia-tools-1.0.2.pom (5.9 kB at 652 kB/s)
17:57:30.326 [Thread-3] DEBUG spoon.Launcher - [INFO] Downloading from google-maven-central: https://maven-central.storage-download.googleapis.com/maven2/org/apache/maven/shared/maven-shared-components/11/maven-shared-components-11.pom
17:57:30.351 [Thread-3] DEBUG spoon.Launcher - [INFO] Downloaded from google-maven-central: https://maven-central.storage-download.googleapis.com/maven2/org/apache/maven/shared/maven-shared-components/11/maven-shared-components-11.pom (8.3 kB at 491 kB/s)
17:57:30.372 [Thread-3] DEBUG spoon.Launcher - [INFO] Downloading from google-maven-central: https://maven-central.storage-download.googleapis.com/maven2/commons-io/commons-io/1.4/commons-io-1.4.pom
17:57:30.384 [Thread-3] DEBUG spoon.Launcher - [INFO] Downloaded from google-maven-central: https://maven-central.storage-download.googleapis.com/maven2/commons-io/commons-io/1.4/commons-io-1.4.pom (13 kB at 1.2 MB/s)
17:57:30.390 [Thread-3] DEBUG spoon.Launcher - [INFO] Downloading from google-maven-central: https://maven-central.storage-download.googleapis.com/maven2/org/apache/commons/commons-parent/7/commons-parent-7.pom
17:57:30.398 [Thread-3] DEBUG spoon.Launcher - [INFO] Downloaded from google-maven-central: https://maven-central.storage-download.googleapis.com/maven2/org/apache/commons/commons-parent/7/commons-parent-7.pom (17 kB at 1.9 MB/s)
17:57:30.471 [Thread-3] DEBUG spoon.Launcher - [INFO] Downloading from google-maven-central: https://maven-central.storage-download.googleapis.com/maven2/org/codehaus/plexus/plexus-container-default/1.0-alpha-9/plexus-container-default-1.0-alpha-9.pom
17:57:30.502 [Thread-3] DEBUG spoon.Launcher - [INFO] Downloaded from google-maven-central: https://maven-central.storage-download.googleapis.com/maven2/org/codehaus/plexus/plexus-container-default/1.0-alpha-9/plexus-container-default-1.0-alpha-9.pom (1.2 kB at 41 kB/s)
17:57:30.527 [Thread-3] DEBUG spoon.Launcher - [INFO] Downloading from google-maven-central: https://maven-central.storage-download.googleapis.com/maven2/commons-validator/commons-validator/1.2.0/commons-validator-1.2.0.pom
17:57:30.559 [Thread-3] DEBUG spoon.Launcher - [INFO] Downloaded from google-maven-central: https://maven-central.storage-download.googleapis.com/maven2/commons-validator/commons-validator/1.2.0/commons-validator-1.2.0.pom (9.1 kB at 284 kB/s)
17:57:30.580 [Thread-3] DEBUG spoon.Launcher - [INFO] Downloading from google-maven-central: https://maven-central.storage-download.googleapis.com/maven2/commons-beanutils/commons-beanutils/1.7.0/commons-beanutils-1.7.0.pom
17:57:30.615 [Thread-3] DEBUG spoon.Launcher - [INFO] Downloaded from google-maven-central: https://maven-central.storage-download.googleapis.com/maven2/commons-beanutils/commons-beanutils/1.7.0/commons-beanutils-1.7.0.pom (357 B at 10 kB/s)
17:57:30.630 [Thread-3] DEBUG spoon.Launcher - [INFO] Downloading from google-maven-central: https://maven-central.storage-download.googleapis.com/maven2/commons-logging/commons-logging/1.0.3/commons-logging-1.0.3.pom
17:57:30.651 [Thread-3] DEBUG spoon.Launcher - [INFO] Downloaded from google-maven-central: https://maven-central.storage-download.googleapis.com/maven2/commons-logging/commons-logging/1.0.3/commons-logging-1.0.3.pom (866 B at 41 kB/s)
17:57:30.657 [Thread-3] DEBUG spoon.Launcher - [INFO] Downloading from google-maven-central: https://maven-central.storage-download.googleapis.com/maven2/commons-digester/commons-digester/1.6/commons-digester-1.6.pom
17:57:30.672 [Thread-3] DEBUG spoon.Launcher - [INFO] Downloaded from google-maven-central: https://maven-central.storage-download.googleapis.com/maven2/commons-digester/commons-digester/1.6/commons-digester-1.6.pom (974 B at 65 kB/s)
17:57:30.687 [Thread-3] DEBUG spoon.Launcher - [INFO] Downloading from google-maven-central: https://maven-central.storage-download.googleapis.com/maven2/commons-beanutils/commons-beanutils/1.6/commons-beanutils-1.6.pom
17:57:30.707 [Thread-3] DEBUG spoon.Launcher - [INFO] Downloaded from google-maven-central: https://maven-central.storage-download.googleapis.com/maven2/commons-beanutils/commons-beanutils/1.6/commons-beanutils-1.6.pom (2.3 kB at 116 kB/s)
17:57:30.733 [Thread-3] DEBUG spoon.Launcher - [INFO] Downloading from google-maven-central: https://maven-central.storage-download.googleapis.com/maven2/commons-logging/commons-logging/1.0/commons-logging-1.0.pom
17:57:30.748 [Thread-3] DEBUG spoon.Launcher - [INFO] Downloaded from google-maven-central: https://maven-central.storage-download.googleapis.com/maven2/commons-logging/commons-logging/1.0/commons-logging-1.0.pom (163 B at 10 kB/s)
17:57:30.787 [Thread-3] DEBUG spoon.Launcher - [INFO] Downloading from google-maven-central: https://maven-central.storage-download.googleapis.com/maven2/commons-collections/commons-collections/2.0/commons-collections-2.0.pom
17:57:30.809 [Thread-3] DEBUG spoon.Launcher - [INFO] Downloaded from google-maven-central: https://maven-central.storage-download.googleapis.com/maven2/commons-collections/commons-collections/2.0/commons-collections-2.0.pom (171 B at 7.8 kB/s)
17:57:30.822 [Thread-3] DEBUG spoon.Launcher - [INFO] Downloading from google-maven-central: https://maven-central.storage-download.googleapis.com/maven2/commons-collections/commons-collections/2.1/commons-collections-2.1.pom
17:57:30.833 [Thread-3] DEBUG spoon.Launcher - [INFO] Downloaded from google-maven-central: https://maven-central.storage-download.googleapis.com/maven2/commons-collections/commons-collections/2.1/commons-collections-2.1.pom (3.3 kB at 278 kB/s)
17:57:30.839 [Thread-3] DEBUG spoon.Launcher - [INFO] Downloading from google-maven-central: https://maven-central.storage-download.googleapis.com/maven2/xml-apis/xml-apis/1.0.b2/xml-apis-1.0.b2.pom
17:57:30.847 [Thread-3] DEBUG spoon.Launcher - [INFO] Downloaded from google-maven-central: https://maven-central.storage-download.googleapis.com/maven2/xml-apis/xml-apis/1.0.b2/xml-apis-1.0.b2.pom (2.2 kB at 250 kB/s)
17:57:30.858 [Thread-3] DEBUG spoon.Launcher - [INFO] Downloading from google-maven-central: https://maven-central.storage-download.googleapis.com/maven2/commons-logging/commons-logging/1.0.4/commons-logging-1.0.4.pom
17:57:30.888 [Thread-3] DEBUG spoon.Launcher - [INFO] Downloaded from google-maven-central: https://maven-central.storage-download.googleapis.com/maven2/commons-logging/commons-logging/1.0.4/commons-logging-1.0.4.pom (5.3 kB at 175 kB/s)
17:57:30.906 [Thread-3] DEBUG spoon.Launcher - [INFO] Downloading from google-maven-central: https://maven-central.storage-download.googleapis.com/maven2/xml-apis/xml-apis/2.0.2/xml-apis-2.0.2.pom
17:57:30.932 [Thread-3] DEBUG spoon.Launcher - [INFO] Downloaded from google-maven-central: https://maven-central.storage-download.googleapis.com/maven2/xml-apis/xml-apis/2.0.2/xml-apis-2.0.2.pom (346 B at 13 kB/s)
17:57:30.988 [Thread-3] DEBUG spoon.Launcher - [INFO] Downloading from google-maven-central: https://maven-central.storage-download.googleapis.com/maven2/org/codehaus/plexus/plexus-archiver/2.3/plexus-archiver-2.3.pom
17:57:31.079 [Thread-3] DEBUG spoon.Launcher - [INFO] Downloaded from google-maven-central: https://maven-central.storage-download.googleapis.com/maven2/org/codehaus/plexus/plexus-archiver/2.3/plexus-archiver-2.3.pom (3.4 kB at 37 kB/s)
17:57:31.107 [Thread-3] DEBUG spoon.Launcher - [INFO] Downloading from google-maven-central: https://maven-central.storage-download.googleapis.com/maven2/org/codehaus/plexus/plexus-components/1.3/plexus-components-1.3.pom
17:57:31.135 [Thread-3] DEBUG spoon.Launcher - [INFO] Downloaded from google-maven-central: https://maven-central.storage-download.googleapis.com/maven2/org/codehaus/plexus/plexus-components/1.3/plexus-components-1.3.pom (3.1 kB at 127 kB/s)
17:57:31.157 [Thread-3] DEBUG spoon.Launcher - [INFO] Downloading from google-maven-central: https://maven-central.storage-download.googleapis.com/maven2/org/codehaus/plexus/plexus/3.3/plexus-3.3.pom
17:57:31.170 [Thread-3] DEBUG spoon.Launcher - [INFO] Downloaded from google-maven-central: https://maven-central.storage-download.googleapis.com/maven2/org/codehaus/plexus/plexus/3.3/plexus-3.3.pom (20 kB at 948 kB/s)
17:57:31.223 [Thread-3] DEBUG spoon.Launcher - [INFO] Downloading from google-maven-central: https://maven-central.storage-download.googleapis.com/maven2/org/codehaus/plexus/plexus-utils/3.0.10/plexus-utils-3.0.10.pom
17:57:31.250 [Thread-3] DEBUG spoon.Launcher - [INFO] Downloaded from google-maven-central: https://maven-central.storage-download.googleapis.com/maven2/org/codehaus/plexus/plexus-utils/3.0.10/plexus-utils-3.0.10.pom (3.1 kB at 150 kB/s)
17:57:31.274 [Thread-3] DEBUG spoon.Launcher - [INFO] Downloading from google-maven-central: https://maven-central.storage-download.googleapis.com/maven2/org/codehaus/plexus/plexus-io/2.0.6/plexus-io-2.0.6.pom
17:57:31.413 [Thread-3] DEBUG spoon.Launcher - [INFO] Downloaded from google-maven-central: https://maven-central.storage-download.googleapis.com/maven2/org/codehaus/plexus/plexus-io/2.0.6/plexus-io-2.0.6.pom (2.2 kB at 15 kB/s)
17:57:31.417 [Thread-3] DEBUG spoon.Launcher - [INFO] Downloading from google-maven-central: https://maven-central.storage-download.googleapis.com/maven2/org/codehaus/plexus/plexus-components/1.2/plexus-components-1.2.pom
17:57:31.427 [Thread-3] DEBUG spoon.Launcher - [INFO] Downloaded from google-maven-central: https://maven-central.storage-download.googleapis.com/maven2/org/codehaus/plexus/plexus-components/1.2/plexus-components-1.2.pom (3.1 kB at 278 kB/s)
17:57:31.439 [Thread-3] DEBUG spoon.Launcher - [INFO] Downloading from google-maven-central: https://maven-central.storage-download.googleapis.com/maven2/org/codehaus/plexus/plexus-utils/3.0.9/plexus-utils-3.0.9.pom
17:57:31.452 [Thread-3] DEBUG spoon.Launcher - [INFO] Downloaded from google-maven-central: https://maven-central.storage-download.googleapis.com/maven2/org/codehaus/plexus/plexus-utils/3.0.9/plexus-utils-3.0.9.pom (3.1 kB at 262 kB/s)
17:57:31.467 [Thread-3] DEBUG spoon.Launcher - [INFO] Downloading from google-maven-central: https://maven-central.storage-download.googleapis.com/maven2/org/apache/maven/shared/file-management/1.2.1/file-management-1.2.1.pom
17:57:31.489 [Thread-3] DEBUG spoon.Launcher - [INFO] Downloaded from google-maven-central: https://maven-central.storage-download.googleapis.com/maven2/org/apache/maven/shared/file-management/1.2.1/file-management-1.2.1.pom (3.9 kB at 259 kB/s)
17:57:31.495 [Thread-3] DEBUG spoon.Launcher - [INFO] Downloading from google-maven-central: https://maven-central.storage-download.googleapis.com/maven2/org/apache/maven/shared/maven-shared-components/10/maven-shared-components-10.pom
17:57:31.511 [Thread-3] DEBUG spoon.Launcher - [INFO] Downloaded from google-maven-central: https://maven-central.storage-download.googleapis.com/maven2/org/apache/maven/shared/maven-shared-components/10/maven-shared-components-10.pom (8.4 kB at 337 kB/s)
17:57:31.521 [Thread-3] DEBUG spoon.Launcher - [INFO] Downloading from google-maven-central: https://maven-central.storage-download.googleapis.com/maven2/org/apache/maven/shared/maven-shared-io/1.1/maven-shared-io-1.1.pom
17:57:31.533 [Thread-3] DEBUG spoon.Launcher - [INFO] Downloaded from google-maven-central: https://maven-central.storage-download.googleapis.com/maven2/org/apache/maven/shared/maven-shared-io/1.1/maven-shared-io-1.1.pom (4.1 kB at 290 kB/s)
17:57:31.543 [Thread-3] DEBUG spoon.Launcher - [INFO] Downloading from google-maven-central: https://maven-central.storage-download.googleapis.com/maven2/org/apache/maven/shared/maven-shared-components/8/maven-shared-components-8.pom
17:57:31.565 [Thread-3] DEBUG spoon.Launcher - [INFO] Downloaded from google-maven-central: https://maven-central.storage-download.googleapis.com/maven2/org/apache/maven/shared/maven-shared-components/8/maven-shared-components-8.pom (2.7 kB at 127 kB/s)
17:57:31.567 [Thread-3] DEBUG spoon.Launcher - [INFO] Downloading from google-maven-central: https://maven-central.storage-download.googleapis.com/maven2/org/apache/maven/maven-parent/7/maven-parent-7.pom
17:57:31.572 [Thread-3] DEBUG spoon.Launcher - [INFO] Downloaded from google-maven-central: https://maven-central.storage-download.googleapis.com/maven2/org/apache/maven/maven-parent/7/maven-parent-7.pom (21 kB at 4.2 MB/s)
17:57:31.577 [Thread-3] DEBUG spoon.Launcher - [INFO] Downloading from google-maven-central: https://maven-central.storage-download.googleapis.com/maven2/org/apache/maven/maven-artifact/2.0.2/maven-artifact-2.0.2.pom
17:57:31.584 [Thread-3] DEBUG spoon.Launcher - [INFO] Downloaded from google-maven-central: https://maven-central.storage-download.googleapis.com/maven2/org/apache/maven/maven-artifact/2.0.2/maven-artifact-2.0.2.pom (765 B at 96 kB/s)
17:57:31.588 [Thread-3] DEBUG spoon.Launcher - [INFO] Downloading from google-maven-central: https://maven-central.storage-download.googleapis.com/maven2/org/apache/maven/maven/2.0.2/maven-2.0.2.pom
17:57:31.594 [Thread-3] DEBUG spoon.Launcher - [INFO] Downloaded from google-maven-central: https://maven-central.storage-download.googleapis.com/maven2/org/apache/maven/maven/2.0.2/maven-2.0.2.pom (13 kB at 1.6 MB/s)
17:57:31.599 [Thread-3] DEBUG spoon.Launcher - [INFO] Downloading from google-maven-central: https://maven-central.storage-download.googleapis.com/maven2/org/codehaus/plexus/plexus-utils/1.1/plexus-utils-1.1.pom
17:57:31.643 [Thread-3] DEBUG spoon.Launcher - [INFO] Downloaded from google-maven-central: https://maven-central.storage-download.googleapis.com/maven2/org/codehaus/plexus/plexus-utils/1.1/plexus-utils-1.1.pom (767 B at 17 kB/s)
17:57:31.647 [Thread-3] DEBUG spoon.Launcher - [INFO] Downloading from google-maven-central: https://maven-central.storage-download.googleapis.com/maven2/org/apache/maven/maven-artifact-manager/2.0.2/maven-artifact-manager-2.0.2.pom
17:57:31.651 [Thread-3] DEBUG spoon.Launcher - [INFO] Downloaded from google-maven-central: https://maven-central.storage-download.googleapis.com/maven2/org/apache/maven/maven-artifact-manager/2.0.2/maven-artifact-manager-2.0.2.pom (1.4 kB at 279 kB/s)
17:57:31.655 [Thread-3] DEBUG spoon.Launcher - [INFO] Downloading from google-maven-central: https://maven-central.storage-download.googleapis.com/maven2/org/apache/maven/maven-repository-metadata/2.0.2/maven-repository-metadata-2.0.2.pom
17:57:31.661 [Thread-3] DEBUG spoon.Launcher - [INFO] Downloaded from google-maven-central: https://maven-central.storage-download.googleapis.com/maven2/org/apache/maven/maven-repository-metadata/2.0.2/maven-repository-metadata-2.0.2.pom (1.3 kB at 218 kB/s)
17:57:31.666 [Thread-3] DEBUG spoon.Launcher - [INFO] Downloading from google-maven-central: https://maven-central.storage-download.googleapis.com/maven2/org/apache/maven/wagon/wagon-provider-api/1.0-alpha-6/wagon-provider-api-1.0-alpha-6.pom
17:57:31.671 [Thread-3] DEBUG spoon.Launcher - [INFO] Downloaded from google-maven-central: https://maven-central.storage-download.googleapis.com/maven2/org/apache/maven/wagon/wagon-provider-api/1.0-alpha-6/wagon-provider-api-1.0-alpha-6.pom (588 B at 98 kB/s)
17:57:31.674 [Thread-3] DEBUG spoon.Launcher - [INFO] Downloading from google-maven-central: https://maven-central.storage-download.googleapis.com/maven2/org/apache/maven/wagon/wagon/1.0-alpha-6/wagon-1.0-alpha-6.pom
17:57:31.679 [Thread-3] DEBUG spoon.Launcher - [INFO] Downloaded from google-maven-central: https://maven-central.storage-download.googleapis.com/maven2/org/apache/maven/wagon/wagon/1.0-alpha-6/wagon-1.0-alpha-6.pom (6.4 kB at 1.1 MB/s)
17:57:31.683 [Thread-3] DEBUG spoon.Launcher - [INFO] Downloading from google-maven-central: https://maven-central.storage-download.googleapis.com/maven2/org/codehaus/plexus/plexus-utils/1.4.6/plexus-utils-1.4.6.pom
17:57:31.688 [Thread-3] DEBUG spoon.Launcher - [INFO] Downloaded from google-maven-central: https://maven-central.storage-download.googleapis.com/maven2/org/codehaus/plexus/plexus-utils/1.4.6/plexus-utils-1.4.6.pom (2.3 kB at 378 kB/s)
17:57:31.692 [Thread-3] DEBUG spoon.Launcher - [INFO] Downloading from google-maven-central: https://maven-central.storage-download.googleapis.com/maven2/org/codehaus/plexus/plexus-utils/1.5.6/plexus-utils-1.5.6.pom
17:57:31.791 [Thread-3] DEBUG spoon.Launcher - [INFO] Downloaded from google-maven-central: https://maven-central.storage-download.googleapis.com/maven2/org/codehaus/plexus/plexus-utils/1.5.6/plexus-utils-1.5.6.pom (5.3 kB at 53 kB/s)
17:57:31.794 [Thread-3] DEBUG spoon.Launcher - [INFO] Downloading from google-maven-central: https://maven-central.storage-download.googleapis.com/maven2/org/codehaus/plexus/plexus/1.0.12/plexus-1.0.12.pom
17:57:31.844 [Thread-3] DEBUG spoon.Launcher - [INFO] Downloaded from google-maven-central: https://maven-central.storage-download.googleapis.com/maven2/org/codehaus/plexus/plexus/1.0.12/plexus-1.0.12.pom (9.8 kB at 196 kB/s)
17:57:31.849 [Thread-3] DEBUG spoon.Launcher - [INFO] Downloading from google-maven-central: https://maven-central.storage-download.googleapis.com/maven2/org/apache/maven/shared/maven-dependency-analyzer/1.4/maven-dependency-analyzer-1.4.pom
17:57:31.947 [Thread-3] DEBUG spoon.Launcher - [INFO] Downloaded from google-maven-central: https://maven-central.storage-download.googleapis.com/maven2/org/apache/maven/shared/maven-dependency-analyzer/1.4/maven-dependency-analyzer-1.4.pom (5.2 kB at 53 kB/s)
17:57:31.961 [Thread-3] DEBUG spoon.Launcher - [INFO] Downloading from google-maven-central: https://maven-central.storage-download.googleapis.com/maven2/asm/asm/3.3.1/asm-3.3.1.pom
17:57:31.970 [Thread-3] DEBUG spoon.Launcher - [INFO] Downloaded from google-maven-central: https://maven-central.storage-download.googleapis.com/maven2/asm/asm/3.3.1/asm-3.3.1.pom (266 B at 38 kB/s)
17:57:31.975 [Thread-3] DEBUG spoon.Launcher - [INFO] Downloading from google-maven-central: https://maven-central.storage-download.googleapis.com/maven2/asm/asm-parent/3.3.1/asm-parent-3.3.1.pom
17:57:31.983 [Thread-3] DEBUG spoon.Launcher - [INFO] Downloaded from google-maven-central: https://maven-central.storage-download.googleapis.com/maven2/asm/asm-parent/3.3.1/asm-parent-3.3.1.pom (4.3 kB at 619 kB/s)
17:57:31.990 [Thread-3] DEBUG spoon.Launcher - [INFO] Downloading from google-maven-central: https://maven-central.storage-download.googleapis.com/maven2/org/codehaus/plexus/plexus-component-annotations/1.5.5/plexus-component-annotations-1.5.5.pom
17:57:32.000 [Thread-3] DEBUG spoon.Launcher - [INFO] Downloaded from google-maven-central: https://maven-central.storage-download.googleapis.com/maven2/org/codehaus/plexus/plexus-component-annotations/1.5.5/plexus-component-annotations-1.5.5.pom (815 B at 74 kB/s)
17:57:32.005 [Thread-3] DEBUG spoon.Launcher - [INFO] Downloading from google-maven-central: https://maven-central.storage-download.googleapis.com/maven2/org/codehaus/plexus/plexus-containers/1.5.5/plexus-containers-1.5.5.pom
17:57:32.016 [Thread-3] DEBUG spoon.Launcher - [INFO] Downloaded from google-maven-central: https://maven-central.storage-download.googleapis.com/maven2/org/codehaus/plexus/plexus-containers/1.5.5/plexus-containers-1.5.5.pom (4.2 kB at 353 kB/s)
17:57:32.026 [Thread-3] DEBUG spoon.Launcher - [INFO] Downloading from google-maven-central: https://maven-central.storage-download.googleapis.com/maven2/org/apache/maven/maven-project/2.0.5/maven-project-2.0.5.pom
17:57:32.037 [Thread-3] DEBUG spoon.Launcher - [INFO] Downloaded from google-maven-central: https://maven-central.storage-download.googleapis.com/maven2/org/apache/maven/maven-project/2.0.5/maven-project-2.0.5.pom (1.8 kB at 167 kB/s)
17:57:32.049 [Thread-3] DEBUG spoon.Launcher - [INFO] Downloading from google-maven-central: https://maven-central.storage-download.googleapis.com/maven2/org/apache/maven/maven/2.0.5/maven-2.0.5.pom
17:57:32.056 [Thread-3] DEBUG spoon.Launcher - [INFO] Downloaded from google-maven-central: https://maven-central.storage-download.googleapis.com/maven2/org/apache/maven/maven/2.0.5/maven-2.0.5.pom (5.7 kB at 634 kB/s)
17:57:32.060 [Thread-3] DEBUG spoon.Launcher - [INFO] Downloading from google-maven-central: https://maven-central.storage-download.googleapis.com/maven2/org/apache/maven/maven-settings/2.0.5/maven-settings-2.0.5.pom
17:57:32.066 [Thread-3] DEBUG spoon.Launcher - [INFO] Downloaded from google-maven-central: https://maven-central.storage-download.googleapis.com/maven2/org/apache/maven/maven-settings/2.0.5/maven-settings-2.0.5.pom (1.7 kB at 279 kB/s)
17:57:32.070 [Thread-3] DEBUG spoon.Launcher - [INFO] Downloading from google-maven-central: https://maven-central.storage-download.googleapis.com/maven2/org/apache/maven/maven-model/2.0.5/maven-model-2.0.5.pom
17:57:32.079 [Thread-3] DEBUG spoon.Launcher - [INFO] Downloaded from google-maven-central: https://maven-central.storage-download.googleapis.com/maven2/org/apache/maven/maven-model/2.0.5/maven-model-2.0.5.pom (2.7 kB at 302 kB/s)
17:57:32.087 [Thread-3] DEBUG spoon.Launcher - [INFO] Downloading from google-maven-central: https://maven-central.storage-download.googleapis.com/maven2/org/apache/maven/maven-profile/2.0.5/maven-profile-2.0.5.pom
17:57:32.100 [Thread-3] DEBUG spoon.Launcher - [INFO] Downloaded from google-maven-central: https://maven-central.storage-download.googleapis.com/maven2/org/apache/maven/maven-profile/2.0.5/maven-profile-2.0.5.pom (1.7 kB at 138 kB/s)
17:57:32.104 [Thread-3] DEBUG spoon.Launcher - [INFO] Downloading from google-maven-central: https://maven-central.storage-download.googleapis.com/maven2/org/apache/maven/maven-artifact-manager/2.0.5/maven-artifact-manager-2.0.5.pom
17:57:32.111 [Thread-3] DEBUG spoon.Launcher - [INFO] Downloaded from google-maven-central: https://maven-central.storage-download.googleapis.com/maven2/org/apache/maven/maven-artifact-manager/2.0.5/maven-artifact-manager-2.0.5.pom (1.8 kB at 306 kB/s)
17:57:32.115 [Thread-3] DEBUG spoon.Launcher - [INFO] Downloading from google-maven-central: https://maven-central.storage-download.googleapis.com/maven2/org/apache/maven/maven-repository-metadata/2.0.5/maven-repository-metadata-2.0.5.pom
17:57:32.121 [Thread-3] DEBUG spoon.Launcher - [INFO] Downloaded from google-maven-central: https://maven-central.storage-download.googleapis.com/maven2/org/apache/maven/maven-repository-metadata/2.0.5/maven-repository-metadata-2.0.5.pom (1.5 kB at 248 kB/s)
17:57:32.125 [Thread-3] DEBUG spoon.Launcher - [INFO] Downloading from google-maven-central: https://maven-central.storage-download.googleapis.com/maven2/org/apache/maven/maven-artifact/2.0.5/maven-artifact-2.0.5.pom
17:57:32.130 [Thread-3] DEBUG spoon.Launcher - [INFO] Downloaded from google-maven-central: https://maven-central.storage-download.googleapis.com/maven2/org/apache/maven/maven-artifact/2.0.5/maven-artifact-2.0.5.pom (727 B at 182 kB/s)
17:57:32.134 [Thread-3] DEBUG spoon.Launcher - [INFO] Downloading from google-maven-central: https://maven-central.storage-download.googleapis.com/maven2/org/apache/maven/shared/maven-dependency-tree/2.1/maven-dependency-tree-2.1.pom
17:57:32.139 [Thread-3] DEBUG spoon.Launcher - [INFO] Downloaded from google-maven-central: https://maven-central.storage-download.googleapis.com/maven2/org/apache/maven/shared/maven-dependency-tree/2.1/maven-dependency-tree-2.1.pom (6.8 kB at 1.4 MB/s)
17:57:32.143 [Thread-3] DEBUG spoon.Launcher - [INFO] Downloading from google-maven-central: https://maven-central.storage-download.googleapis.com/maven2/org/apache/maven/maven-project/2.2.0/maven-project-2.2.0.pom
17:57:32.148 [Thread-3] DEBUG spoon.Launcher - [INFO] Downloaded from google-maven-central: https://maven-central.storage-download.googleapis.com/maven2/org/apache/maven/maven-project/2.2.0/maven-project-2.2.0.pom (2.8 kB at 555 kB/s)
17:57:32.150 [Thread-3] DEBUG spoon.Launcher - [INFO] Downloading from google-maven-central: https://maven-central.storage-download.googleapis.com/maven2/org/apache/maven/maven/2.2.0/maven-2.2.0.pom
17:57:32.156 [Thread-3] DEBUG spoon.Launcher - [INFO] Downloaded from google-maven-central: https://maven-central.storage-download.googleapis.com/maven2/org/apache/maven/maven/2.2.0/maven-2.2.0.pom (22 kB at 3.7 MB/s)
17:57:32.161 [Thread-3] DEBUG spoon.Launcher - [INFO] Downloading from google-maven-central: https://maven-central.storage-download.googleapis.com/maven2/org/apache/maven/maven-settings/2.2.0/maven-settings-2.2.0.pom
17:57:32.167 [Thread-3] DEBUG spoon.Launcher - [INFO] Downloaded from google-maven-central: https://maven-central.storage-download.googleapis.com/maven2/org/apache/maven/maven-settings/2.2.0/maven-settings-2.2.0.pom (2.2 kB at 363 kB/s)
17:57:32.171 [Thread-3] DEBUG spoon.Launcher - [INFO] Downloading from google-maven-central: https://maven-central.storage-download.googleapis.com/maven2/org/apache/maven/maven-model/2.2.0/maven-model-2.2.0.pom
17:57:32.178 [Thread-3] DEBUG spoon.Launcher - [INFO] Downloaded from google-maven-central: https://maven-central.storage-download.googleapis.com/maven2/org/apache/maven/maven-model/2.2.0/maven-model-2.2.0.pom (3.2 kB at 540 kB/s)
17:57:32.194 [Thread-3] DEBUG spoon.Launcher - [INFO] Downloading from google-maven-central: https://maven-central.storage-download.googleapis.com/maven2/org/apache/maven/maven-profile/2.2.0/maven-profile-2.2.0.pom
17:57:32.202 [Thread-3] DEBUG spoon.Launcher - [INFO] Downloaded from google-maven-central: https://maven-central.storage-download.googleapis.com/maven2/org/apache/maven/maven-profile/2.2.0/maven-profile-2.2.0.pom (2.2 kB at 271 kB/s)
17:57:32.210 [Thread-3] DEBUG spoon.Launcher - [INFO] Downloading from google-maven-central: https://maven-central.storage-download.googleapis.com/maven2/org/apache/maven/maven-artifact-manager/2.2.0/maven-artifact-manager-2.2.0.pom
17:57:32.215 [Thread-3] DEBUG spoon.Launcher - [INFO] Downloaded from google-maven-central: https://maven-central.storage-download.googleapis.com/maven2/org/apache/maven/maven-artifact-manager/2.2.0/maven-artifact-manager-2.2.0.pom (3.1 kB at 517 kB/s)
17:57:32.222 [Thread-3] DEBUG spoon.Launcher - [INFO] Downloading from google-maven-central: https://maven-central.storage-download.googleapis.com/maven2/org/apache/maven/maven-repository-metadata/2.2.0/maven-repository-metadata-2.2.0.pom
17:57:32.229 [Thread-3] DEBUG spoon.Launcher - [INFO] Downloaded from google-maven-central: https://maven-central.storage-download.googleapis.com/maven2/org/apache/maven/maven-repository-metadata/2.2.0/maven-repository-metadata-2.2.0.pom (1.9 kB at 267 kB/s)
17:57:32.241 [Thread-3] DEBUG spoon.Launcher - [INFO] Downloading from google-maven-central: https://maven-central.storage-download.googleapis.com/maven2/org/apache/maven/maven-artifact/2.2.0/maven-artifact-2.2.0.pom
17:57:32.251 [Thread-3] DEBUG spoon.Launcher - [INFO] Downloaded from google-maven-central: https://maven-central.storage-download.googleapis.com/maven2/org/apache/maven/maven-artifact/2.2.0/maven-artifact-2.2.0.pom (1.6 kB at 158 kB/s)
17:57:32.264 [Thread-3] DEBUG spoon.Launcher - [INFO] Downloading from google-maven-central: https://maven-central.storage-download.googleapis.com/maven2/org/apache/maven/maven-plugin-registry/2.2.0/maven-plugin-registry-2.2.0.pom
17:57:32.272 [Thread-3] DEBUG spoon.Launcher - [INFO] Downloaded from google-maven-central: https://maven-central.storage-download.googleapis.com/maven2/org/apache/maven/maven-plugin-registry/2.2.0/maven-plugin-registry-2.2.0.pom (1.9 kB at 276 kB/s)
17:57:32.283 [Thread-3] DEBUG spoon.Launcher - [INFO] Downloading from google-maven-central: https://maven-central.storage-download.googleapis.com/maven2/org/eclipse/aether/aether-util/0.9.0.M2/aether-util-0.9.0.M2.pom
17:57:32.291 [Thread-3] DEBUG spoon.Launcher - [INFO] Downloaded from google-maven-central: https://maven-central.storage-download.googleapis.com/maven2/org/eclipse/aether/aether-util/0.9.0.M2/aether-util-0.9.0.M2.pom (2.0 kB at 226 kB/s)
17:57:32.295 [Thread-3] DEBUG spoon.Launcher - [INFO] Downloading from google-maven-central: https://maven-central.storage-download.googleapis.com/maven2/org/eclipse/aether/aether/0.9.0.M2/aether-0.9.0.M2.pom
17:57:32.303 [Thread-3] DEBUG spoon.Launcher - [INFO] Downloaded from google-maven-central: https://maven-central.storage-download.googleapis.com/maven2/org/eclipse/aether/aether/0.9.0.M2/aether-0.9.0.M2.pom (28 kB at 4.0 MB/s)
17:57:32.313 [Thread-3] DEBUG spoon.Launcher - [INFO] Downloading from google-maven-central: https://maven-central.storage-download.googleapis.com/maven2/org/apache/maven/shared/maven-common-artifact-filters/1.4/maven-common-artifact-filters-1.4.pom
17:57:32.319 [Thread-3] DEBUG spoon.Launcher - [INFO] Downloaded from google-maven-central: https://maven-central.storage-download.googleapis.com/maven2/org/apache/maven/shared/maven-common-artifact-filters/1.4/maven-common-artifact-filters-1.4.pom (3.8 kB at 470 kB/s)
17:57:32.324 [Thread-3] DEBUG spoon.Launcher - [INFO] Downloading from google-maven-central: https://maven-central.storage-download.googleapis.com/maven2/org/apache/maven/maven-artifact/2.0.8/maven-artifact-2.0.8.pom
17:57:32.332 [Thread-3] DEBUG spoon.Launcher - [INFO] Downloaded from google-maven-central: https://maven-central.storage-download.googleapis.com/maven2/org/apache/maven/maven-artifact/2.0.8/maven-artifact-2.0.8.pom (1.6 kB at 270 kB/s)
17:57:32.335 [Thread-3] DEBUG spoon.Launcher - [INFO] Downloading from google-maven-central: https://maven-central.storage-download.googleapis.com/maven2/org/apache/maven/maven/2.0.8/maven-2.0.8.pom
17:57:32.340 [Thread-3] DEBUG spoon.Launcher - [INFO] Downloaded from google-maven-central: https://maven-central.storage-download.googleapis.com/maven2/org/apache/maven/maven/2.0.8/maven-2.0.8.pom (12 kB at 2.0 MB/s)
17:57:32.345 [Thread-3] DEBUG spoon.Launcher - [INFO] Downloading from google-maven-central: https://maven-central.storage-download.googleapis.com/maven2/org/apache/maven/maven-model/2.0.8/maven-model-2.0.8.pom
17:57:32.352 [Thread-3] DEBUG spoon.Launcher - [INFO] Downloaded from google-maven-central: https://maven-central.storage-download.googleapis.com/maven2/org/apache/maven/maven-model/2.0.8/maven-model-2.0.8.pom (3.1 kB at 392 kB/s)
17:57:32.358 [Thread-3] DEBUG spoon.Launcher - [INFO] Downloading from google-maven-central: https://maven-central.storage-download.googleapis.com/maven2/org/apache/maven/maven-project/2.0.8/maven-project-2.0.8.pom
17:57:32.366 [Thread-3] DEBUG spoon.Launcher - [INFO] Downloaded from google-maven-central: https://maven-central.storage-download.googleapis.com/maven2/org/apache/maven/maven-project/2.0.8/maven-project-2.0.8.pom (2.7 kB at 387 kB/s)
17:57:32.371 [Thread-3] DEBUG spoon.Launcher - [INFO] Downloading from google-maven-central: https://maven-central.storage-download.googleapis.com/maven2/org/apache/maven/maven-settings/2.0.8/maven-settings-2.0.8.pom
17:57:32.379 [Thread-3] DEBUG spoon.Launcher - [INFO] Downloaded from google-maven-central: https://maven-central.storage-download.googleapis.com/maven2/org/apache/maven/maven-settings/2.0.8/maven-settings-2.0.8.pom (2.1 kB at 257 kB/s)
17:57:32.383 [Thread-3] DEBUG spoon.Launcher - [INFO] Downloading from google-maven-central: https://maven-central.storage-download.googleapis.com/maven2/org/apache/maven/maven-profile/2.0.8/maven-profile-2.0.8.pom
17:57:32.389 [Thread-3] DEBUG spoon.Launcher - [INFO] Downloaded from google-maven-central: https://maven-central.storage-download.googleapis.com/maven2/org/apache/maven/maven-profile/2.0.8/maven-profile-2.0.8.pom (2.0 kB at 407 kB/s)
17:57:32.394 [Thread-3] DEBUG spoon.Launcher - [INFO] Downloading from google-maven-central: https://maven-central.storage-download.googleapis.com/maven2/org/apache/maven/maven-artifact-manager/2.0.8/maven-artifact-manager-2.0.8.pom
17:57:32.401 [Thread-3] DEBUG spoon.Launcher - [INFO] Downloaded from google-maven-central: https://maven-central.storage-download.googleapis.com/maven2/org/apache/maven/maven-artifact-manager/2.0.8/maven-artifact-manager-2.0.8.pom (2.7 kB at 338 kB/s)
17:57:32.405 [Thread-3] DEBUG spoon.Launcher - [INFO] Downloading from google-maven-central: https://maven-central.storage-download.googleapis.com/maven2/org/apache/maven/maven-repository-metadata/2.0.8/maven-repository-metadata-2.0.8.pom
17:57:32.411 [Thread-3] DEBUG spoon.Launcher - [INFO] Downloaded from google-maven-central: https://maven-central.storage-download.googleapis.com/maven2/org/apache/maven/maven-repository-metadata/2.0.8/maven-repository-metadata-2.0.8.pom (1.9 kB at 380 kB/s)
17:57:32.415 [Thread-3] DEBUG spoon.Launcher - [INFO] Downloading from google-maven-central: https://maven-central.storage-download.googleapis.com/maven2/org/apache/maven/maven-plugin-registry/2.0.8/maven-plugin-registry-2.0.8.pom
17:57:32.421 [Thread-3] DEBUG spoon.Launcher - [INFO] Downloaded from google-maven-central: https://maven-central.storage-download.googleapis.com/maven2/org/apache/maven/maven-plugin-registry/2.0.8/maven-plugin-registry-2.0.8.pom (2.0 kB at 400 kB/s)
17:57:32.426 [Thread-3] DEBUG spoon.Launcher - [INFO] Downloading from google-maven-central: https://maven-central.storage-download.googleapis.com/maven2/org/apache/maven/maven-plugin-api/2.0.8/maven-plugin-api-2.0.8.pom
17:57:32.433 [Thread-3] DEBUG spoon.Launcher - [INFO] Downloaded from google-maven-central: https://maven-central.storage-download.googleapis.com/maven2/org/apache/maven/maven-plugin-api/2.0.8/maven-plugin-api-2.0.8.pom (1.5 kB at 249 kB/s)
17:57:32.440 [Thread-3] DEBUG spoon.Launcher - [INFO] Downloading from google-maven-central: https://maven-central.storage-download.googleapis.com/maven2/org/codehaus/plexus/plexus-container-default/1.5.5/plexus-container-default-1.5.5.pom
17:57:32.445 [Thread-3] DEBUG spoon.Launcher - [INFO] Downloaded from google-maven-central: https://maven-central.storage-download.googleapis.com/maven2/org/codehaus/plexus/plexus-container-default/1.5.5/plexus-container-default-1.5.5.pom (2.8 kB at 551 kB/s)
17:57:32.449 [Thread-3] DEBUG spoon.Launcher - [INFO] Downloading from google-maven-central: https://maven-central.storage-download.googleapis.com/maven2/org/codehaus/plexus/plexus-classworlds/2.2.2/plexus-classworlds-2.2.2.pom
17:57:32.455 [Thread-3] DEBUG spoon.Launcher - [INFO] Downloaded from google-maven-central: https://maven-central.storage-download.googleapis.com/maven2/org/codehaus/plexus/plexus-classworlds/2.2.2/plexus-classworlds-2.2.2.pom (4.0 kB at 576 kB/s)
17:57:32.459 [Thread-3] DEBUG spoon.Launcher - [INFO] Downloading from google-maven-central: https://maven-central.storage-download.googleapis.com/maven2/org/apache/xbean/xbean-reflect/3.4/xbean-reflect-3.4.pom
17:57:32.464 [Thread-3] DEBUG spoon.Launcher - [INFO] Downloaded from google-maven-central: https://maven-central.storage-download.googleapis.com/maven2/org/apache/xbean/xbean-reflect/3.4/xbean-reflect-3.4.pom (2.8 kB at 562 kB/s)
17:57:32.466 [Thread-3] DEBUG spoon.Launcher - [INFO] Downloading from google-maven-central: https://maven-central.storage-download.googleapis.com/maven2/org/apache/xbean/xbean/3.4/xbean-3.4.pom
17:57:32.470 [Thread-3] DEBUG spoon.Launcher - [INFO] Downloaded from google-maven-central: https://maven-central.storage-download.googleapis.com/maven2/org/apache/xbean/xbean/3.4/xbean-3.4.pom (19 kB at 4.6 MB/s)
17:57:32.474 [Thread-3] DEBUG spoon.Launcher - [INFO] Downloading from google-maven-central: https://maven-central.storage-download.googleapis.com/maven2/log4j/log4j/1.2.12/log4j-1.2.12.pom
17:57:32.484 [Thread-3] DEBUG spoon.Launcher - [INFO] Downloaded from google-maven-central: https://maven-central.storage-download.googleapis.com/maven2/log4j/log4j/1.2.12/log4j-1.2.12.pom (145 B at 18 kB/s)
17:57:32.490 [Thread-3] DEBUG spoon.Launcher - [INFO] Downloading from google-maven-central: https://maven-central.storage-download.googleapis.com/maven2/commons-logging/commons-logging-api/1.1/commons-logging-api-1.1.pom
17:57:32.510 [Thread-3] DEBUG spoon.Launcher - [INFO] Downloaded from google-maven-central: https://maven-central.storage-download.googleapis.com/maven2/commons-logging/commons-logging-api/1.1/commons-logging-api-1.1.pom (5.3 kB at 334 kB/s)
17:57:32.516 [Thread-3] DEBUG spoon.Launcher - [INFO] Downloading from google-maven-central: https://maven-central.storage-download.googleapis.com/maven2/com/google/collections/google-collections/1.0/google-collections-1.0.pom
17:57:32.522 [Thread-3] DEBUG spoon.Launcher - [INFO] Downloaded from google-maven-central: https://maven-central.storage-download.googleapis.com/maven2/com/google/collections/google-collections/1.0/google-collections-1.0.pom (2.5 kB at 275 kB/s)
17:57:32.525 [Thread-3] DEBUG spoon.Launcher - [INFO] Downloading from google-maven-central: https://maven-central.storage-download.googleapis.com/maven2/com/google/google/1/google-1.pom
17:57:32.530 [Thread-3] DEBUG spoon.Launcher - [INFO] Downloaded from google-maven-central: https://maven-central.storage-download.googleapis.com/maven2/com/google/google/1/google-1.pom (1.6 kB at 311 kB/s)
17:57:32.533 [Thread-3] DEBUG spoon.Launcher - [INFO] Downloading from google-maven-central: https://maven-central.storage-download.googleapis.com/maven2/junit/junit/3.8.2/junit-3.8.2.pom
17:57:32.541 [Thread-3] DEBUG spoon.Launcher - [INFO] Downloaded from google-maven-central: https://maven-central.storage-download.googleapis.com/maven2/junit/junit/3.8.2/junit-3.8.2.pom (747 B at 107 kB/s)
17:57:32.544 [Thread-3] DEBUG spoon.Launcher - [INFO] Downloading from google-maven-central: https://maven-central.storage-download.googleapis.com/maven2/org/codehaus/plexus/plexus-utils/2.1/plexus-utils-2.1.pom
17:57:32.549 [Thread-3] DEBUG spoon.Launcher - [INFO] Downloaded from google-maven-central: https://maven-central.storage-download.googleapis.com/maven2/org/codehaus/plexus/plexus-utils/2.1/plexus-utils-2.1.pom (4.0 kB at 807 kB/s)
17:57:32.551 [Thread-3] DEBUG spoon.Launcher - [INFO] Downloading from google-maven-central: https://maven-central.storage-download.googleapis.com/maven2/org/sonatype/spice/spice-parent/16/spice-parent-16.pom
17:57:32.557 [Thread-3] DEBUG spoon.Launcher - [INFO] Downloaded from google-maven-central: https://maven-central.storage-download.googleapis.com/maven2/org/sonatype/spice/spice-parent/16/spice-parent-16.pom (8.4 kB at 1.7 MB/s)
17:57:32.563 [Thread-3] DEBUG spoon.Launcher - [INFO] Downloading from google-maven-central: https://maven-central.storage-download.googleapis.com/maven2/org/apache/maven/shared/maven-invoker/2.0.11/maven-invoker-2.0.11.pom
17:57:32.571 [Thread-3] DEBUG spoon.Launcher - [INFO] Downloaded from google-maven-central: https://maven-central.storage-download.googleapis.com/maven2/org/apache/maven/shared/maven-invoker/2.0.11/maven-invoker-2.0.11.pom (5.1 kB at 725 kB/s)
17:57:32.575 [Thread-3] DEBUG spoon.Launcher - [INFO] Downloading from google-maven-central: https://maven-central.storage-download.googleapis.com/maven2/org/apache/maven/shared/maven-shared-components/12/maven-shared-components-12.pom
17:57:32.647 [Thread-3] DEBUG spoon.Launcher - [INFO] Downloaded from google-maven-central: https://maven-central.storage-download.googleapis.com/maven2/org/apache/maven/shared/maven-shared-components/12/maven-shared-components-12.pom (9.3 kB at 132 kB/s)
17:57:32.652 [Thread-3] DEBUG spoon.Launcher - [INFO] Downloading from google-maven-central: https://maven-central.storage-download.googleapis.com/maven2/org/apache/maven/maven-parent/13/maven-parent-13.pom
17:57:32.659 [Thread-3] DEBUG spoon.Launcher - [INFO] Downloaded from google-maven-central: https://maven-central.storage-download.googleapis.com/maven2/org/apache/maven/maven-parent/13/maven-parent-13.pom (23 kB at 3.2 MB/s)
17:57:32.671 [Thread-3] DEBUG spoon.Launcher - [INFO] Downloading from google-maven-central: https://maven-central.storage-download.googleapis.com/maven2/commons-collections/commons-collections/3.2.1/commons-collections-3.2.1.pom
17:57:32.679 [Thread-3] DEBUG spoon.Launcher - [INFO] Downloaded from google-maven-central: https://maven-central.storage-download.googleapis.com/maven2/commons-collections/commons-collections/3.2.1/commons-collections-3.2.1.pom (13 kB at 1.6 MB/s)
17:57:32.683 [Thread-3] DEBUG spoon.Launcher - [INFO] Downloading from google-maven-central: https://maven-central.storage-download.googleapis.com/maven2/org/apache/commons/commons-parent/9/commons-parent-9.pom
17:57:32.690 [Thread-3] DEBUG spoon.Launcher - [INFO] Downloaded from google-maven-central: https://maven-central.storage-download.googleapis.com/maven2/org/apache/commons/commons-parent/9/commons-parent-9.pom (22 kB at 2.7 MB/s)
17:57:32.734 [Thread-3] DEBUG spoon.Launcher - [INFO] Downloading from google-maven-central: https://maven-central.storage-download.googleapis.com/maven2/org/apache/maven/maven-artifact/2.0.9/maven-artifact-2.0.9.jar
17:57:32.748 [Thread-3] DEBUG spoon.Launcher - [INFO] Downloading from google-maven-central: https://maven-central.storage-download.googleapis.com/maven2/org/apache/maven/maven-project/2.0.9/maven-project-2.0.9.jar
17:57:32.756 [Thread-3] DEBUG spoon.Launcher - [INFO] Downloaded from google-maven-central: https://maven-central.storage-download.googleapis.com/maven2/org/apache/maven/maven-artifact/2.0.9/maven-artifact-2.0.9.jar (89 kB at 3.9 MB/s)
17:57:32.757 [Thread-3] DEBUG spoon.Launcher - [INFO] Downloading from google-maven-central: https://maven-central.storage-download.googleapis.com/maven2/org/apache/maven/maven-settings/2.0.9/maven-settings-2.0.9.jar
17:57:32.766 [Thread-3] DEBUG spoon.Launcher - [INFO] Downloading from google-maven-central: https://maven-central.storage-download.googleapis.com/maven2/org/apache/maven/maven-profile/2.0.9/maven-profile-2.0.9.jar
17:57:32.769 [Thread-3] DEBUG spoon.Launcher - [INFO] Downloading from google-maven-central: https://maven-central.storage-download.googleapis.com/maven2/org/apache/maven/maven-plugin-api/2.0.9/maven-plugin-api-2.0.9.jar
17:57:32.773 [Thread-3] DEBUG spoon.Launcher - [INFO] Downloading from google-maven-central: https://maven-central.storage-download.googleapis.com/maven2/org/apache/maven/maven-plugin-registry/2.0.9/maven-plugin-registry-2.0.9.jar
17:57:32.790 [Thread-3] DEBUG spoon.Launcher - [INFO] Downloaded from google-maven-central: https://maven-central.storage-download.googleapis.com/maven2/org/apache/maven/maven-project/2.0.9/maven-project-2.0.9.jar (122 kB at 2.4 MB/s)
17:57:32.791 [Thread-3] DEBUG spoon.Launcher - [INFO] Downloading from google-maven-central: https://maven-central.storage-download.googleapis.com/maven2/org/apache/maven/maven-model/2.0.9/maven-model-2.0.9.jar
17:57:32.874 [Thread-3] DEBUG spoon.Launcher - [INFO] Downloaded from google-maven-central: https://maven-central.storage-download.googleapis.com/maven2/org/apache/maven/maven-profile/2.0.9/maven-profile-2.0.9.jar (35 kB at 361 kB/s)
17:57:32.876 [Thread-3] DEBUG spoon.Launcher - [INFO] Downloading from google-maven-central: https://maven-central.storage-download.googleapis.com/maven2/org/apache/maven/maven-core/2.0.9/maven-core-2.0.9.jar
17:57:32.919 [Thread-3] DEBUG spoon.Launcher - [INFO] Downloaded from google-maven-central: https://maven-central.storage-download.googleapis.com/maven2/org/apache/maven/maven-plugin-api/2.0.9/maven-plugin-api-2.0.9.jar (13 kB at 69 kB/s)
17:57:32.925 [Thread-3] DEBUG spoon.Launcher - [INFO] Downloaded from google-maven-central: https://maven-central.storage-download.googleapis.com/maven2/org/apache/maven/maven-core/2.0.9/maven-core-2.0.9.jar (160 kB at 1.0 MB/s)
17:57:32.927 [Thread-3] DEBUG spoon.Launcher - [INFO] Downloading from google-maven-central: https://maven-central.storage-download.googleapis.com/maven2/org/apache/maven/maven-plugin-parameter-documenter/2.0.9/maven-plugin-parameter-documenter-2.0.9.jar
17:57:32.933 [Thread-3] DEBUG spoon.Launcher - [INFO] Downloaded from google-maven-central: https://maven-central.storage-download.googleapis.com/maven2/org/apache/maven/maven-plugin-registry/2.0.9/maven-plugin-registry-2.0.9.jar (29 kB at 183 kB/s)
17:57:32.933 [Thread-3] DEBUG spoon.Launcher - [INFO] Downloading from google-maven-central: https://maven-central.storage-download.googleapis.com/maven2/org/apache/maven/maven-error-diagnostics/2.0.9/maven-error-diagnostics-2.0.9.jar
17:57:32.935 [Thread-3] DEBUG spoon.Launcher - [INFO] Downloading from google-maven-central: https://maven-central.storage-download.googleapis.com/maven2/org/apache/maven/maven-plugin-descriptor/2.0.9/maven-plugin-descriptor-2.0.9.jar
17:57:32.943 [Thread-3] DEBUG spoon.Launcher - [INFO] Downloaded from google-maven-central: https://maven-central.storage-download.googleapis.com/maven2/org/apache/maven/maven-model/2.0.9/maven-model-2.0.9.jar (87 kB at 493 kB/s)
17:57:32.956 [Thread-3] DEBUG spoon.Launcher - [INFO] Downloaded from google-maven-central: https://maven-central.storage-download.googleapis.com/maven2/org/apache/maven/maven-plugin-parameter-documenter/2.0.9/maven-plugin-parameter-documenter-2.0.9.jar (21 kB at 110 kB/s)
17:57:32.958 [Thread-3] DEBUG spoon.Launcher - [INFO] Downloading from google-maven-central: https://maven-central.storage-download.googleapis.com/maven2/org/apache/maven/maven-monitor/2.0.9/maven-monitor-2.0.9.jar
17:57:32.962 [Thread-3] DEBUG spoon.Launcher - [INFO] Downloading from google-maven-central: https://maven-central.storage-download.googleapis.com/maven2/org/apache/maven/maven-artifact-manager/2.0.9/maven-artifact-manager-2.0.9.jar
17:57:32.973 [Thread-3] DEBUG spoon.Launcher - [INFO] Downloaded from google-maven-central: https://maven-central.storage-download.googleapis.com/maven2/org/apache/maven/maven-settings/2.0.9/maven-settings-2.0.9.jar (49 kB at 218 kB/s)
17:57:32.975 [Thread-3] DEBUG spoon.Launcher - [INFO] Downloaded from google-maven-central: https://maven-central.storage-download.googleapis.com/maven2/org/apache/maven/maven-error-diagnostics/2.0.9/maven-error-diagnostics-2.0.9.jar (14 kB at 66 kB/s)
17:57:32.978 [Thread-3] DEBUG spoon.Launcher - [INFO] Downloading from google-maven-central: https://maven-central.storage-download.googleapis.com/maven2/org/apache/maven/maven-repository-metadata/2.0.9/maven-repository-metadata-2.0.9.jar
17:57:32.982 [Thread-3] DEBUG spoon.Launcher - [INFO] Downloaded from google-maven-central: https://maven-central.storage-download.googleapis.com/maven2/org/apache/maven/maven-plugin-descriptor/2.0.9/maven-plugin-descriptor-2.0.9.jar (37 kB at 172 kB/s)
17:57:32.983 [Thread-3] DEBUG spoon.Launcher - [INFO] Downloading from google-maven-central: https://maven-central.storage-download.googleapis.com/maven2/org/apache/maven/reporting/maven-reporting-api/3.0/maven-reporting-api-3.0.jar
17:57:32.995 [Thread-3] DEBUG spoon.Launcher - [INFO] Downloading from google-maven-central: https://maven-central.storage-download.googleapis.com/maven2/org/apache/maven/reporting/maven-reporting-impl/2.0.5/maven-reporting-impl-2.0.5.jar
17:57:32.999 [Thread-3] DEBUG spoon.Launcher - [INFO] Downloaded from google-maven-central: https://maven-central.storage-download.googleapis.com/maven2/org/apache/maven/maven-monitor/2.0.9/maven-monitor-2.0.9.jar (10 kB at 44 kB/s)
17:57:33.004 [Thread-3] DEBUG spoon.Launcher - [INFO] Downloaded from google-maven-central: https://maven-central.storage-download.googleapis.com/maven2/org/apache/maven/reporting/maven-reporting-api/3.0/maven-reporting-api-3.0.jar (11 kB at 46 kB/s)
17:57:33.013 [Thread-3] DEBUG spoon.Launcher - [INFO] Downloading from google-maven-central: https://maven-central.storage-download.googleapis.com/maven2/org/apache/maven/doxia/doxia-core/1.0/doxia-core-1.0.jar
17:57:33.018 [Thread-3] DEBUG spoon.Launcher - [INFO] Downloaded from google-maven-central: https://maven-central.storage-download.googleapis.com/maven2/org/apache/maven/maven-repository-metadata/2.0.9/maven-repository-metadata-2.0.9.jar (25 kB at 97 kB/s)
17:57:33.028 [Thread-3] DEBUG spoon.Launcher - [INFO] Downloaded from google-maven-central: https://maven-central.storage-download.googleapis.com/maven2/org/apache/maven/maven-artifact-manager/2.0.9/maven-artifact-manager-2.0.9.jar (58 kB at 227 kB/s)
17:57:33.034 [Thread-3] DEBUG spoon.Launcher - [INFO] Downloading from google-maven-central: https://maven-central.storage-download.googleapis.com/maven2/org/apache/maven/shared/maven-doxia-tools/1.0.2/maven-doxia-tools-1.0.2.jar
17:57:33.035 [Thread-3] DEBUG spoon.Launcher - [INFO] Downloading from google-maven-central: https://maven-central.storage-download.googleapis.com/maven2/commons-validator/commons-validator/1.2.0/commons-validator-1.2.0.jar
17:57:33.037 [Thread-3] DEBUG spoon.Launcher - [INFO] Downloading from google-maven-central: https://maven-central.storage-download.googleapis.com/maven2/commons-io/commons-io/1.4/commons-io-1.4.jar
17:57:33.046 [Thread-3] DEBUG spoon.Launcher - [INFO] Downloaded from google-maven-central: https://maven-central.storage-download.googleapis.com/maven2/org/apache/maven/reporting/maven-reporting-impl/2.0.5/maven-reporting-impl-2.0.5.jar (21 kB at 74 kB/s)
17:57:33.046 [Thread-3] DEBUG spoon.Launcher - [INFO] Downloading from google-maven-central: https://maven-central.storage-download.googleapis.com/maven2/commons-beanutils/commons-beanutils/1.7.0/commons-beanutils-1.7.0.jar
17:57:33.071 [Thread-3] DEBUG spoon.Launcher - [INFO] Downloaded from google-maven-central: https://maven-central.storage-download.googleapis.com/maven2/org/apache/maven/shared/maven-doxia-tools/1.0.2/maven-doxia-tools-1.0.2.jar (41 kB at 137 kB/s)
17:57:33.074 [Thread-3] DEBUG spoon.Launcher - [INFO] Downloading from google-maven-central: https://maven-central.storage-download.googleapis.com/maven2/commons-digester/commons-digester/1.6/commons-digester-1.6.jar
17:57:33.091 [Thread-3] DEBUG spoon.Launcher - [INFO] Downloaded from google-maven-central: https://maven-central.storage-download.googleapis.com/maven2/org/apache/maven/doxia/doxia-core/1.0/doxia-core-1.0.jar (55 kB at 170 kB/s)
17:57:33.091 [Thread-3] DEBUG spoon.Launcher - [INFO] Downloading from google-maven-central: https://maven-central.storage-download.googleapis.com/maven2/commons-logging/commons-logging/1.0.4/commons-logging-1.0.4.jar
17:57:33.097 [Thread-3] DEBUG spoon.Launcher - [INFO] Downloaded from google-maven-central: https://maven-central.storage-download.googleapis.com/maven2/commons-validator/commons-validator/1.2.0/commons-validator-1.2.0.jar (91 kB at 275 kB/s)
17:57:33.115 [Thread-3] DEBUG spoon.Launcher - [INFO] Downloading from google-maven-central: https://maven-central.storage-download.googleapis.com/maven2/oro/oro/2.0.8/oro-2.0.8.jar
17:57:33.125 [Thread-3] DEBUG spoon.Launcher - [INFO] Downloaded from google-maven-central: https://maven-central.storage-download.googleapis.com/maven2/commons-beanutils/commons-beanutils/1.7.0/commons-beanutils-1.7.0.jar (189 kB at 526 kB/s)
17:57:33.127 [Thread-3] DEBUG spoon.Launcher - [INFO] Downloaded from google-maven-central: https://maven-central.storage-download.googleapis.com/maven2/commons-io/commons-io/1.4/commons-io-1.4.jar (109 kB at 302 kB/s)
17:57:33.129 [Thread-3] DEBUG spoon.Launcher - [INFO] Downloading from google-maven-central: https://maven-central.storage-download.googleapis.com/maven2/xml-apis/xml-apis/1.0.b2/xml-apis-1.0.b2.jar
17:57:33.130 [Thread-3] DEBUG spoon.Launcher - [INFO] Downloading from google-maven-central: https://maven-central.storage-download.googleapis.com/maven2/org/apache/maven/doxia/doxia-sink-api/1.0/doxia-sink-api-1.0.jar
17:57:33.144 [Thread-3] DEBUG spoon.Launcher - [INFO] Downloaded from google-maven-central: https://maven-central.storage-download.googleapis.com/maven2/commons-digester/commons-digester/1.6/commons-digester-1.6.jar (168 kB at 454 kB/s)
17:57:33.146 [Thread-3] DEBUG spoon.Launcher - [INFO] Downloaded from google-maven-central: https://maven-central.storage-download.googleapis.com/maven2/commons-logging/commons-logging/1.0.4/commons-logging-1.0.4.jar (38 kB at 102 kB/s)
17:57:33.148 [Thread-3] DEBUG spoon.Launcher - [INFO] Downloading from google-maven-central: https://maven-central.storage-download.googleapis.com/maven2/org/apache/maven/doxia/doxia-site-renderer/1.0/doxia-site-renderer-1.0.jar
17:57:33.151 [Thread-3] DEBUG spoon.Launcher - [INFO] Downloading from google-maven-central: https://maven-central.storage-download.googleapis.com/maven2/org/codehaus/plexus/plexus-i18n/1.0-beta-7/plexus-i18n-1.0-beta-7.jar
17:57:33.155 [Thread-3] DEBUG spoon.Launcher - [INFO] Downloaded from google-maven-central: https://maven-central.storage-download.googleapis.com/maven2/org/apache/maven/doxia/doxia-sink-api/1.0/doxia-sink-api-1.0.jar (10 kB at 26 kB/s)
17:57:33.158 [Thread-3] DEBUG spoon.Launcher - [INFO] Downloaded from google-maven-central: https://maven-central.storage-download.googleapis.com/maven2/oro/oro/2.0.8/oro-2.0.8.jar (65 kB at 167 kB/s)
17:57:33.161 [Thread-3] DEBUG spoon.Launcher - [INFO] Downloading from google-maven-central: https://maven-central.storage-download.googleapis.com/maven2/org/codehaus/plexus/plexus-velocity/1.1.7/plexus-velocity-1.1.7.jar
17:57:33.164 [Thread-3] DEBUG spoon.Launcher - [INFO] Downloading from google-maven-central: https://maven-central.storage-download.googleapis.com/maven2/org/apache/velocity/velocity/1.5/velocity-1.5.jar
17:57:33.178 [Thread-3] DEBUG spoon.Launcher - [INFO] Downloaded from google-maven-central: https://maven-central.storage-download.googleapis.com/maven2/org/codehaus/plexus/plexus-i18n/1.0-beta-7/plexus-i18n-1.0-beta-7.jar (11 kB at 26 kB/s)
17:57:33.182 [Thread-3] DEBUG spoon.Launcher - [INFO] Downloading from google-maven-central: https://maven-central.storage-download.googleapis.com/maven2/org/apache/maven/doxia/doxia-decoration-model/1.0/doxia-decoration-model-1.0.jar
17:57:33.189 [Thread-3] DEBUG spoon.Launcher - [INFO] Downloaded from google-maven-central: https://maven-central.storage-download.googleapis.com/maven2/org/apache/maven/doxia/doxia-site-renderer/1.0/doxia-site-renderer-1.0.jar (47 kB at 111 kB/s)
17:57:33.192 [Thread-3] DEBUG spoon.Launcher - [INFO] Downloading from google-maven-central: https://maven-central.storage-download.googleapis.com/maven2/org/apache/maven/doxia/doxia-module-apt/1.0/doxia-module-apt-1.0.jar
17:57:33.201 [Thread-3] DEBUG spoon.Launcher - [INFO] Downloaded from google-maven-central: https://maven-central.storage-download.googleapis.com/maven2/xml-apis/xml-apis/1.0.b2/xml-apis-1.0.b2.jar (109 kB at 251 kB/s)
17:57:33.202 [Thread-3] DEBUG spoon.Launcher - [INFO] Downloading from google-maven-central: https://maven-central.storage-download.googleapis.com/maven2/org/apache/maven/doxia/doxia-module-fml/1.0/doxia-module-fml-1.0.jar
17:57:33.207 [Thread-3] DEBUG spoon.Launcher - [INFO] Downloaded from google-maven-central: https://maven-central.storage-download.googleapis.com/maven2/org/codehaus/plexus/plexus-velocity/1.1.7/plexus-velocity-1.1.7.jar (7.7 kB at 17 kB/s)
17:57:33.207 [Thread-3] DEBUG spoon.Launcher - [INFO] Downloading from google-maven-central: https://maven-central.storage-download.googleapis.com/maven2/org/apache/maven/doxia/doxia-module-xdoc/1.0/doxia-module-xdoc-1.0.jar
17:57:33.216 [Thread-3] DEBUG spoon.Launcher - [INFO] Downloaded from google-maven-central: https://maven-central.storage-download.googleapis.com/maven2/org/apache/maven/doxia/doxia-module-apt/1.0/doxia-module-apt-1.0.jar (47 kB at 106 kB/s)
17:57:33.218 [Thread-3] DEBUG spoon.Launcher - [INFO] Downloading from google-maven-central: https://maven-central.storage-download.googleapis.com/maven2/org/apache/maven/doxia/doxia-module-xhtml/1.0/doxia-module-xhtml-1.0.jar
17:57:33.237 [Thread-3] DEBUG spoon.Launcher - [INFO] Downloaded from google-maven-central: https://maven-central.storage-download.googleapis.com/maven2/org/apache/maven/doxia/doxia-module-xhtml/1.0/doxia-module-xhtml-1.0.jar (22 kB at 47 kB/s)
17:57:33.239 [Thread-3] DEBUG spoon.Launcher - [INFO] Downloaded from google-maven-central: https://maven-central.storage-download.googleapis.com/maven2/org/apache/maven/doxia/doxia-module-fml/1.0/doxia-module-fml-1.0.jar (19 kB at 39 kB/s)
17:57:33.239 [Thread-3] DEBUG spoon.Launcher - [INFO] Downloading from google-maven-central: https://maven-central.storage-download.googleapis.com/maven2/org/codehaus/plexus/plexus-archiver/2.3/plexus-archiver-2.3.jar
17:57:33.239 [Thread-3] DEBUG spoon.Launcher - [INFO] Downloaded from google-maven-central: https://maven-central.storage-download.googleapis.com/maven2/org/apache/maven/doxia/doxia-module-xdoc/1.0/doxia-module-xdoc-1.0.jar (28 kB at 59 kB/s)
17:57:33.240 [Thread-3] DEBUG spoon.Launcher - [INFO] Downloading from google-maven-central: https://maven-central.storage-download.googleapis.com/maven2/org/codehaus/plexus/plexus-utils/3.0.9/plexus-utils-3.0.9.jar
17:57:33.253 [Thread-3] DEBUG spoon.Launcher - [INFO] Downloading from google-maven-central: https://maven-central.storage-download.googleapis.com/maven2/org/apache/maven/shared/file-management/1.2.1/file-management-1.2.1.jar
17:57:33.254 [Thread-3] DEBUG spoon.Launcher - [INFO] Downloaded from google-maven-central: https://maven-central.storage-download.googleapis.com/maven2/org/apache/maven/doxia/doxia-decoration-model/1.0/doxia-decoration-model-1.0.jar (49 kB at 101 kB/s)
17:57:33.255 [Thread-3] DEBUG spoon.Launcher - [INFO] Downloading from google-maven-central: https://maven-central.storage-download.googleapis.com/maven2/org/apache/maven/shared/maven-shared-io/1.1/maven-shared-io-1.1.jar
17:57:33.264 [Thread-3] DEBUG spoon.Launcher - [INFO] Downloaded from google-maven-central: https://maven-central.storage-download.googleapis.com/maven2/org/apache/velocity/velocity/1.5/velocity-1.5.jar (392 kB at 789 kB/s)
17:57:33.264 [Thread-3] DEBUG spoon.Launcher - [INFO] Downloading from google-maven-central: https://maven-central.storage-download.googleapis.com/maven2/org/apache/maven/wagon/wagon-provider-api/1.0-alpha-6/wagon-provider-api-1.0-alpha-6.jar
17:57:33.273 [Thread-3] DEBUG spoon.Launcher - [INFO] Downloaded from google-maven-central: https://maven-central.storage-download.googleapis.com/maven2/org/apache/maven/shared/maven-shared-io/1.1/maven-shared-io-1.1.jar (39 kB at 79 kB/s)
17:57:33.280 [Thread-3] DEBUG spoon.Launcher - [INFO] Downloaded from google-maven-central: https://maven-central.storage-download.googleapis.com/maven2/org/codehaus/plexus/plexus-archiver/2.3/plexus-archiver-2.3.jar (186 kB at 367 kB/s)
17:57:33.282 [Thread-3] DEBUG spoon.Launcher - [INFO] Downloaded from google-maven-central: https://maven-central.storage-download.googleapis.com/maven2/org/apache/maven/shared/file-management/1.2.1/file-management-1.2.1.jar (38 kB at 74 kB/s)
17:57:33.284 [Thread-3] DEBUG spoon.Launcher - [INFO] Downloading from google-maven-central: https://maven-central.storage-download.googleapis.com/maven2/org/codehaus/plexus/plexus-io/2.0.6/plexus-io-2.0.6.jar
17:57:33.298 [Thread-3] DEBUG spoon.Launcher - [INFO] Downloading from google-maven-central: https://maven-central.storage-download.googleapis.com/maven2/org/apache/maven/shared/maven-dependency-analyzer/1.4/maven-dependency-analyzer-1.4.jar
17:57:33.299 [Thread-3] DEBUG spoon.Launcher - [INFO] Downloading from google-maven-central: https://maven-central.storage-download.googleapis.com/maven2/asm/asm/3.3.1/asm-3.3.1.jar
17:57:33.307 [Thread-3] DEBUG spoon.Launcher - [INFO] Downloaded from google-maven-central: https://maven-central.storage-download.googleapis.com/maven2/org/apache/maven/wagon/wagon-provider-api/1.0-alpha-6/wagon-provider-api-1.0-alpha-6.jar (43 kB at 79 kB/s)
17:57:33.318 [Thread-3] DEBUG spoon.Launcher - [INFO] Downloaded from google-maven-central: https://maven-central.storage-download.googleapis.com/maven2/org/codehaus/plexus/plexus-io/2.0.6/plexus-io-2.0.6.jar (58 kB at 106 kB/s)
17:57:33.321 [Thread-3] DEBUG spoon.Launcher - [INFO] Downloading from google-maven-central: https://maven-central.storage-download.googleapis.com/maven2/org/apache/maven/shared/maven-dependency-tree/2.1/maven-dependency-tree-2.1.jar
17:57:33.323 [Thread-3] DEBUG spoon.Launcher - [INFO] Downloaded from google-maven-central: https://maven-central.storage-download.googleapis.com/maven2/org/apache/maven/shared/maven-dependency-analyzer/1.4/maven-dependency-analyzer-1.4.jar (27 kB at 50 kB/s)
17:57:33.324 [Thread-3] DEBUG spoon.Launcher - [INFO] Downloading from google-maven-central: https://maven-central.storage-download.googleapis.com/maven2/org/codehaus/plexus/plexus-component-annotations/1.5.5/plexus-component-annotations-1.5.5.jar
17:57:33.328 [Thread-3] DEBUG spoon.Launcher - [INFO] Downloading from google-maven-central: https://maven-central.storage-download.googleapis.com/maven2/org/eclipse/aether/aether-util/0.9.0.M2/aether-util-0.9.0.M2.jar
17:57:33.352 [Thread-3] DEBUG spoon.Launcher - [INFO] Downloaded from google-maven-central: https://maven-central.storage-download.googleapis.com/maven2/org/apache/maven/shared/maven-dependency-tree/2.1/maven-dependency-tree-2.1.jar (60 kB at 104 kB/s)
17:57:33.355 [Thread-3] DEBUG spoon.Launcher - [INFO] Downloading from google-maven-central: https://maven-central.storage-download.googleapis.com/maven2/org/apache/maven/shared/maven-common-artifact-filters/1.4/maven-common-artifact-filters-1.4.jar
17:57:33.358 [Thread-3] DEBUG spoon.Launcher - [INFO] Downloaded from google-maven-central: https://maven-central.storage-download.googleapis.com/maven2/org/codehaus/plexus/plexus-component-annotations/1.5.5/plexus-component-annotations-1.5.5.jar (4.2 kB at 7.1 kB/s)
17:57:33.364 [Thread-3] DEBUG spoon.Launcher - [INFO] Downloading from google-maven-central: https://maven-central.storage-download.googleapis.com/maven2/org/apache/maven/shared/maven-invoker/2.0.11/maven-invoker-2.0.11.jar
17:57:33.368 [Thread-3] DEBUG spoon.Launcher - [INFO] Downloaded from google-maven-central: https://maven-central.storage-download.googleapis.com/maven2/org/eclipse/aether/aether-util/0.9.0.M2/aether-util-0.9.0.M2.jar (134 kB at 224 kB/s)
17:57:33.371 [Thread-3] DEBUG spoon.Launcher - [INFO] Downloading from google-maven-central: https://maven-central.storage-download.googleapis.com/maven2/commons-collections/commons-collections/3.2.1/commons-collections-3.2.1.jar
17:57:33.382 [Thread-3] DEBUG spoon.Launcher - [INFO] Downloaded from google-maven-central: https://maven-central.storage-download.googleapis.com/maven2/org/apache/maven/shared/maven-common-artifact-filters/1.4/maven-common-artifact-filters-1.4.jar (32 kB at 52 kB/s)
17:57:33.383 [Thread-3] DEBUG spoon.Launcher - [INFO] Downloaded from google-maven-central: https://maven-central.storage-download.googleapis.com/maven2/asm/asm/3.3.1/asm-3.3.1.jar (44 kB at 71 kB/s)
17:57:33.442 [Thread-3] DEBUG spoon.Launcher - [INFO] Downloaded from google-maven-central: https://maven-central.storage-download.googleapis.com/maven2/org/codehaus/plexus/plexus-utils/3.0.9/plexus-utils-3.0.9.jar (232 kB at 346 kB/s)
17:57:33.442 [Thread-3] DEBUG spoon.Launcher - [INFO] Downloaded from google-maven-central: https://maven-central.storage-download.googleapis.com/maven2/org/apache/maven/shared/maven-invoker/2.0.11/maven-invoker-2.0.11.jar (29 kB at 43 kB/s)
17:57:33.481 [Thread-3] DEBUG spoon.Launcher - [INFO] Downloaded from google-maven-central: https://maven-central.storage-download.googleapis.com/maven2/commons-collections/commons-collections/3.2.1/commons-collections-3.2.1.jar (575 kB at 809 kB/s)
17:57:34.296 [Thread-3] DEBUG spoon.Launcher - [INFO] Wrote classpath file '/home/travis/build/SpoonLabs/spoon-ci-external/spoon/src/test/resources/maven-launcher/system-dependency/spoon.classpath.tmp'.
17:57:34.299 [Thread-3] DEBUG spoon.Launcher - [INFO] ------------------------------------------------------------------------
17:57:34.300 [Thread-3] DEBUG spoon.Launcher - [INFO] BUILD SUCCESS
17:57:34.301 [Thread-3] DEBUG spoon.Launcher - [INFO] ------------------------------------------------------------------------
17:57:34.309 [Thread-3] DEBUG spoon.Launcher - [INFO] Total time:  7.218 s
17:57:34.310 [Thread-3] DEBUG spoon.Launcher - [INFO] Finished at: 2020-08-14T17:57:34Z
17:57:34.311 [Thread-3] DEBUG spoon.Launcher - [INFO] ------------------------------------------------------------------------
]]></system-out>
  </testcase>
  <testcase name="mavenLauncherTestMultiModulesAndVariables" classname="spoon.MavenLauncherTest" time="32.869">
    <system-out><![CDATA[17:57:34.346 [main] INFO spoon.Launcher - Running in NOCLASSPATH mode (doc: http://spoon.gforge.inria.fr/launcher.html).
17:57:36.193 [Thread-6] DEBUG spoon.Launcher - [INFO] Scanning for projects...
17:57:36.627 [Thread-6] DEBUG spoon.Launcher - [INFO] Downloading from google-maven-central: https://maven-central.storage-download.googleapis.com/maven2/org/apache/felix/maven-bundle-plugin/3.0.1/maven-bundle-plugin-3.0.1.pom
17:57:37.230 [Thread-6] DEBUG spoon.Launcher - [INFO] Downloaded from google-maven-central: https://maven-central.storage-download.googleapis.com/maven2/org/apache/felix/maven-bundle-plugin/3.0.1/maven-bundle-plugin-3.0.1.pom (8.4 kB at 14 kB/s)
17:57:37.260 [Thread-6] DEBUG spoon.Launcher - [INFO] Downloading from google-maven-central: https://maven-central.storage-download.googleapis.com/maven2/org/apache/felix/felix-parent/3/felix-parent-3.pom
17:57:37.388 [Thread-6] DEBUG spoon.Launcher - [INFO] Downloaded from google-maven-central: https://maven-central.storage-download.googleapis.com/maven2/org/apache/felix/felix-parent/3/felix-parent-3.pom (17 kB at 129 kB/s)
17:57:37.407 [Thread-6] DEBUG spoon.Launcher - [INFO] Downloading from google-maven-central: https://maven-central.storage-download.googleapis.com/maven2/org/apache/apache/17/apache-17.pom
17:57:37.434 [Thread-6] DEBUG spoon.Launcher - [INFO] Downloaded from google-maven-central: https://maven-central.storage-download.googleapis.com/maven2/org/apache/apache/17/apache-17.pom (16 kB at 595 kB/s)
17:57:37.469 [Thread-6] DEBUG spoon.Launcher - [INFO] Downloading from google-maven-central: https://maven-central.storage-download.googleapis.com/maven2/org/osgi/org.osgi.core/4.3.1/org.osgi.core-4.3.1.pom
17:57:37.484 [Thread-6] DEBUG spoon.Launcher - [INFO] Downloaded from google-maven-central: https://maven-central.storage-download.googleapis.com/maven2/org/osgi/org.osgi.core/4.3.1/org.osgi.core-4.3.1.pom (1.4 kB at 74 kB/s)
17:57:37.490 [Thread-6] DEBUG spoon.Launcher - [INFO] Downloading from google-maven-central: https://maven-central.storage-download.googleapis.com/maven2/biz/aQute/bnd/biz.aQute.bndlib/3.0.0/biz.aQute.bndlib-3.0.0.pom
17:57:37.498 [Thread-6] DEBUG spoon.Launcher - [INFO] Downloaded from google-maven-central: https://maven-central.storage-download.googleapis.com/maven2/biz/aQute/bnd/biz.aQute.bndlib/3.0.0/biz.aQute.bndlib-3.0.0.pom (1.3 kB at 144 kB/s)
17:57:37.503 [Thread-6] DEBUG spoon.Launcher - [INFO] Downloading from google-maven-central: https://maven-central.storage-download.googleapis.com/maven2/org/apache/felix/org.apache.felix.bundlerepository/1.6.6/org.apache.felix.bundlerepository-1.6.6.pom
17:57:37.513 [Thread-6] DEBUG spoon.Launcher - [INFO] Downloaded from google-maven-central: https://maven-central.storage-download.googleapis.com/maven2/org/apache/felix/org.apache.felix.bundlerepository/1.6.6/org.apache.felix.bundlerepository-1.6.6.pom (5.9 kB at 654 kB/s)
17:57:37.527 [Thread-6] DEBUG spoon.Launcher - [INFO] Downloading from google-maven-central: https://maven-central.storage-download.googleapis.com/maven2/org/apache/felix/felix-parent/2.1/felix-parent-2.1.pom
17:57:37.546 [Thread-6] DEBUG spoon.Launcher - [INFO] Downloaded from google-maven-central: https://maven-central.storage-download.googleapis.com/maven2/org/apache/felix/felix-parent/2.1/felix-parent-2.1.pom (9.7 kB at 508 kB/s)
17:57:37.568 [Thread-6] DEBUG spoon.Launcher - [INFO] Downloading from google-maven-central: https://maven-central.storage-download.googleapis.com/maven2/org/osgi/org.osgi.core/4.1.0/org.osgi.core-4.1.0.pom
17:57:37.583 [Thread-6] DEBUG spoon.Launcher - [INFO] Downloaded from google-maven-central: https://maven-central.storage-download.googleapis.com/maven2/org/osgi/org.osgi.core/4.1.0/org.osgi.core-4.1.0.pom (193 B at 13 kB/s)
17:57:37.588 [Thread-6] DEBUG spoon.Launcher - [INFO] Downloading from google-maven-central: https://maven-central.storage-download.googleapis.com/maven2/org/easymock/easymock/2.5.2/easymock-2.5.2.pom
17:57:37.598 [Thread-6] DEBUG spoon.Launcher - [INFO] Downloaded from google-maven-central: https://maven-central.storage-download.googleapis.com/maven2/org/easymock/easymock/2.5.2/easymock-2.5.2.pom (12 kB at 1.2 MB/s)
17:57:37.612 [Thread-6] DEBUG spoon.Launcher - [INFO] Downloading from google-maven-central: https://maven-central.storage-download.googleapis.com/maven2/org/apache/felix/org.apache.felix.utils/1.6.0/org.apache.felix.utils-1.6.0.pom
17:57:37.627 [Thread-6] DEBUG spoon.Launcher - [INFO] Downloaded from google-maven-central: https://maven-central.storage-download.googleapis.com/maven2/org/apache/felix/org.apache.felix.utils/1.6.0/org.apache.felix.utils-1.6.0.pom (3.3 kB at 234 kB/s)
17:57:37.641 [Thread-6] DEBUG spoon.Launcher - [INFO] Downloading from google-maven-central: https://maven-central.storage-download.googleapis.com/maven2/org/osgi/org.osgi.compendium/4.2.0/org.osgi.compendium-4.2.0.pom
17:57:37.659 [Thread-6] DEBUG spoon.Launcher - [INFO] Downloaded from google-maven-central: https://maven-central.storage-download.googleapis.com/maven2/org/osgi/org.osgi.compendium/4.2.0/org.osgi.compendium-4.2.0.pom (463 B at 27 kB/s)
17:57:37.663 [Thread-6] DEBUG spoon.Launcher - [INFO] Downloading from google-maven-central: https://maven-central.storage-download.googleapis.com/maven2/org/apache/maven/maven-core/2.2.0/maven-core-2.2.0.pom
17:57:37.686 [Thread-6] DEBUG spoon.Launcher - [INFO] Downloaded from google-maven-central: https://maven-central.storage-download.googleapis.com/maven2/org/apache/maven/maven-core/2.2.0/maven-core-2.2.0.pom (11 kB at 510 kB/s)
17:57:37.774 [Thread-6] DEBUG spoon.Launcher - [INFO] Downloading from google-maven-central: https://maven-central.storage-download.googleapis.com/maven2/org/apache/maven/maven-plugin-parameter-documenter/2.2.0/maven-plugin-parameter-documenter-2.2.0.pom
17:57:37.790 [Thread-6] DEBUG spoon.Launcher - [INFO] Downloaded from google-maven-central: https://maven-central.storage-download.googleapis.com/maven2/org/apache/maven/maven-plugin-parameter-documenter/2.2.0/maven-plugin-parameter-documenter-2.2.0.pom (2.0 kB at 130 kB/s)
17:57:37.831 [Thread-6] DEBUG spoon.Launcher - [INFO] Downloading from google-maven-central: https://maven-central.storage-download.googleapis.com/maven2/org/apache/maven/reporting/maven-reporting-api/2.2.0/maven-reporting-api-2.2.0.pom
17:57:37.848 [Thread-6] DEBUG spoon.Launcher - [INFO] Downloaded from google-maven-central: https://maven-central.storage-download.googleapis.com/maven2/org/apache/maven/reporting/maven-reporting-api/2.2.0/maven-reporting-api-2.2.0.pom (1.9 kB at 116 kB/s)
17:57:37.852 [Thread-6] DEBUG spoon.Launcher - [INFO] Downloading from google-maven-central: https://maven-central.storage-download.googleapis.com/maven2/org/apache/maven/reporting/maven-reporting/2.2.0/maven-reporting-2.2.0.pom
17:57:37.867 [Thread-6] DEBUG spoon.Launcher - [INFO] Downloaded from google-maven-central: https://maven-central.storage-download.googleapis.com/maven2/org/apache/maven/reporting/maven-reporting/2.2.0/maven-reporting-2.2.0.pom (1.4 kB at 90 kB/s)
17:57:37.879 [Thread-6] DEBUG spoon.Launcher - [INFO] Downloading from google-maven-central: https://maven-central.storage-download.googleapis.com/maven2/org/apache/maven/doxia/doxia-sink-api/1.1/doxia-sink-api-1.1.pom
17:57:37.898 [Thread-6] DEBUG spoon.Launcher - [INFO] Downloaded from google-maven-central: https://maven-central.storage-download.googleapis.com/maven2/org/apache/maven/doxia/doxia-sink-api/1.1/doxia-sink-api-1.1.pom (2.0 kB at 102 kB/s)
17:57:37.906 [Thread-6] DEBUG spoon.Launcher - [INFO] Downloading from google-maven-central: https://maven-central.storage-download.googleapis.com/maven2/org/apache/maven/doxia/doxia/1.1/doxia-1.1.pom
17:57:37.916 [Thread-6] DEBUG spoon.Launcher - [INFO] Downloaded from google-maven-central: https://maven-central.storage-download.googleapis.com/maven2/org/apache/maven/doxia/doxia/1.1/doxia-1.1.pom (15 kB at 1.3 MB/s)
17:57:37.926 [Thread-6] DEBUG spoon.Launcher - [INFO] Downloading from google-maven-central: https://maven-central.storage-download.googleapis.com/maven2/org/apache/maven/doxia/doxia-logging-api/1.1/doxia-logging-api-1.1.pom
17:57:37.937 [Thread-6] DEBUG spoon.Launcher - [INFO] Downloaded from google-maven-central: https://maven-central.storage-download.googleapis.com/maven2/org/apache/maven/doxia/doxia-logging-api/1.1/doxia-logging-api-1.1.pom (1.6 kB at 143 kB/s)
17:57:37.998 [Thread-6] DEBUG spoon.Launcher - [INFO] Downloading from google-maven-central: https://maven-central.storage-download.googleapis.com/maven2/org/apache/maven/maven-error-diagnostics/2.2.0/maven-error-diagnostics-2.2.0.pom
17:57:38.006 [Thread-6] DEBUG spoon.Launcher - [INFO] Downloaded from google-maven-central: https://maven-central.storage-download.googleapis.com/maven2/org/apache/maven/maven-error-diagnostics/2.2.0/maven-error-diagnostics-2.2.0.pom (1.7 kB at 214 kB/s)
17:57:38.024 [Thread-6] DEBUG spoon.Launcher - [INFO] Downloading from google-maven-central: https://maven-central.storage-download.googleapis.com/maven2/commons-cli/commons-cli/1.2/commons-cli-1.2.pom
17:57:38.032 [Thread-6] DEBUG spoon.Launcher - [INFO] Downloaded from google-maven-central: https://maven-central.storage-download.googleapis.com/maven2/commons-cli/commons-cli/1.2/commons-cli-1.2.pom (8.0 kB at 887 kB/s)
17:57:38.036 [Thread-6] DEBUG spoon.Launcher - [INFO] Downloading from google-maven-central: https://maven-central.storage-download.googleapis.com/maven2/org/apache/commons/commons-parent/11/commons-parent-11.pom
17:57:38.050 [Thread-6] DEBUG spoon.Launcher - [INFO] Downloaded from google-maven-central: https://maven-central.storage-download.googleapis.com/maven2/org/apache/commons/commons-parent/11/commons-parent-11.pom (25 kB at 2.1 MB/s)
17:57:38.066 [Thread-6] DEBUG spoon.Launcher - [INFO] Downloading from google-maven-central: https://maven-central.storage-download.googleapis.com/maven2/org/apache/maven/maven-plugin-api/2.2.0/maven-plugin-api-2.2.0.pom
17:57:38.073 [Thread-6] DEBUG spoon.Launcher - [INFO] Downloaded from google-maven-central: https://maven-central.storage-download.googleapis.com/maven2/org/apache/maven/maven-plugin-api/2.2.0/maven-plugin-api-2.2.0.pom (1.5 kB at 182 kB/s)
17:57:38.084 [Thread-6] DEBUG spoon.Launcher - [INFO] Downloading from google-maven-central: https://maven-central.storage-download.googleapis.com/maven2/org/apache/maven/maven-plugin-descriptor/2.2.0/maven-plugin-descriptor-2.2.0.pom
17:57:38.091 [Thread-6] DEBUG spoon.Launcher - [INFO] Downloaded from google-maven-central: https://maven-central.storage-download.googleapis.com/maven2/org/apache/maven/maven-plugin-descriptor/2.2.0/maven-plugin-descriptor-2.2.0.pom (2.1 kB at 258 kB/s)
17:57:38.099 [Thread-6] DEBUG spoon.Launcher - [INFO] Downloading from google-maven-central: https://maven-central.storage-download.googleapis.com/maven2/org/apache/maven/maven-monitor/2.2.0/maven-monitor-2.2.0.pom
17:57:38.106 [Thread-6] DEBUG spoon.Launcher - [INFO] Downloaded from google-maven-central: https://maven-central.storage-download.googleapis.com/maven2/org/apache/maven/maven-monitor/2.2.0/maven-monitor-2.2.0.pom (1.3 kB at 180 kB/s)
17:57:38.120 [Thread-6] DEBUG spoon.Launcher - [INFO] Downloading from google-maven-central: https://maven-central.storage-download.googleapis.com/maven2/org/apache/maven/maven-archiver/2.5/maven-archiver-2.5.pom
17:57:38.214 [Thread-6] DEBUG spoon.Launcher - [INFO] Downloaded from google-maven-central: https://maven-central.storage-download.googleapis.com/maven2/org/apache/maven/maven-archiver/2.5/maven-archiver-2.5.pom (4.5 kB at 48 kB/s)
17:57:38.297 [Thread-6] DEBUG spoon.Launcher - [INFO] Downloading from google-maven-central: https://maven-central.storage-download.googleapis.com/maven2/org/codehaus/plexus/plexus-archiver/2.1/plexus-archiver-2.1.pom
17:57:38.313 [Thread-6] DEBUG spoon.Launcher - [INFO] Downloaded from google-maven-central: https://maven-central.storage-download.googleapis.com/maven2/org/codehaus/plexus/plexus-archiver/2.1/plexus-archiver-2.1.pom (2.8 kB at 201 kB/s)
17:57:38.328 [Thread-6] DEBUG spoon.Launcher - [INFO] Downloading from google-maven-central: https://maven-central.storage-download.googleapis.com/maven2/org/codehaus/plexus/plexus-utils/3.0/plexus-utils-3.0.pom
17:57:38.339 [Thread-6] DEBUG spoon.Launcher - [INFO] Downloaded from google-maven-central: https://maven-central.storage-download.googleapis.com/maven2/org/codehaus/plexus/plexus-utils/3.0/plexus-utils-3.0.pom (4.1 kB at 290 kB/s)
17:57:38.351 [Thread-6] DEBUG spoon.Launcher - [INFO] Downloading from google-maven-central: https://maven-central.storage-download.googleapis.com/maven2/org/codehaus/plexus/plexus-io/2.0.2/plexus-io-2.0.2.pom
17:57:38.358 [Thread-6] DEBUG spoon.Launcher - [INFO] Downloaded from google-maven-central: https://maven-central.storage-download.googleapis.com/maven2/org/codehaus/plexus/plexus-io/2.0.2/plexus-io-2.0.2.pom (1.7 kB at 217 kB/s)
17:57:38.362 [Thread-6] DEBUG spoon.Launcher - [INFO] Downloading from google-maven-central: https://maven-central.storage-download.googleapis.com/maven2/org/codehaus/plexus/plexus-components/1.1.19/plexus-components-1.1.19.pom
17:57:38.378 [Thread-6] DEBUG spoon.Launcher - [INFO] Downloaded from google-maven-central: https://maven-central.storage-download.googleapis.com/maven2/org/codehaus/plexus/plexus-components/1.1.19/plexus-components-1.1.19.pom (2.7 kB at 337 kB/s)
17:57:38.405 [Thread-6] DEBUG spoon.Launcher - [INFO] Downloading from google-maven-central: https://maven-central.storage-download.googleapis.com/maven2/org/sonatype/plexus/plexus-build-api/0.0.7/plexus-build-api-0.0.7.pom
17:57:38.417 [Thread-6] DEBUG spoon.Launcher - [INFO] Downloaded from google-maven-central: https://maven-central.storage-download.googleapis.com/maven2/org/sonatype/plexus/plexus-build-api/0.0.7/plexus-build-api-0.0.7.pom (3.2 kB at 320 kB/s)
17:57:38.485 [Thread-6] DEBUG spoon.Launcher - [INFO] Downloading from google-maven-central: https://maven-central.storage-download.googleapis.com/maven2/org/jdom/jdom/1.1/jdom-1.1.pom
17:57:38.497 [Thread-6] DEBUG spoon.Launcher - [INFO] Downloaded from google-maven-central: https://maven-central.storage-download.googleapis.com/maven2/org/jdom/jdom/1.1/jdom-1.1.pom (2.2 kB at 274 kB/s)
17:57:38.532 [Thread-6] DEBUG spoon.Launcher - [INFO] Downloading from google-maven-central: https://maven-central.storage-download.googleapis.com/maven2/org/apache/felix/maven-bundle-plugin/3.0.1/maven-bundle-plugin-3.0.1.jar
17:57:38.546 [Thread-6] DEBUG spoon.Launcher - [INFO] Downloading from google-maven-central: https://maven-central.storage-download.googleapis.com/maven2/org/osgi/org.osgi.core/4.3.1/org.osgi.core-4.3.1.jar
17:57:38.552 [Thread-6] DEBUG spoon.Launcher - [INFO] Downloading from google-maven-central: https://maven-central.storage-download.googleapis.com/maven2/biz/aQute/bnd/biz.aQute.bndlib/3.0.0/biz.aQute.bndlib-3.0.0.jar
17:57:38.572 [Thread-6] DEBUG spoon.Launcher - [INFO] Downloading from google-maven-central: https://maven-central.storage-download.googleapis.com/maven2/org/apache/felix/org.apache.felix.bundlerepository/1.6.6/org.apache.felix.bundlerepository-1.6.6.jar
17:57:38.581 [Thread-6] DEBUG spoon.Launcher - [INFO] Downloading from google-maven-central: https://maven-central.storage-download.googleapis.com/maven2/org/easymock/easymock/2.5.2/easymock-2.5.2.jar
17:57:38.630 [Thread-6] DEBUG spoon.Launcher - [INFO] Downloaded from google-maven-central: https://maven-central.storage-download.googleapis.com/maven2/org/easymock/easymock/2.5.2/easymock-2.5.2.jar (95 kB at 1.7 MB/s)
17:57:38.646 [Thread-6] DEBUG spoon.Launcher - [INFO] Downloading from google-maven-central: https://maven-central.storage-download.googleapis.com/maven2/org/apache/felix/org.apache.felix.utils/1.6.0/org.apache.felix.utils-1.6.0.jar
17:57:38.675 [Thread-6] DEBUG spoon.Launcher - [INFO] Downloaded from google-maven-central: https://maven-central.storage-download.googleapis.com/maven2/org/apache/felix/org.apache.felix.bundlerepository/1.6.6/org.apache.felix.bundlerepository-1.6.6.jar (168 kB at 1.4 MB/s)
17:57:38.677 [Thread-6] DEBUG spoon.Launcher - [INFO] Downloading from google-maven-central: https://maven-central.storage-download.googleapis.com/maven2/org/osgi/org.osgi.compendium/4.2.0/org.osgi.compendium-4.2.0.jar
17:57:38.680 [Thread-6] DEBUG spoon.Launcher - [INFO] Downloaded from google-maven-central: https://maven-central.storage-download.googleapis.com/maven2/org/apache/felix/org.apache.felix.utils/1.6.0/org.apache.felix.utils-1.6.0.jar (68 kB at 644 kB/s)
17:57:38.680 [Thread-6] DEBUG spoon.Launcher - [INFO] Downloaded from google-maven-central: https://maven-central.storage-download.googleapis.com/maven2/org/osgi/org.osgi.core/4.3.1/org.osgi.core-4.3.1.jar (350 kB at 2.3 MB/s)
17:57:38.688 [Thread-6] DEBUG spoon.Launcher - [INFO] Downloading from google-maven-central: https://maven-central.storage-download.googleapis.com/maven2/org/apache/maven/maven-core/2.2.0/maven-core-2.2.0.jar
17:57:38.688 [Thread-6] DEBUG spoon.Launcher - [INFO] Downloading from google-maven-central: https://maven-central.storage-download.googleapis.com/maven2/org/apache/maven/maven-settings/2.2.0/maven-settings-2.2.0.jar
17:57:38.739 [Thread-6] DEBUG spoon.Launcher - [INFO] Downloaded from google-maven-central: https://maven-central.storage-download.googleapis.com/maven2/org/apache/felix/maven-bundle-plugin/3.0.1/maven-bundle-plugin-3.0.1.jar (210 kB at 1.0 MB/s)
17:57:38.740 [Thread-6] DEBUG spoon.Launcher - [INFO] Downloading from google-maven-central: https://maven-central.storage-download.googleapis.com/maven2/org/apache/maven/maven-plugin-parameter-documenter/2.2.0/maven-plugin-parameter-documenter-2.2.0.jar
17:57:38.769 [Thread-6] DEBUG spoon.Launcher - [INFO] Downloaded from google-maven-central: https://maven-central.storage-download.googleapis.com/maven2/org/apache/maven/maven-plugin-parameter-documenter/2.2.0/maven-plugin-parameter-documenter-2.2.0.jar (22 kB at 127 kB/s)
17:57:38.771 [Thread-6] DEBUG spoon.Launcher - [INFO] Downloaded from google-maven-central: https://maven-central.storage-download.googleapis.com/maven2/org/apache/maven/maven-settings/2.2.0/maven-settings-2.2.0.jar (49 kB at 277 kB/s)
17:57:38.771 [Thread-6] DEBUG spoon.Launcher - [INFO] Downloading from google-maven-central: https://maven-central.storage-download.googleapis.com/maven2/org/slf4j/slf4j-jdk14/1.5.6/slf4j-jdk14-1.5.6.jar
17:57:38.772 [Thread-6] DEBUG spoon.Launcher - [INFO] Downloading from google-maven-central: https://maven-central.storage-download.googleapis.com/maven2/org/slf4j/slf4j-api/1.5.6/slf4j-api-1.5.6.jar
17:57:38.802 [Thread-6] DEBUG spoon.Launcher - [INFO] Downloaded from google-maven-central: https://maven-central.storage-download.googleapis.com/maven2/org/slf4j/slf4j-jdk14/1.5.6/slf4j-jdk14-1.5.6.jar (8.8 kB at 39 kB/s)
17:57:38.803 [Thread-6] DEBUG spoon.Launcher - [INFO] Downloading from google-maven-central: https://maven-central.storage-download.googleapis.com/maven2/org/slf4j/jcl-over-slf4j/1.5.6/jcl-over-slf4j-1.5.6.jar
17:57:38.811 [Thread-6] DEBUG spoon.Launcher - [INFO] Downloaded from google-maven-central: https://maven-central.storage-download.googleapis.com/maven2/org/slf4j/jcl-over-slf4j/1.5.6/jcl-over-slf4j-1.5.6.jar (17 kB at 71 kB/s)
17:57:38.813 [Thread-6] DEBUG spoon.Launcher - [INFO] Downloading from google-maven-central: https://maven-central.storage-download.googleapis.com/maven2/org/apache/maven/reporting/maven-reporting-api/2.2.0/maven-reporting-api-2.2.0.jar
17:57:38.816 [Thread-6] DEBUG spoon.Launcher - [INFO] Downloaded from google-maven-central: https://maven-central.storage-download.googleapis.com/maven2/org/slf4j/slf4j-api/1.5.6/slf4j-api-1.5.6.jar (22 kB at 94 kB/s)
17:57:38.816 [Thread-6] DEBUG spoon.Launcher - [INFO] Downloading from google-maven-central: https://maven-central.storage-download.googleapis.com/maven2/org/apache/maven/doxia/doxia-logging-api/1.1/doxia-logging-api-1.1.jar
17:57:38.825 [Thread-6] DEBUG spoon.Launcher - [INFO] Downloaded from google-maven-central: https://maven-central.storage-download.googleapis.com/maven2/org/apache/maven/reporting/maven-reporting-api/2.2.0/maven-reporting-api-2.2.0.jar (9.8 kB at 39 kB/s)
17:57:38.834 [Thread-6] DEBUG spoon.Launcher - [INFO] Downloading from google-maven-central: https://maven-central.storage-download.googleapis.com/maven2/org/apache/maven/maven-profile/2.2.0/maven-profile-2.2.0.jar
17:57:38.841 [Thread-6] DEBUG spoon.Launcher - [INFO] Downloaded from google-maven-central: https://maven-central.storage-download.googleapis.com/maven2/org/apache/maven/maven-core/2.2.0/maven-core-2.2.0.jar (175 kB at 656 kB/s)
17:57:38.841 [Thread-6] DEBUG spoon.Launcher - [INFO] Downloading from google-maven-central: https://maven-central.storage-download.googleapis.com/maven2/org/apache/maven/maven-model/2.2.0/maven-model-2.2.0.jar
17:57:38.854 [Thread-6] DEBUG spoon.Launcher - [INFO] Downloaded from google-maven-central: https://maven-central.storage-download.googleapis.com/maven2/org/osgi/org.osgi.compendium/4.2.0/org.osgi.compendium-4.2.0.jar (614 kB at 2.2 MB/s)
17:57:38.855 [Thread-6] DEBUG spoon.Launcher - [INFO] Downloading from google-maven-central: https://maven-central.storage-download.googleapis.com/maven2/org/apache/maven/maven-artifact/2.2.0/maven-artifact-2.2.0.jar
17:57:38.868 [Thread-6] DEBUG spoon.Launcher - [INFO] Downloaded from google-maven-central: https://maven-central.storage-download.googleapis.com/maven2/org/apache/maven/maven-profile/2.2.0/maven-profile-2.2.0.jar (35 kB at 121 kB/s)
17:57:38.868 [Thread-6] DEBUG spoon.Launcher - [INFO] Downloading from google-maven-central: https://maven-central.storage-download.googleapis.com/maven2/junit/junit/4.11/junit-4.11.jar
17:57:38.872 [Thread-6] DEBUG spoon.Launcher - [INFO] Downloaded from google-maven-central: https://maven-central.storage-download.googleapis.com/maven2/org/apache/maven/doxia/doxia-logging-api/1.1/doxia-logging-api-1.1.jar (11 kB at 38 kB/s)
17:57:38.873 [Thread-6] DEBUG spoon.Launcher - [INFO] Downloading from google-maven-central: https://maven-central.storage-download.googleapis.com/maven2/org/apache/maven/maven-repository-metadata/2.2.0/maven-repository-metadata-2.2.0.jar
17:57:38.905 [Thread-6] DEBUG spoon.Launcher - [INFO] Downloaded from google-maven-central: https://maven-central.storage-download.googleapis.com/maven2/junit/junit/4.11/junit-4.11.jar (245 kB at 747 kB/s)
17:57:38.905 [Thread-6] DEBUG spoon.Launcher - [INFO] Downloading from google-maven-central: https://maven-central.storage-download.googleapis.com/maven2/org/apache/maven/maven-error-diagnostics/2.2.0/maven-error-diagnostics-2.2.0.jar
17:57:38.910 [Thread-6] DEBUG spoon.Launcher - [INFO] Downloaded from google-maven-central: https://maven-central.storage-download.googleapis.com/maven2/org/apache/maven/maven-error-diagnostics/2.2.0/maven-error-diagnostics-2.2.0.jar (13 kB at 39 kB/s)
17:57:38.910 [Thread-6] DEBUG spoon.Launcher - [INFO] Downloading from google-maven-central: https://maven-central.storage-download.googleapis.com/maven2/org/apache/maven/maven-project/2.2.0/maven-project-2.2.0.jar
17:57:38.928 [Thread-6] DEBUG spoon.Launcher - [INFO] Downloaded from google-maven-central: https://maven-central.storage-download.googleapis.com/maven2/org/apache/maven/maven-project/2.2.0/maven-project-2.2.0.jar (156 kB at 441 kB/s)
17:57:38.931 [Thread-6] DEBUG spoon.Launcher - [INFO] Downloaded from google-maven-central: https://maven-central.storage-download.googleapis.com/maven2/org/apache/maven/maven-artifact/2.2.0/maven-artifact-2.2.0.jar (80 kB at 226 kB/s)
17:57:38.931 [Thread-6] DEBUG spoon.Launcher - [INFO] Downloading from google-maven-central: https://maven-central.storage-download.googleapis.com/maven2/org/apache/maven/maven-plugin-registry/2.2.0/maven-plugin-registry-2.2.0.jar
17:57:38.932 [Thread-6] DEBUG spoon.Launcher - [INFO] Downloading from google-maven-central: https://maven-central.storage-download.googleapis.com/maven2/commons-cli/commons-cli/1.2/commons-cli-1.2.jar
17:57:38.939 [Thread-6] DEBUG spoon.Launcher - [INFO] Downloaded from google-maven-central: https://maven-central.storage-download.googleapis.com/maven2/org/apache/maven/maven-plugin-registry/2.2.0/maven-plugin-registry-2.2.0.jar (30 kB at 82 kB/s)
17:57:38.939 [Thread-6] DEBUG spoon.Launcher - [INFO] Downloading from google-maven-central: https://maven-central.storage-download.googleapis.com/maven2/org/apache/maven/maven-plugin-api/2.2.0/maven-plugin-api-2.2.0.jar
17:57:38.949 [Thread-6] DEBUG spoon.Launcher - [INFO] Downloaded from google-maven-central: https://maven-central.storage-download.googleapis.com/maven2/commons-cli/commons-cli/1.2/commons-cli-1.2.jar (41 kB at 110 kB/s)
17:57:38.949 [Thread-6] DEBUG spoon.Launcher - [INFO] Downloading from google-maven-central: https://maven-central.storage-download.googleapis.com/maven2/org/apache/maven/maven-plugin-descriptor/2.2.0/maven-plugin-descriptor-2.2.0.jar
17:57:38.961 [Thread-6] DEBUG spoon.Launcher - [INFO] Downloaded from google-maven-central: https://maven-central.storage-download.googleapis.com/maven2/org/apache/maven/maven-plugin-descriptor/2.2.0/maven-plugin-descriptor-2.2.0.jar (39 kB at 103 kB/s)
17:57:38.962 [Thread-6] DEBUG spoon.Launcher - [INFO] Downloaded from google-maven-central: https://maven-central.storage-download.googleapis.com/maven2/org/apache/maven/maven-repository-metadata/2.2.0/maven-repository-metadata-2.2.0.jar (26 kB at 66 kB/s)
17:57:38.962 [Thread-6] DEBUG spoon.Launcher - [INFO] Downloading from google-maven-central: https://maven-central.storage-download.googleapis.com/maven2/org/apache/maven/maven-artifact-manager/2.2.0/maven-artifact-manager-2.2.0.jar
17:57:38.963 [Thread-6] DEBUG spoon.Launcher - [INFO] Downloading from google-maven-central: https://maven-central.storage-download.googleapis.com/maven2/backport-util-concurrent/backport-util-concurrent/3.1/backport-util-concurrent-3.1.jar
17:57:38.982 [Thread-6] DEBUG spoon.Launcher - [INFO] Downloaded from google-maven-central: https://maven-central.storage-download.googleapis.com/maven2/biz/aQute/bnd/biz.aQute.bndlib/3.0.0/biz.aQute.bndlib-3.0.0.jar (2.2 MB at 4.9 MB/s)
17:57:38.982 [Thread-6] DEBUG spoon.Launcher - [INFO] Downloading from google-maven-central: https://maven-central.storage-download.googleapis.com/maven2/org/apache/maven/maven-monitor/2.2.0/maven-monitor-2.2.0.jar
17:57:38.984 [Thread-6] DEBUG spoon.Launcher - [INFO] Downloaded from google-maven-central: https://maven-central.storage-download.googleapis.com/maven2/org/apache/maven/maven-model/2.2.0/maven-model-2.2.0.jar (87 kB at 213 kB/s)
17:57:38.984 [Thread-6] DEBUG spoon.Launcher - [INFO] Downloading from google-maven-central: https://maven-central.storage-download.googleapis.com/maven2/org/apache/maven/maven-archiver/2.5/maven-archiver-2.5.jar
17:57:38.992 [Thread-6] DEBUG spoon.Launcher - [INFO] Downloaded from google-maven-central: https://maven-central.storage-download.googleapis.com/maven2/org/apache/maven/maven-archiver/2.5/maven-archiver-2.5.jar (22 kB at 52 kB/s)
17:57:38.996 [Thread-6] DEBUG spoon.Launcher - [INFO] Downloading from google-maven-central: https://maven-central.storage-download.googleapis.com/maven2/org/codehaus/plexus/plexus-archiver/2.1/plexus-archiver-2.1.jar
17:57:39.011 [Thread-6] DEBUG spoon.Launcher - [INFO] Downloaded from google-maven-central: https://maven-central.storage-download.googleapis.com/maven2/backport-util-concurrent/backport-util-concurrent/3.1/backport-util-concurrent-3.1.jar (332 kB at 777 kB/s)
17:57:39.012 [Thread-6] DEBUG spoon.Launcher - [INFO] Downloading from google-maven-central: https://maven-central.storage-download.googleapis.com/maven2/org/codehaus/plexus/plexus-io/2.0.2/plexus-io-2.0.2.jar
17:57:39.022 [Thread-6] DEBUG spoon.Launcher - [INFO] Downloaded from google-maven-central: https://maven-central.storage-download.googleapis.com/maven2/org/codehaus/plexus/plexus-io/2.0.2/plexus-io-2.0.2.jar (58 kB at 130 kB/s)
17:57:39.022 [Thread-6] DEBUG spoon.Launcher - [INFO] Downloading from google-maven-central: https://maven-central.storage-download.googleapis.com/maven2/org/codehaus/plexus/plexus-utils/3.0.10/plexus-utils-3.0.10.jar
17:57:39.027 [Thread-6] DEBUG spoon.Launcher - [INFO] Downloaded from google-maven-central: https://maven-central.storage-download.googleapis.com/maven2/org/codehaus/plexus/plexus-archiver/2.1/plexus-archiver-2.1.jar (184 kB at 410 kB/s)
17:57:39.027 [Thread-6] DEBUG spoon.Launcher - [INFO] Downloading from google-maven-central: https://maven-central.storage-download.googleapis.com/maven2/org/sonatype/plexus/plexus-build-api/0.0.7/plexus-build-api-0.0.7.jar
17:57:39.040 [Thread-6] DEBUG spoon.Launcher - [INFO] Downloaded from google-maven-central: https://maven-central.storage-download.googleapis.com/maven2/org/sonatype/plexus/plexus-build-api/0.0.7/plexus-build-api-0.0.7.jar (8.5 kB at 18 kB/s)
17:57:39.040 [Thread-6] DEBUG spoon.Launcher - [INFO] Downloading from google-maven-central: https://maven-central.storage-download.googleapis.com/maven2/commons-lang/commons-lang/2.1/commons-lang-2.1.jar
17:57:39.053 [Thread-6] DEBUG spoon.Launcher - [INFO] Downloaded from google-maven-central: https://maven-central.storage-download.googleapis.com/maven2/org/codehaus/plexus/plexus-utils/3.0.10/plexus-utils-3.0.10.jar (231 kB at 485 kB/s)
17:57:39.055 [Thread-6] DEBUG spoon.Launcher - [INFO] Downloading from google-maven-central: https://maven-central.storage-download.googleapis.com/maven2/commons-collections/commons-collections/3.2/commons-collections-3.2.jar
17:57:39.060 [Thread-6] DEBUG spoon.Launcher - [INFO] Downloaded from google-maven-central: https://maven-central.storage-download.googleapis.com/maven2/org/apache/maven/maven-artifact-manager/2.2.0/maven-artifact-manager-2.2.0.jar (65 kB at 135 kB/s)
17:57:39.060 [Thread-6] DEBUG spoon.Launcher - [INFO] Downloading from google-maven-central: https://maven-central.storage-download.googleapis.com/maven2/org/jdom/jdom/1.1/jdom-1.1.jar
17:57:39.069 [Thread-6] DEBUG spoon.Launcher - [INFO] Downloaded from google-maven-central: https://maven-central.storage-download.googleapis.com/maven2/org/apache/maven/maven-plugin-api/2.2.0/maven-plugin-api-2.2.0.jar (12 kB at 25 kB/s)
17:57:39.081 [Thread-6] DEBUG spoon.Launcher - [INFO] Downloaded from google-maven-central: https://maven-central.storage-download.googleapis.com/maven2/commons-lang/commons-lang/2.1/commons-lang-2.1.jar (208 kB at 417 kB/s)
17:57:39.087 [Thread-6] DEBUG spoon.Launcher - [INFO] Downloaded from google-maven-central: https://maven-central.storage-download.googleapis.com/maven2/commons-collections/commons-collections/3.2/commons-collections-3.2.jar (571 kB at 1.1 MB/s)
17:57:39.122 [Thread-6] DEBUG spoon.Launcher - [INFO] Downloaded from google-maven-central: https://maven-central.storage-download.googleapis.com/maven2/org/apache/maven/maven-monitor/2.2.0/maven-monitor-2.2.0.jar (10 kB at 19 kB/s)
17:57:39.169 [Thread-6] DEBUG spoon.Launcher - [INFO] Downloaded from google-maven-central: https://maven-central.storage-download.googleapis.com/maven2/org/jdom/jdom/1.1/jdom-1.1.jar (153 kB at 258 kB/s)
17:57:39.485 [Thread-6] DEBUG spoon.Launcher - [INFO] Downloading from google-maven-central: https://maven-central.storage-download.googleapis.com/maven2/org/apache/maven/plugins/maven-enforcer-plugin/1.2/maven-enforcer-plugin-1.2.pom
17:57:39.593 [Thread-6] DEBUG spoon.Launcher - [INFO] Downloaded from google-maven-central: https://maven-central.storage-download.googleapis.com/maven2/org/apache/maven/plugins/maven-enforcer-plugin/1.2/maven-enforcer-plugin-1.2.pom (5.8 kB at 53 kB/s)
17:57:39.596 [Thread-6] DEBUG spoon.Launcher - [INFO] Downloading from google-maven-central: https://maven-central.storage-download.googleapis.com/maven2/org/apache/maven/enforcer/enforcer/1.2/enforcer-1.2.pom
17:57:39.661 [Thread-6] DEBUG spoon.Launcher - [INFO] Downloaded from google-maven-central: https://maven-central.storage-download.googleapis.com/maven2/org/apache/maven/enforcer/enforcer/1.2/enforcer-1.2.pom (11 kB at 172 kB/s)
17:57:39.668 [Thread-6] DEBUG spoon.Launcher - [INFO] Downloading from google-maven-central: https://maven-central.storage-download.googleapis.com/maven2/org/apache/maven/plugins/maven-enforcer-plugin/1.2/maven-enforcer-plugin-1.2.jar
17:57:39.756 [Thread-6] DEBUG spoon.Launcher - [INFO] Downloaded from google-maven-central: https://maven-central.storage-download.googleapis.com/maven2/org/apache/maven/plugins/maven-enforcer-plugin/1.2/maven-enforcer-plugin-1.2.jar (25 kB at 286 kB/s)
17:57:39.760 [Thread-6] DEBUG spoon.Launcher - [INFO] Downloading from google-maven-central: https://maven-central.storage-download.googleapis.com/maven2/org/apache/maven/plugins/maven-shade-plugin/2.3/maven-shade-plugin-2.3.pom
17:57:39.956 [Thread-6] DEBUG spoon.Launcher - [INFO] Downloaded from google-maven-central: https://maven-central.storage-download.googleapis.com/maven2/org/apache/maven/plugins/maven-shade-plugin/2.3/maven-shade-plugin-2.3.pom (7.3 kB at 37 kB/s)
17:57:39.959 [Thread-6] DEBUG spoon.Launcher - [INFO] Downloading from google-maven-central: https://maven-central.storage-download.googleapis.com/maven2/org/apache/maven/plugins/maven-plugins/25/maven-plugins-25.pom
17:57:39.965 [Thread-6] DEBUG spoon.Launcher - [INFO] Downloaded from google-maven-central: https://maven-central.storage-download.googleapis.com/maven2/org/apache/maven/plugins/maven-plugins/25/maven-plugins-25.pom (9.6 kB at 1.6 MB/s)
17:57:39.969 [Thread-6] DEBUG spoon.Launcher - [INFO] Downloading from google-maven-central: https://maven-central.storage-download.googleapis.com/maven2/org/apache/maven/maven-parent/24/maven-parent-24.pom
17:57:40.076 [Thread-6] DEBUG spoon.Launcher - [INFO] Downloaded from google-maven-central: https://maven-central.storage-download.googleapis.com/maven2/org/apache/maven/maven-parent/24/maven-parent-24.pom (37 kB at 345 kB/s)
17:57:40.081 [Thread-6] DEBUG spoon.Launcher - [INFO] Downloading from google-maven-central: https://maven-central.storage-download.googleapis.com/maven2/org/apache/apache/14/apache-14.pom
17:57:40.087 [Thread-6] DEBUG spoon.Launcher - [INFO] Downloaded from google-maven-central: https://maven-central.storage-download.googleapis.com/maven2/org/apache/apache/14/apache-14.pom (15 kB at 2.4 MB/s)
17:57:40.092 [Thread-6] DEBUG spoon.Launcher - [INFO] Downloading from google-maven-central: https://maven-central.storage-download.googleapis.com/maven2/org/apache/maven/plugins/maven-shade-plugin/2.3/maven-shade-plugin-2.3.jar
17:57:40.170 [Thread-6] DEBUG spoon.Launcher - [INFO] Downloaded from google-maven-central: https://maven-central.storage-download.googleapis.com/maven2/org/apache/maven/plugins/maven-shade-plugin/2.3/maven-shade-plugin-2.3.jar (101 kB at 1.3 MB/s)
17:57:40.174 [Thread-6] DEBUG spoon.Launcher - [INFO] Downloading from google-maven-central: https://maven-central.storage-download.googleapis.com/maven2/org/apache/maven/plugins/maven-surefire-plugin/2.19.1/maven-surefire-plugin-2.19.1.pom
17:57:40.297 [Thread-6] DEBUG spoon.Launcher - [INFO] Downloaded from google-maven-central: https://maven-central.storage-download.googleapis.com/maven2/org/apache/maven/plugins/maven-surefire-plugin/2.19.1/maven-surefire-plugin-2.19.1.pom (5.6 kB at 46 kB/s)
17:57:40.300 [Thread-6] DEBUG spoon.Launcher - [INFO] Downloading from google-maven-central: https://maven-central.storage-download.googleapis.com/maven2/org/apache/maven/surefire/surefire/2.19.1/surefire-2.19.1.pom
17:57:40.308 [Thread-6] DEBUG spoon.Launcher - [INFO] Downloaded from google-maven-central: https://maven-central.storage-download.googleapis.com/maven2/org/apache/maven/surefire/surefire/2.19.1/surefire-2.19.1.pom (18 kB at 2.6 MB/s)
17:57:40.316 [Thread-6] DEBUG spoon.Launcher - [INFO] Downloading from google-maven-central: https://maven-central.storage-download.googleapis.com/maven2/org/apache/maven/plugins/maven-surefire-plugin/2.19.1/maven-surefire-plugin-2.19.1.jar
17:57:40.395 [Thread-6] DEBUG spoon.Launcher - [INFO] Downloaded from google-maven-central: https://maven-central.storage-download.googleapis.com/maven2/org/apache/maven/plugins/maven-surefire-plugin/2.19.1/maven-surefire-plugin-2.19.1.jar (38 kB at 492 kB/s)
17:57:40.403 [Thread-6] DEBUG spoon.Launcher - [INFO] Downloading from google-maven-central: https://maven-central.storage-download.googleapis.com/maven2/org/apache/maven/plugins/maven-checkstyle-plugin/2.17/maven-checkstyle-plugin-2.17.pom
17:57:40.494 [Thread-6] DEBUG spoon.Launcher - [INFO] Downloaded from google-maven-central: https://maven-central.storage-download.googleapis.com/maven2/org/apache/maven/plugins/maven-checkstyle-plugin/2.17/maven-checkstyle-plugin-2.17.pom (13 kB at 147 kB/s)
17:57:40.503 [Thread-6] DEBUG spoon.Launcher - [INFO] Downloading from google-maven-central: https://maven-central.storage-download.googleapis.com/maven2/org/apache/maven/plugins/maven-plugins/28/maven-plugins-28.pom
17:57:40.509 [Thread-6] DEBUG spoon.Launcher - [INFO] Downloaded from google-maven-central: https://maven-central.storage-download.googleapis.com/maven2/org/apache/maven/plugins/maven-plugins/28/maven-plugins-28.pom (12 kB at 1.2 MB/s)
17:57:40.515 [Thread-6] DEBUG spoon.Launcher - [INFO] Downloading from google-maven-central: https://maven-central.storage-download.googleapis.com/maven2/org/apache/maven/maven-parent/27/maven-parent-27.pom
17:57:40.525 [Thread-6] DEBUG spoon.Launcher - [INFO] Downloaded from google-maven-central: https://maven-central.storage-download.googleapis.com/maven2/org/apache/maven/maven-parent/27/maven-parent-27.pom (41 kB at 3.4 MB/s)
17:57:40.531 [Thread-6] DEBUG spoon.Launcher - [INFO] Downloading from google-maven-central: https://maven-central.storage-download.googleapis.com/maven2/org/apache/maven/plugins/maven-checkstyle-plugin/2.17/maven-checkstyle-plugin-2.17.jar
17:57:40.625 [Thread-6] DEBUG spoon.Launcher - [INFO] Downloaded from google-maven-central: https://maven-central.storage-download.googleapis.com/maven2/org/apache/maven/plugins/maven-checkstyle-plugin/2.17/maven-checkstyle-plugin-2.17.jar (109 kB at 1.1 MB/s)
17:57:40.633 [Thread-6] DEBUG spoon.Launcher - [INFO] Downloading from google-maven-central: https://maven-central.storage-download.googleapis.com/maven2/org/apache/maven/plugins/maven-failsafe-plugin/2.6/maven-failsafe-plugin-2.6.pom
17:57:40.729 [Thread-6] DEBUG spoon.Launcher - [INFO] Downloaded from google-maven-central: https://maven-central.storage-download.googleapis.com/maven2/org/apache/maven/plugins/maven-failsafe-plugin/2.6/maven-failsafe-plugin-2.6.pom (12 kB at 121 kB/s)
17:57:40.733 [Thread-6] DEBUG spoon.Launcher - [INFO] Downloading from google-maven-central: https://maven-central.storage-download.googleapis.com/maven2/org/apache/maven/surefire/surefire/2.6/surefire-2.6.pom
17:57:40.828 [Thread-6] DEBUG spoon.Launcher - [INFO] Downloaded from google-maven-central: https://maven-central.storage-download.googleapis.com/maven2/org/apache/maven/surefire/surefire/2.6/surefire-2.6.pom (8.8 kB at 93 kB/s)
17:57:40.838 [Thread-6] DEBUG spoon.Launcher - [INFO] Downloading from google-maven-central: https://maven-central.storage-download.googleapis.com/maven2/org/apache/maven/plugins/maven-failsafe-plugin/2.6/maven-failsafe-plugin-2.6.jar
17:57:40.986 [Thread-6] DEBUG spoon.Launcher - [INFO] Downloaded from google-maven-central: https://maven-central.storage-download.googleapis.com/maven2/org/apache/maven/plugins/maven-failsafe-plugin/2.6/maven-failsafe-plugin-2.6.jar (44 kB at 299 kB/s)
17:57:40.993 [Thread-6] DEBUG spoon.Launcher - [INFO] Downloading from google-maven-central: https://maven-central.storage-download.googleapis.com/maven2/org/apache/maven/plugins/maven-compiler-plugin/3.5/maven-compiler-plugin-3.5.pom
17:57:41.152 [Thread-6] DEBUG spoon.Launcher - [INFO] Downloaded from google-maven-central: https://maven-central.storage-download.googleapis.com/maven2/org/apache/maven/plugins/maven-compiler-plugin/3.5/maven-compiler-plugin-3.5.pom (10 kB at 64 kB/s)
17:57:41.158 [Thread-6] DEBUG spoon.Launcher - [INFO] Downloading from google-maven-central: https://maven-central.storage-download.googleapis.com/maven2/org/apache/maven/plugins/maven-compiler-plugin/3.5/maven-compiler-plugin-3.5.jar
17:57:41.274 [Thread-6] DEBUG spoon.Launcher - [INFO] Downloaded from google-maven-central: https://maven-central.storage-download.googleapis.com/maven2/org/apache/maven/plugins/maven-compiler-plugin/3.5/maven-compiler-plugin-3.5.jar (50 kB at 428 kB/s)
17:57:41.280 [Thread-6] DEBUG spoon.Launcher - [INFO] Downloading from google-maven-central: https://maven-central.storage-download.googleapis.com/maven2/org/codehaus/mojo/build-helper-maven-plugin/1.7/build-helper-maven-plugin-1.7.pom
17:57:41.289 [Thread-6] DEBUG spoon.Launcher - [INFO] Downloaded from google-maven-central: https://maven-central.storage-download.googleapis.com/maven2/org/codehaus/mojo/build-helper-maven-plugin/1.7/build-helper-maven-plugin-1.7.pom (5.4 kB at 680 kB/s)
17:57:41.295 [Thread-6] DEBUG spoon.Launcher - [INFO] Downloading from google-maven-central: https://maven-central.storage-download.googleapis.com/maven2/org/codehaus/mojo/mojo-parent/28/mojo-parent-28.pom
17:57:41.371 [Thread-6] DEBUG spoon.Launcher - [INFO] Downloaded from google-maven-central: https://maven-central.storage-download.googleapis.com/maven2/org/codehaus/mojo/mojo-parent/28/mojo-parent-28.pom (26 kB at 348 kB/s)
17:57:41.384 [Thread-6] DEBUG spoon.Launcher - [INFO] Downloading from google-maven-central: https://maven-central.storage-download.googleapis.com/maven2/org/codehaus/mojo/build-helper-maven-plugin/1.7/build-helper-maven-plugin-1.7.jar
17:57:41.421 [Thread-6] DEBUG spoon.Launcher - [INFO] Downloaded from google-maven-central: https://maven-central.storage-download.googleapis.com/maven2/org/codehaus/mojo/build-helper-maven-plugin/1.7/build-helper-maven-plugin-1.7.jar (33 kB at 857 kB/s)
17:57:41.465 [Thread-6] DEBUG spoon.Launcher - [INFO] Downloading from google-maven-central: https://maven-central.storage-download.googleapis.com/maven2/org/apache/maven/plugins/maven-source-plugin/2.4/maven-source-plugin-2.4.pom
17:57:41.543 [Thread-6] DEBUG spoon.Launcher - [INFO] Downloaded from google-maven-central: https://maven-central.storage-download.googleapis.com/maven2/org/apache/maven/plugins/maven-source-plugin/2.4/maven-source-plugin-2.4.pom (6.6 kB at 84 kB/s)
17:57:41.582 [Thread-6] DEBUG spoon.Launcher - [INFO] Downloading from google-maven-central: https://maven-central.storage-download.googleapis.com/maven2/org/apache/maven/plugins/maven-source-plugin/2.4/maven-source-plugin-2.4.jar
17:57:41.695 [Thread-6] DEBUG spoon.Launcher - [INFO] Downloaded from google-maven-central: https://maven-central.storage-download.googleapis.com/maven2/org/apache/maven/plugins/maven-source-plugin/2.4/maven-source-plugin-2.4.jar (31 kB at 264 kB/s)
17:57:41.752 [Thread-6] DEBUG spoon.Launcher - [INFO] Downloading from google-maven-central: https://maven-central.storage-download.googleapis.com/maven2/org/apache/maven/plugins/maven-javadoc-plugin/2.10.3/maven-javadoc-plugin-2.10.3.pom
17:57:42.140 [Thread-6] DEBUG spoon.Launcher - [INFO] Downloaded from google-maven-central: https://maven-central.storage-download.googleapis.com/maven2/org/apache/maven/plugins/maven-javadoc-plugin/2.10.3/maven-javadoc-plugin-2.10.3.pom (16 kB at 42 kB/s)
17:57:42.152 [Thread-6] DEBUG spoon.Launcher - [INFO] Downloading from google-maven-central: https://maven-central.storage-download.googleapis.com/maven2/org/apache/maven/plugins/maven-javadoc-plugin/2.10.3/maven-javadoc-plugin-2.10.3.jar
17:57:42.263 [Thread-6] DEBUG spoon.Launcher - [INFO] Downloaded from google-maven-central: https://maven-central.storage-download.googleapis.com/maven2/org/apache/maven/plugins/maven-javadoc-plugin/2.10.3/maven-javadoc-plugin-2.10.3.jar (405 kB at 3.7 MB/s)
17:57:42.306 [Thread-6] DEBUG spoon.Launcher - [INFO] Downloading from google-maven-central: https://maven-central.storage-download.googleapis.com/maven2/org/codehaus/mojo/findbugs-maven-plugin/3.0.3/findbugs-maven-plugin-3.0.3.pom
17:57:42.495 [Thread-6] DEBUG spoon.Launcher - [INFO] Downloaded from google-maven-central: https://maven-central.storage-download.googleapis.com/maven2/org/codehaus/mojo/findbugs-maven-plugin/3.0.3/findbugs-maven-plugin-3.0.3.pom (22 kB at 114 kB/s)
17:57:42.499 [Thread-6] DEBUG spoon.Launcher - [INFO] Downloading from google-maven-central: https://maven-central.storage-download.googleapis.com/maven2/org/codehaus/mojo/mojo-parent/35/mojo-parent-35.pom
17:57:42.679 [Thread-6] DEBUG spoon.Launcher - [INFO] Downloaded from google-maven-central: https://maven-central.storage-download.googleapis.com/maven2/org/codehaus/mojo/mojo-parent/35/mojo-parent-35.pom (25 kB at 138 kB/s)
17:57:42.683 [Thread-6] DEBUG spoon.Launcher - [INFO] Downloading from google-maven-central: https://maven-central.storage-download.googleapis.com/maven2/org/codehaus/codehaus-parent/4/codehaus-parent-4.pom
17:57:42.690 [Thread-6] DEBUG spoon.Launcher - [INFO] Downloaded from google-maven-central: https://maven-central.storage-download.googleapis.com/maven2/org/codehaus/codehaus-parent/4/codehaus-parent-4.pom (4.8 kB at 689 kB/s)
17:57:42.700 [Thread-6] DEBUG spoon.Launcher - [INFO] Downloading from google-maven-central: https://maven-central.storage-download.googleapis.com/maven2/org/codehaus/mojo/findbugs-maven-plugin/3.0.3/findbugs-maven-plugin-3.0.3.jar
17:57:42.985 [Thread-6] DEBUG spoon.Launcher - [INFO] Downloaded from google-maven-central: https://maven-central.storage-download.googleapis.com/maven2/org/codehaus/mojo/findbugs-maven-plugin/3.0.3/findbugs-maven-plugin-3.0.3.jar (145 kB at 506 kB/s)
17:57:42.989 [Thread-6] DEBUG spoon.Launcher - [INFO] Downloading from google-maven-central: https://maven-central.storage-download.googleapis.com/maven2/org/apache/maven/plugins/maven-pmd-plugin/3.6/maven-pmd-plugin-3.6.pom
17:57:43.229 [Thread-6] DEBUG spoon.Launcher - [INFO] Downloaded from google-maven-central: https://maven-central.storage-download.googleapis.com/maven2/org/apache/maven/plugins/maven-pmd-plugin/3.6/maven-pmd-plugin-3.6.pom (12 kB at 51 kB/s)
17:57:43.235 [Thread-6] DEBUG spoon.Launcher - [INFO] Downloading from google-maven-central: https://maven-central.storage-download.googleapis.com/maven2/org/apache/maven/plugins/maven-pmd-plugin/3.6/maven-pmd-plugin-3.6.jar
17:57:43.495 [Thread-6] DEBUG spoon.Launcher - [INFO] Downloaded from google-maven-central: https://maven-central.storage-download.googleapis.com/maven2/org/apache/maven/plugins/maven-pmd-plugin/3.6/maven-pmd-plugin-3.6.jar (98 kB at 375 kB/s)
17:57:43.517 [Thread-6] DEBUG spoon.Launcher - [INFO] Downloading from google-maven-central: https://maven-central.storage-download.googleapis.com/maven2/org/apache/maven/plugins/maven-jar-plugin/2.6/maven-jar-plugin-2.6.pom
17:57:43.524 [Thread-6] DEBUG spoon.Launcher - [INFO] Downloaded from google-maven-central: https://maven-central.storage-download.googleapis.com/maven2/org/apache/maven/plugins/maven-jar-plugin/2.6/maven-jar-plugin-2.6.pom (5.9 kB at 982 kB/s)
17:57:43.529 [Thread-6] DEBUG spoon.Launcher - [INFO] Downloading from google-maven-central: https://maven-central.storage-download.googleapis.com/maven2/org/apache/maven/plugins/maven-jar-plugin/2.6/maven-jar-plugin-2.6.jar
17:57:43.536 [Thread-6] DEBUG spoon.Launcher - [INFO] Downloaded from google-maven-central: https://maven-central.storage-download.googleapis.com/maven2/org/apache/maven/plugins/maven-jar-plugin/2.6/maven-jar-plugin-2.6.jar (26 kB at 3.7 MB/s)
17:57:43.595 [Thread-6] DEBUG spoon.Launcher - [INFO] 
17:57:43.596 [Thread-6] DEBUG spoon.Launcher - [INFO] -----------------------< org.pac4j:pac4j-config >-----------------------
17:57:43.596 [Thread-6] DEBUG spoon.Launcher - [INFO] Building pac4j configuration 3.0.0
17:57:43.597 [Thread-6] DEBUG spoon.Launcher - [INFO] --------------------------------[ jar ]---------------------------------
17:57:43.610 [Thread-6] DEBUG spoon.Launcher - [INFO] Downloading from google-maven-central: https://maven-central.storage-download.googleapis.com/maven2/org/pac4j/pac4j-core/3.0.0/pac4j-core-3.0.0.pom
17:57:44.104 [Thread-6] DEBUG spoon.Launcher - [INFO] Downloaded from google-maven-central: https://maven-central.storage-download.googleapis.com/maven2/org/pac4j/pac4j-core/3.0.0/pac4j-core-3.0.0.pom (4.3 kB at 8.8 kB/s)
17:57:44.107 [Thread-6] DEBUG spoon.Launcher - [INFO] Downloading from google-maven-central: https://maven-central.storage-download.googleapis.com/maven2/org/pac4j/pac4j/3.0.0/pac4j-3.0.0.pom
17:57:44.457 [Thread-6] DEBUG spoon.Launcher - [INFO] Downloaded from google-maven-central: https://maven-central.storage-download.googleapis.com/maven2/org/pac4j/pac4j/3.0.0/pac4j-3.0.0.pom (16 kB at 46 kB/s)
17:57:44.470 [Thread-6] DEBUG spoon.Launcher - [INFO] Downloading from google-maven-central: https://maven-central.storage-download.googleapis.com/maven2/org/pac4j/pac4j-cas/3.0.0/pac4j-cas-3.0.0.pom
17:57:44.719 [Thread-6] DEBUG spoon.Launcher - [INFO] Downloaded from google-maven-central: https://maven-central.storage-download.googleapis.com/maven2/org/pac4j/pac4j-cas/3.0.0/pac4j-cas-3.0.0.pom (2.7 kB at 11 kB/s)
17:57:44.724 [Thread-6] DEBUG spoon.Launcher - [INFO] Downloading from google-maven-central: https://maven-central.storage-download.googleapis.com/maven2/org/jasig/cas/client/cas-client-core/3.5.0/cas-client-core-3.5.0.pom
17:57:45.025 [Thread-6] DEBUG spoon.Launcher - [INFO] Downloaded from google-maven-central: https://maven-central.storage-download.googleapis.com/maven2/org/jasig/cas/client/cas-client-core/3.5.0/cas-client-core-3.5.0.pom (3.0 kB at 9.8 kB/s)
17:57:45.028 [Thread-6] DEBUG spoon.Launcher - [INFO] Downloading from google-maven-central: https://maven-central.storage-download.googleapis.com/maven2/org/jasig/cas/client/cas-client/3.5.0/cas-client-3.5.0.pom
17:57:45.200 [Thread-6] DEBUG spoon.Launcher - [INFO] Downloaded from google-maven-central: https://maven-central.storage-download.googleapis.com/maven2/org/jasig/cas/client/cas-client/3.5.0/cas-client-3.5.0.pom (11 kB at 63 kB/s)
17:57:45.202 [Thread-6] DEBUG spoon.Launcher - [INFO] Downloading from google-maven-central: https://maven-central.storage-download.googleapis.com/maven2/org/jasig/parent/jasig-parent/39/jasig-parent-39.pom
17:57:45.357 [Thread-6] DEBUG spoon.Launcher - [INFO] Downloaded from google-maven-central: https://maven-central.storage-download.googleapis.com/maven2/org/jasig/parent/jasig-parent/39/jasig-parent-39.pom (17 kB at 112 kB/s)
17:57:45.363 [Thread-6] DEBUG spoon.Launcher - [INFO] Downloading from google-maven-central: https://maven-central.storage-download.googleapis.com/maven2/com/fasterxml/jackson/core/jackson-databind/2.8.7/jackson-databind-2.8.7.pom
17:57:45.443 [Thread-6] DEBUG spoon.Launcher - [INFO] Downloaded from google-maven-central: https://maven-central.storage-download.googleapis.com/maven2/com/fasterxml/jackson/core/jackson-databind/2.8.7/jackson-databind-2.8.7.pom (5.4 kB at 67 kB/s)
17:57:45.446 [Thread-6] DEBUG spoon.Launcher - [INFO] Downloading from google-maven-central: https://maven-central.storage-download.googleapis.com/maven2/com/fasterxml/jackson/jackson-parent/2.8/jackson-parent-2.8.pom
17:57:45.453 [Thread-6] DEBUG spoon.Launcher - [INFO] Downloaded from google-maven-central: https://maven-central.storage-download.googleapis.com/maven2/com/fasterxml/jackson/jackson-parent/2.8/jackson-parent-2.8.pom (8.0 kB at 1.3 MB/s)
17:57:45.453 [Thread-6] DEBUG spoon.Launcher - [INFO] Downloading from google-maven-central: https://maven-central.storage-download.googleapis.com/maven2/com/fasterxml/oss-parent/27/oss-parent-27.pom
17:57:45.459 [Thread-6] DEBUG spoon.Launcher - [INFO] Downloaded from google-maven-central: https://maven-central.storage-download.googleapis.com/maven2/com/fasterxml/oss-parent/27/oss-parent-27.pom (20 kB at 3.9 MB/s)
17:57:45.463 [Thread-6] DEBUG spoon.Launcher - [INFO] Downloading from google-maven-central: https://maven-central.storage-download.googleapis.com/maven2/com/fasterxml/jackson/core/jackson-annotations/2.8.0/jackson-annotations-2.8.0.pom
17:57:45.470 [Thread-6] DEBUG spoon.Launcher - [INFO] Downloaded from google-maven-central: https://maven-central.storage-download.googleapis.com/maven2/com/fasterxml/jackson/core/jackson-annotations/2.8.0/jackson-annotations-2.8.0.pom (1.8 kB at 264 kB/s)
17:57:45.475 [Thread-6] DEBUG spoon.Launcher - [INFO] Downloading from google-maven-central: https://maven-central.storage-download.googleapis.com/maven2/com/fasterxml/jackson/core/jackson-core/2.8.7/jackson-core-2.8.7.pom
17:57:45.579 [Thread-6] DEBUG spoon.Launcher - [INFO] Downloaded from google-maven-central: https://maven-central.storage-download.googleapis.com/maven2/com/fasterxml/jackson/core/jackson-core/2.8.7/jackson-core-2.8.7.pom (5.4 kB at 52 kB/s)
17:57:45.584 [Thread-6] DEBUG spoon.Launcher - [INFO] Downloading from google-maven-central: https://maven-central.storage-download.googleapis.com/maven2/org/jasig/cas/client/cas-client-support-saml/3.5.0/cas-client-support-saml-3.5.0.pom
17:57:45.808 [Thread-6] DEBUG spoon.Launcher - [INFO] Downloaded from google-maven-central: https://maven-central.storage-download.googleapis.com/maven2/org/jasig/cas/client/cas-client-support-saml/3.5.0/cas-client-support-saml-3.5.0.pom (1.6 kB at 7.2 kB/s)
17:57:45.812 [Thread-6] DEBUG spoon.Launcher - [INFO] Downloading from google-maven-central: https://maven-central.storage-download.googleapis.com/maven2/joda-time/joda-time/2.7/joda-time-2.7.pom
17:57:45.879 [Thread-6] DEBUG spoon.Launcher - [INFO] Downloaded from google-maven-central: https://maven-central.storage-download.googleapis.com/maven2/joda-time/joda-time/2.7/joda-time-2.7.pom (29 kB at 427 kB/s)
17:57:45.884 [Thread-6] DEBUG spoon.Launcher - [INFO] Downloading from google-maven-central: https://maven-central.storage-download.googleapis.com/maven2/com/google/guava/guava/21.0/guava-21.0.pom
17:57:45.889 [Thread-6] DEBUG spoon.Launcher - [INFO] Downloaded from google-maven-central: https://maven-central.storage-download.googleapis.com/maven2/com/google/guava/guava/21.0/guava-21.0.pom (7.0 kB at 1.4 MB/s)
17:57:45.893 [Thread-6] DEBUG spoon.Launcher - [INFO] Downloading from google-maven-central: https://maven-central.storage-download.googleapis.com/maven2/com/google/guava/guava-parent/21.0/guava-parent-21.0.pom
17:57:45.902 [Thread-6] DEBUG spoon.Launcher - [INFO] Downloaded from google-maven-central: https://maven-central.storage-download.googleapis.com/maven2/com/google/guava/guava-parent/21.0/guava-parent-21.0.pom (9.7 kB at 1.1 MB/s)
17:57:45.907 [Thread-6] DEBUG spoon.Launcher - [INFO] Downloading from google-maven-central: https://maven-central.storage-download.googleapis.com/maven2/org/pac4j/pac4j-saml/3.0.0/pac4j-saml-3.0.0.pom
17:57:46.042 [Thread-6] DEBUG spoon.Launcher - [INFO] Downloaded from google-maven-central: https://maven-central.storage-download.googleapis.com/maven2/org/pac4j/pac4j-saml/3.0.0/pac4j-saml-3.0.0.pom (8.0 kB at 59 kB/s)
17:57:46.048 [Thread-6] DEBUG spoon.Launcher - [INFO] Downloading from google-maven-central: https://maven-central.storage-download.googleapis.com/maven2/org/opensaml/opensaml-core/3.3.1/opensaml-core-3.3.1.pom
17:57:46.208 [Thread-6] DEBUG spoon.Launcher - [INFO] Downloaded from google-maven-central: https://maven-central.storage-download.googleapis.com/maven2/org/opensaml/opensaml-core/3.3.1/opensaml-core-3.3.1.pom (2.4 kB at 15 kB/s)
17:57:46.211 [Thread-6] DEBUG spoon.Launcher - [INFO] Downloading from google-maven-central: https://maven-central.storage-download.googleapis.com/maven2/org/opensaml/opensaml-parent/3.3.1/opensaml-parent-3.3.1.pom
17:57:46.374 [Thread-6] DEBUG spoon.Launcher - [INFO] Downloaded from google-maven-central: https://maven-central.storage-download.googleapis.com/maven2/org/opensaml/opensaml-parent/3.3.1/opensaml-parent-3.3.1.pom (5.7 kB at 35 kB/s)
17:57:46.376 [Thread-6] DEBUG spoon.Launcher - [INFO] Downloading from google-maven-central: https://maven-central.storage-download.googleapis.com/maven2/net/shibboleth/parent-v3/10/parent-v3-10.pom
17:57:46.747 [Thread-6] DEBUG spoon.Launcher - [INFO] Downloaded from google-maven-central: https://maven-central.storage-download.googleapis.com/maven2/net/shibboleth/parent-v3/10/parent-v3-10.pom (46 kB at 125 kB/s)
17:57:46.752 [Thread-6] DEBUG spoon.Launcher - [INFO] Downloading from google-maven-central: https://maven-central.storage-download.googleapis.com/maven2/joda-time/joda-time/2.9/joda-time-2.9.pom
17:57:46.758 [Thread-6] DEBUG spoon.Launcher - [INFO] Downloaded from google-maven-central: https://maven-central.storage-download.googleapis.com/maven2/joda-time/joda-time/2.9/joda-time-2.9.pom (29 kB at 4.9 MB/s)
17:57:46.768 [Thread-6] DEBUG spoon.Launcher - [INFO] Downloading from google-maven-central: https://maven-central.storage-download.googleapis.com/maven2/io/dropwizard/metrics/metrics-core/3.1.2/metrics-core-3.1.2.pom
17:57:46.777 [Thread-6] DEBUG spoon.Launcher - [INFO] Downloaded from google-maven-central: https://maven-central.storage-download.googleapis.com/maven2/io/dropwizard/metrics/metrics-core/3.1.2/metrics-core-3.1.2.pom (846 B at 121 kB/s)
17:57:46.781 [Thread-6] DEBUG spoon.Launcher - [INFO] Downloading from google-maven-central: https://maven-central.storage-download.googleapis.com/maven2/io/dropwizard/metrics/metrics-parent/3.1.2/metrics-parent-3.1.2.pom
17:57:46.793 [Thread-6] DEBUG spoon.Launcher - [INFO] Downloaded from google-maven-central: https://maven-central.storage-download.googleapis.com/maven2/io/dropwizard/metrics/metrics-parent/3.1.2/metrics-parent-3.1.2.pom (12 kB at 1.0 MB/s)
17:57:46.798 [Thread-6] DEBUG spoon.Launcher - [INFO] Downloading from google-maven-central: https://maven-central.storage-download.googleapis.com/maven2/net/shibboleth/utilities/java-support/7.3.0/java-support-7.3.0.pom
17:57:47.066 [Thread-6] DEBUG spoon.Launcher - [INFO] Downloaded from google-maven-central: https://maven-central.storage-download.googleapis.com/maven2/net/shibboleth/utilities/java-support/7.3.0/java-support-7.3.0.pom (4.8 kB at 18 kB/s)
17:57:47.072 [Thread-6] DEBUG spoon.Launcher - [INFO] Downloading from google-maven-central: https://maven-central.storage-download.googleapis.com/maven2/commons-codec/commons-codec/1.10/commons-codec-1.10.pom
17:57:47.079 [Thread-6] DEBUG spoon.Launcher - [INFO] Downloaded from google-maven-central: https://maven-central.storage-download.googleapis.com/maven2/commons-codec/commons-codec/1.10/commons-codec-1.10.pom (12 kB at 1.7 MB/s)
17:57:47.082 [Thread-6] DEBUG spoon.Launcher - [INFO] Downloading from google-maven-central: https://maven-central.storage-download.googleapis.com/maven2/org/apache/commons/commons-parent/35/commons-parent-35.pom
17:57:47.097 [Thread-6] DEBUG spoon.Launcher - [INFO] Downloaded from google-maven-central: https://maven-central.storage-download.googleapis.com/maven2/org/apache/commons/commons-parent/35/commons-parent-35.pom (58 kB at 6.4 MB/s)
17:57:47.106 [Thread-6] DEBUG spoon.Launcher - [INFO] Downloading from google-maven-central: https://maven-central.storage-download.googleapis.com/maven2/org/apache/apache/15/apache-15.pom
17:57:47.122 [Thread-6] DEBUG spoon.Launcher - [INFO] Downloaded from google-maven-central: https://maven-central.storage-download.googleapis.com/maven2/org/apache/apache/15/apache-15.pom (15 kB at 846 kB/s)
17:57:47.129 [Thread-6] DEBUG spoon.Launcher - [INFO] Downloading from google-maven-central: https://maven-central.storage-download.googleapis.com/maven2/com/google/code/findbugs/jsr305/3.0.1/jsr305-3.0.1.pom
17:57:47.141 [Thread-6] DEBUG spoon.Launcher - [INFO] Downloaded from google-maven-central: https://maven-central.storage-download.googleapis.com/maven2/com/google/code/findbugs/jsr305/3.0.1/jsr305-3.0.1.pom (4.3 kB at 390 kB/s)
17:57:47.149 [Thread-6] DEBUG spoon.Launcher - [INFO] Downloading from google-maven-central: https://maven-central.storage-download.googleapis.com/maven2/org/opensaml/opensaml-saml-api/3.3.1/opensaml-saml-api-3.3.1.pom
17:57:47.304 [Thread-6] DEBUG spoon.Launcher - [INFO] Downloaded from google-maven-central: https://maven-central.storage-download.googleapis.com/maven2/org/opensaml/opensaml-saml-api/3.3.1/opensaml-saml-api-3.3.1.pom (2.5 kB at 16 kB/s)
17:57:47.311 [Thread-6] DEBUG spoon.Launcher - [INFO] Downloading from google-maven-central: https://maven-central.storage-download.googleapis.com/maven2/org/opensaml/opensaml-xmlsec-api/3.3.1/opensaml-xmlsec-api-3.3.1.pom
17:57:47.470 [Thread-6] DEBUG spoon.Launcher - [INFO] Downloaded from google-maven-central: https://maven-central.storage-download.googleapis.com/maven2/org/opensaml/opensaml-xmlsec-api/3.3.1/opensaml-xmlsec-api-3.3.1.pom (2.0 kB at 13 kB/s)
17:57:47.479 [Thread-6] DEBUG spoon.Launcher - [INFO] Downloading from google-maven-central: https://maven-central.storage-download.googleapis.com/maven2/org/opensaml/opensaml-security-api/3.3.1/opensaml-security-api-3.3.1.pom
17:57:47.668 [Thread-6] DEBUG spoon.Launcher - [INFO] Downloaded from google-maven-central: https://maven-central.storage-download.googleapis.com/maven2/org/opensaml/opensaml-security-api/3.3.1/opensaml-security-api-3.3.1.pom (2.4 kB at 13 kB/s)
17:57:47.672 [Thread-6] DEBUG spoon.Launcher - [INFO] Downloading from google-maven-central: https://maven-central.storage-download.googleapis.com/maven2/org/opensaml/opensaml-messaging-api/3.3.1/opensaml-messaging-api-3.3.1.pom
17:57:47.834 [Thread-6] DEBUG spoon.Launcher - [INFO] Downloaded from google-maven-central: https://maven-central.storage-download.googleapis.com/maven2/org/opensaml/opensaml-messaging-api/3.3.1/opensaml-messaging-api-3.3.1.pom (1.7 kB at 10 kB/s)
17:57:47.839 [Thread-6] DEBUG spoon.Launcher - [INFO] Downloading from google-maven-central: https://maven-central.storage-download.googleapis.com/maven2/org/apache/httpcomponents/httpclient/4.3.6/httpclient-4.3.6.pom
17:57:47.845 [Thread-6] DEBUG spoon.Launcher - [INFO] Downloaded from google-maven-central: https://maven-central.storage-download.googleapis.com/maven2/org/apache/httpcomponents/httpclient/4.3.6/httpclient-4.3.6.pom (5.2 kB at 868 kB/s)
17:57:47.848 [Thread-6] DEBUG spoon.Launcher - [INFO] Downloading from google-maven-central: https://maven-central.storage-download.googleapis.com/maven2/org/apache/httpcomponents/httpcomponents-client/4.3.6/httpcomponents-client-4.3.6.pom
17:57:47.853 [Thread-6] DEBUG spoon.Launcher - [INFO] Downloaded from google-maven-central: https://maven-central.storage-download.googleapis.com/maven2/org/apache/httpcomponents/httpcomponents-client/4.3.6/httpcomponents-client-4.3.6.pom (16 kB at 2.7 MB/s)
17:57:47.859 [Thread-6] DEBUG spoon.Launcher - [INFO] Downloading from google-maven-central: https://maven-central.storage-download.googleapis.com/maven2/org/apache/httpcomponents/httpcore/4.3.3/httpcore-4.3.3.pom
17:57:47.865 [Thread-6] DEBUG spoon.Launcher - [INFO] Downloaded from google-maven-central: https://maven-central.storage-download.googleapis.com/maven2/org/apache/httpcomponents/httpcore/4.3.3/httpcore-4.3.3.pom (4.6 kB at 766 kB/s)
17:57:47.868 [Thread-6] DEBUG spoon.Launcher - [INFO] Downloading from google-maven-central: https://maven-central.storage-download.googleapis.com/maven2/org/apache/httpcomponents/httpcomponents-core/4.3.3/httpcomponents-core-4.3.3.pom
17:57:47.872 [Thread-6] DEBUG spoon.Launcher - [INFO] Downloaded from google-maven-central: https://maven-central.storage-download.googleapis.com/maven2/org/apache/httpcomponents/httpcomponents-core/4.3.3/httpcomponents-core-4.3.3.pom (13 kB at 2.6 MB/s)
17:57:47.877 [Thread-6] DEBUG spoon.Launcher - [INFO] Downloading from google-maven-central: https://maven-central.storage-download.googleapis.com/maven2/org/apache/santuario/xmlsec/2.0.5/xmlsec-2.0.5.pom
17:57:48.132 [Thread-6] DEBUG spoon.Launcher - [INFO] Downloaded from google-maven-central: https://maven-central.storage-download.googleapis.com/maven2/org/apache/santuario/xmlsec/2.0.5/xmlsec-2.0.5.pom (24 kB at 93 kB/s)
17:57:48.136 [Thread-6] DEBUG spoon.Launcher - [INFO] Downloading from google-maven-central: https://maven-central.storage-download.googleapis.com/maven2/org/codehaus/woodstox/woodstox-core-asl/4.4.1/woodstox-core-asl-4.4.1.pom
17:57:48.254 [Thread-6] DEBUG spoon.Launcher - [INFO] Downloaded from google-maven-central: https://maven-central.storage-download.googleapis.com/maven2/org/codehaus/woodstox/woodstox-core-asl/4.4.1/woodstox-core-asl-4.4.1.pom (1.8 kB at 15 kB/s)
17:57:48.258 [Thread-6] DEBUG spoon.Launcher - [INFO] Downloading from google-maven-central: https://maven-central.storage-download.googleapis.com/maven2/javax/xml/stream/stax-api/1.0-2/stax-api-1.0-2.pom
17:57:48.269 [Thread-6] DEBUG spoon.Launcher - [INFO] Downloaded from google-maven-central: https://maven-central.storage-download.googleapis.com/maven2/javax/xml/stream/stax-api/1.0-2/stax-api-1.0-2.pom (962 B at 87 kB/s)
17:57:48.273 [Thread-6] DEBUG spoon.Launcher - [INFO] Downloading from google-maven-central: https://maven-central.storage-download.googleapis.com/maven2/org/codehaus/woodstox/stax2-api/3.1.4/stax2-api-3.1.4.pom
17:57:48.336 [Thread-6] DEBUG spoon.Launcher - [INFO] Downloaded from google-maven-central: https://maven-central.storage-download.googleapis.com/maven2/org/codehaus/woodstox/stax2-api/3.1.4/stax2-api-3.1.4.pom (5.5 kB at 87 kB/s)
17:57:48.340 [Thread-6] DEBUG spoon.Launcher - [INFO] Downloading from google-maven-central: https://maven-central.storage-download.googleapis.com/maven2/org/cryptacular/cryptacular/1.1.1/cryptacular-1.1.1.pom
17:57:48.542 [Thread-6] DEBUG spoon.Launcher - [INFO] Downloaded from google-maven-central: https://maven-central.storage-download.googleapis.com/maven2/org/cryptacular/cryptacular/1.1.1/cryptacular-1.1.1.pom (12 kB at 58 kB/s)
17:57:48.546 [Thread-6] DEBUG spoon.Launcher - [INFO] Downloading from google-maven-central: https://maven-central.storage-download.googleapis.com/maven2/org/bouncycastle/bcprov-jdk15on/1.54/bcprov-jdk15on-1.54.pom
17:57:48.734 [Thread-6] DEBUG spoon.Launcher - [INFO] Downloaded from google-maven-central: https://maven-central.storage-download.googleapis.com/maven2/org/bouncycastle/bcprov-jdk15on/1.54/bcprov-jdk15on-1.54.pom (1.2 kB at 6.1 kB/s)
17:57:48.738 [Thread-6] DEBUG spoon.Launcher - [INFO] Downloading from google-maven-central: https://maven-central.storage-download.googleapis.com/maven2/org/opensaml/opensaml-soap-api/3.3.1/opensaml-soap-api-3.3.1.pom
17:57:48.875 [Thread-6] DEBUG spoon.Launcher - [INFO] Downloaded from google-maven-central: https://maven-central.storage-download.googleapis.com/maven2/org/opensaml/opensaml-soap-api/3.3.1/opensaml-soap-api-3.3.1.pom (1.6 kB at 12 kB/s)
17:57:48.881 [Thread-6] DEBUG spoon.Launcher - [INFO] Downloading from google-maven-central: https://maven-central.storage-download.googleapis.com/maven2/org/opensaml/opensaml-profile-api/3.3.1/opensaml-profile-api-3.3.1.pom
17:57:49.061 [Thread-6] DEBUG spoon.Launcher - [INFO] Downloaded from google-maven-central: https://maven-central.storage-download.googleapis.com/maven2/org/opensaml/opensaml-profile-api/3.3.1/opensaml-profile-api-3.3.1.pom (2.4 kB at 13 kB/s)
17:57:49.063 [Thread-6] DEBUG spoon.Launcher - [INFO] Downloading from google-maven-central: https://maven-central.storage-download.googleapis.com/maven2/org/opensaml/opensaml-storage-api/3.3.1/opensaml-storage-api-3.3.1.pom
17:57:49.268 [Thread-6] DEBUG spoon.Launcher - [INFO] Downloaded from google-maven-central: https://maven-central.storage-download.googleapis.com/maven2/org/opensaml/opensaml-storage-api/3.3.1/opensaml-storage-api-3.3.1.pom (1.2 kB at 6.0 kB/s)
17:57:49.273 [Thread-6] DEBUG spoon.Launcher - [INFO] Downloading from google-maven-central: https://maven-central.storage-download.googleapis.com/maven2/org/opensaml/opensaml-saml-impl/3.3.1/opensaml-saml-impl-3.3.1.pom
17:57:49.466 [Thread-6] DEBUG spoon.Launcher - [INFO] Downloaded from google-maven-central: https://maven-central.storage-download.googleapis.com/maven2/org/opensaml/opensaml-saml-impl/3.3.1/opensaml-saml-impl-3.3.1.pom (5.5 kB at 29 kB/s)
17:57:49.480 [Thread-6] DEBUG spoon.Launcher - [INFO] Downloading from google-maven-central: https://maven-central.storage-download.googleapis.com/maven2/org/opensaml/opensaml-security-impl/3.3.1/opensaml-security-impl-3.3.1.pom
17:57:49.714 [Thread-6] DEBUG spoon.Launcher - [INFO] Downloaded from google-maven-central: https://maven-central.storage-download.googleapis.com/maven2/org/opensaml/opensaml-security-impl/3.3.1/opensaml-security-impl-3.3.1.pom (2.1 kB at 8.9 kB/s)
17:57:49.720 [Thread-6] DEBUG spoon.Launcher - [INFO] Downloading from google-maven-central: https://maven-central.storage-download.googleapis.com/maven2/org/opensaml/opensaml-xmlsec-impl/3.3.1/opensaml-xmlsec-impl-3.3.1.pom
17:57:50.023 [Thread-6] DEBUG spoon.Launcher - [INFO] Downloaded from google-maven-central: https://maven-central.storage-download.googleapis.com/maven2/org/opensaml/opensaml-xmlsec-impl/3.3.1/opensaml-xmlsec-impl-3.3.1.pom (2.1 kB at 6.9 kB/s)
17:57:50.028 [Thread-6] DEBUG spoon.Launcher - [INFO] Downloading from google-maven-central: https://maven-central.storage-download.googleapis.com/maven2/org/opensaml/opensaml-soap-impl/3.3.1/opensaml-soap-impl-3.3.1.pom
17:57:50.204 [Thread-6] DEBUG spoon.Launcher - [INFO] Downloaded from google-maven-central: https://maven-central.storage-download.googleapis.com/maven2/org/opensaml/opensaml-soap-impl/3.3.1/opensaml-soap-impl-3.3.1.pom (2.7 kB at 15 kB/s)
17:57:50.208 [Thread-6] DEBUG spoon.Launcher - [INFO] Downloading from google-maven-central: https://maven-central.storage-download.googleapis.com/maven2/org/apache/velocity/velocity/1.7/velocity-1.7.pom
17:57:50.214 [Thread-6] DEBUG spoon.Launcher - [INFO] Downloaded from google-maven-central: https://maven-central.storage-download.googleapis.com/maven2/org/apache/velocity/velocity/1.7/velocity-1.7.pom (11 kB at 1.8 MB/s)
17:57:50.221 [Thread-6] DEBUG spoon.Launcher - [INFO] Downloading from google-maven-central: https://maven-central.storage-download.googleapis.com/maven2/commons-lang/commons-lang/2.4/commons-lang-2.4.pom
17:57:50.229 [Thread-6] DEBUG spoon.Launcher - [INFO] Downloaded from google-maven-central: https://maven-central.storage-download.googleapis.com/maven2/commons-lang/commons-lang/2.4/commons-lang-2.4.pom (14 kB at 2.3 MB/s)
17:57:50.237 [Thread-6] DEBUG spoon.Launcher - [INFO] Downloading from google-maven-central: https://maven-central.storage-download.googleapis.com/maven2/org/opensaml/opensaml-profile-impl/3.3.1/opensaml-profile-impl-3.3.1.pom
17:57:50.466 [Thread-6] DEBUG spoon.Launcher - [INFO] Downloaded from google-maven-central: https://maven-central.storage-download.googleapis.com/maven2/org/opensaml/opensaml-profile-impl/3.3.1/opensaml-profile-impl-3.3.1.pom (3.3 kB at 14 kB/s)
17:57:50.471 [Thread-6] DEBUG spoon.Launcher - [INFO] Downloading from google-maven-central: https://maven-central.storage-download.googleapis.com/maven2/org/opensaml/opensaml-messaging-impl/3.3.1/opensaml-messaging-impl-3.3.1.pom
17:57:50.716 [Thread-6] DEBUG spoon.Launcher - [INFO] Downloaded from google-maven-central: https://maven-central.storage-download.googleapis.com/maven2/org/opensaml/opensaml-messaging-impl/3.3.1/opensaml-messaging-impl-3.3.1.pom (2.1 kB at 8.6 kB/s)
17:57:50.723 [Thread-6] DEBUG spoon.Launcher - [INFO] Downloading from google-maven-central: https://maven-central.storage-download.googleapis.com/maven2/org/cryptacular/cryptacular/1.2.1/cryptacular-1.2.1.pom
17:57:50.993 [Thread-6] DEBUG spoon.Launcher - [INFO] Downloaded from google-maven-central: https://maven-central.storage-download.googleapis.com/maven2/org/cryptacular/cryptacular/1.2.1/cryptacular-1.2.1.pom (12 kB at 43 kB/s)
17:57:50.997 [Thread-6] DEBUG spoon.Launcher - [INFO] Downloading from google-maven-central: https://maven-central.storage-download.googleapis.com/maven2/joda-time/joda-time/2.9.9/joda-time-2.9.9.pom
17:57:51.003 [Thread-6] DEBUG spoon.Launcher - [INFO] Downloaded from google-maven-central: https://maven-central.storage-download.googleapis.com/maven2/joda-time/joda-time/2.9.9/joda-time-2.9.9.pom (35 kB at 5.8 MB/s)
17:57:51.007 [Thread-6] DEBUG spoon.Launcher - [INFO] Downloading from google-maven-central: https://maven-central.storage-download.googleapis.com/maven2/xalan/xalan/2.7.2/xalan-2.7.2.pom
17:57:51.012 [Thread-6] DEBUG spoon.Launcher - [INFO] Downloaded from google-maven-central: https://maven-central.storage-download.googleapis.com/maven2/xalan/xalan/2.7.2/xalan-2.7.2.pom (1.3 kB at 255 kB/s)
17:57:51.015 [Thread-6] DEBUG spoon.Launcher - [INFO] Downloading from google-maven-central: https://maven-central.storage-download.googleapis.com/maven2/xalan/serializer/2.7.2/serializer-2.7.2.pom
17:57:51.022 [Thread-6] DEBUG spoon.Launcher - [INFO] Downloaded from google-maven-central: https://maven-central.storage-download.googleapis.com/maven2/xalan/serializer/2.7.2/serializer-2.7.2.pom (1.1 kB at 156 kB/s)
17:57:51.025 [Thread-6] DEBUG spoon.Launcher - [INFO] Downloading from google-maven-central: https://maven-central.storage-download.googleapis.com/maven2/xml-apis/xml-apis/1.3.04/xml-apis-1.3.04.pom
17:57:51.030 [Thread-6] DEBUG spoon.Launcher - [INFO] Downloaded from google-maven-central: https://maven-central.storage-download.googleapis.com/maven2/xml-apis/xml-apis/1.3.04/xml-apis-1.3.04.pom (1.8 kB at 364 kB/s)
17:57:51.033 [Thread-6] DEBUG spoon.Launcher - [INFO] Downloading from google-maven-central: https://maven-central.storage-download.googleapis.com/maven2/commons-collections/commons-collections/3.2.2/commons-collections-3.2.2.pom
17:57:51.040 [Thread-6] DEBUG spoon.Launcher - [INFO] Downloaded from google-maven-central: https://maven-central.storage-download.googleapis.com/maven2/commons-collections/commons-collections/3.2.2/commons-collections-3.2.2.pom (12 kB at 2.1 MB/s)
17:57:51.048 [Thread-6] DEBUG spoon.Launcher - [INFO] Downloading from google-maven-central: https://maven-central.storage-download.googleapis.com/maven2/org/slf4j/jcl-over-slf4j/1.7.25/jcl-over-slf4j-1.7.25.pom
17:57:51.140 [Thread-6] DEBUG spoon.Launcher - [INFO] Downloaded from google-maven-central: https://maven-central.storage-download.googleapis.com/maven2/org/slf4j/jcl-over-slf4j/1.7.25/jcl-over-slf4j-1.7.25.pom (959 B at 10 kB/s)
17:57:51.144 [Thread-6] DEBUG spoon.Launcher - [INFO] Downloading from google-maven-central: https://maven-central.storage-download.googleapis.com/maven2/org/springframework/spring-core/5.0.2.RELEASE/spring-core-5.0.2.RELEASE.pom
17:57:51.396 [Thread-6] DEBUG spoon.Launcher - [INFO] Downloaded from google-maven-central: https://maven-central.storage-download.googleapis.com/maven2/org/springframework/spring-core/5.0.2.RELEASE/spring-core-5.0.2.RELEASE.pom (4.0 kB at 16 kB/s)
17:57:51.399 [Thread-6] DEBUG spoon.Launcher - [INFO] Downloading from google-maven-central: https://maven-central.storage-download.googleapis.com/maven2/io/projectreactor/reactor-bom/Bismuth-SR4/reactor-bom-Bismuth-SR4.pom
17:57:51.645 [Thread-6] DEBUG spoon.Launcher - [INFO] Downloaded from google-maven-central: https://maven-central.storage-download.googleapis.com/maven2/io/projectreactor/reactor-bom/Bismuth-SR4/reactor-bom-Bismuth-SR4.pom (3.6 kB at 15 kB/s)
17:57:51.648 [Thread-6] DEBUG spoon.Launcher - [INFO] Downloading from google-maven-central: https://maven-central.storage-download.googleapis.com/maven2/io/netty/netty-bom/4.1.17.Final/netty-bom-4.1.17.Final.pom
17:57:51.838 [Thread-6] DEBUG spoon.Launcher - [INFO] Downloaded from google-maven-central: https://maven-central.storage-download.googleapis.com/maven2/io/netty/netty-bom/4.1.17.Final/netty-bom-4.1.17.Final.pom (7.9 kB at 42 kB/s)
17:57:51.842 [Thread-6] DEBUG spoon.Launcher - [INFO] Downloading from google-maven-central: https://maven-central.storage-download.googleapis.com/maven2/org/springframework/spring-jcl/5.0.2.RELEASE/spring-jcl-5.0.2.RELEASE.pom
17:57:52.047 [Thread-6] DEBUG spoon.Launcher - [INFO] Downloaded from google-maven-central: https://maven-central.storage-download.googleapis.com/maven2/org/springframework/spring-jcl/5.0.2.RELEASE/spring-jcl-5.0.2.RELEASE.pom (1.9 kB at 9.3 kB/s)
17:57:52.053 [Thread-6] DEBUG spoon.Launcher - [INFO] Downloading from google-maven-central: https://maven-central.storage-download.googleapis.com/maven2/org/pac4j/pac4j-oauth/3.0.0/pac4j-oauth-3.0.0.pom
17:57:52.305 [Thread-6] DEBUG spoon.Launcher - [INFO] Downloaded from google-maven-central: https://maven-central.storage-download.googleapis.com/maven2/org/pac4j/pac4j-oauth/3.0.0/pac4j-oauth-3.0.0.pom (2.7 kB at 10 kB/s)
17:57:52.310 [Thread-6] DEBUG spoon.Launcher - [INFO] Downloading from google-maven-central: https://maven-central.storage-download.googleapis.com/maven2/com/github/scribejava/scribejava-apis/5.3.0/scribejava-apis-5.3.0.pom
17:57:52.610 [Thread-6] DEBUG spoon.Launcher - [INFO] Downloaded from google-maven-central: https://maven-central.storage-download.googleapis.com/maven2/com/github/scribejava/scribejava-apis/5.3.0/scribejava-apis-5.3.0.pom (2.2 kB at 7.5 kB/s)
17:57:52.612 [Thread-6] DEBUG spoon.Launcher - [INFO] Downloading from google-maven-central: https://maven-central.storage-download.googleapis.com/maven2/com/github/scribejava/scribejava/5.3.0/scribejava-5.3.0.pom
17:57:52.839 [Thread-6] DEBUG spoon.Launcher - [INFO] Downloaded from google-maven-central: https://maven-central.storage-download.googleapis.com/maven2/com/github/scribejava/scribejava/5.3.0/scribejava-5.3.0.pom (10 kB at 44 kB/s)
17:57:52.844 [Thread-6] DEBUG spoon.Launcher - [INFO] Downloading from google-maven-central: https://maven-central.storage-download.googleapis.com/maven2/com/github/scribejava/scribejava-core/5.3.0/scribejava-core-5.3.0.pom
17:57:53.134 [Thread-6] DEBUG spoon.Launcher - [INFO] Downloaded from google-maven-central: https://maven-central.storage-download.googleapis.com/maven2/com/github/scribejava/scribejava-core/5.3.0/scribejava-core-5.3.0.pom (1.3 kB at 4.4 kB/s)
17:57:53.137 [Thread-6] DEBUG spoon.Launcher - [INFO] Downloading from google-maven-central: https://maven-central.storage-download.googleapis.com/maven2/org/pac4j/pac4j-oidc/3.0.0/pac4j-oidc-3.0.0.pom
17:57:53.433 [Thread-6] DEBUG spoon.Launcher - [INFO] Downloaded from google-maven-central: https://maven-central.storage-download.googleapis.com/maven2/org/pac4j/pac4j-oidc/3.0.0/pac4j-oidc-3.0.0.pom (2.9 kB at 9.8 kB/s)
17:57:53.438 [Thread-6] DEBUG spoon.Launcher - [INFO] Downloading from google-maven-central: https://maven-central.storage-download.googleapis.com/maven2/com/nimbusds/oauth2-oidc-sdk/5.45/oauth2-oidc-sdk-5.45.pom
17:57:53.630 [Thread-6] DEBUG spoon.Launcher - [INFO] Downloaded from google-maven-central: https://maven-central.storage-download.googleapis.com/maven2/com/nimbusds/oauth2-oidc-sdk/5.45/oauth2-oidc-sdk-5.45.pom (11 kB at 56 kB/s)
17:57:53.634 [Thread-6] DEBUG spoon.Launcher - [INFO] Downloading from google-maven-central: https://maven-central.storage-download.googleapis.com/maven2/javax/mail/mail/1.4.7/mail-1.4.7.pom
17:57:53.639 [Thread-6] DEBUG spoon.Launcher - [INFO] Downloaded from google-maven-central: https://maven-central.storage-download.googleapis.com/maven2/javax/mail/mail/1.4.7/mail-1.4.7.pom (5.3 kB at 886 kB/s)
17:57:53.642 [Thread-6] DEBUG spoon.Launcher - [INFO] Downloading from google-maven-central: https://maven-central.storage-download.googleapis.com/maven2/com/sun/mail/all/1.4.7/all-1.4.7.pom
17:57:53.653 [Thread-6] DEBUG spoon.Launcher - [INFO] Downloaded from google-maven-central: https://maven-central.storage-download.googleapis.com/maven2/com/sun/mail/all/1.4.7/all-1.4.7.pom (20 kB at 1.9 MB/s)
17:57:53.660 [Thread-6] DEBUG spoon.Launcher - [INFO] Downloading from google-maven-central: https://maven-central.storage-download.googleapis.com/maven2/javax/activation/activation/1.1/activation-1.1.pom
17:57:53.673 [Thread-6] DEBUG spoon.Launcher - [INFO] Downloaded from google-maven-central: https://maven-central.storage-download.googleapis.com/maven2/javax/activation/activation/1.1/activation-1.1.pom (1.1 kB at 88 kB/s)
17:57:53.676 [Thread-6] DEBUG spoon.Launcher - [INFO] Downloading from google-maven-central: https://maven-central.storage-download.googleapis.com/maven2/com/github/stephenc/jcip/jcip-annotations/1.0-1/jcip-annotations-1.0-1.pom
17:57:53.681 [Thread-6] DEBUG spoon.Launcher - [INFO] Downloaded from google-maven-central: https://maven-central.storage-download.googleapis.com/maven2/com/github/stephenc/jcip/jcip-annotations/1.0-1/jcip-annotations-1.0-1.pom (5.4 kB at 905 kB/s)
17:57:53.689 [Thread-6] DEBUG spoon.Launcher - [INFO] Downloading from google-maven-central: https://maven-central.storage-download.googleapis.com/maven2/org/apache/commons/commons-lang3/3.7/commons-lang3-3.7.pom
17:57:53.695 [Thread-6] DEBUG spoon.Launcher - [INFO] Downloaded from google-maven-central: https://maven-central.storage-download.googleapis.com/maven2/org/apache/commons/commons-lang3/3.7/commons-lang3-3.7.pom (28 kB at 4.6 MB/s)
17:57:53.705 [Thread-6] DEBUG spoon.Launcher - [INFO] Downloading from google-maven-central: https://maven-central.storage-download.googleapis.com/maven2/org/apache/commons/commons-collections4/4.1/commons-collections4-4.1.pom
17:57:53.711 [Thread-6] DEBUG spoon.Launcher - [INFO] Downloaded from google-maven-central: https://maven-central.storage-download.googleapis.com/maven2/org/apache/commons/commons-collections4/4.1/commons-collections4-4.1.pom (21 kB at 3.6 MB/s)
17:57:53.714 [Thread-6] DEBUG spoon.Launcher - [INFO] Downloading from google-maven-central: https://maven-central.storage-download.googleapis.com/maven2/org/apache/commons/commons-parent/38/commons-parent-38.pom
17:57:53.720 [Thread-6] DEBUG spoon.Launcher - [INFO] Downloaded from google-maven-central: https://maven-central.storage-download.googleapis.com/maven2/org/apache/commons/commons-parent/38/commons-parent-38.pom (62 kB at 10 MB/s)
17:57:53.737 [Thread-6] DEBUG spoon.Launcher - [INFO] Downloading from sonatype: https://oss.sonatype.org/content/repositories/releases/net/minidev/json-smart/maven-metadata.xml
17:57:53.738 [Thread-6] DEBUG spoon.Launcher - [INFO] Downloading from google-maven-central: https://maven-central.storage-download.googleapis.com/maven2/net/minidev/json-smart/maven-metadata.xml
17:57:53.745 [Thread-6] DEBUG spoon.Launcher - [INFO] Downloading from sonatype-apache: https://repository.apache.org/content/repositories/releases/net/minidev/json-smart/maven-metadata.xml
17:57:53.745 [Thread-6] DEBUG spoon.Launcher - [INFO] Downloaded from google-maven-central: https://maven-central.storage-download.googleapis.com/maven2/net/minidev/json-smart/maven-metadata.xml (849 B at 121 kB/s)
17:57:53.755 [Thread-6] DEBUG spoon.Launcher - [INFO] Downloading from sonatype-snapshots: https://oss.sonatype.org/content/repositories/snapshots/net/minidev/json-smart/maven-metadata.xml
17:57:53.761 [Thread-6] DEBUG spoon.Launcher - [INFO] Downloading from apache-snapshots: https://repository.apache.org/snapshots/net/minidev/json-smart/maven-metadata.xml
17:57:53.899 [Thread-6] DEBUG spoon.Launcher - [INFO] Downloading from sonatype-nexus-snapshots: https://oss.sonatype.org/content/repositories/snapshots/net/minidev/json-smart/maven-metadata.xml
17:57:54.131 [Thread-6] DEBUG spoon.Launcher - [INFO] Downloaded from sonatype: https://oss.sonatype.org/content/repositories/releases/net/minidev/json-smart/maven-metadata.xml (849 B at 2.2 kB/s)
17:57:54.289 [Thread-6] DEBUG spoon.Launcher - [INFO] Downloading from google-maven-central: https://maven-central.storage-download.googleapis.com/maven2/net/minidev/json-smart/1.3.1/json-smart-1.3.1.pom
17:57:54.414 [Thread-6] DEBUG spoon.Launcher - [INFO] Downloaded from google-maven-central: https://maven-central.storage-download.googleapis.com/maven2/net/minidev/json-smart/1.3.1/json-smart-1.3.1.pom (2.0 kB at 16 kB/s)
17:57:54.421 [Thread-6] DEBUG spoon.Launcher - [INFO] Downloading from google-maven-central: https://maven-central.storage-download.googleapis.com/maven2/net/minidev/parent/1.3.1/parent-1.3.1.pom
17:57:54.502 [Thread-6] DEBUG spoon.Launcher - [INFO] Downloaded from google-maven-central: https://maven-central.storage-download.googleapis.com/maven2/net/minidev/parent/1.3.1/parent-1.3.1.pom (8.5 kB at 102 kB/s)
17:57:54.506 [Thread-6] DEBUG spoon.Launcher - [INFO] Downloading from google-maven-central: https://maven-central.storage-download.googleapis.com/maven2/net/minidev/json-smart/2.0-RC1/json-smart-2.0-RC1.pom
17:57:54.511 [Thread-6] DEBUG spoon.Launcher - [INFO] Downloaded from google-maven-central: https://maven-central.storage-download.googleapis.com/maven2/net/minidev/json-smart/2.0-RC1/json-smart-2.0-RC1.pom (1.4 kB at 242 kB/s)
17:57:54.513 [Thread-6] DEBUG spoon.Launcher - [INFO] Downloading from google-maven-central: https://maven-central.storage-download.googleapis.com/maven2/net/minidev/parent/2.0-RC1/parent-2.0-RC1.pom
17:57:54.519 [Thread-6] DEBUG spoon.Launcher - [INFO] Downloaded from google-maven-central: https://maven-central.storage-download.googleapis.com/maven2/net/minidev/parent/2.0-RC1/parent-2.0-RC1.pom (11 kB at 2.2 MB/s)
17:57:54.522 [Thread-6] DEBUG spoon.Launcher - [INFO] Downloading from google-maven-central: https://maven-central.storage-download.googleapis.com/maven2/net/minidev/asm/1.0-RC1/asm-1.0-RC1.pom
17:57:54.528 [Thread-6] DEBUG spoon.Launcher - [INFO] Downloaded from google-maven-central: https://maven-central.storage-download.googleapis.com/maven2/net/minidev/asm/1.0-RC1/asm-1.0-RC1.pom (1.6 kB at 261 kB/s)
17:57:54.535 [Thread-6] DEBUG spoon.Launcher - [INFO] Downloading from google-maven-central: https://maven-central.storage-download.googleapis.com/maven2/net/minidev/json-smart/2.0-RC2/json-smart-2.0-RC2.pom
17:57:54.540 [Thread-6] DEBUG spoon.Launcher - [INFO] Downloaded from google-maven-central: https://maven-central.storage-download.googleapis.com/maven2/net/minidev/json-smart/2.0-RC2/json-smart-2.0-RC2.pom (1.4 kB at 237 kB/s)
17:57:54.543 [Thread-6] DEBUG spoon.Launcher - [INFO] Downloading from google-maven-central: https://maven-central.storage-download.googleapis.com/maven2/net/minidev/parent/2.0-RC2/parent-2.0-RC2.pom
17:57:54.550 [Thread-6] DEBUG spoon.Launcher - [INFO] Downloaded from google-maven-central: https://maven-central.storage-download.googleapis.com/maven2/net/minidev/parent/2.0-RC2/parent-2.0-RC2.pom (11 kB at 1.8 MB/s)
17:57:54.554 [Thread-6] DEBUG spoon.Launcher - [INFO] Downloading from google-maven-central: https://maven-central.storage-download.googleapis.com/maven2/net/minidev/json-smart/2.0-RC3/json-smart-2.0-RC3.pom
17:57:54.564 [Thread-6] DEBUG spoon.Launcher - [INFO] Downloaded from google-maven-central: https://maven-central.storage-download.googleapis.com/maven2/net/minidev/json-smart/2.0-RC3/json-smart-2.0-RC3.pom (1.4 kB at 158 kB/s)
17:57:54.566 [Thread-6] DEBUG spoon.Launcher - [INFO] Downloading from google-maven-central: https://maven-central.storage-download.googleapis.com/maven2/net/minidev/parent/2.0-RC3/parent-2.0-RC3.pom
17:57:54.575 [Thread-6] DEBUG spoon.Launcher - [INFO] Downloaded from google-maven-central: https://maven-central.storage-download.googleapis.com/maven2/net/minidev/parent/2.0-RC3/parent-2.0-RC3.pom (8.4 kB at 1.4 MB/s)
17:57:54.581 [Thread-6] DEBUG spoon.Launcher - [INFO] Downloading from google-maven-central: https://maven-central.storage-download.googleapis.com/maven2/net/minidev/asm/1.0-RC3/asm-1.0-RC3.pom
17:57:54.589 [Thread-6] DEBUG spoon.Launcher - [INFO] Downloaded from google-maven-central: https://maven-central.storage-download.googleapis.com/maven2/net/minidev/asm/1.0-RC3/asm-1.0-RC3.pom (1.6 kB at 224 kB/s)
17:57:54.598 [Thread-6] DEBUG spoon.Launcher - [INFO] Downloading from google-maven-central: https://maven-central.storage-download.googleapis.com/maven2/net/minidev/json-smart/2.0/json-smart-2.0.pom
17:57:54.610 [Thread-6] DEBUG spoon.Launcher - [INFO] Downloaded from google-maven-central: https://maven-central.storage-download.googleapis.com/maven2/net/minidev/json-smart/2.0/json-smart-2.0.pom (1.4 kB at 83 kB/s)
17:57:54.615 [Thread-6] DEBUG spoon.Launcher - [INFO] Downloading from google-maven-central: https://maven-central.storage-download.googleapis.com/maven2/net/minidev/parent/2.0/parent-2.0.pom
17:57:54.635 [Thread-6] DEBUG spoon.Launcher - [INFO] Downloaded from google-maven-central: https://maven-central.storage-download.googleapis.com/maven2/net/minidev/parent/2.0/parent-2.0.pom (8.6 kB at 613 kB/s)
17:57:54.639 [Thread-6] DEBUG spoon.Launcher - [INFO] Downloading from google-maven-central: https://maven-central.storage-download.googleapis.com/maven2/net/minidev/asm/1.0/asm-1.0.pom
17:57:54.649 [Thread-6] DEBUG spoon.Launcher - [INFO] Downloaded from google-maven-central: https://maven-central.storage-download.googleapis.com/maven2/net/minidev/asm/1.0/asm-1.0.pom (1.6 kB at 160 kB/s)
17:57:54.658 [Thread-6] DEBUG spoon.Launcher - [INFO] Downloading from google-maven-central: https://maven-central.storage-download.googleapis.com/maven2/net/minidev/json-smart/2.1.0/json-smart-2.1.0.pom
17:57:54.666 [Thread-6] DEBUG spoon.Launcher - [INFO] Downloaded from google-maven-central: https://maven-central.storage-download.googleapis.com/maven2/net/minidev/json-smart/2.1.0/json-smart-2.1.0.pom (2.2 kB at 309 kB/s)
17:57:54.668 [Thread-6] DEBUG spoon.Launcher - [INFO] Downloading from google-maven-central: https://maven-central.storage-download.googleapis.com/maven2/net/minidev/parent/2.1.0/parent-2.1.0.pom
17:57:54.703 [Thread-6] DEBUG spoon.Launcher - [INFO] Downloaded from google-maven-central: https://maven-central.storage-download.googleapis.com/maven2/net/minidev/parent/2.1.0/parent-2.1.0.pom (8.6 kB at 254 kB/s)
17:57:54.706 [Thread-6] DEBUG spoon.Launcher - [INFO] Downloading from google-maven-central: https://maven-central.storage-download.googleapis.com/maven2/net/minidev/asm/1.0.2/asm-1.0.2.pom
17:57:54.713 [Thread-6] DEBUG spoon.Launcher - [INFO] Downloaded from google-maven-central: https://maven-central.storage-download.googleapis.com/maven2/net/minidev/asm/1.0.2/asm-1.0.2.pom (1.8 kB at 255 kB/s)
17:57:54.718 [Thread-6] DEBUG spoon.Launcher - [INFO] Downloading from google-maven-central: https://maven-central.storage-download.googleapis.com/maven2/net/minidev/json-smart/2.1.1/json-smart-2.1.1.pom
17:57:54.725 [Thread-6] DEBUG spoon.Launcher - [INFO] Downloaded from google-maven-central: https://maven-central.storage-download.googleapis.com/maven2/net/minidev/json-smart/2.1.1/json-smart-2.1.1.pom (2.2 kB at 315 kB/s)
17:57:54.732 [Thread-6] DEBUG spoon.Launcher - [INFO] Downloading from google-maven-central: https://maven-central.storage-download.googleapis.com/maven2/net/minidev/json-smart/2.2/json-smart-2.2.pom
17:57:54.739 [Thread-6] DEBUG spoon.Launcher - [INFO] Downloaded from google-maven-central: https://maven-central.storage-download.googleapis.com/maven2/net/minidev/json-smart/2.2/json-smart-2.2.pom (2.3 kB at 331 kB/s)
17:57:54.750 [Thread-6] DEBUG spoon.Launcher - [INFO] Downloading from google-maven-central: https://maven-central.storage-download.googleapis.com/maven2/net/minidev/minidev-parent/2.2/minidev-parent-2.2.pom
17:57:54.757 [Thread-6] DEBUG spoon.Launcher - [INFO] Downloaded from google-maven-central: https://maven-central.storage-download.googleapis.com/maven2/net/minidev/minidev-parent/2.2/minidev-parent-2.2.pom (9.1 kB at 1.1 MB/s)
17:57:54.763 [Thread-6] DEBUG spoon.Launcher - [INFO] Downloading from google-maven-central: https://maven-central.storage-download.googleapis.com/maven2/net/minidev/accessors-smart/1.1/accessors-smart-1.1.pom
17:57:54.770 [Thread-6] DEBUG spoon.Launcher - [INFO] Downloaded from google-maven-central: https://maven-central.storage-download.googleapis.com/maven2/net/minidev/accessors-smart/1.1/accessors-smart-1.1.pom (2.1 kB at 348 kB/s)
17:57:54.775 [Thread-6] DEBUG spoon.Launcher - [INFO] Downloading from google-maven-central: https://maven-central.storage-download.googleapis.com/maven2/org/ow2/asm/asm/5.0.3/asm-5.0.3.pom
17:57:54.875 [Thread-6] DEBUG spoon.Launcher - [INFO] Downloaded from google-maven-central: https://maven-central.storage-download.googleapis.com/maven2/org/ow2/asm/asm/5.0.3/asm-5.0.3.pom (1.9 kB at 19 kB/s)
17:57:54.878 [Thread-6] DEBUG spoon.Launcher - [INFO] Downloading from google-maven-central: https://maven-central.storage-download.googleapis.com/maven2/org/ow2/asm/asm-parent/5.0.3/asm-parent-5.0.3.pom
17:57:54.938 [Thread-6] DEBUG spoon.Launcher - [INFO] Downloaded from google-maven-central: https://maven-central.storage-download.googleapis.com/maven2/org/ow2/asm/asm-parent/5.0.3/asm-parent-5.0.3.pom (5.5 kB at 92 kB/s)
17:57:54.941 [Thread-6] DEBUG spoon.Launcher - [INFO] Downloading from google-maven-central: https://maven-central.storage-download.googleapis.com/maven2/org/ow2/ow2/1.3/ow2-1.3.pom
17:57:54.945 [Thread-6] DEBUG spoon.Launcher - [INFO] Downloaded from google-maven-central: https://maven-central.storage-download.googleapis.com/maven2/org/ow2/ow2/1.3/ow2-1.3.pom (9.5 kB at 1.9 MB/s)
17:57:54.949 [Thread-6] DEBUG spoon.Launcher - [INFO] Downloading from google-maven-central: https://maven-central.storage-download.googleapis.com/maven2/net/minidev/json-smart/2.2.1/json-smart-2.2.1.pom
17:57:54.954 [Thread-6] DEBUG spoon.Launcher - [INFO] Downloaded from google-maven-central: https://maven-central.storage-download.googleapis.com/maven2/net/minidev/json-smart/2.2.1/json-smart-2.2.1.pom (12 kB at 2.0 MB/s)
17:57:54.958 [Thread-6] DEBUG spoon.Launcher - [INFO] Downloading from google-maven-central: https://maven-central.storage-download.googleapis.com/maven2/net/minidev/json-smart/2.3/json-smart-2.3.pom
17:57:54.963 [Thread-6] DEBUG spoon.Launcher - [INFO] Downloaded from google-maven-central: https://maven-central.storage-download.googleapis.com/maven2/net/minidev/json-smart/2.3/json-smart-2.3.pom (9.0 kB at 1.5 MB/s)
17:57:54.966 [Thread-6] DEBUG spoon.Launcher - [INFO] Downloading from google-maven-central: https://maven-central.storage-download.googleapis.com/maven2/net/minidev/minidev-parent/2.3/minidev-parent-2.3.pom
17:57:54.973 [Thread-6] DEBUG spoon.Launcher - [INFO] Downloaded from google-maven-central: https://maven-central.storage-download.googleapis.com/maven2/net/minidev/minidev-parent/2.3/minidev-parent-2.3.pom (8.5 kB at 1.4 MB/s)
17:57:54.978 [Thread-6] DEBUG spoon.Launcher - [INFO] Downloading from google-maven-central: https://maven-central.storage-download.googleapis.com/maven2/net/minidev/accessors-smart/1.2/accessors-smart-1.2.pom
17:57:54.985 [Thread-6] DEBUG spoon.Launcher - [INFO] Downloaded from google-maven-central: https://maven-central.storage-download.googleapis.com/maven2/net/minidev/accessors-smart/1.2/accessors-smart-1.2.pom (12 kB at 1.7 MB/s)
17:57:54.989 [Thread-6] DEBUG spoon.Launcher - [INFO] Downloading from google-maven-central: https://maven-central.storage-download.googleapis.com/maven2/org/ow2/asm/asm/5.0.4/asm-5.0.4.pom
17:57:54.996 [Thread-6] DEBUG spoon.Launcher - [INFO] Downloaded from google-maven-central: https://maven-central.storage-download.googleapis.com/maven2/org/ow2/asm/asm/5.0.4/asm-5.0.4.pom (1.9 kB at 276 kB/s)
17:57:54.998 [Thread-6] DEBUG spoon.Launcher - [INFO] Downloading from google-maven-central: https://maven-central.storage-download.googleapis.com/maven2/org/ow2/asm/asm-parent/5.0.4/asm-parent-5.0.4.pom
17:57:55.003 [Thread-6] DEBUG spoon.Launcher - [INFO] Downloaded from google-maven-central: https://maven-central.storage-download.googleapis.com/maven2/org/ow2/asm/asm-parent/5.0.4/asm-parent-5.0.4.pom (5.5 kB at 1.1 MB/s)
17:57:55.007 [Thread-6] DEBUG spoon.Launcher - [INFO] Downloading from google-maven-central: https://maven-central.storage-download.googleapis.com/maven2/com/nimbusds/lang-tag/maven-metadata.xml
17:57:55.008 [Thread-6] DEBUG spoon.Launcher - [INFO] Downloading from sonatype: https://oss.sonatype.org/content/repositories/releases/com/nimbusds/lang-tag/maven-metadata.xml
17:57:55.008 [Thread-6] DEBUG spoon.Launcher - [INFO] Downloading from sonatype-snapshots: https://oss.sonatype.org/content/repositories/snapshots/com/nimbusds/lang-tag/maven-metadata.xml
17:57:55.014 [Thread-6] DEBUG spoon.Launcher - [INFO] Downloading from sonatype-apache: https://repository.apache.org/content/repositories/releases/com/nimbusds/lang-tag/maven-metadata.xml
17:57:55.097 [Thread-6] DEBUG spoon.Launcher - [INFO] Downloaded from sonatype: https://oss.sonatype.org/content/repositories/releases/com/nimbusds/lang-tag/maven-metadata.xml (563 B at 6.2 kB/s)
17:57:55.099 [Thread-6] DEBUG spoon.Launcher - [INFO] Downloading from apache-snapshots: https://repository.apache.org/snapshots/com/nimbusds/lang-tag/maven-metadata.xml
17:57:55.196 [Thread-6] DEBUG spoon.Launcher - [INFO] Downloaded from google-maven-central: https://maven-central.storage-download.googleapis.com/maven2/com/nimbusds/lang-tag/maven-metadata.xml (563 B at 3.0 kB/s)
17:57:55.197 [Thread-6] DEBUG spoon.Launcher - [INFO] Downloading from sonatype-nexus-snapshots: https://oss.sonatype.org/content/repositories/snapshots/com/nimbusds/lang-tag/maven-metadata.xml
17:57:59.218 [Thread-6] DEBUG spoon.Launcher - [INFO] Downloading from google-maven-central: https://maven-central.storage-download.googleapis.com/maven2/com/nimbusds/lang-tag/1.4.3/lang-tag-1.4.3.pom
17:57:59.331 [Thread-6] DEBUG spoon.Launcher - [INFO] Downloaded from google-maven-central: https://maven-central.storage-download.googleapis.com/maven2/com/nimbusds/lang-tag/1.4.3/lang-tag-1.4.3.pom (7.5 kB at 67 kB/s)
17:57:59.336 [Thread-6] DEBUG spoon.Launcher - [INFO] Downloading from google-maven-central: https://maven-central.storage-download.googleapis.com/maven2/com/nimbusds/lang-tag/1.4.4/lang-tag-1.4.4.pom
17:57:59.407 [Thread-6] DEBUG spoon.Launcher - [INFO] Downloaded from google-maven-central: https://maven-central.storage-download.googleapis.com/maven2/com/nimbusds/lang-tag/1.4.4/lang-tag-1.4.4.pom (9.5 kB at 133 kB/s)
17:57:59.410 [Thread-6] DEBUG spoon.Launcher - [INFO] Downloading from google-maven-central: https://maven-central.storage-download.googleapis.com/maven2/com/nimbusds/lang-tag/1.5/lang-tag-1.5.pom
17:57:59.548 [Thread-6] DEBUG spoon.Launcher - [INFO] Downloaded from google-maven-central: https://maven-central.storage-download.googleapis.com/maven2/com/nimbusds/lang-tag/1.5/lang-tag-1.5.pom (9.2 kB at 67 kB/s)
17:57:59.552 [Thread-6] DEBUG spoon.Launcher - [INFO] Downloading from google-maven-central: https://maven-central.storage-download.googleapis.com/maven2/com/nimbusds/nimbus-jose-jwt/4.35/nimbus-jose-jwt-4.35.pom
17:57:59.741 [Thread-6] DEBUG spoon.Launcher - [INFO] Downloaded from google-maven-central: https://maven-central.storage-download.googleapis.com/maven2/com/nimbusds/nimbus-jose-jwt/4.35/nimbus-jose-jwt-4.35.pom (13 kB at 69 kB/s)
17:57:59.745 [Thread-6] DEBUG spoon.Launcher - [INFO] Downloading from google-maven-central: https://maven-central.storage-download.googleapis.com/maven2/org/bouncycastle/bcpkix-jdk15on/1.55/bcpkix-jdk15on-1.55.pom
17:57:59.918 [Thread-6] DEBUG spoon.Launcher - [INFO] Downloaded from google-maven-central: https://maven-central.storage-download.googleapis.com/maven2/org/bouncycastle/bcpkix-jdk15on/1.55/bcpkix-jdk15on-1.55.pom (1.5 kB at 8.6 kB/s)
17:57:59.921 [Thread-6] DEBUG spoon.Launcher - [INFO] Downloading from google-maven-central: https://maven-central.storage-download.googleapis.com/maven2/org/bouncycastle/bcprov-jdk15on/1.55/bcprov-jdk15on-1.55.pom
17:58:00.039 [Thread-6] DEBUG spoon.Launcher - [INFO] Downloaded from google-maven-central: https://maven-central.storage-download.googleapis.com/maven2/org/bouncycastle/bcprov-jdk15on/1.55/bcprov-jdk15on-1.55.pom (1.2 kB at 9.8 kB/s)
17:58:00.045 [Thread-6] DEBUG spoon.Launcher - [INFO] Downloading from google-maven-central: https://maven-central.storage-download.googleapis.com/maven2/org/pac4j/pac4j-ldap/3.0.0/pac4j-ldap-3.0.0.pom
17:58:00.300 [Thread-6] DEBUG spoon.Launcher - [INFO] Downloaded from google-maven-central: https://maven-central.storage-download.googleapis.com/maven2/org/pac4j/pac4j-ldap/3.0.0/pac4j-ldap-3.0.0.pom (3.7 kB at 15 kB/s)
17:58:00.306 [Thread-6] DEBUG spoon.Launcher - [INFO] Downloading from google-maven-central: https://maven-central.storage-download.googleapis.com/maven2/org/ldaptive/ldaptive/1.2.3/ldaptive-1.2.3.pom
17:58:00.588 [Thread-6] DEBUG spoon.Launcher - [INFO] Downloaded from google-maven-central: https://maven-central.storage-download.googleapis.com/maven2/org/ldaptive/ldaptive/1.2.3/ldaptive-1.2.3.pom (1.1 kB at 3.8 kB/s)
17:58:00.592 [Thread-6] DEBUG spoon.Launcher - [INFO] Downloading from google-maven-central: https://maven-central.storage-download.googleapis.com/maven2/org/ldaptive/ldaptive-parent/1.2.3/ldaptive-parent-1.2.3.pom
17:58:01.124 [Thread-6] DEBUG spoon.Launcher - [INFO] Downloaded from google-maven-central: https://maven-central.storage-download.googleapis.com/maven2/org/ldaptive/ldaptive-parent/1.2.3/ldaptive-parent-1.2.3.pom (20 kB at 37 kB/s)
17:58:01.129 [Thread-6] DEBUG spoon.Launcher - [INFO] Downloading from google-maven-central: https://maven-central.storage-download.googleapis.com/maven2/commons-cli/commons-cli/1.4/commons-cli-1.4.pom
17:58:01.137 [Thread-6] DEBUG spoon.Launcher - [INFO] Downloaded from google-maven-central: https://maven-central.storage-download.googleapis.com/maven2/commons-cli/commons-cli/1.4/commons-cli-1.4.pom (11 kB at 1.5 MB/s)
17:58:01.142 [Thread-6] DEBUG spoon.Launcher - [INFO] Downloading from google-maven-central: https://maven-central.storage-download.googleapis.com/maven2/org/pac4j/pac4j-http/3.0.0/pac4j-http-3.0.0.pom
17:58:01.310 [Thread-6] DEBUG spoon.Launcher - [INFO] Downloaded from google-maven-central: https://maven-central.storage-download.googleapis.com/maven2/org/pac4j/pac4j-http/3.0.0/pac4j-http-3.0.0.pom (4.3 kB at 25 kB/s)
17:58:01.314 [Thread-6] DEBUG spoon.Launcher - [INFO] Downloading from google-maven-central: https://maven-central.storage-download.googleapis.com/maven2/com/zaxxer/HikariCP/2.6.1/HikariCP-2.6.1.pom
17:58:01.320 [Thread-6] DEBUG spoon.Launcher - [INFO] Downloaded from google-maven-central: https://maven-central.storage-download.googleapis.com/maven2/com/zaxxer/HikariCP/2.6.1/HikariCP-2.6.1.pom (18 kB at 3.0 MB/s)
17:58:01.324 [Thread-6] DEBUG spoon.Launcher - [INFO] Downloading from google-maven-central: https://maven-central.storage-download.googleapis.com/maven2/org/pac4j/pac4j-sql/3.0.0/pac4j-sql-3.0.0.pom
17:58:01.505 [Thread-6] DEBUG spoon.Launcher - [INFO] Downloaded from google-maven-central: https://maven-central.storage-download.googleapis.com/maven2/org/pac4j/pac4j-sql/3.0.0/pac4j-sql-3.0.0.pom (3.8 kB at 21 kB/s)
17:58:01.510 [Thread-6] DEBUG spoon.Launcher - [INFO] Downloading from google-maven-central: https://maven-central.storage-download.googleapis.com/maven2/org/jdbi/jdbi/2.78/jdbi-2.78.pom
17:58:01.615 [Thread-6] DEBUG spoon.Launcher - [INFO] Downloaded from google-maven-central: https://maven-central.storage-download.googleapis.com/maven2/org/jdbi/jdbi/2.78/jdbi-2.78.pom (11 kB at 105 kB/s)
17:58:01.617 [Thread-6] DEBUG spoon.Launcher - [INFO] Downloading from google-maven-central: https://maven-central.storage-download.googleapis.com/maven2/org/basepom/basepom-oss/19/basepom-oss-19.pom
17:58:01.761 [Thread-6] DEBUG spoon.Launcher - [INFO] Downloaded from google-maven-central: https://maven-central.storage-download.googleapis.com/maven2/org/basepom/basepom-oss/19/basepom-oss-19.pom (9.6 kB at 66 kB/s)
17:58:01.764 [Thread-6] DEBUG spoon.Launcher - [INFO] Downloading from google-maven-central: https://maven-central.storage-download.googleapis.com/maven2/org/basepom/basepom-minimal/19/basepom-minimal-19.pom
17:58:01.879 [Thread-6] DEBUG spoon.Launcher - [INFO] Downloaded from google-maven-central: https://maven-central.storage-download.googleapis.com/maven2/org/basepom/basepom-minimal/19/basepom-minimal-19.pom (12 kB at 102 kB/s)
17:58:01.882 [Thread-6] DEBUG spoon.Launcher - [INFO] Downloading from google-maven-central: https://maven-central.storage-download.googleapis.com/maven2/org/basepom/basepom-foundation/19/basepom-foundation-19.pom
17:58:02.025 [Thread-6] DEBUG spoon.Launcher - [INFO] Downloaded from google-maven-central: https://maven-central.storage-download.googleapis.com/maven2/org/basepom/basepom-foundation/19/basepom-foundation-19.pom (47 kB at 328 kB/s)
17:58:02.029 [Thread-6] DEBUG spoon.Launcher - [INFO] Downloading from google-maven-central: https://maven-central.storage-download.googleapis.com/maven2/org/springframework/security/spring-security-crypto/4.2.2.RELEASE/spring-security-crypto-4.2.2.RELEASE.pom
17:58:02.245 [Thread-6] DEBUG spoon.Launcher - [INFO] Downloaded from google-maven-central: https://maven-central.storage-download.googleapis.com/maven2/org/springframework/security/spring-security-crypto/4.2.2.RELEASE/spring-security-crypto-4.2.2.RELEASE.pom (3.4 kB at 16 kB/s)
17:58:02.247 [Thread-6] DEBUG spoon.Launcher - [INFO] Downloading from google-maven-central: https://maven-central.storage-download.googleapis.com/maven2/org/springframework/spring-framework-bom/4.3.5.RELEASE/spring-framework-bom-4.3.5.RELEASE.pom
17:58:02.448 [Thread-6] DEBUG spoon.Launcher - [INFO] Downloaded from google-maven-central: https://maven-central.storage-download.googleapis.com/maven2/org/springframework/spring-framework-bom/4.3.5.RELEASE/spring-framework-bom-4.3.5.RELEASE.pom (5.1 kB at 25 kB/s)
17:58:02.451 [Thread-6] DEBUG spoon.Launcher - [INFO] Downloading from google-maven-central: https://maven-central.storage-download.googleapis.com/maven2/org/apache/shiro/shiro-core/1.3.2/shiro-core-1.3.2.pom
17:58:02.700 [Thread-6] DEBUG spoon.Launcher - [INFO] Downloaded from google-maven-central: https://maven-central.storage-download.googleapis.com/maven2/org/apache/shiro/shiro-core/1.3.2/shiro-core-1.3.2.pom (4.2 kB at 17 kB/s)
17:58:02.702 [Thread-6] DEBUG spoon.Launcher - [INFO] Downloading from google-maven-central: https://maven-central.storage-download.googleapis.com/maven2/org/apache/shiro/shiro-root/1.3.2/shiro-root-1.3.2.pom
17:58:02.917 [Thread-6] DEBUG spoon.Launcher - [INFO] Downloaded from google-maven-central: https://maven-central.storage-download.googleapis.com/maven2/org/apache/shiro/shiro-root/1.3.2/shiro-root-1.3.2.pom (46 kB at 214 kB/s)
17:58:02.922 [Thread-6] DEBUG spoon.Launcher - [INFO] Downloading from google-maven-central: https://maven-central.storage-download.googleapis.com/maven2/commons-beanutils/commons-beanutils/1.8.3/commons-beanutils-1.8.3.pom
17:58:02.930 [Thread-6] DEBUG spoon.Launcher - [INFO] Downloaded from google-maven-central: https://maven-central.storage-download.googleapis.com/maven2/commons-beanutils/commons-beanutils/1.8.3/commons-beanutils-1.8.3.pom (11 kB at 1.4 MB/s)
17:58:02.933 [Thread-6] DEBUG spoon.Launcher - [INFO] Downloading from google-maven-central: https://maven-central.storage-download.googleapis.com/maven2/org/apache/commons/commons-parent/14/commons-parent-14.pom
17:58:02.938 [Thread-6] DEBUG spoon.Launcher - [INFO] Downloaded from google-maven-central: https://maven-central.storage-download.googleapis.com/maven2/org/apache/commons/commons-parent/14/commons-parent-14.pom (31 kB at 5.2 MB/s)
17:58:02.946 [Thread-6] DEBUG spoon.Launcher - [INFO] Downloading from google-maven-central: https://maven-central.storage-download.googleapis.com/maven2/junit/junit/4.12/junit-4.12.pom
17:58:02.952 [Thread-6] DEBUG spoon.Launcher - [INFO] Downloaded from google-maven-central: https://maven-central.storage-download.googleapis.com/maven2/junit/junit/4.12/junit-4.12.pom (24 kB at 3.9 MB/s)
17:58:02.956 [Thread-6] DEBUG spoon.Launcher - [INFO] Downloading from google-maven-central: https://maven-central.storage-download.googleapis.com/maven2/ch/qos/logback/logback-classic/1.2.2/logback-classic-1.2.2.pom
17:58:03.118 [Thread-6] DEBUG spoon.Launcher - [INFO] Downloaded from google-maven-central: https://maven-central.storage-download.googleapis.com/maven2/ch/qos/logback/logback-classic/1.2.2/logback-classic-1.2.2.pom (13 kB at 80 kB/s)
17:58:03.120 [Thread-6] DEBUG spoon.Launcher - [INFO] Downloading from google-maven-central: https://maven-central.storage-download.googleapis.com/maven2/ch/qos/logback/logback-parent/1.2.2/logback-parent-1.2.2.pom
17:58:03.314 [Thread-6] DEBUG spoon.Launcher - [INFO] Downloaded from google-maven-central: https://maven-central.storage-download.googleapis.com/maven2/ch/qos/logback/logback-parent/1.2.2/logback-parent-1.2.2.pom (18 kB at 92 kB/s)
17:58:03.319 [Thread-6] DEBUG spoon.Launcher - [INFO] Downloading from google-maven-central: https://maven-central.storage-download.googleapis.com/maven2/ch/qos/logback/logback-core/1.2.2/logback-core-1.2.2.pom
17:58:03.583 [Thread-6] DEBUG spoon.Launcher - [INFO] Downloaded from google-maven-central: https://maven-central.storage-download.googleapis.com/maven2/ch/qos/logback/logback-core/1.2.2/logback-core-1.2.2.pom (4.2 kB at 16 kB/s)
17:58:03.592 [Thread-6] DEBUG spoon.Launcher - [INFO] Downloading from google-maven-central: https://maven-central.storage-download.googleapis.com/maven2/com/unboundid/unboundid-ldapsdk/3.2.1/unboundid-ldapsdk-3.2.1.pom
17:58:03.869 [Thread-6] DEBUG spoon.Launcher - [INFO] Downloaded from google-maven-central: https://maven-central.storage-download.googleapis.com/maven2/com/unboundid/unboundid-ldapsdk/3.2.1/unboundid-ldapsdk-3.2.1.pom (3.1 kB at 11 kB/s)
17:58:03.903 [Thread-6] DEBUG spoon.Launcher - [INFO] Downloading from google-maven-central: https://maven-central.storage-download.googleapis.com/maven2/org/pac4j/pac4j-core/3.0.0/pac4j-core-3.0.0.jar
17:58:03.911 [Thread-6] DEBUG spoon.Launcher - [INFO] Downloading from google-maven-central: https://maven-central.storage-download.googleapis.com/maven2/org/jasig/cas/client/cas-client-core/3.5.0/cas-client-core-3.5.0.jar
17:58:03.914 [Thread-6] DEBUG spoon.Launcher - [INFO] Downloading from google-maven-central: https://maven-central.storage-download.googleapis.com/maven2/org/jasig/cas/client/cas-client-support-saml/3.5.0/cas-client-support-saml-3.5.0.jar
17:58:03.922 [Thread-6] DEBUG spoon.Launcher - [INFO] Downloading from google-maven-central: https://maven-central.storage-download.googleapis.com/maven2/org/pac4j/pac4j-cas/3.0.0/pac4j-cas-3.0.0.jar
17:58:03.929 [Thread-6] DEBUG spoon.Launcher - [INFO] Downloading from google-maven-central: https://maven-central.storage-download.googleapis.com/maven2/com/google/guava/guava/21.0/guava-21.0.jar
17:58:04.137 [Thread-6] DEBUG spoon.Launcher - [INFO] Downloaded from google-maven-central: https://maven-central.storage-download.googleapis.com/maven2/org/jasig/cas/client/cas-client-support-saml/3.5.0/cas-client-support-saml-3.5.0.jar (12 kB at 55 kB/s)
17:58:04.137 [Thread-6] DEBUG spoon.Launcher - [INFO] Downloading from google-maven-central: https://maven-central.storage-download.googleapis.com/maven2/org/pac4j/pac4j-saml/3.0.0/pac4j-saml-3.0.0.jar
17:58:04.139 [Thread-6] DEBUG spoon.Launcher - [INFO] Downloaded from google-maven-central: https://maven-central.storage-download.googleapis.com/maven2/com/google/guava/guava/21.0/guava-21.0.jar (2.5 MB at 11 MB/s)
17:58:04.139 [Thread-6] DEBUG spoon.Launcher - [INFO] Downloading from google-maven-central: https://maven-central.storage-download.googleapis.com/maven2/org/opensaml/opensaml-core/3.3.1/opensaml-core-3.3.1.jar
17:58:04.147 [Thread-6] DEBUG spoon.Launcher - [INFO] Downloaded from google-maven-central: https://maven-central.storage-download.googleapis.com/maven2/org/pac4j/pac4j-cas/3.0.0/pac4j-cas-3.0.0.jar (43 kB at 174 kB/s)
17:58:04.147 [Thread-6] DEBUG spoon.Launcher - [INFO] Downloading from google-maven-central: https://maven-central.storage-download.googleapis.com/maven2/io/dropwizard/metrics/metrics-core/3.1.2/metrics-core-3.1.2.jar
17:58:04.161 [Thread-6] DEBUG spoon.Launcher - [INFO] Downloaded from google-maven-central: https://maven-central.storage-download.googleapis.com/maven2/org/jasig/cas/client/cas-client-core/3.5.0/cas-client-core-3.5.0.jar (150 kB at 588 kB/s)
17:58:04.163 [Thread-6] DEBUG spoon.Launcher - [INFO] Downloading from google-maven-central: https://maven-central.storage-download.googleapis.com/maven2/net/shibboleth/utilities/java-support/7.3.0/java-support-7.3.0.jar
17:58:04.236 [Thread-6] DEBUG spoon.Launcher - [INFO] Downloaded from google-maven-central: https://maven-central.storage-download.googleapis.com/maven2/io/dropwizard/metrics/metrics-core/3.1.2/metrics-core-3.1.2.jar (113 kB at 352 kB/s)
17:58:04.237 [Thread-6] DEBUG spoon.Launcher - [INFO] Downloading from google-maven-central: https://maven-central.storage-download.googleapis.com/maven2/com/google/code/findbugs/jsr305/3.0.1/jsr305-3.0.1.jar
17:58:04.287 [Thread-6] DEBUG spoon.Launcher - [INFO] Downloaded from google-maven-central: https://maven-central.storage-download.googleapis.com/maven2/org/opensaml/opensaml-core/3.3.1/opensaml-core-3.3.1.jar (178 kB at 483 kB/s)
17:58:04.287 [Thread-6] DEBUG spoon.Launcher - [INFO] Downloading from google-maven-central: https://maven-central.storage-download.googleapis.com/maven2/org/opensaml/opensaml-saml-api/3.3.1/opensaml-saml-api-3.3.1.jar
17:58:04.298 [Thread-6] DEBUG spoon.Launcher - [INFO] Downloaded from google-maven-central: https://maven-central.storage-download.googleapis.com/maven2/net/shibboleth/utilities/java-support/7.3.0/java-support-7.3.0.jar (233 kB at 611 kB/s)
17:58:04.298 [Thread-6] DEBUG spoon.Launcher - [INFO] Downloading from google-maven-central: https://maven-central.storage-download.googleapis.com/maven2/org/opensaml/opensaml-storage-api/3.3.1/opensaml-storage-api-3.3.1.jar
17:58:04.322 [Thread-6] DEBUG spoon.Launcher - [INFO] Downloaded from google-maven-central: https://maven-central.storage-download.googleapis.com/maven2/org/pac4j/pac4j-core/3.0.0/pac4j-core-3.0.0.jar (198 kB at 468 kB/s)
17:58:04.323 [Thread-6] DEBUG spoon.Launcher - [INFO] Downloading from google-maven-central: https://maven-central.storage-download.googleapis.com/maven2/org/opensaml/opensaml-saml-impl/3.3.1/opensaml-saml-impl-3.3.1.jar
17:58:04.375 [Thread-6] DEBUG spoon.Launcher - [INFO] Downloaded from google-maven-central: https://maven-central.storage-download.googleapis.com/maven2/com/google/code/findbugs/jsr305/3.0.1/jsr305-3.0.1.jar (20 kB at 43 kB/s)
17:58:04.376 [Thread-6] DEBUG spoon.Launcher - [INFO] Downloading from google-maven-central: https://maven-central.storage-download.googleapis.com/maven2/org/opensaml/opensaml-soap-impl/3.3.1/opensaml-soap-impl-3.3.1.jar
17:58:04.391 [Thread-6] DEBUG spoon.Launcher - [INFO] Downloaded from google-maven-central: https://maven-central.storage-download.googleapis.com/maven2/org/pac4j/pac4j-saml/3.0.0/pac4j-saml-3.0.0.jar (126 kB at 266 kB/s)
17:58:04.391 [Thread-6] DEBUG spoon.Launcher - [INFO] Downloading from google-maven-central: https://maven-central.storage-download.googleapis.com/maven2/org/apache/httpcomponents/httpclient/4.3.6/httpclient-4.3.6.jar
17:58:04.418 [Thread-6] DEBUG spoon.Launcher - [INFO] Downloaded from google-maven-central: https://maven-central.storage-download.googleapis.com/maven2/org/apache/httpcomponents/httpclient/4.3.6/httpclient-4.3.6.jar (592 kB at 1.2 MB/s)
17:58:04.418 [Thread-6] DEBUG spoon.Launcher - [INFO] Downloading from google-maven-central: https://maven-central.storage-download.googleapis.com/maven2/org/apache/httpcomponents/httpcore/4.3.3/httpcore-4.3.3.jar
17:58:04.504 [Thread-6] DEBUG spoon.Launcher - [INFO] Downloaded from google-maven-central: https://maven-central.storage-download.googleapis.com/maven2/org/apache/httpcomponents/httpcore/4.3.3/httpcore-4.3.3.jar (283 kB at 481 kB/s)
17:58:04.506 [Thread-6] DEBUG spoon.Launcher - [INFO] Downloading from google-maven-central: https://maven-central.storage-download.googleapis.com/maven2/org/opensaml/opensaml-soap-api/3.3.1/opensaml-soap-api-3.3.1.jar
17:58:04.564 [Thread-6] DEBUG spoon.Launcher - [INFO] Downloaded from google-maven-central: https://maven-central.storage-download.googleapis.com/maven2/org/opensaml/opensaml-saml-api/3.3.1/opensaml-saml-api-3.3.1.jar (400 kB at 618 kB/s)
17:58:04.565 [Thread-6] DEBUG spoon.Launcher - [INFO] Downloading from google-maven-central: https://maven-central.storage-download.googleapis.com/maven2/org/opensaml/opensaml-xmlsec-api/3.3.1/opensaml-xmlsec-api-3.3.1.jar
17:58:04.603 [Thread-6] DEBUG spoon.Launcher - [INFO] Downloaded from google-maven-central: https://maven-central.storage-download.googleapis.com/maven2/org/opensaml/opensaml-saml-impl/3.3.1/opensaml-saml-impl-3.3.1.jar (1.1 MB at 1.7 MB/s)
17:58:04.604 [Thread-6] DEBUG spoon.Launcher - [INFO] Downloading from google-maven-central: https://maven-central.storage-download.googleapis.com/maven2/org/opensaml/opensaml-security-api/3.3.1/opensaml-security-api-3.3.1.jar
17:58:04.622 [Thread-6] DEBUG spoon.Launcher - [INFO] Downloaded from google-maven-central: https://maven-central.storage-download.googleapis.com/maven2/org/opensaml/opensaml-soap-api/3.3.1/opensaml-soap-api-3.3.1.jar (162 kB at 230 kB/s)
17:58:04.623 [Thread-6] DEBUG spoon.Launcher - [INFO] Downloading from google-maven-central: https://maven-central.storage-download.googleapis.com/maven2/org/apache/santuario/xmlsec/2.0.5/xmlsec-2.0.5.jar
17:58:04.624 [Thread-6] DEBUG spoon.Launcher - [INFO] Downloaded from google-maven-central: https://maven-central.storage-download.googleapis.com/maven2/org/opensaml/opensaml-storage-api/3.3.1/opensaml-storage-api-3.3.1.jar (24 kB at 33 kB/s)
17:58:04.625 [Thread-6] DEBUG spoon.Launcher - [INFO] Downloading from google-maven-central: https://maven-central.storage-download.googleapis.com/maven2/org/codehaus/woodstox/woodstox-core-asl/4.4.1/woodstox-core-asl-4.4.1.jar
17:58:04.641 [Thread-6] DEBUG spoon.Launcher - [INFO] Downloaded from google-maven-central: https://maven-central.storage-download.googleapis.com/maven2/org/opensaml/opensaml-soap-impl/3.3.1/opensaml-soap-impl-3.3.1.jar (401 kB at 554 kB/s)
17:58:04.644 [Thread-6] DEBUG spoon.Launcher - [INFO] Downloaded from google-maven-central: https://maven-central.storage-download.googleapis.com/maven2/org/codehaus/woodstox/woodstox-core-asl/4.4.1/woodstox-core-asl-4.4.1.jar (486 kB at 669 kB/s)
17:58:04.644 [Thread-6] DEBUG spoon.Launcher - [INFO] Downloading from google-maven-central: https://maven-central.storage-download.googleapis.com/maven2/javax/xml/stream/stax-api/1.0-2/stax-api-1.0-2.jar
17:58:04.648 [Thread-6] DEBUG spoon.Launcher - [INFO] Downloading from google-maven-central: https://maven-central.storage-download.googleapis.com/maven2/org/codehaus/woodstox/stax2-api/3.1.4/stax2-api-3.1.4.jar
17:58:04.660 [Thread-6] DEBUG spoon.Launcher - [INFO] Downloaded from google-maven-central: https://maven-central.storage-download.googleapis.com/maven2/javax/xml/stream/stax-api/1.0-2/stax-api-1.0-2.jar (23 kB at 31 kB/s)
17:58:04.666 [Thread-6] DEBUG spoon.Launcher - [INFO] Downloading from google-maven-central: https://maven-central.storage-download.googleapis.com/maven2/org/bouncycastle/bcprov-jdk15on/1.54/bcprov-jdk15on-1.54.jar
17:58:04.668 [Thread-6] DEBUG spoon.Launcher - [INFO] Downloaded from google-maven-central: https://maven-central.storage-download.googleapis.com/maven2/org/codehaus/woodstox/stax2-api/3.1.4/stax2-api-3.1.4.jar (162 kB at 215 kB/s)
17:58:04.668 [Thread-6] DEBUG spoon.Launcher - [INFO] Downloading from google-maven-central: https://maven-central.storage-download.googleapis.com/maven2/org/opensaml/opensaml-security-impl/3.3.1/opensaml-security-impl-3.3.1.jar
17:58:04.758 [Thread-6] DEBUG spoon.Launcher - [INFO] Downloaded from google-maven-central: https://maven-central.storage-download.googleapis.com/maven2/org/opensaml/opensaml-security-api/3.3.1/opensaml-security-api-3.3.1.jar (61 kB at 72 kB/s)
17:58:04.760 [Thread-6] DEBUG spoon.Launcher - [INFO] Downloaded from google-maven-central: https://maven-central.storage-download.googleapis.com/maven2/org/opensaml/opensaml-xmlsec-api/3.3.1/opensaml-xmlsec-api-3.3.1.jar (210 kB at 249 kB/s)
17:58:04.765 [Thread-6] DEBUG spoon.Launcher - [INFO] Downloading from google-maven-central: https://maven-central.storage-download.googleapis.com/maven2/org/opensaml/opensaml-profile-api/3.3.1/opensaml-profile-api-3.3.1.jar
17:58:04.768 [Thread-6] DEBUG spoon.Launcher - [INFO] Downloading from google-maven-central: https://maven-central.storage-download.googleapis.com/maven2/org/opensaml/opensaml-profile-impl/3.3.1/opensaml-profile-impl-3.3.1.jar
17:58:04.870 [Thread-6] DEBUG spoon.Launcher - [INFO] Downloaded from google-maven-central: https://maven-central.storage-download.googleapis.com/maven2/org/bouncycastle/bcprov-jdk15on/1.54/bcprov-jdk15on-1.54.jar (3.3 MB at 3.4 MB/s)
17:58:04.870 [Thread-6] DEBUG spoon.Launcher - [INFO] Downloading from google-maven-central: https://maven-central.storage-download.googleapis.com/maven2/org/opensaml/opensaml-messaging-api/3.3.1/opensaml-messaging-api-3.3.1.jar
17:58:04.882 [Thread-6] DEBUG spoon.Launcher - [INFO] Downloaded from google-maven-central: https://maven-central.storage-download.googleapis.com/maven2/org/opensaml/opensaml-security-impl/3.3.1/opensaml-security-impl-3.3.1.jar (98 kB at 101 kB/s)
17:58:04.883 [Thread-6] DEBUG spoon.Launcher - [INFO] Downloading from google-maven-central: https://maven-central.storage-download.googleapis.com/maven2/org/opensaml/opensaml-messaging-impl/3.3.1/opensaml-messaging-impl-3.3.1.jar
17:58:04.917 [Thread-6] DEBUG spoon.Launcher - [INFO] Downloaded from google-maven-central: https://maven-central.storage-download.googleapis.com/maven2/org/opensaml/opensaml-profile-api/3.3.1/opensaml-profile-api-3.3.1.jar (27 kB at 27 kB/s)
17:58:04.917 [Thread-6] DEBUG spoon.Launcher - [INFO] Downloading from google-maven-central: https://maven-central.storage-download.googleapis.com/maven2/org/opensaml/opensaml-xmlsec-impl/3.3.1/opensaml-xmlsec-impl-3.3.1.jar
17:58:04.952 [Thread-6] DEBUG spoon.Launcher - [INFO] Downloaded from google-maven-central: https://maven-central.storage-download.googleapis.com/maven2/org/apache/santuario/xmlsec/2.0.5/xmlsec-2.0.5.jar (1.1 MB at 1.1 MB/s)
17:58:04.952 [Thread-6] DEBUG spoon.Launcher - [INFO] Downloading from google-maven-central: https://maven-central.storage-download.googleapis.com/maven2/org/cryptacular/cryptacular/1.2.1/cryptacular-1.2.1.jar
17:58:04.965 [Thread-6] DEBUG spoon.Launcher - [INFO] Downloaded from google-maven-central: https://maven-central.storage-download.googleapis.com/maven2/org/opensaml/opensaml-profile-impl/3.3.1/opensaml-profile-impl-3.3.1.jar (28 kB at 27 kB/s)
17:58:04.966 [Thread-6] DEBUG spoon.Launcher - [INFO] Downloading from google-maven-central: https://maven-central.storage-download.googleapis.com/maven2/joda-time/joda-time/2.9.9/joda-time-2.9.9.jar
17:58:04.979 [Thread-6] DEBUG spoon.Launcher - [INFO] Downloaded from google-maven-central: https://maven-central.storage-download.googleapis.com/maven2/joda-time/joda-time/2.9.9/joda-time-2.9.9.jar (634 kB at 596 kB/s)
17:58:04.979 [Thread-6] DEBUG spoon.Launcher - [INFO] Downloading from google-maven-central: https://maven-central.storage-download.googleapis.com/maven2/xalan/xalan/2.7.2/xalan-2.7.2.jar
17:58:05.026 [Thread-6] DEBUG spoon.Launcher - [INFO] Downloaded from google-maven-central: https://maven-central.storage-download.googleapis.com/maven2/xalan/xalan/2.7.2/xalan-2.7.2.jar (3.2 MB at 2.8 MB/s)
17:58:05.036 [Thread-6] DEBUG spoon.Launcher - [INFO] Downloading from google-maven-central: https://maven-central.storage-download.googleapis.com/maven2/xalan/serializer/2.7.2/serializer-2.7.2.jar
17:58:05.087 [Thread-6] DEBUG spoon.Launcher - [INFO] Downloaded from google-maven-central: https://maven-central.storage-download.googleapis.com/maven2/xalan/serializer/2.7.2/serializer-2.7.2.jar (276 kB at 237 kB/s)
17:58:05.087 [Thread-6] DEBUG spoon.Launcher - [INFO] Downloading from google-maven-central: https://maven-central.storage-download.googleapis.com/maven2/xml-apis/xml-apis/1.3.04/xml-apis-1.3.04.jar
17:58:05.101 [Thread-6] DEBUG spoon.Launcher - [INFO] Downloaded from google-maven-central: https://maven-central.storage-download.googleapis.com/maven2/org/opensaml/opensaml-messaging-impl/3.3.1/opensaml-messaging-impl-3.3.1.jar (13 kB at 11 kB/s)
17:58:05.101 [Thread-6] DEBUG spoon.Launcher - [INFO] Downloading from google-maven-central: https://maven-central.storage-download.googleapis.com/maven2/org/apache/velocity/velocity/1.7/velocity-1.7.jar
17:58:05.110 [Thread-6] DEBUG spoon.Launcher - [INFO] Downloaded from google-maven-central: https://maven-central.storage-download.googleapis.com/maven2/org/opensaml/opensaml-messaging-api/3.3.1/opensaml-messaging-api-3.3.1.jar (53 kB at 45 kB/s)
17:58:05.110 [Thread-6] DEBUG spoon.Launcher - [INFO] Downloading from google-maven-central: https://maven-central.storage-download.googleapis.com/maven2/commons-lang/commons-lang/2.4/commons-lang-2.4.jar
17:58:05.149 [Thread-6] DEBUG spoon.Launcher - [INFO] Downloaded from google-maven-central: https://maven-central.storage-download.googleapis.com/maven2/commons-lang/commons-lang/2.4/commons-lang-2.4.jar (262 kB at 213 kB/s)
17:58:05.151 [Thread-6] DEBUG spoon.Launcher - [INFO] Downloading from google-maven-central: https://maven-central.storage-download.googleapis.com/maven2/commons-collections/commons-collections/3.2.2/commons-collections-3.2.2.jar
17:58:05.160 [Thread-6] DEBUG spoon.Launcher - [INFO] Downloaded from google-maven-central: https://maven-central.storage-download.googleapis.com/maven2/xml-apis/xml-apis/1.3.04/xml-apis-1.3.04.jar (194 kB at 156 kB/s)
17:58:05.162 [Thread-6] DEBUG spoon.Launcher - [INFO] Downloading from google-maven-central: https://maven-central.storage-download.googleapis.com/maven2/org/slf4j/jcl-over-slf4j/1.7.25/jcl-over-slf4j-1.7.25.jar
17:58:05.175 [Thread-6] DEBUG spoon.Launcher - [INFO] Downloaded from google-maven-central: https://maven-central.storage-download.googleapis.com/maven2/org/apache/velocity/velocity/1.7/velocity-1.7.jar (450 kB at 357 kB/s)
17:58:05.178 [Thread-6] DEBUG spoon.Launcher - [INFO] Downloaded from google-maven-central: https://maven-central.storage-download.googleapis.com/maven2/org/opensaml/opensaml-xmlsec-impl/3.3.1/opensaml-xmlsec-impl-3.3.1.jar (293 kB at 232 kB/s)
17:58:05.179 [Thread-6] DEBUG spoon.Launcher - [INFO] Downloading from google-maven-central: https://maven-central.storage-download.googleapis.com/maven2/org/springframework/spring-core/5.0.2.RELEASE/spring-core-5.0.2.RELEASE.jar
17:58:05.180 [Thread-6] DEBUG spoon.Launcher - [INFO] Downloading from google-maven-central: https://maven-central.storage-download.googleapis.com/maven2/org/springframework/spring-jcl/5.0.2.RELEASE/spring-jcl-5.0.2.RELEASE.jar
17:58:05.207 [Thread-6] DEBUG spoon.Launcher - [INFO] Downloaded from google-maven-central: https://maven-central.storage-download.googleapis.com/maven2/commons-collections/commons-collections/3.2.2/commons-collections-3.2.2.jar (588 kB at 456 kB/s)
17:58:05.207 [Thread-6] DEBUG spoon.Launcher - [INFO] Downloading from google-maven-central: https://maven-central.storage-download.googleapis.com/maven2/org/pac4j/pac4j-oauth/3.0.0/pac4j-oauth-3.0.0.jar
17:58:05.286 [Thread-6] DEBUG spoon.Launcher - [INFO] Downloaded from google-maven-central: https://maven-central.storage-download.googleapis.com/maven2/org/slf4j/jcl-over-slf4j/1.7.25/jcl-over-slf4j-1.7.25.jar (17 kB at 12 kB/s)
17:58:05.286 [Thread-6] DEBUG spoon.Launcher - [INFO] Downloading from google-maven-central: https://maven-central.storage-download.googleapis.com/maven2/commons-codec/commons-codec/1.10/commons-codec-1.10.jar
17:58:05.361 [Thread-6] DEBUG spoon.Launcher - [INFO] Downloaded from google-maven-central: https://maven-central.storage-download.googleapis.com/maven2/commons-codec/commons-codec/1.10/commons-codec-1.10.jar (284 kB at 197 kB/s)
17:58:05.361 [Thread-6] DEBUG spoon.Launcher - [INFO] Downloading from google-maven-central: https://maven-central.storage-download.googleapis.com/maven2/com/github/scribejava/scribejava-apis/5.3.0/scribejava-apis-5.3.0.jar
17:58:05.386 [Thread-6] DEBUG spoon.Launcher - [INFO] Downloaded from google-maven-central: https://maven-central.storage-download.googleapis.com/maven2/org/cryptacular/cryptacular/1.2.1/cryptacular-1.2.1.jar (150 kB at 102 kB/s)
17:58:05.387 [Thread-6] DEBUG spoon.Launcher - [INFO] Downloading from google-maven-central: https://maven-central.storage-download.googleapis.com/maven2/com/github/scribejava/scribejava-core/5.3.0/scribejava-core-5.3.0.jar
17:58:05.406 [Thread-6] DEBUG spoon.Launcher - [INFO] Downloaded from google-maven-central: https://maven-central.storage-download.googleapis.com/maven2/org/springframework/spring-jcl/5.0.2.RELEASE/spring-jcl-5.0.2.RELEASE.jar (16 kB at 11 kB/s)
17:58:05.406 [Thread-6] DEBUG spoon.Launcher - [INFO] Downloading from google-maven-central: https://maven-central.storage-download.googleapis.com/maven2/com/fasterxml/jackson/core/jackson-databind/2.8.7/jackson-databind-2.8.7.jar
17:58:05.424 [Thread-6] DEBUG spoon.Launcher - [INFO] Downloaded from google-maven-central: https://maven-central.storage-download.googleapis.com/maven2/org/pac4j/pac4j-oauth/3.0.0/pac4j-oauth-3.0.0.jar (205 kB at 136 kB/s)
17:58:05.424 [Thread-6] DEBUG spoon.Launcher - [INFO] Downloading from google-maven-central: https://maven-central.storage-download.googleapis.com/maven2/com/fasterxml/jackson/core/jackson-annotations/2.8.0/jackson-annotations-2.8.0.jar
17:58:05.461 [Thread-6] DEBUG spoon.Launcher - [INFO] Downloaded from google-maven-central: https://maven-central.storage-download.googleapis.com/maven2/com/fasterxml/jackson/core/jackson-databind/2.8.7/jackson-databind-2.8.7.jar (1.2 MB at 801 kB/s)
17:58:05.461 [Thread-6] DEBUG spoon.Launcher - [INFO] Downloading from google-maven-central: https://maven-central.storage-download.googleapis.com/maven2/com/fasterxml/jackson/core/jackson-core/2.8.7/jackson-core-2.8.7.jar
17:58:05.478 [Thread-6] DEBUG spoon.Launcher - [INFO] Downloaded from google-maven-central: https://maven-central.storage-download.googleapis.com/maven2/com/fasterxml/jackson/core/jackson-core/2.8.7/jackson-core-2.8.7.jar (282 kB at 181 kB/s)
17:58:05.479 [Thread-6] DEBUG spoon.Launcher - [INFO] Downloading from google-maven-central: https://maven-central.storage-download.googleapis.com/maven2/org/pac4j/pac4j-oidc/3.0.0/pac4j-oidc-3.0.0.jar
17:58:05.495 [Thread-6] DEBUG spoon.Launcher - [INFO] Downloaded from google-maven-central: https://maven-central.storage-download.googleapis.com/maven2/org/springframework/spring-core/5.0.2.RELEASE/spring-core-5.0.2.RELEASE.jar (1.2 MB at 768 kB/s)
17:58:05.495 [Thread-6] DEBUG spoon.Launcher - [INFO] Downloading from google-maven-central: https://maven-central.storage-download.googleapis.com/maven2/com/nimbusds/oauth2-oidc-sdk/5.45/oauth2-oidc-sdk-5.45.jar
17:58:05.602 [Thread-6] DEBUG spoon.Launcher - [INFO] Downloaded from google-maven-central: https://maven-central.storage-download.googleapis.com/maven2/com/github/scribejava/scribejava-apis/5.3.0/scribejava-apis-5.3.0.jar (95 kB at 56 kB/s)
17:58:05.602 [Thread-6] DEBUG spoon.Launcher - [INFO] Downloading from google-maven-central: https://maven-central.storage-download.googleapis.com/maven2/javax/mail/mail/1.4.7/mail-1.4.7.jar
17:58:05.614 [Thread-6] DEBUG spoon.Launcher - [INFO] Downloaded from google-maven-central: https://maven-central.storage-download.googleapis.com/maven2/com/github/scribejava/scribejava-core/5.3.0/scribejava-core-5.3.0.jar (114 kB at 67 kB/s)
17:58:05.614 [Thread-6] DEBUG spoon.Launcher - [INFO] Downloading from google-maven-central: https://maven-central.storage-download.googleapis.com/maven2/javax/activation/activation/1.1/activation-1.1.jar
17:58:05.622 [Thread-6] DEBUG spoon.Launcher - [INFO] Downloaded from google-maven-central: https://maven-central.storage-download.googleapis.com/maven2/javax/activation/activation/1.1/activation-1.1.jar (63 kB at 37 kB/s)
17:58:05.622 [Thread-6] DEBUG spoon.Launcher - [INFO] Downloading from google-maven-central: https://maven-central.storage-download.googleapis.com/maven2/com/github/stephenc/jcip/jcip-annotations/1.0-1/jcip-annotations-1.0-1.jar
17:58:05.638 [Thread-6] DEBUG spoon.Launcher - [INFO] Downloaded from google-maven-central: https://maven-central.storage-download.googleapis.com/maven2/com/github/stephenc/jcip/jcip-annotations/1.0-1/jcip-annotations-1.0-1.jar (4.7 kB at 2.7 kB/s)
17:58:05.641 [Thread-6] DEBUG spoon.Launcher - [INFO] Downloading from google-maven-central: https://maven-central.storage-download.googleapis.com/maven2/org/apache/commons/commons-lang3/3.7/commons-lang3-3.7.jar
17:58:05.644 [Thread-6] DEBUG spoon.Launcher - [INFO] Downloaded from google-maven-central: https://maven-central.storage-download.googleapis.com/maven2/javax/mail/mail/1.4.7/mail-1.4.7.jar (521 kB at 302 kB/s)
17:58:05.644 [Thread-6] DEBUG spoon.Launcher - [INFO] Downloading from google-maven-central: https://maven-central.storage-download.googleapis.com/maven2/org/apache/commons/commons-collections4/4.1/commons-collections4-4.1.jar
17:58:05.671 [Thread-6] DEBUG spoon.Launcher - [INFO] Downloaded from google-maven-central: https://maven-central.storage-download.googleapis.com/maven2/org/apache/commons/commons-lang3/3.7/commons-lang3-3.7.jar (500 kB at 285 kB/s)
17:58:05.671 [Thread-6] DEBUG spoon.Launcher - [INFO] Downloading from google-maven-central: https://maven-central.storage-download.googleapis.com/maven2/net/minidev/json-smart/2.3/json-smart-2.3.jar
17:58:05.690 [Thread-6] DEBUG spoon.Launcher - [INFO] Downloaded from google-maven-central: https://maven-central.storage-download.googleapis.com/maven2/org/pac4j/pac4j-oidc/3.0.0/pac4j-oidc-3.0.0.jar (48 kB at 27 kB/s)
17:58:05.690 [Thread-6] DEBUG spoon.Launcher - [INFO] Downloading from google-maven-central: https://maven-central.storage-download.googleapis.com/maven2/net/minidev/accessors-smart/1.2/accessors-smart-1.2.jar
17:58:05.695 [Thread-6] DEBUG spoon.Launcher - [INFO] Downloaded from google-maven-central: https://maven-central.storage-download.googleapis.com/maven2/net/minidev/accessors-smart/1.2/accessors-smart-1.2.jar (30 kB at 17 kB/s)
17:58:05.696 [Thread-6] DEBUG spoon.Launcher - [INFO] Downloading from google-maven-central: https://maven-central.storage-download.googleapis.com/maven2/org/ow2/asm/asm/5.0.4/asm-5.0.4.jar
17:58:05.699 [Thread-6] DEBUG spoon.Launcher - [INFO] Downloaded from google-maven-central: https://maven-central.storage-download.googleapis.com/maven2/com/fasterxml/jackson/core/jackson-annotations/2.8.0/jackson-annotations-2.8.0.jar (56 kB at 31 kB/s)
17:58:05.699 [Thread-6] DEBUG spoon.Launcher - [INFO] Downloading from google-maven-central: https://maven-central.storage-download.googleapis.com/maven2/com/nimbusds/lang-tag/1.5/lang-tag-1.5.jar
17:58:05.708 [Thread-6] DEBUG spoon.Launcher - [INFO] Downloaded from google-maven-central: https://maven-central.storage-download.googleapis.com/maven2/org/ow2/asm/asm/5.0.4/asm-5.0.4.jar (53 kB at 30 kB/s)
17:58:05.710 [Thread-6] DEBUG spoon.Launcher - [INFO] Downloading from google-maven-central: https://maven-central.storage-download.googleapis.com/maven2/com/nimbusds/nimbus-jose-jwt/4.35/nimbus-jose-jwt-4.35.jar
17:58:05.761 [Thread-6] DEBUG spoon.Launcher - [INFO] Downloaded from google-maven-central: https://maven-central.storage-download.googleapis.com/maven2/net/minidev/json-smart/2.3/json-smart-2.3.jar (120 kB at 65 kB/s)
17:58:05.762 [Thread-6] DEBUG spoon.Launcher - [INFO] Downloading from google-maven-central: https://maven-central.storage-download.googleapis.com/maven2/org/bouncycastle/bcpkix-jdk15on/1.55/bcpkix-jdk15on-1.55.jar
17:58:05.796 [Thread-6] DEBUG spoon.Launcher - [INFO] Downloaded from google-maven-central: https://maven-central.storage-download.googleapis.com/maven2/com/nimbusds/oauth2-oidc-sdk/5.45/oauth2-oidc-sdk-5.45.jar (404 kB at 215 kB/s)
17:58:05.796 [Thread-6] DEBUG spoon.Launcher - [INFO] Downloading from google-maven-central: https://maven-central.storage-download.googleapis.com/maven2/org/pac4j/pac4j-ldap/3.0.0/pac4j-ldap-3.0.0.jar
17:58:05.819 [Thread-6] DEBUG spoon.Launcher - [INFO] Downloaded from google-maven-central: https://maven-central.storage-download.googleapis.com/maven2/org/apache/commons/commons-collections4/4.1/commons-collections4-4.1.jar (751 kB at 395 kB/s)
17:58:05.819 [Thread-6] DEBUG spoon.Launcher - [INFO] Downloading from google-maven-central: https://maven-central.storage-download.googleapis.com/maven2/org/ldaptive/ldaptive/1.2.3/ldaptive-1.2.3.jar
17:58:05.851 [Thread-6] DEBUG spoon.Launcher - [INFO] Downloaded from google-maven-central: https://maven-central.storage-download.googleapis.com/maven2/com/nimbusds/lang-tag/1.5/lang-tag-1.5.jar (11 kB at 5.6 kB/s)
17:58:05.851 [Thread-6] DEBUG spoon.Launcher - [INFO] Downloading from google-maven-central: https://maven-central.storage-download.googleapis.com/maven2/commons-cli/commons-cli/1.4/commons-cli-1.4.jar
17:58:05.861 [Thread-6] DEBUG spoon.Launcher - [INFO] Downloaded from google-maven-central: https://maven-central.storage-download.googleapis.com/maven2/commons-cli/commons-cli/1.4/commons-cli-1.4.jar (54 kB at 28 kB/s)
17:58:05.861 [Thread-6] DEBUG spoon.Launcher - [INFO] Downloading from google-maven-central: https://maven-central.storage-download.googleapis.com/maven2/org/pac4j/pac4j-http/3.0.0/pac4j-http-3.0.0.jar
17:58:05.949 [Thread-6] DEBUG spoon.Launcher - [INFO] Downloaded from google-maven-central: https://maven-central.storage-download.googleapis.com/maven2/com/nimbusds/nimbus-jose-jwt/4.35/nimbus-jose-jwt-4.35.jar (295 kB at 145 kB/s)
17:58:05.949 [Thread-6] DEBUG spoon.Launcher - [INFO] Downloading from google-maven-central: https://maven-central.storage-download.googleapis.com/maven2/com/zaxxer/HikariCP/2.6.1/HikariCP-2.6.1.jar
17:58:05.956 [Thread-6] DEBUG spoon.Launcher - [INFO] Downloaded from google-maven-central: https://maven-central.storage-download.googleapis.com/maven2/com/zaxxer/HikariCP/2.6.1/HikariCP-2.6.1.jar (134 kB at 66 kB/s)
17:58:05.956 [Thread-6] DEBUG spoon.Launcher - [INFO] Downloading from google-maven-central: https://maven-central.storage-download.googleapis.com/maven2/org/pac4j/pac4j-sql/3.0.0/pac4j-sql-3.0.0.jar
17:58:05.974 [Thread-6] DEBUG spoon.Launcher - [INFO] Downloaded from google-maven-central: https://maven-central.storage-download.googleapis.com/maven2/org/pac4j/pac4j-ldap/3.0.0/pac4j-ldap-3.0.0.jar (9.1 kB at 4.4 kB/s)
17:58:05.974 [Thread-6] DEBUG spoon.Launcher - [INFO] Downloading from google-maven-central: https://maven-central.storage-download.googleapis.com/maven2/org/jdbi/jdbi/2.78/jdbi-2.78.jar
17:58:06.011 [Thread-6] DEBUG spoon.Launcher - [INFO] Downloaded from google-maven-central: https://maven-central.storage-download.googleapis.com/maven2/org/ldaptive/ldaptive/1.2.3/ldaptive-1.2.3.jar (802 kB at 383 kB/s)
17:58:06.011 [Thread-6] DEBUG spoon.Launcher - [INFO] Downloading from google-maven-central: https://maven-central.storage-download.googleapis.com/maven2/org/springframework/security/spring-security-crypto/4.2.2.RELEASE/spring-security-crypto-4.2.2.RELEASE.jar
17:58:06.031 [Thread-6] DEBUG spoon.Launcher - [INFO] Downloaded from google-maven-central: https://maven-central.storage-download.googleapis.com/maven2/org/bouncycastle/bcpkix-jdk15on/1.55/bcpkix-jdk15on-1.55.jar (682 kB at 323 kB/s)
17:58:06.033 [Thread-6] DEBUG spoon.Launcher - [INFO] Downloading from google-maven-central: https://maven-central.storage-download.googleapis.com/maven2/org/apache/shiro/shiro-core/1.3.2/shiro-core-1.3.2.jar
17:58:06.077 [Thread-6] DEBUG spoon.Launcher - [INFO] Downloaded from google-maven-central: https://maven-central.storage-download.googleapis.com/maven2/org/springframework/security/spring-security-crypto/4.2.2.RELEASE/spring-security-crypto-4.2.2.RELEASE.jar (55 kB at 25 kB/s)
17:58:06.077 [Thread-6] DEBUG spoon.Launcher - [INFO] Downloading from google-maven-central: https://maven-central.storage-download.googleapis.com/maven2/commons-beanutils/commons-beanutils/1.8.3/commons-beanutils-1.8.3.jar
17:58:06.087 [Thread-6] DEBUG spoon.Launcher - [INFO] Downloaded from google-maven-central: https://maven-central.storage-download.googleapis.com/maven2/commons-beanutils/commons-beanutils/1.8.3/commons-beanutils-1.8.3.jar (232 kB at 107 kB/s)
17:58:06.087 [Thread-6] DEBUG spoon.Launcher - [INFO] Downloading from google-maven-central: https://maven-central.storage-download.googleapis.com/maven2/org/pac4j/pac4j-core/3.0.0/pac4j-core-3.0.0-tests.jar
17:58:06.164 [Thread-6] DEBUG spoon.Launcher - [INFO] Downloaded from google-maven-central: https://maven-central.storage-download.googleapis.com/maven2/org/jdbi/jdbi/2.78/jdbi-2.78.jar (1.0 MB at 467 kB/s)
17:58:06.164 [Thread-6] DEBUG spoon.Launcher - [INFO] Downloading from google-maven-central: https://maven-central.storage-download.googleapis.com/maven2/junit/junit/4.12/junit-4.12.jar
17:58:06.179 [Thread-6] DEBUG spoon.Launcher - [INFO] Downloaded from google-maven-central: https://maven-central.storage-download.googleapis.com/maven2/junit/junit/4.12/junit-4.12.jar (315 kB at 139 kB/s)
17:58:06.181 [Thread-6] DEBUG spoon.Launcher - [INFO] Downloading from google-maven-central: https://maven-central.storage-download.googleapis.com/maven2/ch/qos/logback/logback-classic/1.2.2/logback-classic-1.2.2.jar
17:58:06.186 [Thread-6] DEBUG spoon.Launcher - [INFO] Downloaded from google-maven-central: https://maven-central.storage-download.googleapis.com/maven2/org/pac4j/pac4j-http/3.0.0/pac4j-http-3.0.0.jar (40 kB at 17 kB/s)
17:58:06.186 [Thread-6] DEBUG spoon.Launcher - [INFO] Downloading from google-maven-central: https://maven-central.storage-download.googleapis.com/maven2/ch/qos/logback/logback-core/1.2.2/logback-core-1.2.2.jar
17:58:06.204 [Thread-6] DEBUG spoon.Launcher - [INFO] Downloaded from google-maven-central: https://maven-central.storage-download.googleapis.com/maven2/org/pac4j/pac4j-sql/3.0.0/pac4j-sql-3.0.0.jar (7.3 kB at 3.2 kB/s)
17:58:06.204 [Thread-6] DEBUG spoon.Launcher - [INFO] Downloading from google-maven-central: https://maven-central.storage-download.googleapis.com/maven2/org/pac4j/pac4j-ldap/3.0.0/pac4j-ldap-3.0.0-tests.jar
17:58:06.301 [Thread-6] DEBUG spoon.Launcher - [INFO] Downloaded from google-maven-central: https://maven-central.storage-download.googleapis.com/maven2/org/pac4j/pac4j-core/3.0.0/pac4j-core-3.0.0-tests.jar (130 kB at 55 kB/s)
17:58:06.301 [Thread-6] DEBUG spoon.Launcher - [INFO] Downloading from google-maven-central: https://maven-central.storage-download.googleapis.com/maven2/com/unboundid/unboundid-ldapsdk/3.2.1/unboundid-ldapsdk-3.2.1.jar
17:58:06.327 [Thread-6] DEBUG spoon.Launcher - [INFO] Downloaded from google-maven-central: https://maven-central.storage-download.googleapis.com/maven2/org/apache/shiro/shiro-core/1.3.2/shiro-core-1.3.2.jar (409 kB at 170 kB/s)
17:58:06.327 [Thread-6] DEBUG spoon.Launcher - [INFO] Downloading from google-maven-central: https://maven-central.storage-download.googleapis.com/maven2/org/pac4j/pac4j-sql/3.0.0/pac4j-sql-3.0.0-tests.jar
17:58:06.387 [Thread-6] DEBUG spoon.Launcher - [INFO] Downloaded from google-maven-central: https://maven-central.storage-download.googleapis.com/maven2/ch/qos/logback/logback-core/1.2.2/logback-core-1.2.2.jar (473 kB at 191 kB/s)
17:58:06.405 [Thread-6] DEBUG spoon.Launcher - [INFO] Downloaded from google-maven-central: https://maven-central.storage-download.googleapis.com/maven2/ch/qos/logback/logback-classic/1.2.2/logback-classic-1.2.2.jar (291 kB at 117 kB/s)
17:58:06.439 [Thread-6] DEBUG spoon.Launcher - [INFO] Downloaded from google-maven-central: https://maven-central.storage-download.googleapis.com/maven2/org/pac4j/pac4j-ldap/3.0.0/pac4j-ldap-3.0.0-tests.jar (10 kB at 4.0 kB/s)
17:58:06.590 [Thread-6] DEBUG spoon.Launcher - [INFO] Downloaded from google-maven-central: https://maven-central.storage-download.googleapis.com/maven2/org/pac4j/pac4j-sql/3.0.0/pac4j-sql-3.0.0-tests.jar (8.2 kB at 3.0 kB/s)
17:58:06.634 [Thread-6] DEBUG spoon.Launcher - [INFO] Downloaded from google-maven-central: https://maven-central.storage-download.googleapis.com/maven2/com/unboundid/unboundid-ldapsdk/3.2.1/unboundid-ldapsdk-3.2.1.jar (2.0 MB at 733 kB/s)
17:58:06.677 [Thread-6] DEBUG spoon.Launcher - [INFO] 
17:58:06.677 [Thread-6] DEBUG spoon.Launcher - [INFO] --- maven-dependency-plugin:2.8:build-classpath (default-cli) @ pac4j-config ---
17:58:07.170 [Thread-6] DEBUG spoon.Launcher - [INFO] Wrote classpath file '/home/travis/build/SpoonLabs/spoon-ci-external/spoon/src/test/resources/maven-launcher/pac4j/pac4j-config/spoon.classpath.tmp'.
17:58:07.172 [Thread-6] DEBUG spoon.Launcher - [INFO] ------------------------------------------------------------------------
17:58:07.172 [Thread-6] DEBUG spoon.Launcher - [INFO] BUILD SUCCESS
17:58:07.172 [Thread-6] DEBUG spoon.Launcher - [INFO] ------------------------------------------------------------------------
17:58:07.174 [Thread-6] DEBUG spoon.Launcher - [INFO] Total time:  31.008 s
17:58:07.175 [Thread-6] DEBUG spoon.Launcher - [INFO] Finished at: 2020-08-14T17:58:07Z
17:58:07.175 [Thread-6] DEBUG spoon.Launcher - [INFO] ------------------------------------------------------------------------
]]></system-out>
  </testcase>
  <testcase name="testSystemDependency" classname="spoon.MavenLauncherTest" time="0.434">
    <system-out><![CDATA[17:58:07.214 [main] INFO spoon.Launcher - Running in NOCLASSPATH mode (doc: http://spoon.gforge.inria.fr/launcher.html).
]]></system-out>
  </testcase>
  <testcase name="testRebuildClasspath" classname="spoon.MavenLauncherTest" time="3.506">
    <system-out><![CDATA[17:58:07.650 [main] INFO spoon.Launcher - Running in NOCLASSPATH mode (doc: http://spoon.gforge.inria.fr/launcher.html).
17:58:09.380 [Thread-9] DEBUG spoon.Launcher - [INFO] Scanning for projects...
17:58:09.479 [Thread-9] DEBUG spoon.Launcher - [WARNING] 
17:58:09.483 [Thread-9] DEBUG spoon.Launcher - [WARNING] Some problems were encountered while building the effective model for org.foo.bar:foobar:jar:1.0.0-SNAPSHOT
17:58:09.494 [Thread-9] DEBUG spoon.Launcher - [WARNING] 'dependencies.dependency.systemPath' for com.infradna.tool:bridge-method-annotation:jar should not point at files within the project directory, ${basedir}/lib/bridge-method-annotation-1.13.jar will be unresolvable by dependent projects @ line 18, column 25
17:58:09.495 [Thread-9] DEBUG spoon.Launcher - [WARNING] 
17:58:09.496 [Thread-9] DEBUG spoon.Launcher - [WARNING] It is highly recommended to fix these problems because they threaten the stability of your build.
17:58:09.496 [Thread-9] DEBUG spoon.Launcher - [WARNING] 
17:58:09.501 [Thread-9] DEBUG spoon.Launcher - [WARNING] For this reason, future Maven versions might no longer support building such malformed projects.
17:58:09.501 [Thread-9] DEBUG spoon.Launcher - [WARNING] 
17:58:09.888 [Thread-9] DEBUG spoon.Launcher - [INFO] 
17:58:09.889 [Thread-9] DEBUG spoon.Launcher - [INFO] -------------------------< org.foo.bar:foobar >-------------------------
17:58:09.889 [Thread-9] DEBUG spoon.Launcher - [INFO] Building foobar 1.0.0-SNAPSHOT
17:58:09.890 [Thread-9] DEBUG spoon.Launcher - [INFO] --------------------------------[ jar ]---------------------------------
17:58:09.918 [Thread-9] DEBUG spoon.Launcher - [INFO] 
17:58:09.919 [Thread-9] DEBUG spoon.Launcher - [INFO] --- maven-dependency-plugin:2.8:build-classpath (default-cli) @ foobar ---
17:58:11.094 [Thread-9] DEBUG spoon.Launcher - [INFO] Wrote classpath file '/home/travis/build/SpoonLabs/spoon-ci-external/spoon/src/test/resources/maven-launcher/system-dependency/spoon.classpath.tmp'.
17:58:11.095 [Thread-9] DEBUG spoon.Launcher - [INFO] ------------------------------------------------------------------------
17:58:11.096 [Thread-9] DEBUG spoon.Launcher - [INFO] BUILD SUCCESS
17:58:11.097 [Thread-9] DEBUG spoon.Launcher - [INFO] ------------------------------------------------------------------------
17:58:11.099 [Thread-9] DEBUG spoon.Launcher - [INFO] Total time:  1.747 s
17:58:11.100 [Thread-9] DEBUG spoon.Launcher - [INFO] Finished at: 2020-08-14T17:58:11Z
17:58:11.100 [Thread-9] DEBUG spoon.Launcher - [INFO] ------------------------------------------------------------------------
]]></system-out>
  </testcase>
  <testcase name="testTypeResolution" classname="spoon.MavenLauncherTest" time="0">
    <skipped/>
  </testcase>
  <testcase name="multiModulesProjectTest" classname="spoon.MavenLauncherTest" time="37.478">
    <system-out><![CDATA[17:58:11.171 [main] INFO spoon.Launcher - Running in NOCLASSPATH mode (doc: http://spoon.gforge.inria.fr/launcher.html).
17:58:12.963 [Thread-12] DEBUG spoon.Launcher - [INFO] Scanning for projects...
17:58:14.255 [Thread-12] DEBUG spoon.Launcher - [INFO] ------------------------------------------------------------------------
17:58:14.255 [Thread-12] DEBUG spoon.Launcher - [INFO] Reactor Build Order:
17:58:14.255 [Thread-12] DEBUG spoon.Launcher - [INFO] 
17:58:14.258 [Thread-12] DEBUG spoon.Launcher - [INFO] pac4j                                                              [pom]
17:58:14.258 [Thread-12] DEBUG spoon.Launcher - [INFO] pac4j core                                                         [jar]
17:58:14.259 [Thread-12] DEBUG spoon.Launcher - [INFO] pac4j for CAS protocol                                             [jar]
17:58:14.260 [Thread-12] DEBUG spoon.Launcher - [INFO] pac4j for SAML protocol                                            [jar]
17:58:14.261 [Thread-12] DEBUG spoon.Launcher - [INFO] pac4j for OAuth protocol                                           [jar]
17:58:14.262 [Thread-12] DEBUG spoon.Launcher - [INFO] pac4j for OpenID Connect protocol                                  [jar]
17:58:14.263 [Thread-12] DEBUG spoon.Launcher - [INFO] pac4j for LDAP                                                     [jar]
17:58:14.264 [Thread-12] DEBUG spoon.Launcher - [INFO] pac4j for HTTP protocol                                            [jar]
17:58:14.265 [Thread-12] DEBUG spoon.Launcher - [INFO] pac4j for relational DB                                            [jar]
17:58:14.266 [Thread-12] DEBUG spoon.Launcher - [INFO] pac4j configuration                                                [jar]
17:58:14.270 [Thread-12] DEBUG spoon.Launcher - [INFO] pac4j for OpenId protocol                                          [jar]
17:58:14.270 [Thread-12] DEBUG spoon.Launcher - [INFO] pac4j for GAE UserService mechanism                                [jar]
17:58:14.271 [Thread-12] DEBUG spoon.Launcher - [INFO] pac4j for JWT                                                      [jar]
17:58:14.272 [Thread-12] DEBUG spoon.Launcher - [INFO] pac4j for MongoDB                                                  [jar]
17:58:14.273 [Thread-12] DEBUG spoon.Launcher - [INFO] pac4j for CouchDB                                                  [jar]
17:58:14.277 [Thread-12] DEBUG spoon.Launcher - [INFO] pac4j for Kerberos                                                 [jar]
17:58:14.577 [Thread-12] DEBUG spoon.Launcher - [INFO] 
17:58:14.577 [Thread-12] DEBUG spoon.Launcher - [INFO] --------------------------< org.pac4j:pac4j >---------------------------
17:58:14.578 [Thread-12] DEBUG spoon.Launcher - [INFO] Building pac4j 3.0.0                                              [1/16]
17:58:14.578 [Thread-12] DEBUG spoon.Launcher - [INFO] --------------------------------[ pom ]---------------------------------
17:58:14.591 [Thread-12] DEBUG spoon.Launcher - [INFO] 
17:58:14.592 [Thread-12] DEBUG spoon.Launcher - [INFO] --- maven-dependency-plugin:2.8:build-classpath (default-cli) @ pac4j ---
17:58:15.260 [Thread-12] DEBUG spoon.Launcher - [INFO] No dependencies found.
17:58:15.261 [Thread-12] DEBUG spoon.Launcher - [INFO] Wrote classpath file '/home/travis/build/SpoonLabs/spoon-ci-external/spoon/src/test/resources/maven-launcher/pac4j/spoon.classpath.tmp'.
17:58:15.262 [Thread-12] DEBUG spoon.Launcher - [INFO] 
17:58:15.263 [Thread-12] DEBUG spoon.Launcher - [INFO] ------------------------< org.pac4j:pac4j-core >------------------------
17:58:15.263 [Thread-12] DEBUG spoon.Launcher - [INFO] Building pac4j core 3.0.0                                         [2/16]
17:58:15.263 [Thread-12] DEBUG spoon.Launcher - [INFO] --------------------------------[ jar ]---------------------------------
17:58:15.866 [Thread-12] DEBUG spoon.Launcher - [INFO] Downloading from google-maven-central: https://maven-central.storage-download.googleapis.com/maven2/javax/servlet/javax.servlet-api/3.1.0/javax.servlet-api-3.1.0.pom
17:58:16.235 [Thread-12] DEBUG spoon.Launcher - [INFO] Downloaded from google-maven-central: https://maven-central.storage-download.googleapis.com/maven2/javax/servlet/javax.servlet-api/3.1.0/javax.servlet-api-3.1.0.pom (14 kB at 36 kB/s)
17:58:16.243 [Thread-12] DEBUG spoon.Launcher - [INFO] Downloading from google-maven-central: https://maven-central.storage-download.googleapis.com/maven2/net/java/jvnet-parent/3/jvnet-parent-3.pom
17:58:16.262 [Thread-12] DEBUG spoon.Launcher - [INFO] Downloaded from google-maven-central: https://maven-central.storage-download.googleapis.com/maven2/net/java/jvnet-parent/3/jvnet-parent-3.pom (4.8 kB at 266 kB/s)
17:58:16.289 [Thread-12] DEBUG spoon.Launcher - [INFO] Downloading from google-maven-central: https://maven-central.storage-download.googleapis.com/maven2/org/springframework/spring-test/4.3.7.RELEASE/spring-test-4.3.7.RELEASE.pom
17:58:16.448 [Thread-12] DEBUG spoon.Launcher - [INFO] Downloaded from google-maven-central: https://maven-central.storage-download.googleapis.com/maven2/org/springframework/spring-test/4.3.7.RELEASE/spring-test-4.3.7.RELEASE.pom (8.0 kB at 50 kB/s)
17:58:16.454 [Thread-12] DEBUG spoon.Launcher - [INFO] Downloading from google-maven-central: https://maven-central.storage-download.googleapis.com/maven2/org/springframework/spring-core/4.3.7.RELEASE/spring-core-4.3.7.RELEASE.pom
17:58:16.711 [Thread-12] DEBUG spoon.Launcher - [INFO] Downloaded from google-maven-central: https://maven-central.storage-download.googleapis.com/maven2/org/springframework/spring-core/4.3.7.RELEASE/spring-core-4.3.7.RELEASE.pom (2.5 kB at 9.7 kB/s)
17:58:16.723 [Thread-12] DEBUG spoon.Launcher - [INFO] Downloading from google-maven-central: https://maven-central.storage-download.googleapis.com/maven2/org/mockito/mockito-core/2.7.19/mockito-core-2.7.19.pom
17:58:16.980 [Thread-12] DEBUG spoon.Launcher - [INFO] Downloaded from google-maven-central: https://maven-central.storage-download.googleapis.com/maven2/org/mockito/mockito-core/2.7.19/mockito-core-2.7.19.pom (2.3 kB at 8.9 kB/s)
17:58:16.985 [Thread-12] DEBUG spoon.Launcher - [INFO] Downloading from google-maven-central: https://maven-central.storage-download.googleapis.com/maven2/net/bytebuddy/byte-buddy/1.6.11/byte-buddy-1.6.11.pom
17:58:17.148 [Thread-12] DEBUG spoon.Launcher - [INFO] Downloaded from google-maven-central: https://maven-central.storage-download.googleapis.com/maven2/net/bytebuddy/byte-buddy/1.6.11/byte-buddy-1.6.11.pom (12 kB at 72 kB/s)
17:58:17.153 [Thread-12] DEBUG spoon.Launcher - [INFO] Downloading from google-maven-central: https://maven-central.storage-download.googleapis.com/maven2/net/bytebuddy/byte-buddy-parent/1.6.11/byte-buddy-parent-1.6.11.pom
17:58:17.350 [Thread-12] DEBUG spoon.Launcher - [INFO] Downloaded from google-maven-central: https://maven-central.storage-download.googleapis.com/maven2/net/bytebuddy/byte-buddy-parent/1.6.11/byte-buddy-parent-1.6.11.pom (26 kB at 132 kB/s)
17:58:17.355 [Thread-12] DEBUG spoon.Launcher - [INFO] Downloading from google-maven-central: https://maven-central.storage-download.googleapis.com/maven2/net/bytebuddy/byte-buddy-agent/1.6.11/byte-buddy-agent-1.6.11.pom
17:58:17.509 [Thread-12] DEBUG spoon.Launcher - [INFO] Downloaded from google-maven-central: https://maven-central.storage-download.googleapis.com/maven2/net/bytebuddy/byte-buddy-agent/1.6.11/byte-buddy-agent-1.6.11.pom (4.5 kB at 29 kB/s)
17:58:17.514 [Thread-12] DEBUG spoon.Launcher - [INFO] Downloading from google-maven-central: https://maven-central.storage-download.googleapis.com/maven2/org/objenesis/objenesis/2.5/objenesis-2.5.pom
17:58:17.606 [Thread-12] DEBUG spoon.Launcher - [INFO] Downloaded from google-maven-central: https://maven-central.storage-download.googleapis.com/maven2/org/objenesis/objenesis/2.5/objenesis-2.5.pom (2.8 kB at 30 kB/s)
17:58:17.610 [Thread-12] DEBUG spoon.Launcher - [INFO] Downloading from google-maven-central: https://maven-central.storage-download.googleapis.com/maven2/org/objenesis/objenesis-parent/2.5/objenesis-parent-2.5.pom
17:58:17.785 [Thread-12] DEBUG spoon.Launcher - [INFO] Downloaded from google-maven-central: https://maven-central.storage-download.googleapis.com/maven2/org/objenesis/objenesis-parent/2.5/objenesis-parent-2.5.pom (17 kB at 94 kB/s)
17:58:17.797 [Thread-12] DEBUG spoon.Launcher - [INFO] Downloading from google-maven-central: https://maven-central.storage-download.googleapis.com/maven2/javax/servlet/javax.servlet-api/3.1.0/javax.servlet-api-3.1.0.jar
17:58:17.802 [Thread-12] DEBUG spoon.Launcher - [INFO] Downloading from google-maven-central: https://maven-central.storage-download.googleapis.com/maven2/org/springframework/spring-test/4.3.7.RELEASE/spring-test-4.3.7.RELEASE.jar
17:58:17.809 [Thread-12] DEBUG spoon.Launcher - [INFO] Downloading from google-maven-central: https://maven-central.storage-download.googleapis.com/maven2/org/springframework/spring-core/4.3.7.RELEASE/spring-core-4.3.7.RELEASE.jar
17:58:17.814 [Thread-12] DEBUG spoon.Launcher - [INFO] Downloading from google-maven-central: https://maven-central.storage-download.googleapis.com/maven2/org/mockito/mockito-core/2.7.19/mockito-core-2.7.19.jar
17:58:17.818 [Thread-12] DEBUG spoon.Launcher - [INFO] Downloading from google-maven-central: https://maven-central.storage-download.googleapis.com/maven2/net/bytebuddy/byte-buddy/1.6.11/byte-buddy-1.6.11.jar
17:58:17.954 [Thread-12] DEBUG spoon.Launcher - [INFO] Downloaded from google-maven-central: https://maven-central.storage-download.googleapis.com/maven2/javax/servlet/javax.servlet-api/3.1.0/javax.servlet-api-3.1.0.jar (96 kB at 606 kB/s)
17:58:17.954 [Thread-12] DEBUG spoon.Launcher - [INFO] Downloading from google-maven-central: https://maven-central.storage-download.googleapis.com/maven2/net/bytebuddy/byte-buddy-agent/1.6.11/byte-buddy-agent-1.6.11.jar
17:58:18.028 [Thread-12] DEBUG spoon.Launcher - [INFO] Downloaded from google-maven-central: https://maven-central.storage-download.googleapis.com/maven2/net/bytebuddy/byte-buddy-agent/1.6.11/byte-buddy-agent-1.6.11.jar (31 kB at 137 kB/s)
17:58:18.029 [Thread-12] DEBUG spoon.Launcher - [INFO] Downloading from google-maven-central: https://maven-central.storage-download.googleapis.com/maven2/org/objenesis/objenesis/2.5/objenesis-2.5.jar
17:58:18.077 [Thread-12] DEBUG spoon.Launcher - [INFO] Downloaded from google-maven-central: https://maven-central.storage-download.googleapis.com/maven2/org/springframework/spring-test/4.3.7.RELEASE/spring-test-4.3.7.RELEASE.jar (599 kB at 2.1 MB/s)
17:58:18.090 [Thread-12] DEBUG spoon.Launcher - [INFO] Downloaded from google-maven-central: https://maven-central.storage-download.googleapis.com/maven2/org/springframework/spring-core/4.3.7.RELEASE/spring-core-4.3.7.RELEASE.jar (1.1 MB at 3.8 MB/s)
17:58:18.185 [Thread-12] DEBUG spoon.Launcher - [INFO] Downloaded from google-maven-central: https://maven-central.storage-download.googleapis.com/maven2/org/objenesis/objenesis/2.5/objenesis-2.5.jar (54 kB at 142 kB/s)
17:58:18.260 [Thread-12] DEBUG spoon.Launcher - [INFO] Downloaded from google-maven-central: https://maven-central.storage-download.googleapis.com/maven2/net/bytebuddy/byte-buddy/1.6.11/byte-buddy-1.6.11.jar (2.8 MB at 6.1 MB/s)
17:58:18.282 [Thread-12] DEBUG spoon.Launcher - [INFO] Downloaded from google-maven-central: https://maven-central.storage-download.googleapis.com/maven2/org/mockito/mockito-core/2.7.19/mockito-core-2.7.19.jar (533 kB at 1.1 MB/s)
17:58:18.292 [Thread-12] DEBUG spoon.Launcher - [INFO] 
17:58:18.292 [Thread-12] DEBUG spoon.Launcher - [INFO] --- maven-dependency-plugin:2.8:build-classpath (default-cli) @ pac4j-core ---
17:58:18.669 [Thread-12] DEBUG spoon.Launcher - [INFO] Wrote classpath file '/home/travis/build/SpoonLabs/spoon-ci-external/spoon/src/test/resources/maven-launcher/pac4j/pac4j-core/spoon.classpath.tmp'.
17:58:18.670 [Thread-12] DEBUG spoon.Launcher - [INFO] 
17:58:18.670 [Thread-12] DEBUG spoon.Launcher - [INFO] ------------------------< org.pac4j:pac4j-cas >-------------------------
17:58:18.670 [Thread-12] DEBUG spoon.Launcher - [INFO] Building pac4j for CAS protocol 3.0.0                             [3/16]
17:58:18.670 [Thread-12] DEBUG spoon.Launcher - [INFO] --------------------------------[ jar ]---------------------------------
17:58:18.678 [Thread-12] DEBUG spoon.Launcher - [INFO] Downloading from google-maven-central: https://maven-central.storage-download.googleapis.com/maven2/org/jasig/cas/client/cas-client-core/3.4.1/cas-client-core-3.4.1.pom
17:58:18.864 [Thread-12] DEBUG spoon.Launcher - [INFO] Downloaded from google-maven-central: https://maven-central.storage-download.googleapis.com/maven2/org/jasig/cas/client/cas-client-core/3.4.1/cas-client-core-3.4.1.pom (3.1 kB at 17 kB/s)
17:58:18.867 [Thread-12] DEBUG spoon.Launcher - [INFO] Downloading from google-maven-central: https://maven-central.storage-download.googleapis.com/maven2/org/jasig/cas/client/cas-client/3.4.1/cas-client-3.4.1.pom
17:58:19.065 [Thread-12] DEBUG spoon.Launcher - [INFO] Downloaded from google-maven-central: https://maven-central.storage-download.googleapis.com/maven2/org/jasig/cas/client/cas-client/3.4.1/cas-client-3.4.1.pom (10 kB at 51 kB/s)
17:58:19.071 [Thread-12] DEBUG spoon.Launcher - [INFO] Downloading from google-maven-central: https://maven-central.storage-download.googleapis.com/maven2/org/jasig/cas/client/cas-client-support-saml/3.4.1/cas-client-support-saml-3.4.1.pom
17:58:19.296 [Thread-12] DEBUG spoon.Launcher - [INFO] Downloaded from google-maven-central: https://maven-central.storage-download.googleapis.com/maven2/org/jasig/cas/client/cas-client-support-saml/3.4.1/cas-client-support-saml-3.4.1.pom (1.7 kB at 7.4 kB/s)
17:58:19.309 [Thread-12] DEBUG spoon.Launcher - [INFO] Downloading from google-maven-central: https://maven-central.storage-download.googleapis.com/maven2/org/jasig/cas/client/cas-client-core/3.4.1/cas-client-core-3.4.1.jar
17:58:19.310 [Thread-12] DEBUG spoon.Launcher - [INFO] Downloading from google-maven-central: https://maven-central.storage-download.googleapis.com/maven2/org/jasig/cas/client/cas-client-support-saml/3.4.1/cas-client-support-saml-3.4.1.jar
17:58:19.323 [Thread-12] DEBUG spoon.Launcher - [INFO] Downloading from google-maven-central: https://maven-central.storage-download.googleapis.com/maven2/joda-time/joda-time/2.7/joda-time-2.7.jar
17:58:19.419 [Thread-12] DEBUG spoon.Launcher - [INFO] Downloaded from google-maven-central: https://maven-central.storage-download.googleapis.com/maven2/org/jasig/cas/client/cas-client-core/3.4.1/cas-client-core-3.4.1.jar (137 kB at 1.2 MB/s)
17:58:19.424 [Thread-12] DEBUG spoon.Launcher - [INFO] Downloaded from google-maven-central: https://maven-central.storage-download.googleapis.com/maven2/org/jasig/cas/client/cas-client-support-saml/3.4.1/cas-client-support-saml-3.4.1.jar (12 kB at 106 kB/s)
17:58:19.445 [Thread-12] DEBUG spoon.Launcher - [INFO] Downloaded from google-maven-central: https://maven-central.storage-download.googleapis.com/maven2/joda-time/joda-time/2.7/joda-time-2.7.jar (589 kB at 4.4 MB/s)
17:58:19.448 [Thread-12] DEBUG spoon.Launcher - [INFO] 
17:58:19.448 [Thread-12] DEBUG spoon.Launcher - [INFO] --- maven-dependency-plugin:2.8:build-classpath (default-cli) @ pac4j-cas ---
17:58:19.453 [Thread-12] DEBUG spoon.Launcher - [INFO] Wrote classpath file '/home/travis/build/SpoonLabs/spoon-ci-external/spoon/src/test/resources/maven-launcher/pac4j/pac4j-cas/spoon.classpath.tmp'.
17:58:19.453 [Thread-12] DEBUG spoon.Launcher - [INFO] 
17:58:19.454 [Thread-12] DEBUG spoon.Launcher - [INFO] ------------------------< org.pac4j:pac4j-saml >------------------------
17:58:19.454 [Thread-12] DEBUG spoon.Launcher - [INFO] Building pac4j for SAML protocol 3.0.0                            [4/16]
17:58:19.455 [Thread-12] DEBUG spoon.Launcher - [INFO] --------------------------------[ jar ]---------------------------------
17:58:19.464 [Thread-12] DEBUG spoon.Launcher - [INFO] Downloading from google-maven-central: https://maven-central.storage-download.googleapis.com/maven2/org/opensaml/opensaml-core/3.3.0/opensaml-core-3.3.0.pom
17:58:19.608 [Thread-12] DEBUG spoon.Launcher - [INFO] Downloaded from google-maven-central: https://maven-central.storage-download.googleapis.com/maven2/org/opensaml/opensaml-core/3.3.0/opensaml-core-3.3.0.pom (2.4 kB at 17 kB/s)
17:58:19.611 [Thread-12] DEBUG spoon.Launcher - [INFO] Downloading from google-maven-central: https://maven-central.storage-download.googleapis.com/maven2/org/opensaml/opensaml-parent/3.3.0/opensaml-parent-3.3.0.pom
17:58:19.818 [Thread-12] DEBUG spoon.Launcher - [INFO] Downloaded from google-maven-central: https://maven-central.storage-download.googleapis.com/maven2/org/opensaml/opensaml-parent/3.3.0/opensaml-parent-3.3.0.pom (5.6 kB at 27 kB/s)
17:58:19.841 [Thread-12] DEBUG spoon.Launcher - [INFO] Downloading from google-maven-central: https://maven-central.storage-download.googleapis.com/maven2/org/opensaml/opensaml-saml-api/3.3.0/opensaml-saml-api-3.3.0.pom
17:58:20.065 [Thread-12] DEBUG spoon.Launcher - [INFO] Downloaded from google-maven-central: https://maven-central.storage-download.googleapis.com/maven2/org/opensaml/opensaml-saml-api/3.3.0/opensaml-saml-api-3.3.0.pom (2.5 kB at 11 kB/s)
17:58:20.072 [Thread-12] DEBUG spoon.Launcher - [INFO] Downloading from google-maven-central: https://maven-central.storage-download.googleapis.com/maven2/org/opensaml/opensaml-xmlsec-api/3.3.0/opensaml-xmlsec-api-3.3.0.pom
17:58:20.267 [Thread-12] DEBUG spoon.Launcher - [INFO] Downloaded from google-maven-central: https://maven-central.storage-download.googleapis.com/maven2/org/opensaml/opensaml-xmlsec-api/3.3.0/opensaml-xmlsec-api-3.3.0.pom (2.0 kB at 10 kB/s)
17:58:20.272 [Thread-12] DEBUG spoon.Launcher - [INFO] Downloading from google-maven-central: https://maven-central.storage-download.googleapis.com/maven2/org/opensaml/opensaml-security-api/3.3.0/opensaml-security-api-3.3.0.pom
17:58:20.515 [Thread-12] DEBUG spoon.Launcher - [INFO] Downloaded from google-maven-central: https://maven-central.storage-download.googleapis.com/maven2/org/opensaml/opensaml-security-api/3.3.0/opensaml-security-api-3.3.0.pom (2.4 kB at 9.9 kB/s)
17:58:20.519 [Thread-12] DEBUG spoon.Launcher - [INFO] Downloading from google-maven-central: https://maven-central.storage-download.googleapis.com/maven2/org/opensaml/opensaml-messaging-api/3.3.0/opensaml-messaging-api-3.3.0.pom
17:58:20.787 [Thread-12] DEBUG spoon.Launcher - [INFO] Downloaded from google-maven-central: https://maven-central.storage-download.googleapis.com/maven2/org/opensaml/opensaml-messaging-api/3.3.0/opensaml-messaging-api-3.3.0.pom (1.7 kB at 6.3 kB/s)
17:58:20.810 [Thread-12] DEBUG spoon.Launcher - [INFO] Downloading from google-maven-central: https://maven-central.storage-download.googleapis.com/maven2/org/opensaml/opensaml-soap-api/3.3.0/opensaml-soap-api-3.3.0.pom
17:58:20.943 [Thread-12] DEBUG spoon.Launcher - [INFO] Downloaded from google-maven-central: https://maven-central.storage-download.googleapis.com/maven2/org/opensaml/opensaml-soap-api/3.3.0/opensaml-soap-api-3.3.0.pom (1.6 kB at 12 kB/s)
17:58:20.948 [Thread-12] DEBUG spoon.Launcher - [INFO] Downloading from google-maven-central: https://maven-central.storage-download.googleapis.com/maven2/org/opensaml/opensaml-profile-api/3.3.0/opensaml-profile-api-3.3.0.pom
17:58:21.185 [Thread-12] DEBUG spoon.Launcher - [INFO] Downloaded from google-maven-central: https://maven-central.storage-download.googleapis.com/maven2/org/opensaml/opensaml-profile-api/3.3.0/opensaml-profile-api-3.3.0.pom (2.4 kB at 10.0 kB/s)
17:58:21.189 [Thread-12] DEBUG spoon.Launcher - [INFO] Downloading from google-maven-central: https://maven-central.storage-download.googleapis.com/maven2/org/opensaml/opensaml-storage-api/3.3.0/opensaml-storage-api-3.3.0.pom
17:58:21.402 [Thread-12] DEBUG spoon.Launcher - [INFO] Downloaded from google-maven-central: https://maven-central.storage-download.googleapis.com/maven2/org/opensaml/opensaml-storage-api/3.3.0/opensaml-storage-api-3.3.0.pom (1.2 kB at 5.7 kB/s)
17:58:21.407 [Thread-12] DEBUG spoon.Launcher - [INFO] Downloading from google-maven-central: https://maven-central.storage-download.googleapis.com/maven2/org/opensaml/opensaml-saml-impl/3.3.0/opensaml-saml-impl-3.3.0.pom
17:58:21.585 [Thread-12] DEBUG spoon.Launcher - [INFO] Downloaded from google-maven-central: https://maven-central.storage-download.googleapis.com/maven2/org/opensaml/opensaml-saml-impl/3.3.0/opensaml-saml-impl-3.3.0.pom (5.5 kB at 31 kB/s)
17:58:21.590 [Thread-12] DEBUG spoon.Launcher - [INFO] Downloading from google-maven-central: https://maven-central.storage-download.googleapis.com/maven2/org/opensaml/opensaml-security-impl/3.3.0/opensaml-security-impl-3.3.0.pom
17:58:21.813 [Thread-12] DEBUG spoon.Launcher - [INFO] Downloaded from google-maven-central: https://maven-central.storage-download.googleapis.com/maven2/org/opensaml/opensaml-security-impl/3.3.0/opensaml-security-impl-3.3.0.pom (2.1 kB at 9.4 kB/s)
17:58:21.816 [Thread-12] DEBUG spoon.Launcher - [INFO] Downloading from google-maven-central: https://maven-central.storage-download.googleapis.com/maven2/org/opensaml/opensaml-xmlsec-impl/3.3.0/opensaml-xmlsec-impl-3.3.0.pom
17:58:22.006 [Thread-12] DEBUG spoon.Launcher - [INFO] Downloaded from google-maven-central: https://maven-central.storage-download.googleapis.com/maven2/org/opensaml/opensaml-xmlsec-impl/3.3.0/opensaml-xmlsec-impl-3.3.0.pom (2.1 kB at 11 kB/s)
17:58:22.013 [Thread-12] DEBUG spoon.Launcher - [INFO] Downloading from google-maven-central: https://maven-central.storage-download.googleapis.com/maven2/org/opensaml/opensaml-soap-impl/3.3.0/opensaml-soap-impl-3.3.0.pom
17:58:22.325 [Thread-12] DEBUG spoon.Launcher - [INFO] Downloaded from google-maven-central: https://maven-central.storage-download.googleapis.com/maven2/org/opensaml/opensaml-soap-impl/3.3.0/opensaml-soap-impl-3.3.0.pom (2.7 kB at 8.7 kB/s)
17:58:22.335 [Thread-12] DEBUG spoon.Launcher - [INFO] Downloading from google-maven-central: https://maven-central.storage-download.googleapis.com/maven2/org/opensaml/opensaml-profile-impl/3.3.0/opensaml-profile-impl-3.3.0.pom
17:58:22.621 [Thread-12] DEBUG spoon.Launcher - [INFO] Downloaded from google-maven-central: https://maven-central.storage-download.googleapis.com/maven2/org/opensaml/opensaml-profile-impl/3.3.0/opensaml-profile-impl-3.3.0.pom (3.3 kB at 11 kB/s)
17:58:22.629 [Thread-12] DEBUG spoon.Launcher - [INFO] Downloading from google-maven-central: https://maven-central.storage-download.googleapis.com/maven2/org/opensaml/opensaml-messaging-impl/3.3.0/opensaml-messaging-impl-3.3.0.pom
17:58:22.893 [Thread-12] DEBUG spoon.Launcher - [INFO] Downloaded from google-maven-central: https://maven-central.storage-download.googleapis.com/maven2/org/opensaml/opensaml-messaging-impl/3.3.0/opensaml-messaging-impl-3.3.0.pom (2.1 kB at 7.9 kB/s)
17:58:22.900 [Thread-12] DEBUG spoon.Launcher - [INFO] Downloading from google-maven-central: https://maven-central.storage-download.googleapis.com/maven2/org/cryptacular/cryptacular/1.1.0/cryptacular-1.1.0.pom
17:58:23.040 [Thread-12] DEBUG spoon.Launcher - [INFO] Downloaded from google-maven-central: https://maven-central.storage-download.googleapis.com/maven2/org/cryptacular/cryptacular/1.1.0/cryptacular-1.1.0.pom (10.0 kB at 71 kB/s)
17:58:23.071 [Thread-12] DEBUG spoon.Launcher - [INFO] Downloading from google-maven-central: https://maven-central.storage-download.googleapis.com/maven2/joda-time/joda-time/2.9.2/joda-time-2.9.2.pom
17:58:23.184 [Thread-12] DEBUG spoon.Launcher - [INFO] Downloaded from google-maven-central: https://maven-central.storage-download.googleapis.com/maven2/joda-time/joda-time/2.9.2/joda-time-2.9.2.pom (30 kB at 266 kB/s)
17:58:23.197 [Thread-12] DEBUG spoon.Launcher - [INFO] Downloading from google-maven-central: https://maven-central.storage-download.googleapis.com/maven2/commons-logging/commons-logging/1.2/commons-logging-1.2.pom
17:58:23.207 [Thread-12] DEBUG spoon.Launcher - [INFO] Downloaded from google-maven-central: https://maven-central.storage-download.googleapis.com/maven2/commons-logging/commons-logging/1.2/commons-logging-1.2.pom (19 kB at 2.4 MB/s)
17:58:23.208 [Thread-12] DEBUG spoon.Launcher - [INFO] Downloading from google-maven-central: https://maven-central.storage-download.googleapis.com/maven2/org/apache/commons/commons-parent/34/commons-parent-34.pom
17:58:23.218 [Thread-12] DEBUG spoon.Launcher - [INFO] Downloaded from google-maven-central: https://maven-central.storage-download.googleapis.com/maven2/org/apache/commons/commons-parent/34/commons-parent-34.pom (56 kB at 6.2 MB/s)
17:58:23.223 [Thread-12] DEBUG spoon.Launcher - [INFO] Downloading from google-maven-central: https://maven-central.storage-download.googleapis.com/maven2/org/springframework/spring-web/4.3.7.RELEASE/spring-web-4.3.7.RELEASE.pom
17:58:23.366 [Thread-12] DEBUG spoon.Launcher - [INFO] Downloaded from google-maven-central: https://maven-central.storage-download.googleapis.com/maven2/org/springframework/spring-web/4.3.7.RELEASE/spring-web-4.3.7.RELEASE.pom (8.0 kB at 56 kB/s)
17:58:23.369 [Thread-12] DEBUG spoon.Launcher - [INFO] Downloading from google-maven-central: https://maven-central.storage-download.googleapis.com/maven2/org/springframework/spring-aop/4.3.7.RELEASE/spring-aop-4.3.7.RELEASE.pom
17:58:23.504 [Thread-12] DEBUG spoon.Launcher - [INFO] Downloaded from google-maven-central: https://maven-central.storage-download.googleapis.com/maven2/org/springframework/spring-aop/4.3.7.RELEASE/spring-aop-4.3.7.RELEASE.pom (2.7 kB at 20 kB/s)
17:58:23.506 [Thread-12] DEBUG spoon.Launcher - [INFO] Downloading from google-maven-central: https://maven-central.storage-download.googleapis.com/maven2/org/springframework/spring-beans/4.3.7.RELEASE/spring-beans-4.3.7.RELEASE.pom
17:58:23.641 [Thread-12] DEBUG spoon.Launcher - [INFO] Downloaded from google-maven-central: https://maven-central.storage-download.googleapis.com/maven2/org/springframework/spring-beans/4.3.7.RELEASE/spring-beans-4.3.7.RELEASE.pom (2.5 kB at 19 kB/s)
17:58:23.641 [Thread-12] DEBUG spoon.Launcher - [INFO] Downloading from google-maven-central: https://maven-central.storage-download.googleapis.com/maven2/org/springframework/spring-context/4.3.7.RELEASE/spring-context-4.3.7.RELEASE.pom
17:58:23.790 [Thread-12] DEBUG spoon.Launcher - [INFO] Downloaded from google-maven-central: https://maven-central.storage-download.googleapis.com/maven2/org/springframework/spring-context/4.3.7.RELEASE/spring-context-4.3.7.RELEASE.pom (5.0 kB at 34 kB/s)
17:58:23.794 [Thread-12] DEBUG spoon.Launcher - [INFO] Downloading from google-maven-central: https://maven-central.storage-download.googleapis.com/maven2/org/springframework/spring-expression/4.3.7.RELEASE/spring-expression-4.3.7.RELEASE.pom
17:58:23.924 [Thread-12] DEBUG spoon.Launcher - [INFO] Downloaded from google-maven-central: https://maven-central.storage-download.googleapis.com/maven2/org/springframework/spring-expression/4.3.7.RELEASE/spring-expression-4.3.7.RELEASE.pom (1.7 kB at 13 kB/s)
17:58:23.935 [Thread-12] DEBUG spoon.Launcher - [INFO] Downloading from google-maven-central: https://maven-central.storage-download.googleapis.com/maven2/org/opensaml/opensaml-core/3.3.0/opensaml-core-3.3.0.jar
17:58:23.942 [Thread-12] DEBUG spoon.Launcher - [INFO] Downloading from google-maven-central: https://maven-central.storage-download.googleapis.com/maven2/org/opensaml/opensaml-saml-api/3.3.0/opensaml-saml-api-3.3.0.jar
17:58:23.945 [Thread-12] DEBUG spoon.Launcher - [INFO] Downloading from google-maven-central: https://maven-central.storage-download.googleapis.com/maven2/org/opensaml/opensaml-storage-api/3.3.0/opensaml-storage-api-3.3.0.jar
17:58:23.947 [Thread-12] DEBUG spoon.Launcher - [INFO] Downloading from google-maven-central: https://maven-central.storage-download.googleapis.com/maven2/org/opensaml/opensaml-saml-impl/3.3.0/opensaml-saml-impl-3.3.0.jar
17:58:23.950 [Thread-12] DEBUG spoon.Launcher - [INFO] Downloading from google-maven-central: https://maven-central.storage-download.googleapis.com/maven2/org/opensaml/opensaml-soap-impl/3.3.0/opensaml-soap-impl-3.3.0.jar
17:58:24.149 [Thread-12] DEBUG spoon.Launcher - [INFO] Downloaded from google-maven-central: https://maven-central.storage-download.googleapis.com/maven2/org/opensaml/opensaml-core/3.3.0/opensaml-core-3.3.0.jar (178 kB at 828 kB/s)
17:58:24.150 [Thread-12] DEBUG spoon.Launcher - [INFO] Downloading from google-maven-central: https://maven-central.storage-download.googleapis.com/maven2/org/opensaml/opensaml-soap-api/3.3.0/opensaml-soap-api-3.3.0.jar
17:58:24.177 [Thread-12] DEBUG spoon.Launcher - [INFO] Downloaded from google-maven-central: https://maven-central.storage-download.googleapis.com/maven2/org/opensaml/opensaml-saml-api/3.3.0/opensaml-saml-api-3.3.0.jar (397 kB at 1.6 MB/s)
17:58:24.178 [Thread-12] DEBUG spoon.Launcher - [INFO] Downloading from google-maven-central: https://maven-central.storage-download.googleapis.com/maven2/org/opensaml/opensaml-xmlsec-api/3.3.0/opensaml-xmlsec-api-3.3.0.jar
17:58:24.189 [Thread-12] DEBUG spoon.Launcher - [INFO] Downloaded from google-maven-central: https://maven-central.storage-download.googleapis.com/maven2/org/opensaml/opensaml-storage-api/3.3.0/opensaml-storage-api-3.3.0.jar (24 kB at 95 kB/s)
17:58:24.189 [Thread-12] DEBUG spoon.Launcher - [INFO] Downloading from google-maven-central: https://maven-central.storage-download.googleapis.com/maven2/org/opensaml/opensaml-security-api/3.3.0/opensaml-security-api-3.3.0.jar
17:58:24.239 [Thread-12] DEBUG spoon.Launcher - [INFO] Downloaded from google-maven-central: https://maven-central.storage-download.googleapis.com/maven2/org/opensaml/opensaml-soap-impl/3.3.0/opensaml-soap-impl-3.3.0.jar (403 kB at 1.4 MB/s)
17:58:24.239 [Thread-12] DEBUG spoon.Launcher - [INFO] Downloading from google-maven-central: https://maven-central.storage-download.googleapis.com/maven2/org/opensaml/opensaml-security-impl/3.3.0/opensaml-security-impl-3.3.0.jar
17:58:24.267 [Thread-12] DEBUG spoon.Launcher - [INFO] Downloaded from google-maven-central: https://maven-central.storage-download.googleapis.com/maven2/org/opensaml/opensaml-soap-api/3.3.0/opensaml-soap-api-3.3.0.jar (161 kB at 505 kB/s)
17:58:24.268 [Thread-12] DEBUG spoon.Launcher - [INFO] Downloading from google-maven-central: https://maven-central.storage-download.googleapis.com/maven2/org/opensaml/opensaml-profile-api/3.3.0/opensaml-profile-api-3.3.0.jar
17:58:24.274 [Thread-12] DEBUG spoon.Launcher - [INFO] Downloaded from google-maven-central: https://maven-central.storage-download.googleapis.com/maven2/org/opensaml/opensaml-saml-impl/3.3.0/opensaml-saml-impl-3.3.0.jar (1.1 MB at 3.4 MB/s)
17:58:24.274 [Thread-12] DEBUG spoon.Launcher - [INFO] Downloading from google-maven-central: https://maven-central.storage-download.googleapis.com/maven2/org/opensaml/opensaml-profile-impl/3.3.0/opensaml-profile-impl-3.3.0.jar
17:58:24.333 [Thread-12] DEBUG spoon.Launcher - [INFO] Downloaded from google-maven-central: https://maven-central.storage-download.googleapis.com/maven2/org/opensaml/opensaml-security-api/3.3.0/opensaml-security-api-3.3.0.jar (61 kB at 158 kB/s)
17:58:24.335 [Thread-12] DEBUG spoon.Launcher - [INFO] Downloading from google-maven-central: https://maven-central.storage-download.googleapis.com/maven2/org/opensaml/opensaml-messaging-api/3.3.0/opensaml-messaging-api-3.3.0.jar
17:58:24.338 [Thread-12] DEBUG spoon.Launcher - [INFO] Downloaded from google-maven-central: https://maven-central.storage-download.googleapis.com/maven2/org/opensaml/opensaml-xmlsec-api/3.3.0/opensaml-xmlsec-api-3.3.0.jar (206 kB at 532 kB/s)
17:58:24.340 [Thread-12] DEBUG spoon.Launcher - [INFO] Downloading from google-maven-central: https://maven-central.storage-download.googleapis.com/maven2/org/opensaml/opensaml-messaging-impl/3.3.0/opensaml-messaging-impl-3.3.0.jar
17:58:24.394 [Thread-12] DEBUG spoon.Launcher - [INFO] Downloaded from google-maven-central: https://maven-central.storage-download.googleapis.com/maven2/org/opensaml/opensaml-profile-impl/3.3.0/opensaml-profile-impl-3.3.0.jar (28 kB at 63 kB/s)
17:58:24.396 [Thread-12] DEBUG spoon.Launcher - [INFO] Downloading from google-maven-central: https://maven-central.storage-download.googleapis.com/maven2/org/opensaml/opensaml-xmlsec-impl/3.3.0/opensaml-xmlsec-impl-3.3.0.jar
17:58:24.404 [Thread-12] DEBUG spoon.Launcher - [INFO] Downloaded from google-maven-central: https://maven-central.storage-download.googleapis.com/maven2/org/opensaml/opensaml-profile-api/3.3.0/opensaml-profile-api-3.3.0.jar (27 kB at 59 kB/s)
17:58:24.404 [Thread-12] DEBUG spoon.Launcher - [INFO] Downloading from google-maven-central: https://maven-central.storage-download.googleapis.com/maven2/org/cryptacular/cryptacular/1.1.0/cryptacular-1.1.0.jar
17:58:24.406 [Thread-12] DEBUG spoon.Launcher - [INFO] Downloaded from google-maven-central: https://maven-central.storage-download.googleapis.com/maven2/org/opensaml/opensaml-security-impl/3.3.0/opensaml-security-impl-3.3.0.jar (98 kB at 214 kB/s)
17:58:24.406 [Thread-12] DEBUG spoon.Launcher - [INFO] Downloading from google-maven-central: https://maven-central.storage-download.googleapis.com/maven2/joda-time/joda-time/2.9.2/joda-time-2.9.2.jar
17:58:24.498 [Thread-12] DEBUG spoon.Launcher - [INFO] Downloaded from google-maven-central: https://maven-central.storage-download.googleapis.com/maven2/joda-time/joda-time/2.9.2/joda-time-2.9.2.jar (626 kB at 1.1 MB/s)
17:58:24.499 [Thread-12] DEBUG spoon.Launcher - [INFO] Downloading from google-maven-central: https://maven-central.storage-download.googleapis.com/maven2/commons-logging/commons-logging/1.2/commons-logging-1.2.jar
17:58:24.508 [Thread-12] DEBUG spoon.Launcher - [INFO] Downloaded from google-maven-central: https://maven-central.storage-download.googleapis.com/maven2/commons-logging/commons-logging/1.2/commons-logging-1.2.jar (62 kB at 110 kB/s)
17:58:24.508 [Thread-12] DEBUG spoon.Launcher - [INFO] Downloading from google-maven-central: https://maven-central.storage-download.googleapis.com/maven2/org/springframework/spring-web/4.3.7.RELEASE/spring-web-4.3.7.RELEASE.jar
17:58:24.518 [Thread-12] DEBUG spoon.Launcher - [INFO] Downloaded from google-maven-central: https://maven-central.storage-download.googleapis.com/maven2/org/cryptacular/cryptacular/1.1.0/cryptacular-1.1.0.jar (151 kB at 265 kB/s)
17:58:24.518 [Thread-12] DEBUG spoon.Launcher - [INFO] Downloading from google-maven-central: https://maven-central.storage-download.googleapis.com/maven2/org/springframework/spring-aop/4.3.7.RELEASE/spring-aop-4.3.7.RELEASE.jar
17:58:24.539 [Thread-12] DEBUG spoon.Launcher - [INFO] Downloaded from google-maven-central: https://maven-central.storage-download.googleapis.com/maven2/org/springframework/spring-web/4.3.7.RELEASE/spring-web-4.3.7.RELEASE.jar (818 kB at 1.4 MB/s)
17:58:24.541 [Thread-12] DEBUG spoon.Launcher - [INFO] Downloading from google-maven-central: https://maven-central.storage-download.googleapis.com/maven2/org/springframework/spring-beans/4.3.7.RELEASE/spring-beans-4.3.7.RELEASE.jar
17:58:24.552 [Thread-12] DEBUG spoon.Launcher - [INFO] Downloaded from google-maven-central: https://maven-central.storage-download.googleapis.com/maven2/org/opensaml/opensaml-messaging-impl/3.3.0/opensaml-messaging-impl-3.3.0.jar (13 kB at 21 kB/s)
17:58:24.552 [Thread-12] DEBUG spoon.Launcher - [INFO] Downloading from google-maven-central: https://maven-central.storage-download.googleapis.com/maven2/org/springframework/spring-context/4.3.7.RELEASE/spring-context-4.3.7.RELEASE.jar
17:58:24.594 [Thread-12] DEBUG spoon.Launcher - [INFO] Downloaded from google-maven-central: https://maven-central.storage-download.googleapis.com/maven2/org/opensaml/opensaml-messaging-api/3.3.0/opensaml-messaging-api-3.3.0.jar (53 kB at 82 kB/s)
17:58:24.594 [Thread-12] DEBUG spoon.Launcher - [INFO] Downloading from google-maven-central: https://maven-central.storage-download.googleapis.com/maven2/org/springframework/spring-expression/4.3.7.RELEASE/spring-expression-4.3.7.RELEASE.jar
17:58:24.607 [Thread-12] DEBUG spoon.Launcher - [INFO] Downloaded from google-maven-central: https://maven-central.storage-download.googleapis.com/maven2/org/springframework/spring-aop/4.3.7.RELEASE/spring-aop-4.3.7.RELEASE.jar (380 kB at 578 kB/s)
17:58:24.621 [Thread-12] DEBUG spoon.Launcher - [INFO] Downloaded from google-maven-central: https://maven-central.storage-download.googleapis.com/maven2/org/springframework/spring-beans/4.3.7.RELEASE/spring-beans-4.3.7.RELEASE.jar (763 kB at 1.1 MB/s)
17:58:24.652 [Thread-12] DEBUG spoon.Launcher - [INFO] Downloaded from google-maven-central: https://maven-central.storage-download.googleapis.com/maven2/org/opensaml/opensaml-xmlsec-impl/3.3.0/opensaml-xmlsec-impl-3.3.0.jar (292 kB at 415 kB/s)
17:58:24.772 [Thread-12] DEBUG spoon.Launcher - [INFO] Downloaded from google-maven-central: https://maven-central.storage-download.googleapis.com/maven2/org/springframework/spring-expression/4.3.7.RELEASE/spring-expression-4.3.7.RELEASE.jar (263 kB at 320 kB/s)
17:58:24.787 [Thread-12] DEBUG spoon.Launcher - [INFO] Downloaded from google-maven-central: https://maven-central.storage-download.googleapis.com/maven2/org/springframework/spring-context/4.3.7.RELEASE/spring-context-4.3.7.RELEASE.jar (1.1 MB at 1.4 MB/s)
17:58:24.803 [Thread-12] DEBUG spoon.Launcher - [INFO] 
17:58:24.804 [Thread-12] DEBUG spoon.Launcher - [INFO] --- maven-dependency-plugin:2.8:build-classpath (default-cli) @ pac4j-saml ---
17:58:24.808 [Thread-12] DEBUG spoon.Launcher - [INFO] Wrote classpath file '/home/travis/build/SpoonLabs/spoon-ci-external/spoon/src/test/resources/maven-launcher/pac4j/pac4j-saml/spoon.classpath.tmp'.
17:58:24.808 [Thread-12] DEBUG spoon.Launcher - [INFO] 
17:58:24.808 [Thread-12] DEBUG spoon.Launcher - [INFO] -----------------------< org.pac4j:pac4j-oauth >------------------------
17:58:24.808 [Thread-12] DEBUG spoon.Launcher - [INFO] Building pac4j for OAuth protocol 3.0.0                           [5/16]
17:58:24.808 [Thread-12] DEBUG spoon.Launcher - [INFO] --------------------------------[ jar ]---------------------------------
17:58:24.813 [Thread-12] DEBUG spoon.Launcher - [INFO] Downloading from google-maven-central: https://maven-central.storage-download.googleapis.com/maven2/com/github/scribejava/scribejava-apis/3.3.0/scribejava-apis-3.3.0.pom
17:58:25.077 [Thread-12] DEBUG spoon.Launcher - [INFO] Downloaded from google-maven-central: https://maven-central.storage-download.googleapis.com/maven2/com/github/scribejava/scribejava-apis/3.3.0/scribejava-apis-3.3.0.pom (1.8 kB at 6.7 kB/s)
17:58:25.079 [Thread-12] DEBUG spoon.Launcher - [INFO] Downloading from google-maven-central: https://maven-central.storage-download.googleapis.com/maven2/com/github/scribejava/scribejava/3.3.0/scribejava-3.3.0.pom
17:58:25.304 [Thread-12] DEBUG spoon.Launcher - [INFO] Downloaded from google-maven-central: https://maven-central.storage-download.googleapis.com/maven2/com/github/scribejava/scribejava/3.3.0/scribejava-3.3.0.pom (11 kB at 48 kB/s)
17:58:25.307 [Thread-12] DEBUG spoon.Launcher - [INFO] Downloading from google-maven-central: https://maven-central.storage-download.googleapis.com/maven2/com/github/scribejava/scribejava-core/3.3.0/scribejava-core-3.3.0.pom
17:58:25.524 [Thread-12] DEBUG spoon.Launcher - [INFO] Downloaded from google-maven-central: https://maven-central.storage-download.googleapis.com/maven2/com/github/scribejava/scribejava-core/3.3.0/scribejava-core-3.3.0.pom (1.0 kB at 4.8 kB/s)
17:58:25.536 [Thread-12] DEBUG spoon.Launcher - [INFO] Downloading from google-maven-central: https://maven-central.storage-download.googleapis.com/maven2/com/github/scribejava/scribejava-apis/3.3.0/scribejava-apis-3.3.0.jar
17:58:25.542 [Thread-12] DEBUG spoon.Launcher - [INFO] Downloading from google-maven-central: https://maven-central.storage-download.googleapis.com/maven2/com/github/scribejava/scribejava-core/3.3.0/scribejava-core-3.3.0.jar
17:58:25.768 [Thread-12] DEBUG spoon.Launcher - [INFO] Downloaded from google-maven-central: https://maven-central.storage-download.googleapis.com/maven2/com/github/scribejava/scribejava-core/3.3.0/scribejava-core-3.3.0.jar (82 kB at 352 kB/s)
17:58:25.785 [Thread-12] DEBUG spoon.Launcher - [INFO] Downloaded from google-maven-central: https://maven-central.storage-download.googleapis.com/maven2/com/github/scribejava/scribejava-apis/3.3.0/scribejava-apis-3.3.0.jar (83 kB at 333 kB/s)
17:58:25.789 [Thread-12] DEBUG spoon.Launcher - [INFO] 
17:58:25.789 [Thread-12] DEBUG spoon.Launcher - [INFO] --- maven-dependency-plugin:2.8:build-classpath (default-cli) @ pac4j-oauth ---
17:58:25.804 [Thread-12] DEBUG spoon.Launcher - [INFO] Wrote classpath file '/home/travis/build/SpoonLabs/spoon-ci-external/spoon/src/test/resources/maven-launcher/pac4j/pac4j-oauth/spoon.classpath.tmp'.
17:58:25.813 [Thread-12] DEBUG spoon.Launcher - [INFO] 
17:58:25.813 [Thread-12] DEBUG spoon.Launcher - [INFO] ------------------------< org.pac4j:pac4j-oidc >------------------------
17:58:25.813 [Thread-12] DEBUG spoon.Launcher - [INFO] Building pac4j for OpenID Connect protocol 3.0.0                  [6/16]
17:58:25.813 [Thread-12] DEBUG spoon.Launcher - [INFO] --------------------------------[ jar ]---------------------------------
17:58:25.817 [Thread-12] DEBUG spoon.Launcher - [INFO] Downloading from google-maven-central: https://maven-central.storage-download.googleapis.com/maven2/com/nimbusds/oauth2-oidc-sdk/5.24.2/oauth2-oidc-sdk-5.24.2.pom
17:58:26.002 [Thread-12] DEBUG spoon.Launcher - [INFO] Downloaded from google-maven-central: https://maven-central.storage-download.googleapis.com/maven2/com/nimbusds/oauth2-oidc-sdk/5.24.2/oauth2-oidc-sdk-5.24.2.pom (11 kB at 57 kB/s)
17:58:26.012 [Thread-12] DEBUG spoon.Launcher - [INFO] Downloading from google-maven-central: https://maven-central.storage-download.googleapis.com/maven2/org/apache/commons/commons-lang3/3.5/commons-lang3-3.5.pom
17:58:26.026 [Thread-12] DEBUG spoon.Launcher - [INFO] Downloaded from google-maven-central: https://maven-central.storage-download.googleapis.com/maven2/org/apache/commons/commons-lang3/3.5/commons-lang3-3.5.pom (23 kB at 1.7 MB/s)
17:58:26.075 [Thread-12] DEBUG spoon.Launcher - [INFO] Downloading from google-maven-central: https://maven-central.storage-download.googleapis.com/maven2/org/apache/commons/commons-parent/41/commons-parent-41.pom
17:58:26.121 [Thread-12] DEBUG spoon.Launcher - [INFO] Downloaded from google-maven-central: https://maven-central.storage-download.googleapis.com/maven2/org/apache/commons/commons-parent/41/commons-parent-41.pom (65 kB at 1.4 MB/s)
17:58:26.246 [Thread-12] DEBUG spoon.Launcher - [INFO] Downloading from sonatype-apache: https://repository.apache.org/content/repositories/releases/com/nimbusds/lang-tag/maven-metadata.xml
17:58:26.249 [Thread-12] DEBUG spoon.Launcher - [INFO] Downloading from sonatype: https://oss.sonatype.org/content/repositories/releases/com/nimbusds/lang-tag/maven-metadata.xml
17:58:26.255 [Thread-12] DEBUG spoon.Launcher - [INFO] Downloading from apache-snapshots: https://repository.apache.org/snapshots/com/nimbusds/lang-tag/maven-metadata.xml
17:58:26.586 [Thread-12] DEBUG spoon.Launcher - [INFO] Downloaded from sonatype: https://oss.sonatype.org/content/repositories/releases/com/nimbusds/lang-tag/maven-metadata.xml (563 B at 1.6 kB/s)
17:58:26.766 [Thread-12] DEBUG spoon.Launcher - [INFO] Downloading from sonatype-apache: https://repository.apache.org/content/repositories/releases/net/minidev/json-smart/maven-metadata.xml
17:58:26.767 [Thread-12] DEBUG spoon.Launcher - [INFO] Downloading from sonatype: https://oss.sonatype.org/content/repositories/releases/net/minidev/json-smart/maven-metadata.xml
17:58:26.768 [Thread-12] DEBUG spoon.Launcher - [INFO] Downloading from apache-snapshots: https://repository.apache.org/snapshots/net/minidev/json-smart/maven-metadata.xml
17:58:26.855 [Thread-12] DEBUG spoon.Launcher - [INFO] Downloaded from sonatype: https://oss.sonatype.org/content/repositories/releases/net/minidev/json-smart/maven-metadata.xml (849 B at 9.4 kB/s)
17:58:27.115 [Thread-12] DEBUG spoon.Launcher - [INFO] Downloading from google-maven-central: https://maven-central.storage-download.googleapis.com/maven2/com/nimbusds/oauth2-oidc-sdk/5.24.2/oauth2-oidc-sdk-5.24.2.jar
17:58:27.119 [Thread-12] DEBUG spoon.Launcher - [INFO] Downloading from google-maven-central: https://maven-central.storage-download.googleapis.com/maven2/net/minidev/json-smart/1.3.1/json-smart-1.3.1.jar
17:58:27.124 [Thread-12] DEBUG spoon.Launcher - [INFO] Downloading from google-maven-central: https://maven-central.storage-download.googleapis.com/maven2/org/apache/commons/commons-lang3/3.5/commons-lang3-3.5.jar
17:58:27.135 [Thread-12] DEBUG spoon.Launcher - [INFO] Downloading from google-maven-central: https://maven-central.storage-download.googleapis.com/maven2/org/bouncycastle/bcprov-jdk15on/1.55/bcprov-jdk15on-1.55.jar
17:58:27.149 [Thread-12] DEBUG spoon.Launcher - [INFO] Downloaded from google-maven-central: https://maven-central.storage-download.googleapis.com/maven2/org/apache/commons/commons-lang3/3.5/commons-lang3-3.5.jar (480 kB at 15 MB/s)
17:58:27.264 [Thread-12] DEBUG spoon.Launcher - [INFO] Downloaded from google-maven-central: https://maven-central.storage-download.googleapis.com/maven2/net/minidev/json-smart/1.3.1/json-smart-1.3.1.jar (78 kB at 537 kB/s)
17:58:27.283 [Thread-12] DEBUG spoon.Launcher - [INFO] Downloaded from google-maven-central: https://maven-central.storage-download.googleapis.com/maven2/org/bouncycastle/bcprov-jdk15on/1.55/bcprov-jdk15on-1.55.jar (3.4 MB at 21 MB/s)
17:58:27.481 [Thread-12] DEBUG spoon.Launcher - [INFO] Downloaded from google-maven-central: https://maven-central.storage-download.googleapis.com/maven2/com/nimbusds/oauth2-oidc-sdk/5.24.2/oauth2-oidc-sdk-5.24.2.jar (363 kB at 996 kB/s)
17:58:27.485 [Thread-12] DEBUG spoon.Launcher - [INFO] 
17:58:27.486 [Thread-12] DEBUG spoon.Launcher - [INFO] --- maven-dependency-plugin:2.8:build-classpath (default-cli) @ pac4j-oidc ---
17:58:27.488 [Thread-12] DEBUG spoon.Launcher - [INFO] Wrote classpath file '/home/travis/build/SpoonLabs/spoon-ci-external/spoon/src/test/resources/maven-launcher/pac4j/pac4j-oidc/spoon.classpath.tmp'.
17:58:27.489 [Thread-12] DEBUG spoon.Launcher - [INFO] 
17:58:27.489 [Thread-12] DEBUG spoon.Launcher - [INFO] ------------------------< org.pac4j:pac4j-ldap >------------------------
17:58:27.489 [Thread-12] DEBUG spoon.Launcher - [INFO] Building pac4j for LDAP 3.0.0                                     [7/16]
17:58:27.489 [Thread-12] DEBUG spoon.Launcher - [INFO] --------------------------------[ jar ]---------------------------------
17:58:27.492 [Thread-12] DEBUG spoon.Launcher - [INFO] Downloading from google-maven-central: https://maven-central.storage-download.googleapis.com/maven2/org/ldaptive/ldaptive/1.2.1/ldaptive-1.2.1.pom
17:58:27.810 [Thread-12] DEBUG spoon.Launcher - [INFO] Downloaded from google-maven-central: https://maven-central.storage-download.googleapis.com/maven2/org/ldaptive/ldaptive/1.2.1/ldaptive-1.2.1.pom (1.1 kB at 3.4 kB/s)
17:58:27.813 [Thread-12] DEBUG spoon.Launcher - [INFO] Downloading from google-maven-central: https://maven-central.storage-download.googleapis.com/maven2/org/ldaptive/ldaptive-parent/1.2.1/ldaptive-parent-1.2.1.pom
17:58:28.092 [Thread-12] DEBUG spoon.Launcher - [INFO] Downloaded from google-maven-central: https://maven-central.storage-download.googleapis.com/maven2/org/ldaptive/ldaptive-parent/1.2.1/ldaptive-parent-1.2.1.pom (20 kB at 70 kB/s)
17:58:28.097 [Thread-12] DEBUG spoon.Launcher - [INFO] Downloading from google-maven-central: https://maven-central.storage-download.googleapis.com/maven2/commons-cli/commons-cli/1.3.1/commons-cli-1.3.1.pom
17:58:28.104 [Thread-12] DEBUG spoon.Launcher - [INFO] Downloaded from google-maven-central: https://maven-central.storage-download.googleapis.com/maven2/commons-cli/commons-cli/1.3.1/commons-cli-1.3.1.pom (10 kB at 1.5 MB/s)
17:58:28.107 [Thread-12] DEBUG spoon.Launcher - [INFO] Downloading from google-maven-central: https://maven-central.storage-download.googleapis.com/maven2/org/apache/commons/commons-parent/37/commons-parent-37.pom
17:58:28.123 [Thread-12] DEBUG spoon.Launcher - [INFO] Downloaded from google-maven-central: https://maven-central.storage-download.googleapis.com/maven2/org/apache/commons/commons-parent/37/commons-parent-37.pom (63 kB at 4.2 MB/s)
17:58:28.138 [Thread-12] DEBUG spoon.Launcher - [INFO] Downloading from google-maven-central: https://maven-central.storage-download.googleapis.com/maven2/org/ldaptive/ldaptive/1.2.1/ldaptive-1.2.1.jar
17:58:28.143 [Thread-12] DEBUG spoon.Launcher - [INFO] Downloading from google-maven-central: https://maven-central.storage-download.googleapis.com/maven2/commons-cli/commons-cli/1.3.1/commons-cli-1.3.1.jar
17:58:28.150 [Thread-12] DEBUG spoon.Launcher - [INFO] Downloaded from google-maven-central: https://maven-central.storage-download.googleapis.com/maven2/commons-cli/commons-cli/1.3.1/commons-cli-1.3.1.jar (53 kB at 4.1 MB/s)
17:58:28.479 [Thread-12] DEBUG spoon.Launcher - [INFO] Downloaded from google-maven-central: https://maven-central.storage-download.googleapis.com/maven2/org/ldaptive/ldaptive/1.2.1/ldaptive-1.2.1.jar (788 kB at 2.3 MB/s)
17:58:28.482 [Thread-12] DEBUG spoon.Launcher - [INFO] 
17:58:28.482 [Thread-12] DEBUG spoon.Launcher - [INFO] --- maven-dependency-plugin:2.8:build-classpath (default-cli) @ pac4j-ldap ---
17:58:28.484 [Thread-12] DEBUG spoon.Launcher - [INFO] Wrote classpath file '/home/travis/build/SpoonLabs/spoon-ci-external/spoon/src/test/resources/maven-launcher/pac4j/pac4j-ldap/spoon.classpath.tmp'.
17:58:28.485 [Thread-12] DEBUG spoon.Launcher - [INFO] 
17:58:28.485 [Thread-12] DEBUG spoon.Launcher - [INFO] ------------------------< org.pac4j:pac4j-http >------------------------
17:58:28.485 [Thread-12] DEBUG spoon.Launcher - [INFO] Building pac4j for HTTP protocol 3.0.0                            [8/16]
17:58:28.485 [Thread-12] DEBUG spoon.Launcher - [INFO] --------------------------------[ jar ]---------------------------------
17:58:28.489 [Thread-12] DEBUG spoon.Launcher - [INFO] Downloading from google-maven-central: https://maven-central.storage-download.googleapis.com/maven2/org/nanohttpd/nanohttpd/2.3.1/nanohttpd-2.3.1.pom
17:58:28.599 [Thread-12] DEBUG spoon.Launcher - [INFO] Downloaded from google-maven-central: https://maven-central.storage-download.googleapis.com/maven2/org/nanohttpd/nanohttpd/2.3.1/nanohttpd-2.3.1.pom (915 B at 8.4 kB/s)
17:58:28.601 [Thread-12] DEBUG spoon.Launcher - [INFO] Downloading from google-maven-central: https://maven-central.storage-download.googleapis.com/maven2/org/nanohttpd/nanohttpd-project/2.3.1/nanohttpd-project-2.3.1.pom
17:58:28.672 [Thread-12] DEBUG spoon.Launcher - [INFO] Downloaded from google-maven-central: https://maven-central.storage-download.googleapis.com/maven2/org/nanohttpd/nanohttpd-project/2.3.1/nanohttpd-project-2.3.1.pom (14 kB at 196 kB/s)
17:58:28.677 [Thread-12] DEBUG spoon.Launcher - [INFO] Downloading from google-maven-central: https://maven-central.storage-download.googleapis.com/maven2/org/nanohttpd/nanohttpd/2.3.1/nanohttpd-2.3.1.jar
17:58:28.781 [Thread-12] DEBUG spoon.Launcher - [INFO] Downloaded from google-maven-central: https://maven-central.storage-download.googleapis.com/maven2/org/nanohttpd/nanohttpd/2.3.1/nanohttpd-2.3.1.jar (51 kB at 488 kB/s)
17:58:28.784 [Thread-12] DEBUG spoon.Launcher - [INFO] 
17:58:28.785 [Thread-12] DEBUG spoon.Launcher - [INFO] --- maven-dependency-plugin:2.8:build-classpath (default-cli) @ pac4j-http ---
17:58:28.785 [Thread-12] DEBUG spoon.Launcher - [INFO] Wrote classpath file '/home/travis/build/SpoonLabs/spoon-ci-external/spoon/src/test/resources/maven-launcher/pac4j/pac4j-http/spoon.classpath.tmp'.
17:58:28.785 [Thread-12] DEBUG spoon.Launcher - [INFO] 
17:58:28.785 [Thread-12] DEBUG spoon.Launcher - [INFO] ------------------------< org.pac4j:pac4j-sql >-------------------------
17:58:28.786 [Thread-12] DEBUG spoon.Launcher - [INFO] Building pac4j for relational DB 3.0.0                            [9/16]
17:58:28.786 [Thread-12] DEBUG spoon.Launcher - [INFO] --------------------------------[ jar ]---------------------------------
17:58:28.793 [Thread-12] DEBUG spoon.Launcher - [INFO] Downloading from google-maven-central: https://maven-central.storage-download.googleapis.com/maven2/com/h2database/h2/1.4.194/h2-1.4.194.pom
17:58:29.004 [Thread-12] DEBUG spoon.Launcher - [INFO] Downloaded from google-maven-central: https://maven-central.storage-download.googleapis.com/maven2/com/h2database/h2/1.4.194/h2-1.4.194.pom (960 B at 4.5 kB/s)
17:58:29.007 [Thread-12] DEBUG spoon.Launcher - [INFO] Downloading from google-maven-central: https://maven-central.storage-download.googleapis.com/maven2/com/h2database/h2/1.4.194/h2-1.4.194.jar
17:58:29.239 [Thread-12] DEBUG spoon.Launcher - [INFO] Downloaded from google-maven-central: https://maven-central.storage-download.googleapis.com/maven2/com/h2database/h2/1.4.194/h2-1.4.194.jar (1.8 MB at 7.8 MB/s)
17:58:29.240 [Thread-12] DEBUG spoon.Launcher - [INFO] 
17:58:29.240 [Thread-12] DEBUG spoon.Launcher - [INFO] --- maven-dependency-plugin:2.8:build-classpath (default-cli) @ pac4j-sql ---
17:58:29.243 [Thread-12] DEBUG spoon.Launcher - [INFO] Wrote classpath file '/home/travis/build/SpoonLabs/spoon-ci-external/spoon/src/test/resources/maven-launcher/pac4j/pac4j-sql/spoon.classpath.tmp'.
17:58:29.243 [Thread-12] DEBUG spoon.Launcher - [INFO] 
17:58:29.243 [Thread-12] DEBUG spoon.Launcher - [INFO] -----------------------< org.pac4j:pac4j-config >-----------------------
17:58:29.243 [Thread-12] DEBUG spoon.Launcher - [INFO] Building pac4j configuration 3.0.0                               [10/16]
17:58:29.243 [Thread-12] DEBUG spoon.Launcher - [INFO] --------------------------------[ jar ]---------------------------------
17:58:29.283 [Thread-12] DEBUG spoon.Launcher - [INFO] 
17:58:29.283 [Thread-12] DEBUG spoon.Launcher - [INFO] --- maven-dependency-plugin:2.8:build-classpath (default-cli) @ pac4j-config ---
17:58:29.286 [Thread-12] DEBUG spoon.Launcher - [INFO] Wrote classpath file '/home/travis/build/SpoonLabs/spoon-ci-external/spoon/src/test/resources/maven-launcher/pac4j/pac4j-config/spoon.classpath.tmp'.
17:58:29.287 [Thread-12] DEBUG spoon.Launcher - [INFO] 
17:58:29.287 [Thread-12] DEBUG spoon.Launcher - [INFO] -----------------------< org.pac4j:pac4j-openid >-----------------------
17:58:29.287 [Thread-12] DEBUG spoon.Launcher - [INFO] Building pac4j for OpenId protocol 3.0.0                         [11/16]
17:58:29.287 [Thread-12] DEBUG spoon.Launcher - [INFO] --------------------------------[ jar ]---------------------------------
17:58:29.291 [Thread-12] DEBUG spoon.Launcher - [INFO] Downloading from google-maven-central: https://maven-central.storage-download.googleapis.com/maven2/org/openid4java/openid4java/1.0.0/openid4java-1.0.0.pom
17:58:29.495 [Thread-12] DEBUG spoon.Launcher - [INFO] Downloaded from google-maven-central: https://maven-central.storage-download.googleapis.com/maven2/org/openid4java/openid4java/1.0.0/openid4java-1.0.0.pom (26 kB at 127 kB/s)
17:58:29.499 [Thread-12] DEBUG spoon.Launcher - [INFO] Downloading from google-maven-central: https://maven-central.storage-download.googleapis.com/maven2/org/apache/httpcomponents/httpclient/4.1/httpclient-4.1.pom
17:58:29.702 [Thread-12] DEBUG spoon.Launcher - [INFO] Downloaded from google-maven-central: https://maven-central.storage-download.googleapis.com/maven2/org/apache/httpcomponents/httpclient/4.1/httpclient-4.1.pom (6.0 kB at 30 kB/s)
17:58:29.705 [Thread-12] DEBUG spoon.Launcher - [INFO] Downloading from google-maven-central: https://maven-central.storage-download.googleapis.com/maven2/org/apache/httpcomponents/httpcomponents-client/4.1/httpcomponents-client-4.1.pom
17:58:29.851 [Thread-12] DEBUG spoon.Launcher - [INFO] Downloaded from google-maven-central: https://maven-central.storage-download.googleapis.com/maven2/org/apache/httpcomponents/httpcomponents-client/4.1/httpcomponents-client-4.1.pom (11 kB at 78 kB/s)
17:58:29.854 [Thread-12] DEBUG spoon.Launcher - [INFO] Downloading from google-maven-central: https://maven-central.storage-download.googleapis.com/maven2/org/apache/httpcomponents/project/4.1.1/project-4.1.1.pom
17:58:29.872 [Thread-12] DEBUG spoon.Launcher - [INFO] Downloaded from google-maven-central: https://maven-central.storage-download.googleapis.com/maven2/org/apache/httpcomponents/project/4.1.1/project-4.1.1.pom (17 kB at 932 kB/s)
17:58:29.876 [Thread-12] DEBUG spoon.Launcher - [INFO] Downloading from google-maven-central: https://maven-central.storage-download.googleapis.com/maven2/org/apache/httpcomponents/httpcore/4.1/httpcore-4.1.pom
17:58:29.986 [Thread-12] DEBUG spoon.Launcher - [INFO] Downloaded from google-maven-central: https://maven-central.storage-download.googleapis.com/maven2/org/apache/httpcomponents/httpcore/4.1/httpcore-4.1.pom (8.4 kB at 77 kB/s)
17:58:29.988 [Thread-12] DEBUG spoon.Launcher - [INFO] Downloading from google-maven-central: https://maven-central.storage-download.googleapis.com/maven2/org/apache/httpcomponents/httpcomponents-core/4.1/httpcomponents-core-4.1.pom
17:58:30.161 [Thread-12] DEBUG spoon.Launcher - [INFO] Downloaded from google-maven-central: https://maven-central.storage-download.googleapis.com/maven2/org/apache/httpcomponents/httpcomponents-core/4.1/httpcomponents-core-4.1.pom (9.0 kB at 52 kB/s)
17:58:30.166 [Thread-12] DEBUG spoon.Launcher - [INFO] Downloading from google-maven-central: https://maven-central.storage-download.googleapis.com/maven2/net/sourceforge/nekohtml/nekohtml/1.9.10/nekohtml-1.9.10.pom
17:58:30.466 [Thread-12] DEBUG spoon.Launcher - [INFO] Downloaded from google-maven-central: https://maven-central.storage-download.googleapis.com/maven2/net/sourceforge/nekohtml/nekohtml/1.9.10/nekohtml-1.9.10.pom (1.3 kB at 4.4 kB/s)
17:58:30.469 [Thread-12] DEBUG spoon.Launcher - [INFO] Downloading from google-maven-central: https://maven-central.storage-download.googleapis.com/maven2/xerces/xercesImpl/2.8.1/xercesImpl-2.8.1.pom
17:58:30.479 [Thread-12] DEBUG spoon.Launcher - [INFO] Downloaded from google-maven-central: https://maven-central.storage-download.googleapis.com/maven2/xerces/xercesImpl/2.8.1/xercesImpl-2.8.1.pom (2.2 kB at 245 kB/s)
17:58:30.482 [Thread-12] DEBUG spoon.Launcher - [INFO] Downloading from google-maven-central: https://maven-central.storage-download.googleapis.com/maven2/xml-apis/xml-apis/1.3.03/xml-apis-1.3.03.pom
17:58:30.494 [Thread-12] DEBUG spoon.Launcher - [INFO] Downloaded from google-maven-central: https://maven-central.storage-download.googleapis.com/maven2/xml-apis/xml-apis/1.3.03/xml-apis-1.3.03.pom (738 B at 62 kB/s)
17:58:30.496 [Thread-12] DEBUG spoon.Launcher - [INFO] Downloading from google-maven-central: https://maven-central.storage-download.googleapis.com/maven2/org/apache/apache/1/apache-1.pom
17:58:30.501 [Thread-12] DEBUG spoon.Launcher - [INFO] Downloaded from google-maven-central: https://maven-central.storage-download.googleapis.com/maven2/org/apache/apache/1/apache-1.pom (3.4 kB at 682 kB/s)
17:58:30.505 [Thread-12] DEBUG spoon.Launcher - [INFO] Downloading from google-maven-central: https://maven-central.storage-download.googleapis.com/maven2/com/google/inject/guice/2.0/guice-2.0.pom
17:58:30.742 [Thread-12] DEBUG spoon.Launcher - [INFO] Downloaded from google-maven-central: https://maven-central.storage-download.googleapis.com/maven2/com/google/inject/guice/2.0/guice-2.0.pom (771 B at 3.3 kB/s)
17:58:30.745 [Thread-12] DEBUG spoon.Launcher - [INFO] Downloading from google-maven-central: https://maven-central.storage-download.googleapis.com/maven2/com/google/inject/guice-parent/2.0/guice-parent-2.0.pom
17:58:30.920 [Thread-12] DEBUG spoon.Launcher - [INFO] Downloaded from google-maven-central: https://maven-central.storage-download.googleapis.com/maven2/com/google/inject/guice-parent/2.0/guice-parent-2.0.pom (2.6 kB at 15 kB/s)
17:58:30.924 [Thread-12] DEBUG spoon.Launcher - [INFO] Downloading from google-maven-central: https://maven-central.storage-download.googleapis.com/maven2/aopalliance/aopalliance/1.0/aopalliance-1.0.pom
17:58:30.930 [Thread-12] DEBUG spoon.Launcher - [INFO] Downloaded from google-maven-central: https://maven-central.storage-download.googleapis.com/maven2/aopalliance/aopalliance/1.0/aopalliance-1.0.pom (363 B at 52 kB/s)
17:58:30.933 [Thread-12] DEBUG spoon.Launcher - [WARNING] The artifact xml-apis:xml-apis:jar:2.0.2 has been relocated to xml-apis:xml-apis:jar:1.0.b2
17:58:30.938 [Thread-12] DEBUG spoon.Launcher - [INFO] Downloading from google-maven-central: https://maven-central.storage-download.googleapis.com/maven2/org/openid4java/openid4java/1.0.0/openid4java-1.0.0.jar
17:58:30.939 [Thread-12] DEBUG spoon.Launcher - [INFO] Downloading from google-maven-central: https://maven-central.storage-download.googleapis.com/maven2/org/apache/httpcomponents/httpclient/4.1/httpclient-4.1.jar
17:58:30.939 [Thread-12] DEBUG spoon.Launcher - [INFO] Downloading from google-maven-central: https://maven-central.storage-download.googleapis.com/maven2/org/apache/httpcomponents/httpcore/4.1/httpcore-4.1.jar
17:58:30.944 [Thread-12] DEBUG spoon.Launcher - [INFO] Downloading from google-maven-central: https://maven-central.storage-download.googleapis.com/maven2/net/sourceforge/nekohtml/nekohtml/1.9.10/nekohtml-1.9.10.jar
17:58:30.946 [Thread-12] DEBUG spoon.Launcher - [INFO] Downloading from google-maven-central: https://maven-central.storage-download.googleapis.com/maven2/com/google/inject/guice/2.0/guice-2.0.jar
17:58:31.029 [Thread-12] DEBUG spoon.Launcher - [INFO] Downloaded from google-maven-central: https://maven-central.storage-download.googleapis.com/maven2/org/apache/httpcomponents/httpcore/4.1/httpcore-4.1.jar (181 kB at 2.0 MB/s)
17:58:31.029 [Thread-12] DEBUG spoon.Launcher - [INFO] Downloading from google-maven-central: https://maven-central.storage-download.googleapis.com/maven2/aopalliance/aopalliance/1.0/aopalliance-1.0.jar
17:58:31.037 [Thread-12] DEBUG spoon.Launcher - [INFO] Downloaded from google-maven-central: https://maven-central.storage-download.googleapis.com/maven2/aopalliance/aopalliance/1.0/aopalliance-1.0.jar (4.5 kB at 48 kB/s)
17:58:31.037 [Thread-12] DEBUG spoon.Launcher - [INFO] Downloading from google-maven-central: https://maven-central.storage-download.googleapis.com/maven2/xerces/xercesImpl/2.8.1/xercesImpl-2.8.1.jar
17:58:31.126 [Thread-12] DEBUG spoon.Launcher - [INFO] Downloaded from google-maven-central: https://maven-central.storage-download.googleapis.com/maven2/xerces/xercesImpl/2.8.1/xercesImpl-2.8.1.jar (1.2 MB at 6.6 MB/s)
17:58:31.153 [Thread-12] DEBUG spoon.Launcher - [INFO] Downloaded from google-maven-central: https://maven-central.storage-download.googleapis.com/maven2/org/apache/httpcomponents/httpclient/4.1/httpclient-4.1.jar (350 kB at 1.6 MB/s)
17:58:31.184 [Thread-12] DEBUG spoon.Launcher - [INFO] Downloaded from google-maven-central: https://maven-central.storage-download.googleapis.com/maven2/com/google/inject/guice/2.0/guice-2.0.jar (667 kB at 2.7 MB/s)
17:58:31.208 [Thread-12] DEBUG spoon.Launcher - [INFO] Downloaded from google-maven-central: https://maven-central.storage-download.googleapis.com/maven2/net/sourceforge/nekohtml/nekohtml/1.9.10/nekohtml-1.9.10.jar (118 kB at 436 kB/s)
17:58:31.326 [Thread-12] DEBUG spoon.Launcher - [INFO] Downloaded from google-maven-central: https://maven-central.storage-download.googleapis.com/maven2/org/openid4java/openid4java/1.0.0/openid4java-1.0.0.jar (206 kB at 527 kB/s)
17:58:31.330 [Thread-12] DEBUG spoon.Launcher - [INFO] 
17:58:31.330 [Thread-12] DEBUG spoon.Launcher - [INFO] --- maven-dependency-plugin:2.8:build-classpath (default-cli) @ pac4j-openid ---
17:58:31.334 [Thread-12] DEBUG spoon.Launcher - [INFO] Wrote classpath file '/home/travis/build/SpoonLabs/spoon-ci-external/spoon/src/test/resources/maven-launcher/pac4j/pac4j-openid/spoon.classpath.tmp'.
17:58:31.336 [Thread-12] DEBUG spoon.Launcher - [INFO] 
17:58:31.336 [Thread-12] DEBUG spoon.Launcher - [INFO] ------------------------< org.pac4j:pac4j-gae >-------------------------
17:58:31.336 [Thread-12] DEBUG spoon.Launcher - [INFO] Building pac4j for GAE UserService mechanism 3.0.0               [12/16]
17:58:31.337 [Thread-12] DEBUG spoon.Launcher - [INFO] --------------------------------[ jar ]---------------------------------
17:58:31.340 [Thread-12] DEBUG spoon.Launcher - [INFO] Downloading from google-maven-central: https://maven-central.storage-download.googleapis.com/maven2/com/google/appengine/appengine-api-1.0-sdk/1.9.50/appengine-api-1.0-sdk-1.9.50.pom
17:58:31.556 [Thread-12] DEBUG spoon.Launcher - [INFO] Downloaded from google-maven-central: https://maven-central.storage-download.googleapis.com/maven2/com/google/appengine/appengine-api-1.0-sdk/1.9.50/appengine-api-1.0-sdk-1.9.50.pom (607 B at 2.8 kB/s)
17:58:31.559 [Thread-12] DEBUG spoon.Launcher - [INFO] Downloading from google-maven-central: https://maven-central.storage-download.googleapis.com/maven2/com/google/appengine/appengine/1.9.50/appengine-1.9.50.pom
17:58:31.754 [Thread-12] DEBUG spoon.Launcher - [INFO] Downloaded from google-maven-central: https://maven-central.storage-download.googleapis.com/maven2/com/google/appengine/appengine/1.9.50/appengine-1.9.50.pom (845 B at 4.3 kB/s)
17:58:31.756 [Thread-12] DEBUG spoon.Launcher - [INFO] Downloading from google-maven-central: https://maven-central.storage-download.googleapis.com/maven2/org/sonatype/oss/oss-parent/4/oss-parent-4.pom
17:58:31.852 [Thread-12] DEBUG spoon.Launcher - [INFO] Downloaded from google-maven-central: https://maven-central.storage-download.googleapis.com/maven2/org/sonatype/oss/oss-parent/4/oss-parent-4.pom (4.0 kB at 42 kB/s)
17:58:31.875 [Thread-12] DEBUG spoon.Launcher - [INFO] Downloading from google-maven-central: https://maven-central.storage-download.googleapis.com/maven2/com/google/appengine/appengine-jsr107cache/1.9.50/appengine-jsr107cache-1.9.50.pom
17:58:32.105 [Thread-12] DEBUG spoon.Launcher - [INFO] Downloaded from google-maven-central: https://maven-central.storage-download.googleapis.com/maven2/com/google/appengine/appengine-jsr107cache/1.9.50/appengine-jsr107cache-1.9.50.pom (607 B at 2.4 kB/s)
17:58:32.108 [Thread-12] DEBUG spoon.Launcher - [INFO] Downloading from google-maven-central: https://maven-central.storage-download.googleapis.com/maven2/net/sf/jsr107cache/jsr107cache/1.1/jsr107cache-1.1.pom
17:58:32.332 [Thread-12] DEBUG spoon.Launcher - [INFO] Downloaded from google-maven-central: https://maven-central.storage-download.googleapis.com/maven2/net/sf/jsr107cache/jsr107cache/1.1/jsr107cache-1.1.pom (2.6 kB at 11 kB/s)
17:58:32.335 [Thread-12] DEBUG spoon.Launcher - [INFO] Downloading from google-maven-central: https://maven-central.storage-download.googleapis.com/maven2/com/google/appengine/appengine-testing/1.9.50/appengine-testing-1.9.50.pom
17:58:32.573 [Thread-12] DEBUG spoon.Launcher - [INFO] Downloaded from google-maven-central: https://maven-central.storage-download.googleapis.com/maven2/com/google/appengine/appengine-testing/1.9.50/appengine-testing-1.9.50.pom (603 B at 2.5 kB/s)
17:58:32.576 [Thread-12] DEBUG spoon.Launcher - [INFO] Downloading from google-maven-central: https://maven-central.storage-download.googleapis.com/maven2/com/google/appengine/appengine-api-labs/1.9.50/appengine-api-labs-1.9.50.pom
17:58:32.817 [Thread-12] DEBUG spoon.Launcher - [INFO] Downloaded from google-maven-central: https://maven-central.storage-download.googleapis.com/maven2/com/google/appengine/appengine-api-labs/1.9.50/appengine-api-labs-1.9.50.pom (604 B at 2.5 kB/s)
17:58:32.820 [Thread-12] DEBUG spoon.Launcher - [INFO] Downloading from google-maven-central: https://maven-central.storage-download.googleapis.com/maven2/com/google/appengine/appengine-api-stubs/1.9.50/appengine-api-stubs-1.9.50.pom
17:58:33.029 [Thread-12] DEBUG spoon.Launcher - [INFO] Downloaded from google-maven-central: https://maven-central.storage-download.googleapis.com/maven2/com/google/appengine/appengine-api-stubs/1.9.50/appengine-api-stubs-1.9.50.pom (605 B at 2.9 kB/s)
17:58:33.035 [Thread-12] DEBUG spoon.Launcher - [INFO] Downloading from google-maven-central: https://maven-central.storage-download.googleapis.com/maven2/com/google/appengine/appengine-api-1.0-sdk/1.9.50/appengine-api-1.0-sdk-1.9.50.jar
17:58:33.038 [Thread-12] DEBUG spoon.Launcher - [INFO] Downloading from google-maven-central: https://maven-central.storage-download.googleapis.com/maven2/net/sf/jsr107cache/jsr107cache/1.1/jsr107cache-1.1.jar
17:58:33.038 [Thread-12] DEBUG spoon.Launcher - [INFO] Downloading from google-maven-central: https://maven-central.storage-download.googleapis.com/maven2/com/google/appengine/appengine-jsr107cache/1.9.50/appengine-jsr107cache-1.9.50.jar
17:58:33.040 [Thread-12] DEBUG spoon.Launcher - [INFO] Downloading from google-maven-central: https://maven-central.storage-download.googleapis.com/maven2/com/google/appengine/appengine-testing/1.9.50/appengine-testing-1.9.50.jar
17:58:33.042 [Thread-12] DEBUG spoon.Launcher - [INFO] Downloading from google-maven-central: https://maven-central.storage-download.googleapis.com/maven2/com/google/appengine/appengine-api-labs/1.9.50/appengine-api-labs-1.9.50.jar
17:58:33.195 [Thread-12] DEBUG spoon.Launcher - [INFO] Downloaded from google-maven-central: https://maven-central.storage-download.googleapis.com/maven2/com/google/appengine/appengine-jsr107cache/1.9.50/appengine-jsr107cache-1.9.50.jar (7.0 kB at 43 kB/s)
17:58:33.196 [Thread-12] DEBUG spoon.Launcher - [INFO] Downloading from google-maven-central: https://maven-central.storage-download.googleapis.com/maven2/com/google/appengine/appengine-api-stubs/1.9.50/appengine-api-stubs-1.9.50.jar
17:58:33.341 [Thread-12] DEBUG spoon.Launcher - [INFO] Downloaded from google-maven-central: https://maven-central.storage-download.googleapis.com/maven2/com/google/appengine/appengine-api-labs/1.9.50/appengine-api-labs-1.9.50.jar (2.7 MB at 8.9 MB/s)
17:58:33.365 [Thread-12] DEBUG spoon.Launcher - [INFO] Downloaded from google-maven-central: https://maven-central.storage-download.googleapis.com/maven2/net/sf/jsr107cache/jsr107cache/1.1/jsr107cache-1.1.jar (8.1 kB at 25 kB/s)
17:58:33.452 [Thread-12] DEBUG spoon.Launcher - [INFO] Downloaded from google-maven-central: https://maven-central.storage-download.googleapis.com/maven2/com/google/appengine/appengine-testing/1.9.50/appengine-testing-1.9.50.jar (6.2 MB at 15 MB/s)
17:58:33.592 [Thread-12] DEBUG spoon.Launcher - [INFO] Downloaded from google-maven-central: https://maven-central.storage-download.googleapis.com/maven2/com/google/appengine/appengine-api-stubs/1.9.50/appengine-api-stubs-1.9.50.jar (6.9 MB at 12 MB/s)
17:58:33.773 [Thread-12] DEBUG spoon.Launcher - [INFO] Downloaded from google-maven-central: https://maven-central.storage-download.googleapis.com/maven2/com/google/appengine/appengine-api-1.0-sdk/1.9.50/appengine-api-1.0-sdk-1.9.50.jar (18 MB at 24 MB/s)
17:58:33.777 [Thread-12] DEBUG spoon.Launcher - [INFO] 
17:58:33.778 [Thread-12] DEBUG spoon.Launcher - [INFO] --- maven-dependency-plugin:2.8:build-classpath (default-cli) @ pac4j-gae ---
17:58:33.782 [Thread-12] DEBUG spoon.Launcher - [INFO] Wrote classpath file '/home/travis/build/SpoonLabs/spoon-ci-external/spoon/src/test/resources/maven-launcher/pac4j/pac4j-gae/spoon.classpath.tmp'.
17:58:33.783 [Thread-12] DEBUG spoon.Launcher - [INFO] 
17:58:33.783 [Thread-12] DEBUG spoon.Launcher - [INFO] ------------------------< org.pac4j:pac4j-jwt >-------------------------
17:58:33.784 [Thread-12] DEBUG spoon.Launcher - [INFO] Building pac4j for JWT 3.0.0                                     [13/16]
17:58:33.785 [Thread-12] DEBUG spoon.Launcher - [INFO] --------------------------------[ jar ]---------------------------------
17:58:33.791 [Thread-12] DEBUG spoon.Launcher - [INFO] Downloading from google-maven-central: https://maven-central.storage-download.googleapis.com/maven2/org/bouncycastle/bcprov-jdk15on/1.56/bcprov-jdk15on-1.56.pom
17:58:33.963 [Thread-12] DEBUG spoon.Launcher - [INFO] Downloaded from google-maven-central: https://maven-central.storage-download.googleapis.com/maven2/org/bouncycastle/bcprov-jdk15on/1.56/bcprov-jdk15on-1.56.pom (1.2 kB at 6.7 kB/s)
17:58:33.969 [Thread-12] DEBUG spoon.Launcher - [INFO] Downloading from google-maven-central: https://maven-central.storage-download.googleapis.com/maven2/org/bouncycastle/bcprov-jdk15on/1.56/bcprov-jdk15on-1.56.jar
17:58:34.224 [Thread-12] DEBUG spoon.Launcher - [INFO] Downloaded from google-maven-central: https://maven-central.storage-download.googleapis.com/maven2/org/bouncycastle/bcprov-jdk15on/1.56/bcprov-jdk15on-1.56.jar (3.4 MB at 14 MB/s)
17:58:34.225 [Thread-12] DEBUG spoon.Launcher - [INFO] 
17:58:34.226 [Thread-12] DEBUG spoon.Launcher - [INFO] --- maven-dependency-plugin:2.8:build-classpath (default-cli) @ pac4j-jwt ---
17:58:34.230 [Thread-12] DEBUG spoon.Launcher - [INFO] Wrote classpath file '/home/travis/build/SpoonLabs/spoon-ci-external/spoon/src/test/resources/maven-launcher/pac4j/pac4j-jwt/spoon.classpath.tmp'.
17:58:34.231 [Thread-12] DEBUG spoon.Launcher - [INFO] 
17:58:34.231 [Thread-12] DEBUG spoon.Launcher - [INFO] -----------------------< org.pac4j:pac4j-mongo >------------------------
17:58:34.231 [Thread-12] DEBUG spoon.Launcher - [INFO] Building pac4j for MongoDB 3.0.0                                 [14/16]
17:58:34.231 [Thread-12] DEBUG spoon.Launcher - [INFO] --------------------------------[ jar ]---------------------------------
17:58:34.235 [Thread-12] DEBUG spoon.Launcher - [INFO] Downloading from google-maven-central: https://maven-central.storage-download.googleapis.com/maven2/org/mongodb/mongo-java-driver/3.4.2/mongo-java-driver-3.4.2.pom
17:58:34.340 [Thread-12] DEBUG spoon.Launcher - [INFO] Downloaded from google-maven-central: https://maven-central.storage-download.googleapis.com/maven2/org/mongodb/mongo-java-driver/3.4.2/mongo-java-driver-3.4.2.pom (2.1 kB at 20 kB/s)
17:58:34.344 [Thread-12] DEBUG spoon.Launcher - [INFO] Downloading from google-maven-central: https://maven-central.storage-download.googleapis.com/maven2/de/flapdoodle/embed/de.flapdoodle.embed.mongo/2.0.0/de.flapdoodle.embed.mongo-2.0.0.pom
17:58:34.351 [Thread-12] DEBUG spoon.Launcher - [INFO] Downloaded from google-maven-central: https://maven-central.storage-download.googleapis.com/maven2/de/flapdoodle/embed/de.flapdoodle.embed.mongo/2.0.0/de.flapdoodle.embed.mongo-2.0.0.pom (10 kB at 1.5 MB/s)
17:58:34.356 [Thread-12] DEBUG spoon.Launcher - [INFO] Downloading from google-maven-central: https://maven-central.storage-download.googleapis.com/maven2/de/flapdoodle/embed/de.flapdoodle.embed.process/2.0.1/de.flapdoodle.embed.process-2.0.1.pom
17:58:34.362 [Thread-12] DEBUG spoon.Launcher - [INFO] Downloaded from google-maven-central: https://maven-central.storage-download.googleapis.com/maven2/de/flapdoodle/embed/de.flapdoodle.embed.process/2.0.1/de.flapdoodle.embed.process-2.0.1.pom (13 kB at 1.6 MB/s)
17:58:34.376 [Thread-12] DEBUG spoon.Launcher - [INFO] Downloading from google-maven-central: https://maven-central.storage-download.googleapis.com/maven2/org/apache/commons/commons-lang3/3.1/commons-lang3-3.1.pom
17:58:34.382 [Thread-12] DEBUG spoon.Launcher - [INFO] Downloaded from google-maven-central: https://maven-central.storage-download.googleapis.com/maven2/org/apache/commons/commons-lang3/3.1/commons-lang3-3.1.pom (17 kB at 3.3 MB/s)
17:58:34.387 [Thread-12] DEBUG spoon.Launcher - [INFO] Downloading from google-maven-central: https://maven-central.storage-download.googleapis.com/maven2/net/java/dev/jna/jna/4.0.0/jna-4.0.0.pom
17:58:34.396 [Thread-12] DEBUG spoon.Launcher - [INFO] Downloaded from google-maven-central: https://maven-central.storage-download.googleapis.com/maven2/net/java/dev/jna/jna/4.0.0/jna-4.0.0.pom (1.3 kB at 142 kB/s)
17:58:34.400 [Thread-12] DEBUG spoon.Launcher - [INFO] Downloading from google-maven-central: https://maven-central.storage-download.googleapis.com/maven2/net/java/dev/jna/jna-platform/4.0.0/jna-platform-4.0.0.pom
17:58:34.406 [Thread-12] DEBUG spoon.Launcher - [INFO] Downloaded from google-maven-central: https://maven-central.storage-download.googleapis.com/maven2/net/java/dev/jna/jna-platform/4.0.0/jna-platform-4.0.0.pom (1.5 kB at 250 kB/s)
17:58:34.408 [Thread-12] DEBUG spoon.Launcher - [INFO] Downloading from google-maven-central: https://maven-central.storage-download.googleapis.com/maven2/org/apache/commons/commons-compress/1.10/commons-compress-1.10.pom
17:58:34.486 [Thread-12] DEBUG spoon.Launcher - [INFO] Downloaded from google-maven-central: https://maven-central.storage-download.googleapis.com/maven2/org/apache/commons/commons-compress/1.10/commons-compress-1.10.pom (13 kB at 161 kB/s)
17:58:34.503 [Thread-12] DEBUG spoon.Launcher - [INFO] Downloading from google-maven-central: https://maven-central.storage-download.googleapis.com/maven2/org/mongodb/mongo-java-driver/3.4.2/mongo-java-driver-3.4.2.jar
17:58:34.506 [Thread-12] DEBUG spoon.Launcher - [INFO] Downloading from google-maven-central: https://maven-central.storage-download.googleapis.com/maven2/de/flapdoodle/embed/de.flapdoodle.embed.process/2.0.1/de.flapdoodle.embed.process-2.0.1.jar
17:58:34.508 [Thread-12] DEBUG spoon.Launcher - [INFO] Downloading from google-maven-central: https://maven-central.storage-download.googleapis.com/maven2/org/apache/commons/commons-lang3/3.1/commons-lang3-3.1.jar
17:58:34.510 [Thread-12] DEBUG spoon.Launcher - [INFO] Downloading from google-maven-central: https://maven-central.storage-download.googleapis.com/maven2/de/flapdoodle/embed/de.flapdoodle.embed.mongo/2.0.0/de.flapdoodle.embed.mongo-2.0.0.jar
17:58:34.525 [Thread-12] DEBUG spoon.Launcher - [INFO] Downloading from google-maven-central: https://maven-central.storage-download.googleapis.com/maven2/net/java/dev/jna/jna/4.0.0/jna-4.0.0.jar
17:58:34.539 [Thread-12] DEBUG spoon.Launcher - [INFO] Downloaded from google-maven-central: https://maven-central.storage-download.googleapis.com/maven2/de/flapdoodle/embed/de.flapdoodle.embed.process/2.0.1/de.flapdoodle.embed.process-2.0.1.jar (158 kB at 6.9 MB/s)
17:58:34.540 [Thread-12] DEBUG spoon.Launcher - [INFO] Downloading from google-maven-central: https://maven-central.storage-download.googleapis.com/maven2/net/java/dev/jna/jna-platform/4.0.0/jna-platform-4.0.0.jar
17:58:34.541 [Thread-12] DEBUG spoon.Launcher - [INFO] Downloaded from google-maven-central: https://maven-central.storage-download.googleapis.com/maven2/de/flapdoodle/embed/de.flapdoodle.embed.mongo/2.0.0/de.flapdoodle.embed.mongo-2.0.0.jar (114 kB at 3.6 MB/s)
17:58:34.542 [Thread-12] DEBUG spoon.Launcher - [INFO] Downloading from google-maven-central: https://maven-central.storage-download.googleapis.com/maven2/org/apache/commons/commons-compress/1.10/commons-compress-1.10.jar
17:58:34.563 [Thread-12] DEBUG spoon.Launcher - [INFO] Downloaded from google-maven-central: https://maven-central.storage-download.googleapis.com/maven2/org/apache/commons/commons-lang3/3.1/commons-lang3-3.1.jar (316 kB at 5.6 MB/s)
17:58:34.593 [Thread-12] DEBUG spoon.Launcher - [INFO] Downloaded from google-maven-central: https://maven-central.storage-download.googleapis.com/maven2/org/apache/commons/commons-compress/1.10/commons-compress-1.10.jar (409 kB at 4.9 MB/s)
17:58:34.604 [Thread-12] DEBUG spoon.Launcher - [INFO] Downloaded from google-maven-central: https://maven-central.storage-download.googleapis.com/maven2/net/java/dev/jna/jna/4.0.0/jna-4.0.0.jar (915 kB at 9.5 MB/s)
17:58:34.609 [Thread-12] DEBUG spoon.Launcher - [INFO] Downloaded from google-maven-central: https://maven-central.storage-download.googleapis.com/maven2/net/java/dev/jna/jna-platform/4.0.0/jna-platform-4.0.0.jar (1.2 MB at 12 MB/s)
17:58:34.762 [Thread-12] DEBUG spoon.Launcher - [INFO] Downloaded from google-maven-central: https://maven-central.storage-download.googleapis.com/maven2/org/mongodb/mongo-java-driver/3.4.2/mongo-java-driver-3.4.2.jar (1.7 MB at 6.5 MB/s)
17:58:34.768 [Thread-12] DEBUG spoon.Launcher - [INFO] 
17:58:34.769 [Thread-12] DEBUG spoon.Launcher - [INFO] --- maven-dependency-plugin:2.8:build-classpath (default-cli) @ pac4j-mongo ---
17:58:34.824 [Thread-12] DEBUG spoon.Launcher - [INFO] Wrote classpath file '/home/travis/build/SpoonLabs/spoon-ci-external/spoon/src/test/resources/maven-launcher/pac4j/pac4j-mongo/spoon.classpath.tmp'.
17:58:34.826 [Thread-12] DEBUG spoon.Launcher - [INFO] 
17:58:34.829 [Thread-12] DEBUG spoon.Launcher - [INFO] -----------------------< org.pac4j:pac4j-couch >------------------------
17:58:34.831 [Thread-12] DEBUG spoon.Launcher - [INFO] Building pac4j for CouchDB 3.0.0                                 [15/16]
17:58:34.833 [Thread-12] DEBUG spoon.Launcher - [INFO] --------------------------------[ jar ]---------------------------------
17:58:34.854 [Thread-12] DEBUG spoon.Launcher - [INFO] Downloading from google-maven-central: https://maven-central.storage-download.googleapis.com/maven2/org/ektorp/org.ektorp/1.4.4/org.ektorp-1.4.4.pom
17:58:35.020 [Thread-12] DEBUG spoon.Launcher - [INFO] Downloaded from google-maven-central: https://maven-central.storage-download.googleapis.com/maven2/org/ektorp/org.ektorp/1.4.4/org.ektorp-1.4.4.pom (2.9 kB at 17 kB/s)
17:58:35.024 [Thread-12] DEBUG spoon.Launcher - [INFO] Downloading from google-maven-central: https://maven-central.storage-download.googleapis.com/maven2/org/ektorp/org.ektorp.parent/1.4.4/org.ektorp.parent-1.4.4.pom
17:58:35.292 [Thread-12] DEBUG spoon.Launcher - [INFO] Downloaded from google-maven-central: https://maven-central.storage-download.googleapis.com/maven2/org/ektorp/org.ektorp.parent/1.4.4/org.ektorp.parent-1.4.4.pom (14 kB at 51 kB/s)
17:58:35.300 [Thread-12] DEBUG spoon.Launcher - [INFO] Downloading from google-maven-central: https://maven-central.storage-download.googleapis.com/maven2/org/apache/httpcomponents/httpclient/4.3/httpclient-4.3.pom
17:58:35.489 [Thread-12] DEBUG spoon.Launcher - [INFO] Downloaded from google-maven-central: https://maven-central.storage-download.googleapis.com/maven2/org/apache/httpcomponents/httpclient/4.3/httpclient-4.3.pom (5.2 kB at 28 kB/s)
17:58:35.493 [Thread-12] DEBUG spoon.Launcher - [INFO] Downloading from google-maven-central: https://maven-central.storage-download.googleapis.com/maven2/org/apache/httpcomponents/httpcomponents-client/4.3/httpcomponents-client-4.3.pom
17:58:35.701 [Thread-12] DEBUG spoon.Launcher - [INFO] Downloaded from google-maven-central: https://maven-central.storage-download.googleapis.com/maven2/org/apache/httpcomponents/httpcomponents-client/4.3/httpcomponents-client-4.3.pom (15 kB at 74 kB/s)
17:58:35.707 [Thread-12] DEBUG spoon.Launcher - [INFO] Downloading from google-maven-central: https://maven-central.storage-download.googleapis.com/maven2/org/apache/httpcomponents/httpcore/4.3/httpcore-4.3.pom
17:58:35.713 [Thread-12] DEBUG spoon.Launcher - [INFO] Downloaded from google-maven-central: https://maven-central.storage-download.googleapis.com/maven2/org/apache/httpcomponents/httpcore/4.3/httpcore-4.3.pom (4.1 kB at 691 kB/s)
17:58:35.717 [Thread-12] DEBUG spoon.Launcher - [INFO] Downloading from google-maven-central: https://maven-central.storage-download.googleapis.com/maven2/org/apache/httpcomponents/httpcomponents-core/4.3/httpcomponents-core-4.3.pom
17:58:35.723 [Thread-12] DEBUG spoon.Launcher - [INFO] Downloaded from google-maven-central: https://maven-central.storage-download.googleapis.com/maven2/org/apache/httpcomponents/httpcomponents-core/4.3/httpcomponents-core-4.3.pom (12 kB at 1.7 MB/s)
17:58:35.727 [Thread-12] DEBUG spoon.Launcher - [INFO] Downloading from google-maven-central: https://maven-central.storage-download.googleapis.com/maven2/org/apache/httpcomponents/httpclient-cache/4.3/httpclient-cache-4.3.pom
17:58:35.921 [Thread-12] DEBUG spoon.Launcher - [INFO] Downloaded from google-maven-central: https://maven-central.storage-download.googleapis.com/maven2/org/apache/httpcomponents/httpclient-cache/4.3/httpclient-cache-4.3.pom (6.0 kB at 31 kB/s)
17:58:35.925 [Thread-12] DEBUG spoon.Launcher - [INFO] Downloading from google-maven-central: https://maven-central.storage-download.googleapis.com/maven2/commons-io/commons-io/2.0.1/commons-io-2.0.1.pom
17:58:35.930 [Thread-12] DEBUG spoon.Launcher - [INFO] Downloaded from google-maven-central: https://maven-central.storage-download.googleapis.com/maven2/commons-io/commons-io/2.0.1/commons-io-2.0.1.pom (9.0 kB at 1.5 MB/s)
17:58:35.934 [Thread-12] DEBUG spoon.Launcher - [INFO] Downloading from google-maven-central: https://maven-central.storage-download.googleapis.com/maven2/org/apache/commons/commons-parent/15/commons-parent-15.pom
17:58:35.965 [Thread-12] DEBUG spoon.Launcher - [INFO] Downloaded from google-maven-central: https://maven-central.storage-download.googleapis.com/maven2/org/apache/commons/commons-parent/15/commons-parent-15.pom (32 kB at 1.1 MB/s)
17:58:35.970 [Thread-12] DEBUG spoon.Launcher - [INFO] Downloading from google-maven-central: https://maven-central.storage-download.googleapis.com/maven2/com/fasterxml/jackson/core/jackson-annotations/2.3.3/jackson-annotations-2.3.3.pom
17:58:36.078 [Thread-12] DEBUG spoon.Launcher - [INFO] Downloaded from google-maven-central: https://maven-central.storage-download.googleapis.com/maven2/com/fasterxml/jackson/core/jackson-annotations/2.3.3/jackson-annotations-2.3.3.pom (1.7 kB at 16 kB/s)
17:58:36.082 [Thread-12] DEBUG spoon.Launcher - [INFO] Downloading from google-maven-central: https://maven-central.storage-download.googleapis.com/maven2/com/fasterxml/jackson/core/jackson-core/2.3.3/jackson-core-2.3.3.pom
17:58:36.147 [Thread-12] DEBUG spoon.Launcher - [INFO] Downloaded from google-maven-central: https://maven-central.storage-download.googleapis.com/maven2/com/fasterxml/jackson/core/jackson-core/2.3.3/jackson-core-2.3.3.pom (6.0 kB at 92 kB/s)
17:58:36.151 [Thread-12] DEBUG spoon.Launcher - [INFO] Downloading from google-maven-central: https://maven-central.storage-download.googleapis.com/maven2/net/sourceforge/findbugs/annotations/1.3.2/annotations-1.3.2.pom
17:58:36.277 [Thread-12] DEBUG spoon.Launcher - [INFO] Downloaded from google-maven-central: https://maven-central.storage-download.googleapis.com/maven2/net/sourceforge/findbugs/annotations/1.3.2/annotations-1.3.2.pom (764 B at 6.1 kB/s)
17:58:36.280 [Thread-12] DEBUG spoon.Launcher - [INFO] Downloading from google-maven-central: https://maven-central.storage-download.googleapis.com/maven2/com/fasterxml/jackson/core/jackson-databind/2.3.3/jackson-databind-2.3.3.pom
17:58:36.462 [Thread-12] DEBUG spoon.Launcher - [INFO] Downloaded from google-maven-central: https://maven-central.storage-download.googleapis.com/maven2/com/fasterxml/jackson/core/jackson-databind/2.3.3/jackson-databind-2.3.3.pom (5.9 kB at 33 kB/s)
17:58:36.466 [Thread-12] DEBUG spoon.Launcher - [INFO] Downloading from google-maven-central: https://maven-central.storage-download.googleapis.com/maven2/io/bdrc/mcouch-ektorp/1.0.0/mcouch-ektorp-1.0.0.pom
17:58:36.938 [Thread-12] DEBUG spoon.Launcher - [INFO] Downloaded from google-maven-central: https://maven-central.storage-download.googleapis.com/maven2/io/bdrc/mcouch-ektorp/1.0.0/mcouch-ektorp-1.0.0.pom (1.3 kB at 2.8 kB/s)
17:58:36.941 [Thread-12] DEBUG spoon.Launcher - [INFO] Downloading from google-maven-central: https://maven-central.storage-download.googleapis.com/maven2/io/bdrc/mcouch/1.0.0/mcouch-1.0.0.pom
17:58:37.181 [Thread-12] DEBUG spoon.Launcher - [INFO] Downloaded from google-maven-central: https://maven-central.storage-download.googleapis.com/maven2/io/bdrc/mcouch/1.0.0/mcouch-1.0.0.pom (4.6 kB at 19 kB/s)
17:58:37.184 [Thread-12] DEBUG spoon.Launcher - [INFO] Downloading from google-maven-central: https://maven-central.storage-download.googleapis.com/maven2/io/bdrc/mcouch-core/1.0.0/mcouch-core-1.0.0.pom
17:58:37.430 [Thread-12] DEBUG spoon.Launcher - [INFO] Downloaded from google-maven-central: https://maven-central.storage-download.googleapis.com/maven2/io/bdrc/mcouch-core/1.0.0/mcouch-core-1.0.0.pom (1.3 kB at 5.3 kB/s)
17:58:37.436 [Thread-12] DEBUG spoon.Launcher - [INFO] Downloading from google-maven-central: https://maven-central.storage-download.googleapis.com/maven2/org/codehaus/jackson/jackson-mapper-asl/1.9.13/jackson-mapper-asl-1.9.13.pom
17:58:37.441 [Thread-12] DEBUG spoon.Launcher - [INFO] Downloaded from google-maven-central: https://maven-central.storage-download.googleapis.com/maven2/org/codehaus/jackson/jackson-mapper-asl/1.9.13/jackson-mapper-asl-1.9.13.pom (1.5 kB at 301 kB/s)
17:58:37.444 [Thread-12] DEBUG spoon.Launcher - [INFO] Downloading from google-maven-central: https://maven-central.storage-download.googleapis.com/maven2/org/codehaus/jackson/jackson-core-asl/1.9.13/jackson-core-asl-1.9.13.pom
17:58:37.454 [Thread-12] DEBUG spoon.Launcher - [INFO] Downloaded from google-maven-central: https://maven-central.storage-download.googleapis.com/maven2/org/codehaus/jackson/jackson-core-asl/1.9.13/jackson-core-asl-1.9.13.pom (1.3 kB at 160 kB/s)
17:58:37.457 [Thread-12] DEBUG spoon.Launcher - [INFO] Downloading from google-maven-central: https://maven-central.storage-download.googleapis.com/maven2/org/mozilla/rhino/1.7.7.1/rhino-1.7.7.1.pom
17:58:37.532 [Thread-12] DEBUG spoon.Launcher - [INFO] Downloaded from google-maven-central: https://maven-central.storage-download.googleapis.com/maven2/org/mozilla/rhino/1.7.7.1/rhino-1.7.7.1.pom (1.3 kB at 18 kB/s)
17:58:37.534 [Thread-12] DEBUG spoon.Launcher - [INFO] Downloading from google-maven-central: https://maven-central.storage-download.googleapis.com/maven2/org/apache/httpcomponents/httpclient/4.5.3/httpclient-4.5.3.pom
17:58:37.593 [Thread-12] DEBUG spoon.Launcher - [INFO] Downloaded from google-maven-central: https://maven-central.storage-download.googleapis.com/maven2/org/apache/httpcomponents/httpclient/4.5.3/httpclient-4.5.3.pom (6.4 kB at 108 kB/s)
17:58:37.596 [Thread-12] DEBUG spoon.Launcher - [INFO] Downloading from google-maven-central: https://maven-central.storage-download.googleapis.com/maven2/org/apache/httpcomponents/httpcomponents-client/4.5.3/httpcomponents-client-4.5.3.pom
17:58:37.671 [Thread-12] DEBUG spoon.Launcher - [INFO] Downloaded from google-maven-central: https://maven-central.storage-download.googleapis.com/maven2/org/apache/httpcomponents/httpcomponents-client/4.5.3/httpcomponents-client-4.5.3.pom (16 kB at 212 kB/s)
17:58:37.675 [Thread-12] DEBUG spoon.Launcher - [INFO] Downloading from google-maven-central: https://maven-central.storage-download.googleapis.com/maven2/org/apache/httpcomponents/httpcore/4.4.6/httpcore-4.4.6.pom
17:58:37.776 [Thread-12] DEBUG spoon.Launcher - [INFO] Downloaded from google-maven-central: https://maven-central.storage-download.googleapis.com/maven2/org/apache/httpcomponents/httpcore/4.4.6/httpcore-4.4.6.pom (5.1 kB at 51 kB/s)
17:58:37.779 [Thread-12] DEBUG spoon.Launcher - [INFO] Downloading from google-maven-central: https://maven-central.storage-download.googleapis.com/maven2/org/apache/httpcomponents/httpcomponents-core/4.4.6/httpcomponents-core-4.4.6.pom
17:58:37.854 [Thread-12] DEBUG spoon.Launcher - [INFO] Downloaded from google-maven-central: https://maven-central.storage-download.googleapis.com/maven2/org/apache/httpcomponents/httpcomponents-core/4.4.6/httpcomponents-core-4.4.6.pom (13 kB at 180 kB/s)
17:58:37.857 [Thread-12] DEBUG spoon.Launcher - [INFO] Downloading from google-maven-central: https://maven-central.storage-download.googleapis.com/maven2/org/springframework/spring-core/4.3.8.RELEASE/spring-core-4.3.8.RELEASE.pom
17:58:38.123 [Thread-12] DEBUG spoon.Launcher - [INFO] Downloaded from google-maven-central: https://maven-central.storage-download.googleapis.com/maven2/org/springframework/spring-core/4.3.8.RELEASE/spring-core-4.3.8.RELEASE.pom (2.5 kB at 9.3 kB/s)
17:58:38.127 [Thread-12] DEBUG spoon.Launcher - [INFO] Downloading from google-maven-central: https://maven-central.storage-download.googleapis.com/maven2/org/ektorp/org.ektorp.spring/1.4.4/org.ektorp.spring-1.4.4.pom
17:58:38.354 [Thread-12] DEBUG spoon.Launcher - [INFO] Downloaded from google-maven-central: https://maven-central.storage-download.googleapis.com/maven2/org/ektorp/org.ektorp.spring/1.4.4/org.ektorp.spring-1.4.4.pom (1.9 kB at 8.2 kB/s)
17:58:38.358 [Thread-12] DEBUG spoon.Launcher - [INFO] Downloading from google-maven-central: https://maven-central.storage-download.googleapis.com/maven2/org/springframework/spring-context/3.1.1.RELEASE/spring-context-3.1.1.RELEASE.pom
17:58:38.529 [Thread-12] DEBUG spoon.Launcher - [INFO] Downloaded from google-maven-central: https://maven-central.storage-download.googleapis.com/maven2/org/springframework/spring-context/3.1.1.RELEASE/spring-context-3.1.1.RELEASE.pom (8.7 kB at 51 kB/s)
17:58:38.533 [Thread-12] DEBUG spoon.Launcher - [INFO] Downloading from google-maven-central: https://maven-central.storage-download.googleapis.com/maven2/org/springframework/spring-parent/3.1.1.RELEASE/spring-parent-3.1.1.RELEASE.pom
17:58:38.697 [Thread-12] DEBUG spoon.Launcher - [INFO] Downloaded from google-maven-central: https://maven-central.storage-download.googleapis.com/maven2/org/springframework/spring-parent/3.1.1.RELEASE/spring-parent-3.1.1.RELEASE.pom (8.7 kB at 53 kB/s)
17:58:38.722 [Thread-12] DEBUG spoon.Launcher - [INFO] Downloading from google-maven-central: https://maven-central.storage-download.googleapis.com/maven2/org/springframework/spring-aop/3.1.1.RELEASE/spring-aop-3.1.1.RELEASE.pom
17:58:38.960 [Thread-12] DEBUG spoon.Launcher - [INFO] Downloaded from google-maven-central: https://maven-central.storage-download.googleapis.com/maven2/org/springframework/spring-aop/3.1.1.RELEASE/spring-aop-3.1.1.RELEASE.pom (2.8 kB at 12 kB/s)
17:58:38.963 [Thread-12] DEBUG spoon.Launcher - [INFO] Downloading from google-maven-central: https://maven-central.storage-download.googleapis.com/maven2/org/springframework/spring-asm/3.1.1.RELEASE/spring-asm-3.1.1.RELEASE.pom
17:58:39.117 [Thread-12] DEBUG spoon.Launcher - [INFO] Downloaded from google-maven-central: https://maven-central.storage-download.googleapis.com/maven2/org/springframework/spring-asm/3.1.1.RELEASE/spring-asm-3.1.1.RELEASE.pom (2.5 kB at 16 kB/s)
17:58:39.122 [Thread-12] DEBUG spoon.Launcher - [INFO] Downloading from google-maven-central: https://maven-central.storage-download.googleapis.com/maven2/org/springframework/spring-beans/3.1.1.RELEASE/spring-beans-3.1.1.RELEASE.pom
17:58:39.289 [Thread-12] DEBUG spoon.Launcher - [INFO] Downloaded from google-maven-central: https://maven-central.storage-download.googleapis.com/maven2/org/springframework/spring-beans/3.1.1.RELEASE/spring-beans-3.1.1.RELEASE.pom (2.6 kB at 15 kB/s)
17:58:39.293 [Thread-12] DEBUG spoon.Launcher - [INFO] Downloading from google-maven-central: https://maven-central.storage-download.googleapis.com/maven2/org/springframework/spring-core/3.1.1.RELEASE/spring-core-3.1.1.RELEASE.pom
17:58:39.478 [Thread-12] DEBUG spoon.Launcher - [INFO] Downloaded from google-maven-central: https://maven-central.storage-download.googleapis.com/maven2/org/springframework/spring-core/3.1.1.RELEASE/spring-core-3.1.1.RELEASE.pom (2.6 kB at 14 kB/s)
17:58:39.482 [Thread-12] DEBUG spoon.Launcher - [INFO] Downloading from google-maven-central: https://maven-central.storage-download.googleapis.com/maven2/org/springframework/spring-expression/3.1.1.RELEASE/spring-expression-3.1.1.RELEASE.pom
17:58:39.737 [Thread-12] DEBUG spoon.Launcher - [INFO] Downloaded from google-maven-central: https://maven-central.storage-download.googleapis.com/maven2/org/springframework/spring-expression/3.1.1.RELEASE/spring-expression-3.1.1.RELEASE.pom (1.8 kB at 7.0 kB/s)
17:58:39.739 [Thread-12] DEBUG spoon.Launcher - [INFO] Downloading from google-maven-central: https://maven-central.storage-download.googleapis.com/maven2/org/aspectj/aspectjweaver/1.6.9/aspectjweaver-1.6.9.pom
17:58:39.947 [Thread-12] DEBUG spoon.Launcher - [INFO] Downloaded from google-maven-central: https://maven-central.storage-download.googleapis.com/maven2/org/aspectj/aspectjweaver/1.6.9/aspectjweaver-1.6.9.pom (908 B at 4.4 kB/s)
17:58:39.956 [Thread-12] DEBUG spoon.Launcher - [INFO] Downloading from google-maven-central: https://maven-central.storage-download.googleapis.com/maven2/org/ektorp/org.ektorp/1.4.4/org.ektorp-1.4.4.jar
17:58:39.958 [Thread-12] DEBUG spoon.Launcher - [INFO] Downloading from google-maven-central: https://maven-central.storage-download.googleapis.com/maven2/org/apache/httpcomponents/httpclient/4.3/httpclient-4.3.jar
17:58:39.960 [Thread-12] DEBUG spoon.Launcher - [INFO] Downloading from google-maven-central: https://maven-central.storage-download.googleapis.com/maven2/org/apache/httpcomponents/httpclient-cache/4.3/httpclient-cache-4.3.jar
17:58:39.962 [Thread-12] DEBUG spoon.Launcher - [INFO] Downloading from google-maven-central: https://maven-central.storage-download.googleapis.com/maven2/org/apache/httpcomponents/httpcore/4.3/httpcore-4.3.jar
17:58:39.964 [Thread-12] DEBUG spoon.Launcher - [INFO] Downloading from google-maven-central: https://maven-central.storage-download.googleapis.com/maven2/commons-io/commons-io/2.0.1/commons-io-2.0.1.jar
17:58:40.036 [Thread-12] DEBUG spoon.Launcher - [INFO] Downloaded from google-maven-central: https://maven-central.storage-download.googleapis.com/maven2/commons-io/commons-io/2.0.1/commons-io-2.0.1.jar (160 kB at 2.0 MB/s)
17:58:40.036 [Thread-12] DEBUG spoon.Launcher - [INFO] Downloading from google-maven-central: https://maven-central.storage-download.googleapis.com/maven2/com/fasterxml/jackson/core/jackson-annotations/2.3.3/jackson-annotations-2.3.3.jar
17:58:40.139 [Thread-12] DEBUG spoon.Launcher - [INFO] Downloaded from google-maven-central: https://maven-central.storage-download.googleapis.com/maven2/com/fasterxml/jackson/core/jackson-annotations/2.3.3/jackson-annotations-2.3.3.jar (37 kB at 203 kB/s)
17:58:40.139 [Thread-12] DEBUG spoon.Launcher - [INFO] Downloading from google-maven-central: https://maven-central.storage-download.googleapis.com/maven2/com/fasterxml/jackson/core/jackson-core/2.3.3/jackson-core-2.3.3.jar
17:58:40.142 [Thread-12] DEBUG spoon.Launcher - [INFO] Downloaded from google-maven-central: https://maven-central.storage-download.googleapis.com/maven2/org/apache/httpcomponents/httpcore/4.3/httpcore-4.3.jar (282 kB at 1.5 MB/s)
17:58:40.142 [Thread-12] DEBUG spoon.Launcher - [INFO] Downloading from google-maven-central: https://maven-central.storage-download.googleapis.com/maven2/net/sourceforge/findbugs/annotations/1.3.2/annotations-1.3.2.jar
17:58:40.174 [Thread-12] DEBUG spoon.Launcher - [INFO] Downloaded from google-maven-central: https://maven-central.storage-download.googleapis.com/maven2/org/apache/httpcomponents/httpclient-cache/4.3/httpclient-cache-4.3.jar (148 kB at 687 kB/s)
17:58:40.174 [Thread-12] DEBUG spoon.Launcher - [INFO] Downloading from google-maven-central: https://maven-central.storage-download.googleapis.com/maven2/com/fasterxml/jackson/core/jackson-databind/2.3.3/jackson-databind-2.3.3.jar
17:58:40.223 [Thread-12] DEBUG spoon.Launcher - [INFO] Downloaded from google-maven-central: https://maven-central.storage-download.googleapis.com/maven2/com/fasterxml/jackson/core/jackson-core/2.3.3/jackson-core-2.3.3.jar (200 kB at 753 kB/s)
17:58:40.224 [Thread-12] DEBUG spoon.Launcher - [INFO] Downloading from google-maven-central: https://maven-central.storage-download.googleapis.com/maven2/io/bdrc/mcouch-ektorp/1.0.0/mcouch-ektorp-1.0.0.jar
17:58:40.229 [Thread-12] DEBUG spoon.Launcher - [INFO] Downloaded from google-maven-central: https://maven-central.storage-download.googleapis.com/maven2/org/apache/httpcomponents/httpclient/4.3/httpclient-4.3.jar (585 kB at 2.1 MB/s)
17:58:40.229 [Thread-12] DEBUG spoon.Launcher - [INFO] Downloading from google-maven-central: https://maven-central.storage-download.googleapis.com/maven2/io/bdrc/mcouch-core/1.0.0/mcouch-core-1.0.0.jar
17:58:40.245 [Thread-12] DEBUG spoon.Launcher - [INFO] Downloaded from google-maven-central: https://maven-central.storage-download.googleapis.com/maven2/org/ektorp/org.ektorp/1.4.4/org.ektorp-1.4.4.jar (294 kB at 1.0 MB/s)
17:58:40.245 [Thread-12] DEBUG spoon.Launcher - [INFO] Downloading from google-maven-central: https://maven-central.storage-download.googleapis.com/maven2/org/codehaus/jackson/jackson-mapper-asl/1.9.13/jackson-mapper-asl-1.9.13.jar
17:58:40.264 [Thread-12] DEBUG spoon.Launcher - [INFO] Downloaded from google-maven-central: https://maven-central.storage-download.googleapis.com/maven2/org/codehaus/jackson/jackson-mapper-asl/1.9.13/jackson-mapper-asl-1.9.13.jar (781 kB at 2.6 MB/s)
17:58:40.264 [Thread-12] DEBUG spoon.Launcher - [INFO] Downloading from google-maven-central: https://maven-central.storage-download.googleapis.com/maven2/org/codehaus/jackson/jackson-core-asl/1.9.13/jackson-core-asl-1.9.13.jar
17:58:40.331 [Thread-12] DEBUG spoon.Launcher - [INFO] Downloaded from google-maven-central: https://maven-central.storage-download.googleapis.com/maven2/com/fasterxml/jackson/core/jackson-databind/2.3.3/jackson-databind-2.3.3.jar (915 kB at 2.5 MB/s)
17:58:40.332 [Thread-12] DEBUG spoon.Launcher - [INFO] Downloading from google-maven-central: https://maven-central.storage-download.googleapis.com/maven2/org/mozilla/rhino/1.7.7.1/rhino-1.7.7.1.jar
17:58:40.350 [Thread-12] DEBUG spoon.Launcher - [INFO] Downloaded from google-maven-central: https://maven-central.storage-download.googleapis.com/maven2/net/sourceforge/findbugs/annotations/1.3.2/annotations-1.3.2.jar (12 kB at 30 kB/s)
17:58:40.350 [Thread-12] DEBUG spoon.Launcher - [INFO] Downloading from google-maven-central: https://maven-central.storage-download.googleapis.com/maven2/org/ektorp/org.ektorp.spring/1.4.4/org.ektorp.spring-1.4.4.jar
17:58:40.366 [Thread-12] DEBUG spoon.Launcher - [INFO] Downloaded from google-maven-central: https://maven-central.storage-download.googleapis.com/maven2/org/codehaus/jackson/jackson-core-asl/1.9.13/jackson-core-asl-1.9.13.jar (232 kB at 569 kB/s)
17:58:40.367 [Thread-12] DEBUG spoon.Launcher - [INFO] Downloading from google-maven-central: https://maven-central.storage-download.googleapis.com/maven2/org/springframework/spring-context/3.1.1.RELEASE/spring-context-3.1.1.RELEASE.jar
17:58:40.479 [Thread-12] DEBUG spoon.Launcher - [INFO] Downloaded from google-maven-central: https://maven-central.storage-download.googleapis.com/maven2/io/bdrc/mcouch-core/1.0.0/mcouch-core-1.0.0.jar (56 kB at 108 kB/s)
17:58:40.479 [Thread-12] DEBUG spoon.Launcher - [INFO] Downloading from google-maven-central: https://maven-central.storage-download.googleapis.com/maven2/org/springframework/spring-aop/3.1.1.RELEASE/spring-aop-3.1.1.RELEASE.jar
17:58:40.481 [Thread-12] DEBUG spoon.Launcher - [INFO] Downloaded from google-maven-central: https://maven-central.storage-download.googleapis.com/maven2/org/mozilla/rhino/1.7.7.1/rhino-1.7.7.1.jar (1.3 MB at 2.4 MB/s)
17:58:40.482 [Thread-12] DEBUG spoon.Launcher - [INFO] Downloading from google-maven-central: https://maven-central.storage-download.googleapis.com/maven2/org/springframework/spring-beans/3.1.1.RELEASE/spring-beans-3.1.1.RELEASE.jar
17:58:40.485 [Thread-12] DEBUG spoon.Launcher - [INFO] Downloaded from google-maven-central: https://maven-central.storage-download.googleapis.com/maven2/io/bdrc/mcouch-ektorp/1.0.0/mcouch-ektorp-1.0.0.jar (2.4 kB at 4.6 kB/s)
17:58:40.485 [Thread-12] DEBUG spoon.Launcher - [INFO] Downloading from google-maven-central: https://maven-central.storage-download.googleapis.com/maven2/org/springframework/spring-expression/3.1.1.RELEASE/spring-expression-3.1.1.RELEASE.jar
17:58:40.587 [Thread-12] DEBUG spoon.Launcher - [INFO] Downloaded from google-maven-central: https://maven-central.storage-download.googleapis.com/maven2/org/ektorp/org.ektorp.spring/1.4.4/org.ektorp.spring-1.4.4.jar (16 kB at 25 kB/s)
17:58:40.588 [Thread-12] DEBUG spoon.Launcher - [INFO] Downloading from google-maven-central: https://maven-central.storage-download.googleapis.com/maven2/org/springframework/spring-asm/3.1.1.RELEASE/spring-asm-3.1.1.RELEASE.jar
17:58:40.623 [Thread-12] DEBUG spoon.Launcher - [INFO] Downloaded from google-maven-central: https://maven-central.storage-download.googleapis.com/maven2/org/springframework/spring-expression/3.1.1.RELEASE/spring-expression-3.1.1.RELEASE.jar (176 kB at 265 kB/s)
17:58:40.624 [Thread-12] DEBUG spoon.Launcher - [INFO] Downloading from google-maven-central: https://maven-central.storage-download.googleapis.com/maven2/org/aspectj/aspectjweaver/1.6.9/aspectjweaver-1.6.9.jar
17:58:40.656 [Thread-12] DEBUG spoon.Launcher - [INFO] Downloaded from google-maven-central: https://maven-central.storage-download.googleapis.com/maven2/org/springframework/spring-beans/3.1.1.RELEASE/spring-beans-3.1.1.RELEASE.jar (590 kB at 845 kB/s)
17:58:40.657 [Thread-12] DEBUG spoon.Launcher - [INFO] Downloading from google-maven-central: https://maven-central.storage-download.googleapis.com/maven2/org/springframework/spring-core/4.3.8.RELEASE/spring-core-4.3.8.RELEASE.jar
17:58:40.691 [Thread-12] DEBUG spoon.Launcher - [INFO] Downloaded from google-maven-central: https://maven-central.storage-download.googleapis.com/maven2/org/springframework/spring-context/3.1.1.RELEASE/spring-context-3.1.1.RELEASE.jar (831 kB at 1.1 MB/s)
17:58:40.730 [Thread-12] DEBUG spoon.Launcher - [INFO] Downloaded from google-maven-central: https://maven-central.storage-download.googleapis.com/maven2/org/springframework/spring-aop/3.1.1.RELEASE/spring-aop-3.1.1.RELEASE.jar (331 kB at 430 kB/s)
17:58:40.797 [Thread-12] DEBUG spoon.Launcher - [INFO] Downloaded from google-maven-central: https://maven-central.storage-download.googleapis.com/maven2/org/springframework/spring-asm/3.1.1.RELEASE/spring-asm-3.1.1.RELEASE.jar (53 kB at 63 kB/s)
17:58:40.902 [Thread-12] DEBUG spoon.Launcher - [INFO] Downloaded from google-maven-central: https://maven-central.storage-download.googleapis.com/maven2/org/springframework/spring-core/4.3.8.RELEASE/spring-core-4.3.8.RELEASE.jar (1.1 MB at 1.2 MB/s)
17:58:40.934 [Thread-12] DEBUG spoon.Launcher - [INFO] Downloaded from google-maven-central: https://maven-central.storage-download.googleapis.com/maven2/org/aspectj/aspectjweaver/1.6.9/aspectjweaver-1.6.9.jar (1.7 MB at 1.7 MB/s)
17:58:40.947 [Thread-12] DEBUG spoon.Launcher - [INFO] 
17:58:40.948 [Thread-12] DEBUG spoon.Launcher - [INFO] --- maven-dependency-plugin:2.8:build-classpath (default-cli) @ pac4j-couch ---
17:58:40.952 [Thread-12] DEBUG spoon.Launcher - [INFO] Wrote classpath file '/home/travis/build/SpoonLabs/spoon-ci-external/spoon/src/test/resources/maven-launcher/pac4j/pac4j-couch/spoon.classpath.tmp'.
17:58:40.953 [Thread-12] DEBUG spoon.Launcher - [INFO] 
17:58:40.954 [Thread-12] DEBUG spoon.Launcher - [INFO] ----------------------< org.pac4j:pac4j-kerberos >----------------------
17:58:40.954 [Thread-12] DEBUG spoon.Launcher - [INFO] Building pac4j for Kerberos 3.0.0                                [16/16]
17:58:40.955 [Thread-12] DEBUG spoon.Launcher - [INFO] --------------------------------[ jar ]---------------------------------
17:58:40.959 [Thread-12] DEBUG spoon.Launcher - [INFO] Downloading from google-maven-central: https://maven-central.storage-download.googleapis.com/maven2/org/apache/kerby/kerby-kdc/1.0.0/kerby-kdc-1.0.0.pom
17:58:41.163 [Thread-12] DEBUG spoon.Launcher - [INFO] Downloaded from google-maven-central: https://maven-central.storage-download.googleapis.com/maven2/org/apache/kerby/kerby-kdc/1.0.0/kerby-kdc-1.0.0.pom (2.3 kB at 11 kB/s)
17:58:41.165 [Thread-12] DEBUG spoon.Launcher - [INFO] Downloading from google-maven-central: https://maven-central.storage-download.googleapis.com/maven2/org/apache/kerby/kerby-all/1.0.0/kerby-all-1.0.0.pom
17:58:41.319 [Thread-12] DEBUG spoon.Launcher - [INFO] Downloaded from google-maven-central: https://maven-central.storage-download.googleapis.com/maven2/org/apache/kerby/kerby-all/1.0.0/kerby-all-1.0.0.pom (15 kB at 98 kB/s)
17:58:41.322 [Thread-12] DEBUG spoon.Launcher - [INFO] Downloading from google-maven-central: https://maven-central.storage-download.googleapis.com/maven2/org/apache/kerby/kerb-server-api-all/1.0.0/kerb-server-api-all-1.0.0.pom
17:58:41.659 [Thread-12] DEBUG spoon.Launcher - [INFO] Downloaded from google-maven-central: https://maven-central.storage-download.googleapis.com/maven2/org/apache/kerby/kerb-server-api-all/1.0.0/kerb-server-api-all-1.0.0.pom (2.3 kB at 6.8 kB/s)
17:58:41.661 [Thread-12] DEBUG spoon.Launcher - [INFO] Downloading from google-maven-central: https://maven-central.storage-download.googleapis.com/maven2/org/apache/kerby/kerby-kerb/1.0.0/kerby-kerb-1.0.0.pom
17:58:41.942 [Thread-12] DEBUG spoon.Launcher - [INFO] Downloaded from google-maven-central: https://maven-central.storage-download.googleapis.com/maven2/org/apache/kerby/kerby-kerb/1.0.0/kerby-kerb-1.0.0.pom (1.7 kB at 5.9 kB/s)
17:58:41.944 [Thread-12] DEBUG spoon.Launcher - [INFO] Downloading from google-maven-central: https://maven-central.storage-download.googleapis.com/maven2/org/apache/kerby/kerb-admin/1.0.0/kerb-admin-1.0.0.pom
17:58:42.062 [Thread-12] DEBUG spoon.Launcher - [INFO] Downloaded from google-maven-central: https://maven-central.storage-download.googleapis.com/maven2/org/apache/kerby/kerb-admin/1.0.0/kerb-admin-1.0.0.pom (1.7 kB at 14 kB/s)
17:58:42.064 [Thread-12] DEBUG spoon.Launcher - [INFO] Downloading from google-maven-central: https://maven-central.storage-download.googleapis.com/maven2/org/apache/kerby/kerb-server/1.0.0/kerb-server-1.0.0.pom
17:58:42.310 [Thread-12] DEBUG spoon.Launcher - [INFO] Downloaded from google-maven-central: https://maven-central.storage-download.googleapis.com/maven2/org/apache/kerby/kerb-server/1.0.0/kerb-server-1.0.0.pom (1.7 kB at 6.8 kB/s)
17:58:42.313 [Thread-12] DEBUG spoon.Launcher - [INFO] Downloading from google-maven-central: https://maven-central.storage-download.googleapis.com/maven2/org/apache/kerby/kerb-common/1.0.0/kerb-common-1.0.0.pom
17:58:42.484 [Thread-12] DEBUG spoon.Launcher - [INFO] Downloaded from google-maven-central: https://maven-central.storage-download.googleapis.com/maven2/org/apache/kerby/kerb-common/1.0.0/kerb-common-1.0.0.pom (1.7 kB at 10.0 kB/s)
17:58:42.487 [Thread-12] DEBUG spoon.Launcher - [INFO] Downloading from google-maven-central: https://maven-central.storage-download.googleapis.com/maven2/org/apache/kerby/kerby-config/1.0.0/kerby-config-1.0.0.pom
17:58:42.719 [Thread-12] DEBUG spoon.Launcher - [INFO] Downloaded from google-maven-central: https://maven-central.storage-download.googleapis.com/maven2/org/apache/kerby/kerby-config/1.0.0/kerby-config-1.0.0.pom (1.5 kB at 6.5 kB/s)
17:58:42.722 [Thread-12] DEBUG spoon.Launcher - [INFO] Downloading from google-maven-central: https://maven-central.storage-download.googleapis.com/maven2/org/apache/kerby/kerby-common/1.0.0/kerby-common-1.0.0.pom
17:58:42.893 [Thread-12] DEBUG spoon.Launcher - [INFO] Downloaded from google-maven-central: https://maven-central.storage-download.googleapis.com/maven2/org/apache/kerby/kerby-common/1.0.0/kerby-common-1.0.0.pom (1.3 kB at 7.3 kB/s)
17:58:42.897 [Thread-12] DEBUG spoon.Launcher - [INFO] Downloading from google-maven-central: https://maven-central.storage-download.googleapis.com/maven2/org/apache/kerby/kerb-crypto/1.0.0/kerb-crypto-1.0.0.pom
17:58:43.127 [Thread-12] DEBUG spoon.Launcher - [INFO] Downloaded from google-maven-central: https://maven-central.storage-download.googleapis.com/maven2/org/apache/kerby/kerb-crypto/1.0.0/kerb-crypto-1.0.0.pom (1.5 kB at 6.5 kB/s)
17:58:43.131 [Thread-12] DEBUG spoon.Launcher - [INFO] Downloading from google-maven-central: https://maven-central.storage-download.googleapis.com/maven2/org/apache/kerby/kerby-util/1.0.0/kerby-util-1.0.0.pom
17:58:43.310 [Thread-12] DEBUG spoon.Launcher - [INFO] Downloaded from google-maven-central: https://maven-central.storage-download.googleapis.com/maven2/org/apache/kerby/kerby-util/1.0.0/kerby-util-1.0.0.pom (1.2 kB at 6.4 kB/s)
17:58:43.316 [Thread-12] DEBUG spoon.Launcher - [INFO] Downloading from google-maven-central: https://maven-central.storage-download.googleapis.com/maven2/org/apache/kerby/kerb-core/1.0.0/kerb-core-1.0.0.pom
17:58:43.575 [Thread-12] DEBUG spoon.Launcher - [INFO] Downloaded from google-maven-central: https://maven-central.storage-download.googleapis.com/maven2/org/apache/kerby/kerb-core/1.0.0/kerb-core-1.0.0.pom (1.3 kB at 5.1 kB/s)
17:58:43.578 [Thread-12] DEBUG spoon.Launcher - [INFO] Downloading from google-maven-central: https://maven-central.storage-download.googleapis.com/maven2/org/apache/kerby/kerby-pkix/1.0.0/kerby-pkix-1.0.0.pom
17:58:43.867 [Thread-12] DEBUG spoon.Launcher - [INFO] Downloaded from google-maven-central: https://maven-central.storage-download.googleapis.com/maven2/org/apache/kerby/kerby-pkix/1.0.0/kerby-pkix-1.0.0.pom (2.0 kB at 7.0 kB/s)
17:58:43.870 [Thread-12] DEBUG spoon.Launcher - [INFO] Downloading from google-maven-central: https://maven-central.storage-download.googleapis.com/maven2/org/apache/kerby/kerby-asn1/1.0.0/kerby-asn1-1.0.0.pom
17:58:44.008 [Thread-12] DEBUG spoon.Launcher - [INFO] Downloaded from google-maven-central: https://maven-central.storage-download.googleapis.com/maven2/org/apache/kerby/kerby-asn1/1.0.0/kerby-asn1-1.0.0.pom (1.1 kB at 8.2 kB/s)
17:58:44.012 [Thread-12] DEBUG spoon.Launcher - [INFO] Downloading from google-maven-central: https://maven-central.storage-download.googleapis.com/maven2/org/apache/kerby/kerb-identity/1.0.0/kerb-identity-1.0.0.pom
17:58:44.230 [Thread-12] DEBUG spoon.Launcher - [INFO] Downloaded from google-maven-central: https://maven-central.storage-download.googleapis.com/maven2/org/apache/kerby/kerb-identity/1.0.0/kerb-identity-1.0.0.pom (1.5 kB at 6.8 kB/s)
17:58:44.233 [Thread-12] DEBUG spoon.Launcher - [INFO] Downloading from google-maven-central: https://maven-central.storage-download.googleapis.com/maven2/org/apache/kerby/kerb-util/1.0.0/kerb-util-1.0.0.pom
17:58:44.454 [Thread-12] DEBUG spoon.Launcher - [INFO] Downloaded from google-maven-central: https://maven-central.storage-download.googleapis.com/maven2/org/apache/kerby/kerb-util/1.0.0/kerb-util-1.0.0.pom (1.8 kB at 8.3 kB/s)
17:58:44.457 [Thread-12] DEBUG spoon.Launcher - [INFO] Downloading from google-maven-central: https://maven-central.storage-download.googleapis.com/maven2/org/apache/kerby/kerby-xdr/1.0.0/kerby-xdr-1.0.0.pom
17:58:44.668 [Thread-12] DEBUG spoon.Launcher - [INFO] Downloaded from google-maven-central: https://maven-central.storage-download.googleapis.com/maven2/org/apache/kerby/kerby-xdr/1.0.0/kerby-xdr-1.0.0.pom (1.1 kB at 5.3 kB/s)
17:58:44.671 [Thread-12] DEBUG spoon.Launcher - [INFO] Downloading from google-maven-central: https://maven-central.storage-download.googleapis.com/maven2/io/netty/netty-transport/4.0.29.Final/netty-transport-4.0.29.Final.pom
17:58:44.941 [Thread-12] DEBUG spoon.Launcher - [INFO] Downloaded from google-maven-central: https://maven-central.storage-download.googleapis.com/maven2/io/netty/netty-transport/4.0.29.Final/netty-transport-4.0.29.Final.pom (1.4 kB at 5.2 kB/s)
17:58:44.941 [Thread-12] DEBUG spoon.Launcher - [INFO] Downloading from google-maven-central: https://maven-central.storage-download.googleapis.com/maven2/io/netty/netty-parent/4.0.29.Final/netty-parent-4.0.29.Final.pom
17:58:44.949 [Thread-12] DEBUG spoon.Launcher - [INFO] Downloaded from google-maven-central: https://maven-central.storage-download.googleapis.com/maven2/io/netty/netty-parent/4.0.29.Final/netty-parent-4.0.29.Final.pom (51 kB at 7.3 MB/s)
17:58:44.955 [Thread-12] DEBUG spoon.Launcher - [INFO] Downloading from google-maven-central: https://maven-central.storage-download.googleapis.com/maven2/io/netty/netty-buffer/4.0.29.Final/netty-buffer-4.0.29.Final.pom
17:58:45.113 [Thread-12] DEBUG spoon.Launcher - [INFO] Downloaded from google-maven-central: https://maven-central.storage-download.googleapis.com/maven2/io/netty/netty-buffer/4.0.29.Final/netty-buffer-4.0.29.Final.pom (1.4 kB at 8.7 kB/s)
17:58:45.117 [Thread-12] DEBUG spoon.Launcher - [INFO] Downloading from google-maven-central: https://maven-central.storage-download.googleapis.com/maven2/io/netty/netty-common/4.0.29.Final/netty-common-4.0.29.Final.pom
17:58:45.312 [Thread-12] DEBUG spoon.Launcher - [INFO] Downloaded from google-maven-central: https://maven-central.storage-download.googleapis.com/maven2/io/netty/netty-common/4.0.29.Final/netty-common-4.0.29.Final.pom (2.0 kB at 10 kB/s)
17:58:45.316 [Thread-12] DEBUG spoon.Launcher - [INFO] Downloading from google-maven-central: https://maven-central.storage-download.googleapis.com/maven2/io/netty/netty-handler/4.0.29.Final/netty-handler-4.0.29.Final.pom
17:58:45.487 [Thread-12] DEBUG spoon.Launcher - [INFO] Downloaded from google-maven-central: https://maven-central.storage-download.googleapis.com/maven2/io/netty/netty-handler/4.0.29.Final/netty-handler-4.0.29.Final.pom (2.8 kB at 16 kB/s)
17:58:45.491 [Thread-12] DEBUG spoon.Launcher - [INFO] Downloading from google-maven-central: https://maven-central.storage-download.googleapis.com/maven2/io/netty/netty-codec/4.0.29.Final/netty-codec-4.0.29.Final.pom
17:58:45.659 [Thread-12] DEBUG spoon.Launcher - [INFO] Downloaded from google-maven-central: https://maven-central.storage-download.googleapis.com/maven2/io/netty/netty-codec/4.0.29.Final/netty-codec-4.0.29.Final.pom (2.2 kB at 13 kB/s)
17:58:45.664 [Thread-12] DEBUG spoon.Launcher - [INFO] Downloading from google-maven-central: https://maven-central.storage-download.googleapis.com/maven2/org/apache/kerby/kerb-simplekdc/1.0.0/kerb-simplekdc-1.0.0.pom
17:58:45.831 [Thread-12] DEBUG spoon.Launcher - [INFO] Downloaded from google-maven-central: https://maven-central.storage-download.googleapis.com/maven2/org/apache/kerby/kerb-simplekdc/1.0.0/kerb-simplekdc-1.0.0.pom (1.5 kB at 8.8 kB/s)
17:58:45.834 [Thread-12] DEBUG spoon.Launcher - [INFO] Downloading from google-maven-central: https://maven-central.storage-download.googleapis.com/maven2/org/apache/kerby/kerb-client/1.0.0/kerb-client-1.0.0.pom
17:58:46.153 [Thread-12] DEBUG spoon.Launcher - [INFO] Downloaded from google-maven-central: https://maven-central.storage-download.googleapis.com/maven2/org/apache/kerby/kerb-client/1.0.0/kerb-client-1.0.0.pom (2.0 kB at 6.2 kB/s)
17:58:46.157 [Thread-12] DEBUG spoon.Launcher - [INFO] Downloading from google-maven-central: https://maven-central.storage-download.googleapis.com/maven2/org/apache/kerby/token-provider/1.0.0/token-provider-1.0.0.pom
17:58:46.373 [Thread-12] DEBUG spoon.Launcher - [INFO] Downloaded from google-maven-central: https://maven-central.storage-download.googleapis.com/maven2/org/apache/kerby/token-provider/1.0.0/token-provider-1.0.0.pom (1.5 kB at 7.0 kB/s)
17:58:46.375 [Thread-12] DEBUG spoon.Launcher - [INFO] Downloading from google-maven-central: https://maven-central.storage-download.googleapis.com/maven2/org/apache/kerby/kerby-provider/1.0.0/kerby-provider-1.0.0.pom
17:58:46.563 [Thread-12] DEBUG spoon.Launcher - [INFO] Downloaded from google-maven-central: https://maven-central.storage-download.googleapis.com/maven2/org/apache/kerby/kerby-provider/1.0.0/kerby-provider-1.0.0.pom (1.2 kB at 6.2 kB/s)
17:58:46.567 [Thread-12] DEBUG spoon.Launcher - [INFO] Downloading from apache.snapshots: https://repository.apache.org/content/repositories/snapshots/net/minidev/json-smart/maven-metadata.xml
17:58:46.896 [Thread-12] DEBUG spoon.Launcher - [INFO] Downloading from google-maven-central: https://maven-central.storage-download.googleapis.com/maven2/org/apache/kerby/integration-test/1.0.0/integration-test-1.0.0.pom
17:58:47.076 [Thread-12] DEBUG spoon.Launcher - [INFO] Downloaded from google-maven-central: https://maven-central.storage-download.googleapis.com/maven2/org/apache/kerby/integration-test/1.0.0/integration-test-1.0.0.pom (2.1 kB at 12 kB/s)
17:58:47.080 [Thread-12] DEBUG spoon.Launcher - [INFO] Downloading from google-maven-central: https://maven-central.storage-download.googleapis.com/maven2/org/apache/kerby/kerb-kdc-test/1.0.0/kerb-kdc-test-1.0.0.pom
17:58:47.335 [Thread-12] DEBUG spoon.Launcher - [INFO] Downloaded from google-maven-central: https://maven-central.storage-download.googleapis.com/maven2/org/apache/kerby/kerb-kdc-test/1.0.0/kerb-kdc-test-1.0.0.pom (2.8 kB at 11 kB/s)
17:58:47.344 [Thread-12] DEBUG spoon.Launcher - [INFO] Downloading from google-maven-central: https://maven-central.storage-download.googleapis.com/maven2/org/apache/kerby/kerby-kdc/1.0.0/kerby-kdc-1.0.0.jar
17:58:47.346 [Thread-12] DEBUG spoon.Launcher - [INFO] Downloading from google-maven-central: https://maven-central.storage-download.googleapis.com/maven2/org/apache/kerby/kerb-server-api-all/1.0.0/kerb-server-api-all-1.0.0.jar
17:58:47.348 [Thread-12] DEBUG spoon.Launcher - [INFO] Downloading from google-maven-central: https://maven-central.storage-download.googleapis.com/maven2/io/netty/netty-handler/4.0.29.Final/netty-handler-4.0.29.Final.jar
17:58:47.349 [Thread-12] DEBUG spoon.Launcher - [INFO] Downloading from google-maven-central: https://maven-central.storage-download.googleapis.com/maven2/io/netty/netty-transport/4.0.29.Final/netty-transport-4.0.29.Final.jar
17:58:47.404 [Thread-12] DEBUG spoon.Launcher - [INFO] Downloading from google-maven-central: https://maven-central.storage-download.googleapis.com/maven2/io/netty/netty-common/4.0.29.Final/netty-common-4.0.29.Final.jar
17:58:47.538 [Thread-12] DEBUG spoon.Launcher - [INFO] Downloaded from google-maven-central: https://maven-central.storage-download.googleapis.com/maven2/org/apache/kerby/kerby-kdc/1.0.0/kerby-kdc-1.0.0.jar (19 kB at 97 kB/s)
17:58:47.539 [Thread-12] DEBUG spoon.Launcher - [INFO] Downloading from google-maven-central: https://maven-central.storage-download.googleapis.com/maven2/io/netty/netty-codec/4.0.29.Final/netty-codec-4.0.29.Final.jar
17:58:47.574 [Thread-12] DEBUG spoon.Launcher - [INFO] Downloaded from google-maven-central: https://maven-central.storage-download.googleapis.com/maven2/org/apache/kerby/kerb-server-api-all/1.0.0/kerb-server-api-all-1.0.0.jar (7.4 kB at 32 kB/s)
17:58:47.574 [Thread-12] DEBUG spoon.Launcher - [INFO] Downloading from google-maven-central: https://maven-central.storage-download.googleapis.com/maven2/io/netty/netty-buffer/4.0.29.Final/netty-buffer-4.0.29.Final.jar
17:58:47.609 [Thread-12] DEBUG spoon.Launcher - [INFO] Downloaded from google-maven-central: https://maven-central.storage-download.googleapis.com/maven2/io/netty/netty-transport/4.0.29.Final/netty-transport-4.0.29.Final.jar (343 kB at 1.3 MB/s)
17:58:47.610 [Thread-12] DEBUG spoon.Launcher - [INFO] Downloading from google-maven-central: https://maven-central.storage-download.googleapis.com/maven2/org/apache/kerby/kerb-simplekdc/1.0.0/kerb-simplekdc-1.0.0.jar
17:58:47.686 [Thread-12] DEBUG spoon.Launcher - [INFO] Downloaded from google-maven-central: https://maven-central.storage-download.googleapis.com/maven2/io/netty/netty-common/4.0.29.Final/netty-common-4.0.29.Final.jar (439 kB at 1.3 MB/s)
17:58:47.687 [Thread-12] DEBUG spoon.Launcher - [INFO] Downloading from google-maven-central: https://maven-central.storage-download.googleapis.com/maven2/org/apache/kerby/kerb-admin/1.0.0/kerb-admin-1.0.0.jar
17:58:47.692 [Thread-12] DEBUG spoon.Launcher - [INFO] Downloaded from google-maven-central: https://maven-central.storage-download.googleapis.com/maven2/io/netty/netty-handler/4.0.29.Final/netty-handler-4.0.29.Final.jar (248 kB at 720 kB/s)
17:58:47.694 [Thread-12] DEBUG spoon.Launcher - [INFO] Downloading from google-maven-central: https://maven-central.storage-download.googleapis.com/maven2/org/apache/kerby/kerb-server/1.0.0/kerb-server-1.0.0.jar
17:58:47.806 [Thread-12] DEBUG spoon.Launcher - [INFO] Downloaded from google-maven-central: https://maven-central.storage-download.googleapis.com/maven2/io/netty/netty-buffer/4.0.29.Final/netty-buffer-4.0.29.Final.jar (184 kB at 449 kB/s)
17:58:47.806 [Thread-12] DEBUG spoon.Launcher - [INFO] Downloading from google-maven-central: https://maven-central.storage-download.googleapis.com/maven2/org/apache/kerby/kerb-identity/1.0.0/kerb-identity-1.0.0.jar
17:58:47.850 [Thread-12] DEBUG spoon.Launcher - [INFO] Downloaded from google-maven-central: https://maven-central.storage-download.googleapis.com/maven2/io/netty/netty-codec/4.0.29.Final/netty-codec-4.0.29.Final.jar (146 kB at 322 kB/s)
17:58:47.852 [Thread-12] DEBUG spoon.Launcher - [INFO] Downloading from google-maven-central: https://maven-central.storage-download.googleapis.com/maven2/org/apache/kerby/kerby-xdr/1.0.0/kerby-xdr-1.0.0.jar
17:58:47.892 [Thread-12] DEBUG spoon.Launcher - [INFO] Downloaded from google-maven-central: https://maven-central.storage-download.googleapis.com/maven2/org/apache/kerby/kerb-admin/1.0.0/kerb-admin-1.0.0.jar (81 kB at 164 kB/s)
17:58:47.892 [Thread-12] DEBUG spoon.Launcher - [INFO] Downloading from google-maven-central: https://maven-central.storage-download.googleapis.com/maven2/org/apache/kerby/kerb-client/1.0.0/kerb-client-1.0.0.jar
17:58:47.911 [Thread-12] DEBUG spoon.Launcher - [INFO] Downloaded from google-maven-central: https://maven-central.storage-download.googleapis.com/maven2/org/apache/kerby/kerb-simplekdc/1.0.0/kerb-simplekdc-1.0.0.jar (20 kB at 39 kB/s)
17:58:47.911 [Thread-12] DEBUG spoon.Launcher - [INFO] Downloading from google-maven-central: https://maven-central.storage-download.googleapis.com/maven2/org/apache/kerby/kerby-config/1.0.0/kerby-config-1.0.0.jar
17:58:47.931 [Thread-12] DEBUG spoon.Launcher - [INFO] Downloaded from google-maven-central: https://maven-central.storage-download.googleapis.com/maven2/org/apache/kerby/kerb-identity/1.0.0/kerb-identity-1.0.0.jar (19 kB at 36 kB/s)
17:58:47.932 [Thread-12] DEBUG spoon.Launcher - [INFO] Downloading from google-maven-central: https://maven-central.storage-download.googleapis.com/maven2/org/apache/kerby/kerb-core/1.0.0/kerb-core-1.0.0.jar
17:58:47.954 [Thread-12] DEBUG spoon.Launcher - [INFO] Downloaded from google-maven-central: https://maven-central.storage-download.googleapis.com/maven2/org/apache/kerby/kerb-server/1.0.0/kerb-server-1.0.0.jar (82 kB at 146 kB/s)
17:58:47.954 [Thread-12] DEBUG spoon.Launcher - [INFO] Downloading from google-maven-central: https://maven-central.storage-download.googleapis.com/maven2/org/apache/kerby/kerby-pkix/1.0.0/kerby-pkix-1.0.0.jar
17:58:48.077 [Thread-12] DEBUG spoon.Launcher - [INFO] Downloaded from google-maven-central: https://maven-central.storage-download.googleapis.com/maven2/org/apache/kerby/kerby-xdr/1.0.0/kerby-xdr-1.0.0.jar (29 kB at 43 kB/s)
17:58:48.077 [Thread-12] DEBUG spoon.Launcher - [INFO] Downloading from google-maven-central: https://maven-central.storage-download.googleapis.com/maven2/org/apache/kerby/kerby-asn1/1.0.0/kerby-asn1-1.0.0.jar
17:58:48.089 [Thread-12] DEBUG spoon.Launcher - [INFO] Downloaded from google-maven-central: https://maven-central.storage-download.googleapis.com/maven2/org/apache/kerby/kerby-config/1.0.0/kerby-config-1.0.0.jar (31 kB at 44 kB/s)
17:58:48.090 [Thread-12] DEBUG spoon.Launcher - [INFO] Downloading from google-maven-central: https://maven-central.storage-download.googleapis.com/maven2/org/apache/kerby/kerby-util/1.0.0/kerby-util-1.0.0.jar
17:58:48.111 [Thread-12] DEBUG spoon.Launcher - [INFO] Downloaded from google-maven-central: https://maven-central.storage-download.googleapis.com/maven2/org/apache/kerby/kerb-client/1.0.0/kerb-client-1.0.0.jar (99 kB at 139 kB/s)
17:58:48.111 [Thread-12] DEBUG spoon.Launcher - [INFO] Downloading from google-maven-central: https://maven-central.storage-download.googleapis.com/maven2/org/apache/kerby/kerb-common/1.0.0/kerb-common-1.0.0.jar
17:58:48.124 [Thread-12] DEBUG spoon.Launcher - [INFO] Downloaded from google-maven-central: https://maven-central.storage-download.googleapis.com/maven2/org/apache/kerby/kerb-core/1.0.0/kerb-core-1.0.0.jar (225 kB at 310 kB/s)
17:58:48.124 [Thread-12] DEBUG spoon.Launcher - [INFO] Downloading from google-maven-central: https://maven-central.storage-download.googleapis.com/maven2/org/apache/kerby/kerb-crypto/1.0.0/kerb-crypto-1.0.0.jar
17:58:48.147 [Thread-12] DEBUG spoon.Launcher - [INFO] Downloaded from google-maven-central: https://maven-central.storage-download.googleapis.com/maven2/org/apache/kerby/kerby-pkix/1.0.0/kerby-pkix-1.0.0.jar (205 kB at 273 kB/s)
17:58:48.148 [Thread-12] DEBUG spoon.Launcher - [INFO] Downloading from google-maven-central: https://maven-central.storage-download.googleapis.com/maven2/org/apache/kerby/kerb-util/1.0.0/kerb-util-1.0.0.jar
17:58:48.266 [Thread-12] DEBUG spoon.Launcher - [INFO] Downloaded from google-maven-central: https://maven-central.storage-download.googleapis.com/maven2/org/apache/kerby/kerby-util/1.0.0/kerby-util-1.0.0.jar (40 kB at 46 kB/s)
17:58:48.267 [Thread-12] DEBUG spoon.Launcher - [INFO] Downloading from google-maven-central: https://maven-central.storage-download.googleapis.com/maven2/org/apache/kerby/token-provider/1.0.0/token-provider-1.0.0.jar
17:58:48.311 [Thread-12] DEBUG spoon.Launcher - [INFO] Downloaded from google-maven-central: https://maven-central.storage-download.googleapis.com/maven2/org/apache/kerby/kerb-crypto/1.0.0/kerb-crypto-1.0.0.jar (116 kB at 127 kB/s)
17:58:48.312 [Thread-12] DEBUG spoon.Launcher - [INFO] Downloading from google-maven-central: https://maven-central.storage-download.googleapis.com/maven2/org/apache/kerby/integration-test/1.0.0/integration-test-1.0.0.jar
17:58:48.334 [Thread-12] DEBUG spoon.Launcher - [INFO] Downloaded from google-maven-central: https://maven-central.storage-download.googleapis.com/maven2/org/apache/kerby/kerb-common/1.0.0/kerb-common-1.0.0.jar (65 kB at 70 kB/s)
17:58:48.334 [Thread-12] DEBUG spoon.Launcher - [INFO] Downloading from google-maven-central: https://maven-central.storage-download.googleapis.com/maven2/org/apache/kerby/kerb-kdc-test/1.0.0/kerb-kdc-test-1.0.0.jar
17:58:48.342 [Thread-12] DEBUG spoon.Launcher - [INFO] Downloaded from google-maven-central: https://maven-central.storage-download.googleapis.com/maven2/org/apache/kerby/kerby-asn1/1.0.0/kerby-asn1-1.0.0.jar (102 kB at 108 kB/s)
17:58:48.355 [Thread-12] DEBUG spoon.Launcher - [INFO] Downloaded from google-maven-central: https://maven-central.storage-download.googleapis.com/maven2/org/apache/kerby/kerb-util/1.0.0/kerb-util-1.0.0.jar (37 kB at 38 kB/s)
17:58:48.496 [Thread-12] DEBUG spoon.Launcher - [INFO] Downloaded from google-maven-central: https://maven-central.storage-download.googleapis.com/maven2/org/apache/kerby/token-provider/1.0.0/token-provider-1.0.0.jar (19 kB at 17 kB/s)
17:58:48.546 [Thread-12] DEBUG spoon.Launcher - [INFO] Downloaded from google-maven-central: https://maven-central.storage-download.googleapis.com/maven2/org/apache/kerby/kerb-kdc-test/1.0.0/kerb-kdc-test-1.0.0.jar (7.3 kB at 6.4 kB/s)
17:58:48.590 [Thread-12] DEBUG spoon.Launcher - [INFO] Downloaded from google-maven-central: https://maven-central.storage-download.googleapis.com/maven2/org/apache/kerby/integration-test/1.0.0/integration-test-1.0.0.jar (37 kB at 31 kB/s)
17:58:48.598 [Thread-12] DEBUG spoon.Launcher - [INFO] 
17:58:48.598 [Thread-12] DEBUG spoon.Launcher - [INFO] --- maven-dependency-plugin:2.8:build-classpath (default-cli) @ pac4j-kerberos ---
17:58:48.601 [Thread-12] DEBUG spoon.Launcher - [INFO] Wrote classpath file '/home/travis/build/SpoonLabs/spoon-ci-external/spoon/src/test/resources/maven-launcher/pac4j/pac4j-kerberos/spoon.classpath.tmp'.
17:58:48.601 [Thread-12] DEBUG spoon.Launcher - [INFO] ------------------------------------------------------------------------
17:58:48.601 [Thread-12] DEBUG spoon.Launcher - [INFO] Reactor Summary for pac4j 3.0.0:
17:58:48.601 [Thread-12] DEBUG spoon.Launcher - [INFO] 
17:58:48.602 [Thread-12] DEBUG spoon.Launcher - [INFO] pac4j .............................................. SUCCESS [  0.686 s]
17:58:48.602 [Thread-12] DEBUG spoon.Launcher - [INFO] pac4j core ......................................... SUCCESS [  3.408 s]
17:58:48.602 [Thread-12] DEBUG spoon.Launcher - [INFO] pac4j for CAS protocol ............................. SUCCESS [  0.783 s]
17:58:48.602 [Thread-12] DEBUG spoon.Launcher - [INFO] pac4j for SAML protocol ............................ SUCCESS [  5.355 s]
17:58:48.602 [Thread-12] DEBUG spoon.Launcher - [INFO] pac4j for OAuth protocol ........................... SUCCESS [  0.996 s]
17:58:48.602 [Thread-12] DEBUG spoon.Launcher - [INFO] pac4j for OpenID Connect protocol .................. SUCCESS [  1.684 s]
17:58:48.603 [Thread-12] DEBUG spoon.Launcher - [INFO] pac4j for LDAP ..................................... SUCCESS [  0.995 s]
17:58:48.603 [Thread-12] DEBUG spoon.Launcher - [INFO] pac4j for HTTP protocol ............................ SUCCESS [  0.301 s]
17:58:48.603 [Thread-12] DEBUG spoon.Launcher - [INFO] pac4j for relational DB ............................ SUCCESS [  0.458 s]
17:58:48.603 [Thread-12] DEBUG spoon.Launcher - [INFO] pac4j configuration ................................ SUCCESS [  0.043 s]
17:58:48.603 [Thread-12] DEBUG spoon.Launcher - [INFO] pac4j for OpenId protocol .......................... SUCCESS [  2.049 s]
17:58:48.603 [Thread-12] DEBUG spoon.Launcher - [INFO] pac4j for GAE UserService mechanism ................ SUCCESS [  2.447 s]
17:58:48.604 [Thread-12] DEBUG spoon.Launcher - [INFO] pac4j for JWT ...................................... SUCCESS [  0.448 s]
17:58:48.604 [Thread-12] DEBUG spoon.Launcher - [INFO] pac4j for MongoDB .................................. SUCCESS [  0.595 s]
17:58:48.604 [Thread-12] DEBUG spoon.Launcher - [INFO] pac4j for CouchDB .................................. SUCCESS [  6.128 s]
17:58:48.604 [Thread-12] DEBUG spoon.Launcher - [INFO] pac4j for Kerberos ................................. SUCCESS [  7.648 s]
17:58:48.604 [Thread-12] DEBUG spoon.Launcher - [INFO] ------------------------------------------------------------------------
17:58:48.604 [Thread-12] DEBUG spoon.Launcher - [INFO] BUILD SUCCESS
17:58:48.604 [Thread-12] DEBUG spoon.Launcher - [INFO] ------------------------------------------------------------------------
17:58:48.605 [Thread-12] DEBUG spoon.Launcher - [INFO] Total time:  35.672 s
17:58:48.605 [Thread-12] DEBUG spoon.Launcher - [INFO] Finished at: 2020-08-14T17:58:48Z
17:58:48.605 [Thread-12] DEBUG spoon.Launcher - [INFO] ------------------------------------------------------------------------
]]></system-out>
  </testcase>
  <testcase name="mavenLauncherOnANotExistingFileTest" classname="spoon.MavenLauncherTest" time="0.01">
    <system-out><![CDATA[17:58:48.664 [main] INFO spoon.Launcher - Running in NOCLASSPATH mode (doc: http://spoon.gforge.inria.fr/launcher.html).
]]></system-out>
  </testcase>
  <testcase name="spoonMavenLauncherTest" classname="spoon.MavenLauncherTest" time="19.88">
    <system-out><![CDATA[17:58:48.674 [main] INFO spoon.Launcher - Running in NOCLASSPATH mode (doc: http://spoon.gforge.inria.fr/launcher.html).
17:58:50.490 [Thread-15] DEBUG spoon.Launcher - [INFO] Scanning for projects...
17:58:51.790 [Thread-15] DEBUG spoon.Launcher - [INFO] Inspecting build with total of 1 modules...
17:58:51.791 [Thread-15] DEBUG spoon.Launcher - [INFO] Installing Nexus Staging features:
17:58:51.793 [Thread-15] DEBUG spoon.Launcher - [INFO]   ... total of 1 executions of maven-deploy-plugin replaced with nexus-staging-maven-plugin
17:58:52.121 [Thread-15] DEBUG spoon.Launcher - [INFO] Downloading from google-maven-central: https://maven-central.storage-download.googleapis.com/maven2/org/apache/maven/plugins/maven-deploy-plugin/2.8.2/maven-deploy-plugin-2.8.2.pom
17:58:52.670 [Thread-15] DEBUG spoon.Launcher - [INFO] Downloaded from google-maven-central: https://maven-central.storage-download.googleapis.com/maven2/org/apache/maven/plugins/maven-deploy-plugin/2.8.2/maven-deploy-plugin-2.8.2.pom (7.1 kB at 13 kB/s)
17:58:52.701 [Thread-15] DEBUG spoon.Launcher - [INFO] Downloading from google-maven-central: https://maven-central.storage-download.googleapis.com/maven2/org/apache/maven/plugins/maven-deploy-plugin/2.8.2/maven-deploy-plugin-2.8.2.jar
17:58:52.793 [Thread-15] DEBUG spoon.Launcher - [INFO] Downloaded from google-maven-central: https://maven-central.storage-download.googleapis.com/maven2/org/apache/maven/plugins/maven-deploy-plugin/2.8.2/maven-deploy-plugin-2.8.2.jar (34 kB at 375 kB/s)
17:58:52.864 [Thread-15] DEBUG spoon.Launcher - [INFO] 
17:58:52.866 [Thread-15] DEBUG spoon.Launcher - [INFO] ------------------< fr.inria.gforge.spoon:spoon-core >------------------
17:58:52.867 [Thread-15] DEBUG spoon.Launcher - [INFO] Building Spoon Core 8.3.0-SNAPSHOT
17:58:52.868 [Thread-15] DEBUG spoon.Launcher - [INFO] --------------------------------[ jar ]---------------------------------
17:58:53.177 [Thread-15] DEBUG spoon.Launcher - [INFO] Downloading from sonatype: https://oss.sonatype.org/content/repositories/releases/junit/junit-dep/maven-metadata.xml
17:58:53.182 [Thread-15] DEBUG spoon.Launcher - [INFO] Downloading from sonatype-apache: https://repository.apache.org/content/repositories/releases/junit/junit-dep/maven-metadata.xml
17:58:53.188 [Thread-15] DEBUG spoon.Launcher - [INFO] Downloading from apache-snapshots: https://repository.apache.org/snapshots/junit/junit-dep/maven-metadata.xml
17:58:53.192 [Thread-15] DEBUG spoon.Launcher - [INFO] Downloading from maven.inria.fr-snapshot: https://maven.irisa.fr/artifactory/spoon-public-snapshot/junit/junit-dep/maven-metadata.xml
17:58:53.460 [Thread-15] DEBUG spoon.Launcher - [INFO] Downloaded from sonatype: https://oss.sonatype.org/content/repositories/releases/junit/junit-dep/maven-metadata.xml (563 B at 2.0 kB/s)
17:58:53.657 [Thread-15] DEBUG spoon.Launcher - [WARNING] Could not transfer metadata junit:junit-dep/maven-metadata.xml from/to maven.inria.fr-snapshot (https://maven.irisa.fr/artifactory/spoon-public-snapshot): Transfer failed for https://maven.irisa.fr/artifactory/spoon-public-snapshot/junit/junit-dep/maven-metadata.xml
17:58:53.705 [Thread-15] DEBUG spoon.Launcher - [INFO] 
17:58:53.706 [Thread-15] DEBUG spoon.Launcher - [INFO] --- maven-dependency-plugin:3.1.2:build-classpath (default-cli) @ spoon-core ---
17:58:53.752 [Thread-15] DEBUG spoon.Launcher - [INFO] Downloading from google-maven-central: https://maven-central.storage-download.googleapis.com/maven2/org/codehaus/plexus/plexus-component-annotations/2.0.0/plexus-component-annotations-2.0.0.pom
17:58:53.771 [Thread-15] DEBUG spoon.Launcher - [INFO] Downloaded from google-maven-central: https://maven-central.storage-download.googleapis.com/maven2/org/codehaus/plexus/plexus-component-annotations/2.0.0/plexus-component-annotations-2.0.0.pom (750 B at 42 kB/s)
17:58:53.776 [Thread-15] DEBUG spoon.Launcher - [INFO] Downloading from google-maven-central: https://maven-central.storage-download.googleapis.com/maven2/org/codehaus/plexus/plexus-containers/2.0.0/plexus-containers-2.0.0.pom
17:58:53.798 [Thread-15] DEBUG spoon.Launcher - [INFO] Downloaded from google-maven-central: https://maven-central.storage-download.googleapis.com/maven2/org/codehaus/plexus/plexus-containers/2.0.0/plexus-containers-2.0.0.pom (4.8 kB at 218 kB/s)
17:58:53.862 [Thread-15] DEBUG spoon.Launcher - [INFO] Downloading from google-maven-central: https://maven-central.storage-download.googleapis.com/maven2/org/apache/maven/reporting/maven-reporting-impl/3.0.0/maven-reporting-impl-3.0.0.pom
17:58:53.877 [Thread-15] DEBUG spoon.Launcher - [INFO] Downloaded from google-maven-central: https://maven-central.storage-download.googleapis.com/maven2/org/apache/maven/reporting/maven-reporting-impl/3.0.0/maven-reporting-impl-3.0.0.pom (7.6 kB at 544 kB/s)
17:58:53.889 [Thread-15] DEBUG spoon.Launcher - [INFO] Downloading from google-maven-central: https://maven-central.storage-download.googleapis.com/maven2/org/apache/maven/shared/maven-shared-utils/3.2.0/maven-shared-utils-3.2.0.pom
17:58:53.902 [Thread-15] DEBUG spoon.Launcher - [INFO] Downloaded from google-maven-central: https://maven-central.storage-download.googleapis.com/maven2/org/apache/maven/shared/maven-shared-utils/3.2.0/maven-shared-utils-3.2.0.pom (4.9 kB at 289 kB/s)
17:58:53.908 [Thread-15] DEBUG spoon.Launcher - [INFO] Downloading from google-maven-central: https://maven-central.storage-download.googleapis.com/maven2/org/apache/maven/doxia/doxia-sink-api/1.7/doxia-sink-api-1.7.pom
17:58:53.921 [Thread-15] DEBUG spoon.Launcher - [INFO] Downloaded from google-maven-central: https://maven-central.storage-download.googleapis.com/maven2/org/apache/maven/doxia/doxia-sink-api/1.7/doxia-sink-api-1.7.pom (1.5 kB at 139 kB/s)
17:58:53.929 [Thread-15] DEBUG spoon.Launcher - [INFO] Downloading from google-maven-central: https://maven-central.storage-download.googleapis.com/maven2/org/apache/maven/doxia/doxia/1.7/doxia-1.7.pom
17:58:53.946 [Thread-15] DEBUG spoon.Launcher - [INFO] Downloaded from google-maven-central: https://maven-central.storage-download.googleapis.com/maven2/org/apache/maven/doxia/doxia/1.7/doxia-1.7.pom (15 kB at 763 kB/s)
17:58:53.957 [Thread-15] DEBUG spoon.Launcher - [INFO] Downloading from google-maven-central: https://maven-central.storage-download.googleapis.com/maven2/org/apache/maven/doxia/doxia-logging-api/1.7/doxia-logging-api-1.7.pom
17:58:53.969 [Thread-15] DEBUG spoon.Launcher - [INFO] Downloaded from google-maven-central: https://maven-central.storage-download.googleapis.com/maven2/org/apache/maven/doxia/doxia-logging-api/1.7/doxia-logging-api-1.7.pom (1.5 kB at 128 kB/s)
17:58:53.990 [Thread-15] DEBUG spoon.Launcher - [INFO] Downloading from google-maven-central: https://maven-central.storage-download.googleapis.com/maven2/org/apache/maven/doxia/doxia-decoration-model/1.7.4/doxia-decoration-model-1.7.4.pom
17:58:54.084 [Thread-15] DEBUG spoon.Launcher - [INFO] Downloaded from google-maven-central: https://maven-central.storage-download.googleapis.com/maven2/org/apache/maven/doxia/doxia-decoration-model/1.7.4/doxia-decoration-model-1.7.4.pom (3.4 kB at 36 kB/s)
17:58:54.088 [Thread-15] DEBUG spoon.Launcher - [INFO] Downloading from google-maven-central: https://maven-central.storage-download.googleapis.com/maven2/org/apache/maven/doxia/doxia-sitetools/1.7.4/doxia-sitetools-1.7.4.pom
17:58:54.172 [Thread-15] DEBUG spoon.Launcher - [INFO] Downloaded from google-maven-central: https://maven-central.storage-download.googleapis.com/maven2/org/apache/maven/doxia/doxia-sitetools/1.7.4/doxia-sitetools-1.7.4.pom (14 kB at 172 kB/s)
17:58:54.190 [Thread-15] DEBUG spoon.Launcher - [INFO] Downloading from google-maven-central: https://maven-central.storage-download.googleapis.com/maven2/org/apache/maven/doxia/doxia-core/1.7/doxia-core-1.7.pom
17:58:54.291 [Thread-15] DEBUG spoon.Launcher - [INFO] Downloaded from google-maven-central: https://maven-central.storage-download.googleapis.com/maven2/org/apache/maven/doxia/doxia-core/1.7/doxia-core-1.7.pom (4.1 kB at 40 kB/s)
17:58:54.310 [Thread-15] DEBUG spoon.Launcher - [INFO] Downloading from google-maven-central: https://maven-central.storage-download.googleapis.com/maven2/org/apache/httpcomponents/httpclient/4.0.2/httpclient-4.0.2.pom
17:58:54.326 [Thread-15] DEBUG spoon.Launcher - [INFO] Downloaded from google-maven-central: https://maven-central.storage-download.googleapis.com/maven2/org/apache/httpcomponents/httpclient/4.0.2/httpclient-4.0.2.pom (7.5 kB at 500 kB/s)
17:58:54.330 [Thread-15] DEBUG spoon.Launcher - [INFO] Downloading from google-maven-central: https://maven-central.storage-download.googleapis.com/maven2/org/apache/httpcomponents/httpcomponents-client/4.0.2/httpcomponents-client-4.0.2.pom
17:58:54.351 [Thread-15] DEBUG spoon.Launcher - [INFO] Downloaded from google-maven-central: https://maven-central.storage-download.googleapis.com/maven2/org/apache/httpcomponents/httpcomponents-client/4.0.2/httpcomponents-client-4.0.2.pom (9.0 kB at 427 kB/s)
17:58:54.355 [Thread-15] DEBUG spoon.Launcher - [INFO] Downloading from google-maven-central: https://maven-central.storage-download.googleapis.com/maven2/org/apache/httpcomponents/project/4.1/project-4.1.pom
17:58:54.374 [Thread-15] DEBUG spoon.Launcher - [INFO] Downloaded from google-maven-central: https://maven-central.storage-download.googleapis.com/maven2/org/apache/httpcomponents/project/4.1/project-4.1.pom (16 kB at 819 kB/s)
17:58:54.383 [Thread-15] DEBUG spoon.Launcher - [INFO] Downloading from google-maven-central: https://maven-central.storage-download.googleapis.com/maven2/org/apache/httpcomponents/httpcore/4.0.1/httpcore-4.0.1.pom
17:58:54.393 [Thread-15] DEBUG spoon.Launcher - [INFO] Downloaded from google-maven-central: https://maven-central.storage-download.googleapis.com/maven2/org/apache/httpcomponents/httpcore/4.0.1/httpcore-4.0.1.pom (4.9 kB at 489 kB/s)
17:58:54.397 [Thread-15] DEBUG spoon.Launcher - [INFO] Downloading from google-maven-central: https://maven-central.storage-download.googleapis.com/maven2/org/apache/httpcomponents/httpcomponents-core/4.0.1/httpcomponents-core-4.0.1.pom
17:58:54.411 [Thread-15] DEBUG spoon.Launcher - [INFO] Downloaded from google-maven-central: https://maven-central.storage-download.googleapis.com/maven2/org/apache/httpcomponents/httpcomponents-core/4.0.1/httpcomponents-core-4.0.1.pom (9.4 kB at 668 kB/s)
17:58:54.416 [Thread-15] DEBUG spoon.Launcher - [INFO] Downloading from google-maven-central: https://maven-central.storage-download.googleapis.com/maven2/org/apache/httpcomponents/project/4.0/project-4.0.pom
17:58:54.434 [Thread-15] DEBUG spoon.Launcher - [INFO] Downloaded from google-maven-central: https://maven-central.storage-download.googleapis.com/maven2/org/apache/httpcomponents/project/4.0/project-4.0.pom (13 kB at 771 kB/s)
17:58:54.441 [Thread-15] DEBUG spoon.Launcher - [INFO] Downloading from google-maven-central: https://maven-central.storage-download.googleapis.com/maven2/commons-logging/commons-logging/1.1.1/commons-logging-1.1.1.pom
17:58:54.525 [Thread-15] DEBUG spoon.Launcher - [INFO] Downloaded from google-maven-central: https://maven-central.storage-download.googleapis.com/maven2/commons-logging/commons-logging/1.1.1/commons-logging-1.1.1.pom (18 kB at 216 kB/s)
17:58:54.530 [Thread-15] DEBUG spoon.Launcher - [INFO] Downloading from google-maven-central: https://maven-central.storage-download.googleapis.com/maven2/org/apache/commons/commons-parent/5/commons-parent-5.pom
17:58:54.602 [Thread-15] DEBUG spoon.Launcher - [INFO] Downloaded from google-maven-central: https://maven-central.storage-download.googleapis.com/maven2/org/apache/commons/commons-parent/5/commons-parent-5.pom (16 kB at 226 kB/s)
17:58:54.607 [Thread-15] DEBUG spoon.Launcher - [INFO] Downloading from google-maven-central: https://maven-central.storage-download.googleapis.com/maven2/commons-codec/commons-codec/1.3/commons-codec-1.3.pom
17:58:54.624 [Thread-15] DEBUG spoon.Launcher - [INFO] Downloaded from google-maven-central: https://maven-central.storage-download.googleapis.com/maven2/commons-codec/commons-codec/1.3/commons-codec-1.3.pom (6.1 kB at 407 kB/s)
17:58:54.634 [Thread-15] DEBUG spoon.Launcher - [INFO] Downloading from google-maven-central: https://maven-central.storage-download.googleapis.com/maven2/xmlunit/xmlunit/1.5/xmlunit-1.5.pom
17:58:54.694 [Thread-15] DEBUG spoon.Launcher - [INFO] Downloaded from google-maven-central: https://maven-central.storage-download.googleapis.com/maven2/xmlunit/xmlunit/1.5/xmlunit-1.5.pom (3.0 kB at 47 kB/s)
17:58:54.698 [Thread-15] DEBUG spoon.Launcher - [INFO] Downloading from google-maven-central: https://maven-central.storage-download.googleapis.com/maven2/org/apache/maven/doxia/doxia-site-renderer/1.7.4/doxia-site-renderer-1.7.4.pom
17:58:54.818 [Thread-15] DEBUG spoon.Launcher - [INFO] Downloaded from google-maven-central: https://maven-central.storage-download.googleapis.com/maven2/org/apache/maven/doxia/doxia-site-renderer/1.7.4/doxia-site-renderer-1.7.4.pom (6.7 kB at 56 kB/s)
17:58:54.823 [Thread-15] DEBUG spoon.Launcher - [INFO] Downloading from google-maven-central: https://maven-central.storage-download.googleapis.com/maven2/org/apache/maven/doxia/doxia-skin-model/1.7.4/doxia-skin-model-1.7.4.pom
17:58:54.947 [Thread-15] DEBUG spoon.Launcher - [INFO] Downloaded from google-maven-central: https://maven-central.storage-download.googleapis.com/maven2/org/apache/maven/doxia/doxia-skin-model/1.7.4/doxia-skin-model-1.7.4.pom (3.0 kB at 25 kB/s)
17:58:54.957 [Thread-15] DEBUG spoon.Launcher - [INFO] Downloading from google-maven-central: https://maven-central.storage-download.googleapis.com/maven2/org/apache/maven/doxia/doxia-module-xhtml/1.7/doxia-module-xhtml-1.7.pom
17:58:55.052 [Thread-15] DEBUG spoon.Launcher - [INFO] Downloaded from google-maven-central: https://maven-central.storage-download.googleapis.com/maven2/org/apache/maven/doxia/doxia-module-xhtml/1.7/doxia-module-xhtml-1.7.pom (1.6 kB at 17 kB/s)
17:58:55.058 [Thread-15] DEBUG spoon.Launcher - [INFO] Downloading from google-maven-central: https://maven-central.storage-download.googleapis.com/maven2/org/apache/maven/doxia/doxia-modules/1.7/doxia-modules-1.7.pom
17:58:55.180 [Thread-15] DEBUG spoon.Launcher - [INFO] Downloaded from google-maven-central: https://maven-central.storage-download.googleapis.com/maven2/org/apache/maven/doxia/doxia-modules/1.7/doxia-modules-1.7.pom (2.6 kB at 21 kB/s)
17:58:55.191 [Thread-15] DEBUG spoon.Launcher - [INFO] Downloading from google-maven-central: https://maven-central.storage-download.googleapis.com/maven2/org/codehaus/plexus/plexus-velocity/1.2/plexus-velocity-1.2.pom
17:58:55.200 [Thread-15] DEBUG spoon.Launcher - [INFO] Downloaded from google-maven-central: https://maven-central.storage-download.googleapis.com/maven2/org/codehaus/plexus/plexus-velocity/1.2/plexus-velocity-1.2.pom (2.8 kB at 313 kB/s)
17:58:55.230 [Thread-15] DEBUG spoon.Launcher - [INFO] Downloading from google-maven-central: https://maven-central.storage-download.googleapis.com/maven2/org/apache/velocity/velocity-tools/2.0/velocity-tools-2.0.pom
17:58:55.249 [Thread-15] DEBUG spoon.Launcher - [INFO] Downloaded from google-maven-central: https://maven-central.storage-download.googleapis.com/maven2/org/apache/velocity/velocity-tools/2.0/velocity-tools-2.0.pom (18 kB at 958 kB/s)
17:58:55.263 [Thread-15] DEBUG spoon.Launcher - [INFO] Downloading from google-maven-central: https://maven-central.storage-download.googleapis.com/maven2/commons-digester/commons-digester/1.8/commons-digester-1.8.pom
17:58:55.284 [Thread-15] DEBUG spoon.Launcher - [INFO] Downloaded from google-maven-central: https://maven-central.storage-download.googleapis.com/maven2/commons-digester/commons-digester/1.8/commons-digester-1.8.pom (7.0 kB at 334 kB/s)
17:58:55.290 [Thread-15] DEBUG spoon.Launcher - [INFO] Downloading from google-maven-central: https://maven-central.storage-download.googleapis.com/maven2/commons-logging/commons-logging/1.1/commons-logging-1.1.pom
17:58:55.308 [Thread-15] DEBUG spoon.Launcher - [INFO] Downloaded from google-maven-central: https://maven-central.storage-download.googleapis.com/maven2/commons-logging/commons-logging/1.1/commons-logging-1.1.pom (6.2 kB at 364 kB/s)
17:58:55.322 [Thread-15] DEBUG spoon.Launcher - [INFO] Downloading from google-maven-central: https://maven-central.storage-download.googleapis.com/maven2/logkit/logkit/1.0.1/logkit-1.0.1.pom
17:58:55.341 [Thread-15] DEBUG spoon.Launcher - [INFO] Downloaded from google-maven-central: https://maven-central.storage-download.googleapis.com/maven2/logkit/logkit/1.0.1/logkit-1.0.1.pom (147 B at 7.7 kB/s)
17:58:55.346 [Thread-15] DEBUG spoon.Launcher - [INFO] Downloading from google-maven-central: https://maven-central.storage-download.googleapis.com/maven2/avalon-framework/avalon-framework/4.1.3/avalon-framework-4.1.3.pom
17:58:55.357 [Thread-15] DEBUG spoon.Launcher - [INFO] Downloaded from google-maven-central: https://maven-central.storage-download.googleapis.com/maven2/avalon-framework/avalon-framework/4.1.3/avalon-framework-4.1.3.pom (167 B at 15 kB/s)
17:58:55.362 [Thread-15] DEBUG spoon.Launcher - [INFO] Downloading from google-maven-central: https://maven-central.storage-download.googleapis.com/maven2/javax/servlet/servlet-api/2.3/servlet-api-2.3.pom
17:58:55.372 [Thread-15] DEBUG spoon.Launcher - [INFO] Downloaded from google-maven-central: https://maven-central.storage-download.googleapis.com/maven2/javax/servlet/servlet-api/2.3/servlet-api-2.3.pom (156 B at 16 kB/s)
17:58:55.379 [Thread-15] DEBUG spoon.Launcher - [INFO] Downloading from google-maven-central: https://maven-central.storage-download.googleapis.com/maven2/commons-chain/commons-chain/1.1/commons-chain-1.1.pom
17:58:55.397 [Thread-15] DEBUG spoon.Launcher - [INFO] Downloaded from google-maven-central: https://maven-central.storage-download.googleapis.com/maven2/commons-chain/commons-chain/1.1/commons-chain-1.1.pom (6.0 kB at 354 kB/s)
17:58:55.423 [Thread-15] DEBUG spoon.Launcher - [INFO] Downloading from google-maven-central: https://maven-central.storage-download.googleapis.com/maven2/commons-validator/commons-validator/1.3.1/commons-validator-1.3.1.pom
17:58:55.434 [Thread-15] DEBUG spoon.Launcher - [INFO] Downloaded from google-maven-central: https://maven-central.storage-download.googleapis.com/maven2/commons-validator/commons-validator/1.3.1/commons-validator-1.3.1.pom (9.0 kB at 752 kB/s)
17:58:55.444 [Thread-15] DEBUG spoon.Launcher - [INFO] Downloading from google-maven-central: https://maven-central.storage-download.googleapis.com/maven2/dom4j/dom4j/1.1/dom4j-1.1.pom
17:58:55.455 [Thread-15] DEBUG spoon.Launcher - [INFO] Downloaded from google-maven-central: https://maven-central.storage-download.googleapis.com/maven2/dom4j/dom4j/1.1/dom4j-1.1.pom (142 B at 14 kB/s)
17:58:55.462 [Thread-15] DEBUG spoon.Launcher - [INFO] Downloading from google-maven-central: https://maven-central.storage-download.googleapis.com/maven2/sslext/sslext/1.2-0/sslext-1.2-0.pom
17:58:55.474 [Thread-15] DEBUG spoon.Launcher - [INFO] Downloaded from google-maven-central: https://maven-central.storage-download.googleapis.com/maven2/sslext/sslext/1.2-0/sslext-1.2-0.pom (653 B at 54 kB/s)
17:58:55.483 [Thread-15] DEBUG spoon.Launcher - [INFO] Downloading from google-maven-central: https://maven-central.storage-download.googleapis.com/maven2/org/apache/struts/struts-core/1.3.8/struts-core-1.3.8.pom
17:58:55.503 [Thread-15] DEBUG spoon.Launcher - [INFO] Downloaded from google-maven-central: https://maven-central.storage-download.googleapis.com/maven2/org/apache/struts/struts-core/1.3.8/struts-core-1.3.8.pom (4.3 kB at 216 kB/s)
17:58:55.509 [Thread-15] DEBUG spoon.Launcher - [INFO] Downloading from google-maven-central: https://maven-central.storage-download.googleapis.com/maven2/org/apache/struts/struts-parent/1.3.8/struts-parent-1.3.8.pom
17:58:55.528 [Thread-15] DEBUG spoon.Launcher - [INFO] Downloaded from google-maven-central: https://maven-central.storage-download.googleapis.com/maven2/org/apache/struts/struts-parent/1.3.8/struts-parent-1.3.8.pom (9.8 kB at 518 kB/s)
17:58:55.536 [Thread-15] DEBUG spoon.Launcher - [INFO] Downloading from google-maven-central: https://maven-central.storage-download.googleapis.com/maven2/org/apache/struts/struts-master/4/struts-master-4.pom
17:58:55.556 [Thread-15] DEBUG spoon.Launcher - [INFO] Downloaded from google-maven-central: https://maven-central.storage-download.googleapis.com/maven2/org/apache/struts/struts-master/4/struts-master-4.pom (12 kB at 563 kB/s)
17:58:55.563 [Thread-15] DEBUG spoon.Launcher - [INFO] Downloading from google-maven-central: https://maven-central.storage-download.googleapis.com/maven2/org/apache/apache/2/apache-2.pom
17:58:55.575 [Thread-15] DEBUG spoon.Launcher - [INFO] Downloaded from google-maven-central: https://maven-central.storage-download.googleapis.com/maven2/org/apache/apache/2/apache-2.pom (3.4 kB at 284 kB/s)
17:58:55.585 [Thread-15] DEBUG spoon.Launcher - [INFO] Downloading from google-maven-central: https://maven-central.storage-download.googleapis.com/maven2/antlr/antlr/2.7.2/antlr-2.7.2.pom
17:58:55.598 [Thread-15] DEBUG spoon.Launcher - [INFO] Downloaded from google-maven-central: https://maven-central.storage-download.googleapis.com/maven2/antlr/antlr/2.7.2/antlr-2.7.2.pom (145 B at 12 kB/s)
17:58:55.606 [Thread-15] DEBUG spoon.Launcher - [INFO] Downloading from google-maven-central: https://maven-central.storage-download.googleapis.com/maven2/org/apache/struts/struts-taglib/1.3.8/struts-taglib-1.3.8.pom
17:58:55.619 [Thread-15] DEBUG spoon.Launcher - [INFO] Downloaded from google-maven-central: https://maven-central.storage-download.googleapis.com/maven2/org/apache/struts/struts-taglib/1.3.8/struts-taglib-1.3.8.pom (3.1 kB at 237 kB/s)
17:58:55.635 [Thread-15] DEBUG spoon.Launcher - [INFO] Downloading from google-maven-central: https://maven-central.storage-download.googleapis.com/maven2/org/apache/struts/struts-tiles/1.3.8/struts-tiles-1.3.8.pom
17:58:55.652 [Thread-15] DEBUG spoon.Launcher - [INFO] Downloaded from google-maven-central: https://maven-central.storage-download.googleapis.com/maven2/org/apache/struts/struts-tiles/1.3.8/struts-tiles-1.3.8.pom (2.9 kB at 161 kB/s)
17:58:55.661 [Thread-15] DEBUG spoon.Launcher - [INFO] Downloading from google-maven-central: https://maven-central.storage-download.googleapis.com/maven2/org/apache/velocity/velocity/1.6.2/velocity-1.6.2.pom
17:58:55.676 [Thread-15] DEBUG spoon.Launcher - [INFO] Downloaded from google-maven-central: https://maven-central.storage-download.googleapis.com/maven2/org/apache/velocity/velocity/1.6.2/velocity-1.6.2.pom (11 kB at 664 kB/s)
17:58:55.683 [Thread-15] DEBUG spoon.Launcher - [INFO] Downloading from google-maven-central: https://maven-central.storage-download.googleapis.com/maven2/org/codehaus/plexus/plexus-utils/3.0.24/plexus-utils-3.0.24.pom
17:58:55.698 [Thread-15] DEBUG spoon.Launcher - [INFO] Downloaded from google-maven-central: https://maven-central.storage-download.googleapis.com/maven2/org/codehaus/plexus/plexus-utils/3.0.24/plexus-utils-3.0.24.pom (4.1 kB at 275 kB/s)
17:58:55.703 [Thread-15] DEBUG spoon.Launcher - [INFO] Downloading from google-maven-central: https://maven-central.storage-download.googleapis.com/maven2/commons-io/commons-io/2.6/commons-io-2.6.pom
17:58:55.713 [Thread-15] DEBUG spoon.Launcher - [INFO] Downloaded from google-maven-central: https://maven-central.storage-download.googleapis.com/maven2/commons-io/commons-io/2.6/commons-io-2.6.pom (14 kB at 1.3 MB/s)
17:58:55.724 [Thread-15] DEBUG spoon.Launcher - [INFO] Downloading from google-maven-central: https://maven-central.storage-download.googleapis.com/maven2/org/apache/maven/doxia/doxia-sink-api/1.9/doxia-sink-api-1.9.pom
17:58:55.834 [Thread-15] DEBUG spoon.Launcher - [INFO] Downloaded from google-maven-central: https://maven-central.storage-download.googleapis.com/maven2/org/apache/maven/doxia/doxia-sink-api/1.9/doxia-sink-api-1.9.pom (1.6 kB at 15 kB/s)
17:58:55.835 [Thread-15] DEBUG spoon.Launcher - [INFO] Downloading from google-maven-central: https://maven-central.storage-download.googleapis.com/maven2/org/apache/maven/doxia/doxia/1.9/doxia-1.9.pom
17:58:56.066 [Thread-15] DEBUG spoon.Launcher - [INFO] Downloaded from google-maven-central: https://maven-central.storage-download.googleapis.com/maven2/org/apache/maven/doxia/doxia/1.9/doxia-1.9.pom (19 kB at 81 kB/s)
17:58:56.072 [Thread-15] DEBUG spoon.Launcher - [INFO] Downloading from google-maven-central: https://maven-central.storage-download.googleapis.com/maven2/org/apache/maven/doxia/doxia-logging-api/1.9/doxia-logging-api-1.9.pom
17:58:56.144 [Thread-15] DEBUG spoon.Launcher - [INFO] Downloaded from google-maven-central: https://maven-central.storage-download.googleapis.com/maven2/org/apache/maven/doxia/doxia-logging-api/1.9/doxia-logging-api-1.9.pom (1.6 kB at 22 kB/s)
17:58:56.154 [Thread-15] DEBUG spoon.Launcher - [INFO] Downloading from google-maven-central: https://maven-central.storage-download.googleapis.com/maven2/org/codehaus/plexus/plexus-container-default/1.7.1/plexus-container-default-1.7.1.pom
17:58:56.165 [Thread-15] DEBUG spoon.Launcher - [INFO] Downloaded from google-maven-central: https://maven-central.storage-download.googleapis.com/maven2/org/codehaus/plexus/plexus-container-default/1.7.1/plexus-container-default-1.7.1.pom (2.8 kB at 184 kB/s)
17:58:56.176 [Thread-15] DEBUG spoon.Launcher - [INFO] Downloading from google-maven-central: https://maven-central.storage-download.googleapis.com/maven2/org/codehaus/plexus/plexus-utils/3.0.20/plexus-utils-3.0.20.pom
17:58:56.192 [Thread-15] DEBUG spoon.Launcher - [INFO] Downloaded from google-maven-central: https://maven-central.storage-download.googleapis.com/maven2/org/codehaus/plexus/plexus-utils/3.0.20/plexus-utils-3.0.20.pom (3.8 kB at 254 kB/s)
17:58:56.201 [Thread-15] DEBUG spoon.Launcher - [INFO] Downloading from google-maven-central: https://maven-central.storage-download.googleapis.com/maven2/org/codehaus/plexus/plexus-classworlds/2.5.1/plexus-classworlds-2.5.1.pom
17:58:56.215 [Thread-15] DEBUG spoon.Launcher - [INFO] Downloaded from google-maven-central: https://maven-central.storage-download.googleapis.com/maven2/org/codehaus/plexus/plexus-classworlds/2.5.1/plexus-classworlds-2.5.1.pom (5.0 kB at 385 kB/s)
17:58:56.221 [Thread-15] DEBUG spoon.Launcher - [INFO] Downloading from google-maven-central: https://maven-central.storage-download.googleapis.com/maven2/org/apache/xbean/xbean-reflect/3.7/xbean-reflect-3.7.pom
17:58:56.236 [Thread-15] DEBUG spoon.Launcher - [INFO] Downloaded from google-maven-central: https://maven-central.storage-download.googleapis.com/maven2/org/apache/xbean/xbean-reflect/3.7/xbean-reflect-3.7.pom (5.1 kB at 339 kB/s)
17:58:56.240 [Thread-15] DEBUG spoon.Launcher - [INFO] Downloading from google-maven-central: https://maven-central.storage-download.googleapis.com/maven2/org/apache/xbean/xbean/3.7/xbean-3.7.pom
17:58:56.251 [Thread-15] DEBUG spoon.Launcher - [INFO] Downloaded from google-maven-central: https://maven-central.storage-download.googleapis.com/maven2/org/apache/xbean/xbean/3.7/xbean-3.7.pom (15 kB at 1.4 MB/s)
17:58:56.256 [Thread-15] DEBUG spoon.Launcher - [INFO] Downloading from google-maven-central: https://maven-central.storage-download.googleapis.com/maven2/org/apache/geronimo/genesis/genesis-java5-flava/2.0/genesis-java5-flava-2.0.pom
17:58:56.268 [Thread-15] DEBUG spoon.Launcher - [INFO] Downloaded from google-maven-central: https://maven-central.storage-download.googleapis.com/maven2/org/apache/geronimo/genesis/genesis-java5-flava/2.0/genesis-java5-flava-2.0.pom (5.5 kB at 498 kB/s)
17:58:56.275 [Thread-15] DEBUG spoon.Launcher - [INFO] Downloading from google-maven-central: https://maven-central.storage-download.googleapis.com/maven2/org/apache/geronimo/genesis/genesis-default-flava/2.0/genesis-default-flava-2.0.pom
17:58:56.287 [Thread-15] DEBUG spoon.Launcher - [INFO] Downloaded from google-maven-central: https://maven-central.storage-download.googleapis.com/maven2/org/apache/geronimo/genesis/genesis-default-flava/2.0/genesis-default-flava-2.0.pom (18 kB at 1.6 MB/s)
17:58:56.292 [Thread-15] DEBUG spoon.Launcher - [INFO] Downloading from google-maven-central: https://maven-central.storage-download.googleapis.com/maven2/org/apache/geronimo/genesis/genesis/2.0/genesis-2.0.pom
17:58:56.309 [Thread-15] DEBUG spoon.Launcher - [INFO] Downloaded from google-maven-central: https://maven-central.storage-download.googleapis.com/maven2/org/apache/geronimo/genesis/genesis/2.0/genesis-2.0.pom (18 kB at 1.1 MB/s)
17:58:56.333 [Thread-15] DEBUG spoon.Launcher - [INFO] Downloading from google-maven-central: https://maven-central.storage-download.googleapis.com/maven2/org/apache/maven/doxia/doxia-core/1.9/doxia-core-1.9.pom
17:58:56.417 [Thread-15] DEBUG spoon.Launcher - [INFO] Downloaded from google-maven-central: https://maven-central.storage-download.googleapis.com/maven2/org/apache/maven/doxia/doxia-core/1.9/doxia-core-1.9.pom (4.4 kB at 50 kB/s)
17:58:56.426 [Thread-15] DEBUG spoon.Launcher - [INFO] Downloading from google-maven-central: https://maven-central.storage-download.googleapis.com/maven2/org/codehaus/plexus/plexus-utils/3.1.0/plexus-utils-3.1.0.pom
17:58:56.522 [Thread-15] DEBUG spoon.Launcher - [INFO] Downloaded from google-maven-central: https://maven-central.storage-download.googleapis.com/maven2/org/codehaus/plexus/plexus-utils/3.1.0/plexus-utils-3.1.0.pom (4.7 kB at 48 kB/s)
17:58:56.532 [Thread-15] DEBUG spoon.Launcher - [INFO] Downloading from google-maven-central: https://maven-central.storage-download.googleapis.com/maven2/org/apache/httpcomponents/httpclient/4.5.8/httpclient-4.5.8.pom
17:58:56.541 [Thread-15] DEBUG spoon.Launcher - [INFO] Downloaded from google-maven-central: https://maven-central.storage-download.googleapis.com/maven2/org/apache/httpcomponents/httpclient/4.5.8/httpclient-4.5.8.pom (6.6 kB at 944 kB/s)
17:58:56.547 [Thread-15] DEBUG spoon.Launcher - [INFO] Downloading from google-maven-central: https://maven-central.storage-download.googleapis.com/maven2/org/apache/httpcomponents/httpcomponents-client/4.5.8/httpcomponents-client-4.5.8.pom
17:58:56.560 [Thread-15] DEBUG spoon.Launcher - [INFO] Downloaded from google-maven-central: https://maven-central.storage-download.googleapis.com/maven2/org/apache/httpcomponents/httpcomponents-client/4.5.8/httpcomponents-client-4.5.8.pom (16 kB at 1.3 MB/s)
17:58:56.570 [Thread-15] DEBUG spoon.Launcher - [INFO] Downloading from google-maven-central: https://maven-central.storage-download.googleapis.com/maven2/org/apache/httpcomponents/httpcomponents-parent/11/httpcomponents-parent-11.pom
17:58:56.586 [Thread-15] DEBUG spoon.Launcher - [INFO] Downloaded from google-maven-central: https://maven-central.storage-download.googleapis.com/maven2/org/apache/httpcomponents/httpcomponents-parent/11/httpcomponents-parent-11.pom (35 kB at 1.9 MB/s)
17:58:56.592 [Thread-15] DEBUG spoon.Launcher - [INFO] Downloading from google-maven-central: https://maven-central.storage-download.googleapis.com/maven2/org/apache/httpcomponents/httpcore/4.4.11/httpcore-4.4.11.pom
17:58:56.608 [Thread-15] DEBUG spoon.Launcher - [INFO] Downloaded from google-maven-central: https://maven-central.storage-download.googleapis.com/maven2/org/apache/httpcomponents/httpcore/4.4.11/httpcore-4.4.11.pom (5.2 kB at 370 kB/s)
17:58:56.615 [Thread-15] DEBUG spoon.Launcher - [INFO] Downloading from google-maven-central: https://maven-central.storage-download.googleapis.com/maven2/org/apache/httpcomponents/httpcomponents-core/4.4.11/httpcomponents-core-4.4.11.pom
17:58:56.627 [Thread-15] DEBUG spoon.Launcher - [INFO] Downloaded from google-maven-central: https://maven-central.storage-download.googleapis.com/maven2/org/apache/httpcomponents/httpcomponents-core/4.4.11/httpcomponents-core-4.4.11.pom (13 kB at 1.1 MB/s)
17:58:56.643 [Thread-15] DEBUG spoon.Launcher - [INFO] Downloading from google-maven-central: https://maven-central.storage-download.googleapis.com/maven2/org/apache/maven/doxia/doxia-site-renderer/1.9/doxia-site-renderer-1.9.pom
17:58:56.736 [Thread-15] DEBUG spoon.Launcher - [INFO] Downloaded from google-maven-central: https://maven-central.storage-download.googleapis.com/maven2/org/apache/maven/doxia/doxia-site-renderer/1.9/doxia-site-renderer-1.9.pom (6.7 kB at 73 kB/s)
17:58:56.739 [Thread-15] DEBUG spoon.Launcher - [INFO] Downloading from google-maven-central: https://maven-central.storage-download.googleapis.com/maven2/org/apache/maven/doxia/doxia-sitetools/1.9/doxia-sitetools-1.9.pom
17:58:56.826 [Thread-15] DEBUG spoon.Launcher - [INFO] Downloaded from google-maven-central: https://maven-central.storage-download.googleapis.com/maven2/org/apache/maven/doxia/doxia-sitetools/1.9/doxia-sitetools-1.9.pom (16 kB at 179 kB/s)
17:58:56.833 [Thread-15] DEBUG spoon.Launcher - [INFO] Downloading from google-maven-central: https://maven-central.storage-download.googleapis.com/maven2/org/apache/maven/doxia/doxia-decoration-model/1.9/doxia-decoration-model-1.9.pom
17:58:56.893 [Thread-15] DEBUG spoon.Launcher - [INFO] Downloaded from google-maven-central: https://maven-central.storage-download.googleapis.com/maven2/org/apache/maven/doxia/doxia-decoration-model/1.9/doxia-decoration-model-1.9.pom (3.4 kB at 56 kB/s)
17:58:56.904 [Thread-15] DEBUG spoon.Launcher - [INFO] Downloading from google-maven-central: https://maven-central.storage-download.googleapis.com/maven2/org/apache/maven/doxia/doxia-skin-model/1.9/doxia-skin-model-1.9.pom
17:58:56.952 [Thread-15] DEBUG spoon.Launcher - [INFO] Downloaded from google-maven-central: https://maven-central.storage-download.googleapis.com/maven2/org/apache/maven/doxia/doxia-skin-model/1.9/doxia-skin-model-1.9.pom (3.0 kB at 57 kB/s)
17:58:56.957 [Thread-15] DEBUG spoon.Launcher - [INFO] Downloading from google-maven-central: https://maven-central.storage-download.googleapis.com/maven2/org/apache/maven/doxia/doxia-module-xhtml/1.9/doxia-module-xhtml-1.9.pom
17:58:57.043 [Thread-15] DEBUG spoon.Launcher - [INFO] Downloaded from google-maven-central: https://maven-central.storage-download.googleapis.com/maven2/org/apache/maven/doxia/doxia-module-xhtml/1.9/doxia-module-xhtml-1.9.pom (2.0 kB at 23 kB/s)
17:58:57.046 [Thread-15] DEBUG spoon.Launcher - [INFO] Downloading from google-maven-central: https://maven-central.storage-download.googleapis.com/maven2/org/apache/maven/doxia/doxia-modules/1.9/doxia-modules-1.9.pom
17:58:57.160 [Thread-15] DEBUG spoon.Launcher - [INFO] Downloaded from google-maven-central: https://maven-central.storage-download.googleapis.com/maven2/org/apache/maven/doxia/doxia-modules/1.9/doxia-modules-1.9.pom (2.7 kB at 24 kB/s)
17:58:57.165 [Thread-15] DEBUG spoon.Launcher - [INFO] Downloading from google-maven-central: https://maven-central.storage-download.googleapis.com/maven2/org/apache/maven/doxia/doxia-module-xhtml5/1.9/doxia-module-xhtml5-1.9.pom
17:58:57.247 [Thread-15] DEBUG spoon.Launcher - [INFO] Downloaded from google-maven-central: https://maven-central.storage-download.googleapis.com/maven2/org/apache/maven/doxia/doxia-module-xhtml5/1.9/doxia-module-xhtml5-1.9.pom (2.0 kB at 24 kB/s)
17:58:57.252 [Thread-15] DEBUG spoon.Launcher - [INFO] Downloading from google-maven-central: https://maven-central.storage-download.googleapis.com/maven2/org/codehaus/plexus/plexus-i18n/1.0-beta-10/plexus-i18n-1.0-beta-10.pom
17:58:57.259 [Thread-15] DEBUG spoon.Launcher - [INFO] Downloaded from google-maven-central: https://maven-central.storage-download.googleapis.com/maven2/org/codehaus/plexus/plexus-i18n/1.0-beta-10/plexus-i18n-1.0-beta-10.pom (2.1 kB at 296 kB/s)
17:58:57.268 [Thread-15] DEBUG spoon.Launcher - [INFO] Downloading from google-maven-central: https://maven-central.storage-download.googleapis.com/maven2/org/apache/commons/commons-lang3/3.8.1/commons-lang3-3.8.1.pom
17:58:57.277 [Thread-15] DEBUG spoon.Launcher - [INFO] Downloaded from google-maven-central: https://maven-central.storage-download.googleapis.com/maven2/org/apache/commons/commons-lang3/3.8.1/commons-lang3-3.8.1.pom (28 kB at 3.1 MB/s)
17:58:57.281 [Thread-15] DEBUG spoon.Launcher - [INFO] Downloading from google-maven-central: https://maven-central.storage-download.googleapis.com/maven2/org/apache/commons/commons-parent/47/commons-parent-47.pom
17:58:57.293 [Thread-15] DEBUG spoon.Launcher - [INFO] Downloaded from google-maven-central: https://maven-central.storage-download.googleapis.com/maven2/org/apache/commons/commons-parent/47/commons-parent-47.pom (78 kB at 7.1 MB/s)
17:58:57.299 [Thread-15] DEBUG spoon.Launcher - [INFO] Downloading from google-maven-central: https://maven-central.storage-download.googleapis.com/maven2/org/codehaus/plexus/plexus-archiver/4.2.2/plexus-archiver-4.2.2.pom
17:58:57.384 [Thread-15] DEBUG spoon.Launcher - [INFO] Downloaded from google-maven-central: https://maven-central.storage-download.googleapis.com/maven2/org/codehaus/plexus/plexus-archiver/4.2.2/plexus-archiver-4.2.2.pom (4.4 kB at 53 kB/s)
17:58:57.389 [Thread-15] DEBUG spoon.Launcher - [INFO] Downloading from google-maven-central: https://maven-central.storage-download.googleapis.com/maven2/org/codehaus/plexus/plexus/6.1/plexus-6.1.pom
17:58:57.515 [Thread-15] DEBUG spoon.Launcher - [INFO] Downloaded from google-maven-central: https://maven-central.storage-download.googleapis.com/maven2/org/codehaus/plexus/plexus/6.1/plexus-6.1.pom (24 kB at 186 kB/s)
17:58:57.539 [Thread-15] DEBUG spoon.Launcher - [INFO] Downloading from google-maven-central: https://maven-central.storage-download.googleapis.com/maven2/org/codehaus/plexus/plexus-utils/3.3.0/plexus-utils-3.3.0.pom
17:58:57.614 [Thread-15] DEBUG spoon.Launcher - [INFO] Downloaded from google-maven-central: https://maven-central.storage-download.googleapis.com/maven2/org/codehaus/plexus/plexus-utils/3.3.0/plexus-utils-3.3.0.pom (5.2 kB at 69 kB/s)
17:58:57.626 [Thread-15] DEBUG spoon.Launcher - [INFO] Downloading from google-maven-central: https://maven-central.storage-download.googleapis.com/maven2/org/codehaus/plexus/plexus-io/3.2.0/plexus-io-3.2.0.pom
17:58:57.635 [Thread-15] DEBUG spoon.Launcher - [INFO] Downloaded from google-maven-central: https://maven-central.storage-download.googleapis.com/maven2/org/codehaus/plexus/plexus-io/3.2.0/plexus-io-3.2.0.pom (4.5 kB at 413 kB/s)
17:58:57.656 [Thread-15] DEBUG spoon.Launcher - [INFO] Downloading from google-maven-central: https://maven-central.storage-download.googleapis.com/maven2/org/iq80/snappy/snappy/0.4/snappy-0.4.pom
17:58:57.668 [Thread-15] DEBUG spoon.Launcher - [INFO] Downloaded from google-maven-central: https://maven-central.storage-download.googleapis.com/maven2/org/iq80/snappy/snappy/0.4/snappy-0.4.pom (15 kB at 765 kB/s)
17:58:57.682 [Thread-15] DEBUG spoon.Launcher - [INFO] Downloading from google-maven-central: https://maven-central.storage-download.googleapis.com/maven2/org/apache/maven/shared/file-management/3.0.0/file-management-3.0.0.pom
17:58:57.694 [Thread-15] DEBUG spoon.Launcher - [INFO] Downloaded from google-maven-central: https://maven-central.storage-download.googleapis.com/maven2/org/apache/maven/shared/file-management/3.0.0/file-management-3.0.0.pom (4.7 kB at 391 kB/s)
17:58:57.699 [Thread-15] DEBUG spoon.Launcher - [INFO] Downloading from google-maven-central: https://maven-central.storage-download.googleapis.com/maven2/org/apache/maven/shared/maven-shared-components/22/maven-shared-components-22.pom
17:58:57.779 [Thread-15] DEBUG spoon.Launcher - [INFO] Downloaded from google-maven-central: https://maven-central.storage-download.googleapis.com/maven2/org/apache/maven/shared/maven-shared-components/22/maven-shared-components-22.pom (5.1 kB at 63 kB/s)
17:58:57.785 [Thread-15] DEBUG spoon.Launcher - [INFO] Downloading from google-maven-central: https://maven-central.storage-download.googleapis.com/maven2/org/apache/maven/shared/maven-shared-io/3.0.0/maven-shared-io-3.0.0.pom
17:58:57.790 [Thread-15] DEBUG spoon.Launcher - [INFO] Downloaded from google-maven-central: https://maven-central.storage-download.googleapis.com/maven2/org/apache/maven/shared/maven-shared-io/3.0.0/maven-shared-io-3.0.0.pom (4.2 kB at 693 kB/s)
17:58:57.795 [Thread-15] DEBUG spoon.Launcher - [INFO] Downloading from google-maven-central: https://maven-central.storage-download.googleapis.com/maven2/org/apache/maven/maven-compat/3.0/maven-compat-3.0.pom
17:58:57.868 [Thread-15] DEBUG spoon.Launcher - [INFO] Downloaded from google-maven-central: https://maven-central.storage-download.googleapis.com/maven2/org/apache/maven/maven-compat/3.0/maven-compat-3.0.pom (4.0 kB at 55 kB/s)
17:58:57.873 [Thread-15] DEBUG spoon.Launcher - [INFO] Downloading from google-maven-central: https://maven-central.storage-download.googleapis.com/maven2/org/apache/maven/wagon/wagon-provider-api/1.0-beta-6/wagon-provider-api-1.0-beta-6.pom
17:58:57.929 [Thread-15] DEBUG spoon.Launcher - [INFO] Downloaded from google-maven-central: https://maven-central.storage-download.googleapis.com/maven2/org/apache/maven/wagon/wagon-provider-api/1.0-beta-6/wagon-provider-api-1.0-beta-6.pom (1.8 kB at 33 kB/s)
17:58:57.963 [Thread-15] DEBUG spoon.Launcher - [INFO] Downloading from google-maven-central: https://maven-central.storage-download.googleapis.com/maven2/org/apache/maven/wagon/wagon/1.0-beta-6/wagon-1.0-beta-6.pom
17:58:58.026 [Thread-15] DEBUG spoon.Launcher - [INFO] Downloaded from google-maven-central: https://maven-central.storage-download.googleapis.com/maven2/org/apache/maven/wagon/wagon/1.0-beta-6/wagon-1.0-beta-6.pom (12 kB at 182 kB/s)
17:58:58.031 [Thread-15] DEBUG spoon.Launcher - [INFO] Downloading from google-maven-central: https://maven-central.storage-download.googleapis.com/maven2/org/codehaus/plexus/plexus-utils/1.4.2/plexus-utils-1.4.2.pom
17:58:58.058 [Thread-15] DEBUG spoon.Launcher - [INFO] Downloaded from google-maven-central: https://maven-central.storage-download.googleapis.com/maven2/org/codehaus/plexus/plexus-utils/1.4.2/plexus-utils-1.4.2.pom (2.0 kB at 70 kB/s)
17:58:58.066 [Thread-15] DEBUG spoon.Launcher - [INFO] Downloading from google-maven-central: https://maven-central.storage-download.googleapis.com/maven2/org/apache/maven/wagon/wagon-provider-api/2.10/wagon-provider-api-2.10.pom
17:58:58.087 [Thread-15] DEBUG spoon.Launcher - [INFO] Downloaded from google-maven-central: https://maven-central.storage-download.googleapis.com/maven2/org/apache/maven/wagon/wagon-provider-api/2.10/wagon-provider-api-2.10.pom (1.7 kB at 82 kB/s)
17:58:58.090 [Thread-15] DEBUG spoon.Launcher - [INFO] Downloading from google-maven-central: https://maven-central.storage-download.googleapis.com/maven2/org/apache/maven/wagon/wagon/2.10/wagon-2.10.pom
17:58:58.158 [Thread-15] DEBUG spoon.Launcher - [INFO] Downloaded from google-maven-central: https://maven-central.storage-download.googleapis.com/maven2/org/apache/maven/wagon/wagon/2.10/wagon-2.10.pom (21 kB at 306 kB/s)
17:58:58.181 [Thread-15] DEBUG spoon.Launcher - [INFO] Downloading from google-maven-central: https://maven-central.storage-download.googleapis.com/maven2/org/codehaus/plexus/plexus-utils/3.0.15/plexus-utils-3.0.15.pom
17:58:58.206 [Thread-15] DEBUG spoon.Launcher - [INFO] Downloaded from google-maven-central: https://maven-central.storage-download.googleapis.com/maven2/org/codehaus/plexus/plexus-utils/3.0.15/plexus-utils-3.0.15.pom (3.1 kB at 131 kB/s)
17:58:58.218 [Thread-15] DEBUG spoon.Launcher - [INFO] Downloading from google-maven-central: https://maven-central.storage-download.googleapis.com/maven2/org/apache/maven/shared/maven-shared-utils/3.0.0/maven-shared-utils-3.0.0.pom
17:58:58.266 [Thread-15] DEBUG spoon.Launcher - [INFO] Downloaded from google-maven-central: https://maven-central.storage-download.googleapis.com/maven2/org/apache/maven/shared/maven-shared-utils/3.0.0/maven-shared-utils-3.0.0.pom (5.6 kB at 130 kB/s)
17:58:58.304 [Thread-15] DEBUG spoon.Launcher - [INFO] Downloading from google-maven-central: https://maven-central.storage-download.googleapis.com/maven2/org/apache/maven/shared/maven-shared-components/21/maven-shared-components-21.pom
17:58:58.317 [Thread-15] DEBUG spoon.Launcher - [INFO] Downloaded from google-maven-central: https://maven-central.storage-download.googleapis.com/maven2/org/apache/maven/shared/maven-shared-components/21/maven-shared-components-21.pom (5.1 kB at 319 kB/s)
17:58:58.317 [Thread-15] DEBUG spoon.Launcher - [INFO] Downloading from google-maven-central: https://maven-central.storage-download.googleapis.com/maven2/org/apache/maven/maven-parent/25/maven-parent-25.pom
17:58:58.333 [Thread-15] DEBUG spoon.Launcher - [INFO] Downloaded from google-maven-central: https://maven-central.storage-download.googleapis.com/maven2/org/apache/maven/maven-parent/25/maven-parent-25.pom (37 kB at 2.2 MB/s)
17:58:58.343 [Thread-15] DEBUG spoon.Launcher - [INFO] Downloading from google-maven-central: https://maven-central.storage-download.googleapis.com/maven2/org/apache/maven/shared/maven-dependency-analyzer/1.11.1/maven-dependency-analyzer-1.11.1.pom
17:58:58.426 [Thread-15] DEBUG spoon.Launcher - [INFO] Downloaded from google-maven-central: https://maven-central.storage-download.googleapis.com/maven2/org/apache/maven/shared/maven-dependency-analyzer/1.11.1/maven-dependency-analyzer-1.11.1.pom (6.7 kB at 81 kB/s)
17:58:58.430 [Thread-15] DEBUG spoon.Launcher - [INFO] Downloading from google-maven-central: https://maven-central.storage-download.googleapis.com/maven2/org/ow2/asm/asm/7.3.1/asm-7.3.1.pom
17:58:58.580 [Thread-15] DEBUG spoon.Launcher - [INFO] Downloaded from google-maven-central: https://maven-central.storage-download.googleapis.com/maven2/org/ow2/asm/asm/7.3.1/asm-7.3.1.pom (2.9 kB at 20 kB/s)
17:58:58.588 [Thread-15] DEBUG spoon.Launcher - [INFO] Downloading from google-maven-central: https://maven-central.storage-download.googleapis.com/maven2/org/apache/maven/shared/maven-dependency-tree/3.0.1/maven-dependency-tree-3.0.1.pom
17:58:58.596 [Thread-15] DEBUG spoon.Launcher - [INFO] Downloaded from google-maven-central: https://maven-central.storage-download.googleapis.com/maven2/org/apache/maven/shared/maven-dependency-tree/3.0.1/maven-dependency-tree-3.0.1.pom (7.5 kB at 1.1 MB/s)
17:58:58.606 [Thread-15] DEBUG spoon.Launcher - [INFO] Downloading from google-maven-central: https://maven-central.storage-download.googleapis.com/maven2/org/apache/maven/shared/maven-shared-utils/3.1.0/maven-shared-utils-3.1.0.pom
17:58:58.621 [Thread-15] DEBUG spoon.Launcher - [INFO] Downloaded from google-maven-central: https://maven-central.storage-download.googleapis.com/maven2/org/apache/maven/shared/maven-shared-utils/3.1.0/maven-shared-utils-3.1.0.pom (5.0 kB at 383 kB/s)
17:58:58.631 [Thread-15] DEBUG spoon.Launcher - [INFO] Downloading from google-maven-central: https://maven-central.storage-download.googleapis.com/maven2/org/apache/maven/shared/maven-common-artifact-filters/3.0.1/maven-common-artifact-filters-3.0.1.pom
17:58:58.639 [Thread-15] DEBUG spoon.Launcher - [INFO] Downloaded from google-maven-central: https://maven-central.storage-download.googleapis.com/maven2/org/apache/maven/shared/maven-common-artifact-filters/3.0.1/maven-common-artifact-filters-3.0.1.pom (4.8 kB at 604 kB/s)
17:58:58.647 [Thread-15] DEBUG spoon.Launcher - [INFO] Downloading from google-maven-central: https://maven-central.storage-download.googleapis.com/maven2/org/codehaus/plexus/plexus-utils/3.1.1/plexus-utils-3.1.1.pom
17:58:58.655 [Thread-15] DEBUG spoon.Launcher - [INFO] Downloaded from google-maven-central: https://maven-central.storage-download.googleapis.com/maven2/org/codehaus/plexus/plexus-utils/3.1.1/plexus-utils-3.1.1.pom (5.1 kB at 563 kB/s)
17:58:58.658 [Thread-15] DEBUG spoon.Launcher - [INFO] Downloading from google-maven-central: https://maven-central.storage-download.googleapis.com/maven2/org/slf4j/slf4j-api/1.7.5/slf4j-api-1.7.5.pom
17:58:58.665 [Thread-15] DEBUG spoon.Launcher - [INFO] Downloaded from google-maven-central: https://maven-central.storage-download.googleapis.com/maven2/org/slf4j/slf4j-api/1.7.5/slf4j-api-1.7.5.pom (2.7 kB at 448 kB/s)
17:58:58.667 [Thread-15] DEBUG spoon.Launcher - [INFO] Downloading from google-maven-central: https://maven-central.storage-download.googleapis.com/maven2/org/slf4j/slf4j-parent/1.7.5/slf4j-parent-1.7.5.pom
17:58:58.674 [Thread-15] DEBUG spoon.Launcher - [INFO] Downloaded from google-maven-central: https://maven-central.storage-download.googleapis.com/maven2/org/slf4j/slf4j-parent/1.7.5/slf4j-parent-1.7.5.pom (12 kB at 2.0 MB/s)
17:58:58.707 [Thread-15] DEBUG spoon.Launcher - [INFO] Downloading from google-maven-central: https://maven-central.storage-download.googleapis.com/maven2/org/codehaus/plexus/plexus-component-annotations/2.0.0/plexus-component-annotations-2.0.0.jar
17:58:58.708 [Thread-15] DEBUG spoon.Launcher - [INFO] Downloading from google-maven-central: https://maven-central.storage-download.googleapis.com/maven2/org/apache/maven/reporting/maven-reporting-impl/3.0.0/maven-reporting-impl-3.0.0.jar
17:58:58.709 [Thread-15] DEBUG spoon.Launcher - [INFO] Downloading from google-maven-central: https://maven-central.storage-download.googleapis.com/maven2/org/apache/maven/doxia/doxia-decoration-model/1.7.4/doxia-decoration-model-1.7.4.jar
17:58:58.710 [Thread-15] DEBUG spoon.Launcher - [INFO] Downloading from google-maven-central: https://maven-central.storage-download.googleapis.com/maven2/commons-io/commons-io/2.6/commons-io-2.6.jar
17:58:58.721 [Thread-15] DEBUG spoon.Launcher - [INFO] Downloading from google-maven-central: https://maven-central.storage-download.googleapis.com/maven2/org/apache/maven/doxia/doxia-sink-api/1.9/doxia-sink-api-1.9.jar
17:58:58.726 [Thread-15] DEBUG spoon.Launcher - [INFO] Downloaded from google-maven-central: https://maven-central.storage-download.googleapis.com/maven2/org/codehaus/plexus/plexus-component-annotations/2.0.0/plexus-component-annotations-2.0.0.jar (4.2 kB at 302 kB/s)
17:58:58.731 [Thread-15] DEBUG spoon.Launcher - [INFO] Downloading from google-maven-central: https://maven-central.storage-download.googleapis.com/maven2/org/apache/maven/doxia/doxia-logging-api/1.9/doxia-logging-api-1.9.jar
17:58:58.758 [Thread-15] DEBUG spoon.Launcher - [INFO] Downloaded from google-maven-central: https://maven-central.storage-download.googleapis.com/maven2/org/apache/maven/doxia/doxia-decoration-model/1.7.4/doxia-decoration-model-1.7.4.jar (61 kB at 1.3 MB/s)
17:58:58.760 [Thread-15] DEBUG spoon.Launcher - [INFO] Downloading from google-maven-central: https://maven-central.storage-download.googleapis.com/maven2/org/apache/maven/doxia/doxia-core/1.9/doxia-core-1.9.jar
17:58:58.807 [Thread-15] DEBUG spoon.Launcher - [INFO] Downloaded from google-maven-central: https://maven-central.storage-download.googleapis.com/maven2/org/apache/maven/doxia/doxia-sink-api/1.9/doxia-sink-api-1.9.jar (12 kB at 135 kB/s)
17:58:58.807 [Thread-15] DEBUG spoon.Launcher - [INFO] Downloading from google-maven-central: https://maven-central.storage-download.googleapis.com/maven2/org/codehaus/plexus/plexus-container-default/1.7.1/plexus-container-default-1.7.1.jar
17:58:58.813 [Thread-15] DEBUG spoon.Launcher - [INFO] Downloaded from google-maven-central: https://maven-central.storage-download.googleapis.com/maven2/commons-io/commons-io/2.6/commons-io-2.6.jar (215 kB at 2.1 MB/s)
17:58:58.813 [Thread-15] DEBUG spoon.Launcher - [INFO] Downloading from google-maven-central: https://maven-central.storage-download.googleapis.com/maven2/org/apache/xbean/xbean-reflect/3.7/xbean-reflect-3.7.jar
17:58:58.815 [Thread-15] DEBUG spoon.Launcher - [INFO] Downloaded from google-maven-central: https://maven-central.storage-download.googleapis.com/maven2/org/apache/maven/doxia/doxia-core/1.9/doxia-core-1.9.jar (219 kB at 2.1 MB/s)
17:58:58.816 [Thread-15] DEBUG spoon.Launcher - [INFO] Downloading from google-maven-central: https://maven-central.storage-download.googleapis.com/maven2/com/google/collections/google-collections/1.0/google-collections-1.0.jar
17:58:58.829 [Thread-15] DEBUG spoon.Launcher - [INFO] Downloaded from google-maven-central: https://maven-central.storage-download.googleapis.com/maven2/org/codehaus/plexus/plexus-container-default/1.7.1/plexus-container-default-1.7.1.jar (231 kB at 2.0 MB/s)
17:58:58.831 [Thread-15] DEBUG spoon.Launcher - [INFO] Downloading from google-maven-central: https://maven-central.storage-download.googleapis.com/maven2/org/apache/httpcomponents/httpclient/4.5.8/httpclient-4.5.8.jar
17:58:58.846 [Thread-15] DEBUG spoon.Launcher - [INFO] Downloaded from google-maven-central: https://maven-central.storage-download.googleapis.com/maven2/org/apache/xbean/xbean-reflect/3.7/xbean-reflect-3.7.jar (148 kB at 1.1 MB/s)
17:58:58.848 [Thread-15] DEBUG spoon.Launcher - [INFO] Downloading from google-maven-central: https://maven-central.storage-download.googleapis.com/maven2/org/apache/httpcomponents/httpcore/4.4.11/httpcore-4.4.11.jar
17:58:58.851 [Thread-15] DEBUG spoon.Launcher - [INFO] Downloaded from google-maven-central: https://maven-central.storage-download.googleapis.com/maven2/org/apache/maven/reporting/maven-reporting-impl/3.0.0/maven-reporting-impl-3.0.0.jar (18 kB at 128 kB/s)
17:58:58.851 [Thread-15] DEBUG spoon.Launcher - [INFO] Downloading from google-maven-central: https://maven-central.storage-download.googleapis.com/maven2/org/apache/maven/doxia/doxia-site-renderer/1.9/doxia-site-renderer-1.9.jar
17:58:58.869 [Thread-15] DEBUG spoon.Launcher - [INFO] Downloaded from google-maven-central: https://maven-central.storage-download.googleapis.com/maven2/org/apache/maven/doxia/doxia-site-renderer/1.9/doxia-site-renderer-1.9.jar (66 kB at 431 kB/s)
17:58:58.871 [Thread-15] DEBUG spoon.Launcher - [INFO] Downloading from google-maven-central: https://maven-central.storage-download.googleapis.com/maven2/org/apache/maven/doxia/doxia-skin-model/1.9/doxia-skin-model-1.9.jar
17:58:58.879 [Thread-15] DEBUG spoon.Launcher - [INFO] Downloaded from google-maven-central: https://maven-central.storage-download.googleapis.com/maven2/org/apache/maven/doxia/doxia-skin-model/1.9/doxia-skin-model-1.9.jar (17 kB at 99 kB/s)
17:58:58.881 [Thread-15] DEBUG spoon.Launcher - [INFO] Downloading from google-maven-central: https://maven-central.storage-download.googleapis.com/maven2/org/apache/maven/doxia/doxia-module-xhtml/1.9/doxia-module-xhtml-1.9.jar
17:58:58.895 [Thread-15] DEBUG spoon.Launcher - [INFO] Downloaded from google-maven-central: https://maven-central.storage-download.googleapis.com/maven2/org/apache/maven/doxia/doxia-module-xhtml/1.9/doxia-module-xhtml-1.9.jar (18 kB at 96 kB/s)
17:58:58.897 [Thread-15] DEBUG spoon.Launcher - [INFO] Downloading from google-maven-central: https://maven-central.storage-download.googleapis.com/maven2/org/apache/maven/doxia/doxia-module-xhtml5/1.9/doxia-module-xhtml5-1.9.jar
17:58:58.929 [Thread-15] DEBUG spoon.Launcher - [INFO] Downloaded from google-maven-central: https://maven-central.storage-download.googleapis.com/maven2/org/apache/httpcomponents/httpcore/4.4.11/httpcore-4.4.11.jar (327 kB at 1.6 MB/s)
17:58:58.931 [Thread-15] DEBUG spoon.Launcher - [INFO] Downloading from google-maven-central: https://maven-central.storage-download.googleapis.com/maven2/org/codehaus/plexus/plexus-i18n/1.0-beta-10/plexus-i18n-1.0-beta-10.jar
17:58:58.942 [Thread-15] DEBUG spoon.Launcher - [INFO] Downloaded from google-maven-central: https://maven-central.storage-download.googleapis.com/maven2/org/apache/maven/doxia/doxia-module-xhtml5/1.9/doxia-module-xhtml5-1.9.jar (18 kB at 87 kB/s)
17:58:58.942 [Thread-15] DEBUG spoon.Launcher - [INFO] Downloading from google-maven-central: https://maven-central.storage-download.googleapis.com/maven2/org/codehaus/plexus/plexus-velocity/1.2/plexus-velocity-1.2.jar
17:58:58.952 [Thread-15] DEBUG spoon.Launcher - [INFO] Downloaded from google-maven-central: https://maven-central.storage-download.googleapis.com/maven2/org/codehaus/plexus/plexus-i18n/1.0-beta-10/plexus-i18n-1.0-beta-10.jar (12 kB at 50 kB/s)
17:58:58.954 [Thread-15] DEBUG spoon.Launcher - [INFO] Downloaded from google-maven-central: https://maven-central.storage-download.googleapis.com/maven2/org/codehaus/plexus/plexus-velocity/1.2/plexus-velocity-1.2.jar (8.1 kB at 34 kB/s)
17:58:58.956 [Thread-15] DEBUG spoon.Launcher - [INFO] Downloading from google-maven-central: https://maven-central.storage-download.googleapis.com/maven2/commons-digester/commons-digester/1.8/commons-digester-1.8.jar
17:58:58.959 [Thread-15] DEBUG spoon.Launcher - [INFO] Downloading from google-maven-central: https://maven-central.storage-download.googleapis.com/maven2/org/apache/velocity/velocity-tools/2.0/velocity-tools-2.0.jar
17:58:58.961 [Thread-15] DEBUG spoon.Launcher - [INFO] Downloaded from google-maven-central: https://maven-central.storage-download.googleapis.com/maven2/org/apache/maven/doxia/doxia-logging-api/1.9/doxia-logging-api-1.9.jar (12 kB at 47 kB/s)
17:58:58.961 [Thread-15] DEBUG spoon.Launcher - [INFO] Downloading from google-maven-central: https://maven-central.storage-download.googleapis.com/maven2/commons-chain/commons-chain/1.1/commons-chain-1.1.jar
17:58:58.961 [Thread-15] DEBUG spoon.Launcher - [INFO] Downloaded from google-maven-central: https://maven-central.storage-download.googleapis.com/maven2/org/apache/httpcomponents/httpclient/4.5.8/httpclient-4.5.8.jar (772 kB at 3.1 MB/s)
17:58:58.961 [Thread-15] DEBUG spoon.Launcher - [INFO] Downloading from google-maven-central: https://maven-central.storage-download.googleapis.com/maven2/commons-validator/commons-validator/1.3.1/commons-validator-1.3.1.jar
17:58:59.000 [Thread-15] DEBUG spoon.Launcher - [INFO] Downloaded from google-maven-central: https://maven-central.storage-download.googleapis.com/maven2/commons-chain/commons-chain/1.1/commons-chain-1.1.jar (90 kB at 313 kB/s)
17:58:59.005 [Thread-15] DEBUG spoon.Launcher - [INFO] Downloading from google-maven-central: https://maven-central.storage-download.googleapis.com/maven2/dom4j/dom4j/1.1/dom4j-1.1.jar
17:58:59.012 [Thread-15] DEBUG spoon.Launcher - [INFO] Downloaded from google-maven-central: https://maven-central.storage-download.googleapis.com/maven2/commons-validator/commons-validator/1.3.1/commons-validator-1.3.1.jar (139 kB at 462 kB/s)
17:58:59.030 [Thread-15] DEBUG spoon.Launcher - [INFO] Downloaded from google-maven-central: https://maven-central.storage-download.googleapis.com/maven2/commons-digester/commons-digester/1.8/commons-digester-1.8.jar (144 kB at 466 kB/s)
17:58:59.031 [Thread-15] DEBUG spoon.Launcher - [INFO] Downloading from google-maven-central: https://maven-central.storage-download.googleapis.com/maven2/sslext/sslext/1.2-0/sslext-1.2-0.jar
17:58:59.032 [Thread-15] DEBUG spoon.Launcher - [INFO] Downloading from google-maven-central: https://maven-central.storage-download.googleapis.com/maven2/org/apache/struts/struts-core/1.3.8/struts-core-1.3.8.jar
17:58:59.041 [Thread-15] DEBUG spoon.Launcher - [INFO] Downloaded from google-maven-central: https://maven-central.storage-download.googleapis.com/maven2/sslext/sslext/1.2-0/sslext-1.2-0.jar (26 kB at 79 kB/s)
17:58:59.044 [Thread-15] DEBUG spoon.Launcher - [INFO] Downloading from google-maven-central: https://maven-central.storage-download.googleapis.com/maven2/antlr/antlr/2.7.2/antlr-2.7.2.jar
17:58:59.073 [Thread-15] DEBUG spoon.Launcher - [INFO] Downloaded from google-maven-central: https://maven-central.storage-download.googleapis.com/maven2/org/apache/velocity/velocity-tools/2.0/velocity-tools-2.0.jar (347 kB at 957 kB/s)
17:58:59.075 [Thread-15] DEBUG spoon.Launcher - [INFO] Downloading from google-maven-central: https://maven-central.storage-download.googleapis.com/maven2/org/apache/struts/struts-taglib/1.3.8/struts-taglib-1.3.8.jar
17:58:59.088 [Thread-15] DEBUG spoon.Launcher - [INFO] Downloaded from google-maven-central: https://maven-central.storage-download.googleapis.com/maven2/org/apache/struts/struts-core/1.3.8/struts-core-1.3.8.jar (329 kB at 879 kB/s)
17:58:59.090 [Thread-15] DEBUG spoon.Launcher - [INFO] Downloading from google-maven-central: https://maven-central.storage-download.googleapis.com/maven2/org/apache/struts/struts-tiles/1.3.8/struts-tiles-1.3.8.jar
17:58:59.092 [Thread-15] DEBUG spoon.Launcher - [INFO] Downloaded from google-maven-central: https://maven-central.storage-download.googleapis.com/maven2/dom4j/dom4j/1.1/dom4j-1.1.jar (457 kB at 1.2 MB/s)
17:58:59.097 [Thread-15] DEBUG spoon.Launcher - [INFO] Downloading from google-maven-central: https://maven-central.storage-download.googleapis.com/maven2/org/codehaus/plexus/plexus-archiver/4.2.2/plexus-archiver-4.2.2.jar
17:58:59.098 [Thread-15] DEBUG spoon.Launcher - [INFO] Downloaded from google-maven-central: https://maven-central.storage-download.googleapis.com/maven2/antlr/antlr/2.7.2/antlr-2.7.2.jar (358 kB at 935 kB/s)
17:58:59.098 [Thread-15] DEBUG spoon.Launcher - [INFO] Downloading from google-maven-central: https://maven-central.storage-download.googleapis.com/maven2/org/iq80/snappy/snappy/0.4/snappy-0.4.jar
17:58:59.101 [Thread-15] DEBUG spoon.Launcher - [INFO] Downloaded from google-maven-central: https://maven-central.storage-download.googleapis.com/maven2/org/apache/struts/struts-tiles/1.3.8/struts-tiles-1.3.8.jar (120 kB at 308 kB/s)
17:58:59.103 [Thread-15] DEBUG spoon.Launcher - [INFO] Downloading from google-maven-central: https://maven-central.storage-download.googleapis.com/maven2/org/codehaus/plexus/plexus-utils/3.3.0/plexus-utils-3.3.0.jar
17:58:59.119 [Thread-15] DEBUG spoon.Launcher - [INFO] Downloaded from google-maven-central: https://maven-central.storage-download.googleapis.com/maven2/org/iq80/snappy/snappy/0.4/snappy-0.4.jar (58 kB at 143 kB/s)
17:58:59.120 [Thread-15] DEBUG spoon.Launcher - [INFO] Downloading from google-maven-central: https://maven-central.storage-download.googleapis.com/maven2/org/apache/maven/shared/file-management/3.0.0/file-management-3.0.0.jar
17:58:59.121 [Thread-15] DEBUG spoon.Launcher - [INFO] Downloaded from google-maven-central: https://maven-central.storage-download.googleapis.com/maven2/com/google/collections/google-collections/1.0/google-collections-1.0.jar (640 kB at 1.6 MB/s)
17:58:59.121 [Thread-15] DEBUG spoon.Launcher - [INFO] Downloading from google-maven-central: https://maven-central.storage-download.googleapis.com/maven2/org/apache/maven/shared/maven-shared-io/3.0.0/maven-shared-io-3.0.0.jar
17:58:59.128 [Thread-15] DEBUG spoon.Launcher - [INFO] Downloaded from google-maven-central: https://maven-central.storage-download.googleapis.com/maven2/org/apache/struts/struts-taglib/1.3.8/struts-taglib-1.3.8.jar (252 kB at 612 kB/s)
17:58:59.128 [Thread-15] DEBUG spoon.Launcher - [INFO] Downloaded from google-maven-central: https://maven-central.storage-download.googleapis.com/maven2/org/apache/maven/shared/maven-shared-io/3.0.0/maven-shared-io-3.0.0.jar (41 kB at 100 kB/s)
17:58:59.130 [Thread-15] DEBUG spoon.Launcher - [INFO] Downloading from google-maven-central: https://maven-central.storage-download.googleapis.com/maven2/org/apache/maven/maven-compat/3.0/maven-compat-3.0.jar
17:58:59.134 [Thread-15] DEBUG spoon.Launcher - [INFO] Downloading from google-maven-central: https://maven-central.storage-download.googleapis.com/maven2/org/apache/maven/wagon/wagon-provider-api/2.10/wagon-provider-api-2.10.jar
17:58:59.144 [Thread-15] DEBUG spoon.Launcher - [INFO] Downloaded from google-maven-central: https://maven-central.storage-download.googleapis.com/maven2/org/apache/maven/shared/file-management/3.0.0/file-management-3.0.0.jar (35 kB at 82 kB/s)
17:58:59.144 [Thread-15] DEBUG spoon.Launcher - [INFO] Downloading from google-maven-central: https://maven-central.storage-download.googleapis.com/maven2/org/codehaus/plexus/plexus-io/3.2.0/plexus-io-3.2.0.jar
17:58:59.147 [Thread-15] DEBUG spoon.Launcher - [INFO] Downloaded from google-maven-central: https://maven-central.storage-download.googleapis.com/maven2/org/apache/maven/wagon/wagon-provider-api/2.10/wagon-provider-api-2.10.jar (54 kB at 123 kB/s)
17:58:59.148 [Thread-15] DEBUG spoon.Launcher - [INFO] Downloading from google-maven-central: https://maven-central.storage-download.googleapis.com/maven2/org/apache/maven/shared/maven-dependency-analyzer/1.11.1/maven-dependency-analyzer-1.11.1.jar
17:58:59.152 [Thread-15] DEBUG spoon.Launcher - [INFO] Downloaded from google-maven-central: https://maven-central.storage-download.googleapis.com/maven2/org/codehaus/plexus/plexus-utils/3.3.0/plexus-utils-3.3.0.jar (263 kB at 597 kB/s)
17:58:59.152 [Thread-15] DEBUG spoon.Launcher - [INFO] Downloading from google-maven-central: https://maven-central.storage-download.googleapis.com/maven2/org/ow2/asm/asm/7.3.1/asm-7.3.1.jar
17:58:59.154 [Thread-15] DEBUG spoon.Launcher - [INFO] Downloaded from google-maven-central: https://maven-central.storage-download.googleapis.com/maven2/org/codehaus/plexus/plexus-io/3.2.0/plexus-io-3.2.0.jar (76 kB at 171 kB/s)
17:58:59.156 [Thread-15] DEBUG spoon.Launcher - [INFO] Downloading from google-maven-central: https://maven-central.storage-download.googleapis.com/maven2/org/apache/maven/shared/maven-dependency-tree/3.0.1/maven-dependency-tree-3.0.1.jar
17:58:59.159 [Thread-15] DEBUG spoon.Launcher - [INFO] Downloaded from google-maven-central: https://maven-central.storage-download.googleapis.com/maven2/org/apache/maven/shared/maven-dependency-analyzer/1.11.1/maven-dependency-analyzer-1.11.1.jar (35 kB at 79 kB/s)
17:58:59.165 [Thread-15] DEBUG spoon.Launcher - [INFO] Downloading from google-maven-central: https://maven-central.storage-download.googleapis.com/maven2/org/slf4j/slf4j-api/1.7.5/slf4j-api-1.7.5.jar
17:58:59.167 [Thread-15] DEBUG spoon.Launcher - [INFO] Downloaded from google-maven-central: https://maven-central.storage-download.googleapis.com/maven2/org/ow2/asm/asm/7.3.1/asm-7.3.1.jar (122 kB at 268 kB/s)
17:58:59.167 [Thread-15] DEBUG spoon.Launcher - [INFO] Downloaded from google-maven-central: https://maven-central.storage-download.googleapis.com/maven2/org/apache/maven/shared/maven-dependency-tree/3.0.1/maven-dependency-tree-3.0.1.jar (37 kB at 81 kB/s)
17:58:59.172 [Thread-15] DEBUG spoon.Launcher - [INFO] Downloaded from google-maven-central: https://maven-central.storage-download.googleapis.com/maven2/org/slf4j/slf4j-api/1.7.5/slf4j-api-1.7.5.jar (26 kB at 57 kB/s)
17:58:59.176 [Thread-15] DEBUG spoon.Launcher - [INFO] Downloaded from google-maven-central: https://maven-central.storage-download.googleapis.com/maven2/org/apache/maven/maven-compat/3.0/maven-compat-3.0.jar (285 kB at 614 kB/s)
17:58:59.219 [Thread-15] DEBUG spoon.Launcher - [INFO] Downloaded from google-maven-central: https://maven-central.storage-download.googleapis.com/maven2/org/codehaus/plexus/plexus-archiver/4.2.2/plexus-archiver-4.2.2.jar (194 kB at 382 kB/s)
17:58:59.643 [Thread-15] DEBUG spoon.Launcher - [INFO] Wrote classpath file '/home/travis/build/SpoonLabs/spoon-ci-external/spoon/spoon.classpath-app.tmp'.
17:58:59.645 [Thread-15] DEBUG spoon.Launcher - [INFO] ------------------------------------------------------------------------
17:58:59.645 [Thread-15] DEBUG spoon.Launcher - [INFO] BUILD SUCCESS
17:58:59.646 [Thread-15] DEBUG spoon.Launcher - [INFO] ------------------------------------------------------------------------
17:58:59.648 [Thread-15] DEBUG spoon.Launcher - [INFO] Total time:  9.186 s
17:58:59.649 [Thread-15] DEBUG spoon.Launcher - [INFO] Finished at: 2020-08-14T17:58:59Z
17:58:59.649 [Thread-15] DEBUG spoon.Launcher - [INFO] ------------------------------------------------------------------------
17:58:59.729 [main] INFO spoon.Launcher - Running in NOCLASSPATH mode (doc: http://spoon.gforge.inria.fr/launcher.html).
17:59:01.382 [Thread-18] DEBUG spoon.Launcher - [INFO] Scanning for projects...
17:59:02.723 [Thread-18] DEBUG spoon.Launcher - [INFO] Inspecting build with total of 1 modules...
17:59:02.724 [Thread-18] DEBUG spoon.Launcher - [INFO] Installing Nexus Staging features:
17:59:02.725 [Thread-18] DEBUG spoon.Launcher - [INFO]   ... total of 1 executions of maven-deploy-plugin replaced with nexus-staging-maven-plugin
17:59:02.852 [Thread-18] DEBUG spoon.Launcher - [INFO] 
17:59:02.852 [Thread-18] DEBUG spoon.Launcher - [INFO] ------------------< fr.inria.gforge.spoon:spoon-core >------------------
17:59:02.853 [Thread-18] DEBUG spoon.Launcher - [INFO] Building Spoon Core 8.3.0-SNAPSHOT
17:59:02.854 [Thread-18] DEBUG spoon.Launcher - [INFO] --------------------------------[ jar ]---------------------------------
17:59:03.547 [Thread-18] DEBUG spoon.Launcher - [INFO] Downloading from apache-snapshots: https://repository.apache.org/snapshots/junit/junit-dep/maven-metadata.xml
17:59:03.555 [Thread-18] DEBUG spoon.Launcher - [INFO] Downloading from sonatype-apache: https://repository.apache.org/content/repositories/releases/junit/junit-dep/maven-metadata.xml
17:59:03.555 [Thread-18] DEBUG spoon.Launcher - [INFO] Downloading from maven.inria.fr-snapshot: https://maven.irisa.fr/artifactory/spoon-public-snapshot/junit/junit-dep/maven-metadata.xml
17:59:03.555 [Thread-18] DEBUG spoon.Launcher - [INFO] Downloading from sonatype: https://oss.sonatype.org/content/repositories/releases/junit/junit-dep/maven-metadata.xml
17:59:04.148 [Thread-18] DEBUG spoon.Launcher - [INFO] Downloaded from sonatype: https://oss.sonatype.org/content/repositories/releases/junit/junit-dep/maven-metadata.xml (563 B at 771 B/s)
17:59:04.161 [Thread-18] DEBUG spoon.Launcher - [WARNING] Could not transfer metadata junit:junit-dep/maven-metadata.xml from/to maven.inria.fr-snapshot (https://maven.irisa.fr/artifactory/spoon-public-snapshot): Transfer failed for https://maven.irisa.fr/artifactory/spoon-public-snapshot/junit/junit-dep/maven-metadata.xml
17:59:04.200 [Thread-18] DEBUG spoon.Launcher - [INFO] 
17:59:04.200 [Thread-18] DEBUG spoon.Launcher - [INFO] --- maven-dependency-plugin:3.1.2:build-classpath (default-cli) @ spoon-core ---
17:59:05.129 [Thread-18] DEBUG spoon.Launcher - [INFO] Wrote classpath file '/home/travis/build/SpoonLabs/spoon-ci-external/spoon/spoon.classpath.tmp'.
17:59:05.130 [Thread-18] DEBUG spoon.Launcher - [INFO] ------------------------------------------------------------------------
17:59:05.130 [Thread-18] DEBUG spoon.Launcher - [INFO] BUILD SUCCESS
17:59:05.130 [Thread-18] DEBUG spoon.Launcher - [INFO] ------------------------------------------------------------------------
17:59:05.132 [Thread-18] DEBUG spoon.Launcher - [INFO] Total time:  3.775 s
17:59:05.133 [Thread-18] DEBUG spoon.Launcher - [INFO] Finished at: 2020-08-14T17:59:05Z
17:59:05.133 [Thread-18] DEBUG spoon.Launcher - [INFO] ------------------------------------------------------------------------
17:59:05.266 [main] INFO spoon.Launcher - Running in NOCLASSPATH mode (doc: http://spoon.gforge.inria.fr/launcher.html).
17:59:05.458 [main] INFO spoon.Launcher - Running in NOCLASSPATH mode (doc: http://spoon.gforge.inria.fr/launcher.html).
17:59:07.090 [Thread-21] DEBUG spoon.Launcher - [INFO] Scanning for projects...
17:59:07.505 [Thread-21] DEBUG spoon.Launcher - [INFO] 
17:59:07.506 [Thread-21] DEBUG spoon.Launcher - [INFO] -------------------------< org.foo.bar:foobar >-------------------------
17:59:07.506 [Thread-21] DEBUG spoon.Launcher - [INFO] Building foobar 1.0.0-SNAPSHOT
17:59:07.507 [Thread-21] DEBUG spoon.Launcher - [INFO] --------------------------------[ jar ]---------------------------------
17:59:07.533 [Thread-21] DEBUG spoon.Launcher - [INFO] 
17:59:07.533 [Thread-21] DEBUG spoon.Launcher - [INFO] --- maven-dependency-plugin:2.8:build-classpath (default-cli) @ foobar ---
17:59:08.508 [Thread-21] DEBUG spoon.Launcher - [INFO] No dependencies found.
17:59:08.509 [Thread-21] DEBUG spoon.Launcher - [INFO] Wrote classpath file '/home/travis/build/SpoonLabs/spoon-ci-external/spoon/src/test/resources/maven-launcher/java-11/spoon.classpath-app.tmp'.
17:59:08.513 [Thread-21] DEBUG spoon.Launcher - [INFO] ------------------------------------------------------------------------
17:59:08.513 [Thread-21] DEBUG spoon.Launcher - [INFO] BUILD SUCCESS
17:59:08.513 [Thread-21] DEBUG spoon.Launcher - [INFO] ------------------------------------------------------------------------
17:59:08.513 [Thread-21] DEBUG spoon.Launcher - [INFO] Total time:  1.455 s
17:59:08.514 [Thread-21] DEBUG spoon.Launcher - [INFO] Finished at: 2020-08-14T17:59:08Z
17:59:08.514 [Thread-21] DEBUG spoon.Launcher - [INFO] ------------------------------------------------------------------------
17:59:08.530 [main] INFO spoon.Launcher - Running in NOCLASSPATH mode (doc: http://spoon.gforge.inria.fr/launcher.html).
]]></system-out>
  </testcase>
  <testcase name="mavenLauncherTestWithVerySimpleProject" classname="spoon.MavenLauncherTest" time="3.415">
    <system-out><![CDATA[17:59:08.569 [main] INFO spoon.Launcher - Running in NOCLASSPATH mode (doc: http://spoon.gforge.inria.fr/launcher.html).
17:59:10.632 [Thread-24] DEBUG spoon.Launcher - [INFO] Scanning for projects...
17:59:10.985 [Thread-24] DEBUG spoon.Launcher - [INFO] 
17:59:10.986 [Thread-24] DEBUG spoon.Launcher - [INFO] -------------------------< org.foo.bar:foobar >-------------------------
17:59:10.987 [Thread-24] DEBUG spoon.Launcher - [INFO] Building foobar 1.0.0-SNAPSHOT
17:59:10.988 [Thread-24] DEBUG spoon.Launcher - [INFO] --------------------------------[ jar ]---------------------------------
17:59:11.006 [Thread-24] DEBUG spoon.Launcher - [INFO] 
17:59:11.007 [Thread-24] DEBUG spoon.Launcher - [INFO] --- maven-dependency-plugin:2.8:build-classpath (default-cli) @ foobar ---
17:59:11.939 [Thread-24] DEBUG spoon.Launcher - [INFO] No dependencies found.
17:59:11.945 [Thread-24] DEBUG spoon.Launcher - [INFO] Wrote classpath file '/home/travis/build/SpoonLabs/spoon-ci-external/spoon/src/test/resources/maven-launcher/very-simple/spoon.classpath.tmp'.
17:59:11.949 [Thread-24] DEBUG spoon.Launcher - [INFO] ------------------------------------------------------------------------
17:59:11.949 [Thread-24] DEBUG spoon.Launcher - [INFO] BUILD SUCCESS
17:59:11.949 [Thread-24] DEBUG spoon.Launcher - [INFO] ------------------------------------------------------------------------
17:59:11.951 [Thread-24] DEBUG spoon.Launcher - [INFO] Total time:  1.344 s
17:59:11.952 [Thread-24] DEBUG spoon.Launcher - [INFO] Finished at: 2020-08-14T17:59:11Z
17:59:11.952 [Thread-24] DEBUG spoon.Launcher - [INFO] ------------------------------------------------------------------------
]]></system-out>
  </testcase>
  <testcase name="testGuessMavenHome" classname="spoon.MavenLauncherTest" time="0.184"/>
  <testcase name="testPomSourceDirectory" classname="spoon.MavenLauncherTest" time="3.34">
    <system-out><![CDATA[17:59:12.161 [main] INFO spoon.Launcher - Running in NOCLASSPATH mode (doc: http://spoon.gforge.inria.fr/launcher.html).
17:59:13.850 [Thread-27] DEBUG spoon.Launcher - [INFO] Scanning for projects...
17:59:14.325 [Thread-27] DEBUG spoon.Launcher - [INFO] 
17:59:14.326 [Thread-27] DEBUG spoon.Launcher - [INFO] -------------------------< org.foo.bar:foobar >-------------------------
17:59:14.328 [Thread-27] DEBUG spoon.Launcher - [INFO] Building foobar 1.0.0-SNAPSHOT
17:59:14.329 [Thread-27] DEBUG spoon.Launcher - [INFO] --------------------------------[ jar ]---------------------------------
17:59:14.350 [Thread-27] DEBUG spoon.Launcher - [INFO] 
17:59:14.356 [Thread-27] DEBUG spoon.Launcher - [INFO] --- maven-dependency-plugin:2.8:build-classpath (default-cli) @ foobar ---
17:59:15.462 [Thread-27] DEBUG spoon.Launcher - [INFO] No dependencies found.
17:59:15.469 [Thread-27] DEBUG spoon.Launcher - [INFO] Wrote classpath file '/home/travis/build/SpoonLabs/spoon-ci-external/spoon/src/test/resources/maven-launcher/source-directory/spoon.classpath.tmp'.
17:59:15.471 [Thread-27] DEBUG spoon.Launcher - [INFO] ------------------------------------------------------------------------
17:59:15.471 [Thread-27] DEBUG spoon.Launcher - [INFO] BUILD SUCCESS
17:59:15.471 [Thread-27] DEBUG spoon.Launcher - [INFO] ------------------------------------------------------------------------
17:59:15.473 [Thread-27] DEBUG spoon.Launcher - [INFO] Total time:  1.654 s
17:59:15.475 [Thread-27] DEBUG spoon.Launcher - [INFO] Finished at: 2020-08-14T17:59:15Z
17:59:15.475 [Thread-27] DEBUG spoon.Launcher - [INFO] ------------------------------------------------------------------------
]]></system-out>
  </testcase>
  <testcase name="mavenLauncherOnDirectoryWithoutPomTest" classname="spoon.MavenLauncherTest" time="0.002">
    <system-out><![CDATA[17:59:15.501 [main] INFO spoon.Launcher - Running in NOCLASSPATH mode (doc: http://spoon.gforge.inria.fr/launcher.html).
]]></system-out>
  </testcase>
</testsuite>