<?xml version="1.0" encoding="UTF-8"?>
<testsuite xmlns:xsi="http://www.w3.org/2001/XMLSchema-instance" xsi:noNamespaceSchemaLocation="https://maven.apache.org/surefire/maven-surefire-plugin/xsd/surefire-test-report.xsd" name="spoon.test.annotation.AnnotationTest" time="3.032" tests="55" errors="0" skipped="0" failures="0">
  <properties>
    <property name="awt.toolkit" value="sun.awt.X11.XToolkit"/>
    <property name="file.encoding.pkg" value="sun.io"/>
    <property name="java.specification.version" value="1.8"/>
    <property name="sun.cpu.isalist" value=""/>
    <property name="sun.jnu.encoding" value="UTF-8"/>
    <property name="java.class.path" value="/home/travis/.m2/repository/org/apache/maven/surefire/surefire-booter/2.21.0/surefire-booter-2.21.0.jar:/home/travis/.m2/repository/org/apache/maven/surefire/surefire-api/2.21.0/surefire-api-2.21.0.jar:/home/travis/.m2/repository/org/apache/maven/surefire/surefire-logger-api/2.21.0/surefire-logger-api-2.21.0.jar:/home/travis/build/SpoonLabs/spoon-ci-external/spoon/target/test-classes:/home/travis/build/SpoonLabs/spoon-ci-external/spoon/target/classes:/home/travis/.m2/repository/org/eclipse/jdt/org.eclipse.jdt.core/3.16.0/org.eclipse.jdt.core-3.16.0.jar:/home/travis/.m2/repository/com/github/stefanbirkner/system-rules/1.9.0/system-rules-1.9.0.jar:/home/travis/.m2/repository/junit/junit/4.11-beta-1/junit-4.11-beta-1.jar:/home/travis/.m2/repository/org/hamcrest/hamcrest-core/1.3/hamcrest-core-1.3.jar:/home/travis/.m2/repository/org/mockito/mockito-core/2.23.4/mockito-core-2.23.4.jar:/home/travis/.m2/repository/net/bytebuddy/byte-buddy/1.9.3/byte-buddy-1.9.3.jar:/home/travis/.m2/repository/net/bytebuddy/byte-buddy-agent/1.9.3/byte-buddy-agent-1.9.3.jar:/home/travis/.m2/repository/org/objenesis/objenesis/2.6/objenesis-2.6.jar:/home/travis/.m2/repository/com/martiansoftware/jsap/2.1/jsap-2.1.jar:/home/travis/.m2/repository/org/apache/logging/log4j/log4j-api/2.13.0/log4j-api-2.13.0.jar:/home/travis/.m2/repository/org/apache/logging/log4j/log4j-to-slf4j/2.13.0/log4j-to-slf4j-2.13.0.jar:/home/travis/.m2/repository/org/slf4j/slf4j-api/1.7.25/slf4j-api-1.7.25.jar:/home/travis/.m2/repository/commons-io/commons-io/2.6/commons-io-2.6.jar:/home/travis/.m2/repository/org/apache/maven/maven-model/3.5.0/maven-model-3.5.0.jar:/home/travis/.m2/repository/org/codehaus/plexus/plexus-utils/3.0.24/plexus-utils-3.0.24.jar:/home/travis/.m2/repository/org/apache/commons/commons-lang3/3.8.1/commons-lang3-3.8.1.jar:/home/travis/.m2/repository/org/tukaani/xz/1.8/xz-1.8.jar:/home/travis/.m2/repository/com/fasterxml/jackson/core/jackson-databind/2.9.10.1/jackson-databind-2.9.10.1.jar:/home/travis/.m2/repository/com/fasterxml/jackson/core/jackson-annotations/2.9.10/jackson-annotations-2.9.10.jar:/home/travis/.m2/repository/com/fasterxml/jackson/core/jackson-core/2.9.10/jackson-core-2.9.10.jar:/home/travis/.m2/repository/org/apache/commons/commons-compress/1.19/commons-compress-1.19.jar:/home/travis/.m2/repository/com/google/guava/guava/18.0/guava-18.0.jar:/home/travis/.m2/repository/ch/qos/logback/logback-classic/1.1.8/logback-classic-1.1.8.jar:/home/travis/.m2/repository/ch/qos/logback/logback-core/1.1.8/logback-core-1.1.8.jar:/home/travis/.m2/repository/com/mysema/querydsl/querydsl-core/3.6.9/querydsl-core-3.6.9.jar:/home/travis/.m2/repository/org/apache/maven/shared/maven-invoker/3.0.1/maven-invoker-3.0.1.jar:/home/travis/.m2/repository/org/apache/maven/shared/maven-shared-utils/3.2.1/maven-shared-utils-3.2.1.jar:/home/travis/.m2/repository/org/codehaus/plexus/plexus-component-annotations/1.7.1/plexus-component-annotations-1.7.1.jar:/home/travis/.m2/repository/org/junit/vintage/junit-vintage-engine/5.4.2/junit-vintage-engine-5.4.2.jar:/home/travis/.m2/repository/org/apiguardian/apiguardian-api/1.0.0/apiguardian-api-1.0.0.jar:/home/travis/.m2/repository/org/junit/platform/junit-platform-engine/1.4.2/junit-platform-engine-1.4.2.jar:/home/travis/.m2/repository/org/opentest4j/opentest4j/1.1.1/opentest4j-1.1.1.jar:/home/travis/.m2/repository/org/junit/platform/junit-platform-commons/1.4.2/junit-platform-commons-1.4.2.jar:/home/travis/.m2/repository/org/junit/jupiter/junit-jupiter-engine/5.4.2/junit-jupiter-engine-5.4.2.jar:/home/travis/.m2/repository/org/junit/jupiter/junit-jupiter-api/5.4.2/junit-jupiter-api-5.4.2.jar:/home/travis/.m2/repository/org/apache/maven/surefire/surefire-junit4/2.21.0/surefire-junit4-2.21.0.jar"/>
    <property name="java.vm.vendor" value="Private Build"/>
    <property name="sun.arch.data.model" value="64"/>
    <property name="java.vendor.url" value="http://java.oracle.com/"/>
    <property name="user.timezone" value=""/>
    <property name="java.vm.specification.version" value="1.8"/>
    <property name="os.name" value="Linux"/>
    <property name="user.country" value="US"/>
    <property name="sun.java.launcher" value="SUN_STANDARD"/>
    <property name="sun.boot.library.path" value="/usr/lib/jvm/java-8-openjdk-amd64/jre/lib/amd64"/>
    <property name="sun.java.command" value="org.apache.maven.surefire.booter.ForkedBooter /home/travis/build/SpoonLabs/spoon-ci-external/spoon/target/surefire 2020-02-13T16-36-10_363-jvmRun1 surefire1073481608802565275tmp surefire_08963752312002069232tmp"/>
    <property name="surefire.test.class.path" value="/home/travis/build/SpoonLabs/spoon-ci-external/spoon/target/test-classes:/home/travis/build/SpoonLabs/spoon-ci-external/spoon/target/classes:/home/travis/.m2/repository/org/eclipse/jdt/org.eclipse.jdt.core/3.16.0/org.eclipse.jdt.core-3.16.0.jar:/home/travis/.m2/repository/com/github/stefanbirkner/system-rules/1.9.0/system-rules-1.9.0.jar:/home/travis/.m2/repository/junit/junit/4.11-beta-1/junit-4.11-beta-1.jar:/home/travis/.m2/repository/org/hamcrest/hamcrest-core/1.3/hamcrest-core-1.3.jar:/home/travis/.m2/repository/org/mockito/mockito-core/2.23.4/mockito-core-2.23.4.jar:/home/travis/.m2/repository/net/bytebuddy/byte-buddy/1.9.3/byte-buddy-1.9.3.jar:/home/travis/.m2/repository/net/bytebuddy/byte-buddy-agent/1.9.3/byte-buddy-agent-1.9.3.jar:/home/travis/.m2/repository/org/objenesis/objenesis/2.6/objenesis-2.6.jar:/home/travis/.m2/repository/com/martiansoftware/jsap/2.1/jsap-2.1.jar:/home/travis/.m2/repository/org/apache/logging/log4j/log4j-api/2.13.0/log4j-api-2.13.0.jar:/home/travis/.m2/repository/org/apache/logging/log4j/log4j-to-slf4j/2.13.0/log4j-to-slf4j-2.13.0.jar:/home/travis/.m2/repository/org/slf4j/slf4j-api/1.7.25/slf4j-api-1.7.25.jar:/home/travis/.m2/repository/commons-io/commons-io/2.6/commons-io-2.6.jar:/home/travis/.m2/repository/org/apache/maven/maven-model/3.5.0/maven-model-3.5.0.jar:/home/travis/.m2/repository/org/codehaus/plexus/plexus-utils/3.0.24/plexus-utils-3.0.24.jar:/home/travis/.m2/repository/org/apache/commons/commons-lang3/3.8.1/commons-lang3-3.8.1.jar:/home/travis/.m2/repository/org/tukaani/xz/1.8/xz-1.8.jar:/home/travis/.m2/repository/com/fasterxml/jackson/core/jackson-databind/2.9.10.1/jackson-databind-2.9.10.1.jar:/home/travis/.m2/repository/com/fasterxml/jackson/core/jackson-annotations/2.9.10/jackson-annotations-2.9.10.jar:/home/travis/.m2/repository/com/fasterxml/jackson/core/jackson-core/2.9.10/jackson-core-2.9.10.jar:/home/travis/.m2/repository/org/apache/commons/commons-compress/1.19/commons-compress-1.19.jar:/home/travis/.m2/repository/com/google/guava/guava/18.0/guava-18.0.jar:/home/travis/.m2/repository/ch/qos/logback/logback-classic/1.1.8/logback-classic-1.1.8.jar:/home/travis/.m2/repository/ch/qos/logback/logback-core/1.1.8/logback-core-1.1.8.jar:/home/travis/.m2/repository/com/mysema/querydsl/querydsl-core/3.6.9/querydsl-core-3.6.9.jar:/home/travis/.m2/repository/org/apache/maven/shared/maven-invoker/3.0.1/maven-invoker-3.0.1.jar:/home/travis/.m2/repository/org/apache/maven/shared/maven-shared-utils/3.2.1/maven-shared-utils-3.2.1.jar:/home/travis/.m2/repository/org/codehaus/plexus/plexus-component-annotations/1.7.1/plexus-component-annotations-1.7.1.jar:/home/travis/.m2/repository/org/junit/vintage/junit-vintage-engine/5.4.2/junit-vintage-engine-5.4.2.jar:/home/travis/.m2/repository/org/apiguardian/apiguardian-api/1.0.0/apiguardian-api-1.0.0.jar:/home/travis/.m2/repository/org/junit/platform/junit-platform-engine/1.4.2/junit-platform-engine-1.4.2.jar:/home/travis/.m2/repository/org/opentest4j/opentest4j/1.1.1/opentest4j-1.1.1.jar:/home/travis/.m2/repository/org/junit/platform/junit-platform-commons/1.4.2/junit-platform-commons-1.4.2.jar:/home/travis/.m2/repository/org/junit/jupiter/junit-jupiter-engine/5.4.2/junit-jupiter-engine-5.4.2.jar:/home/travis/.m2/repository/org/junit/jupiter/junit-jupiter-api/5.4.2/junit-jupiter-api-5.4.2.jar:"/>
    <property name="sun.cpu.endian" value="little"/>
    <property name="user.home" value="/home/travis"/>
    <property name="user.language" value="en"/>
    <property name="java.specification.vendor" value="Oracle Corporation"/>
    <property name="java.home" value="/usr/lib/jvm/java-8-openjdk-amd64/jre"/>
    <property name="basedir" value="/home/travis/build/SpoonLabs/spoon-ci-external/spoon"/>
    <property name="file.separator" value="/"/>
    <property name="line.separator" value="&#10;"/>
    <property name="java.vm.specification.vendor" value="Oracle Corporation"/>
    <property name="java.specification.name" value="Java Platform API Specification"/>
    <property name="java.awt.graphicsenv" value="sun.awt.X11GraphicsEnvironment"/>
    <property name="sun.boot.class.path" value="/usr/lib/jvm/java-8-openjdk-amd64/jre/lib/resources.jar:/usr/lib/jvm/java-8-openjdk-amd64/jre/lib/rt.jar:/usr/lib/jvm/java-8-openjdk-amd64/jre/lib/sunrsasign.jar:/usr/lib/jvm/java-8-openjdk-amd64/jre/lib/jsse.jar:/usr/lib/jvm/java-8-openjdk-amd64/jre/lib/jce.jar:/usr/lib/jvm/java-8-openjdk-amd64/jre/lib/charsets.jar:/usr/lib/jvm/java-8-openjdk-amd64/jre/lib/jfr.jar:/usr/lib/jvm/java-8-openjdk-amd64/jre/classes"/>
    <property name="sun.management.compiler" value="HotSpot 64-Bit Tiered Compilers"/>
    <property name="java.runtime.version" value="1.8.0_222-8u222-b10-1ubuntu1~16.04.1-b10"/>
    <property name="user.name" value="travis"/>
    <property name="path.separator" value=":"/>
    <property name="os.version" value="4.15.0-1050-gcp"/>
    <property name="java.endorsed.dirs" value="/usr/lib/jvm/java-8-openjdk-amd64/jre/lib/endorsed"/>
    <property name="java.runtime.name" value="OpenJDK Runtime Environment"/>
    <property name="file.encoding" value="UTF-8"/>
    <property name="java.vm.name" value="OpenJDK 64-Bit Server VM"/>
    <property name="localRepository" value="/home/travis/.m2/repository"/>
    <property name="java.vendor.url.bug" value="http://bugreport.sun.com/bugreport/"/>
    <property name="java.io.tmpdir" value="/tmp"/>
    <property name="java.version" value="1.8.0_222"/>
    <property name="user.dir" value="/home/travis/build/SpoonLabs/spoon-ci-external/spoon"/>
    <property name="os.arch" value="amd64"/>
    <property name="java.vm.specification.name" value="Java Virtual Machine Specification"/>
    <property name="java.awt.printerjob" value="sun.print.PSPrinterJob"/>
    <property name="sun.os.patch.level" value="unknown"/>
    <property name="java.library.path" value="/usr/java/packages/lib/amd64:/usr/lib/x86_64-linux-gnu/jni:/lib/x86_64-linux-gnu:/usr/lib/x86_64-linux-gnu:/usr/lib/jni:/lib:/usr/lib"/>
    <property name="java.vm.info" value="mixed mode"/>
    <property name="java.vendor" value="Private Build"/>
    <property name="java.vm.version" value="25.222-b10"/>
    <property name="java.ext.dirs" value="/usr/lib/jvm/java-8-openjdk-amd64/jre/lib/ext:/usr/java/packages/lib/ext"/>
    <property name="sun.io.unicode.encoding" value="UnicodeLittle"/>
    <property name="java.class.version" value="52.0"/>
  </properties>
  <testcase name="testModelBuildingAnnotationBoundUsage" classname="spoon.test.annotation.AnnotationTest" time="0.058"/>
  <testcase name="testSpoonManageRecursivelyDefinedAnnotation" classname="spoon.test.annotation.AnnotationTest" time="0.006"/>
  <testcase name="testModelBuildingAnnotationBound" classname="spoon.test.annotation.AnnotationTest" time="0.045"/>
  <testcase name="testDefaultValueInAnnotationsForAnnotationFields" classname="spoon.test.annotation.AnnotationTest" time="0.044"/>
  <testcase name="testPersistenceProperty" classname="spoon.test.annotation.AnnotationTest" time="0.045"/>
  <testcase name="annotationOverrideFQNIsOK" classname="spoon.test.annotation.AnnotationTest" time="0.066"/>
  <testcase name="testInnerAnnotationsWithArray" classname="spoon.test.annotation.AnnotationTest" time="0.049"/>
  <testcase name="testRepeatSameAnnotationOnMethod" classname="spoon.test.annotation.AnnotationTest" time="0.053"/>
  <testcase name="testUsageOfTypeAnnotationInCast" classname="spoon.test.annotation.AnnotationTest" time="0.126"/>
  <testcase name="testAnnotationNotRepeatableNotArrayAnnotation" classname="spoon.test.annotation.AnnotationTest" time="0.05"/>
  <testcase name="annotationAddValue" classname="spoon.test.annotation.AnnotationTest" time="0.042"/>
  <testcase name="testAnnotationWithDefaultArrayValue" classname="spoon.test.annotation.AnnotationTest" time="0.043"/>
  <testcase name="testUsageOfTypeAnnotationWithGenericTypesInStatements" classname="spoon.test.annotation.AnnotationTest" time="0.07"/>
  <testcase name="testRepeatableAnnotationAreManaged" classname="spoon.test.annotation.AnnotationTest" time="0.053"/>
  <testcase name="testUsageOfTypeAnnotationInReturnTypeInMethod" classname="spoon.test.annotation.AnnotationTest" time="0.076"/>
  <testcase name="testAnnotationAndShadowClassRetentionPolicy" classname="spoon.test.annotation.AnnotationTest" time="0.049"/>
  <testcase name="testAbstractAllAnnotationProcessor" classname="spoon.test.annotation.AnnotationTest" time="0.1"/>
  <testcase name="testAnnotationAndShadowDefaultRetentionPolicy" classname="spoon.test.annotation.AnnotationTest" time="0.041"/>
  <testcase name="testUsageOfTypeAnnotationInNewInstance" classname="spoon.test.annotation.AnnotationTest" time="0.067"/>
  <testcase name="testCreateAnnotation" classname="spoon.test.annotation.AnnotationTest" time="0.004"/>
  <testcase name="testSpoonSpoonResult" classname="spoon.test.annotation.AnnotationTest" time="0.088"/>
  <testcase name="testRepeatSameAnnotationOnParameter" classname="spoon.test.annotation.AnnotationTest" time="0.042"/>
  <testcase name="testReplaceAnnotationValue" classname="spoon.test.annotation.AnnotationTest" time="0.056"/>
  <testcase name="testAnnotatedElementTypes" classname="spoon.test.annotation.AnnotationTest" time="0.13"/>
  <testcase name="testFieldAndMethodInAnnotation" classname="spoon.test.annotation.AnnotationTest" time="0.044"/>
  <testcase name="testUsageOfTypeAnnotationWithGenericTypesInClassDeclaration" classname="spoon.test.annotation.AnnotationTest" time="0.07"/>
  <testcase name="testAnnotationIntrospection" classname="spoon.test.annotation.AnnotationTest" time="0.042"/>
  <testcase name="testCreateRepeatableAnnotation" classname="spoon.test.annotation.AnnotationTest" time="0.033"/>
  <testcase name="testGetAnnotationOuter" classname="spoon.test.annotation.AnnotationTest" time="0.032"/>
  <testcase name="testCatchAnnotation" classname="spoon.test.annotation.AnnotationTest" time="0.043"/>
  <testcase name="testUsageOfTypeAnnotationOnParameterInMethod" classname="spoon.test.annotation.AnnotationTest" time="0.066"/>
  <testcase name="testCatchExpressionAnnotation" classname="spoon.test.annotation.AnnotationTest" time="0.041"/>
  <testcase name="testGetAnnotationFromParameter" classname="spoon.test.annotation.AnnotationTest" time="0.047"/>
  <testcase name="testGetValueAsObject" classname="spoon.test.annotation.AnnotationTest" time="0.05"/>
  <testcase name="testAbstractAllAnnotationProcessorWithGlobalAnnotation" classname="spoon.test.annotation.AnnotationTest" time="0.057"/>
  <testcase name="testRepeatSameAnnotationOnConstructor" classname="spoon.test.annotation.AnnotationTest" time="0.042"/>
  <testcase name="testAnnotationParameterTypes" classname="spoon.test.annotation.AnnotationTest" time="0.062"/>
  <testcase name="testUsageOfTypeAnnotationBeforeExceptionInSignatureOfMethod" classname="spoon.test.annotation.AnnotationTest" time="0.077"/>
  <testcase name="testWritingAnnotParamArray" classname="spoon.test.annotation.AnnotationTest" time="0.032"/>
  <testcase name="testAnnotationInterfacePreserveMethods" classname="spoon.test.annotation.AnnotationTest" time="0.051"/>
  <testcase name="testOutputGeneratedByTypeAnnotation" classname="spoon.test.annotation.AnnotationTest" time="0.161"/>
  <testcase name="testAccessAnnotationValue" classname="spoon.test.annotation.AnnotationTest" time="0.06"/>
  <testcase name="testUsageOfTypeAnnotationOnLocalVariableInMethod" classname="spoon.test.annotation.AnnotationTest" time="0.065"/>
  <testcase name="testAnnotationAndShadowRuntimeRetentionPolicy" classname="spoon.test.annotation.AnnotationTest" time="0.041"/>
  <testcase name="testUsageOfTypeAnnotationInExtendsImplementsOfAClass" classname="spoon.test.annotation.AnnotationTest" time="0.066"/>
  <testcase name="testCreateRepeatableAnnotationWithArrays" classname="spoon.test.annotation.AnnotationTest" time="0.049"/>
  <testcase name="testRepeatSameAnnotationOnPackage" classname="spoon.test.annotation.AnnotationTest" time="0.041"/>
  <testcase name="testAnnotationValueReflection" classname="spoon.test.annotation.AnnotationTest" time="0.002"/>
  <testcase name="testUsageOfParametersInTypeAnnotation" classname="spoon.test.annotation.AnnotationTest" time="0.072"/>
  <testcase name="testAnnotationArray" classname="spoon.test.annotation.AnnotationTest" time="0.044"/>
  <testcase name="testRepeatSameAnnotationOnClass" classname="spoon.test.annotation.AnnotationTest" time="0.04"/>
  <testcase name="testRepeatSameAnnotationOnField" classname="spoon.test.annotation.AnnotationTest" time="0.043"/>
  <testcase name="testRepeatSameAnnotationOnLocalVariable" classname="spoon.test.annotation.AnnotationTest" time="0.043"/>
  <testcase name="testRepeatableAnnotationAreManagedWithArrays" classname="spoon.test.annotation.AnnotationTest" time="0.045"/>
  <testcase name="testAnnotationTypeAndFieldOnField" classname="spoon.test.annotation.AnnotationTest" time="0.047"/>
</testsuite>