<?xml version="1.0" encoding="UTF-8"?>
<testsuite xmlns:xsi="http://www.w3.org/2001/XMLSchema-instance" xsi:noNamespaceSchemaLocation="https://maven.apache.org/surefire/maven-surefire-plugin/xsd/surefire-test-report-3.0.xsd" version="3.0" name="spoon.test.filters.FilterTest" time="4.855" tests="45" errors="0" skipped="0" failures="0">
  <properties>
    <property name="awt.toolkit" value="sun.awt.X11.XToolkit"/>
    <property name="file.encoding.pkg" value="sun.io"/>
    <property name="java.specification.version" value="1.8"/>
    <property name="sun.cpu.isalist" value=""/>
    <property name="sun.jnu.encoding" value="UTF-8"/>
    <property name="java.class.path" value="/home/travis/.m2/repository/org/apache/maven/surefire/surefire-booter/3.0.0-M5/surefire-booter-3.0.0-M5.jar:/home/travis/.m2/repository/org/apache/maven/surefire/surefire-api/3.0.0-M5/surefire-api-3.0.0-M5.jar:/home/travis/.m2/repository/org/apache/maven/surefire/surefire-logger-api/3.0.0-M5/surefire-logger-api-3.0.0-M5.jar:/home/travis/.m2/repository/org/apache/maven/surefire/surefire-shared-utils/3.0.0-M4/surefire-shared-utils-3.0.0-M4.jar:/home/travis/.m2/repository/org/apache/maven/surefire/surefire-extensions-spi/3.0.0-M5/surefire-extensions-spi-3.0.0-M5.jar:/home/travis/build/SpoonLabs/spoon-ci-external/spoon/target/test-classes:/home/travis/build/SpoonLabs/spoon-ci-external/spoon/target/classes:/home/travis/.m2/repository/org/eclipse/jdt/org.eclipse.jdt.core/3.20.0/org.eclipse.jdt.core-3.20.0.jar:/home/travis/.m2/repository/com/martiansoftware/jsap/2.1/jsap-2.1.jar:/home/travis/.m2/repository/org/apache/logging/log4j/log4j-api/2.13.3/log4j-api-2.13.3.jar:/home/travis/.m2/repository/org/apache/logging/log4j/log4j-to-slf4j/2.13.3/log4j-to-slf4j-2.13.3.jar:/home/travis/.m2/repository/org/slf4j/slf4j-api/1.7.25/slf4j-api-1.7.25.jar:/home/travis/.m2/repository/commons-io/commons-io/2.7/commons-io-2.7.jar:/home/travis/.m2/repository/org/apache/maven/maven-model/3.6.3/maven-model-3.6.3.jar:/home/travis/.m2/repository/org/codehaus/plexus/plexus-utils/3.2.1/plexus-utils-3.2.1.jar:/home/travis/.m2/repository/org/apache/commons/commons-lang3/3.11/commons-lang3-3.11.jar:/home/travis/.m2/repository/org/tukaani/xz/1.8/xz-1.8.jar:/home/travis/.m2/repository/com/fasterxml/jackson/core/jackson-databind/2.11.2/jackson-databind-2.11.2.jar:/home/travis/.m2/repository/com/fasterxml/jackson/core/jackson-annotations/2.11.2/jackson-annotations-2.11.2.jar:/home/travis/.m2/repository/com/fasterxml/jackson/core/jackson-core/2.11.2/jackson-core-2.11.2.jar:/home/travis/.m2/repository/org/apache/commons/commons-compress/1.20/commons-compress-1.20.jar:/home/travis/.m2/repository/com/google/guava/guava/29.0-jre/guava-29.0-jre.jar:/home/travis/.m2/repository/com/google/guava/failureaccess/1.0.1/failureaccess-1.0.1.jar:/home/travis/.m2/repository/com/google/guava/listenablefuture/9999.0-empty-to-avoid-conflict-with-guava/listenablefuture-9999.0-empty-to-avoid-conflict-with-guava.jar:/home/travis/.m2/repository/com/google/code/findbugs/jsr305/3.0.2/jsr305-3.0.2.jar:/home/travis/.m2/repository/org/checkerframework/checker-qual/2.11.1/checker-qual-2.11.1.jar:/home/travis/.m2/repository/com/google/errorprone/error_prone_annotations/2.3.4/error_prone_annotations-2.3.4.jar:/home/travis/.m2/repository/com/google/j2objc/j2objc-annotations/1.3/j2objc-annotations-1.3.jar:/home/travis/.m2/repository/ch/qos/logback/logback-classic/1.2.3/logback-classic-1.2.3.jar:/home/travis/.m2/repository/ch/qos/logback/logback-core/1.2.3/logback-core-1.2.3.jar:/home/travis/.m2/repository/com/mysema/querydsl/querydsl-core/3.6.9/querydsl-core-3.6.9.jar:/home/travis/.m2/repository/org/apache/maven/shared/maven-invoker/3.0.1/maven-invoker-3.0.1.jar:/home/travis/.m2/repository/org/apache/maven/shared/maven-shared-utils/3.2.1/maven-shared-utils-3.2.1.jar:/home/travis/.m2/repository/org/codehaus/plexus/plexus-component-annotations/1.7.1/plexus-component-annotations-1.7.1.jar:/home/travis/.m2/repository/javax/validation/validation-api/2.0.1.Final/validation-api-2.0.1.Final.jar:/home/travis/.m2/repository/com/google/code/gson/gson/2.8.6/gson-2.8.6.jar:/home/travis/.m2/repository/org/junit/vintage/junit-vintage-engine/5.6.2/junit-vintage-engine-5.6.2.jar:/home/travis/.m2/repository/org/apiguardian/apiguardian-api/1.1.0/apiguardian-api-1.1.0.jar:/home/travis/.m2/repository/org/junit/platform/junit-platform-engine/1.6.2/junit-platform-engine-1.6.2.jar:/home/travis/.m2/repository/org/opentest4j/opentest4j/1.2.0/opentest4j-1.2.0.jar:/home/travis/.m2/repository/org/junit/platform/junit-platform-commons/1.6.2/junit-platform-commons-1.6.2.jar:/home/travis/.m2/repository/junit/junit/4.13/junit-4.13.jar:/home/travis/.m2/repository/org/hamcrest/hamcrest-core/1.3/hamcrest-core-1.3.jar:/home/travis/.m2/repository/org/mockito/mockito-core/3.4.6/mockito-core-3.4.6.jar:/home/travis/.m2/repository/net/bytebuddy/byte-buddy/1.10.13/byte-buddy-1.10.13.jar:/home/travis/.m2/repository/net/bytebuddy/byte-buddy-agent/1.10.13/byte-buddy-agent-1.10.13.jar:/home/travis/.m2/repository/org/objenesis/objenesis/2.6/objenesis-2.6.jar:/home/travis/.m2/repository/org/junit/jupiter/junit-jupiter-engine/5.6.2/junit-jupiter-engine-5.6.2.jar:/home/travis/.m2/repository/org/junit/jupiter/junit-jupiter-api/5.6.2/junit-jupiter-api-5.6.2.jar:/home/travis/.m2/repository/com/github/stefanbirkner/system-rules/1.19.0/system-rules-1.19.0.jar:/home/travis/.m2/repository/org/apache/maven/surefire/surefire-junit-platform/3.0.0-M5/surefire-junit-platform-3.0.0-M5.jar:/home/travis/.m2/repository/org/apache/maven/surefire/common-java5/3.0.0-M5/common-java5-3.0.0-M5.jar:/home/travis/.m2/repository/org/junit/platform/junit-platform-launcher/1.6.2/junit-platform-launcher-1.6.2.jar"/>
    <property name="java.vm.vendor" value="Private Build"/>
    <property name="jdt.compiler.useSingleThread" value="true"/>
    <property name="sun.arch.data.model" value="64"/>
    <property name="sun.font.fontmanager" value="sun.awt.X11FontManager"/>
    <property name="java.vendor.url" value="http://java.oracle.com/"/>
    <property name="user.timezone" value="UTC"/>
    <property name="java.vm.specification.version" value="1.8"/>
    <property name="os.name" value="Linux"/>
    <property name="spoon.log.path" value="${java.io.tmpdir}/spoon-log.log"/>
    <property name="user.country" value="US"/>
    <property name="sun.java.launcher" value="SUN_STANDARD"/>
    <property name="sun.boot.library.path" value="/usr/lib/jvm/java-8-openjdk-amd64/jre/lib/amd64"/>
    <property name="sun.java.command" value="org.apache.maven.surefire.booter.ForkedBooter /home/travis/build/SpoonLabs/spoon-ci-external/spoon/target/surefire 2020-08-12T17-55-37_950-jvmRun1 surefire8448713758163531171tmp surefire_02307430394364118806tmp"/>
    <property name="surefire.test.class.path" value="/home/travis/build/SpoonLabs/spoon-ci-external/spoon/target/test-classes:/home/travis/build/SpoonLabs/spoon-ci-external/spoon/target/classes:/home/travis/.m2/repository/org/eclipse/jdt/org.eclipse.jdt.core/3.20.0/org.eclipse.jdt.core-3.20.0.jar:/home/travis/.m2/repository/com/martiansoftware/jsap/2.1/jsap-2.1.jar:/home/travis/.m2/repository/org/apache/logging/log4j/log4j-api/2.13.3/log4j-api-2.13.3.jar:/home/travis/.m2/repository/org/apache/logging/log4j/log4j-to-slf4j/2.13.3/log4j-to-slf4j-2.13.3.jar:/home/travis/.m2/repository/org/slf4j/slf4j-api/1.7.25/slf4j-api-1.7.25.jar:/home/travis/.m2/repository/commons-io/commons-io/2.7/commons-io-2.7.jar:/home/travis/.m2/repository/org/apache/maven/maven-model/3.6.3/maven-model-3.6.3.jar:/home/travis/.m2/repository/org/codehaus/plexus/plexus-utils/3.2.1/plexus-utils-3.2.1.jar:/home/travis/.m2/repository/org/apache/commons/commons-lang3/3.11/commons-lang3-3.11.jar:/home/travis/.m2/repository/org/tukaani/xz/1.8/xz-1.8.jar:/home/travis/.m2/repository/com/fasterxml/jackson/core/jackson-databind/2.11.2/jackson-databind-2.11.2.jar:/home/travis/.m2/repository/com/fasterxml/jackson/core/jackson-annotations/2.11.2/jackson-annotations-2.11.2.jar:/home/travis/.m2/repository/com/fasterxml/jackson/core/jackson-core/2.11.2/jackson-core-2.11.2.jar:/home/travis/.m2/repository/org/apache/commons/commons-compress/1.20/commons-compress-1.20.jar:/home/travis/.m2/repository/com/google/guava/guava/29.0-jre/guava-29.0-jre.jar:/home/travis/.m2/repository/com/google/guava/failureaccess/1.0.1/failureaccess-1.0.1.jar:/home/travis/.m2/repository/com/google/guava/listenablefuture/9999.0-empty-to-avoid-conflict-with-guava/listenablefuture-9999.0-empty-to-avoid-conflict-with-guava.jar:/home/travis/.m2/repository/com/google/code/findbugs/jsr305/3.0.2/jsr305-3.0.2.jar:/home/travis/.m2/repository/org/checkerframework/checker-qual/2.11.1/checker-qual-2.11.1.jar:/home/travis/.m2/repository/com/google/errorprone/error_prone_annotations/2.3.4/error_prone_annotations-2.3.4.jar:/home/travis/.m2/repository/com/google/j2objc/j2objc-annotations/1.3/j2objc-annotations-1.3.jar:/home/travis/.m2/repository/ch/qos/logback/logback-classic/1.2.3/logback-classic-1.2.3.jar:/home/travis/.m2/repository/ch/qos/logback/logback-core/1.2.3/logback-core-1.2.3.jar:/home/travis/.m2/repository/com/mysema/querydsl/querydsl-core/3.6.9/querydsl-core-3.6.9.jar:/home/travis/.m2/repository/org/apache/maven/shared/maven-invoker/3.0.1/maven-invoker-3.0.1.jar:/home/travis/.m2/repository/org/apache/maven/shared/maven-shared-utils/3.2.1/maven-shared-utils-3.2.1.jar:/home/travis/.m2/repository/org/codehaus/plexus/plexus-component-annotations/1.7.1/plexus-component-annotations-1.7.1.jar:/home/travis/.m2/repository/javax/validation/validation-api/2.0.1.Final/validation-api-2.0.1.Final.jar:/home/travis/.m2/repository/com/google/code/gson/gson/2.8.6/gson-2.8.6.jar:/home/travis/.m2/repository/org/junit/vintage/junit-vintage-engine/5.6.2/junit-vintage-engine-5.6.2.jar:/home/travis/.m2/repository/org/apiguardian/apiguardian-api/1.1.0/apiguardian-api-1.1.0.jar:/home/travis/.m2/repository/org/junit/platform/junit-platform-engine/1.6.2/junit-platform-engine-1.6.2.jar:/home/travis/.m2/repository/org/opentest4j/opentest4j/1.2.0/opentest4j-1.2.0.jar:/home/travis/.m2/repository/org/junit/platform/junit-platform-commons/1.6.2/junit-platform-commons-1.6.2.jar:/home/travis/.m2/repository/junit/junit/4.13/junit-4.13.jar:/home/travis/.m2/repository/org/hamcrest/hamcrest-core/1.3/hamcrest-core-1.3.jar:/home/travis/.m2/repository/org/mockito/mockito-core/3.4.6/mockito-core-3.4.6.jar:/home/travis/.m2/repository/net/bytebuddy/byte-buddy/1.10.13/byte-buddy-1.10.13.jar:/home/travis/.m2/repository/net/bytebuddy/byte-buddy-agent/1.10.13/byte-buddy-agent-1.10.13.jar:/home/travis/.m2/repository/org/objenesis/objenesis/2.6/objenesis-2.6.jar:/home/travis/.m2/repository/org/junit/jupiter/junit-jupiter-engine/5.6.2/junit-jupiter-engine-5.6.2.jar:/home/travis/.m2/repository/org/junit/jupiter/junit-jupiter-api/5.6.2/junit-jupiter-api-5.6.2.jar:/home/travis/.m2/repository/com/github/stefanbirkner/system-rules/1.19.0/system-rules-1.19.0.jar:"/>
    <property name="sun.cpu.endian" value="little"/>
    <property name="user.home" value="/home/travis"/>
    <property name="user.language" value="en"/>
    <property name="java.specification.vendor" value="Oracle Corporation"/>
    <property name="java.home" value="/usr/lib/jvm/java-8-openjdk-amd64/jre"/>
    <property name="basedir" value="/home/travis/build/SpoonLabs/spoon-ci-external/spoon"/>
    <property name="file.separator" value="/"/>
    <property name="line.separator" value="&#10;"/>
    <property name="java.vm.specification.vendor" value="Oracle Corporation"/>
    <property name="java.specification.name" value="Java Platform API Specification"/>
    <property name="java.awt.graphicsenv" value="sun.awt.X11GraphicsEnvironment"/>
    <property name="sun.boot.class.path" value="/usr/lib/jvm/java-8-openjdk-amd64/jre/lib/resources.jar:/usr/lib/jvm/java-8-openjdk-amd64/jre/lib/rt.jar:/usr/lib/jvm/java-8-openjdk-amd64/jre/lib/sunrsasign.jar:/usr/lib/jvm/java-8-openjdk-amd64/jre/lib/jsse.jar:/usr/lib/jvm/java-8-openjdk-amd64/jre/lib/jce.jar:/usr/lib/jvm/java-8-openjdk-amd64/jre/lib/charsets.jar:/usr/lib/jvm/java-8-openjdk-amd64/jre/lib/jfr.jar:/usr/lib/jvm/java-8-openjdk-amd64/jre/classes"/>
    <property name="sun.management.compiler" value="HotSpot 64-Bit Tiered Compilers"/>
    <property name="java.runtime.version" value="1.8.0_252-8u252-b09-1~16.04-b09"/>
    <property name="user.name" value="travis"/>
    <property name="path.separator" value=":"/>
    <property name="os.version" value="4.15.0-1077-gcp"/>
    <property name="java.endorsed.dirs" value="/usr/lib/jvm/java-8-openjdk-amd64/jre/lib/endorsed"/>
    <property name="java.runtime.name" value="OpenJDK Runtime Environment"/>
    <property name="file.encoding" value="UTF-8"/>
    <property name="java.vm.name" value="OpenJDK 64-Bit Server VM"/>
    <property name="spoon.metamodel.MetamodelProperty-noRoleHandler" value="false"/>
    <property name="localRepository" value="/home/travis/.m2/repository"/>
    <property name="java.vendor.url.bug" value="http://bugreport.sun.com/bugreport/"/>
    <property name="java.io.tmpdir" value="/tmp"/>
    <property name="java.version" value="1.8.0_252"/>
    <property name="user.dir" value="/home/travis/build/SpoonLabs/spoon-ci-external/spoon"/>
    <property name="os.arch" value="amd64"/>
    <property name="java.vm.specification.name" value="Java Virtual Machine Specification"/>
    <property name="java.awt.printerjob" value="sun.print.PSPrinterJob"/>
    <property name="sun.os.patch.level" value="unknown"/>
    <property name="java.library.path" value="/usr/java/packages/lib/amd64:/usr/lib/x86_64-linux-gnu/jni:/lib/x86_64-linux-gnu:/usr/lib/x86_64-linux-gnu:/usr/lib/jni:/lib:/usr/lib"/>
    <property name="java.vm.info" value="mixed mode"/>
    <property name="java.vendor" value="Private Build"/>
    <property name="java.vm.version" value="25.252-b09"/>
    <property name="java.ext.dirs" value="/usr/lib/jvm/java-8-openjdk-amd64/jre/lib/ext:/usr/java/packages/lib/ext"/>
    <property name="sun.io.unicode.encoding" value="UnicodeLittle"/>
    <property name="java.class.version" value="52.0"/>
  </properties>
  <testcase name="testBoundQuery" classname="spoon.test.filters.FilterTest" time="0.072">
    <system-out><![CDATA[17:59:10.697 [main] INFO spoon.Launcher - Running in NOCLASSPATH mode (doc: http://spoon.gforge.inria.fr/launcher.html).
17:59:10.767 [main] INFO spoon.Launcher - Running in NOCLASSPATH mode (doc: http://spoon.gforge.inria.fr/launcher.html).
]]></system-out>
  </testcase>
  <testcase name="testFilterContains" classname="spoon.test.filters.FilterTest" time="0.148">
    <system-out><![CDATA[17:59:10.768 [main] INFO spoon.Launcher - Running in NOCLASSPATH mode (doc: http://spoon.gforge.inria.fr/launcher.html).
17:59:10.832 [main] INFO spoon.Launcher - Running in NOCLASSPATH mode (doc: http://spoon.gforge.inria.fr/launcher.html).
]]></system-out>
  </testcase>
  <testcase name="testParentFunction" classname="spoon.test.filters.FilterTest" time="0.119">
    <system-out><![CDATA[17:59:10.916 [main] INFO spoon.Launcher - Running in NOCLASSPATH mode (doc: http://spoon.gforge.inria.fr/launcher.html).
17:59:10.961 [main] INFO spoon.Launcher - Running in NOCLASSPATH mode (doc: http://spoon.gforge.inria.fr/launcher.html).
17:59:10.965 [main] INFO spoon.Launcher - Running in NOCLASSPATH mode (doc: http://spoon.gforge.inria.fr/launcher.html).
]]></system-out>
  </testcase>
  <testcase name="testOverridingMethodFromSubClassOfInterface" classname="spoon.test.filters.FilterTest" time="0.122">
    <system-out><![CDATA[17:59:11.035 [main] INFO spoon.Launcher - Running in NOCLASSPATH mode (doc: http://spoon.gforge.inria.fr/launcher.html).
17:59:11.082 [main] INFO spoon.Launcher - Running in NOCLASSPATH mode (doc: http://spoon.gforge.inria.fr/launcher.html).
17:59:11.082 [main] INFO spoon.Launcher - Running in NOCLASSPATH mode (doc: http://spoon.gforge.inria.fr/launcher.html).
]]></system-out>
  </testcase>
  <testcase name="testEmptyQuery" classname="spoon.test.filters.FilterTest" time="0.054">
    <system-out><![CDATA[17:59:11.158 [main] INFO spoon.Launcher - Running in NOCLASSPATH mode (doc: http://spoon.gforge.inria.fr/launcher.html).
17:59:11.204 [main] INFO spoon.Launcher - Running in NOCLASSPATH mode (doc: http://spoon.gforge.inria.fr/launcher.html).
]]></system-out>
  </testcase>
  <testcase name="testFilterChildrenWithoutFilterQueryStep" classname="spoon.test.filters.FilterTest" time="0.151">
    <system-out><![CDATA[17:59:11.211 [main] INFO spoon.Launcher - Running in NOCLASSPATH mode (doc: http://spoon.gforge.inria.fr/launcher.html).
17:59:11.289 [main] INFO spoon.Launcher - Running in NOCLASSPATH mode (doc: http://spoon.gforge.inria.fr/launcher.html).
17:59:11.290 [main] INFO spoon.Launcher - Running in NOCLASSPATH mode (doc: http://spoon.gforge.inria.fr/launcher.html).
]]></system-out>
  </testcase>
  <testcase name="testQueryBuilderWithFilterChain" classname="spoon.test.filters.FilterTest" time="0.18">
    <system-out><![CDATA[17:59:11.362 [main] INFO spoon.Launcher - Running in NOCLASSPATH mode (doc: http://spoon.gforge.inria.fr/launcher.html).
17:59:11.422 [main] INFO spoon.Launcher - Running in NOCLASSPATH mode (doc: http://spoon.gforge.inria.fr/launcher.html).
17:59:11.423 [main] INFO spoon.Launcher - Running in NOCLASSPATH mode (doc: http://spoon.gforge.inria.fr/launcher.html).
]]></system-out>
  </testcase>
  <testcase name="testReuseOfQuery" classname="spoon.test.filters.FilterTest" time="0.114">
    <system-out><![CDATA[17:59:11.543 [main] INFO spoon.Launcher - Running in NOCLASSPATH mode (doc: http://spoon.gforge.inria.fr/launcher.html).
17:59:11.595 [main] INFO spoon.Launcher - Running in NOCLASSPATH mode (doc: http://spoon.gforge.inria.fr/launcher.html).
17:59:11.595 [main] INFO spoon.Launcher - Running in NOCLASSPATH mode (doc: http://spoon.gforge.inria.fr/launcher.html).
]]></system-out>
  </testcase>
  <testcase name="testgetTopDefinitions" classname="spoon.test.filters.FilterTest" time="0.117">
    <system-out><![CDATA[17:59:11.658 [main] INFO spoon.Launcher - Running in NOCLASSPATH mode (doc: http://spoon.gforge.inria.fr/launcher.html).
17:59:11.709 [main] INFO spoon.Launcher - Running in NOCLASSPATH mode (doc: http://spoon.gforge.inria.fr/launcher.html).
17:59:11.710 [main] INFO spoon.Launcher - Running in NOCLASSPATH mode (doc: http://spoon.gforge.inria.fr/launcher.html).
]]></system-out>
  </testcase>
  <testcase name="testLineFilter" classname="spoon.test.filters.FilterTest" time="0.097">
    <system-out><![CDATA[17:59:11.775 [main] INFO spoon.Launcher - Running in NOCLASSPATH mode (doc: http://spoon.gforge.inria.fr/launcher.html).
17:59:11.828 [main] INFO spoon.Launcher - Running in NOCLASSPATH mode (doc: http://spoon.gforge.inria.fr/launcher.html).
]]></system-out>
  </testcase>
  <testcase name="testFilters" classname="spoon.test.filters.FilterTest" time="0.065">
    <system-out><![CDATA[17:59:11.873 [main] INFO spoon.Launcher - Running in NOCLASSPATH mode (doc: http://spoon.gforge.inria.fr/launcher.html).
]]></system-out>
  </testcase>
  <testcase name="testElementMapFunctionNull" classname="spoon.test.filters.FilterTest" time="0.046">
    <system-out><![CDATA[17:59:11.938 [main] INFO spoon.Launcher - Running in NOCLASSPATH mode (doc: http://spoon.gforge.inria.fr/launcher.html).
17:59:11.983 [main] INFO spoon.Launcher - Running in NOCLASSPATH mode (doc: http://spoon.gforge.inria.fr/launcher.html).
]]></system-out>
  </testcase>
  <testcase name="testClassCastExceptionOnForEach" classname="spoon.test.filters.FilterTest" time="0.121">
    <system-out><![CDATA[17:59:11.992 [main] INFO spoon.Launcher - Running in NOCLASSPATH mode (doc: http://spoon.gforge.inria.fr/launcher.html).
17:59:12.039 [main] INFO spoon.Launcher - Running in NOCLASSPATH mode (doc: http://spoon.gforge.inria.fr/launcher.html).
17:59:12.040 [main] INFO spoon.Launcher - Running in NOCLASSPATH mode (doc: http://spoon.gforge.inria.fr/launcher.html).
]]></system-out>
  </testcase>
  <testcase name="testReturnOrThrowFilter" classname="spoon.test.filters.FilterTest" time="0.046">
    <system-out><![CDATA[17:59:12.116 [main] INFO spoon.Launcher - Running in NOCLASSPATH mode (doc: http://spoon.gforge.inria.fr/launcher.html).
]]></system-out>
  </testcase>
  <testcase name="testCtScannerListener" classname="spoon.test.filters.FilterTest" time="0.104">
    <system-out><![CDATA[17:59:12.165 [main] INFO spoon.Launcher - Running in NOCLASSPATH mode (doc: http://spoon.gforge.inria.fr/launcher.html).
17:59:12.207 [main] INFO spoon.Launcher - Running in NOCLASSPATH mode (doc: http://spoon.gforge.inria.fr/launcher.html).
17:59:12.207 [main] INFO spoon.Launcher - Running in NOCLASSPATH mode (doc: http://spoon.gforge.inria.fr/launcher.html).
]]></system-out>
  </testcase>
  <testcase name="testInvocationFilterWithExecutableInLibrary" classname="spoon.test.filters.FilterTest" time="0.127">
    <system-out><![CDATA[17:59:12.280 [main] INFO spoon.Launcher - Running in NOCLASSPATH mode (doc: http://spoon.gforge.inria.fr/launcher.html).
17:59:12.325 [main] INFO spoon.Launcher - Running in NOCLASSPATH mode (doc: http://spoon.gforge.inria.fr/launcher.html).
17:59:12.327 [main] INFO spoon.Launcher - Running in NOCLASSPATH mode (doc: http://spoon.gforge.inria.fr/launcher.html).
]]></system-out>
  </testcase>
  <testcase name="testReflectionBasedTypeFilter" classname="spoon.test.filters.FilterTest" time="0.104">
    <system-out><![CDATA[17:59:12.412 [main] INFO spoon.Launcher - Running in NOCLASSPATH mode (doc: http://spoon.gforge.inria.fr/launcher.html).
17:59:12.455 [main] INFO spoon.Launcher - Running in NOCLASSPATH mode (doc: http://spoon.gforge.inria.fr/launcher.html).
17:59:12.455 [main] INFO spoon.Launcher - Running in NOCLASSPATH mode (doc: http://spoon.gforge.inria.fr/launcher.html).
]]></system-out>
  </testcase>
  <testcase name="testOverridingMethodFromAbstractClass" classname="spoon.test.filters.FilterTest" time="0.109">
    <system-out><![CDATA[17:59:12.528 [main] INFO spoon.Launcher - Running in NOCLASSPATH mode (doc: http://spoon.gforge.inria.fr/launcher.html).
17:59:12.569 [main] INFO spoon.Launcher - Running in NOCLASSPATH mode (doc: http://spoon.gforge.inria.fr/launcher.html).
17:59:12.569 [main] INFO spoon.Launcher - Running in NOCLASSPATH mode (doc: http://spoon.gforge.inria.fr/launcher.html).
]]></system-out>
  </testcase>
  <testcase name="testOverridingMethodFromSubClassOfAbstractClass" classname="spoon.test.filters.FilterTest" time="0.119">
    <system-out><![CDATA[17:59:12.646 [main] INFO spoon.Launcher - Running in NOCLASSPATH mode (doc: http://spoon.gforge.inria.fr/launcher.html).
17:59:12.689 [main] INFO spoon.Launcher - Running in NOCLASSPATH mode (doc: http://spoon.gforge.inria.fr/launcher.html).
17:59:12.689 [main] INFO spoon.Launcher - Running in NOCLASSPATH mode (doc: http://spoon.gforge.inria.fr/launcher.html).
]]></system-out>
  </testcase>
  <testcase name="testEarlyTerminatingQuery" classname="spoon.test.filters.FilterTest" time="0.109">
    <system-out><![CDATA[17:59:12.775 [main] INFO spoon.Launcher - Running in NOCLASSPATH mode (doc: http://spoon.gforge.inria.fr/launcher.html).
17:59:12.823 [main] INFO spoon.Launcher - Running in NOCLASSPATH mode (doc: http://spoon.gforge.inria.fr/launcher.html).
17:59:12.823 [main] INFO spoon.Launcher - Running in NOCLASSPATH mode (doc: http://spoon.gforge.inria.fr/launcher.html).
]]></system-out>
  </testcase>
  <testcase name="testSubInheritanceHierarchyResolver" classname="spoon.test.filters.FilterTest" time="0.108">
    <system-out><![CDATA[17:59:12.891 [main] INFO spoon.Launcher - Running in NOCLASSPATH mode (doc: http://spoon.gforge.inria.fr/launcher.html).
17:59:12.933 [main] INFO spoon.Launcher - Running in NOCLASSPATH mode (doc: http://spoon.gforge.inria.fr/launcher.html).
17:59:12.933 [main] INFO spoon.Launcher - Running in NOCLASSPATH mode (doc: http://spoon.gforge.inria.fr/launcher.html).
]]></system-out>
  </testcase>
  <testcase name="intersectionOfTwoFilters" classname="spoon.test.filters.FilterTest" time="0.097">
    <system-out><![CDATA[17:59:13.008 [main] INFO spoon.Launcher - Running in NOCLASSPATH mode (doc: http://spoon.gforge.inria.fr/launcher.html).
17:59:13.055 [main] INFO spoon.Launcher - Running in NOCLASSPATH mode (doc: http://spoon.gforge.inria.fr/launcher.html).
]]></system-out>
  </testcase>
  <testcase name="testAnnotationFilter" classname="spoon.test.filters.FilterTest" time="0.046">
    <system-out><![CDATA[17:59:13.111 [main] INFO spoon.Launcher - Running in NOCLASSPATH mode (doc: http://spoon.gforge.inria.fr/launcher.html).
]]></system-out>
  </testcase>
  <testcase name="testQueryInQuery" classname="spoon.test.filters.FilterTest" time="0.102">
    <system-out><![CDATA[17:59:13.161 [main] INFO spoon.Launcher - Running in NOCLASSPATH mode (doc: http://spoon.gforge.inria.fr/launcher.html).
17:59:13.202 [main] INFO spoon.Launcher - Running in NOCLASSPATH mode (doc: http://spoon.gforge.inria.fr/launcher.html).
17:59:13.203 [main] INFO spoon.Launcher - Running in NOCLASSPATH mode (doc: http://spoon.gforge.inria.fr/launcher.html).
]]></system-out>
  </testcase>
  <testcase name="filteredElementsAreOfTheCorrectType" classname="spoon.test.filters.FilterTest" time="0.085">
    <system-out><![CDATA[17:59:13.271 [main] INFO spoon.Launcher - Running in NOCLASSPATH mode (doc: http://spoon.gforge.inria.fr/launcher.html).
17:59:13.313 [main] INFO spoon.Launcher - Running in NOCLASSPATH mode (doc: http://spoon.gforge.inria.fr/launcher.html).
]]></system-out>
  </testcase>
  <testcase name="testOverriddenMethodFromAbstractClass" classname="spoon.test.filters.FilterTest" time="0.122">
    <system-out><![CDATA[17:59:13.361 [main] INFO spoon.Launcher - Running in NOCLASSPATH mode (doc: http://spoon.gforge.inria.fr/launcher.html).
17:59:13.404 [main] INFO spoon.Launcher - Running in NOCLASSPATH mode (doc: http://spoon.gforge.inria.fr/launcher.html).
17:59:13.404 [main] INFO spoon.Launcher - Running in NOCLASSPATH mode (doc: http://spoon.gforge.inria.fr/launcher.html).
]]></system-out>
  </testcase>
  <testcase name="testInvalidQueryStepFailurePolicyIgnore" classname="spoon.test.filters.FilterTest" time="0.105">
    <system-out><![CDATA[17:59:13.490 [main] INFO spoon.Launcher - Running in NOCLASSPATH mode (doc: http://spoon.gforge.inria.fr/launcher.html).
17:59:13.534 [main] INFO spoon.Launcher - Running in NOCLASSPATH mode (doc: http://spoon.gforge.inria.fr/launcher.html).
17:59:13.534 [main] INFO spoon.Launcher - Running in NOCLASSPATH mode (doc: http://spoon.gforge.inria.fr/launcher.html).
]]></system-out>
  </testcase>
  <testcase name="testElementMapFunction" classname="spoon.test.filters.FilterTest" time="0.102">
    <system-out><![CDATA[17:59:13.602 [main] INFO spoon.Launcher - Running in NOCLASSPATH mode (doc: http://spoon.gforge.inria.fr/launcher.html).
17:59:13.645 [main] INFO spoon.Launcher - Running in NOCLASSPATH mode (doc: http://spoon.gforge.inria.fr/launcher.html).
17:59:13.646 [main] INFO spoon.Launcher - Running in NOCLASSPATH mode (doc: http://spoon.gforge.inria.fr/launcher.html).
]]></system-out>
  </testcase>
  <testcase name="unionOfTwoFilters" classname="spoon.test.filters.FilterTest" time="0.087">
    <system-out><![CDATA[17:59:13.712 [main] INFO spoon.Launcher - Running in NOCLASSPATH mode (doc: http://spoon.gforge.inria.fr/launcher.html).
17:59:13.755 [main] INFO spoon.Launcher - Running in NOCLASSPATH mode (doc: http://spoon.gforge.inria.fr/launcher.html).
]]></system-out>
  </testcase>
  <testcase name="testFilterQueryStep" classname="spoon.test.filters.FilterTest" time="0.102">
    <system-out><![CDATA[17:59:13.805 [main] INFO spoon.Launcher - Running in NOCLASSPATH mode (doc: http://spoon.gforge.inria.fr/launcher.html).
17:59:13.849 [main] INFO spoon.Launcher - Running in NOCLASSPATH mode (doc: http://spoon.gforge.inria.fr/launcher.html).
17:59:13.850 [main] INFO spoon.Launcher - Running in NOCLASSPATH mode (doc: http://spoon.gforge.inria.fr/launcher.html).
]]></system-out>
  </testcase>
  <testcase name="classCastExceptionIsNotThrown" classname="spoon.test.filters.FilterTest" time="0.088">
    <system-out><![CDATA[17:59:13.916 [main] INFO spoon.Launcher - Running in NOCLASSPATH mode (doc: http://spoon.gforge.inria.fr/launcher.html).
17:59:13.958 [main] INFO spoon.Launcher - Running in NOCLASSPATH mode (doc: http://spoon.gforge.inria.fr/launcher.html).
]]></system-out>
  </testcase>
  <testcase name="testSubTypeFilter" classname="spoon.test.filters.FilterTest" time="0.106">
    <system-out><![CDATA[17:59:14.010 [main] INFO spoon.Launcher - Running in NOCLASSPATH mode (doc: http://spoon.gforge.inria.fr/launcher.html).
17:59:14.052 [main] INFO spoon.Launcher - Running in NOCLASSPATH mode (doc: http://spoon.gforge.inria.fr/launcher.html).
]]></system-out>
  </testcase>
  <testcase name="testInvalidQueryStep" classname="spoon.test.filters.FilterTest" time="0.103">
    <system-out><![CDATA[17:59:14.122 [main] INFO spoon.Launcher - Running in NOCLASSPATH mode (doc: http://spoon.gforge.inria.fr/launcher.html).
17:59:14.165 [main] INFO spoon.Launcher - Running in NOCLASSPATH mode (doc: http://spoon.gforge.inria.fr/launcher.html).
17:59:14.165 [main] INFO spoon.Launcher - Running in NOCLASSPATH mode (doc: http://spoon.gforge.inria.fr/launcher.html).
]]></system-out>
  </testcase>
  <testcase name="testElementMapConsumableFunction" classname="spoon.test.filters.FilterTest" time="0.103">
    <system-out><![CDATA[17:59:14.232 [main] INFO spoon.Launcher - Running in NOCLASSPATH mode (doc: http://spoon.gforge.inria.fr/launcher.html).
17:59:14.275 [main] INFO spoon.Launcher - Running in NOCLASSPATH mode (doc: http://spoon.gforge.inria.fr/launcher.html).
17:59:14.275 [main] INFO spoon.Launcher - Running in NOCLASSPATH mode (doc: http://spoon.gforge.inria.fr/launcher.html).
]]></system-out>
  </testcase>
  <testcase name="testOverriddenMethodFromSubClassOfInterface" classname="spoon.test.filters.FilterTest" time="0.108">
    <system-out><![CDATA[17:59:14.343 [main] INFO spoon.Launcher - Running in NOCLASSPATH mode (doc: http://spoon.gforge.inria.fr/launcher.html).
17:59:14.387 [main] INFO spoon.Launcher - Running in NOCLASSPATH mode (doc: http://spoon.gforge.inria.fr/launcher.html).
17:59:14.387 [main] INFO spoon.Launcher - Running in NOCLASSPATH mode (doc: http://spoon.gforge.inria.fr/launcher.html).
]]></system-out>
  </testcase>
  <testcase name="testOverridingMethodFromInterface" classname="spoon.test.filters.FilterTest" time="0.141">
    <system-out><![CDATA[17:59:14.452 [main] INFO spoon.Launcher - Running in NOCLASSPATH mode (doc: http://spoon.gforge.inria.fr/launcher.html).
17:59:14.512 [main] INFO spoon.Launcher - Running in NOCLASSPATH mode (doc: http://spoon.gforge.inria.fr/launcher.html).
17:59:14.513 [main] INFO spoon.Launcher - Running in NOCLASSPATH mode (doc: http://spoon.gforge.inria.fr/launcher.html).
]]></system-out>
  </testcase>
  <testcase name="testElementMapFunctionOtherContracts" classname="spoon.test.filters.FilterTest" time="0.048">
    <system-out><![CDATA[17:59:14.601 [main] INFO spoon.Launcher - Running in NOCLASSPATH mode (doc: http://spoon.gforge.inria.fr/launcher.html).
17:59:14.647 [main] INFO spoon.Launcher - Running in NOCLASSPATH mode (doc: http://spoon.gforge.inria.fr/launcher.html).
]]></system-out>
  </testcase>
  <testcase name="testNameFilterWithGenericType" classname="spoon.test.filters.FilterTest" time="0.089">
    <system-out><![CDATA[17:59:14.655 [main] INFO spoon.Launcher - Running in NOCLASSPATH mode (doc: http://spoon.gforge.inria.fr/launcher.html).
17:59:14.699 [main] INFO spoon.Launcher - Running in NOCLASSPATH mode (doc: http://spoon.gforge.inria.fr/launcher.html).
]]></system-out>
  </testcase>
  <testcase name="testReuseOfBaseQuery" classname="spoon.test.filters.FilterTest" time="0.088">
    <system-out><![CDATA[17:59:14.750 [main] INFO spoon.Launcher - Running in NOCLASSPATH mode (doc: http://spoon.gforge.inria.fr/launcher.html).
17:59:14.783 [main] INFO spoon.Launcher - Running in NOCLASSPATH mode (doc: http://spoon.gforge.inria.fr/launcher.html).
17:59:14.783 [main] INFO spoon.Launcher - Running in NOCLASSPATH mode (doc: http://spoon.gforge.inria.fr/launcher.html).
]]></system-out>
  </testcase>
  <testcase name="testQueryWithOptionalNumberOfInputs" classname="spoon.test.filters.FilterTest" time="0.119">
    <system-out><![CDATA[17:59:14.838 [main] INFO spoon.Launcher - Running in NOCLASSPATH mode (doc: http://spoon.gforge.inria.fr/launcher.html).
17:59:14.893 [main] INFO spoon.Launcher - Running in NOCLASSPATH mode (doc: http://spoon.gforge.inria.fr/launcher.html).
17:59:14.894 [main] INFO spoon.Launcher - Running in NOCLASSPATH mode (doc: http://spoon.gforge.inria.fr/launcher.html).
]]></system-out>
  </testcase>
  <testcase name="testQueryStepScannWithConsumer" classname="spoon.test.filters.FilterTest" time="0.103">
    <system-out><![CDATA[17:59:14.976 [main] INFO spoon.Launcher - Running in NOCLASSPATH mode (doc: http://spoon.gforge.inria.fr/launcher.html).
17:59:15.020 [main] INFO spoon.Launcher - Running in NOCLASSPATH mode (doc: http://spoon.gforge.inria.fr/launcher.html).
17:59:15.020 [main] INFO spoon.Launcher - Running in NOCLASSPATH mode (doc: http://spoon.gforge.inria.fr/launcher.html).
]]></system-out>
  </testcase>
  <testcase name="testFieldAccessFilter" classname="spoon.test.filters.FilterTest" time="0.088">
    <system-out><![CDATA[17:59:15.093 [main] INFO spoon.Launcher - Running in NOCLASSPATH mode (doc: http://spoon.gforge.inria.fr/launcher.html).
17:59:15.136 [main] INFO spoon.Launcher - Running in NOCLASSPATH mode (doc: http://spoon.gforge.inria.fr/launcher.html).
]]></system-out>
  </testcase>
  <testcase name="testOverriddenMethodsFromSubClassOfAbstractClass" classname="spoon.test.filters.FilterTest" time="0.103">
    <system-out><![CDATA[17:59:15.193 [main] INFO spoon.Launcher - Running in NOCLASSPATH mode (doc: http://spoon.gforge.inria.fr/launcher.html).
17:59:15.235 [main] INFO spoon.Launcher - Running in NOCLASSPATH mode (doc: http://spoon.gforge.inria.fr/launcher.html).
17:59:15.236 [main] INFO spoon.Launcher - Running in NOCLASSPATH mode (doc: http://spoon.gforge.inria.fr/launcher.html).
]]></system-out>
  </testcase>
  <testcase name="testFunctionQueryStep" classname="spoon.test.filters.FilterTest" time="0.107">
    <system-out><![CDATA[17:59:15.313 [main] INFO spoon.Launcher - Running in NOCLASSPATH mode (doc: http://spoon.gforge.inria.fr/launcher.html).
17:59:15.357 [main] INFO spoon.Launcher - Running in NOCLASSPATH mode (doc: http://spoon.gforge.inria.fr/launcher.html).
17:59:15.357 [main] INFO spoon.Launcher - Running in NOCLASSPATH mode (doc: http://spoon.gforge.inria.fr/launcher.html).
]]></system-out>
  </testcase>
  <testcase name="testOverriddenMethodFromInterface" classname="spoon.test.filters.FilterTest" time="0.1">
    <system-out><![CDATA[17:59:15.437 [main] INFO spoon.Launcher - Running in NOCLASSPATH mode (doc: http://spoon.gforge.inria.fr/launcher.html).
17:59:15.479 [main] INFO spoon.Launcher - Running in NOCLASSPATH mode (doc: http://spoon.gforge.inria.fr/launcher.html).
17:59:15.479 [main] INFO spoon.Launcher - Running in NOCLASSPATH mode (doc: http://spoon.gforge.inria.fr/launcher.html).
]]></system-out>
  </testcase>
</testsuite>